Log file open, 12/07/14 02:00:13
LogInit:Display: Running engine for game: Trial_third_person
LogInit: Version: 4.5.1-2336687+++depot+UE4-Releases+4.5
LogInit: API Version: 2326478
LogInit: Compiled (64-bit): Oct 21 2014 22:32:40
LogInit: Compiled with Visual C++: 18.00.21005.01
LogInit: Build Configuration: Development
LogInit: Branch Name: ++depot+UE4-Releases+4.5
LogInit: Command line:  
LogInit: Base directory: C:/Program Files/Epic Games/4.5/Engine/Binaries/Win64/
LogInit: Rocket: 1
[2014.12.07-10.00.13:218][  0]LogTaskGraph: Started task graph with 3 named threads and 4 total threads.
[2014.12.07-10.00.13:246][  0]LogOnline:Warning: No default platform service specified for OnlineSubsystem
[2014.12.07-10.00.13:265][  0]LogInit: Presizing for 0 objects not considered by GC, pre-allocating 0 bytes.
[2014.12.07-10.00.13:274][  0]LogInit: Object subsystem initialized
[2014.12.07-10.00.13:278][  0]LogConsoleResponse:Warning: Skipping Unknown console variable: 'UIScaleRule = ShortestSide'
[2014.12.07-10.00.13:278][  0]LogConsoleResponse:Warning:   Found in ini file 'C:/Users/User/Documents/GitHub/Study-Session/Trial_third_person/Saved/Config/Windows/Engine.ini', in section '[/Script/Engine.RendererSettings]'
[2014.12.07-10.00.13:278][  0]LogConsoleResponse:Warning: Skipping Unknown console variable: 'UIScaleCurve = (EditorCurveData=(Keys=((Time=480.000000,Value=0.444000),(Time=720.000000,Value=0.666000),(Time=1080.000000,Value=1.000000),(Time=8640.000000,Value=8.000000))),ExternalCurve=None)'
[2014.12.07-10.00.13:278][  0]LogConsoleResponse:Warning:   Found in ini file 'C:/Users/User/Documents/GitHub/Study-Session/Trial_third_person/Saved/Config/Windows/Engine.ini', in section '[/Script/Engine.RendererSettings]'
[2014.12.07-10.00.13:279][  0]LogInit: Selected Device Profile: [Windows]
[2014.12.07-10.00.13:279][  0]LogInit: Applying CVar settings loaded from the selected device profile: [Windows]
[2014.12.07-10.00.13:286][  0]LogInit: Computer: USER-PC
[2014.12.07-10.00.13:286][  0]LogInit: User: User
[2014.12.07-10.00.13:287][  0]LogInit: CPU Page size=4096, Cores=2
[2014.12.07-10.00.13:287][  0]LogInit: High frequency timer resolution =2.435947 MHz
[2014.12.07-10.00.13:287][  0]LogMemory: Memory total: Physical=7.8GB (8GB approx) Virtual=8192.0GB
[2014.12.07-10.00.13:287][  0]LogMemory: Platform Memory Stats for Windows
[2014.12.07-10.00.13:287][  0]LogMemory: Process Physical Memory: 63.46 MB used, 63.46 MB peak
[2014.12.07-10.00.13:287][  0]LogMemory: Process Virtual Memory: 38.53 MB used, 38.53 MB peak
[2014.12.07-10.00.13:287][  0]LogMemory: Physical Memory: 2757.59 MB used, 7969.14 MB total
[2014.12.07-10.00.13:287][  0]LogMemory: Virtual Memory: 272.46 MB used, 8388608.00 MB total
[2014.12.07-10.00.13:306][  0]LogD3D11RHI: Found D3D11 adapter 0: Intel(R) HD Graphics 3000 (Feature Level 10_0)
[2014.12.07-10.00.13:306][  0]LogD3D11RHI: Adapter has 192MB of dedicated video memory, 0MB of dedicated system memory, and 1568MB of shared system memory, 1 output[s]
[2014.12.07-10.00.13:306][  0]LogD3D11RHI: Chosen D3D11 Adapter Id = 0
[2014.12.07-10.00.13:310][  0]LogRHI: Texture pool is 683 MB (70% of 976 MB)
[2014.12.07-10.00.13:313][  0]LogD3D11RHI: Async texture creation enabled
[2014.12.07-10.00.13:353][  0]LogTextLocalizationManager: The requested culture ('en_US') has no localization data; parent culture's ('en') localization data will be used.
[2014.12.07-10.00.13:499][  0]LogContentStreaming: Texture pool size is 0.000000MB
[2014.12.07-10.00.18:616][  0]LogTargetPlatformManager:Display: Building Assets For Windows
[2014.12.07-10.00.19:054][  0]LogTargetPlatformManager:Display: Building Assets For Windows
[2014.12.07-10.00.19:105][  0]LogDerivedDataCache:Display: Max Cache Size: 512 MB
[2014.12.07-10.00.19:148][  0]LogDerivedDataCache: Loaded boot cache 0.04s 36MB C:/Users/User/AppData/Local/UnrealEngine/4.5/DerivedDataCache/Boot.ddc.
[2014.12.07-10.00.19:148][  0]LogDerivedDataCache:Display: Loaded Boot cache: C:/Users/User/AppData/Local/UnrealEngine/4.5/DerivedDataCache/Boot.ddc
[2014.12.07-10.00.19:148][  0]LogDerivedDataCache: FDerivedDataBackendGraph:  Pak pak cache file ../../../../../../Users/User/Documents/GitHub/Study-Session/Trial_third_person/DerivedDataCache/DDC.ddp not found, will not use a pak cache.
[2014.12.07-10.00.19:148][  0]LogDerivedDataCache: Unable to find inner node Pak for hierarchical cache Hierarchy.
[2014.12.07-10.00.19:221][  0]LogDerivedDataCache:Display: Pak cache opened for reading ../../../Engine/DerivedDataCache/DDC.ddp.
[2014.12.07-10.00.19:233][  0]LogDerivedDataCache: Using Local data cache path C:/Users/User/AppData/Local/UnrealEngine/Common/DerivedDataCache: Writable
[2014.12.07-10.00.19:415][  0]LogMeshUtilities: No automatic mesh reduction module available
[2014.12.07-10.00.19:415][  0]LogMeshUtilities: No automatic mesh merging module available
[2014.12.07-10.00.19:680][  0]LogLinker:Warning: Asset '../../../Engine/Content/Functions/Engine_MaterialFunctions02/Texturing/FlipBook.uasset' has been saved with empty engine version. The asset will be loaded but may be incompatible.
[2014.12.07-10.00.19:683][  0]LogLinker:Warning: Asset '../../../Engine/Content/Functions/Engine_MaterialFunctions02/ExampleContent/Textures/flipbook.uasset' has been saved with empty engine version. The asset will be loaded but may be incompatible.
[2014.12.07-10.00.19:861][  0]LogInit: WinSock: version 1.1 (2.2), MaxSocks=32767, MaxUdp=65467
[2014.12.07-10.00.20:664][  0]UdpMessaging: Initializing bridge on interface 0.0.0.0:0 to multicast group 230.0.0.1:6666.
[2014.12.07-10.00.20:818][  0]LogDirectoryWatcher:Warning: Failed to begin reading directory changes for C:/Users/User/Documents/GitHub/Study-Session/Trial_third_person/Binaries/Win64. Error: 0
[2014.12.07-10.00.20:968][  0]SourceControl: Info Source control is disabled
[2014.12.07-10.00.20:968][  0]SourceControl: Info Source control is disabled
[2014.12.07-10.00.20:975][  0]SourceControl: Info Source control is disabled
[2014.12.07-10.00.21:078][  0]LogObj: 22915 objects as part of root set at end of initial load.
[2014.12.07-10.00.21:078][  0]LogUObjectAllocator: 4803536 out of 0 bytes used by permanent object pool.
[2014.12.07-10.00.21:135][  0]LogEngine: Initializing Engine...
[2014.12.07-10.00.21:264][  0]LogInit: XAudio2 using 'Speakers (Realtek High Definition Audio)' : 2 channels at 48 kHz using 32 bits per sample (channel mask 0x3)
[2014.12.07-10.00.21:339][  0]LogInit: FAudioDevice initialized.
[2014.12.07-10.00.21:358][  0]LogAIModule: Creating AISystem for world NewWorld
[2014.12.07-10.00.21:386][  0]LogDerivedDataCache: Saved boot cache 0.03s 36MB C:/Users/User/AppData/Local/UnrealEngine/4.5/DerivedDataCache/Boot.ddc.
[2014.12.07-10.00.21:392][  0]LogInit: Texture streaming: Enabled
[2014.12.07-10.00.21:432][  0]LogInit: Transaction tracking system initialized
[2014.12.07-10.00.21:519][  0]BlueprintLog: New page: Editor Load
[2014.12.07-10.00.21:547][  0]LogAssetRegistry: FAssetRegistry took 0.0099 seconds to start up
[2014.12.07-10.00.21:547][  0]LogDirectoryWatcher:Warning: Failed to begin reading directory changes for ../../../Engine/Plugins/Experimental/CharacterAI/Content/. Error: 0
[2014.12.07-10.00.22:120][  0]LogTargetPlatformManager:Display: Building Assets For Windows
[2014.12.07-10.00.22:483][  0]LogTargetPlatformManager:Display: Building Assets For Windows
[2014.12.07-10.00.22:712][  0]LogConsoleResponse:Display: 
[2014.12.07-10.00.22:904][  0]SourceControl: Info Source control is disabled
[2014.12.07-10.00.22:904][  0]Cmd: MAP LOAD FILE="../../../../../../Users/User/Documents/GitHub/Study-Session/Trial_third_person/Content/Maps/Example_Map.umap" TEMPLATE=0 SHOWPROGRESS=1
[2014.12.07-10.00.22:905][  0]LightingResults: New page: Lighting Build
[2014.12.07-10.00.22:915][  0]MapCheck: New page: Map Check
[2014.12.07-10.00.22:915][  0]LightingResults: New page: Lighting Build
[2014.12.07-10.00.22:932][  0]LogParticles: Destroying 0 GPU particle simulations for FXSystem 0x00000000143A05E0
[2014.12.07-10.00.23:186][  0]LogEditorServer: Finished looking for orphan Actors (0.000 secs)
[2014.12.07-10.00.23:187][  0]LogAIModule: Creating AISystem for world Example_Map
[2014.12.07-10.00.23:187][  0]Cmd: MAP CHECKDEP
[2014.12.07-10.00.23:187][  0]MapCheck: New page: Example_Map - Dec 6, 2014, 6:00:23 PM
[2014.12.07-10.00.23:304][  0]MapCheck: Info Map check complete: 0 Error(s), 0 Warning(s), took 116.606ms to complete.
[2014.12.07-10.00.23:304][  0]LogFileHelpers: Loading map 'Example_Map' took 0.399
[2014.12.07-10.00.23:384][  0]LogCollectionManager: Loaded 0 collections in 0.000957 seconds
[2014.12.07-10.00.23:497][  0]LogCrashTracker: Crashtracker disabled due to settings.
[2014.12.07-10.00.23:502][  0]LogUObjectGlobals:Warning: Failed to find object 'Class None.'
[2014.12.07-10.00.23:529][  0]LogLoad: Full Startup: 12.54 seconds (BP compile: 0.07 seconds)
[2014.12.07-10.00.23:875][  0]LogContentBrowser:Verbose: The content browser source was changed by the sources view to '/Game/Character'
[2014.12.07-10.00.24:023][  0]LogRenderer:Warning: Reallocating scene render targets to support 688x568.
[2014.12.07-10.00.25:042][  3]LogAssetRegistry: Asset discovery search completed in 3.5056 seconds
[2014.12.07-10.00.47:084][411]LogEditorFactories: Performing atomic reimport of [C:/Users/User/Documents/makehuman/v1/exports/MyMainCharacter.fbx]
[2014.12.07-10.00.47:149][411]LogFbx: Loading FBX Scene from C:/Users/User/Documents/makehuman/v1/exports/MyMainCharacter.fbx
[2014.12.07-10.00.47:295][411]LogFbx: FBX Scene Loaded Succesfully
[2014.12.07-10.00.47:297][411]LogFbx: =================================================
[2014.12.07-10.00.47:297][411]LogFbx: Dumping Node START [male1591Mesh] 
[2014.12.07-10.00.47:297][411]LogFbx: 	Total Deformer Count 333932688.
[2014.12.07-10.00.47:297][411]LogFbx: 	Attribute (male1591) Type (4).
[2014.12.07-10.00.47:297][411]LogFbx: 		[Node Attribute Child 1] male1591Mesh (Type Mesh).
[2014.12.07-10.00.47:297][411]LogFbx: Dumping Node END [male1591Mesh]
[2014.12.07-10.00.47:297][411]LogFbx: =================================================
[2014.12.07-10.00.47:297][411]LogFbx: Dumping Node START [mhair02Mesh] 
[2014.12.07-10.00.47:297][411]LogFbx: 	Total Deformer Count 691750848.
[2014.12.07-10.00.47:297][411]LogFbx: 	Attribute (mhair02) Type (4).
[2014.12.07-10.00.47:297][411]LogFbx: 		[Node Attribute Child 1] mhair02Mesh (Type Mesh).
[2014.12.07-10.00.47:297][411]LogFbx: Dumping Node END [mhair02Mesh]
[2014.12.07-10.00.47:297][411]LogFbx: =================================================
[2014.12.07-10.00.47:298][411]LogFbx: Dumping Node START [low-polyMesh] 
[2014.12.07-10.00.47:298][411]LogFbx: 	Total Deformer Count 333932688.
[2014.12.07-10.00.47:298][411]LogFbx: 	Attribute (low-poly) Type (4).
[2014.12.07-10.00.47:298][411]LogFbx: 		[Node Attribute Child 1] low-polyMesh (Type Mesh).
[2014.12.07-10.00.47:298][411]LogFbx: Dumping Node END [low-polyMesh]
[2014.12.07-10.00.47:298][411]LogFbx: =================================================
[2014.12.07-10.00.47:298][411]LogFbx: Dumping Node START [eyebrow007Mesh] 
[2014.12.07-10.00.47:298][411]LogFbx: 	Total Deformer Count 333932688.
[2014.12.07-10.00.47:298][411]LogFbx: 	Attribute (eyebrow007) Type (4).
[2014.12.07-10.00.47:298][411]LogFbx: 		[Node Attribute Child 1] eyebrow007Mesh (Type Mesh).
[2014.12.07-10.00.47:298][411]LogFbx: Dumping Node END [eyebrow007Mesh]
[2014.12.07-10.00.47:298][411]LogFbx: =================================================
[2014.12.07-10.00.47:298][411]LogFbx: Dumping Node START [eyelashes01Mesh] 
[2014.12.07-10.00.47:298][411]LogFbx: 	Total Deformer Count 333932688.
[2014.12.07-10.00.47:298][411]LogFbx: 	Attribute (eyelashes01) Type (4).
[2014.12.07-10.00.47:298][411]LogFbx: 		[Node Attribute Child 1] eyelashes01Mesh (Type Mesh).
[2014.12.07-10.00.47:298][411]LogFbx: Dumping Node END [eyelashes01Mesh]
[2014.12.07-10.00.47:298][411]LogFbx: =================================================
[2014.12.07-10.00.47:298][411]LogFbx: Dumping Node START [teeth_baseMesh] 
[2014.12.07-10.00.47:298][411]LogFbx: 	Total Deformer Count 333932688.
[2014.12.07-10.00.47:298][411]LogFbx: 	Attribute (teeth_base) Type (4).
[2014.12.07-10.00.47:298][411]LogFbx: 		[Node Attribute Child 1] teeth_baseMesh (Type Mesh).
[2014.12.07-10.00.47:298][411]LogFbx: Dumping Node END [teeth_baseMesh]
[2014.12.07-10.00.47:298][411]LogFbx: =================================================
[2014.12.07-10.00.47:298][411]LogFbx: Dumping Node START [tongue01Mesh] 
[2014.12.07-10.00.47:298][411]LogFbx: 	Total Deformer Count 333932688.
[2014.12.07-10.00.47:298][411]LogFbx: 	Attribute (tongue01) Type (4).
[2014.12.07-10.00.47:298][411]LogFbx: 		[Node Attribute Child 1] tongue01Mesh (Type Mesh).
[2014.12.07-10.00.47:298][411]LogFbx: Dumping Node END [tongue01Mesh]
[2014.12.07-10.00.47:298][411]LogFbx: =================================================
[2014.12.07-10.00.47:298][411]LogFbx: Dumping Node START [jeans01Mesh] 
[2014.12.07-10.00.47:298][411]LogFbx: 	Total Deformer Count 691750848.
[2014.12.07-10.00.47:298][411]LogFbx: 	Attribute (jeans01) Type (4).
[2014.12.07-10.00.47:298][411]LogFbx: 		[Node Attribute Child 1] jeans01Mesh (Type Mesh).
[2014.12.07-10.00.47:298][411]LogFbx: Dumping Node END [jeans01Mesh]
[2014.12.07-10.00.47:298][411]LogFbx: =================================================
[2014.12.07-10.00.47:298][411]LogFbx: Dumping Node START [shoes02Mesh] 
[2014.12.07-10.00.47:298][411]LogFbx: 	Total Deformer Count 691750848.
[2014.12.07-10.00.47:298][411]LogFbx: 	Attribute (shoes02) Type (4).
[2014.12.07-10.00.47:298][411]LogFbx: 		[Node Attribute Child 1] shoes02Mesh (Type Mesh).
[2014.12.07-10.00.47:298][411]LogFbx: Dumping Node END [shoes02Mesh]
[2014.12.07-10.00.47:298][411]LogFbx: =================================================
[2014.12.07-10.00.47:298][411]LogFbx: Dumping Node START [tshirt02Mesh] 
[2014.12.07-10.00.47:298][411]LogFbx: 	Total Deformer Count 333932688.
[2014.12.07-10.00.47:298][411]LogFbx: 	Attribute (tshirt02) Type (4).
[2014.12.07-10.00.47:298][411]LogFbx: 		[Node Attribute Child 1] tshirt02Mesh (Type Mesh).
[2014.12.07-10.00.47:298][411]LogFbx: Dumping Node END [tshirt02Mesh]
[2014.12.07-10.00.47:298][411]LogFbx: =================================================
[2014.12.07-10.00.47:298][411]LogFbx: Dumping Node START [male1591Mesh] 
[2014.12.07-10.00.47:298][411]LogFbx: 	Total Deformer Count 333932688.
[2014.12.07-10.00.47:298][411]LogFbx: 	Attribute (male1591) Type (4).
[2014.12.07-10.00.47:298][411]LogFbx: 		[Node Attribute Child 1] male1591Mesh (Type Mesh).
[2014.12.07-10.00.47:298][411]LogFbx: Dumping Node END [male1591Mesh]
[2014.12.07-10.00.47:298][411]LogFbx: =================================================
[2014.12.07-10.00.47:298][411]LogFbx: Dumping Node START [mhair02Mesh] 
[2014.12.07-10.00.47:298][411]LogFbx: 	Total Deformer Count 691750848.
[2014.12.07-10.00.47:298][411]LogFbx: 	Attribute (mhair02) Type (4).
[2014.12.07-10.00.47:298][411]LogFbx: 		[Node Attribute Child 1] mhair02Mesh (Type Mesh).
[2014.12.07-10.00.47:298][411]LogFbx: Dumping Node END [mhair02Mesh]
[2014.12.07-10.00.47:298][411]LogFbx: =================================================
[2014.12.07-10.00.47:298][411]LogFbx: Dumping Node START [low-polyMesh] 
[2014.12.07-10.00.47:298][411]LogFbx: 	Total Deformer Count 333932688.
[2014.12.07-10.00.47:298][411]LogFbx: 	Attribute (low-poly) Type (4).
[2014.12.07-10.00.47:298][411]LogFbx: 		[Node Attribute Child 1] low-polyMesh (Type Mesh).
[2014.12.07-10.00.47:298][411]LogFbx: Dumping Node END [low-polyMesh]
[2014.12.07-10.00.47:298][411]LogFbx: =================================================
[2014.12.07-10.00.47:298][411]LogFbx: Dumping Node START [eyebrow007Mesh] 
[2014.12.07-10.00.47:298][411]LogFbx: 	Total Deformer Count 333932688.
[2014.12.07-10.00.47:298][411]LogFbx: 	Attribute (eyebrow007) Type (4).
[2014.12.07-10.00.47:298][411]LogFbx: 		[Node Attribute Child 1] eyebrow007Mesh (Type Mesh).
[2014.12.07-10.00.47:298][411]LogFbx: Dumping Node END [eyebrow007Mesh]
[2014.12.07-10.00.47:298][411]LogFbx: =================================================
[2014.12.07-10.00.47:298][411]LogFbx: Dumping Node START [eyelashes01Mesh] 
[2014.12.07-10.00.47:298][411]LogFbx: 	Total Deformer Count 333932688.
[2014.12.07-10.00.47:298][411]LogFbx: 	Attribute (eyelashes01) Type (4).
[2014.12.07-10.00.47:298][411]LogFbx: 		[Node Attribute Child 1] eyelashes01Mesh (Type Mesh).
[2014.12.07-10.00.47:298][411]LogFbx: Dumping Node END [eyelashes01Mesh]
[2014.12.07-10.00.47:298][411]LogFbx: =================================================
[2014.12.07-10.00.47:298][411]LogFbx: Dumping Node START [teeth_baseMesh] 
[2014.12.07-10.00.47:298][411]LogFbx: 	Total Deformer Count 333932688.
[2014.12.07-10.00.47:298][411]LogFbx: 	Attribute (teeth_base) Type (4).
[2014.12.07-10.00.47:298][411]LogFbx: 		[Node Attribute Child 1] teeth_baseMesh (Type Mesh).
[2014.12.07-10.00.47:298][411]LogFbx: Dumping Node END [teeth_baseMesh]
[2014.12.07-10.00.47:298][411]LogFbx: =================================================
[2014.12.07-10.00.47:298][411]LogFbx: Dumping Node START [tongue01Mesh] 
[2014.12.07-10.00.47:298][411]LogFbx: 	Total Deformer Count 333932688.
[2014.12.07-10.00.47:298][411]LogFbx: 	Attribute (tongue01) Type (4).
[2014.12.07-10.00.47:298][411]LogFbx: 		[Node Attribute Child 1] tongue01Mesh (Type Mesh).
[2014.12.07-10.00.47:298][411]LogFbx: Dumping Node END [tongue01Mesh]
[2014.12.07-10.00.47:298][411]LogFbx: =================================================
[2014.12.07-10.00.47:299][411]LogFbx: Dumping Node START [jeans01Mesh] 
[2014.12.07-10.00.47:299][411]LogFbx: 	Total Deformer Count 691750848.
[2014.12.07-10.00.47:299][411]LogFbx: 	Attribute (jeans01) Type (4).
[2014.12.07-10.00.47:299][411]LogFbx: 		[Node Attribute Child 1] jeans01Mesh (Type Mesh).
[2014.12.07-10.00.47:299][411]LogFbx: Dumping Node END [jeans01Mesh]
[2014.12.07-10.00.47:299][411]LogFbx: =================================================
[2014.12.07-10.00.47:299][411]LogFbx: Dumping Node START [shoes02Mesh] 
[2014.12.07-10.00.47:299][411]LogFbx: 	Total Deformer Count 691750848.
[2014.12.07-10.00.47:299][411]LogFbx: 	Attribute (shoes02) Type (4).
[2014.12.07-10.00.47:299][411]LogFbx: 		[Node Attribute Child 1] shoes02Mesh (Type Mesh).
[2014.12.07-10.00.47:299][411]LogFbx: Dumping Node END [shoes02Mesh]
[2014.12.07-10.00.47:299][411]LogFbx: =================================================
[2014.12.07-10.00.47:299][411]LogFbx: Dumping Node START [tshirt02Mesh] 
[2014.12.07-10.00.47:299][411]LogFbx: 	Total Deformer Count 333932688.
[2014.12.07-10.00.47:299][411]LogFbx: 	Attribute (tshirt02) Type (4).
[2014.12.07-10.00.47:299][411]LogFbx: 		[Node Attribute Child 1] tshirt02Mesh (Type Mesh).
[2014.12.07-10.00.47:299][411]LogFbx: Dumping Node END [tshirt02Mesh]
[2014.12.07-10.00.47:299][411]LogFbx:Warning: Warning Warning: No smoothing group information was found in this FBX scene.  Please make sure to enable the 'Export Smoothing Groups' option in the FBX Exporter plug-in before exporting the file.  Even for tools that don't support smoothing groups, the FBX Exporter will generate appropriate smoothing data at export-time so that correct vertex normals can be inferred while importing.
[2014.12.07-10.00.47:302][411]LogFbx:Warning: Warning Could not find the bind pose.  It will use time 0 as bind pose.
[2014.12.07-10.00.47:302][411]LogFbx: Triangulating skeletal mesh male1591Mesh
[2014.12.07-10.00.47:858][411]LogFbx:Warning: Bones digested - 1  Depth of hierarchy - 1
[2014.12.07-10.00.47:906][411]LogSkeletalMesh: Chunk 0: 1568 rigid vertices, 0 soft vertices, 1 active bones
[2014.12.07-10.00.47:910][411]LogSkeletalMesh: Section 0: Material=0, Chunk=0, 2414 triangles
[2014.12.07-10.00.52:334][411]LogEditorFactories: -- imported successfully
[2014.12.07-10.00.59:943][613]BlueprintLog: New page: Pre-PIE auto-recompile
[2014.12.07-10.00.59:943][613]LogPlayLevel: [PIE] Compiling Tutorial_BP_MacroLib before PIE...
[2014.12.07-10.01.00:058][613]LogParticles: Destroying 0 GPU particle simulations for FXSystem 0x000000000C4D6660
[2014.12.07-10.01.00:062][613]LogPlayLevel: PIE:  Blueprint regeneration took 119 ms (1 blueprints)
[2014.12.07-10.01.00:062][613]PIE: New page: PIE session: Example_Map (Dec 6, 2014, 6:01:00 PM)
[2014.12.07-10.01.00:110][613]LogPlayLevel: PIE: StaticDuplicateObject took: (0.048316s)
[2014.12.07-10.01.00:121][613]LogPlayLevel: PIE: World Init took: (0.010584s)
[2014.12.07-10.01.00:122][613]LogPlayLevel: PIE: Created PIE world by copying editor world from /Game/Maps/Example_Map.Example_Map to /Game/Maps/UEDPIE_0_Example_Map.Example_Map (0.059516s)
[2014.12.07-10.01.00:613][613]LogWorld: Game class is 'MyGame_C'
[2014.12.07-10.01.00:614][613]LogAIModule: Creating AISystem for world Example_Map
[2014.12.07-10.01.00:615][613]LogWorld: Bringing World /Game/Maps/UEDPIE_0_Example_Map.Example_Map up for play (max tick rate 60) at 2014.12.07-02.01.00
[2014.12.07-10.01.00:616][613]LogWorld: Bringing up level for play took: 0.001870
[2014.12.07-10.01.00:617][613]LogWindows:Error: Windows GetLastError: The operation completed successfully. (0)
[2014.12.07-10.01.00:618][613]LogCrashTracker: 


[2014.12.07-10.01.01:023][613]LogCrashTracker: 


[2014.12.07-10.01.01:023][613]LogWindows: === Critical error: ===
Assertion failed: (Index >= 0) & (Index < ArrayNum) [File:D:\BuildFarm\buildmachine_++depot+UE4-Releases+4.5\Engine\Source\Runtime\Core\Public\Containers\Array.h] [Line: 536] 
Array index out of bounds: 1 from an array of size 1


KERNELBASE.dll!UnknownFunction (0x000007fefd67940d) + 0 bytes [UnknownFile:0]
UE4Editor-Core.dll!UnknownFunction (0x000007fee1e971c4) + 0 bytes [UnknownFile:0]
UE4Editor-Core.dll!UnknownFunction (0x000007fee1d298c8) + 0 bytes [UnknownFile:0]
UE4Editor-Core.dll!UnknownFunction (0x000007fee1d0e892) + 0 bytes [UnknownFile:0]
UE4Editor-Engine.dll!UnknownFunction (0x000007fedfe0f101) + 0 bytes [UnknownFile:0]
UE4Editor-Engine.dll!UnknownFunction (0x000007fedfe0e323) + 0 bytes [UnknownFile:0]
UE4Editor-Engine.dll!UnknownFunction (0x000007fedfdb967b) + 0 bytes [UnknownFile:0]
UE4Editor-Engine.dll!UnknownFunction (0x000007fedfdb94b1) + 0 bytes [UnknownFile:0]
UE4Editor-Engine.dll!UnknownFunction (0x000007fedfd8acb8) + 0 bytes [UnknownFile:0]
UE4Editor-Engine.dll!UnknownFunction (0x000007fedfdfc20f) + 0 bytes [UnknownFile:0]
UE4Editor-Engine.dll!UnknownFunction (0x000007fedfdfc20f) + 0 bytes [UnknownFile:0]
UE4Editor-Engine.dll!UnknownFunction (0x000007fedfdfbe03) + 0 bytes [UnknownFile:0]
UE4Editor-Engine.dll!UnknownFunction (0x000007fedfdfc20f) + 0 bytes [UnknownFile:0]
UE4Editor-Engine.dll!UnknownFunction (0x000007fedfda643a) + 0 bytes [UnknownFile:0]
UE4Editor-Engine.dll!UnknownFunction (0x000007fedfa2b619) + 0 bytes [UnknownFile:0]
UE4Editor-Engine.dll!UnknownFunction (0x000007fedfa5367f) + 0 bytes [UnknownFile:0]
UE4Editor-Engine.dll!UnknownFunction (0x000007fedfa5a4a0) + 0 bytes [UnknownFile:0]
UE4Editor-Engine.dll!UnknownFunction (0x000007fedfa4b934) + 0 bytes [UnknownFile:0]
UE4Editor-Engine.dll!UnknownFunction (0x000007fedfa52ebc) + 0 bytes [UnknownFile:0]
UE4Editor-Engine.dll!UnknownFunction (0x000007fedf4e2890) + 0 bytes [UnknownFile:0]
UE4Editor-Engine.dll!UnknownFunction (0x000007fedf50eeb7) + 0 bytes [UnknownFile:0]
UE4Editor-Engine.dll!UnknownFunction (0x000007fedf4ff13d) + 0 bytes [UnknownFile:0]
UE4Editor-Engine.dll!UnknownFunction (0x000007fedf50e99b) + 0 bytes [UnknownFile:0]
UE4Editor-Engine.dll!UnknownFunction (0x000007fedf50ae69) + 0 bytes [UnknownFile:0]
UE4Editor-Engine.dll!UnknownFunction (0x000007fedf829feb) + 0 bytes [UnknownFile:0]
UE4Editor-Engine.dll!UnknownFunction (0x000007fedf70392b) + 0 bytes [UnknownFile:0]
UE4Editor-Engine.dll!UnknownFunction (0x000007fedf6ff953) + 0 bytes [UnknownFile:0]
UE4Editor-Engine.dll!UnknownFunction (0x000007fedf6e8450) + 0 bytes [UnknownFile:0]
UE4Editor-Engine.dll!UnknownFunction (0x000007fedf701b1d) + 0 bytes [UnknownFile:0]
UE4Editor-Engine.dll!UnknownFunction (0x000007fedf704333) + 0 bytes [UnknownFile:0]
UE4Editor-Engine.dll!UnknownFunction (0x000007fedf704baa) + 0 bytes [UnknownFile:0]
UE4Editor-UnrealEd.dll!UnknownFunction (0x000007fede3f3f57) + 0 bytes [UnknownFile:0]
UE4Editor-UnrealEd.dll!UnknownFunction (0x000007fede439750) + 0 bytes [UnknownFile:0]
UE4Editor-UnrealEd.dll!UnknownFunction (0x000007fede4510b6) + 0 bytes [UnknownFile:0]
UE4Editor-UnrealEd.dll!UnknownFunction (0x000007fede1ce3d1) + 0 bytes [UnknownFile:0]
UE4Editor-UnrealEd.dll!UnknownFunction (0x000007fede62f966) + 0 bytes [UnknownFile:0]
UE4Editor.exe!FEngineLoop::Tick() (0x000000013f15a8f4) + 0 bytes [d:\buildfarm\buildmachine_++depot+ue4-releases+4.5\engine\source\runtime\launch\private\launchengineloop.cpp:2129]
UE4Editor.exe!GuardedMain() (0x000000013f14f9df) + 0 bytes [d:\buildfarm\buildmachine_++depot+ue4-releases+4.5\engine\source\runtime\launch\private\launch.cpp:133]
UE4Editor.exe!GuardedMainWrapper() (0x000000013f14fa4a) + 5 bytes [d:\buildfarm\buildmachine_++depot+ue4-releases+4.5\engine\source\runtime\launch\private\windows\launchwindows.cpp:125]
UE4Editor.exe!WinMain() (0x000000013f15bf19) + 17 bytes [d:\buildfarm\buildmachine_++depot+ue4-releases+4.5\engine\source\runtime\launch\private\windows\launchwindows.cpp:201]
UE4Editor.exe!__tmainCRTStartup() (0x000000013f15cdc9) + 21 bytes [f:\dd\vctools\crt\crtw32\dllstuff\crtexe.c:618]
kernel32.dll!UnknownFunction (0x00000000773759ed) + 0 bytes [UnknownFile:0]
ntdll.dll!UnknownFunction (0x00000000775ac541) + 0 bytes [UnknownFile:0]
ntdll.dll!UnknownFunction (0x00000000775ac541) + 0 bytes [UnknownFile:0]


[2014.12.07-10.01.01:208][613]LogExit: Executing StaticShutdownAfterError
[2014.12.07-10.01.01:222][613]LogWindows: FPlatformMisc::RequestExit(1)
[2014.12.07-10.01.01:222][613]Log file closed, 12/07/14 02:01:01
