Log file open, 11/17/14 10:06:21
LogInit:Display: Running engine for game: Trial_third_person
LogInit: Version: 4.5.1-2336687+++depot+UE4-Releases+4.5
LogInit: API Version: 2326478
LogInit: Compiled (64-bit): Oct 21 2014 22:32:40
LogInit: Compiled with Visual C++: 18.00.21005.01
LogInit: Build Configuration: Development
LogInit: Branch Name: ++depot+UE4-Releases+4.5
LogInit: Command line:  
LogInit: Base directory: C:/Program Files/Epic Games/4.5/Engine/Binaries/Win64/
LogInit: Rocket: 1
[2014.11.17-18.06.21:492][  0]LogTaskGraph: Started task graph with 3 named threads and 4 total threads.
[2014.11.17-18.06.21:522][  0]LogOnline:Warning: No default platform service specified for OnlineSubsystem
[2014.11.17-18.06.21:942][  0]LogInit: Presizing for 0 objects not considered by GC, pre-allocating 0 bytes.
[2014.11.17-18.06.22:210][  0]LogInit: Object subsystem initialized
[2014.11.17-18.06.22:382][  0]LogConsoleResponse:Warning: Skipping Unknown console variable: 'UIScaleRule = ShortestSide'
[2014.11.17-18.06.22:382][  0]LogConsoleResponse:Warning:   Found in ini file 'C:/Users/Jeremy/Documents/GitHub/Study-Session/Trial_third_person/Saved/Config/Windows/Engine.ini', in section '[/Script/Engine.RendererSettings]'
[2014.11.17-18.06.22:382][  0]LogConsoleResponse:Warning: Skipping Unknown console variable: 'UIScaleCurve = (EditorCurveData=(Keys=((Time=480.000000,Value=0.444000),(Time=720.000000,Value=0.666000),(Time=1080.000000,Value=1.000000),(Time=8640.000000,Value=8.000000))),ExternalCurve=None)'
[2014.11.17-18.06.22:382][  0]LogConsoleResponse:Warning:   Found in ini file 'C:/Users/Jeremy/Documents/GitHub/Study-Session/Trial_third_person/Saved/Config/Windows/Engine.ini', in section '[/Script/Engine.RendererSettings]'
[2014.11.17-18.06.22:489][  0]LogInit: Selected Device Profile: [Windows]
[2014.11.17-18.06.22:489][  0]LogInit: Applying CVar settings loaded from the selected device profile: [Windows]
[2014.11.17-18.06.22:722][  0]LogInit: Computer: BRIANA-DESKTOP
[2014.11.17-18.06.22:722][  0]LogInit: User: Jeremy
[2014.11.17-18.06.22:725][  0]LogInit: CPU Page size=4096, Cores=4
[2014.11.17-18.06.22:725][  0]LogInit: High frequency timer resolution =14.318180 MHz
[2014.11.17-18.06.22:725][  0]LogMemory: Memory total: Physical=8.0GB (8GB approx) Virtual=8192.0GB
[2014.11.17-18.06.22:725][  0]LogMemory: Platform Memory Stats for Windows
[2014.11.17-18.06.22:725][  0]LogMemory: Process Physical Memory: 63.82 MB used, 63.82 MB peak
[2014.11.17-18.06.22:725][  0]LogMemory: Process Virtual Memory: 39.37 MB used, 39.37 MB peak
[2014.11.17-18.06.22:725][  0]LogMemory: Physical Memory: 2420.35 MB used, 8183.89 MB total
[2014.11.17-18.06.22:725][  0]LogMemory: Virtual Memory: 273.15 MB used, 8388608.00 MB total
[2014.11.17-18.06.23:322][  0]LogD3D11RHI: Found D3D11 adapter 0: NVIDIA GeForce GTX 550 Ti (Feature Level 11_0)
[2014.11.17-18.06.23:322][  0]LogD3D11RHI: Adapter has 977MB of dedicated video memory, 0MB of dedicated system memory, and 3071MB of shared system memory, 2 output[s]
[2014.11.17-18.06.23:322][  0]LogD3D11RHI: Chosen D3D11 Adapter Id = 0
[2014.11.17-18.06.23:349][  0]LogRHI: Texture pool is 684 MB (70% of 977 MB)
[2014.11.17-18.06.23:429][  0]LogD3D11RHI: Async texture creation enabled
[2014.11.17-18.06.25:603][  0]LogTextLocalizationManager: The requested culture ('en_US') has no localization data; parent culture's ('en') localization data will be used.
[2014.11.17-18.06.25:943][  0]LogContentStreaming: Texture pool size is 0.000000MB
[2014.11.17-18.06.44:913][  0]LogTargetPlatformManager:Display: Building Assets For Windows
[2014.11.17-18.06.46:237][  0]LogTargetPlatformManager:Display: Building Assets For Windows
[2014.11.17-18.06.46:348][  0]LogDerivedDataCache:Display: Max Cache Size: 512 MB
[2014.11.17-18.06.46:884][  0]LogDerivedDataCache: Loaded boot cache 0.54s 39MB C:/Users/Jeremy/AppData/Local/UnrealEngine/4.5/DerivedDataCache/Boot.ddc.
[2014.11.17-18.06.46:884][  0]LogDerivedDataCache:Display: Loaded Boot cache: C:/Users/Jeremy/AppData/Local/UnrealEngine/4.5/DerivedDataCache/Boot.ddc
[2014.11.17-18.06.46:885][  0]LogDerivedDataCache: FDerivedDataBackendGraph:  Pak pak cache file ../../../../../../Users/Jeremy/Documents/GitHub/Study-Session/Trial_third_person/DerivedDataCache/DDC.ddp not found, will not use a pak cache.
[2014.11.17-18.06.46:885][  0]LogDerivedDataCache: Unable to find inner node Pak for hierarchical cache Hierarchy.
[2014.11.17-18.06.47:038][  0]LogDerivedDataCache:Display: Pak cache opened for reading ../../../Engine/DerivedDataCache/DDC.ddp.
[2014.11.17-18.06.47:105][  0]LogDerivedDataCache: Using Local data cache path C:/Users/Jeremy/AppData/Local/UnrealEngine/Common/DerivedDataCache: Writable
[2014.11.17-18.06.56:275][  0]LogMeshUtilities: No automatic mesh reduction module available
[2014.11.17-18.06.56:275][  0]LogMeshUtilities: No automatic mesh merging module available
[2014.11.17-18.06.58:459][  0]LogLinker:Warning: Asset '../../../Engine/Content/Functions/Engine_MaterialFunctions02/Texturing/FlipBook.uasset' has been saved with empty engine version. The asset will be loaded but may be incompatible.
[2014.11.17-18.06.58:560][  0]LogLinker:Warning: Asset '../../../Engine/Content/Functions/Engine_MaterialFunctions02/ExampleContent/Textures/flipbook.uasset' has been saved with empty engine version. The asset will be loaded but may be incompatible.
[2014.11.17-18.07.01:133][  0]LogInit: WinSock: version 1.1 (2.2), MaxSocks=32767, MaxUdp=65467
[2014.11.17-18.07.33:257][  0]UdpMessaging: Initializing bridge on interface 0.0.0.0:0 to multicast group 230.0.0.1:6666.
[2014.11.17-18.07.34:202][  0]LogDirectoryWatcher:Warning: Failed to begin reading directory changes for C:/Users/Jeremy/Documents/GitHub/Study-Session/Trial_third_person/Binaries/Win64. Error: 0
[2014.11.17-18.07.35:912][  0]SourceControl: Info Source control is disabled
[2014.11.17-18.07.35:912][  0]SourceControl: Info Source control is disabled
[2014.11.17-18.07.35:919][  0]SourceControl: Info Source control is disabled
[2014.11.17-18.07.37:128][  0]LogObj: 22915 objects as part of root set at end of initial load.
[2014.11.17-18.07.37:128][  0]LogUObjectAllocator: 4803536 out of 0 bytes used by permanent object pool.
[2014.11.17-18.07.37:747][  0]LogEngine: Initializing Engine...
[2014.11.17-18.07.38:840][  0]LogInit: XAudio2 using 'Speakers (Realtek High Definition Audio)' : 2 channels at 48 kHz using 32 bits per sample (channel mask 0x3)
[2014.11.17-18.07.38:936][  0]LogInit: FAudioDevice initialized.
[2014.11.17-18.07.39:287][  0]LogAIModule: Creating AISystem for world NewWorld
[2014.11.17-18.07.39:430][  0]LogDerivedDataCache: Saved boot cache 0.09s 39MB C:/Users/Jeremy/AppData/Local/UnrealEngine/4.5/DerivedDataCache/Boot.ddc.
[2014.11.17-18.07.39:441][  0]LogInit: Texture streaming: Enabled
[2014.11.17-18.07.39:768][  0]LogInit: Transaction tracking system initialized
[2014.11.17-18.07.40:574][  0]BlueprintLog: New page: Editor Load
[2014.11.17-18.07.40:893][  0]LogAssetRegistry: FAssetRegistry took 0.0296 seconds to start up
[2014.11.17-18.07.40:893][  0]LogDirectoryWatcher:Warning: Failed to begin reading directory changes for ../../../Engine/Plugins/Experimental/CharacterAI/Content/. Error: 0
[2014.11.17-18.07.46:035][  0]LogTargetPlatformManager:Display: Building Assets For Windows
[2014.11.17-18.07.46:479][  0]LogTargetPlatformManager:Display: Building Assets For Windows
[2014.11.17-18.07.50:950][  0]LogConsoleResponse:Display: 
[2014.11.17-18.08.02:589][  0]SourceControl: Info Source control is disabled
[2014.11.17-18.08.02:671][  0]Cmd: MAP LOAD FILE="../../../../../../Users/Jeremy/Documents/GitHub/Study-Session/Trial_third_person/Content/Maps/Example_Map.umap" TEMPLATE=0 SHOWPROGRESS=1
[2014.11.17-18.08.02:792][  0]LightingResults: New page: Lighting Build
[2014.11.17-18.08.03:064][  0]MapCheck: New page: Map Check
[2014.11.17-18.08.03:064][  0]LightingResults: New page: Lighting Build
[2014.11.17-18.08.03:247][  0]LogParticles: Destroying 0 GPU particle simulations for FXSystem 0x0000000017AA1A80
[2014.11.17-18.08.10:473][  0]LogEditorServer: Finished looking for orphan Actors (0.000 secs)
[2014.11.17-18.08.10:520][  0]LogAIModule: Creating AISystem for world Example_Map
[2014.11.17-18.08.10:920][  0]Cmd: MAP CHECKDEP
[2014.11.17-18.08.11:067][  0]MapCheck: New page: Example_Map - Nov 17, 2014, 2:08:10 AM
[2014.11.17-18.08.11:597][  0]MapCheck: Info Map check complete: 0 Error(s), 0 Warning(s), took 676.971ms to complete.
[2014.11.17-18.08.11:597][  0]LogFileHelpers: Loading map 'Example_Map' took 8.927
[2014.11.17-18.08.15:478][  0]LogCollectionManager: Loaded 0 collections in 0.001329 seconds
[2014.11.17-18.08.20:455][  0]LogCrashTracker: Crashtracker disabled due to settings.
[2014.11.17-18.08.21:048][  0]LogUObjectGlobals:Warning: Failed to find object 'Class None.'
[2014.11.17-18.08.21:449][  0]LogLoad: Full Startup: 136.02 seconds (BP compile: 0.73 seconds)
[2014.11.17-18.08.21:802][  0]LogContentBrowser:Verbose: The content browser source was changed by the sources view to '/Game/Blueprints'
[2014.11.17-18.08.23:700][  0]LogRenderer:Warning: Reallocating scene render targets to support 1048x904.
[2014.11.17-18.09.22:012][162]LogAssetRegistry: Asset discovery search completed in 101.1500 seconds
[2014.11.17-18.09.42:489][226]LogContentBrowser:Verbose: The content browser source was changed by the sources view to '/Game/Maps'
[2014.11.17-18.09.47:644][699]LogPlayLevel: PIE:  No blueprints needed recompiling
[2014.11.17-18.09.47:644][699]PIE: New page: PIE session: Example_Map (Nov 17, 2014, 2:09:47 AM)
[2014.11.17-18.09.47:698][699]LogPlayLevel: PIE: StaticDuplicateObject took: (0.053878s)
[2014.11.17-18.09.47:700][699]LogPlayLevel: PIE: World Init took: (0.001936s)
[2014.11.17-18.09.47:700][699]LogPlayLevel: PIE: Created PIE world by copying editor world from /Game/Maps/Example_Map.Example_Map to /Game/Maps/UEDPIE_0_Example_Map.Example_Map (0.056103s)
[2014.11.17-18.09.48:395][699]LogWorld: Game class is 'MyGame_C'
[2014.11.17-18.09.48:521][699]LogAIModule: Creating AISystem for world Example_Map
[2014.11.17-18.09.48:522][699]LogWorld: Bringing World /Game/Maps/UEDPIE_0_Example_Map.Example_Map up for play (max tick rate 0) at 2014.11.17-10.09.48
[2014.11.17-18.09.48:523][699]LogWorld: Bringing up level for play took: 0.001766
[2014.11.17-18.09.48:617][699]PIE: Info Play in editor start time for /Game/Maps/UEDPIE_0_Example_Map 0.036
[2014.11.17-18.10.38:222][  1]LogParticles: Destroying 0 GPU particle simulations for FXSystem 0x000000000F7DDA80
[2014.11.17-18.10.42:761][344]Cmd: MAP LOAD FILE="../../../../../../Users/Jeremy/Documents/GitHub/Study-Session/Trial_third_person/Content/Maps/Mansion.umap" TEMPLATE=0 SHOWPROGRESS=1
[2014.11.17-18.10.42:761][344]LightingResults: New page: Lighting Build
[2014.11.17-18.10.42:802][344]LoadErrors: New page: Loading map: Mansion.umap
[2014.11.17-18.10.42:802][344]MapCheck: New page: Map Check
[2014.11.17-18.10.42:802][344]LightingResults: New page: Lighting Build
[2014.11.17-18.10.42:826][344]LogParticles: Destroying 0 GPU particle simulations for FXSystem 0x000000000B742AC0
[2014.11.17-18.10.42:849][344]LogEditorServer: Finished looking for orphan Actors (0.000 secs)
[2014.11.17-18.10.42:850][344]LogAIModule: Creating AISystem for world Mansion
[2014.11.17-18.10.42:899][344]Cmd: MAP CHECKDEP
[2014.11.17-18.10.42:899][344]MapCheck: New page: Mansion - Nov 17, 2014, 2:10:42 AM
[2014.11.17-18.10.43:012][344]MapCheck: Info Map check complete: 0 Error(s), 0 Warning(s), took 112.531ms to complete.
[2014.11.17-18.10.43:012][344]LogFileHelpers: Loading map 'Mansion' took 0.253
[2014.11.17-18.10.46:345][609]Cmd: MAP LOAD FILE="../../../../../../Users/Jeremy/Documents/GitHub/Study-Session/Trial_third_person/Content/Maps/LivingRoom.umap" TEMPLATE=0 SHOWPROGRESS=1
[2014.11.17-18.10.46:345][609]LightingResults: New page: Lighting Build
[2014.11.17-18.10.46:384][609]LoadErrors: New page: Loading map: LivingRoom.umap
[2014.11.17-18.10.46:385][609]MapCheck: New page: Map Check
[2014.11.17-18.10.46:385][609]LightingResults: New page: Lighting Build
[2014.11.17-18.10.46:414][609]LogParticles: Destroying 0 GPU particle simulations for FXSystem 0x000000000CF31800
[2014.11.17-18.10.46:423][609]LogEditorServer: Finished looking for orphan Actors (0.000 secs)
[2014.11.17-18.10.46:423][609]LogAIModule: Creating AISystem for world LivingRoom
[2014.11.17-18.10.46:456][609]Cmd: MAP CHECKDEP
[2014.11.17-18.10.46:456][609]MapCheck: New page: LivingRoom - Nov 17, 2014, 2:10:46 AM
[2014.11.17-18.10.46:569][609]MapCheck: Info Map check complete: 0 Error(s), 0 Warning(s), took 112.955ms to complete.
[2014.11.17-18.10.46:569][609]LogFileHelpers: Loading map 'LivingRoom' took 0.227
[2014.11.17-18.10.49:242][841]LogPlayLevel: PIE:  No blueprints needed recompiling
[2014.11.17-18.10.49:242][841]PIE: New page: PIE session: LivingRoom (Nov 17, 2014, 2:10:49 AM)
[2014.11.17-18.10.49:246][841]LogPlayLevel: PIE: StaticDuplicateObject took: (0.003339s)
[2014.11.17-18.10.49:247][841]LogPlayLevel: PIE: World Init took: (0.000905s)
[2014.11.17-18.10.49:247][841]LogPlayLevel: PIE: Created PIE world by copying editor world from /Game/Maps/LivingRoom.LivingRoom to /Game/Maps/UEDPIE_0_LivingRoom.LivingRoom (0.004433s)
[2014.11.17-18.10.49:279][841]LogWorld: Game class is 'MyGame_C'
[2014.11.17-18.10.49:284][841]LogAIModule: Creating AISystem for world LivingRoom
[2014.11.17-18.10.49:285][841]LogWorld: Bringing World /Game/Maps/UEDPIE_0_LivingRoom.LivingRoom up for play (max tick rate 0) at 2014.11.17-10.10.49
[2014.11.17-18.10.49:286][841]LogWorld: Bringing up level for play took: 0.001287
[2014.11.17-18.10.49:315][841]PIE: Info Play in editor start time for /Game/Maps/UEDPIE_0_LivingRoom 0.734
[2014.11.17-18.10.53:208][ 22]LogParticles: Destroying 0 GPU particle simulations for FXSystem 0x000000001C3D4400
[2014.11.17-18.10.56:466][335]MapCheck: New page: Map Check
[2014.11.17-18.10.56:508][335]Cmd: MAP REBUILD ALLVISIBLE
[2014.11.17-18.10.56:508][335]LogEditorServer: Rebuildmap Clear paths rebuilt
[2014.11.17-18.10.56:547][335]LightingResults: New page: Lighting Build - Nov 17, 2014, 2:10:56 AM
[2014.11.17-18.11.32:621][335]LogStaticLightingSystem:Warning: No importance volume found, so the scene bounding box was used.  You can optimize your scene's quality and lighting build times by adding importance volumes.
[2014.11.17-18.11.32:668][335]LogStaticLightingSystem: Running Lightmass w/ ImmediateImport mode ENABLED
[2014.11.17-18.11.32:668][335]LogStaticLightingSystem: Running Lightmass w/ ImmediateProcess mode ENABLED
[2014.11.17-18.11.32:668][335]LogStaticLightingSystem: Running Lightmass w/ Sorting mode ENABLED
[2014.11.17-18.11.32:668][335]LogStaticLightingSystem: Running Lightmass w/ Mapping paddings ENABLED
[2014.11.17-18.11.32:668][335]LogStaticLightingSystem: Running Lightmass w/ Mapping debug paddings DISABLED
[2014.11.17-18.11.33:048][335]LogEditorBuildUtils: Build time 0:00:36
[2014.11.17-18.11.33:070][335]LogMaterial: Missing cached shader map for material FLightmassMaterialRenderer DefaultMaterial, compiling.
[2014.11.17-18.11.33:137][335]LogMaterial: Missing cached shader map for material FLightmassMaterialRenderer DefaultMaterial, compiling.
[2014.11.17-18.11.42:788][353]Job is a success!
[2014.11.17-18.11.43:534][354]LogTexture:Display: Building textures: HQ_Lightmap1_1 (AutoDXT)
[2014.11.17-18.11.43:652][354]LogTexture:Display: Building textures: LQ_Lightmap_0_5 (DXT1)
[2014.11.17-18.11.43:657][354]LogTexture:Display: Building textures: HQ_Lightmap0_5 (AutoDXT)
[2014.11.17-18.11.43:662][354]LogTexture:Display: Building textures: LQ_Lightmap_0_4 (DXT1)
[2014.11.17-18.11.43:672][354]LogTexture:Display: Building textures: HQ_Lightmap0_4 (AutoDXT)
[2014.11.17-18.11.43:698][354]LogTexture:Display: Building textures: LQ_Lightmap_0_3 (DXT1)
[2014.11.17-18.11.43:735][354]LogTexture:Display: Building textures: HQ_Lightmap0_3 (AutoDXT)
[2014.11.17-18.11.43:793][354]LogTexture:Display: Building textures: LQ_Lightmap_0_2 (DXT1)
[2014.11.17-18.11.43:829][354]LogTexture:Display: Building textures: HQ_Lightmap0_2 (AutoDXT)
[2014.11.17-18.11.43:900][354]LogTexture:Display: Building textures: LQ_Lightmap_1_1 (DXT1)
[2014.11.17-18.11.44:001][354]LogTexture:Display: Building textures: ShadowMapTexture2D_1 (BGRA8)
[2014.11.17-18.11.44:074][354]LogTexture:Display: Building textures: ShadowMapTexture2D_2 (BGRA8)
[2014.11.17-18.11.44:144][354]LogTexture:Display: Building textures: ShadowMapTexture2D_3 (BGRA8)
[2014.11.17-18.11.44:171][354]LogTexture:Display: Building textures: ShadowMapTexture2D_4 (BGRA8)
[2014.11.17-18.11.44:177][354]LogTexture:Display: Building textures: ShadowMapTexture2D_5 (BGRA8)
[2014.11.17-18.11.44:875][354]Lightmass on BRIANA-DESKTOP: 3.65 sec total, 230 ms importing, 3 ms setup, 216 ms photons, 2.76 sec processing, 0 ms extra exporting [17/17 mappings]. Threads: 11.0 sec total, 3.35 sec processing.
[2014.11.17-18.11.44:905][354]LogStaticLightingSystem:Warning: Illumination: 48.0 sec (819 ms encoding lightmaps)
[2014.11.17-18.11.44:905][354]LogStaticLightingSystem: Lightmap texture memory:  1.1 MB (1.1 MB streaming, 0.0 MB non-streaming), 10 textures
[2014.11.17-18.11.44:905][354]LogStaticLightingSystem: Shadowmap texture memory: 0.0 MB (0.0 MB streaming, 0.0 MB non-streaming), 5 textures
[2014.11.17-18.11.45:607][355]Cmd: MAP CHECK NOTIFYRESULTS
[2014.11.17-18.11.45:607][355]MapCheck: New page: LivingRoom - Nov 17, 2014, 2:11:45 AM
[2014.11.17-18.11.45:897][355]MapCheck: Info Map check complete: 0 Error(s), 0 Warning(s), took 290.27ms to complete.
[2014.11.17-18.11.48:256][362]LogEditorViewport: Clicking on Actor (LMB): StaticMeshActor (SM_Template_Map_Floor_3)
[2014.11.17-18.11.49:844][416]LogPlayLevel: PIE:  No blueprints needed recompiling
[2014.11.17-18.11.49:845][416]PIE: New page: PIE session: LivingRoom (Nov 17, 2014, 2:11:49 AM)
[2014.11.17-18.11.49:849][416]LogPlayLevel: PIE: StaticDuplicateObject took: (0.003921s)
[2014.11.17-18.11.49:850][416]LogPlayLevel: PIE: World Init took: (0.000967s)
[2014.11.17-18.11.49:850][416]LogPlayLevel: PIE: Created PIE world by copying editor world from /Game/Maps/LivingRoom.LivingRoom to /Game/Maps/UEDPIE_0_LivingRoom.LivingRoom (0.005093s)
[2014.11.17-18.11.49:885][416]LogWorld: Game class is 'MyGame_C'
[2014.11.17-18.11.49:888][416]LogAIModule: Creating AISystem for world LivingRoom
[2014.11.17-18.11.49:889][416]LogWorld: Bringing World /Game/Maps/UEDPIE_0_LivingRoom.LivingRoom up for play (max tick rate 0) at 2014.11.17-10.11.49
[2014.11.17-18.11.49:889][416]LogWorld: Bringing up level for play took: 0.001314
[2014.11.17-18.11.49:892][416]PIE: Info Play in editor start time for /Game/Maps/UEDPIE_0_LivingRoom -0.689
[2014.11.17-18.11.57:492][760]LogParticles: Destroying 0 GPU particle simulations for FXSystem 0x000000002047D6C0
[2014.11.17-18.12.06:656][171]LogSavePackage: Save=192.292252ms
[2014.11.17-18.12.06:656][171]LogSavePackage: Moving '../../../../../../Users/Jeremy/Documents/GitHub/Study-Session/Trial_third_person/Saved/LivingRoom06C36474491938F930DB0C921354FFEB.tmp' to '../../../../../../Users/Jeremy/Documents/GitHub/Study-Session/Trial_third_person/Content/Maps/LivingRoom.umap'
[2014.11.17-18.12.07:748][233]Cmd: MAP LOAD FILE="../../../../../../Users/Jeremy/Documents/GitHub/Study-Session/Trial_third_person/Content/Maps/Mansion.umap" TEMPLATE=0 SHOWPROGRESS=1
[2014.11.17-18.12.07:748][233]LightingResults: New page: Lighting Build
[2014.11.17-18.12.07:789][233]LoadErrors: New page: Loading map: Mansion.umap
[2014.11.17-18.12.07:852][233]MapCheck: New page: Map Check
[2014.11.17-18.12.07:852][233]LightingResults: New page: Lighting Build
[2014.11.17-18.12.07:877][233]LogParticles: Destroying 0 GPU particle simulations for FXSystem 0x000000002438C400
[2014.11.17-18.12.07:901][233]LogEditorServer: Finished looking for orphan Actors (0.000 secs)
[2014.11.17-18.12.07:901][233]LogAIModule: Creating AISystem for world Mansion
[2014.11.17-18.12.07:988][233]Cmd: MAP CHECKDEP
[2014.11.17-18.12.07:988][233]MapCheck: New page: Mansion - Nov 17, 2014, 2:12:07 AM
[2014.11.17-18.12.08:099][233]MapCheck: Info Map check complete: 0 Error(s), 0 Warning(s), took 110.006ms to complete.
[2014.11.17-18.12.08:099][233]LogFileHelpers: Loading map 'Mansion' took 0.353
[2014.11.17-18.12.11:501][531]LogPlayLevel: PIE:  No blueprints needed recompiling
[2014.11.17-18.12.11:502][531]PIE: New page: PIE session: Mansion (Nov 17, 2014, 2:12:11 AM)
[2014.11.17-18.12.11:516][531]LogPlayLevel: PIE: StaticDuplicateObject took: (0.014153s)
[2014.11.17-18.12.11:517][531]LogPlayLevel: PIE: World Init took: (0.000858s)
[2014.11.17-18.12.11:517][531]LogPlayLevel: PIE: Created PIE world by copying editor world from /Game/Maps/Mansion.Mansion to /Game/Maps/UEDPIE_0_Mansion.Mansion (0.015256s)
[2014.11.17-18.12.11:548][531]LogWorld: Game class is 'MyGame_C'
[2014.11.17-18.12.11:551][531]LogAIModule: Creating AISystem for world Mansion
[2014.11.17-18.12.11:556][531]LogWorld: Bringing World /Game/Maps/UEDPIE_0_Mansion.Mansion up for play (max tick rate 0) at 2014.11.17-10.12.11
[2014.11.17-18.12.11:556][531]LogWorld: Bringing up level for play took: 0.005061
[2014.11.17-18.12.11:559][531]PIE: Info Play in editor start time for /Game/Maps/UEDPIE_0_Mansion 0.978
[2014.11.17-18.12.14:723][665]LogParticles: Destroying 0 GPU particle simulations for FXSystem 0x000000002047F740
[2014.11.17-18.12.15:696][753]MapCheck: New page: Map Check
[2014.11.17-18.12.15:713][753]Cmd: MAP REBUILD ALLVISIBLE
[2014.11.17-18.12.15:713][753]LogEditorServer: Rebuildmap Clear paths rebuilt
[2014.11.17-18.12.15:972][753]LightingResults: New page: Lighting Build - Nov 17, 2014, 2:12:15 AM
[2014.11.17-18.12.21:144][753]LogStaticLightingSystem:Warning: No importance volume found, so the scene bounding box was used.  You can optimize your scene's quality and lighting build times by adding importance volumes.
[2014.11.17-18.12.21:191][753]LogStaticLightingSystem: Running Lightmass w/ ImmediateImport mode ENABLED
[2014.11.17-18.12.21:191][753]LogStaticLightingSystem: Running Lightmass w/ ImmediateProcess mode ENABLED
[2014.11.17-18.12.21:191][753]LogStaticLightingSystem: Running Lightmass w/ Sorting mode ENABLED
[2014.11.17-18.12.21:191][753]LogStaticLightingSystem: Running Lightmass w/ Mapping paddings ENABLED
[2014.11.17-18.12.21:191][753]LogStaticLightingSystem: Running Lightmass w/ Mapping debug paddings DISABLED
[2014.11.17-18.12.21:266][753]LogEditorBuildUtils: Build time 0:00:05
[2014.11.17-18.12.21:271][753]LogMaterial: Missing cached shader map for material FLightmassMaterialRenderer M_Wood_Oak, compiling.
[2014.11.17-18.12.21:274][753]LogMaterial: Missing cached shader map for material FLightmassMaterialRenderer M_Wood_Oak, compiling.
[2014.11.17-18.12.21:334][754]LogMaterial: Missing cached shader map for material FLightmassMaterialRenderer M_Wood_Floor_Walnut_Worn, compiling.
[2014.11.17-18.12.21:337][754]LogMaterial: Missing cached shader map for material FLightmassMaterialRenderer M_Wood_Floor_Walnut_Worn, compiling.
[2014.11.17-18.12.57:347][241]Job is a success!
[2014.11.17-18.12.58:679][242]LogTexture:Display: Building textures: HQ_Lightmap1_1 (AutoDXT)
[2014.11.17-18.12.58:854][242]LogTexture:Display: Building textures: LQ_Lightmap_0_11 (DXT1)
[2014.11.17-18.12.58:860][242]LogTexture:Display: Building textures: HQ_Lightmap0_11 (AutoDXT)
[2014.11.17-18.12.58:864][242]LogTexture:Display: Building textures: LQ_Lightmap_0_10 (DXT1)
[2014.11.17-18.12.58:869][242]LogTexture:Display: Building textures: HQ_Lightmap0_10 (AutoDXT)
[2014.11.17-18.12.58:873][242]LogTexture:Display: Building textures: LQ_Lightmap_0_9 (DXT1)
[2014.11.17-18.12.58:922][242]LogTexture:Display: Building textures: HQ_Lightmap0_9 (AutoDXT)
[2014.11.17-18.12.59:010][242]LogTexture:Display: Building textures: LQ_Lightmap_0_8 (DXT1)
[2014.11.17-18.12.59:136][242]LogTexture:Display: Building textures: HQ_Lightmap0_8 (AutoDXT)
[2014.11.17-18.12.59:389][242]LogTexture:Display: Building textures: LQ_Lightmap_0_7 (DXT1)
[2014.11.17-18.12.59:560][242]LogTexture:Display: Building textures: HQ_Lightmap0_7 (AutoDXT)
[2014.11.17-18.12.59:947][242]LogTexture:Display: Building textures: LQ_Lightmap_0_6 (DXT1)
[2014.11.17-18.13.00:015][242]LogTexture:Display: Building textures: HQ_Lightmap0_6 (AutoDXT)
[2014.11.17-18.13.00:158][242]LogTexture:Display: Building textures: LQ_Lightmap_0_5 (DXT1)
[2014.11.17-18.13.00:254][242]LogTexture:Display: Building textures: HQ_Lightmap0_5 (AutoDXT)
[2014.11.17-18.13.00:447][242]LogTexture:Display: Building textures: LQ_Lightmap_0_4 (DXT1)
[2014.11.17-18.13.00:578][242]LogTexture:Display: Building textures: HQ_Lightmap0_4 (AutoDXT)
[2014.11.17-18.13.00:875][242]LogTexture:Display: Building textures: LQ_Lightmap_0_3 (DXT1)
[2014.11.17-18.13.00:983][242]LogTexture:Display: Building textures: HQ_Lightmap0_3 (AutoDXT)
[2014.11.17-18.13.01:238][242]LogTexture:Display: Building textures: LQ_Lightmap_0_2 (DXT1)
[2014.11.17-18.13.01:368][242]LogTexture:Display: Building textures: HQ_Lightmap0_2 (AutoDXT)
[2014.11.17-18.13.01:756][242]LogTexture:Display: Building textures: LQ_Lightmap_1_1 (DXT1)
[2014.11.17-18.13.02:074][242]LogTexture:Display: Building textures: ShadowMapTexture2D_6 (BGRA8)
[2014.11.17-18.13.02:351][242]LogTexture:Display: Building textures: ShadowMapTexture2D_7 (BGRA8)
[2014.11.17-18.13.02:460][242]LogTexture:Display: Building textures: ShadowMapTexture2D_8 (BGRA8)
[2014.11.17-18.13.02:527][242]LogTexture:Display: Building textures: ShadowMapTexture2D_9 (BGRA8)
[2014.11.17-18.13.02:596][242]LogTexture:Display: Building textures: ShadowMapTexture2D_10 (BGRA8)
[2014.11.17-18.13.02:834][242]LogTexture:Display: Building textures: ShadowMapTexture2D_11 (BGRA8)
[2014.11.17-18.13.02:940][242]LogTexture:Display: Building textures: ShadowMapTexture2D_12 (BGRA8)
[2014.11.17-18.13.02:965][242]LogTexture:Display: Building textures: ShadowMapTexture2D_13 (BGRA8)
[2014.11.17-18.13.02:970][242]LogTexture:Display: Building textures: ShadowMapTexture2D_14 (BGRA8)
[2014.11.17-18.13.02:974][242]LogTexture:Display: Building textures: ShadowMapTexture2D_15 (BGRA8)
[2014.11.17-18.13.03:028][242]Lightmass on BRIANA-DESKTOP: 38.0 sec total, 270 ms importing, 18 ms setup, 3.09 sec photons, 34.6 sec processing, 0 ms extra exporting [120/120 mappings]. Threads: 2:18 min total, 1:23 min processing.
[2014.11.17-18.13.03:028][242]LogStaticLightingSystem:Warning: Illumination: 47.0 sec (5.40 sec encoding lightmaps)
[2014.11.17-18.13.03:028][242]LogStaticLightingSystem: Lightmap texture memory:  10.0 MB (8.7 MB streaming, 1.3 MB non-streaming), 22 textures
[2014.11.17-18.13.03:028][242]LogStaticLightingSystem: Shadowmap texture memory: 0.0 MB (0.0 MB streaming, 0.0 MB non-streaming), 15 textures
[2014.11.17-18.13.03:166][243]Cmd: MAP CHECK NOTIFYRESULTS
[2014.11.17-18.13.03:166][243]MapCheck: New page: Mansion - Nov 17, 2014, 2:13:03 AM
[2014.11.17-18.13.03:296][243]MapCheck: Info Map check complete: 0 Error(s), 0 Warning(s), took 130.019ms to complete.
[2014.11.17-18.13.58:654][606]LogEditorViewport: Clicking Background
[2014.11.17-18.13.59:296][645]LogPlayLevel: PIE:  No blueprints needed recompiling
[2014.11.17-18.13.59:296][645]PIE: New page: PIE session: Mansion (Nov 17, 2014, 2:13:59 AM)
[2014.11.17-18.13.59:319][645]LogPlayLevel: PIE: StaticDuplicateObject took: (0.023147s)
[2014.11.17-18.13.59:321][645]LogPlayLevel: PIE: World Init took: (0.001375s)
[2014.11.17-18.13.59:321][645]LogPlayLevel: PIE: Created PIE world by copying editor world from /Game/Maps/Mansion.Mansion to /Game/Maps/UEDPIE_0_Mansion.Mansion (0.024791s)
[2014.11.17-18.13.59:353][645]LogWorld: Game class is 'MyGame_C'
[2014.11.17-18.13.59:356][645]LogAIModule: Creating AISystem for world Mansion
[2014.11.17-18.13.59:361][645]LogWorld: Bringing World /Game/Maps/UEDPIE_0_Mansion.Mansion up for play (max tick rate 0) at 2014.11.17-10.13.59
[2014.11.17-18.13.59:361][645]LogWorld: Bringing up level for play took: 0.005354
[2014.11.17-18.13.59:365][645]PIE: Info Play in editor start time for /Game/Maps/UEDPIE_0_Mansion 0.784
[2014.11.17-18.14.11:672][217]LogParticles: Destroying 0 GPU particle simulations for FXSystem 0x000000002438CAE0
[2014.11.17-18.14.14:785][438]LogSavePackage: Save=770.655212ms
[2014.11.17-18.14.14:785][438]LogSavePackage: Moving '../../../../../../Users/Jeremy/Documents/GitHub/Study-Session/Trial_third_person/Saved/Mansion7163079440FD5B20E7D6519A4F832DCD.tmp' to '../../../../../../Users/Jeremy/Documents/GitHub/Study-Session/Trial_third_person/Content/Maps/Mansion.umap'
[2014.11.17-18.14.17:728][674]LogLinker:Warning: Can't find file '/Game/ArchVis/Textures/T_Anisotrophic_M'
[2014.11.17-18.14.17:729][674]LogLinker:Warning: Can't find file for asset '/Game/ArchVis/Textures/T_Anisotrophic_M' while loading ../../../../../../Users/Jeremy/Documents/GitHub/Study-Session/Trial_third_person/Content/StarterContent/Mesh/Materials/M_Door_MAT.uasset.
[2014.11.17-18.14.17:729][674]LoadErrors:Error: Error /Game/StarterContent/Mesh/Materials/M_Door_MAT : Can't find file for asset. /Game/ArchVis/Textures/T_Anisotrophic_M
[2014.11.17-18.14.17:729][674]LogLinker:Warning: Can't find file '/Game/ArchVis/Textures/T_Anisotrophic_N'
[2014.11.17-18.14.17:729][674]LogLinker:Warning: Can't find file for asset '/Game/ArchVis/Textures/T_Anisotrophic_N' while loading ../../../../../../Users/Jeremy/Documents/GitHub/Study-Session/Trial_third_person/Content/StarterContent/Mesh/Materials/M_Door_MAT.uasset.
[2014.11.17-18.14.17:730][674]LoadErrors:Error: Error /Game/StarterContent/Mesh/Materials/M_Door_MAT : Can't find file for asset. /Game/ArchVis/Textures/T_Anisotrophic_N
[2014.11.17-18.14.17:730][674]LogLinker:Warning: Can't find file '/Game/ArchVis/Textures/T_Door_AOMask'
[2014.11.17-18.14.17:730][674]LogLinker:Warning: Can't find file for asset '/Game/ArchVis/Textures/T_Door_AOMask' while loading ../../../../../../Users/Jeremy/Documents/GitHub/Study-Session/Trial_third_person/Content/StarterContent/Mesh/Materials/M_Door_MAT.uasset.
[2014.11.17-18.14.17:730][674]LoadErrors:Error: Error /Game/StarterContent/Mesh/Materials/M_Door_MAT : Can't find file for asset. /Game/ArchVis/Textures/T_Door_AOMask
[2014.11.17-18.14.17:731][674]LogLinker:Warning: Can't find file '/Game/ArchVis/Textures/T_Door_M'
[2014.11.17-18.14.17:731][674]LogLinker:Warning: Can't find file for asset '/Game/ArchVis/Textures/T_Door_M' while loading ../../../../../../Users/Jeremy/Documents/GitHub/Study-Session/Trial_third_person/Content/StarterContent/Mesh/Materials/M_Door_MAT.uasset.
[2014.11.17-18.14.17:731][674]LoadErrors:Error: Error /Game/StarterContent/Mesh/Materials/M_Door_MAT : Can't find file for asset. /Game/ArchVis/Textures/T_Door_M
[2014.11.17-18.14.17:731][674]LogLinker:Warning: Can't find file '/Game/ArchVis/Textures/T_Door_N'
[2014.11.17-18.14.17:731][674]LogLinker:Warning: Can't find file for asset '/Game/ArchVis/Textures/T_Door_N' while loading ../../../../../../Users/Jeremy/Documents/GitHub/Study-Session/Trial_third_person/Content/StarterContent/Mesh/Materials/M_Door_MAT.uasset.
[2014.11.17-18.14.17:732][674]LoadErrors:Error: Error /Game/StarterContent/Mesh/Materials/M_Door_MAT : Can't find file for asset. /Game/ArchVis/Textures/T_Door_N
[2014.11.17-18.14.17:732][674]LogLinker:Warning: Can't find file '/Game/ArchVis/Textures/T_Wood'
[2014.11.17-18.14.17:732][674]LogLinker:Warning: Can't find file for asset '/Game/ArchVis/Textures/T_Wood' while loading ../../../../../../Users/Jeremy/Documents/GitHub/Study-Session/Trial_third_person/Content/StarterContent/Mesh/Materials/M_Door_MAT.uasset.
[2014.11.17-18.14.17:732][674]LoadErrors:Error: Error /Game/StarterContent/Mesh/Materials/M_Door_MAT : Can't find file for asset. /Game/ArchVis/Textures/T_Wood
[2014.11.17-18.14.17:732][674]LogLinker:Warning: Can't find file '/Game/ArchVis/Textures/T_Wood_S'
[2014.11.17-18.14.17:733][674]LogLinker:Warning: Can't find file for asset '/Game/ArchVis/Textures/T_Wood_S' while loading ../../../../../../Users/Jeremy/Documents/GitHub/Study-Session/Trial_third_person/Content/StarterContent/Mesh/Materials/M_Door_MAT.uasset.
[2014.11.17-18.14.17:733][674]LoadErrors:Error: Error /Game/StarterContent/Mesh/Materials/M_Door_MAT : Can't find file for asset. /Game/ArchVis/Textures/T_Wood_S
[2014.11.17-18.14.17:733][674]LogLinker:Warning: Can't find file '/Game/ArchVis/Textures/T_Anisotrophic_M'
[2014.11.17-18.14.17:733][674]LogLinker:Warning: Can't find file for asset '/Game/ArchVis/Textures/T_Anisotrophic_M' while loading ../../../../../../Users/Jeremy/Documents/GitHub/Study-Session/Trial_third_person/Content/StarterContent/Mesh/Materials/M_Door_MAT.uasset.
[2014.11.17-18.14.17:734][674]LogLinker:Warning: Can't find file '/Game/ArchVis/Textures/T_Anisotrophic_N'
[2014.11.17-18.14.17:734][674]LogLinker:Warning: Can't find file for asset '/Game/ArchVis/Textures/T_Anisotrophic_N' while loading ../../../../../../Users/Jeremy/Documents/GitHub/Study-Session/Trial_third_person/Content/StarterContent/Mesh/Materials/M_Door_MAT.uasset.
[2014.11.17-18.14.17:734][674]LogLinker:Warning: Can't find file '/Game/ArchVis/Textures/T_Door_AOMask'
[2014.11.17-18.14.17:734][674]LogLinker:Warning: Can't find file for asset '/Game/ArchVis/Textures/T_Door_AOMask' while loading ../../../../../../Users/Jeremy/Documents/GitHub/Study-Session/Trial_third_person/Content/StarterContent/Mesh/Materials/M_Door_MAT.uasset.
[2014.11.17-18.14.17:735][674]LogLinker:Warning: Can't find file '/Game/ArchVis/Textures/T_Door_M'
[2014.11.17-18.14.17:735][674]LogLinker:Warning: Can't find file for asset '/Game/ArchVis/Textures/T_Door_M' while loading ../../../../../../Users/Jeremy/Documents/GitHub/Study-Session/Trial_third_person/Content/StarterContent/Mesh/Materials/M_Door_MAT.uasset.
[2014.11.17-18.14.17:735][674]LogLinker:Warning: Can't find file '/Game/ArchVis/Textures/T_Door_N'
[2014.11.17-18.14.17:735][674]LogLinker:Warning: Can't find file for asset '/Game/ArchVis/Textures/T_Door_N' while loading ../../../../../../Users/Jeremy/Documents/GitHub/Study-Session/Trial_third_person/Content/StarterContent/Mesh/Materials/M_Door_MAT.uasset.
[2014.11.17-18.14.17:736][674]LogLinker:Warning: Can't find file '/Game/ArchVis/Textures/T_Wood'
[2014.11.17-18.14.17:736][674]LogLinker:Warning: Can't find file for asset '/Game/ArchVis/Textures/T_Wood' while loading ../../../../../../Users/Jeremy/Documents/GitHub/Study-Session/Trial_third_person/Content/StarterContent/Mesh/Materials/M_Door_MAT.uasset.
[2014.11.17-18.14.17:736][674]LogLinker:Warning: Can't find file '/Game/ArchVis/Textures/T_Wood_S'
[2014.11.17-18.14.17:737][674]LogLinker:Warning: Can't find file for asset '/Game/ArchVis/Textures/T_Wood_S' while loading ../../../../../../Users/Jeremy/Documents/GitHub/Study-Session/Trial_third_person/Content/StarterContent/Mesh/Materials/M_Door_MAT.uasset.
[2014.11.17-18.14.17:745][674]LogLinker:Warning: Can't find file '/Game/ArchVis/Materials/MI_Couch_NOSSS_Mat_Inst'
[2014.11.17-18.14.17:745][674]LogLinker:Warning: Can't find file for asset '/Game/ArchVis/Materials/MI_Couch_NOSSS_Mat_Inst' while loading ../../../../../../Users/Jeremy/Documents/GitHub/Study-Session/Trial_third_person/Content/StarterContent/Mesh/SM_Couch_1seat.uasset.
[2014.11.17-18.14.17:745][674]LoadErrors:Error: Error /Game/StarterContent/Mesh/SM_Couch_1seat : Can't find file for asset. /Game/ArchVis/Materials/MI_Couch_NOSSS_Mat_Inst
[2014.11.17-18.14.17:745][674]LogLinker:Warning: Can't find file '/Game/ArchVis/Materials/MI_Couch_NOSSS_Mat_Inst'
[2014.11.17-18.14.17:746][674]LogLinker:Warning: Can't find file for asset '/Game/ArchVis/Materials/MI_Couch_NOSSS_Mat_Inst' while loading ../../../../../../Users/Jeremy/Documents/GitHub/Study-Session/Trial_third_person/Content/StarterContent/Mesh/SM_Couch_1seat.uasset.
[2014.11.17-18.14.17:750][674]LogLinker:Warning: Can't find file '/Game/ArchVis/Materials/M_Door_MAT_Inst'
[2014.11.17-18.14.17:750][674]LogLinker:Warning: Can't find file for asset '/Game/ArchVis/Materials/M_Door_MAT_Inst' while loading ../../../../../../Users/Jeremy/Documents/GitHub/Study-Session/Trial_third_person/Content/StarterContent/Mesh/SM_Door.uasset.
[2014.11.17-18.14.17:750][674]LoadErrors:Error: Error /Game/StarterContent/Mesh/SM_Door : Can't find file for asset. /Game/ArchVis/Materials/M_Door_MAT_Inst
[2014.11.17-18.14.17:751][674]LogLinker:Warning: Can't find file '/Game/ArchVis/Materials/M_Door_MAT_Inst'
[2014.11.17-18.14.17:751][674]LogLinker:Warning: Can't find file for asset '/Game/ArchVis/Materials/M_Door_MAT_Inst' while loading ../../../../../../Users/Jeremy/Documents/GitHub/Study-Session/Trial_third_person/Content/StarterContent/Mesh/SM_Door.uasset.
[2014.11.17-18.14.17:861][674]LogLinker:Warning: Can't find file '/Game/ArchVis/Textures/T_Door_N'
[2014.11.17-18.14.17:861][674]LoadErrors: Info Failed to load /Game/ArchVis/Textures/T_Door_N.T_Door_N Referenced by M_Door_MAT
[2014.11.17-18.14.17:861][674]LogLinker:Warning: Can't find file for asset '/Game/ArchVis/Textures/T_Door_N' while loading NULL.
[2014.11.17-18.14.17:862][674]LogLinker:Warning: Can't find file '/Game/ArchVis/Textures/T_Door_M'
[2014.11.17-18.14.17:862][674]LoadErrors: Info Failed to load /Game/ArchVis/Textures/T_Door_M.T_Door_M Referenced by M_Door_MAT
[2014.11.17-18.14.17:862][674]LogLinker:Warning: Can't find file for asset '/Game/ArchVis/Textures/T_Door_M' while loading NULL.
[2014.11.17-18.14.17:862][674]LogLinker:Warning: Can't find file '/Game/ArchVis/Textures/T_Anisotrophic_N'
[2014.11.17-18.14.17:862][674]LoadErrors: Info Failed to load /Game/ArchVis/Textures/T_Anisotrophic_N.T_Anisotrophic_N Referenced by M_Door_MAT
[2014.11.17-18.14.17:863][674]LogLinker:Warning: Can't find file for asset '/Game/ArchVis/Textures/T_Anisotrophic_N' while loading NULL.
[2014.11.17-18.14.17:863][674]LogLinker:Warning: Can't find file '/Game/ArchVis/Textures/T_Wood'
[2014.11.17-18.14.17:863][674]LoadErrors: Info Failed to load /Game/ArchVis/Textures/T_Wood.T_Wood Referenced by M_Door_MAT
[2014.11.17-18.14.17:863][674]LogLinker:Warning: Can't find file for asset '/Game/ArchVis/Textures/T_Wood' while loading NULL.
[2014.11.17-18.14.17:864][674]LogLinker:Warning: Can't find file '/Game/ArchVis/Textures/T_Door_AOMask'
[2014.11.17-18.14.17:864][674]LoadErrors: Info Failed to load /Game/ArchVis/Textures/T_Door_AOMask.T_Door_AOMask Referenced by M_Door_MAT
[2014.11.17-18.14.17:864][674]LogLinker:Warning: Can't find file for asset '/Game/ArchVis/Textures/T_Door_AOMask' while loading NULL.
[2014.11.17-18.14.17:864][674]LogLinker:Warning: Can't find file '/Game/ArchVis/Textures/T_Anisotrophic_M'
[2014.11.17-18.14.17:864][674]LoadErrors: Info Failed to load /Game/ArchVis/Textures/T_Anisotrophic_M.T_Anisotrophic_M Referenced by M_Door_MAT
[2014.11.17-18.14.17:865][674]LogLinker:Warning: Can't find file for asset '/Game/ArchVis/Textures/T_Anisotrophic_M' while loading NULL.
[2014.11.17-18.14.17:865][674]LogLinker:Warning: Can't find file '/Game/ArchVis/Textures/T_Door_AOMask'
[2014.11.17-18.14.17:866][674]LoadErrors: Info Failed to load /Game/ArchVis/Textures/T_Door_AOMask.T_Door_AOMask Referenced by MaterialExpressionTextureSample_0 Property /Script/Engine.MaterialExpressionTextureBase:Texture
[2014.11.17-18.14.17:866][674]LogLinker:Warning: Can't find file for asset '/Game/ArchVis/Textures/T_Door_AOMask' while loading NULL.
[2014.11.17-18.14.17:866][674]LogLinker:Warning: Can't find file '/Game/ArchVis/Textures/T_Door_M'
[2014.11.17-18.14.17:867][674]LoadErrors: Info Failed to load /Game/ArchVis/Textures/T_Door_M.T_Door_M Referenced by MaterialExpressionTextureSample_1 Property /Script/Engine.MaterialExpressionTextureBase:Texture
[2014.11.17-18.14.17:867][674]LogLinker:Warning: Can't find file for asset '/Game/ArchVis/Textures/T_Door_M' while loading NULL.
[2014.11.17-18.14.17:867][674]LogLinker:Warning: Can't find file '/Game/ArchVis/Textures/T_Door_N'
[2014.11.17-18.14.17:867][674]LoadErrors: Info Failed to load /Game/ArchVis/Textures/T_Door_N.T_Door_N Referenced by MaterialExpressionTextureSample_2 Property /Script/Engine.MaterialExpressionTextureBase:Texture
[2014.11.17-18.14.17:868][674]LogLinker:Warning: Can't find file for asset '/Game/ArchVis/Textures/T_Door_N' while loading NULL.
[2014.11.17-18.14.17:868][674]LogLinker:Warning: Can't find file '/Game/ArchVis/Textures/T_Wood'
[2014.11.17-18.14.17:868][674]LoadErrors: Info Failed to load /Game/ArchVis/Textures/T_Wood.T_Wood Referenced by MaterialExpressionTextureSample_3 Property /Script/Engine.MaterialExpressionTextureBase:Texture
[2014.11.17-18.14.17:868][674]LogLinker:Warning: Can't find file for asset '/Game/ArchVis/Textures/T_Wood' while loading NULL.
[2014.11.17-18.14.17:869][674]LogLinker:Warning: Can't find file '/Game/ArchVis/Textures/T_Wood_S'
[2014.11.17-18.14.17:869][674]LoadErrors: Info Failed to load /Game/ArchVis/Textures/T_Wood_S.T_Wood_S Referenced by MaterialExpressionTextureSample_4 Property /Script/Engine.MaterialExpressionTextureBase:Texture
[2014.11.17-18.14.17:869][674]LogLinker:Warning: Can't find file for asset '/Game/ArchVis/Textures/T_Wood_S' while loading NULL.
[2014.11.17-18.14.17:869][674]LogLinker:Warning: Can't find file '/Game/ArchVis/Textures/T_Anisotrophic_M'
[2014.11.17-18.14.17:869][674]LoadErrors: Info Failed to load /Game/ArchVis/Textures/T_Anisotrophic_M.T_Anisotrophic_M Referenced by MaterialExpressionTextureSample_7 Property /Script/Engine.MaterialExpressionTextureBase:Texture
[2014.11.17-18.14.17:870][674]LogLinker:Warning: Can't find file for asset '/Game/ArchVis/Textures/T_Anisotrophic_M' while loading NULL.
[2014.11.17-18.14.17:870][674]LogLinker:Warning: Can't find file '/Game/ArchVis/Textures/T_Anisotrophic_N'
[2014.11.17-18.14.17:870][674]LoadErrors: Info Failed to load /Game/ArchVis/Textures/T_Anisotrophic_N.T_Anisotrophic_N Referenced by MaterialExpressionTextureSample_8 Property /Script/Engine.MaterialExpressionTextureBase:Texture
[2014.11.17-18.14.17:870][674]LogLinker:Warning: Can't find file for asset '/Game/ArchVis/Textures/T_Anisotrophic_N' while loading NULL.
[2014.11.17-18.14.17:871][674]LogLinker:Warning: Can't find file '/Game/ArchVis/Materials/M_Door_MAT_Inst'
[2014.11.17-18.14.17:871][674]LoadErrors: Info Failed to load /Game/ArchVis/Materials/M_Door_MAT_Inst.M_Door_MAT_Inst Referenced by SM_Door Property /Script/Engine.StaticMesh:Materials
[2014.11.17-18.14.17:871][674]LogLinker:Warning: Can't find file for asset '/Game/ArchVis/Materials/M_Door_MAT_Inst' while loading NULL.
[2014.11.17-18.14.17:872][674]LogLinker:Warning: Can't find file '/Game/ArchVis/Materials/MI_Couch_NOSSS_Mat_Inst'
[2014.11.17-18.14.17:872][674]LoadErrors: Info Failed to load /Game/ArchVis/Materials/MI_Couch_NOSSS_Mat_Inst.MI_Couch_NOSSS_Mat_Inst Referenced by SM_Couch_1seat Property /Script/Engine.StaticMesh:Materials
[2014.11.17-18.14.17:872][674]LogLinker:Warning: Can't find file for asset '/Game/ArchVis/Materials/MI_Couch_NOSSS_Mat_Inst' while loading NULL.
[2014.11.17-18.14.17:873][674]LogLinker:Warning: Can't find file '/Game/ArchVis/Materials/MI_Couch_NOSSS_Mat_Inst'
[2014.11.17-18.14.17:873][674]LogLinker:Warning: Can't find file for asset '/Game/ArchVis/Materials/MI_Couch_NOSSS_Mat_Inst' while loading NULL.
[2014.11.17-18.14.18:102][674]LogMaterial: Missing cached shader map for material M_Door_MAT, compiling.
[2014.11.17-18.14.18:103][674]LogMaterial:Warning: Failed to compile Material /Game/StarterContent/Mesh/Materials/M_Door_MAT.M_Door_MAT for platform PCD3D_SM5, Default Material will be used in game.
[2014.11.17-18.14.18:103][674]LogMaterial:Warning: 	(Node TextureSample) TextureSample> Missing input texture
[2014.11.17-18.14.18:107][674]LogStaticMesh: Building static mesh SM_Couch_1seat...
[2014.11.17-18.14.18:290][674]LogStaticMesh: Built static mesh [184.950607ms] /Game/StarterContent/Mesh/SM_Couch_1seat.SM_Couch_1seat
[2014.11.17-18.14.18:378][674]LogStaticMesh: Building static mesh SM_Door...
[2014.11.17-18.14.18:430][674]LogStaticMesh: Built static mesh [54.038361ms] /Game/StarterContent/Mesh/SM_Door.SM_Door
[2014.11.17-18.14.18:692][674]LogTexture:Display: Building textures: HQ_Lightmap1_2 (AutoDXT)
[2014.11.17-18.14.20:041][674]LogTexture:Display: Building textures: HQ_Lightmap1_3 (AutoDXT)
[2014.11.17-18.14.20:807][674]LogTexture:Display: Building textures: HQ_Lightmap1_4 (AutoDXT)
[2014.11.17-18.14.20:862][674]LogTexture:Display: Building textures: LQ_Lightmap_1_2 (DXT1)
[2014.11.17-18.14.22:795][674]LogTexture:Display: Building textures: LQ_Lightmap_1_3 (DXT1)
[2014.11.17-18.14.23:192][674]LogTexture:Display: Building textures: LQ_Lightmap_1_4 (DXT1)
[2014.11.17-18.14.23:284][674]LogTexture:Display: Building textures: ShadowMapTexture2D_6 (BGRA8)
[2014.11.17-18.14.23:599][674]Cmd: MAP LOAD FILE="../../../../../../Users/Jeremy/Documents/GitHub/Study-Session/Trial_third_person/Content/Maps/School.umap" TEMPLATE=0 SHOWPROGRESS=1
[2014.11.17-18.14.23:599][674]LightingResults: New page: Lighting Build
[2014.11.17-18.14.23:640][674]LoadErrors: New page: Loading map: School.umap
[2014.11.17-18.14.23:642][674]MapCheck: New page: Map Check
[2014.11.17-18.14.23:642][674]LightingResults: New page: Lighting Build
[2014.11.17-18.14.23:669][674]LogParticles: Destroying 0 GPU particle simulations for FXSystem 0x000000001C37C7C0
[2014.11.17-18.14.23:773][674]LogEditorServer: Finished looking for orphan Actors (0.000 secs)
[2014.11.17-18.14.23:773][674]LogAIModule: Creating AISystem for world School
[2014.11.17-18.14.23:837][674]Cmd: MAP CHECKDEP
[2014.11.17-18.14.23:838][674]MapCheck: New page: School - Nov 17, 2014, 2:14:23 AM
[2014.11.17-18.14.23:955][674]MapCheck: Info Map check complete: 0 Error(s), 0 Warning(s), took 117.195ms to complete.
[2014.11.17-18.14.23:955][674]LogFileHelpers: Loading map 'School' took 0.358
[2014.11.17-18.14.28:212][ 63]MapCheck: New page: Map Check
[2014.11.17-18.14.28:233][ 63]Cmd: MAP REBUILD ALLVISIBLE
[2014.11.17-18.14.28:233][ 63]LogEditorServer: Rebuildmap Clear paths rebuilt
[2014.11.17-18.14.28:527][ 63]LightingResults: New page: Lighting Build - Nov 17, 2014, 2:14:28 AM
[2014.11.17-18.14.33:708][ 63]LogStaticLightingSystem:Warning: No importance volume found, so the scene bounding box was used.  You can optimize your scene's quality and lighting build times by adding importance volumes.
[2014.11.17-18.14.33:736][ 63]LogStaticLightingSystem: Running Lightmass w/ ImmediateImport mode ENABLED
[2014.11.17-18.14.33:736][ 63]LogStaticLightingSystem: Running Lightmass w/ ImmediateProcess mode ENABLED
[2014.11.17-18.14.33:736][ 63]LogStaticLightingSystem: Running Lightmass w/ Sorting mode ENABLED
[2014.11.17-18.14.33:736][ 63]LogStaticLightingSystem: Running Lightmass w/ Mapping paddings ENABLED
[2014.11.17-18.14.33:736][ 63]LogStaticLightingSystem: Running Lightmass w/ Mapping debug paddings DISABLED
[2014.11.17-18.14.33:871][ 63]LogEditorBuildUtils: Build time 0:00:05
[2014.11.17-18.14.33:879][ 63]LogMaterial: Missing cached shader map for material FLightmassMaterialRenderer M_Door_MAT, compiling.
[2014.11.17-18.14.33:899][ 63]LogMaterial: Missing cached shader map for material FLightmassMaterialRenderer M_Door_MAT, compiling.
[2014.11.17-18.14.33:954][ 64]LogMaterial: Missing cached shader map for material FLightmassMaterialRenderer M_Basic_Wall, compiling.
[2014.11.17-18.14.33:958][ 64]LogMaterial: Missing cached shader map for material FLightmassMaterialRenderer M_Basic_Wall, compiling.
[2014.11.17-18.14.33:997][ 65]LogMaterial: Missing cached shader map for material FLightmassMaterialRenderer M_Ceramic_Tile_Checker, compiling.
[2014.11.17-18.14.34:001][ 65]LogMaterial: Missing cached shader map for material FLightmassMaterialRenderer M_Ceramic_Tile_Checker, compiling.
[2014.11.17-18.14.34:016][ 66]LogMaterial: Missing cached shader map for material FLightmassMaterialRenderer M_Concrete_Poured, compiling.
[2014.11.17-18.14.34:035][ 66]LogMaterial: Missing cached shader map for material FLightmassMaterialRenderer M_Concrete_Poured, compiling.
[2014.11.17-18.14.37:331][ 70]LogSavePackage: Save=532.691956ms
[2014.11.17-18.14.37:331][ 70]LogSavePackage: Moving '../../../../../../Users/Jeremy/Documents/GitHub/Study-Session/Trial_third_person/Saved/SchoolA4DB41884A28427033FDBE8A0706B8C3.tmp' to '../../../../../../Users/Jeremy/Documents/GitHub/Study-Session/Trial_third_person/Content/Maps/School.umap'
[2014.11.17-18.14.38:601][125]LogPlayLevel: PIE:  No blueprints needed recompiling
[2014.11.17-18.14.38:601][125]PIE: New page: PIE session: School (Nov 17, 2014, 2:14:38 AM)
[2014.11.17-18.14.38:640][125]LogPlayLevel: PIE: StaticDuplicateObject took: (0.038556s)
[2014.11.17-18.14.38:641][125]LogPlayLevel: PIE: World Init took: (0.000992s)
[2014.11.17-18.14.38:641][125]LogPlayLevel: PIE: Created PIE world by copying editor world from /Game/Maps/School.School to /Game/Maps/UEDPIE_0_School.School (0.039815s)
[2014.11.17-18.14.38:673][125]LogWorld: Game class is 'MyGame_C'
[2014.11.17-18.14.38:677][125]LogAIModule: Creating AISystem for world School
[2014.11.17-18.14.38:682][125]LogWorld: Bringing World /Game/Maps/UEDPIE_0_School.School up for play (max tick rate 0) at 2014.11.17-10.14.38
[2014.11.17-18.14.38:788][125]LogWorld: Bringing up level for play took: 0.111270
[2014.11.17-18.14.38:791][125]PIE: Info Play in editor start time for /Game/Maps/UEDPIE_0_School 0.209
[2014.11.17-18.14.41:694][257]LogParticles: Destroying 0 GPU particle simulations for FXSystem 0x000000001C37E3E0
[2014.11.17-18.14.44:486][454]MapCheck: New page: Map Check
[2014.11.17-18.14.44:553][454]Cmd: MAP CHECK DONTDISPLAYDIALOG
[2014.11.17-18.14.44:553][454]MapCheck: New page: School - Nov 17, 2014, 2:14:44 AM
[2014.11.17-18.14.44:566][454]MapCheck:Error: Error WorldInfo_0 Maps need lighting rebuilt 
[2014.11.17-18.14.44:700][454]MapCheck: Info Map check complete: 1 Error(s), 0 Warning(s), took 146.943ms to complete.
[2014.11.17-18.14.44:721][454]LogEditorBuildUtils: Build time 0:00:00
[2014.11.17-18.15.26:633][859]Job is a success!
[2014.11.17-18.15.28:020][860]LogTexture:Display: Building textures: HQ_Lightmap0_1 (AutoDXT)
[2014.11.17-18.15.28:603][860]LogTexture:Display: Building textures: LQ_Lightmap_0_4 (DXT1)
[2014.11.17-18.15.28:614][860]LogTexture:Display: Building textures: HQ_Lightmap0_4 (AutoDXT)
[2014.11.17-18.15.28:628][860]LogTexture:Display: Building textures: LQ_Lightmap_0_3 (DXT1)
[2014.11.17-18.15.29:044][860]LogTexture:Display: Building textures: HQ_Lightmap0_3 (AutoDXT)
[2014.11.17-18.15.29:778][860]LogTexture:Display: Building textures: LQ_Lightmap_0_2 (DXT1)
[2014.11.17-18.15.30:508][860]LogTexture:Display: Building textures: HQ_Lightmap0_2 (AutoDXT)
[2014.11.17-18.15.31:822][860]LogTexture:Display: Building textures: LQ_Lightmap_0_1 (DXT1)
[2014.11.17-18.15.32:439][860]LogTexture:Display: Building textures: ShadowMapTexture2D_16 (BGRA8)
[2014.11.17-18.15.33:429][860]LogTexture:Display: Building textures: ShadowMapTexture2D_17 (BGRA8)
[2014.11.17-18.15.33:681][860]Lightmass on BRIANA-DESKTOP: 55.2 sec total, 303 ms importing, 378 ms setup, 2.27 sec photons, 52.2 sec processing, 0 ms extra exporting [361/361 mappings]. Threads: 3:29 min total, 2:14 min processing.
[2014.11.17-18.15.33:749][860]LogStaticLightingSystem:Warning: Illumination: 1:04 min (6.10 sec encoding lightmaps)
[2014.11.17-18.15.33:749][860]LogStaticLightingSystem: Lightmap texture memory:  4.0 MB (2.7 MB streaming, 1.3 MB non-streaming), 8 textures
[2014.11.17-18.15.33:749][860]LogStaticLightingSystem: Shadowmap texture memory: 0.0 MB (0.0 MB streaming, 0.0 MB non-streaming), 17 textures
[2014.11.17-18.15.34:749][861]Cmd: MAP CHECK NOTIFYRESULTS
[2014.11.17-18.15.34:749][861]MapCheck: New page: School - Nov 17, 2014, 2:15:34 AM
[2014.11.17-18.15.34:907][861]MapCheck: Info Map check complete: 0 Error(s), 0 Warning(s), took 158.203ms to complete.
[2014.11.17-18.15.38:495][869]LogSavePackage: Save=827.163452ms
[2014.11.17-18.15.38:495][869]LogSavePackage: Moving '../../../../../../Users/Jeremy/Documents/GitHub/Study-Session/Trial_third_person/Saved/School80B0104A4271A3A5D4E05EB1F0EA5881.tmp' to '../../../../../../Users/Jeremy/Documents/GitHub/Study-Session/Trial_third_person/Content/Maps/School.umap'
[2014.11.17-18.15.40:297][987]BlueprintLog: New page: Pre-PIE auto-recompile
[2014.11.17-18.15.40:297][987]LogPlayLevel: [PIE] Compiling Tutorial_BP_MacroLib before PIE...
[2014.11.17-18.15.41:748][987]LogPlayLevel: PIE:  Blueprint regeneration took 1451 ms (1 blueprints)
[2014.11.17-18.15.41:749][987]PIE: New page: PIE session: School (Nov 17, 2014, 2:15:41 AM)
[2014.11.17-18.15.41:785][987]LogPlayLevel: PIE: StaticDuplicateObject took: (0.036187s)
[2014.11.17-18.15.41:786][987]LogPlayLevel: PIE: World Init took: (0.000882s)
[2014.11.17-18.15.41:786][987]LogPlayLevel: PIE: Created PIE world by copying editor world from /Game/Maps/School.School to /Game/Maps/UEDPIE_0_School.School (0.037300s)
[2014.11.17-18.15.41:816][987]LogWorld: Game class is 'MyGame_C'
[2014.11.17-18.15.41:820][987]LogAIModule: Creating AISystem for world School
[2014.11.17-18.15.41:826][987]LogWorld: Bringing World /Game/Maps/UEDPIE_0_School.School up for play (max tick rate 0) at 2014.11.17-10.15.41
[2014.11.17-18.15.41:827][987]LogWorld: Bringing up level for play took: 0.006848
[2014.11.17-18.15.41:830][987]PIE: Info Play in editor start time for /Game/Maps/UEDPIE_0_School 1.249
[2014.11.17-18.15.44:124][115]LogTexture:Warning: Failed to stream mip data from the derived data cache for /Game/Maps/School.HQ_Lightmap1_3. Streaming mips will be recached.
[2014.11.17-18.15.44:148][115]LogTexture:Display: Building textures: HQ_Lightmap1_3 (AutoDXT)
[2014.11.17-18.16.15:398][830]LogTexture:Warning: Failed to stream mip data from the derived data cache for /Game/Maps/School.HQ_Lightmap1_2. Streaming mips will be recached.
[2014.11.17-18.16.15:426][830]LogTexture:Display: Building textures: HQ_Lightmap1_2 (AutoDXT)
[2014.11.17-18.17.17:859][933]LogParticles: Destroying 0 GPU particle simulations for FXSystem 0x000000000B955300
[2014.11.17-18.17.27:936][322]LogContentBrowser:Verbose: The content browser source was changed by the sources view to '/Game/UMG'
[2014.11.17-18.18.57:926][790]Cmd: OBJ SAVEPACKAGE PACKAGE="/Game/UMG/GameHUD" FILE="../../../../../../Users/Jeremy/Documents/GitHub/Study-Session/Trial_third_person/Content/UMG/GameHUD.uasset" SILENT=true
[2014.11.17-18.18.57:971][790]LogSavePackage: Save=23.013470ms
[2014.11.17-18.18.57:971][790]LogSavePackage: Moving '../../../../../../Users/Jeremy/Documents/GitHub/Study-Session/Trial_third_person/Saved/GameHUDF39B863E4E21BC0649BC848FDE46768F.tmp' to '../../../../../../Users/Jeremy/Documents/GitHub/Study-Session/Trial_third_person/Content/UMG/GameHUD.uasset'
[2014.11.17-18.19.04:871][203]MapCheck: New page: Map Check
[2014.11.17-18.19.04:890][203]Cmd: MAP REBUILD ALLVISIBLE
[2014.11.17-18.19.04:890][203]LogEditorServer: Rebuildmap Clear paths rebuilt
[2014.11.17-18.19.05:148][203]LightingResults: New page: Lighting Build - Nov 17, 2014, 2:19:05 AM
[2014.11.17-18.19.10:337][203]LogStaticLightingSystem:Warning: No importance volume found, so the scene bounding box was used.  You can optimize your scene's quality and lighting build times by adding importance volumes.
[2014.11.17-18.19.10:366][203]LogStaticLightingSystem: Running Lightmass w/ ImmediateImport mode ENABLED
[2014.11.17-18.19.10:366][203]LogStaticLightingSystem: Running Lightmass w/ ImmediateProcess mode ENABLED
[2014.11.17-18.19.10:366][203]LogStaticLightingSystem: Running Lightmass w/ Sorting mode ENABLED
[2014.11.17-18.19.10:366][203]LogStaticLightingSystem: Running Lightmass w/ Mapping paddings ENABLED
[2014.11.17-18.19.10:366][203]LogStaticLightingSystem: Running Lightmass w/ Mapping debug paddings DISABLED
[2014.11.17-18.19.10:465][203]LogEditorBuildUtils: Build time 0:00:05
[2014.11.17-18.19.11:353][207]LogParticles: Destroying 0 GPU particle simulations for FXSystem 0x0000000014D9B920
[2014.11.17-18.19.14:068][392]BlueprintLog: New page: Pre-PIE auto-recompile
[2014.11.17-18.19.14:068][392]LogPlayLevel: [PIE] Compiling GameHUD before PIE...
[2014.11.17-18.19.14:149][392]LogPlayLevel: [PIE] Compiling MyCharacter before PIE...
[2014.11.17-18.19.14:372][392]LogPlayLevel: PIE:  Blueprint regeneration took 303 ms (2 blueprints)
[2014.11.17-18.19.14:372][392]PIE: New page: PIE session: School (Nov 17, 2014, 2:19:14 AM)
[2014.11.17-18.19.14:411][392]LogPlayLevel: PIE: StaticDuplicateObject took: (0.039178s)
[2014.11.17-18.19.14:412][392]LogPlayLevel: PIE: World Init took: (0.000898s)
[2014.11.17-18.19.14:412][392]LogPlayLevel: PIE: Created PIE world by copying editor world from /Game/Maps/School.School to /Game/Maps/UEDPIE_0_School.School (0.040317s)
[2014.11.17-18.19.14:442][392]LogWorld: Game class is 'MyGame_C'
[2014.11.17-18.19.14:445][392]LogAIModule: Creating AISystem for world School
[2014.11.17-18.19.14:452][392]LogWorld: Bringing World /Game/Maps/UEDPIE_0_School.School up for play (max tick rate 0) at 2014.11.17-10.19.14
[2014.11.17-18.19.14:453][392]LogWorld: Bringing up level for play took: 0.007601
[2014.11.17-18.19.14:457][392]PIE: Info Play in editor start time for /Game/Maps/UEDPIE_0_School -0.124
[2014.11.17-18.19.40:649][594]LogParticles: Destroying 0 GPU particle simulations for FXSystem 0x00000000042A0A40
[2014.11.17-18.20.08:773][753]Job is a success!
[2014.11.17-18.20.09:756][754]LogTexture:Display: Building textures: HQ_Lightmap0_1 (AutoDXT)
[2014.11.17-18.20.10:333][754]LogTexture:Display: Building textures: LQ_Lightmap_1_4 (DXT1)
[2014.11.17-18.20.10:345][754]LogTexture:Display: Building textures: HQ_Lightmap1_4 (AutoDXT)
[2014.11.17-18.20.10:359][754]LogTexture:Display: Building textures: LQ_Lightmap_1_3 (DXT1)
[2014.11.17-18.20.10:749][754]LogTexture:Display: Building textures: HQ_Lightmap1_3 (AutoDXT)
[2014.11.17-18.20.11:466][754]LogTexture:Display: Building textures: LQ_Lightmap_1_2 (DXT1)
[2014.11.17-18.20.12:162][754]LogTexture:Display: Building textures: HQ_Lightmap1_2 (AutoDXT)
[2014.11.17-18.20.13:493][754]LogTexture:Display: Building textures: LQ_Lightmap_0_1 (DXT1)
[2014.11.17-18.20.14:028][754]LogTexture:Display: Building textures: ShadowMapTexture2D_18 (BGRA8)
[2014.11.17-18.20.15:007][754]LogTexture:Display: Building textures: ShadowMapTexture2D_19 (BGRA8)
[2014.11.17-18.20.15:330][754]Lightmass on BRIANA-DESKTOP: 1:03 min total, 274 ms importing, 355 ms setup, 1.33 sec photons, 1:01 min processing, 0 ms extra exporting [361/361 mappings]. Threads: 4:05 min total, 2:42 min processing.
[2014.11.17-18.20.15:380][754]LogStaticLightingSystem:Warning: Illumination: 1:10 min (5.97 sec encoding lightmaps)
[2014.11.17-18.20.15:380][754]LogStaticLightingSystem: Lightmap texture memory:  4.0 MB (2.7 MB streaming, 1.3 MB non-streaming), 8 textures
[2014.11.17-18.20.15:380][754]LogStaticLightingSystem: Shadowmap texture memory: 0.0 MB (0.0 MB streaming, 0.0 MB non-streaming), 19 textures
[2014.11.17-18.20.16:383][755]Cmd: MAP CHECK NOTIFYRESULTS
[2014.11.17-18.20.16:383][755]MapCheck: New page: School - Nov 17, 2014, 2:20:16 AM
[2014.11.17-18.20.16:541][755]MapCheck: Info Map check complete: 0 Error(s), 0 Warning(s), took 158.104ms to complete.
[2014.11.17-18.20.19:596][877]Cmd: OBJ SAVEPACKAGE PACKAGE="/Game/UMG/GameHUD" FILE="../../../../../../Users/Jeremy/Documents/GitHub/Study-Session/Trial_third_person/Content/UMG/GameHUD.uasset" SILENT=true
[2014.11.17-18.20.19:637][877]LogSavePackage: Save=22.601336ms
[2014.11.17-18.20.19:637][877]LogSavePackage: Moving '../../../../../../Users/Jeremy/Documents/GitHub/Study-Session/Trial_third_person/Saved/GameHUDEA8ABDCC4DC96F9C260556803839E291.tmp' to '../../../../../../Users/Jeremy/Documents/GitHub/Study-Session/Trial_third_person/Content/UMG/GameHUD.uasset'
[2014.11.17-18.20.21:289][942]BlueprintLog: New page: Compile GameHUD
[2014.11.17-18.20.21:441][942]BlueprintEditorCompileResults: Info [0855.87] Compile of GameHUD successful! [in 4 ms]
[2014.11.17-18.20.23:879][ 38]Cmd: OBJ SAVEPACKAGE PACKAGE="/Game/UMG/GameHUD" FILE="../../../../../../Users/Jeremy/Documents/GitHub/Study-Session/Trial_third_person/Content/UMG/GameHUD.uasset" SILENT=true
[2014.11.17-18.20.23:913][ 38]LogSavePackage: Save=21.508181ms
[2014.11.17-18.20.23:913][ 38]LogSavePackage: Moving '../../../../../../Users/Jeremy/Documents/GitHub/Study-Session/Trial_third_person/Saved/GameHUDA4382B3E4B3C780E6CE93E816F809D96.tmp' to '../../../../../../Users/Jeremy/Documents/GitHub/Study-Session/Trial_third_person/Content/UMG/GameHUD.uasset'
[2014.11.17-18.20.27:894][278]BlueprintLog: New page: Pre-PIE auto-recompile
[2014.11.17-18.20.27:894][278]LogPlayLevel: [PIE] Compiling MyCharacter before PIE...
[2014.11.17-18.20.28:074][278]LogPlayLevel: [PIE] Compiling GameHUD before PIE...
[2014.11.17-18.20.28:196][278]LogParticles: Destroying 0 GPU particle simulations for FXSystem 0x000000001C359BC0
[2014.11.17-18.20.28:196][278]LogPlayLevel: PIE:  Blueprint regeneration took 301 ms (2 blueprints)
[2014.11.17-18.20.28:196][278]PIE: New page: PIE session: School (Nov 17, 2014, 2:20:28 AM)
[2014.11.17-18.20.28:232][278]LogPlayLevel: PIE: StaticDuplicateObject took: (0.035935s)
[2014.11.17-18.20.28:233][278]LogPlayLevel: PIE: World Init took: (0.000878s)
[2014.11.17-18.20.28:233][278]LogPlayLevel: PIE: Created PIE world by copying editor world from /Game/Maps/School.School to /Game/Maps/UEDPIE_0_School.School (0.037038s)
[2014.11.17-18.20.28:261][278]LogWorld: Game class is 'MyGame_C'
[2014.11.17-18.20.28:265][278]LogAIModule: Creating AISystem for world School
[2014.11.17-18.20.28:271][278]LogWorld: Bringing World /Game/Maps/UEDPIE_0_School.School up for play (max tick rate 0) at 2014.11.17-10.20.28
[2014.11.17-18.20.28:272][278]LogWorld: Bringing up level for play took: 0.007092
[2014.11.17-18.20.28:275][278]PIE: Info Play in editor start time for /Game/Maps/UEDPIE_0_School -0.306
[2014.11.17-18.20.36:987][753]LogParticles: Destroying 0 GPU particle simulations for FXSystem 0x000000001E526840
[2014.11.17-18.21.50:948][161]LogContentBrowser:Verbose: The content browser source was changed by the sources view to '/Game/Blueprints'
[2014.11.17-18.21.51:627][185]LogTexture:Warning: Failed to stream mip data from the derived data cache for /Game/Maps/School.HQ_Lightmap0_2. Streaming mips will be recached.
[2014.11.17-18.21.51:637][185]LogTexture:Display: Building textures: HQ_Lightmap0_2 (AutoDXT)
[2014.11.17-18.22.03:131][ 93]LogActorComponent: UnregisterComponent: (/Engine/Transient.CharacterMovementComponent_0) Not registered. Aborting.
[2014.11.17-18.22.13:629][ 62]BlueprintLog: New page: Compile MyCharacter
[2014.11.17-18.22.14:016][ 62]BlueprintEditorCompileResults: Info [0968.37] Compile of MyCharacter successful! [in 88 ms]
[2014.11.17-18.22.21:197][627]BlueprintLog: New page: Compile MyCharacter
[2014.11.17-18.22.21:575][627]BlueprintEditorCompileResults: Info [0975.94] Compile of MyCharacter successful! [in 88 ms]
[2014.11.17-18.22.27:828][158]BlueprintLog: New page: Compile MyCharacter
[2014.11.17-18.22.28:211][158]BlueprintEditorCompileResults: Info [0982.57] Compile of MyCharacter successful! [in 91 ms]
[2014.11.17-18.22.29:260][231]Cmd: OBJ SAVEPACKAGE PACKAGE="/Game/Blueprints/MyCharacter" FILE="../../../../../../Users/Jeremy/Documents/GitHub/Study-Session/Trial_third_person/Content/Blueprints/MyCharacter.uasset" SILENT=true
[2014.11.17-18.22.29:737][231]LogSavePackage: Save=456.361206ms
[2014.11.17-18.22.29:737][231]LogSavePackage: Moving '../../../../../../Users/Jeremy/Documents/GitHub/Study-Session/Trial_third_person/Saved/MyCharacter016E01EA475EEFD442CAC7A828E35C87.tmp' to '../../../../../../Users/Jeremy/Documents/GitHub/Study-Session/Trial_third_person/Content/Blueprints/MyCharacter.uasset'
[2014.11.17-18.23.35:352][673]LogRenderer:Warning: Reallocating scene render targets to support 1616x904.
[2014.11.17-18.25.18:050][565]LogSlate:Warning: GetFontFace failed to load or process 'Roboto-Regular'
[2014.11.17-18.25.18:050][565]LogSlate:Warning: GetFontFace failed to load or process 'Roboto-Regular'
[2014.11.17-18.25.18:050][565]LogSlate:Warning: GetFontFace failed to load or process 'Roboto-Regular'
[2014.11.17-18.25.18:051][565]LogSlate:Warning: GetFontFace failed to load or process 'Roboto-Regular'
[2014.11.17-18.25.18:051][565]LogSlate:Warning: GetFontFace failed to load or process 'Roboto-Regular'
[2014.11.17-18.25.18:051][565]LogSlate:Warning: GetFontFace failed to load or process 'Roboto-Regular'
[2014.11.17-18.25.18:051][565]LogSlate:Warning: GetFontFace failed to load or process 'Roboto-Regular'
[2014.11.17-18.25.18:051][565]LogSlate:Warning: GetFontFace failed to load or process 'Roboto-Regular'
[2014.11.17-18.25.18:051][565]LogSlate:Warning: GetFontFace failed to load or process 'Roboto-Regular'
[2014.11.17-18.25.18:051][565]LogSlate:Warning: GetFontFace failed to load or process 'Roboto-Regular'
[2014.11.17-18.25.18:051][565]LogSlate:Warning: GetFontFace failed to load or process 'Roboto-Regular'
[2014.11.17-18.25.18:051][565]LogSlate:Warning: GetFontFace failed to load or process 'Roboto-Regular'
[2014.11.17-18.25.18:052][565]LogSlate:Warning: GetFontFace failed to load or process 'Roboto-Regular'
[2014.11.17-18.25.18:052][565]LogSlate:Warning: GetFontFace failed to load or process 'Roboto-Regular'
[2014.11.17-18.25.18:052][565]LogSlate:Warning: GetFontFace failed to load or process 'Roboto-Regular'
[2014.11.17-18.25.18:052][565]LogSlate:Warning: GetFontFace failed to load or process 'Roboto-Regular'
[2014.11.17-18.25.18:052][565]LogSlate:Warning: GetFontFace failed to load or process 'Roboto-Regular'
[2014.11.17-18.25.18:052][565]LogSlate:Warning: GetFontFace failed to load or process 'Roboto-Regular'
[2014.11.17-18.25.18:052][565]LogSlate:Warning: GetFontFace failed to load or process 'Roboto-Regular'
[2014.11.17-18.25.47:015][144]LogContentBrowser:Verbose: The content browser source was changed by the sources view to 'None'
[2014.11.17-18.25.47:016][144]LogContentBrowser:Verbose: The content browser source was changed by the sources view to '/Game/Blueprints'
[2014.11.17-18.25.50:972][442]LogContentBrowser:Verbose: The content browser source was changed by the sources view to '/Game/UMG'
[2014.11.17-18.25.53:400][649]LogActorComponent: UnregisterComponent: (/Engine/Transient.CharacterMovementComponent_1) Not registered. Aborting.
[2014.11.17-18.25.53:433][649]LogParticles: Destroying 0 GPU particle simulations for FXSystem 0x00000000211C0720
[2014.11.17-18.25.54:202][649]LogSavePackage: Save=690.982422ms
[2014.11.17-18.25.54:202][649]LogSavePackage: Moving '../../../../../../Users/Jeremy/Documents/GitHub/Study-Session/Trial_third_person/Saved/School3437797F49FA9C2B796E2EA5AFF7E774.tmp' to '../../../../../../Users/Jeremy/Documents/GitHub/Study-Session/Trial_third_person/Content/Maps/School.umap'
[2014.11.17-18.26.21:771][560]Cmd: OBJ SAVEPACKAGE PACKAGE="/Game/UMG/GameHUD" FILE="../../../../../../Users/Jeremy/Documents/GitHub/Study-Session/Trial_third_person/Content/UMG/GameHUD.uasset" SILENT=true
[2014.11.17-18.26.21:810][560]LogSavePackage: Save=21.424091ms
[2014.11.17-18.26.21:810][560]LogSavePackage: Moving '../../../../../../Users/Jeremy/Documents/GitHub/Study-Session/Trial_third_person/Saved/GameHUD97A30AB64EE4520E501EBC8C333A31BB.tmp' to '../../../../../../Users/Jeremy/Documents/GitHub/Study-Session/Trial_third_person/Content/UMG/GameHUD.uasset'
[2014.11.17-18.26.22:613][592]BlueprintLog: New page: Compile GameHUD
[2014.11.17-18.26.22:761][592]BlueprintEditorCompileResults: Info [1217.19] Compile of GameHUD successful! [in 4 ms]
[2014.11.17-18.26.23:987][639]Cmd: OBJ SAVEPACKAGE PACKAGE="/Game/UMG/GameHUD" FILE="../../../../../../Users/Jeremy/Documents/GitHub/Study-Session/Trial_third_person/Content/UMG/GameHUD.uasset" SILENT=true
[2014.11.17-18.26.24:023][639]LogSavePackage: Save=21.425070ms
[2014.11.17-18.26.24:023][639]LogSavePackage: Moving '../../../../../../Users/Jeremy/Documents/GitHub/Study-Session/Trial_third_person/Saved/GameHUD60C159294A378F46844BE2B121CF5AD0.tmp' to '../../../../../../Users/Jeremy/Documents/GitHub/Study-Session/Trial_third_person/Content/UMG/GameHUD.uasset'
[2014.11.17-18.29.11:937][669]BlueprintLog: New page: Compile GameHUD
[2014.11.17-18.29.12:094][669]BlueprintEditorCompileResults: Info [1386.52] Compile of GameHUD successful! [in 5 ms]
[2014.11.17-18.29.13:042][704]Cmd: OBJ SAVEPACKAGE PACKAGE="/Game/UMG/GameHUD" FILE="../../../../../../Users/Jeremy/Documents/GitHub/Study-Session/Trial_third_person/Content/UMG/GameHUD.uasset" SILENT=true
[2014.11.17-18.29.13:079][704]LogSavePackage: Save=22.807648ms
[2014.11.17-18.29.13:079][704]LogSavePackage: Moving '../../../../../../Users/Jeremy/Documents/GitHub/Study-Session/Trial_third_person/Saved/GameHUDAF37A8114B06839A32F3B1B8EC4A574E.tmp' to '../../../../../../Users/Jeremy/Documents/GitHub/Study-Session/Trial_third_person/Content/UMG/GameHUD.uasset'
[2014.11.17-18.30.22:827][245]BlueprintLog: New page: Compile GameHUD
[2014.11.17-18.30.22:962][245]BlueprintEditorCompileResults: Info [1457.41] Compile of GameHUD successful! [in 5 ms]
[2014.11.17-18.30.23:527][267]Cmd: OBJ SAVEPACKAGE PACKAGE="/Game/UMG/GameHUD" FILE="../../../../../../Users/Jeremy/Documents/GitHub/Study-Session/Trial_third_person/Content/UMG/GameHUD.uasset" SILENT=true
[2014.11.17-18.30.23:659][267]LogSavePackage: Save=22.347603ms
[2014.11.17-18.30.23:659][267]LogSavePackage: Moving '../../../../../../Users/Jeremy/Documents/GitHub/Study-Session/Trial_third_person/Saved/GameHUD7DBAFFDC4A77D3C25063AF897F4190B6.tmp' to '../../../../../../Users/Jeremy/Documents/GitHub/Study-Session/Trial_third_person/Content/UMG/GameHUD.uasset'
[2014.11.17-18.30.54:761][483]Cmd: OBJ SAVEPACKAGE PACKAGE="/Game/UMG/GameHUD" FILE="../../../../../../Users/Jeremy/Documents/GitHub/Study-Session/Trial_third_person/Content/UMG/GameHUD.uasset" SILENT=true
[2014.11.17-18.30.54:799][483]LogSavePackage: Save=23.127869ms
[2014.11.17-18.30.54:799][483]LogSavePackage: Moving '../../../../../../Users/Jeremy/Documents/GitHub/Study-Session/Trial_third_person/Saved/GameHUD16B0674B4DFD9DD3EF6B118774EE94EA.tmp' to '../../../../../../Users/Jeremy/Documents/GitHub/Study-Session/Trial_third_person/Content/UMG/GameHUD.uasset'
[2014.11.17-18.32.17:402][310]LogSlate:Warning: GetFontFace failed to load or process 'Roboto-Regular'
[2014.11.17-18.32.17:403][310]LogSlate:Warning: GetFontFace failed to load or process 'Roboto-Regular'
[2014.11.17-18.32.17:403][310]LogSlate:Warning: GetFontFace failed to load or process 'Roboto-Regular'
[2014.11.17-18.32.17:403][310]LogSlate:Warning: GetFontFace failed to load or process 'Roboto-Regular'
[2014.11.17-18.32.17:403][310]LogSlate:Warning: GetFontFace failed to load or process 'Roboto-Regular'
[2014.11.17-18.32.17:403][310]LogSlate:Warning: GetFontFace failed to load or process 'Roboto-Regular'
[2014.11.17-18.32.17:403][310]LogSlate:Warning: GetFontFace failed to load or process 'Roboto-Regular'
[2014.11.17-18.32.28:506][886]LogSlate:Warning: GetFontFace failed to load or process 'Roboto-Regular'
[2014.11.17-18.32.28:507][886]LogSlate:Warning: GetFontFace failed to load or process 'Roboto-Regular'
[2014.11.17-18.33.55:353][468]BlueprintLog: New page: Compile GameHUD
[2014.11.17-18.33.55:522][468]BlueprintEditorCompileResults: Info [1669.93] Compile of GameHUD successful! [in 5 ms]
[2014.11.17-18.33.56:265][501]Cmd: OBJ SAVEPACKAGE PACKAGE="/Game/UMG/GameHUD" FILE="../../../../../../Users/Jeremy/Documents/GitHub/Study-Session/Trial_third_person/Content/UMG/GameHUD.uasset" SILENT=true
[2014.11.17-18.33.56:318][501]LogSavePackage: Save=29.443336ms
[2014.11.17-18.33.56:318][501]LogSavePackage: Moving '../../../../../../Users/Jeremy/Documents/GitHub/Study-Session/Trial_third_person/Saved/GameHUD152181014C6CA4FD9A3B86B135C3C037.tmp' to '../../../../../../Users/Jeremy/Documents/GitHub/Study-Session/Trial_third_person/Content/UMG/GameHUD.uasset'
[2014.11.17-18.34.16:952][ 62]BlueprintLog: New page: Pre-PIE auto-recompile
[2014.11.17-18.34.16:952][ 62]LogPlayLevel: [PIE] Compiling MyCharacter before PIE...
[2014.11.17-18.34.17:137][ 62]LogPlayLevel: [PIE] Compiling GameHUD before PIE...
[2014.11.17-18.34.17:280][ 62]LogPlayLevel: PIE:  Blueprint regeneration took 327 ms (2 blueprints)
[2014.11.17-18.34.17:280][ 62]PIE: New page: PIE session: School (Nov 17, 2014, 2:34:17 AM)
[2014.11.17-18.34.17:318][ 62]LogPlayLevel: PIE: StaticDuplicateObject took: (0.037958s)
[2014.11.17-18.34.17:319][ 62]LogPlayLevel: PIE: World Init took: (0.000891s)
[2014.11.17-18.34.17:319][ 62]LogPlayLevel: PIE: Created PIE world by copying editor world from /Game/Maps/School.School to /Game/Maps/UEDPIE_0_School.School (0.039087s)
[2014.11.17-18.34.17:348][ 62]LogWorld: Game class is 'MyGame_C'
[2014.11.17-18.34.17:352][ 62]LogAIModule: Creating AISystem for world School
[2014.11.17-18.34.17:358][ 62]LogWorld: Bringing World /Game/Maps/UEDPIE_0_School.School up for play (max tick rate 0) at 2014.11.17-10.34.17
[2014.11.17-18.34.17:359][ 62]LogWorld: Bringing up level for play took: 0.007177
[2014.11.17-18.34.17:363][ 62]PIE: Info Play in editor start time for /Game/Maps/UEDPIE_0_School 0.782
[2014.11.17-18.34.35:333][895]LogParticles: Destroying 0 GPU particle simulations for FXSystem 0x000000002098D6C0
[2014.11.17-18.34.37:261][991]LogSavePackage: Save=618.778442ms
[2014.11.17-18.34.37:261][991]LogSavePackage: Moving '../../../../../../Users/Jeremy/Documents/GitHub/Study-Session/Trial_third_person/Saved/SchoolB824BD954989958EC97324846DDB8C47.tmp' to '../../../../../../Users/Jeremy/Documents/GitHub/Study-Session/Trial_third_person/Content/Maps/School.umap'
[2014.11.17-18.35.40:618][296]LogParticles: Destroying 0 GPU particle simulations for FXSystem 0x000000004E794220
[2014.11.17-18.35.41:453][297]Cmd: QUIT_EDITOR
[2014.11.17-18.35.42:028][297]LogExit: Preparing to exit.
[2014.11.17-18.35.43:008][297]LogExit: Editor shut down
[2014.11.17-18.35.43:008][297]LogExit: Transaction tracking system shut down
[2014.11.17-18.35.43:009][297]LogParticles: Destroying 0 GPU particle simulations for FXSystem 0x000000000B5E34C0
[2014.11.17-18.35.43:010][297]LogParticles: Destroying 0 GPU particle simulations for FXSystem 0x000000000B5E31A0
[2014.11.17-18.35.43:010][297]LogParticles: Destroying 0 GPU particle simulations for FXSystem 0x000000001C3D9760
[2014.11.17-18.35.43:011][297]LogParticles: Destroying 0 GPU particle simulations for FXSystem 0x0000000014D99BC0
[2014.11.17-18.35.43:268][297]LogExit: Object subsystem successfully closed.
[2014.11.17-18.35.43:454][297]LogModuleManager: Shutting down and abandoning module SequencerWidgets (167)
[2014.11.17-18.35.43:454][297]LogModuleManager: Shutting down and abandoning module AndroidDeviceDetection (166)
[2014.11.17-18.35.43:454][297]LogModuleManager: Shutting down and abandoning module CrashTracker (165)
[2014.11.17-18.35.43:454][297]LogModuleManager: Shutting down and abandoning module SuperSearch (164)
[2014.11.17-18.35.43:454][297]LogModuleManager: Shutting down and abandoning module SceneOutliner (163)
[2014.11.17-18.35.43:454][297]LogModuleManager: Shutting down and abandoning module EditorWidgets (162)
[2014.11.17-18.35.43:454][297]LogModuleManager: Shutting down and abandoning module CollectionManager (161)
[2014.11.17-18.35.43:532][297]LogModuleManager: Shutting down and abandoning module StatsViewer (160)
[2014.11.17-18.35.43:564][297]LogModuleManager: Shutting down and abandoning module FoliageEdit (159)
[2014.11.17-18.35.43:564][297]LogModuleManager: Shutting down and abandoning module LandscapeEditor (158)
[2014.11.17-18.35.43:582][297]LogModuleManager: Shutting down and abandoning module MeshPaint (157)
[2014.11.17-18.35.43:583][297]LogModuleManager: Shutting down and abandoning module ActorPickerMode (156)
[2014.11.17-18.35.43:583][297]LogModuleManager: Shutting down and abandoning module GeometryMode (155)
[2014.11.17-18.35.43:583][297]LogModuleManager: Shutting down and abandoning module TextureAlignMode (154)
[2014.11.17-18.35.43:583][297]LogModuleManager: Shutting down and abandoning module BspMode (153)
[2014.11.17-18.35.43:583][297]LogModuleManager: Shutting down and abandoning module PlacementMode (152)
[2014.11.17-18.35.43:583][297]LogModuleManager: Shutting down and abandoning module AutomationWorker (151)
[2014.11.17-18.35.43:583][297]LogModuleManager: Shutting down and abandoning module CharacterAI (150)
[2014.11.17-18.35.43:583][297]LogModuleManager: Shutting down and abandoning module GameProjectGeneration (149)
[2014.11.17-18.35.43:624][297]LogModuleManager: Shutting down and abandoning module IntroTutorials (148)
[2014.11.17-18.35.43:625][297]LogModuleManager: Shutting down and abandoning module EditorLiveStreaming (147)
[2014.11.17-18.35.43:625][297]LogModuleManager: Shutting down and abandoning module HardwareTargeting (146)
[2014.11.17-18.35.43:625][297]LogModuleManager: Shutting down and abandoning module BehaviorTreeEditor (145)
[2014.11.17-18.35.43:654][297]LogModuleManager: Shutting down and abandoning module DeviceProfileEditor (144)
[2014.11.17-18.35.43:654][297]LogModuleManager: Shutting down and abandoning module UndoHistory (143)
[2014.11.17-18.35.43:654][297]LogModuleManager: Shutting down and abandoning module GameplayTagsEditor (142)
[2014.11.17-18.35.43:670][297]LogModuleManager: Shutting down and abandoning module UserFeedback (141)
[2014.11.17-18.35.43:670][297]LogModuleManager: Shutting down and abandoning module XmlParser (140)
[2014.11.17-18.35.43:670][297]LogModuleManager: Shutting down and abandoning module Blutility (139)
[2014.11.17-18.35.43:670][297]LogModuleManager: Shutting down and abandoning module IOSPlatformEditor (138)
[2014.11.17-18.35.43:670][297]LogModuleManager: Shutting down and abandoning module IOSRuntimeSettings (137)
[2014.11.17-18.35.43:670][297]LogModuleManager: Shutting down and abandoning module AndroidPlatformEditor (136)
[2014.11.17-18.35.43:670][297]LogModuleManager: Shutting down and abandoning module AndroidRuntimeSettings (135)
[2014.11.17-18.35.43:670][297]LogModuleManager: Shutting down and abandoning module ProjectTargetPlatformEditor (134)
[2014.11.17-18.35.43:671][297]LogModuleManager: Shutting down and abandoning module ProjectSettingsViewer (133)
[2014.11.17-18.35.43:671][297]LogModuleManager: Shutting down and abandoning module InputBindingEditor (132)
[2014.11.17-18.35.43:693][297]LogModuleManager: Shutting down and abandoning module EditorSettingsViewer (131)
[2014.11.17-18.35.43:693][297]LogModuleManager: Shutting down and abandoning module SettingsEditor (130)
[2014.11.17-18.35.43:707][297]LogModuleManager: Shutting down and abandoning module ProjectLauncher (129)
[2014.11.17-18.35.43:707][297]LogModuleManager: Shutting down and abandoning module SessionFrontend (128)
[2014.11.17-18.35.43:707][297]LogModuleManager: Shutting down and abandoning module ProfilerClient (127)
[2014.11.17-18.35.43:726][297]LogModuleManager: Shutting down and abandoning module TargetDeviceServices (126)
[2014.11.17-18.35.43:727][297]LogModuleManager: Shutting down and abandoning module DeviceManager (125)
[2014.11.17-18.35.43:727][297]LogModuleManager: Shutting down and abandoning module AutomationController (124)
[2014.11.17-18.35.43:727][297]LogModuleManager: Shutting down and abandoning module AutomationWindow (123)
[2014.11.17-18.35.43:748][297]LogModuleManager: Shutting down and abandoning module Layers (122)
[2014.11.17-18.35.43:773][297]LogModuleManager: Shutting down and abandoning module ComponentVisualizers (121)
[2014.11.17-18.35.43:773][297]LogModuleManager: Shutting down and abandoning module DetailCustomizations (120)
[2014.11.17-18.35.43:773][297]LogModuleManager: Shutting down and abandoning module PackagesDialog (119)
[2014.11.17-18.35.43:773][297]LogModuleManager: Shutting down and abandoning module AssetRegistry (118)
[2014.11.17-18.35.43:862][297]LogModuleManager: Shutting down and abandoning module Persona (117)
[2014.11.17-18.35.43:880][297]LogModuleManager: Shutting down and abandoning module Kismet (116)
[2014.11.17-18.35.43:906][297]LogModuleManager: Shutting down and abandoning module GraphEditor (115)
[2014.11.17-18.35.43:906][297]LogModuleManager: Shutting down and abandoning module ClassViewer (114)
[2014.11.17-18.35.43:906][297]LogModuleManager: Shutting down and abandoning module Toolbox (113)
[2014.11.17-18.35.43:906][297]LogModuleManager: Shutting down and abandoning module ModuleUI (112)
[2014.11.17-18.35.43:925][297]LogModuleManager: Shutting down and abandoning module MovieSceneTools (111)
[2014.11.17-18.35.43:925][297]LogModuleManager: Shutting down and abandoning module OutputLog (110)
[2014.11.17-18.35.43:925][297]LogModuleManager: Shutting down and abandoning module GammaUI (109)
[2014.11.17-18.35.43:933][297]LogModuleManager: Shutting down and abandoning module Documentation (108)
[2014.11.17-18.35.43:933][297]LogModuleManager: Shutting down and abandoning module GameLiveStreaming (107)
[2014.11.17-18.35.43:933][297]LogModuleManager: Shutting down and abandoning module StreamingPauseRendering (106)
[2014.11.17-18.35.43:933][297]LogModuleManager: Shutting down and abandoning module HTTP (105)
[2014.11.17-18.35.43:933][297]LogModuleManager: Shutting down and abandoning module AnalyticsET (104)
[2014.11.17-18.35.43:933][297]LogModuleManager: Shutting down and abandoning module Analytics (103)
[2014.11.17-18.35.43:933][297]LogModuleManager: Shutting down and abandoning module GameplayDebugger (102)
[2014.11.17-18.35.43:933][297]LogModuleManager: Shutting down and abandoning module AIModule (101)
[2014.11.17-18.35.43:934][297]LogModuleManager: Shutting down and abandoning module ProfilerService (100)
[2014.11.17-18.35.44:132][297]LogModuleManager: Shutting down and abandoning module TaskGraph (99)
[2014.11.17-18.35.44:193][297]LogModuleManager: Shutting down and abandoning module SlateRemote (98)
[2014.11.17-18.35.44:193][297]LogModuleManager: Shutting down and abandoning module ScriptEditorPlugin (97)
[2014.11.17-18.35.44:193][297]LogModuleManager: Shutting down and abandoning module CustomMeshComponent (96)
[2014.11.17-18.35.44:193][297]LogModuleManager: Shutting down and abandoning module CableComponent (95)
[2014.11.17-18.35.44:193][297]LogModuleManager: Shutting down and abandoning module MessagingDebugger (94)
[2014.11.17-18.35.44:222][297]LogModuleManager: Shutting down and abandoning module MediaPlayerEditor (93)
[2014.11.17-18.35.44:236][297]LogModuleManager: Shutting down and abandoning module SpeedTreeImporter (92)
[2014.11.17-18.35.44:236][297]LogModuleManager: Shutting down and abandoning module PluginsEditor (91)
[2014.11.17-18.35.44:236][297]LogModuleManager: Shutting down and abandoning module EpicSurvey (90)
[2014.11.17-18.35.44:236][297]LogModuleManager: Shutting down and abandoning module DesktopPlatform (89)
[2014.11.17-18.35.44:248][297]LogModuleManager: Shutting down and abandoning module VisualStudioSourceCodeAccess (88)
[2014.11.17-18.35.44:248][297]LogModuleManager: Shutting down and abandoning module UObjectPlugin (87)
[2014.11.17-18.35.44:248][297]LogModuleManager: Shutting down and abandoning module SubversionSourceControl (86)
[2014.11.17-18.35.44:248][297]LogModuleManager: Shutting down and abandoning module SourceControl (85)
[2014.11.17-18.35.44:248][297]LogModuleManager: Shutting down and abandoning module PerforceSourceControl (84)
[2014.11.17-18.35.44:270][297]LogModuleManager: Shutting down and abandoning module BlankPlugin (83)
[2014.11.17-18.35.44:270][297]LogModuleManager: Shutting down and abandoning module SlateReflector (82)
[2014.11.17-18.35.44:271][297]LogModuleManager: Shutting down and abandoning module DirectoryWatcher (81)
[2014.11.17-18.35.44:271][297]LogModuleManager: Shutting down and abandoning module HotReload (80)
[2014.11.17-18.35.44:296][297]LogModuleManager: Shutting down and abandoning module MainFrame (79)
[2014.11.17-18.35.44:297][297]LogModuleManager: Shutting down and abandoning module LevelEditor (78)
[2014.11.17-18.35.44:298][297]LogModuleManager: Shutting down and abandoning module ViewportSnapping (77)
[2014.11.17-18.35.44:298][297]LogModuleManager: Shutting down and abandoning module SmartSnapping (76)
[2014.11.17-18.35.44:298][297]LogModuleManager: Shutting down and abandoning module PaperTiledImporter (75)
[2014.11.17-18.35.44:298][297]LogModuleManager: Shutting down and abandoning module PaperJsonImporter (74)
[2014.11.17-18.35.44:298][297]LogModuleManager: Shutting down and abandoning module ContentBrowser (73)
[2014.11.17-18.35.44:298][297]LogModuleManager: Shutting down and abandoning module PropertyEditor (72)
[2014.11.17-18.35.44:298][297]LogModuleManager: Shutting down and abandoning module Paper2DEditor (71)
[2014.11.17-18.35.44:330][297]LogModuleManager: Shutting down and abandoning module ScriptPlugin (70)
[2014.11.17-18.35.44:353][297]LogModuleManager: Shutting down and abandoning module UdpMessaging (69)
[2014.11.17-18.35.44:453][297]LogModuleManager: Shutting down and abandoning module Paper2D (68)
[2014.11.17-18.35.44:453][297]LogModuleManager: Shutting down and abandoning module WindowsMoviePlayer (67)
[2014.11.17-18.35.44:458][297]LogModuleManager: Shutting down and abandoning module Media (66)
[2014.11.17-18.35.44:458][297]LogModuleManager: Shutting down and abandoning module WmfMedia (65)
[2014.11.17-18.35.44:458][297]LogModuleManager: Shutting down and abandoning module OnlineBlueprintSupport (64)
[2014.11.17-18.35.44:458][297]LogModuleManager: Shutting down and abandoning module FunctionalTesting (63)
[2014.11.17-18.35.44:458][297]LogModuleManager: Shutting down and abandoning module CollisionAnalyzer (62)
[2014.11.17-18.35.44:546][297]LogModuleManager: Shutting down and abandoning module WorkspaceMenuStructure (61)
[2014.11.17-18.35.44:546][297]LogModuleManager: Shutting down and abandoning module MessageLog (60)
[2014.11.17-18.35.44:546][297]LogModuleManager: Shutting down and abandoning module Sequencer (59)
[2014.11.17-18.35.44:546][297]LogModuleManager: Shutting down and abandoning module AssetTools (58)
[2014.11.17-18.35.44:596][297]LogModuleManager: Shutting down and abandoning module UMGEditor (57)
[2014.11.17-18.35.44:596][297]LogModuleManager: Shutting down and abandoning module UMG (56)
[2014.11.17-18.35.44:596][297]LogModuleManager: Shutting down and abandoning module Slate (55)
[2014.11.17-18.35.44:596][297]LogModuleManager: Shutting down and abandoning module EditorStyle (54)
[2014.11.17-18.35.44:598][297]LogModuleManager: Shutting down and abandoning module SessionServices (53)
[2014.11.17-18.35.44:598][297]LogModuleManager: Shutting down and abandoning module SourceCodeAccess (52)
[2014.11.17-18.35.44:598][297]LogModuleManager: Shutting down and abandoning module HeadMountedDisplay (51)
[2014.11.17-18.35.44:598][297]LogModuleManager: Shutting down and abandoning module XAudio2 (50)
[2014.11.17-18.35.44:598][297]LogModuleManager: Shutting down and abandoning module Networking (48)
[2014.11.17-18.35.44:599][297]LogModuleManager: Shutting down and abandoning module Core (47)
[2014.11.17-18.35.44:599][297]LogModuleManager: Shutting down and abandoning module KismetCompiler (46)
[2014.11.17-18.35.44:599][297]LogModuleManager: Shutting down and abandoning module PhysXFormats (45)
[2014.11.17-18.35.44:599][297]LogModuleManager: Shutting down and abandoning module MeshUtilities (44)
[2014.11.17-18.35.44:599][297]LogModuleManager: Shutting down and abandoning module DerivedDataCache (43)
[2014.11.17-18.35.44:667][297]LogDerivedDataCache: Shutdown
[2014.11.17-18.35.44:667][297]LogModuleManager: Shutting down and abandoning module ShaderFormatOpenGL (42)
[2014.11.17-18.35.44:690][297]LogModuleManager: Shutting down and abandoning module ShaderFormatD3D (41)
[2014.11.17-18.35.44:690][297]LogModuleManager: Shutting down and abandoning module MetalShaderFormat (40)
[2014.11.17-18.35.44:712][297]LogModuleManager: Shutting down and abandoning module TextureFormatUncompressed (39)
[2014.11.17-18.35.44:712][297]LogModuleManager: Shutting down and abandoning module TextureFormatPVR (38)
[2014.11.17-18.35.44:712][297]LogModuleManager: Shutting down and abandoning module TextureFormatDXT (37)
[2014.11.17-18.35.44:712][297]LogModuleManager: Shutting down and abandoning module TextureFormatAndroid (36)
[2014.11.17-18.35.44:712][297]LogModuleManager: Shutting down and abandoning module AudioFormatOpus (35)
[2014.11.17-18.35.44:712][297]LogModuleManager: Shutting down and abandoning module AudioFormatOgg (34)
[2014.11.17-18.35.44:712][297]LogModuleManager: Shutting down and abandoning module AudioFormatADPCM (33)
[2014.11.17-18.35.44:712][297]LogModuleManager: Shutting down and abandoning module Messaging (32)
[2014.11.17-18.35.44:712][297]LogModuleManager: Shutting down and abandoning module IOSTargetPlatform (31)
[2014.11.17-18.35.44:712][297]LogModuleManager: Shutting down and abandoning module Android_PVRTCTargetPlatform (30)
[2014.11.17-18.35.44:712][297]LogModuleManager: Shutting down and abandoning module Android_ETC2TargetPlatform (29)
[2014.11.17-18.35.44:712][297]LogModuleManager: Shutting down and abandoning module Android_ETC1TargetPlatform (28)
[2014.11.17-18.35.44:713][297]LogModuleManager: Shutting down and abandoning module Android_DXTTargetPlatform (27)
[2014.11.17-18.35.44:713][297]LogModuleManager: Shutting down and abandoning module Android_ATCTargetPlatform (26)
[2014.11.17-18.35.44:713][297]LogModuleManager: Shutting down and abandoning module AndroidTargetPlatform (25)
[2014.11.17-18.35.44:713][297]LogModuleManager: Shutting down and abandoning module WindowsTargetPlatform (24)
[2014.11.17-18.35.44:713][297]LogModuleManager: Shutting down and abandoning module WindowsServerTargetPlatform (23)
[2014.11.17-18.35.44:713][297]LogModuleManager: Shutting down and abandoning module WindowsNoEditorTargetPlatform (22)
[2014.11.17-18.35.44:713][297]LogModuleManager: Shutting down and abandoning module WindowsClientTargetPlatform (21)
[2014.11.17-18.35.44:713][297]LogModuleManager: Shutting down and abandoning module TargetPlatform (20)
[2014.11.17-18.35.44:713][297]LogModuleManager: Shutting down and abandoning module InputCore (19)
[2014.11.17-18.35.44:713][297]LogModuleManager: Shutting down and abandoning module Settings (18)
[2014.11.17-18.35.44:713][297]LogModuleManager: Shutting down and abandoning module ImageWrapper (17)
[2014.11.17-18.35.44:713][297]LogModuleManager: Shutting down and abandoning module OculusRift (14)
[2014.11.17-18.35.44:713][297]LogModuleManager: Shutting down and abandoning module ExampleDeviceProfileSelector (13)
[2014.11.17-18.35.44:713][297]LogModuleManager: Shutting down and abandoning module TextureCompressor (12)
[2014.11.17-18.35.44:713][297]LogModuleManager: Shutting down and abandoning module ShaderCore (11)
[2014.11.17-18.35.44:713][297]LogModuleManager: Shutting down and abandoning module SlateRHIRenderer (10)
[2014.11.17-18.35.44:717][297]LogModuleManager: Shutting down and abandoning module OpenGLDrv (9)
[2014.11.17-18.35.44:717][297]LogModuleManager: Shutting down and abandoning module D3D11RHI (8)
[2014.11.17-18.35.44:717][297]LogModuleManager: Shutting down and abandoning module Renderer (7)
[2014.11.17-18.35.44:717][297]LogModuleManager: Shutting down and abandoning module Engine (6)
[2014.11.17-18.35.44:717][297]LogModuleManager: Shutting down and abandoning module CoreUObject (5)
[2014.11.17-18.35.44:717][297]LogModuleManager: Shutting down and abandoning module NetworkFile (4)
[2014.11.17-18.35.44:717][297]LogModuleManager: Shutting down and abandoning module StreamingFile (3)
[2014.11.17-18.35.44:717][297]LogModuleManager: Shutting down and abandoning module SandboxFile (2)
[2014.11.17-18.35.44:717][297]LogModuleManager: Shutting down and abandoning module PakFile (1)
[2014.11.17-18.35.44:740][297]LogExit: Exiting.
[2014.11.17-18.35.44:760][297]Log file closed, 11/17/14 10:35:44
