Log file open, 12/08/14 21:44:31
LogInit:Display: Running engine for game: Trial_third_person
LogInit: Version: 4.5.1-2336687+++depot+UE4-Releases+4.5
LogInit: API Version: 2326478
LogInit: Compiled (64-bit): Oct 21 2014 22:32:40
LogInit: Compiled with Visual C++: 18.00.21005.01
LogInit: Build Configuration: Development
LogInit: Branch Name: ++depot+UE4-Releases+4.5
LogInit: Command line: 
LogInit: Base directory: C:/Program Files/Epic Games/4.5/Engine/Binaries/Win64/
LogInit: Rocket: 1
[2014.12.09-05.44.31:558][  0]LogTaskGraph: Started task graph with 3 named threads and 4 total threads.
[2014.12.09-05.44.31:585][  0]LogOnline:Warning: No default platform service specified for OnlineSubsystem
[2014.12.09-05.44.31:598][  0]LogInit: Presizing for 0 objects not considered by GC, pre-allocating 0 bytes.
[2014.12.09-05.44.31:605][  0]LogInit: Object subsystem initialized
[2014.12.09-05.44.31:608][  0]LogConsoleResponse:Warning: Skipping Unknown console variable: 'UIScaleRule = ShortestSide'
[2014.12.09-05.44.31:608][  0]LogConsoleResponse:Warning:   Found in ini file 'E:/Mobile Documents/UCI/Fall 2014/CompSci 113 - Intro to Game Design/Study-Session/Trial_third_person/Saved/Config/Windows/Engine.ini', in section '[/Script/Engine.RendererSettings]'
[2014.12.09-05.44.31:608][  0]LogConsoleResponse:Warning: Skipping Unknown console variable: 'UIScaleCurve = (EditorCurveData=(Keys=((Time=480.000000,Value=0.444000),(Time=720.000000,Value=0.666000),(Time=1080.000000,Value=1.000000),(Time=8640.000000,Value=8.000000))),ExternalCurve=None)'
[2014.12.09-05.44.31:608][  0]LogConsoleResponse:Warning:   Found in ini file 'E:/Mobile Documents/UCI/Fall 2014/CompSci 113 - Intro to Game Design/Study-Session/Trial_third_person/Saved/Config/Windows/Engine.ini', in section '[/Script/Engine.RendererSettings]'
[2014.12.09-05.44.31:608][  0]LogInit: Selected Device Profile: [Windows]
[2014.12.09-05.44.31:608][  0]LogInit: Applying CVar settings loaded from the selected device profile: [Windows]
[2014.12.09-05.44.31:612][  0]LogInit: Computer: WINDOWSONAMAC
[2014.12.09-05.44.31:612][  0]LogInit: User: Jacob
[2014.12.09-05.44.31:613][  0]LogInit: CPU Page size=4096, Cores=4
[2014.12.09-05.44.31:613][  0]LogInit: High frequency timer resolution =2.240914 MHz
[2014.12.09-05.44.31:613][  0]LogMemory: Memory total: Physical=15.9GB (16GB approx) Virtual=131072.0GB
[2014.12.09-05.44.31:613][  0]LogMemory: Platform Memory Stats for Windows
[2014.12.09-05.44.31:613][  0]LogMemory: Process Physical Memory: 61.79 MB used, 61.91 MB peak
[2014.12.09-05.44.31:613][  0]LogMemory: Process Virtual Memory: 37.30 MB used, 37.42 MB peak
[2014.12.09-05.44.31:613][  0]LogMemory: Physical Memory: 3264.99 MB used, 16292.25 MB total
[2014.12.09-05.44.31:613][  0]LogMemory: Virtual Memory: 290.42 MB used, 134217728.00 MB total
[2014.12.09-05.44.31:633][  0]LogD3D11RHI: Found D3D11 adapter 0: NVIDIA GeForce GT 750M    (Feature Level 11_0)
[2014.12.09-05.44.31:633][  0]LogD3D11RHI: Adapter has 1985MB of dedicated video memory, 0MB of dedicated system memory, and 2048MB of shared system memory, 1 output[s]
[2014.12.09-05.44.31:635][  0]LogD3D11RHI: Found D3D11 adapter 1: Microsoft Basic Render Driver (Feature Level 11_0)
[2014.12.09-05.44.31:635][  0]LogD3D11RHI: Adapter has 0MB of dedicated video memory, 0MB of dedicated system memory, and 256MB of shared system memory, 0 output[s]
[2014.12.09-05.44.31:635][  0]LogD3D11RHI: Chosen D3D11 Adapter Id = 0
[2014.12.09-05.44.31:638][  0]LogRHI: Texture pool is 1361 MB (70% of 1945 MB)
[2014.12.09-05.44.31:647][  0]LogD3D11RHI: Async texture creation enabled
[2014.12.09-05.44.31:698][  0]LogTextLocalizationManager: The requested culture ('en_US') has no localization data; parent culture's ('en') localization data will be used.
[2014.12.09-05.44.31:811][  0]LogContentStreaming: Texture pool size is 0.000000MB
[2014.12.09-05.44.35:474][  0]LogTargetPlatformManager:Display: Building Assets For Windows
[2014.12.09-05.44.35:788][  0]LogTargetPlatformManager:Display: Building Assets For Windows
[2014.12.09-05.44.35:828][  0]LogDerivedDataCache:Display: Max Cache Size: 512 MB
[2014.12.09-05.44.35:862][  0]LogDerivedDataCache: Loaded boot cache 0.03s 39MB C:/Users/Jacob/AppData/Local/UnrealEngine/4.5/DerivedDataCache/Boot.ddc.
[2014.12.09-05.44.35:862][  0]LogDerivedDataCache:Display: Loaded Boot cache: C:/Users/Jacob/AppData/Local/UnrealEngine/4.5/DerivedDataCache/Boot.ddc
[2014.12.09-05.44.35:863][  0]LogDerivedDataCache: FDerivedDataBackendGraph:  Pak pak cache file E:/Mobile Documents/UCI/Fall 2014/CompSci 113 - Intro to Game Design/Study-Session/Trial_third_person/DerivedDataCache/DDC.ddp not found, will not use a pak cache.
[2014.12.09-05.44.35:863][  0]LogDerivedDataCache: Unable to find inner node Pak for hierarchical cache Hierarchy.
[2014.12.09-05.44.35:914][  0]LogDerivedDataCache:Display: Pak cache opened for reading ../../../Engine/DerivedDataCache/DDC.ddp.
[2014.12.09-05.44.35:926][  0]LogDerivedDataCache: Using Local data cache path C:/Users/Jacob/AppData/Local/UnrealEngine/Common/DerivedDataCache: Writable
[2014.12.09-05.44.36:059][  0]LogMeshUtilities: No automatic mesh reduction module available
[2014.12.09-05.44.36:059][  0]LogMeshUtilities: No automatic mesh merging module available
[2014.12.09-05.44.36:305][  0]LogLinker:Warning: Asset '../../../Engine/Content/Functions/Engine_MaterialFunctions02/Texturing/FlipBook.uasset' has been saved with empty engine version. The asset will be loaded but may be incompatible.
[2014.12.09-05.44.36:307][  0]LogLinker:Warning: Asset '../../../Engine/Content/Functions/Engine_MaterialFunctions02/ExampleContent/Textures/flipbook.uasset' has been saved with empty engine version. The asset will be loaded but may be incompatible.
[2014.12.09-05.44.36:446][  0]LogInit: WinSock: version 1.1 (2.2), MaxSocks=32767, MaxUdp=65467
[2014.12.09-05.44.37:069][  0]UdpMessaging: Initializing bridge on interface 0.0.0.0:0 to multicast group 230.0.0.1:6666.
[2014.12.09-05.44.37:202][  0]LogDirectoryWatcher:Warning: Failed to begin reading directory changes for E:/Mobile Documents/UCI/Fall 2014/CompSci 113 - Intro to Game Design/Study-Session/Trial_third_person/Binaries/Win64. Error: 0
[2014.12.09-05.44.37:293][  0]SourceControl: Info Source control is disabled
[2014.12.09-05.44.37:293][  0]SourceControl: Info Source control is disabled
[2014.12.09-05.44.37:298][  0]SourceControl: Info Source control is disabled
[2014.12.09-05.44.37:374][  0]LogObj: 22915 objects as part of root set at end of initial load.
[2014.12.09-05.44.37:374][  0]LogUObjectAllocator: 4803544 out of 0 bytes used by permanent object pool.
[2014.12.09-05.44.37:419][  0]LogEngine: Initializing Engine...
[2014.12.09-05.44.37:519][  0]LogInit: XAudio2 using 'Speakers (Cirrus Logic CS4208 (AB 94))' : 4 channels at 48 kHz using 32 bits per sample (channel mask 0x33)
[2014.12.09-05.44.37:530][  0]LogInit: FAudioDevice initialized.
[2014.12.09-05.44.37:545][  0]LogAIModule: Creating AISystem for world NewWorld
[2014.12.09-05.44.37:563][  0]LogDerivedDataCache: Saved boot cache 0.02s 39MB C:/Users/Jacob/AppData/Local/UnrealEngine/4.5/DerivedDataCache/Boot.ddc.
[2014.12.09-05.44.37:567][  0]LogInit: Texture streaming: Enabled
[2014.12.09-05.44.37:597][  0]LogInit: Transaction tracking system initialized
[2014.12.09-05.44.37:660][  0]BlueprintLog: New page: Editor Load
[2014.12.09-05.44.37:683][  0]LogAssetRegistry: FAssetRegistry took 0.0104 seconds to start up
[2014.12.09-05.44.37:683][  0]LogDirectoryWatcher:Warning: Failed to begin reading directory changes for ../../../Engine/Plugins/Experimental/CharacterAI/Content/. Error: 0
[2014.12.09-05.44.38:020][  0]LogTargetPlatformManager:Display: Building Assets For Windows
[2014.12.09-05.44.38:272][  0]LogTargetPlatformManager:Display: Building Assets For Windows
[2014.12.09-05.44.38:408][  0]LogConsoleResponse:Display: 
[2014.12.09-05.44.38:543][  0]SourceControl: Info Source control is disabled
[2014.12.09-05.44.38:543][  0]Cmd: MAP LOAD FILE="E:/Mobile Documents/UCI/Fall 2014/CompSci 113 - Intro to Game Design/Study-Session/Trial_third_person/Content/Maps/Example_Map.umap" TEMPLATE=0 SHOWPROGRESS=1
[2014.12.09-05.44.38:543][  0]LightingResults: New page: Lighting Build
[2014.12.09-05.44.38:550][  0]MapCheck: New page: Map Check
[2014.12.09-05.44.38:550][  0]LightingResults: New page: Lighting Build
[2014.12.09-05.44.38:563][  0]LogParticles: Destroying 0 GPU particle simulations for FXSystem 0x000000F397D15A80
[2014.12.09-05.44.39:129][  0]LogEditorServer: Finished looking for orphan Actors (0.000 secs)
[2014.12.09-05.44.39:130][  0]LogAIModule: Creating AISystem for world Example_Map
[2014.12.09-05.44.39:130][  0]Cmd: MAP CHECKDEP
[2014.12.09-05.44.39:130][  0]MapCheck: New page: Example_Map - Dec 8, 2014, 1:44:39 PM
[2014.12.09-05.44.39:198][  0]MapCheck: Info Map check complete: 0 Error(s), 0 Warning(s), took 67.868ms to complete.
[2014.12.09-05.44.39:198][  0]LogFileHelpers: Loading map 'Example_Map' took 0.655
[2014.12.09-05.44.39:271][  0]LogCollectionManager: Loaded 0 collections in 0.000921 seconds
[2014.12.09-05.44.39:351][  0]LogCrashTracker: Crashtracker disabled due to settings.
[2014.12.09-05.44.39:368][  0]LogUObjectGlobals:Warning: Failed to find object 'Class None.'
[2014.12.09-05.44.39:393][  0]LogLoad: Full Startup: 9.68 seconds (BP compile: 0.25 seconds)
[2014.12.09-05.44.39:408][  0]LogContentBrowser:Verbose: The content browser source was changed by the sources view to '/Game/Blueprints'
[2014.12.09-05.44.39:536][  0]LogRenderer:Warning: Reallocating scene render targets to support 728x704.
[2014.12.09-05.44.39:841][  2]LogAssetRegistry: Asset discovery search completed in 2.1692 seconds
[2014.12.09-05.44.46:370][617]LogSlate:Warning: GetFontFace failed to load or process 'Roboto-Regular'
[2014.12.09-05.44.46:370][617]LogSlate:Warning: GetFontFace failed to load or process 'Roboto-Regular'
[2014.12.09-05.44.46:373][617]LogSlate:Warning: GetFontFace failed to load or process 'Roboto-Regular'
[2014.12.09-05.44.46:373][617]LogSlate:Warning: GetFontFace failed to load or process 'Roboto-Regular'
[2014.12.09-05.44.46:373][617]LogSlate:Warning: GetFontFace failed to load or process 'Roboto-Regular'
[2014.12.09-05.44.46:373][617]LogSlate:Warning: GetFontFace failed to load or process 'Roboto-Regular'
[2014.12.09-05.44.46:373][617]LogSlate:Warning: GetFontFace failed to load or process 'Roboto-Regular'
[2014.12.09-05.44.46:373][617]LogSlate:Warning: GetFontFace failed to load or process 'Roboto-Regular'
[2014.12.09-05.44.46:373][617]LogSlate:Warning: GetFontFace failed to load or process 'Roboto-Regular'
[2014.12.09-05.44.46:373][617]LogSlate:Warning: GetFontFace failed to load or process 'Roboto-Regular'
[2014.12.09-05.44.46:373][617]LogSlate:Warning: GetFontFace failed to load or process 'Roboto-Regular'
[2014.12.09-05.44.46:373][617]LogSlate:Warning: GetFontFace failed to load or process 'Roboto-Regular'
[2014.12.09-05.44.46:373][617]LogSlate:Warning: GetFontFace failed to load or process 'Roboto-Regular'
[2014.12.09-05.44.46:373][617]LogSlate:Warning: GetFontFace failed to load or process 'Roboto-Regular'
[2014.12.09-05.44.46:373][617]LogSlate:Warning: GetFontFace failed to load or process 'Roboto-Regular'
[2014.12.09-05.44.46:373][617]LogSlate:Warning: GetFontFace failed to load or process 'Roboto-Regular'
[2014.12.09-05.44.46:374][617]LogSlate:Warning: GetFontFace failed to load or process 'Roboto-Regular'
[2014.12.09-05.44.46:374][617]LogSlate:Warning: GetFontFace failed to load or process 'Roboto-Regular'
[2014.12.09-05.44.46:374][617]LogSlate:Warning: GetFontFace failed to load or process 'Roboto-Regular'
[2014.12.09-05.44.58:619][751]LogSavePackage: Save=393.981201ms
[2014.12.09-05.44.58:619][751]LogSavePackage: Moving 'E:/Mobile Documents/UCI/Fall 2014/CompSci 113 - Intro to Game Design/Study-Session/Trial_third_person/Saved/MyCharacter20F5948F4057B2E4D26BEBA9134CF0F4.tmp' to 'E:/Mobile Documents/UCI/Fall 2014/CompSci 113 - Intro to Game Design/Study-Session/Trial_third_person/Content/Blueprints/MyCharacter.uasset'
[2014.12.09-05.44.59:675][864]BlueprintLog: New page: Compile MyCharacter
[2014.12.09-05.44.59:853][864]LogActorComponent: UnregisterComponent: (/Engine/Transient.CharacterMovementComponent_0) Not registered. Aborting.
[2014.12.09-05.44.59:853][864]LogActorComponent: UnregisterComponent: (/Engine/Transient.CharacterMovementComponent_1) Not registered. Aborting.
[2014.12.09-05.44.59:853][864]LogActorComponent: UnregisterComponent: (/Engine/Transient.PawnSensingComponent_0) Not registered. Aborting.
[2014.12.09-05.44.59:951][864]BlueprintEditorCompileResults: Info [0030.10] Compile of MyCharacter successful! [in 60 ms]
[2014.12.09-05.45.13:943][298]BlueprintLog: New page: Compile MyGame
[2014.12.09-05.45.13:987][298]LogActorComponent: UnregisterComponent: (/Engine/Transient.CharacterMovementComponent_2) Not registered. Aborting.
[2014.12.09-05.45.13:987][298]LogActorComponent: UnregisterComponent: (/Engine/Transient.CharacterMovementComponent_3) Not registered. Aborting.
[2014.12.09-05.45.13:987][298]LogActorComponent: UnregisterComponent: (/Engine/Transient.PawnSensingComponent_1) Not registered. Aborting.
[2014.12.09-05.45.14:005][298]LogParticles: Destroying 0 GPU particle simulations for FXSystem 0x000000F3A416C180
[2014.12.09-05.45.14:020][298]BlueprintEditorCompileResults: Info [0044.25] Compile of MyGame successful! [in 4 ms]
[2014.12.09-05.45.15:091][417]LogSavePackage: Save=13.010762ms
[2014.12.09-05.45.15:091][417]LogSavePackage: Moving 'E:/Mobile Documents/UCI/Fall 2014/CompSci 113 - Intro to Game Design/Study-Session/Trial_third_person/Saved/MyGameBE59330642279646EE10F4B891BB6AA8.tmp' to 'E:/Mobile Documents/UCI/Fall 2014/CompSci 113 - Intro to Game Design/Study-Session/Trial_third_person/Content/Blueprints/MyGame.uasset'
[2014.12.09-05.45.20:055][999]BlueprintLog: New page: Pre-PIE auto-recompile
[2014.12.09-05.45.20:055][999]LogPlayLevel: [PIE] Compiling MyCharacter before PIE...
[2014.12.09-05.45.20:192][999]LogPlayLevel: [PIE] Compiling Tutorial_BP_MacroLib before PIE...
[2014.12.09-05.45.20:228][999]LogPlayLevel: [PIE] Compiling Example_Map before PIE...
[2014.12.09-05.45.20:298][999]LogPlayLevel: [PIE] Compiling GameHUD before PIE...
[2014.12.09-05.45.20:346][999]LogPlayLevel: [PIE] Compiling MyGame before PIE...
[2014.12.09-05.45.20:418][999]LogPlayLevel: PIE:  Blueprint regeneration took 362 ms (5 blueprints)
[2014.12.09-05.45.20:418][999]PIE: New page: PIE session: Example_Map (Dec 8, 2014, 1:45:20 PM)
[2014.12.09-05.45.20:456][999]LogPlayLevel: PIE: StaticDuplicateObject took: (0.037370s)
[2014.12.09-05.45.20:457][999]LogPlayLevel: PIE: World Init took: (0.001227s)
[2014.12.09-05.45.20:457][999]LogPlayLevel: PIE: Created PIE world by copying editor world from /Game/Maps/Example_Map.Example_Map to /Game/Maps/UEDPIE_0_Example_Map.Example_Map (0.038769s)
[2014.12.09-05.45.20:530][999]LogWorld: Game class is 'MyGame_C'
[2014.12.09-05.45.20:533][999]LogAIModule: Creating AISystem for world Example_Map
[2014.12.09-05.45.20:534][999]LogWorld:Warning: *** WARNING - PATHS MAY NOT BE VALID ***
[2014.12.09-05.45.20:534][999]LogWorld: Bringing World /Game/Maps/UEDPIE_0_Example_Map.Example_Map up for play (max tick rate 0) at 2014.12.08-21.45.20
[2014.12.09-05.45.20:535][999]LogWorld: Bringing up level for play took: 0.001990
[2014.12.09-05.45.20:536][999]PIE: Info Play in editor start time for /Game/Maps/UEDPIE_0_Example_Map -0.299
[2014.12.09-05.45.37:098][195]LogActorComponent: UnregisterComponent: (/Engine/Transient.CharacterMovementComponent_4) Not registered. Aborting.
[2014.12.09-05.45.37:126][195]LogParticles: Destroying 0 GPU particle simulations for FXSystem 0x000000F3A7025580
[2014.12.09-05.45.50:094][299]BlueprintLog: New page: Pre-PIE auto-recompile
[2014.12.09-05.45.50:094][299]LogPlayLevel: [PIE] Compiling MyCharacter before PIE...
[2014.12.09-05.45.50:228][299]LogPlayLevel: [PIE] Compiling Example_Map before PIE...
[2014.12.09-05.45.50:272][299]LogPlayLevel: [PIE] Compiling MyGame before PIE...
[2014.12.09-05.45.50:323][299]LogPlayLevel: [PIE] Compiling GameHUD before PIE...
[2014.12.09-05.45.50:364][299]LogActorComponent: Unregiste