Log file open, 11/18/14 08:04:31
LogInit:Display: Running engine for game: Trial_third_person
LogInit: Version: 4.5.1-2336687+++depot+UE4-Releases+4.5
LogInit: API Version: 2326478
LogInit: Compiled (64-bit): Oct 21 2014 22:32:40
LogInit: Compiled with Visual C++: 18.00.21005.01
LogInit: Build Configuration: Development
LogInit: Branch Name: ++depot+UE4-Releases+4.5
LogInit: Command line: 
LogInit: Base directory: C:/Program Files/Epic Games/4.5/Engine/Binaries/Win64/
LogInit: Rocket: 1
[2014.11.18-16.04.31:220][  0]LogTaskGraph: Started task graph with 3 named threads and 4 total threads.
[2014.11.18-16.04.31:248][  0]LogOnline:Warning: No default platform service specified for OnlineSubsystem
[2014.11.18-16.04.31:261][  0]LogInit: Presizing for 0 objects not considered by GC, pre-allocating 0 bytes.
[2014.11.18-16.04.31:268][  0]LogInit: Object subsystem initialized
[2014.11.18-16.04.31:271][  0]LogConsoleResponse:Warning: Skipping Unknown console variable: 'UIScaleRule = ShortestSide'
[2014.11.18-16.04.31:271][  0]LogConsoleResponse:Warning:   Found in ini file 'E:/Mobile Documents/UCI/Fall 2014/CompSci 113 - Intro to Game Design/Study-Session/Trial_third_person/Saved/Config/Windows/Engine.ini', in section '[/Script/Engine.RendererSettings]'
[2014.11.18-16.04.31:271][  0]LogConsoleResponse:Warning: Skipping Unknown console variable: 'UIScaleCurve = (EditorCurveData=(Keys=((Time=480.000000,Value=0.444000),(Time=720.000000,Value=0.666000),(Time=1080.000000,Value=1.000000),(Time=8640.000000,Value=8.000000))),ExternalCurve=None)'
[2014.11.18-16.04.31:271][  0]LogConsoleResponse:Warning:   Found in ini file 'E:/Mobile Documents/UCI/Fall 2014/CompSci 113 - Intro to Game Design/Study-Session/Trial_third_person/Saved/Config/Windows/Engine.ini', in section '[/Script/Engine.RendererSettings]'
[2014.11.18-16.04.31:271][  0]LogInit: Selected Device Profile: [Windows]
[2014.11.18-16.04.31:271][  0]LogInit: Applying CVar settings loaded from the selected device profile: [Windows]
[2014.11.18-16.04.31:275][  0]LogInit: Computer: WINDOWSONAMAC
[2014.11.18-16.04.31:275][  0]LogInit: User: Jacob
[2014.11.18-16.04.31:276][  0]LogInit: CPU Page size=4096, Cores=4
[2014.11.18-16.04.31:276][  0]LogInit: High frequency timer resolution =2.240912 MHz
[2014.11.18-16.04.31:276][  0]LogMemory: Memory total: Physical=15.9GB (16GB approx) Virtual=131072.0GB
[2014.11.18-16.04.31:276][  0]LogMemory: Platform Memory Stats for Windows
[2014.11.18-16.04.31:276][  0]LogMemory: Process Physical Memory: 61.89 MB used, 61.89 MB peak
[2014.11.18-16.04.31:276][  0]LogMemory: Process Virtual Memory: 37.43 MB used, 37.43 MB peak
[2014.11.18-16.04.31:276][  0]LogMemory: Physical Memory: 4350.56 MB used, 16292.25 MB total
[2014.11.18-16.04.31:276][  0]LogMemory: Virtual Memory: 286.96 MB used, 134217728.00 MB total
[2014.11.18-16.04.31:304][  0]LogD3D11RHI: Found D3D11 adapter 0: NVIDIA GeForce GT 750M    (Feature Level 11_0)
[2014.11.18-16.04.31:304][  0]LogD3D11RHI: Adapter has 1985MB of dedicated video memory, 0MB of dedicated system memory, and 2048MB of shared system memory, 1 output[s]
[2014.11.18-16.04.31:305][  0]LogD3D11RHI: Found D3D11 adapter 1: Microsoft Basic Render Driver (Feature Level 11_0)
[2014.11.18-16.04.31:305][  0]LogD3D11RHI: Adapter has 0MB of dedicated video memory, 0MB of dedicated system memory, and 256MB of shared system memory, 0 output[s]
[2014.11.18-16.04.31:305][  0]LogD3D11RHI: Chosen D3D11 Adapter Id = 0
[2014.11.18-16.04.31:308][  0]LogRHI: Texture pool is 1361 MB (70% of 1945 MB)
[2014.11.18-16.04.31:317][  0]LogD3D11RHI: Async texture creation enabled
[2014.11.18-16.04.31:361][  0]LogTextLocalizationManager: The requested culture ('en_US') has no localization data; parent culture's ('en') localization data will be used.
[2014.11.18-16.04.31:470][  0]LogContentStreaming: Texture pool size is 0.000000MB
[2014.11.18-16.04.35:192][  0]LogTargetPlatformManager:Display: Building Assets For Windows
[2014.11.18-16.04.35:509][  0]LogTargetPlatformManager:Display: Building Assets For Windows
[2014.11.18-16.04.35:547][  0]LogDerivedDataCache:Display: Max Cache Size: 512 MB
[2014.11.18-16.04.35:580][  0]LogDerivedDataCache: Loaded boot cache 0.03s 39MB C:/Users/Jacob/AppData/Local/UnrealEngine/4.5/DerivedDataCache/Boot.ddc.
[2014.11.18-16.04.35:580][  0]LogDerivedDataCache:Display: Loaded Boot cache: C:/Users/Jacob/AppData/Local/UnrealEngine/4.5/DerivedDataCache/Boot.ddc
[2014.11.18-16.04.35:580][  0]LogDerivedDataCache: FDerivedDataBackendGraph:  Pak pak cache file E:/Mobile Documents/UCI/Fall 2014/CompSci 113 - Intro to Game Design/Study-Session/Trial_third_person/DerivedDataCache/DDC.ddp not found, will not use a pak cache.
[2014.11.18-16.04.35:580][  0]LogDerivedDataCache: Unable to find inner node Pak for hierarchical cache Hierarchy.
[2014.11.18-16.04.35:631][  0]LogDerivedDataCache:Display: Pak cache opened for reading ../../../Engine/DerivedDataCache/DDC.ddp.
[2014.11.18-16.04.35:644][  0]LogDerivedDataCache: Using Local data cache path C:/Users/Jacob/AppData/Local/UnrealEngine/Common/DerivedDataCache: Writable
[2014.11.18-16.04.35:778][  0]LogMeshUtilities: No automatic mesh reduction module available
[2014.11.18-16.04.35:778][  0]LogMeshUtilities: No automatic mesh merging module available
[2014.11.18-16.04.36:038][  0]LogLinker:Warning: Asset '../../../Engine/Content/Functions/Engine_MaterialFunctions02/Texturing/FlipBook.uasset' has been saved with empty engine version. The asset will be loaded but may be incompatible.
[2014.11.18-16.04.36:040][  0]LogLinker:Warning: Asset '../../../Engine/Content/Functions/Engine_MaterialFunctions02/ExampleContent/Textures/flipbook.uasset' has been saved with empty engine version. The asset will be loaded but may be incompatible.
[2014.11.18-16.04.36:179][  0]LogInit: WinSock: version 1.1 (2.2), MaxSocks=32767, MaxUdp=65467
[2014.11.18-16.04.36:810][  0]UdpMessaging: Initializing bridge on interface 0.0.0.0:0 to multicast group 230.0.0.1:6666.
[2014.11.18-16.04.36:938][  0]LogDirectoryWatcher:Warning: Failed to begin reading directory changes for E:/Mobile Documents/UCI/Fall 2014/CompSci 113 - Intro to Game Design/Study-Session/Trial_third_person/Binaries/Win64. Error: 0
[2014.11.18-16.04.37:028][  0]SourceControl: Info Source control is disabled
[2014.11.18-16.04.37:028][  0]SourceControl: Info Source control is disabled
[2014.11.18-16.04.37:033][  0]SourceControl: Info Source control is disabled
[2014.11.18-16.04.37:108][  0]LogObj: 22915 objects as part of root set at end of initial load.
[2014.11.18-16.04.37:108][  0]LogUObjectAllocator: 4803544 out of 0 bytes used by permanent object pool.
[2014.11.18-16.04.37:154][  0]LogEngine: Initializing Engine...
[2014.11.18-16.04.37:259][  0]LogInit: XAudio2 using 'Speakers (Cirrus Logic CS4208 (AB 94))' : 4 channels at 48 kHz using 32 bits per sample (channel mask 0x33)
[2014.11.18-16.04.37:264][  0]LogInit: FAudioDevice initialized.
[2014.11.18-16.04.37:278][  0]LogAIModule: Creating AISystem for world NewWorld
[2014.11.18-16.04.37:297][  0]LogDerivedDataCache: Saved boot cache 0.02s 39MB C:/Users/Jacob/AppData/Local/UnrealEngine/4.5/DerivedDataCache/Boot.ddc.
[2014.11.18-16.04.37:301][  0]LogInit: Texture streaming: Enabled
[2014.11.18-16.04.37:331][  0]LogInit: Transaction tracking system initialized
[2014.11.18-16.04.37:393][  0]BlueprintLog: New page: Editor Load
[2014.11.18-16.04.37:416][  0]LogAssetRegistry: FAssetRegistry took 0.0103 seconds to start up
[2014.11.18-16.04.37:416][  0]LogDirectoryWatcher:Warning: Failed to begin reading directory changes for ../../../Engine/Plugins/Experimental/CharacterAI/Content/. Error: 0
[2014.11.18-16.04.37:764][  0]LogTargetPlatformManager:Display: Building Assets For Windows
[2014.11.18-16.04.38:018][  0]LogTargetPlatformManager:Display: Building Assets For Windows
[2014.11.18-16.04.38:176][  0]LogConsoleResponse:Display: 
[2014.11.18-16.04.38:310][  0]SourceControl: Info Source control is disabled
[2014.11.18-16.04.38:310][  0]Cmd: MAP LOAD FILE="E:/Mobile Documents/UCI/Fall 2014/CompSci 113 - Intro to Game Design/Study-Session/Trial_third_person/Content/Maps/Example_Map.umap" TEMPLATE=0 SHOWPROGRESS=1
[2014.11.18-16.04.38:310][  0]LightingResults: New page: Lighting Build
[2014.11.18-16.04.38:317][  0]MapCheck: New page: Map Check
[2014.11.18-16.04.38:317][  0]LightingResults: New page: Lighting Build
[2014.11.18-16.04.38:329][  0]LogParticles: Destroying 0 GPU particle simulations for FXSystem 0x00000069BEBFDA80
[2014.11.18-16.04.38:505][  0]LogEditorServer: Finished looking for orphan Actors (0.000 secs)
[2014.11.18-16.04.38:505][  0]LogAIModule: Creating AISystem for world Example_Map
[2014.11.18-16.04.38:505][  0]Cmd: MAP CHECKDEP
[2014.11.18-16.04.38:505][  0]MapCheck: New page: Example_Map - Nov 18, 2014, 12:04:38 AM
[2014.11.18-16.04.38:567][  0]MapCheck: Info Map check complete: 0 Error(s), 0 Warning(s), took 62.141ms to complete.
[2014.11.18-16.04.38:568][  0]LogFileHelpers: Loading map 'Example_Map' took 0.258
[2014.11.18-16.04.38:645][  0]LogCollectionManager: Loaded 0 collections in 0.000834 seconds
[2014.11.18-16.04.38:726][  0]LogCrashTracker: Crashtracker disabled due to settings.
[2014.11.18-16.04.38:742][  0]LogUObjectGlobals:Warning: Failed to find object 'Class None.'
[2014.11.18-16.04.38:765][  0]LogLoad: Full Startup: 9.38 seconds (BP compile: 0.05 seconds)
[2014.11.18-16.04.38:777][  0]LogContentBrowser:Verbose: The content browser source was changed by the sources view to '/Game/Maps'
[2014.11.18-16.04.38:895][  0]LogRenderer:Warning: Reallocating scene render targets to support 760x728.
[2014.11.18-16.04.39:114][  2]LogAssetRegistry: Asset discovery search completed in 1.7077 seconds
[2014.11.18-16.04.47:631][  3]LogContentBrowser:Verbose: The content browser source was changed by the sources view to '/Game/Maps/Maps'
[2014.11.18-16.04.52:000][405]LogMaterial:Warning: Material /Game/StarterContent/Props/Materials/M_MaterialSphere_Plain.M_MaterialSphere_Plain needed to have new flag set bUsedWithStaticLighting !
[2014.11.18-16.04.52:026][405]LogMaterial: Missing cached shader map for material M_MaterialSphere_Plain, compiling.
[2014.11.18-16.04.52:058][405]LogMaterial: 0.000218 seconds spent updating 1 materials, 1 interfaces, 0 instances, 0 with static permutations.
[2014.11.18-16.04.52:058][405]LogMaterial:Warning: Material /Game/StarterContent/Props/Materials/M_MaterialSphere.M_MaterialSphere needed to have new flag set bUsedWithStaticLighting !
[2014.11.18-16.04.52:060][405]LogMaterial: Missing cached shader map for material M_MaterialSphere, compiling.
[2014.11.18-16.04.52:067][405]LogMaterial: 0.000207 seconds spent updating 1 materials, 1 interfaces, 0 instances, 0 with static permutations.
[2014.11.18-16.04.52:161][406]Cmd: UpdateLandscapeEditorData -warnings
[2014.11.18-16.05.03:040][398]LogContentBrowser:Verbose: The content browser source was changed by the sources view to '/Game/Maps/StarterContent'
[2014.11.18-16.05.18:655][262]LogContentBrowser:Verbose: The content browser source was changed by the sources view to '/Game/Maps/Maps'
[2014.11.18-16.05.24:692][812]LogMetaData: Removing '/Game/Maps/Forest_Level_1.Forest_Level_1_C' ref from Metadata '/Game/Maps/Maps/Forest_Level_1.PackageMetaData'
[2014.11.18-16.05.24:692][812]LogMetaData: Removing '/Game/Maps/Forest_Level_1.SKEL_Forest_Level_1_C' ref from Metadata '/Game/Maps/Maps/Forest_Level_1.PackageMetaData'
[2014.11.18-16.05.29:531][812]LogSavePackage: Save=4715.360840ms
[2014.11.18-16.05.29:531][812]LogSavePackage: Moving 'E:/Mobile Documents/UCI/Fall 2014/CompSci 113 - Intro to Game Design/Study-Session/Trial_third_person/Saved/Forest_Level_1328885F0496294086426ABB6C24FE2CD.tmp' to 'E:/Mobile Documents/UCI/Fall 2014/CompSci 113 - Intro to Game Design/Study-Session/Trial_third_person/Content/Maps/Forest_Level_1.umap'
[2014.11.18-16.05.29:535][812]LogFileHelpers: Saving map 'Forest_Level_1' took 4.815
[2014.11.18-16.05.31:938][ 76]LogContentBrowser:Verbose: The content browser source was changed by the sources view to '/Game/Maps/StarterContent'
[2014.11.18-16.05.33:239][232]LogContentBrowser:Verbose: The content browser source wa