Log file open, 11/24/14 03:28:15
LogInit:Display: Running engine for game: Trial_third_person
LogInit: Version: 4.5.1-2336687+++depot+UE4-Releases+4.5
LogInit: API Version: 2326478
LogInit: Compiled (64-bit): Oct 21 2014 22:32:40
LogInit: Compiled with Visual C++: 18.00.21005.01
LogInit: Build Configuration: Development
LogInit: Branch Name: ++depot+UE4-Releases+4.5
LogInit: Command line:  
LogInit: Base directory: C:/Program Files/Epic Games/4.5/Engine/Binaries/Win64/
LogInit: Rocket: 1
[2014.11.24-11.28.15:685][  0]LogTaskGraph: Started task graph with 3 named threads and 4 total threads.
[2014.11.24-11.28.15:714][  0]LogOnline:Warning: No default platform service specified for OnlineSubsystem
[2014.11.24-11.28.15:733][  0]LogInit: Presizing for 0 objects not considered by GC, pre-allocating 0 bytes.
[2014.11.24-11.28.15:744][  0]LogInit: Object subsystem initialized
[2014.11.24-11.28.15:747][  0]LogConsoleResponse:Warning: Skipping Unknown console variable: 'UIScaleRule = ShortestSide'
[2014.11.24-11.28.15:747][  0]LogConsoleResponse:Warning:   Found in ini file 'C:/Users/User/Documents/GitHub/Study-Session/Trial_third_person/Saved/Config/Windows/Engine.ini', in section '[/Script/Engine.RendererSettings]'
[2014.11.24-11.28.15:747][  0]LogConsoleResponse:Warning: Skipping Unknown console variable: 'UIScaleCurve = (EditorCurveData=(Keys=((Time=480.000000,Value=0.444000),(Time=720.000000,Value=0.666000),(Time=1080.000000,Value=1.000000),(Time=8640.000000,Value=8.000000))),ExternalCurve=None)'
[2014.11.24-11.28.15:747][  0]LogConsoleResponse:Warning:   Found in ini file 'C:/Users/User/Documents/GitHub/Study-Session/Trial_third_person/Saved/Config/Windows/Engine.ini', in section '[/Script/Engine.RendererSettings]'
[2014.11.24-11.28.15:748][  0]LogInit: Selected Device Profile: [Windows]
[2014.11.24-11.28.15:748][  0]LogInit: Applying CVar settings loaded from the selected device profile: [Windows]
[2014.11.24-11.28.15:755][  0]LogInit: Computer: USER-PC
[2014.11.24-11.28.15:755][  0]LogInit: User: User
[2014.11.24-11.28.15:756][  0]LogInit: CPU Page size=4096, Cores=2
[2014.11.24-11.28.15:756][  0]LogInit: High frequency timer resolution =2.435947 MHz
[2014.11.24-11.28.15:756][  0]LogMemory: Memory total: Physical=7.8GB (8GB approx) Virtual=8192.0GB
[2014.11.24-11.28.15:756][  0]LogMemory: Platform Memory Stats for Windows
[2014.11.24-11.28.15:756][  0]LogMemory: Process Physical Memory: 63.41 MB used, 63.41 MB peak
[2014.11.24-11.28.15:756][  0]LogMemory: Process Virtual Memory: 38.48 MB used, 38.48 MB peak
[2014.11.24-11.28.15:756][  0]LogMemory: Physical Memory: 3035.26 MB used, 7969.14 MB total
[2014.11.24-11.28.15:756][  0]LogMemory: Virtual Memory: 272.46 MB used, 8388608.00 MB total
[2014.11.24-11.28.15:775][  0]LogD3D11RHI: Found D3D11 adapter 0: Intel(R) HD Graphics 3000 (Feature Level 10_0)
[2014.11.24-11.28.15:775][  0]LogD3D11RHI: Adapter has 192MB of dedicated video memory, 0MB of dedicated system memory, and 1568MB of shared system memory, 1 output[s]
[2014.11.24-11.28.15:775][  0]LogD3D11RHI: Chosen D3D11 Adapter Id = 0
[2014.11.24-11.28.15:780][  0]LogRHI: Texture pool is 683 MB (70% of 976 MB)
[2014.11.24-11.28.15:784][  0]LogD3D11RHI: Async texture creation enabled
[2014.11.24-11.28.15:828][  0]LogTextLocalizationManager: The requested culture ('en_US') has no localization data; parent culture's ('en') localization data will be used.
[2014.11.24-11.28.15:988][  0]LogContentStreaming: Texture pool size is 0.000000MB
[2014.11.24-11.28.21:418][  0]LogTargetPlatformManager:Display: Building Assets For Windows
[2014.11.24-11.28.21:872][  0]LogTargetPlatformManager:Display: Building Assets For Windows
[2014.11.24-11.28.21:924][  0]LogDerivedDataCache:Display: Max Cache Size: 512 MB
[2014.11.24-11.28.21:967][  0]LogDerivedDataCache: Loaded boot cache 0.04s 36MB C:/Users/User/AppData/Local/UnrealEngine/4.5/DerivedDataCache/Boot.ddc.
[2014.11.24-11.28.21:967][  0]LogDerivedDataCache:Display: Loaded Boot cache: C:/Users/User/AppData/Local/UnrealEngine/4.5/DerivedDataCache/Boot.ddc
[2014.11.24-11.28.21:967][  0]LogDerivedDataCache: FDerivedDataBackendGraph:  Pak pak cache file ../../../../../../Users/User/Documents/GitHub/Study-Session/Trial_third_person/DerivedDataCache/DDC.ddp not found, will not use a pak cache.
[2014.11.24-11.28.21:967][  0]LogDerivedDataCache: Unable to find inner node Pak for hierarchical cache Hierarchy.
[2014.11.24-11.28.22:040][  0]LogDerivedDataCache:Display: Pak cache opened for reading ../../../Engine/DerivedDataCache/DDC.ddp.
[2014.11.24-11.28.22:051][  0]LogDerivedDataCache: Using Local data cache path C:/Users/User/AppData/Local/UnrealEngine/Common/DerivedDataCache: Writable
[2014.11.24-11.28.22:228][  0]LogMeshUtilities: No automatic mesh reduction module available
[2014.11.24-11.28.22:228][  0]LogMeshUtilities: No automatic mesh merging module available
[2014.11.24-11.28.22:490][  0]LogLinker:Warning: Asset '../../../Engine/Content/Functions/Engine_MaterialFunctions02/Texturing/FlipBook.uasset' has been saved with empty engine version. The asset will be loaded but may be incompatible.
[2014.11.24-11.28.22:493][  0]LogLinker:Warning: Asset '../../../Engine/Content/Functions/Engine_MaterialFunctions02/ExampleContent/Textures/flipbook.uasset' has been saved with empty engine version. The asset will be loaded but may be incompatible.
[2014.11.24-11.28.22:667][  0]LogInit: WinSock: version 1.1 (2.2), MaxSocks=32767, MaxUdp=65467
[2014.11.24-11.28.23:467][  0]UdpMessaging: Initializing bridge on interface 0.0.0.0:0 to multicast group 230.0.0.1:6666.
[2014.11.24-11.28.23:620][  0]LogDirectoryWatcher:Warning: Failed to begin reading directory changes for C:/Users/User/Documents/GitHub/Study-Session/Trial_third_person/Binaries/Win64. Error: 0
[2014.11.24-11.28.23:747][  0]SourceControl: Info Source control is disabled
[2014.11.24-11.28.23:747][  0]SourceControl: Info Source control is disabled
[2014.11.24-11.28.23:753][  0]SourceControl: Info Source control is disabled
[2014.11.24-11.28.23:856][  0]LogObj: 22915 objects as part of root set at end of initial load.
[2014.11.24-11.28.23:856][  0]LogUObjectAllocator: 4803536 out of 0 bytes used by permanent object pool.
[2014.11.24-11.28.23:913][  0]LogEngine: Initializing Engine...
[2014.11.24-11.28.24:042][  0]LogInit: XAudio2 using 'Speakers (Realtek High Definition Audio)' : 2 channels at 48 kHz using 32 bits per sample (channel mask 0x3)
[2014.11.24-11.28.24:085][  0]LogInit: FAudioDevice initialized.
[2014.11.24-11.28.24:104][  0]LogAIModule: Creating AISystem for world NewWorld
[2014.11.24-11.28.24:126][  0]LogDerivedDataCache: Saved boot cache 0.02s 36MB C:/Users/User/AppData/Local/UnrealEngine/4.5/DerivedDataCache/Boot.ddc.
[2014.11.24-11.28.24:132][  0]LogInit: Texture streaming: Enabled
[2014.11.24-11.28.24:172][  0]LogInit: Transaction tracking system initialized
[2014.11.24-11.28.24:256][  0]BlueprintLog: New page: Editor Load
[2014.11.24-11.28.24:284][  0]LogAssetRegistry: FAssetRegistry took 0.0096 seconds to start up
[2014.11.24-11.28.24:284][  0]LogDirectoryWatcher:Warning: Failed to begin reading directory changes for ../../../Engine/Plugins/Experimental/CharacterAI/Content/. Error: 0
[2014.11.24-11.28.24:855][  0]LogTargetPlatformManager:Display: Building Assets For Windows
[2014.11.24-11.28.25:271][  0]LogTargetPlatformManager:Display: Building Assets For Windows
[2014.11.24-11.28.25:536][  0]LogConsoleResponse:Display: 
[2014.11.24-11.28.25:726][  0]SourceControl: Info Source control is disabled
[2014.11.24-11.28.25:726][  0]Cmd: MAP LOAD FILE="../../../../../../Users/User/Documents/GitHub/Study-Session/Trial_third_person/Content/Maps/Example_Map.umap" TEMPLATE=0 SHOWPROGRESS=1
[2014.11.24-11.28.25:726][  0]LightingResults: New page: Lighting Build
[2014.11.24-11.28.25:735][  0]MapCheck: New page: Map Check
[2014.11.24-11.28.25:735][  0]LightingResults: New page: Lighting Build
[2014.11.24-11.28.25:751][  0]LogParticles: Destroying 0 GPU particle simulations for FXSystem 0x00000000146C45E0
[2014.11.24-11.28.26:028][  0]LogEditorServer: Finished looking for orphan Actors (0.000 secs)
[2014.11.24-11.28.26:029][  0]LogAIModule: Creating AISystem for world Example_Map
[2014.11.24-11.28.26:029][  0]Cmd: MAP CHECKDEP
[2014.11.24-11.28.26:030][  0]MapCheck: New page: Example_Map - Nov 23, 2014, 7:28:26 PM
[2014.11.24-11.28.26:124][  0]MapCheck: Info Map check complete: 0 Error(s), 0 Warning(s), took 94.363ms to complete.
[2014.11.24-11.28.26:124][  0]LogFileHelpers: Loading map 'Example_Map' took 0.398
[2014.11.24-11.28.26:206][  0]LogCollectionManager: Loaded 0 collections in 0.001266 seconds
[2014.11.24-11.28.26:318][  0]LogCrashTracker: Crashtracker disabled due to settings.
[2014.11.24-11.28.26:347][  0]LogUObjectGlobals:Warning: Failed to find object 'Class None.'
[2014.11.24-11.28.26:373][  0]LogLoad: Full Startup: 12.83 seconds (BP compile: 0.07 seconds)
[2014.11.24-11.28.26:718][  0]LogContentBrowser:Verbose: The content browser source was changed by the sources view to '/Game/StarterContent/Materials'
[2014.11.24-11.28.26:862][  0]LogRenderer:Warning: Reallocating scene render targets to support 688x592.
[2014.11.24-11.28.27:943][  3]LogAssetRegistry: Asset discovery search completed in 3.6692 seconds
[2014.11.24-11.29.19:195][141]LogFactory: FactoryCreateBinary: StaticMesh with FbxFactory (0 0 ../../../../../../Users/User/Documents/GitHub/Study-Session/Trial_third_person/Content/Character/CATS/newcatcauseoldcatsucks.fbx)
[2014.11.24-11.29.19:200][141]LogFbx: ItemName: GlobalSettings, ItemCount : 1
[2014.11.24-11.29.19:200][141]LogFbx: ItemName: Geometry, ItemCount : 8
[2014.11.24-11.29.19:200][141]LogFbx: ItemName: Model, ItemCount : 8
[2014.11.24-11.29.22:536][141]LogFbx: Loading FBX Scene from ../../../../../../Users/User/Documents/GitHub/Study-Session/Trial_third_person/Content/Character/CATS/newcatcauseoldcatsucks.fbx
[2014.11.24-11.29.22:548][141]LogFbx: FBX Scene Loaded Succesfully
[2014.11.24-11.29.22:551][141]LogFbx:Warning: Triangulating static mesh Sphere.003
[2014.11.24-11.29.22:840][141]LogFbx:Warning: Triangulating static mesh Sphere.002
[2014.11.24-11.29.23:116][141]LogFbx:Warning: Triangulating static mesh Sphere.001
[2014.11.24-11.29.23:407][141]LogFbx:Warning: Triangulating static mesh Cylinder.003
[2014.11.24-11.29.23:467][141]LogFbx:Warning: Triangulating static mesh Cylinder.002
[2014.11.24-11.29.23:515][141]LogFbx:Warning: Triangulating static mesh Cylinder.001
[2014.11.24-11.29.23:562][141]LogFbx:Warning: Triangulating static mesh Cylinder
[2014.11.24-11.29.23:609][141]LogFbx:Warning: Triangulating static mesh Sphere
[2014.11.24-11.29.23:827][141]LogFbx: == Initial material list:
[2014.11.24-11.29.23:827][141]LogFbx: 0: None
[2014.11.24-11.29.23:827][141]LogFbx: 1: None
[2014.11.24-11.29.23:827][141]LogFbx: 2: None
[2014.11.24-11.29.23:827][141]LogFbx: 3: None
[2014.11.24-11.29.23:827][141]LogFbx: 4: None
[2014.11.24-11.29.23:827][141]LogFbx: 5: None
[2014.11.24-11.29.23:827][141]LogFbx: 6: None
[2014.11.24-11.29.23:827][141]LogFbx: 7: None
[2014.11.24-11.29.23:827][141]LogFbx:   remap 1 -> 0
[2014.11.24-11.29.23:827][141]LogFbx:   remap 2 -> 0
[2014.11.24-11.29.23:827][141]LogFbx:   remap 3 -> 0
[2014.11.24-11.29.23:827][141]LogFbx:   remap 4 -> 0
[2014.11.24-11.29.23:827][141]LogFbx:   remap 5 -> 0
[2014.11.24-11.29.23:827][141]LogFbx:   remap 6 -> 0
[2014.11.24-11.29.23:827][141]LogFbx:   remap 7 -> 0
[2014.11.24-11.29.23:827][141]LogFbx: == After sorting:
[2014.11.24-11.29.23:827][141]LogFbx: 0: None
[2014.11.24-11.29.23:827][141]LogFbx: == Mapping table:
[2014.11.24-11.29.23:827][141]LogFbx:   sort 0 -> 0
[2014.11.24-11.29.23:827][141]LogFbx:   sort 1 -> 0
[2014.11.24-11.29.23:827][141]LogFbx:   sort 2 -> 0
[2014.11.24-11.29.23:827][141]LogFbx:   sort 3 -> 0
[2014.11.24-11.29.23:827][141]LogFbx:   sort 4 -> 0
[2014.11.24-11.29.23:827][141]LogFbx:   sort 5 -> 0
[2014.11.24-11.29.23:827][141]LogFbx:   sort 6 -> 0
[2014.11.24-11.29.23:827][141]LogFbx:   sort 7 -> 0
[2014.11.24-11.29.23:831][141]LogStaticMesh: Building static mesh newcatcauseoldcatsucks...
[2014.11.24-11.29.23:891][141]LogLayoutUV:Display: FindCharts: 4 ms
[2014.11.24-11.29.23:895][141]LogLayoutUV:Display: PackCharts: 3 ms
[2014.11.24-11.29.23:895][141]LogLayoutUV:Display:   Rasterize: 8093
[2014.11.24-11.29.23:895][141]LogLayoutUV:Display:   Find: 38
[2014.11.24-11.29.23:898][141]LogLayoutUV:Display: PackCharts: 3 ms
[2014.11.24-11.29.23:898][141]LogLayoutUV:Display:   Rasterize: 8104
[2014.11.24-11.29.23:898][141]LogLayoutUV:Display:   Find: 42
[2014.11.24-11.29.23:902][141]LogLayoutUV:Display: PackCharts: 3 ms
[2014.11.24-11.29.23:902][141]LogLayoutUV:Display:   Rasterize: 8341
[2014.11.24-11.29.23:902][141]LogLayoutUV:Display:   Find: 54
[2014.11.24-11.29.23:905][141]LogLayoutUV:Display: PackCharts: 3 ms
[2014.11.24-11.29.23:905][141]LogLayoutUV:Display:   Rasterize: 8115
[2014.11.24-11.29.23:905][141]LogLayoutUV:Display:   Find: 38
[2014.11.24-11.29.23:909][141]LogLayoutUV:Display: PackCharts: 3 ms
[2014.11.24-11.29.23:909][141]LogLayoutUV:Display:   Rasterize: 8329
[2014.11.24-11.29.23:909][141]LogLayoutUV:Display:   Find: 43
[2014.11.24-11.29.23:912][141]LogLayoutUV:Display: PackCharts: 3 ms
[2014.11.24-11.29.23:912][141]LogLayoutUV:Display:   Rasterize: 8114
[2014.11.24-11.29.23:912][141]LogLayoutUV:Display:   Find: 41
[2014.11.24-11.29.23:916][141]LogLayoutUV:Display: PackCharts: 3 ms
[2014.11.24-11.29.23:916][141]LogLayoutUV:Display:   Rasterize: 8112
[2014.11.24-11.29.23:916][141]LogLayoutUV:Display:   Find: 42
[2014.11.24-11.29.23:919][141]LogLayoutUV:Display: PackCharts: 3 ms
[2014.11.24-11.29.23:919][141]LogLayoutUV:Display:   Rasterize: 8369
[2014.11.24-11.29.23:919][141]LogLayoutUV:Display:   Find: 44
[2014.11.24-11.29.24:126][141]LogStaticMesh: Built static mesh [295.951019ms] /Game/StarterContent/Materials/newcatcauseoldcatsucks.newcatcauseoldcatsucks
[2014.11.24-11.29.24:138][141]LogStaticMesh:Warning: newcatcauseoldcatsucks has degenerate tangent bases which will result in incorrect shading. 
[2014.11.24-11.29.28:529][141]FBXImport:Warning: Warning Warning: The imported mesh is very small. This is most likely an issue with the units used when exporting to FBX. 
[2014.11.24-11.29.28:552][141]LogContentBrowser:Verbose: The content browser source was changed by the sources view to 'None'
[2014.11.24-11.29.28:552][141]LogContentBrowser:Verbose: The content browser source was changed by the sources view to '/Game/StarterContent/Materials'
[2014.11.24-11.29.39:734][709]LogActorFactory: Actor Factory created newcatcauseoldcatsucks
[2014.11.24-11.29.40:296][718]LogActorFactory: Actor Factory created newcatcauseoldcatsucks
[2014.11.24-11.29.45:381][977]LogWindowsTextInputMethodSystem:Error: Deactivating a context failed while setting focus to the disabled TSF document manager.
[2014.11.24-11.29.59:391][419]LogEditorViewport: Clicking on Actor (context menu): StaticMeshActor (newcatcauseoldcatsucks)
[2014.11.24-11.30.08:051][608]LogEditorViewport: Clicking on Actor (context menu): StaticMeshActor (newcatcauseoldcatsucks)
[2014.11.24-11.30.09:395][670]BlueprintLog: New page: Pre-PIE auto-recompile
[2014.11.24-11.30.09:395][670]LogPlayLevel: [PIE] Compiling Tutorial_BP_MacroLib before PIE...
[2014.11.24-11.30.09:492][670]LogPlayLevel: PIE:  Blueprint regeneration took 97 ms (1 blueprints)
[2014.11.24-11.30.09:492][670]PIE: New page: PIE session: Example_Map (Nov 23, 2014, 7:30:09 PM)
[2014.11.24-11.30.09:545][670]LogPlayLevel: PIE: StaticDuplicateObject took: (0.053018s)
[2014.11.24-11.30.09:547][670]LogPlayLevel: PIE: World Init took: (0.001596s)
[2014.11.24-11.30.09:547][670]LogPlayLevel: PIE: Created PIE world by copying editor world from /Game/Maps/Example_Map.Example_Map to /Game/Maps/UEDPIE_0_Example_Map.Example_Map (0.055009s)
[2014.11.24-11.30.09:959][670]LogWorld: Game class is 'MyGame_C'
[2014.11.24-11.30.09:960][670]LogAIModule: Creating AISystem for world Example_Map
[2014.11.24-11.30.09:961][670]LogWorld: Bringing World /Game/Maps/UEDPIE_0_Example_Map.Example_Map up for play (max tick rate 60) at 2014.11.24-03.30.09
[2014.11.24-11.30.09:962][670]LogWorld: Bringing up level for play took: 0.001749
[2014.11.24-11.30.09:965][670]PIE: Info Play in editor start time for /Game/Maps/UEDPIE_0_Example_Map 1.227
[2014.11.24-11.30.18:220][982]LogParticles: Destroying 0 GPU particle simulations for FXSystem 0x000000001F231F80
[2014.11.24-11.30.19:183][ 32]LogEditorViewport: Clicking on Actor (context menu): StaticMeshActor (newcatcauseoldcatsucks)
[2014.11.24-11.30.21:431][151]LogEditorViewport: Clicking on Actor (LMB): StaticMeshActor (newcatcauseoldcatsucks)
[2014.11.24-11.30.23:412][253]LogPropertyNode:Warning: UI Min (0.0) >= UI Max () for Ranged Numeric
[2014.11.24-11.30.31:513][736]LogWindowsTextInputMethodSystem:Error: Deactivating a context failed while setting focus to the disabled TSF document manager.
[2014.11.24-11.30.34:059][888]LogPropertyNode:Warning: UI Min (0.0) >= UI Max () for Ranged Numeric
[2014.11.24-11.30.39:413][209]LogPropertyNode:Warning: UI Min (0.0) >= UI Max () for Ranged Numeric
[2014.11.24-11.31.05:547][754]LogEditorViewport: Clicking on Actor (context menu): StaticMeshActor (newcatcauseoldcatsucks)
[2014.11.24-11.31.10:692][ 45]LogWindowsTextInputMethodSystem:Error: Deactivating a context failed while setting focus to the disabled TSF document manager.
[2014.11.24-11.31.12:489][140]LogEditorViewport: Clicking on Actor (context menu): StaticMeshActor (newcatcauseoldcatsucks)
[2014.11.24-11.31.13:469][187]LogEditorViewport: Clicking on Actor (LMB): StaticMeshActor (newcatcauseoldcatsucks)
[2014.11.24-11.31.16:356][356]LogEditorViewport: Clicking on Actor (context menu): StaticMeshActor (newcatcauseoldcatsucks)
[2014.11.24-11.31.32:734][100]LogContentBrowser:Verbose: The content browser source was changed by the sources view to '/Game/Character'
[2014.11.24-11.31.38:379][262]LogContentBrowser:Verbose: The content browser source was changed by the sources view to '/Game/Maps'
[2014.11.24-11.31.40:180][369]LogContentBrowser:Verbose: The content browser source was changed by the sources view to '/Game/StarterContent'
[2014.11.24-11.31.42:042][480]LogContentBrowser:Verbose: The content browser source was changed by the sources view to '/Game/Maps/StarterContent'
[2014.11.24-11.31.43:909][592]LogContentBrowser:Verbose: The content browser source was changed by the sources view to '/Game/Maps/StarterContent/Materials'
[2014.11.24-11.31.46:123][721]LogContentBrowser:Verbose: The content browser source was changed by the sources view to '/Game/StarterContent'
[2014.11.24-11.31.55:353][274]LogContentBrowser:Verbose: The content browser source was changed by the sources view to '/Game/StarterContent/Materials'
[2014.11.24-11.32.28:680][199]LogSavePackage: Save=78.097755ms
[2014.11.24-11.32.28:680][199]LogSavePackage: Moving '../../../../../../Users/User/Documents/GitHub/Study-Session/Trial_third_person/Saved/newcatcauseoldcatsucks1E36C24242255EB3F17EEE8CBE978429.tmp' to '../../../../../../Users/User/Documents/GitHub/Study-Session/Trial_third_person/Content/Character/newcatcauseoldcatsucks.uasset'
[2014.11.24-11.32.29:216][225]LogContentBrowser:Verbose: The content browser source was changed by the sources view to '/Game/Character'
[2014.11.24-11.33.05:823][739]Cmd: EDCALLBACK SURFPROPS
[2014.11.24-11.33.06:887][801]LogEditorViewport: Clicking on Actor (LMB): KillZVolume (KillZVolume)
[2014.11.24-11.33.10:317][953]LogEditorViewport: Clicking on Actor (context menu): StaticMeshActor (newcatcauseoldcatsucks)
[2014.11.24-11.33.11:553][ 16]LogEditorViewport: Clicking on Actor (LMB): StaticMeshActor (newcatcauseoldcatsucks)
[2014.11.24-11.33.13:104][ 46]LogEditorViewport: Clicking on Actor (context menu): StaticMeshActor (newcatcauseoldcatsucks)
[2014.11.24-11.33.16:025][205]LogWindowsTextInputMethodSystem:Error: Deactivating a context failed while setting focus to the disabled TSF document manager.
[2014.11.24-11.33.18:958][361]LogPlayLevel: PIE:  No blueprints needed recompiling
[2014.11.24-11.33.18:958][361]PIE: New page: PIE session: Example_Map (Nov 23, 2014, 7:33:18 PM)
[2014.11.24-11.33.19:004][361]LogPlayLevel: PIE: StaticDuplicateObject took: (0.045815s)
[2014.11.24-11.33.19:014][361]LogPlayLevel: PIE: World Init took: (0.009676s)
[2014.11.24-11.33.19:014][361]LogPlayLevel: PIE: Created PIE world by copying editor world from /Game/Maps/Example_Map.Example_Map to /Game/Maps/UEDPIE_0_Example_Map.Example_Map (0.056194s)
[2014.11.24-11.33.19:047][361]LogWorld: Game class is 'MyGame_C'
[2014.11.24-11.33.19:049][361]LogAIModule: Creating AISystem for world Example_Map
[2014.11.24-11.33.19:050][361]LogWorld: Bringing World /Game/Maps/UEDPIE_0_Example_Map.Example_Map up for play (max tick rate 60) at 2014.11.24-03.33.19
[2014.11.24-11.33.19:084][361]LogWorld: Bringing up level for play took: 0.035336
[2014.11.24-11.33.19:087][361]PIE: Info Play in editor start time for /Game/Maps/UEDPIE_0_Example_Map 0.343
[2014.11.24-11.33.37:417][ 59]LogParticles: Destroying 0 GPU particle simulations for FXSystem 0x0000000021466CA0
[2014.11.24-11.33.39:163][156]LogEditorViewport: Clicking on Actor (context menu): KillZVolume (KillZVolume)
[2014.11.24-11.33.46:057][550]LogWindowsTextInputMethodSystem:Error: Deactivating a context failed while setting focus to the disabled TSF document manager.
[2014.11.24-11.33.47:251][606]LogEditorViewport: Clicking on Actor (context menu): StaticMeshActor (newcatcauseoldcatsucks)
[2014.11.24-11.33.48:861][688]LogEditorViewport: Clicking on Actor (LMB): KillZVolume (KillZVolume)
[2014.11.24-11.34.01:196][366]LogPlayLevel: PIE:  No blueprints needed recompiling
[2014.11.24-11.34.01:196][366]PIE: New page: PIE session: Example_Map (Nov 23, 2014, 7:34:01 PM)
[2014.11.24-11.34.01:239][366]LogPlayLevel: PIE: StaticDuplicateObject took: (0.042635s)
[2014.11.24-11.34.01:249][366]LogPlayLevel: PIE: World Init took: (0.010392s)
[2014.11.24-11.34.01:250][366]LogPlayLevel: PIE: Created PIE world by copying editor world from /Game/Maps/Example_Map.Example_Map to /Game/Maps/UEDPIE_0_Example_Map.Example_Map (0.053528s)
[2014.11.24-11.34.01:281][366]LogWorld: Game class is 'MyGame_C'
[2014.11.24-11.34.01:282][366]LogAIModule: Creating AISystem for world Example_Map
[2014.11.24-11.34.01:284][366]LogWorld: Bringing World /Game/Maps/UEDPIE_0_Example_Map.Example_Map up for play (max tick rate 60) at 2014.11.24-03.34.01
[2014.11.24-11.34.01:284][366]LogWorld: Bringing up level for play took: 0.001709
[2014.11.24-11.34.01:287][366]PIE: Info Play in editor start time for /Game/Maps/UEDPIE_0_Example_Map 0.542
[2014.11.24-11.34.05:218][507]LogParticles: Destroying 0 GPU particle simulations for FXSystem 0x0000000010B44AE0
[2014.11.24-11.34.16:100][ 33]LogEditorViewport: Clicking on Actor (context menu): StaticMeshActor (newcatcauseoldcatsucks)
[2014.11.24-11.34.17:964][135]LogEditorViewport: Clicking on Actor (context menu): KillZVolume (KillZVolume)
[2014.11.24-11.34.37:351][ 90]LogWindowsTextInputMethodSystem:Error: Deactivating a context failed while setting focus to the disabled TSF document manager.
[2014.11.24-11.34.38:823][173]Cmd: DELETE
[2014.11.24-11.34.38:823][173]Cmd: ACTOR DELETE
[2014.11.24-11.34.38:824][173]LogEditorActor: Deleted Actor: KillZVolume
[2014.11.24-11.34.38:892][173]LogEditorActor: Deleted 1 Actors (0.069 secs)
[2014.11.24-11.34.40:297][255]LogEditorViewport: Clicking on Actor (context menu): StaticMeshActor (newcatcauseoldcatsucks)
[2014.11.24-11.34.45:259][377]LogEditorViewport: Clicking on Actor (context menu): StaticMeshActor (newcatcauseoldcatsucks)
[2014.11.24-11.34.49:583][618]LogWindowsTextInputMethodSystem:Error: Deactivating a context failed while setting focus to the disabled TSF document manager.
[2014.11.24-11.34.53:604][841]LogEditorViewport: Clicking on Actor (context menu): StaticMeshActor (newcatcauseoldcatsucks)
[2014.11.24-11.34.58:870][132]LogPropertyNode:Warning: UI Min (0.0) >= UI Max () for Ranged Numeric
[2014.11.24-11.35.13:011][864]LogWindowsTextInputMethodSystem:Error: Deactivating a context failed while setting focus to the disabled TSF document manager.
[2014.11.24-11.35.22:850][380]LogEditorViewport: Clicking on Actor (context menu): StaticMeshActor (newcatcauseoldcatsucks)
[2014.11.24-11.35.27:080][614]LogRenderer:Warning: Reallocating scene render targets to support 1016x592.
[2014.11.24-11.35.42:414][353]LogParticles: Destroying 0 GPU particle simulations for FXSystem 0x000000000D9A9940
[2014.11.24-11.35.44:465][354]Cmd: QUIT_EDITOR
[2014.11.24-11.35.44:859][354]LogExit: Preparing to exit.
[2014.11.24-11.35.45:595][354]LogExit: Editor shut down
[2014.11.24-11.35.45:596][354]LogExit: Transaction tracking system shut down
[2014.11.24-11.35.45:596][354]LogParticles: Destroying 0 GPU particle simulations for FXSystem 0x0000000017BA8180
[2014.11.24-11.35.45:620][354]LogParticles: Destroying 0 GPU particle simulations for FXSystem 0x0000000020F88400
[2014.11.24-11.35.45:620][354]LogParticles: Destroying 0 GPU particle simulations for FXSystem 0x0000000013F9AFC0
[2014.11.24-11.35.45:620][354]LogParticles: Destroying 0 GPU particle simulations for FXSystem 0x000000002139B600
[2014.11.24-11.35.45:620][354]LogParticles: Destroying 0 GPU particle simulations for FXSystem 0x000000002139BC40
[2014.11.24-11.35.45:621][354]LogParticles: Destroying 0 GPU particle simulations for FXSystem 0x000000002139BEC0
[2014.11.24-11.35.45:621][354]LogExit: Object subsystem successfully closed.
[2014.11.24-11.35.45:676][354]LogModuleManager: Shutting down and abandoning module StaticMeshEditor (167)
[2014.11.24-11.35.45:676][354]LogModuleManager: Shutting down and abandoning module AndroidDeviceDetection (166)
[2014.11.24-11.35.45:676][354]LogModuleManager: Shutting down and abandoning module CrashTracker (165)
[2014.11.24-11.35.45:676][354]LogModuleManager: Shutting down and abandoning module SuperSearch (164)
[2014.11.24-11.35.45:676][354]LogModuleManager: Shutting down and abandoning module SceneOutliner (163)
[2014.11.24-11.35.45:676][354]LogModuleManager: Shutting down and abandoning module EditorWidgets (162)
[2014.11.24-11.35.45:676][354]LogModuleManager: Shutting down and abandoning module CollectionManager (161)
[2014.11.24-11.35.45:676][354]LogModuleManager: Shutting down and abandoning module StatsViewer (160)
[2014.11.24-11.35.45:676][354]LogModuleManager: Shutting down and abandoning module FoliageEdit (159)
[2014.11.24-11.35.45:676][354]LogModuleManager: Shutting down and abandoning module LandscapeEditor (158)
[2014.11.24-11.35.45:676][354]LogModuleManager: Shutting down and abandoning module MeshPaint (157)
[2014.11.24-11.35.45:676][354]LogModuleManager: Shutting down and abandoning module ActorPickerMode (156)
[2014.11.24-11.35.45:676][354]LogModuleManager: Shutting down and abandoning module GeometryMode (155)
[2014.11.24-11.35.45:676][354]LogModuleManager: Shutting down and abandoning module TextureAlignMode (154)
[2014.11.24-11.35.45:676][354]LogModuleManager: Shutting down and abandoning module BspMode (153)
[2014.11.24-11.35.45:676][354]LogModuleManager: Shutting down and abandoning module PlacementMode (152)
[2014.11.24-11.35.45:676][354]LogModuleManager: Shutting down and abandoning module AutomationWorker (151)
[2014.11.24-11.35.45:676][354]LogModuleManager: Shutting down and abandoning module CharacterAI (150)
[2014.11.24-11.35.45:676][354]LogModuleManager: Shutting down and abandoning module GameProjectGeneration (149)
[2014.11.24-11.35.45:676][354]LogModuleManager: Shutting down and abandoning module IntroTutorials (148)
[2014.11.24-11.35.45:676][354]LogModuleManager: Shutting down and abandoning module EditorLiveStreaming (147)
[2014.11.24-11.35.45:676][354]LogModuleManager: Shutting down and abandoning module HardwareTargeting (146)
[2014.11.24-11.35.45:676][354]LogModuleManager: Shutting down and abandoning module BehaviorTreeEditor (145)
[2014.11.24-11.35.45:676][354]LogModuleManager: Shutting down and abandoning module DeviceProfileEditor (144)
[2014.11.24-11.35.45:677][354]LogModuleManager: Shutting down and abandoning module UndoHistory (143)
[2014.11.24-11.35.45:677][354]LogModuleManager: Shutting down and abandoning module GameplayTagsEditor (142)
[2014.11.24-11.35.45:677][354]LogModuleManager: Shutting down and abandoning module UserFeedback (141)
[2014.11.24-11.35.45:677][354]LogModuleManager: Shutting down and abandoning module XmlParser (140)
[2014.11.24-11.35.45:677][354]LogModuleManager: Shutting down and abandoning module Blutility (139)
[2014.11.24-11.35.45:677][354]LogModuleManager: Shutting down and abandoning module IOSPlatformEditor (138)
[2014.11.24-11.35.45:677][354]LogModuleManager: Shutting down and abandoning module IOSRuntimeSettings (137)
[2014.11.24-11.35.45:677][354]LogModuleManager: Shutting down and abandoning module AndroidPlatformEditor (136)
[2014.11.24-11.35.45:677][354]LogModuleManager: Shutting down and abandoning module AndroidRuntimeSettings (135)
[2014.11.24-11.35.45:677][354]LogModuleManager: Shutting down and abandoning module ProjectTargetPlatformEditor (134)
[2014.11.24-11.35.45:677][354]LogModuleManager: Shutting down and abandoning module ProjectSettingsViewer (133)
[2014.11.24-11.35.45:677][354]LogModuleManager: Shutting down and abandoning module InputBindingEditor (132)
[2014.11.24-11.35.45:677][354]LogModuleManager: Shutting down and abandoning module EditorSettingsViewer (131)
[2014.11.24-11.35.45:677][354]LogModuleManager: Shutting down and abandoning module SettingsEditor (130)
[2014.11.24-11.35.45:677][354]LogModuleManager: Shutting down and abandoning module ProjectLauncher (129)
[2014.11.24-11.35.45:677][354]LogModuleManager: Shutting down and abandoning module SessionFrontend (128)
[2014.11.24-11.35.45:677][354]LogModuleManager: Shutting down and abandoning module ProfilerClient (127)
[2014.11.24-11.35.45:677][354]LogModuleManager: Shutting down and abandoning module TargetDeviceServices (126)
[2014.11.24-11.35.45:677][354]LogModuleManager: Shutting down and abandoning module DeviceManager (125)
[2014.11.24-11.35.45:677][354]LogModuleManager: Shutting down and abandoning module AutomationController (124)
[2014.11.24-11.35.45:677][354]LogModuleManager: Shutting down and abandoning module AutomationWindow (123)
[2014.11.24-11.35.45:677][354]LogModuleManager: Shutting down and abandoning module Layers (122)
[2014.11.24-11.35.45:677][354]LogModuleManager: Shutting down and abandoning module ComponentVisualizers (121)
[2014.11.24-11.35.45:677][354]LogModuleManager: Shutting down and abandoning module DetailCustomizations (120)
[2014.11.24-11.35.45:677][354]LogModuleManager: Shutting down and abandoning module PackagesDialog (119)
[2014.11.24-11.35.45:678][354]LogModuleManager: Shutting down and abandoning module AssetRegistry (118)
[2014.11.24-11.35.45:714][354]LogModuleManager: Shutting down and abandoning module Persona (117)
[2014.11.24-11.35.45:714][354]LogModuleManager: Shutting down and abandoning module Kismet (116)
[2014.11.24-11.35.45:714][354]LogModuleManager: Shutting down and abandoning module GraphEditor (115)
[2014.11.24-11.35.45:714][354]LogModuleManager: Shutting down and abandoning module ClassViewer (114)
[2014.11.24-11.35.45:714][354]LogModuleManager: Shutting down and abandoning module Toolbox (113)
[2014.11.24-11.35.45:714][354]LogModuleManager: Shutting down and abandoning module ModuleUI (112)
[2014.11.24-11.35.45:714][354]LogModuleManager: Shutting down and abandoning module MovieSceneTools (111)
[2014.11.24-11.35.45:714][354]LogModuleManager: Shutting down and abandoning module OutputLog (110)
[2014.11.24-11.35.45:714][354]LogModuleManager: Shutting down and abandoning module GammaUI (109)
[2014.11.24-11.35.45:714][354]LogModuleManager: Shutting down and abandoning module Documentation (108)
[2014.11.24-11.35.45:714][354]LogModuleManager: Shutting down and abandoning module GameLiveStreaming (107)
[2014.11.24-11.35.45:714][354]LogModuleManager: Shutting down and abandoning module StreamingPauseRendering (106)
[2014.11.24-11.35.45:714][354]LogModuleManager: Shutting down and abandoning module HTTP (105)
[2014.11.24-11.35.45:714][354]LogModuleManager: Shutting down and abandoning module AnalyticsET (104)
[2014.11.24-11.35.45:714][354]LogModuleManager: Shutting down and abandoning module Analytics (103)
[2014.11.24-11.35.45:714][354]LogModuleManager: Shutting down and abandoning module GameplayDebugger (102)
[2014.11.24-11.35.45:714][354]LogModuleManager: Shutting down and abandoning module AIModule (101)
[2014.11.24-11.35.45:714][354]LogModuleManager: Shutting down and abandoning module ProfilerService (100)
[2014.11.24-11.35.45:750][354]LogModuleManager: Shutting down and abandoning module TaskGraph (99)
[2014.11.24-11.35.45:750][354]LogModuleManager: Shutting down and abandoning module SlateRemote (98)
[2014.11.24-11.35.45:750][354]LogModuleManager: Shutting down and abandoning module ScriptEditorPlugin (97)
[2014.11.24-11.35.45:750][354]LogModuleManager: Shutting down and abandoning module CustomMeshComponent (96)
[2014.11.24-11.35.45:750][354]LogModuleManager: Shutting down and abandoning module CableComponent (95)
[2014.11.24-11.35.45:750][354]LogModuleManager: Shutting down and abandoning module MessagingDebugger (94)
[2014.11.24-11.35.45:750][354]LogModuleManager: Shutting down and abandoning module MediaPlayerEditor (93)
[2014.11.24-11.35.45:750][354]LogModuleManager: Shutting down and abandoning module SpeedTreeImporter (92)
[2014.11.24-11.35.45:750][354]LogModuleManager: Shutting down and abandoning module PluginsEditor (91)
[2014.11.24-11.35.45:750][354]LogModuleManager: Shutting down and abandoning module EpicSurvey (90)
[2014.11.24-11.35.45:750][354]LogModuleManager: Shutting down and abandoning module DesktopPlatform (89)
[2014.11.24-11.35.45:750][354]LogModuleManager: Shutting down and abandoning module VisualStudioSourceCodeAccess (88)
[2014.11.24-11.35.45:750][354]LogModuleManager: Shutting down and abandoning module UObjectPlugin (87)
[2014.11.24-11.35.45:750][354]LogModuleManager: Shutting down and abandoning module SubversionSourceControl (86)
[2014.11.24-11.35.45:750][354]LogModuleManager: Shutting down and abandoning module SourceControl (85)
[2014.11.24-11.35.45:750][354]LogModuleManager: Shutting down and abandoning module PerforceSourceControl (84)
[2014.11.24-11.35.45:750][354]LogModuleManager: Shutting down and abandoning module BlankPlugin (83)
[2014.11.24-11.35.45:750][354]LogModuleManager: Shutting down and abandoning module SlateReflector (82)
[2014.11.24-11.35.45:750][354]LogModuleManager: Shutting down and abandoning module DirectoryWatcher (81)
[2014.11.24-11.35.45:750][354]LogModuleManager: Shutting down and abandoning module HotReload (80)
[2014.11.24-11.35.45:751][354]LogModuleManager: Shutting down and abandoning module MainFrame (79)
[2014.11.24-11.35.45:751][354]LogModuleManager: Shutting down and abandoning module LevelEditor (78)
[2014.11.24-11.35.45:751][354]LogModuleManager: Shutting down and abandoning module ViewportSnapping (77)
[2014.11.24-11.35.45:752][354]LogModuleManager: Shutting down and abandoning module SmartSnapping (76)
[2014.11.24-11.35.45:752][354]LogModuleManager: Shutting down and abandoning module PaperTiledImporter (75)
[2014.11.24-11.35.45:752][354]LogModuleManager: Shutting down and abandoning module PaperJsonImporter (74)
[2014.11.24-11.35.45:752][354]LogModuleManager: Shutting down and abandoning module ContentBrowser (73)
[2014.11.24-11.35.45:752][354]LogModuleManager: Shutting down and abandoning module PropertyEditor (72)
[2014.11.24-11.35.45:752][354]LogModuleManager: Shutting down and abandoning module Paper2DEditor (71)
[2014.11.24-11.35.45:752][354]LogModuleManager: Shutting down and abandoning module ScriptPlugin (70)
[2014.11.24-11.35.45:752][354]LogModuleManager: Shutting down and abandoning module UdpMessaging (69)
[2014.11.24-11.35.45:852][354]LogModuleManager: Shutting down and abandoning module Paper2D (68)
[2014.11.24-11.35.45:852][354]LogModuleManager: Shutting down and abandoning module WindowsMoviePlayer (67)
[2014.11.24-11.35.45:854][354]LogModuleManager: Shutting down and abandoning module Media (66)
[2014.11.24-11.35.45:854][354]LogModuleManager: Shutting down and abandoning module WmfMedia (65)
[2014.11.24-11.35.45:854][354]LogModuleManager: Shutting down and abandoning module OnlineBlueprintSupport (64)
[2014.11.24-11.35.45:854][354]LogModuleManager: Shutting down and abandoning module FunctionalTesting (63)
[2014.11.24-11.35.45:854][354]LogModuleManager: Shutting down and abandoning module CollisionAnalyzer (62)
[2014.11.24-11.35.45:854][354]LogModuleManager: Shutting down and abandoning module WorkspaceMenuStructure (61)
[2014.11.24-11.35.45:855][354]LogModuleManager: Shutting down and abandoning module MessageLog (60)
[2014.11.24-11.35.45:855][354]LogModuleManager: Shutting down and abandoning module Sequencer (59)
[2014.11.24-11.35.45:855][354]LogModuleManager: Shutting down and abandoning module AssetTools (58)
[2014.11.24-11.35.45:855][354]LogModuleManager: Shutting down and abandoning module UMGEditor (57)
[2014.11.24-11.35.45:855][354]LogModuleManager: Shutting down and abandoning module UMG (56)
[2014.11.24-11.35.45:855][354]LogModuleManager: Shutting down and abandoning module Slate (55)
[2014.11.24-11.35.45:855][354]LogModuleManager: Shutting down and abandoning module EditorStyle (54)
[2014.11.24-11.35.45:856][354]LogModuleManager: Shutting down and abandoning module SessionServices (53)
[2014.11.24-11.35.45:856][354]LogModuleManager: Shutting down and abandoning module SourceCodeAccess (52)
[2014.11.24-11.35.45:856][354]LogModuleManager: Shutting down and abandoning module HeadMountedDisplay (51)
[2014.11.24-11.35.45:856][354]LogModuleManager: Shutting down and abandoning module XAudio2 (50)
[2014.11.24-11.35.45:856][354]LogModuleManager: Shutting down and abandoning module Networking (48)
[2014.11.24-11.35.45:856][354]LogModuleManager: Shutting down and abandoning module Core (47)
[2014.11.24-11.35.45:856][354]LogModuleManager: Shutting down and abandoning module KismetCompiler (46)
[2014.11.24-11.35.45:856][354]LogModuleManager: Shutting down and abandoning module PhysXFormats (45)
[2014.11.24-11.35.45:856][354]LogModuleManager: Shutting down and abandoning module MeshUtilities (44)
[2014.11.24-11.35.45:856][354]LogModuleManager: Shutting down and abandoning module DerivedDataCache (43)
[2014.11.24-11.35.45:897][354]LogDerivedDataCache: Shutdown
[2014.11.24-11.35.45:897][354]LogModuleManager: Shutting down and abandoning module ShaderFormatOpenGL (42)
[2014.11.24-11.35.45:897][354]LogModuleManager: Shutting down and abandoning module ShaderFormatD3D (41)
[2014.11.24-11.35.45:897][354]LogModuleManager: Shutting down and abandoning module MetalShaderFormat (40)
[2014.11.24-11.35.45:897][354]LogModuleManager: Shutting down and abandoning module TextureFormatUncompressed (39)
[2014.11.24-11.35.45:897][354]LogModuleManager: Shutting down and abandoning module TextureFormatPVR (38)
[2014.11.24-11.35.45:897][354]LogModuleManager: Shutting down and abandoning module TextureFormatDXT (37)
[2014.11.24-11.35.45:897][354]LogModuleManager: Shutting down and abandoning module TextureFormatAndroid (36)
[2014.11.24-11.35.45:897][354]LogModuleManager: Shutting down and abandoning module AudioFormatOpus (35)
[2014.11.24-11.35.45:897][354]LogModuleManager: Shutting down and abandoning module AudioFormatOgg (34)
[2014.11.24-11.35.45:897][354]LogModuleManager: Shutting down and abandoning module AudioFormatADPCM (33)
[2014.11.24-11.35.45:897][354]LogModuleManager: Shutting down and abandoning module Messaging (32)
[2014.11.24-11.35.45:897][354]LogModuleManager: Shutting down and abandoning module IOSTargetPlatform (31)
[2014.11.24-11.35.45:897][354]LogModuleManager: Shutting down and abandoning module Android_PVRTCTargetPlatform (30)
[2014.11.24-11.35.45:897][354]LogModuleManager: Shutting down and abandoning module Android_ETC2TargetPlatform (29)
[2014.11.24-11.35.45:897][354]LogModuleManager: Shutting down and abandoning module Android_ETC1TargetPlatform (28)
[2014.11.24-11.35.45:897][354]LogModuleManager: Shutting down and abandoning module Android_DXTTargetPlatform (27)
[2014.11.24-11.35.45:897][354]LogModuleManager: Shutting down and abandoning module Android_ATCTargetPlatform (26)
[2014.11.24-11.35.45:897][354]LogModuleManager: Shutting down and abandoning module AndroidTargetPlatform (25)
[2014.11.24-11.35.45:897][354]LogModuleManager: Shutting down and abandoning module WindowsTargetPlatform (24)
[2014.11.24-11.35.45:897][354]LogModuleManager: Shutting down and abandoning module WindowsServerTargetPlatform (23)
[2014.11.24-11.35.45:897][354]LogModuleManager: Shutting down and abandoning module WindowsNoEditorTargetPlatform (22)
[2014.11.24-11.35.45:897][354]LogModuleManager: Shutting down and abandoning module WindowsClientTargetPlatform (21)
[2014.11.24-11.35.45:897][354]LogModuleManager: Shutting down and abandoning module TargetPlatform (20)
[2014.11.24-11.35.45:897][354]LogModuleManager: Shutting down and abandoning module InputCore (19)
[2014.11.24-11.35.45:897][354]LogModuleManager: Shutting down and abandoning module Settings (18)
[2014.11.24-11.35.45:897][354]LogModuleManager: Shutting down and abandoning module ImageWrapper (17)
[2014.11.24-11.35.45:897][354]LogModuleManager: Shutting down and abandoning module OculusRift (14)
[2014.11.24-11.35.45:897][354]LogModuleManager: Shutting down and abandoning module ExampleDeviceProfileSelector (13)
[2014.11.24-11.35.45:897][354]LogModuleManager: Shutting down and abandoning module TextureCompressor (12)
[2014.11.24-11.35.45:897][354]LogModuleManager: Shutting down and abandoning module ShaderCore (11)
[2014.11.24-11.35.45:897][354]LogModuleManager: Shutting down and abandoning module SlateRHIRenderer (10)
[2014.11.24-11.35.45:899][354]LogModuleManager: Shutting down and abandoning module OpenGLDrv (9)
[2014.11.24-11.35.45:899][354]LogModuleManager: Shutting down and abandoning module D3D11RHI (8)
[2014.11.24-11.35.45:899][354]LogModuleManager: Shutting down and abandoning module Renderer (7)
[2014.11.24-11.35.45:899][354]LogModuleManager: Shutting down and abandoning module Engine (6)
[2014.11.24-11.35.45:899][354]LogModuleManager: Shutting down and abandoning module CoreUObject (5)
[2014.11.24-11.35.45:899][354]LogModuleManager: Shutting down and abandoning module NetworkFile (4)
[2014.11.24-11.35.45:899][354]LogModuleManager: Shutting down and abandoning module StreamingFile (3)
[2014.11.24-11.35.45:899][354]LogModuleManager: Shutting down and abandoning module SandboxFile (2)
[2014.11.24-11.35.45:899][354]LogModuleManager: Shutting down and abandoning module PakFile (1)
[2014.11.24-11.35.45:899][354]LogExit: Exiting.
[2014.11.24-11.35.45:923][354]Log file closed, 11/24/14 03:35:45
