Log file open, 11/24/14 01:05:16
LogInit:Display: Running engine for game: Trial_third_person
LogInit: Version: 4.5.1-2336687+++depot+UE4-Releases+4.5
LogInit: API Version: 2326478
LogInit: Compiled (64-bit): Oct 21 2014 22:32:40
LogInit: Compiled with Visual C++: 18.00.21005.01
LogInit: Build Configuration: Development
LogInit: Branch Name: ++depot+UE4-Releases+4.5
LogInit: Command line:  
LogInit: Base directory: C:/Program Files/Epic Games/4.5/Engine/Binaries/Win64/
LogInit: Rocket: 1
[2014.11.24-09.05.16:266][  0]LogTaskGraph: Started task graph with 3 named threads and 4 total threads.
[2014.11.24-09.05.16:294][  0]LogOnline:Warning: No default platform service specified for OnlineSubsystem
[2014.11.24-09.05.16:312][  0]LogInit: Presizing for 0 objects not considered by GC, pre-allocating 0 bytes.
[2014.11.24-09.05.16:322][  0]LogInit: Object subsystem initialized
[2014.11.24-09.05.16:326][  0]LogConsoleResponse:Warning: Skipping Unknown console variable: 'UIScaleRule = ShortestSide'
[2014.11.24-09.05.16:326][  0]LogConsoleResponse:Warning:   Found in ini file 'C:/Users/User/Documents/GitHub/Study-Session/Trial_third_person/Saved/Config/Windows/Engine.ini', in section '[/Script/Engine.RendererSettings]'
[2014.11.24-09.05.16:326][  0]LogConsoleResponse:Warning: Skipping Unknown console variable: 'UIScaleCurve = (EditorCurveData=(Keys=((Time=480.000000,Value=0.444000),(Time=720.000000,Value=0.666000),(Time=1080.000000,Value=1.000000),(Time=8640.000000,Value=8.000000))),ExternalCurve=None)'
[2014.11.24-09.05.16:326][  0]LogConsoleResponse:Warning:   Found in ini file 'C:/Users/User/Documents/GitHub/Study-Session/Trial_third_person/Saved/Config/Windows/Engine.ini', in section '[/Script/Engine.RendererSettings]'
[2014.11.24-09.05.16:326][  0]LogInit: Selected Device Profile: [Windows]
[2014.11.24-09.05.16:326][  0]LogInit: Applying CVar settings loaded from the selected device profile: [Windows]
[2014.11.24-09.05.16:333][  0]LogInit: Computer: USER-PC
[2014.11.24-09.05.16:333][  0]LogInit: User: User
[2014.11.24-09.05.16:333][  0]LogInit: CPU Page size=4096, Cores=2
[2014.11.24-09.05.16:333][  0]LogInit: High frequency timer resolution =2.435947 MHz
[2014.11.24-09.05.16:333][  0]LogMemory: Memory total: Physical=7.8GB (8GB approx) Virtual=8192.0GB
[2014.11.24-09.05.16:334][  0]LogMemory: Platform Memory Stats for Windows
[2014.11.24-09.05.16:334][  0]LogMemory: Process Physical Memory: 63.36 MB used, 63.36 MB peak
[2014.11.24-09.05.16:334][  0]LogMemory: Process Virtual Memory: 38.54 MB used, 38.54 MB peak
[2014.11.24-09.05.16:334][  0]LogMemory: Physical Memory: 3040.85 MB used, 7969.14 MB total
[2014.11.24-09.05.16:334][  0]LogMemory: Virtual Memory: 268.57 MB used, 8388608.00 MB total
[2014.11.24-09.05.16:353][  0]LogD3D11RHI: Found D3D11 adapter 0: Intel(R) HD Graphics 3000 (Feature Level 10_0)
[2014.11.24-09.05.16:353][  0]LogD3D11RHI: Adapter has 192MB of dedicated video memory, 0MB of dedicated system memory, and 1568MB of shared system memory, 1 output[s]
[2014.11.24-09.05.16:353][  0]LogD3D11RHI: Chosen D3D11 Adapter Id = 0
[2014.11.24-09.05.16:359][  0]LogRHI: Texture pool is 683 MB (70% of 976 MB)
[2014.11.24-09.05.16:363][  0]LogD3D11RHI: Async texture creation enabled
[2014.11.24-09.05.16:401][  0]LogTextLocalizationManager: The requested culture ('en_US') has no localization data; parent culture's ('en') localization data will be used.
[2014.11.24-09.05.16:564][  0]LogContentStreaming: Texture pool size is 0.000000MB
[2014.11.24-09.05.22:032][  0]LogTargetPlatformManager:Display: Building Assets For Windows
[2014.11.24-09.05.22:630][  0]LogTargetPlatformManager:Display: Building Assets For Windows
[2014.11.24-09.05.22:687][  0]LogDerivedDataCache:Display: Max Cache Size: 512 MB
[2014.11.24-09.05.22:771][  0]LogDerivedDataCache: Loaded boot cache 0.08s 36MB C:/Users/User/AppData/Local/UnrealEngine/4.5/DerivedDataCache/Boot.ddc.
[2014.11.24-09.05.22:772][  0]LogDerivedDataCache:Display: Loaded Boot cache: C:/Users/User/AppData/Local/UnrealEngine/4.5/DerivedDataCache/Boot.ddc
[2014.11.24-09.05.22:772][  0]LogDerivedDataCache: FDerivedDataBackendGraph:  Pak pak cache file ../../../../../../Users/User/Documents/GitHub/Study-Session/Trial_third_person/DerivedDataCache/DDC.ddp not found, will not use a pak cache.
[2014.11.24-09.05.22:772][  0]LogDerivedDataCache: Unable to find inner node Pak for hierarchical cache Hierarchy.
[2014.11.24-09.05.22:861][  0]LogDerivedDataCache:Display: Pak cache opened for reading ../../../Engine/DerivedDataCache/DDC.ddp.
[2014.11.24-09.05.22:873][  0]LogDerivedDataCache: Using Local data cache path C:/Users/User/AppData/Local/UnrealEngine/Common/DerivedDataCache: Writable
[2014.11.24-09.05.23:092][  0]LogMeshUtilities: No automatic mesh reduction module available
[2014.11.24-09.05.23:092][  0]LogMeshUtilities: No automatic mesh merging module available
[2014.11.24-09.05.23:402][  0]LogLinker:Warning: Asset '../../../Engine/Content/Functions/Engine_MaterialFunctions02/Texturing/FlipBook.uasset' has been saved with empty engine version. The asset will be loaded but may be incompatible.
[2014.11.24-09.05.23:407][  0]LogLinker:Warning: Asset '../../../Engine/Content/Functions/Engine_MaterialFunctions02/ExampleContent/Textures/flipbook.uasset' has been saved with empty engine version. The asset will be loaded but may be incompatible.
[2014.11.24-09.05.23:602][  0]LogInit: WinSock: version 1.1 (2.2), MaxSocks=32767, MaxUdp=65467
[2014.11.24-09.05.24:506][  0]UdpMessaging: Initializing bridge on interface 0.0.0.0:0 to multicast group 230.0.0.1:6666.
[2014.11.24-09.05.24:676][  0]LogDirectoryWatcher:Warning: Failed to begin reading directory changes for C:/Users/User/Documents/GitHub/Study-Session/Trial_third_person/Binaries/Win64. Error: 0
[2014.11.24-09.05.24:820][  0]SourceControl: Info Source control is disabled
[2014.11.24-09.05.24:820][  0]SourceControl: Info Source control is disabled
[2014.11.24-09.05.24:826][  0]SourceControl: Info Source control is disabled
[2014.11.24-09.05.24:941][  0]LogObj: 22915 objects as part of root set at end of initial load.
[2014.11.24-09.05.24:941][  0]LogUObjectAllocator: 4803536 out of 0 bytes used by permanent object pool.
[2014.11.24-09.05.25:001][  0]LogEngine: Initializing Engine...
[2014.11.24-09.05.25:148][  0]LogInit: XAudio2 using 'Speakers (Realtek High Definition Audio)' : 2 channels at 48 kHz using 32 bits per sample (channel mask 0x3)
[2014.11.24-09.05.25:200][  0]LogInit: FAudioDevice initialized.
[2014.11.24-09.05.25:222][  0]LogAIModule: Creating AISystem for world NewWorld
[2014.11.24-09.05.25:247][  0]LogDerivedDataCache: Saved boot cache 0.02s 36MB C:/Users/User/AppData/Local/UnrealEngine/4.5/DerivedDataCache/Boot.ddc.
[2014.11.24-09.05.25:255][  0]LogInit: Texture streaming: Enabled
[2014.11.24-09.05.25:307][  0]LogInit: Transaction tracking system initialized
[2014.11.24-09.05.25:409][  0]BlueprintLog: New page: Editor Load
[2014.11.24-09.05.25:440][  0]LogAssetRegistry: FAssetRegistry took 0.0095 seconds to start up
[2014.11.24-09.05.25:440][  0]LogDirectoryWatcher:Warning: Failed to begin reading directory changes for ../../../Engine/Plugins/Experimental/CharacterAI/Content/. Error: 0
[2014.11.24-09.05.26:060][  0]LogTargetPlatformManager:Display: Building Assets For Windows
[2014.11.24-09.05.26:555][  0]LogTargetPlatformManager:Display: Building Assets For Windows
[2014.11.24-09.05.26:817][  0]LogConsoleResponse:Display: 
[2014.11.24-09.05.27:021][  0]SourceControl: Info Source control is disabled
[2014.11.24-09.05.27:021][  0]Cmd: MAP LOAD FILE="../../../../../../Users/User/Documents/GitHub/Study-Session/Trial_third_person/Content/Maps/Example_Map.umap" TEMPLATE=0 SHOWPROGRESS=1
[2014.11.24-09.05.27:021][  0]LightingResults: New page: Lighting Build
[2014.11.24-09.05.27:030][  0]MapCheck: New page: Map Check
[2014.11.24-09.05.27:030][  0]LightingResults: New page: Lighting Build
[2014.11.24-09.05.27:058][  0]LogParticles: Destroying 0 GPU particle simulations for FXSystem 0x000000001112C5E0
[2014.11.24-09.05.27:354][  0]LogEditorServer: Finished looking for orphan Actors (0.000 secs)
[2014.11.24-09.05.27:354][  0]LogAIModule: Creating AISystem for world Example_Map
[2014.11.24-09.05.27:355][  0]Cmd: MAP CHECKDEP
[2014.11.24-09.05.27:355][  0]MapCheck: New page: Example_Map - Nov 23, 2014, 5:05:27 PM
[2014.11.24-09.05.27:462][  0]MapCheck: Info Map check complete: 0 Error(s), 0 Warning(s), took 107.245ms to complete.
[2014.11.24-09.05.27:462][  0]LogFileHelpers: Loading map 'Example_Map' took 0.441
[2014.11.24-09.05.27:537][  0]LogCollectionManager: Loaded 0 collections in 0.002023 seconds
[2014.11.24-09.05.27:680][  0]LogCrashTracker: Crashtracker disabled due to settings.
[2014.11.24-09.05.27:714][  0]LogUObjectGlobals:Warning: Failed to find object 'Class None.'
[2014.11.24-09.05.27:747][  0]LogLoad: Full Startup: 13.74 seconds (BP compile: 0.07 seconds)
[2014.11.24-09.05.28:092][  0]LogContentBrowser:Verbose: The content browser source was changed by the sources view to '/Game/Character'
[2014.11.24-09.05.28:248][  0]LogRenderer:Warning: Reallocating scene render targets to support 688x592.
[2014.11.24-09.05.29:754][  4]LogAssetRegistry: Asset discovery search completed in 4.3237 seconds
[2014.11.24-09.05.56:950][221]LogFactory: FactoryCreateBinary: StaticMesh with FbxFactory (0 0 ../../../../../../Users/User/Documents/GitHub/Study-Session/Trial_third_person/Content/Character/cat.fbx)
[2014.11.24-09.05.57:569][221]LogFbx: ItemName: GlobalSettings, ItemCount : 1
[2014.11.24-09.05.57:569][221]LogFbx: ItemName: Geometry, ItemCount : 4
[2014.11.24-09.05.57:569][221]LogFbx: ItemName: Model, ItemCount : 4
[2014.11.24-09.05.57:569][221]LogFbx: ItemName: Material, ItemCount : 1
[2014.11.24-09.06.08:334][221]LogFbx: Loading FBX Scene from ../../../../../../Users/User/Documents/GitHub/Study-Session/Trial_third_person/Content/Character/cat.fbx
[2014.11.24-09.06.08:451][221]LogFbx: FBX Scene Loaded Succesfully
[2014.11.24-09.06.08:483][221]LogFbx:Warning: Triangulating static mesh Sphere.002
[2014.11.24-09.06.08:953][221]LogFbx:Warning: Triangulating static mesh Sphere
[2014.11.24-09.06.09:422][221]LogFbx:Warning: Triangulating static mesh Sphere.001
[2014.11.24-09.06.09:637][221]LogLinker:Warning: Can't find file '/Game/Character/Material'
[2014.11.24-09.06.09:637][221]LogLinker:Warning: Can't find file '/Game/Character/Material'
[2014.11.24-09.06.09:637][221]LogUObjectGlobals:Warning: Failed to find object 'MaterialInterface /Game/Character/Material.Material'
[2014.11.24-09.06.09:697][221]LogMaterial: Missing cached shader map for material Material, compiling.
[2014.11.24-09.06.09:823][221]LogFbx:Warning: Triangulating static mesh Sphere.007
[2014.11.24-09.06.38:808][221]LogFbx: == Initial material list:
[2014.11.24-09.06.38:808][221]LogFbx: 0: None
[2014.11.24-09.06.38:808][221]LogFbx: 1: None
[2014.11.24-09.06.38:808][221]LogFbx: 2: None
[2014.11.24-09.06.38:808][221]LogFbx: 3: Material
[2014.11.24-09.06.38:808][221]LogFbx:   remap 1 -> 0
[2014.11.24-09.06.38:808][221]LogFbx:   remap 2 -> 0
[2014.11.24-09.06.38:808][221]LogFbx: == After sorting:
[2014.11.24-09.06.38:808][221]LogFbx: 0: None
[2014.11.24-09.06.38:808][221]LogFbx: 1: Material
[2014.11.24-09.06.38:808][221]LogFbx: == Mapping table:
[2014.11.24-09.06.38:808][221]LogFbx:   sort 0 -> 0
[2014.11.24-09.06.38:808][221]LogFbx:   sort 1 -> 0
[2014.11.24-09.06.38:808][221]LogFbx:   sort 2 -> 0
[2014.11.24-09.06.38:808][221]LogFbx:   sort 3 -> 1
[2014.11.24-09.06.38:967][221]LogStaticMesh: Building static mesh cat...
[2014.11.24-09.06.39:717][221]LogLayoutUV:Display: FindCharts: 156 ms
[2014.11.24-09.07.11:326][221]LogStaticMesh: Built static mesh [32359.246094ms] /Game/Character/cat.cat
[2014.11.24-09.07.11:761][221]FBXImport:Warning: Warning Warning: No smoothing group information was found in this FBX scene.  Please make sure to enable the 'Export Smoothing Groups' option in the FBX Exporter plug-in before exporting the file.  Even for tools that don't support smoothing groups, the FBX Exporter will generate appropriate smoothing data at export-time so that correct vertex normals can be inferred while importing. 
[2014.11.24-09.07.12:192][221]LogContentBrowser:Verbose: The content browser source was changed by the sources view to 'None'
[2014.11.24-09.07.12:193][221]LogContentBrowser:Verbose: The content browser source was changed by the sources view to '/Game/Character'
[2014.11.24-09.08.39:969][739]LogActorFactory: Actor Factory created cat
[2014.11.24-09.08.40:728][751]LogActorFactory: Actor Factory created cat
[2014.11.24-09.08.47:744][ 53]LogWindowsTextInputMethodSystem:Error: Deactivating a context failed while setting focus to the disabled TSF document manager.
[2014.11.24-09.08.55:087][184]LogEditorViewport: Clicking on Actor (LMB): StaticMeshActor (cat)
[2014.11.24-09.09.07:292][469]LogEditorViewport: Clicking on Actor (LMB): StaticMeshActor (cat)
[2014.11.24-09.09.09:184][577]BlueprintLog: New page: Pre-PIE auto-recompile
[2014.11.24-09.09.09:184][577]LogPlayLevel: [PIE] Compiling Tutorial_BP_MacroLib before PIE...
[2014.11.24-09.09.09:501][577]LogParticles: Destroying 0 GPU particle simulations for FXSystem 0x000000002D6DE0C0
[2014.11.24-09.09.09:505][577]LogPlayLevel: PIE:  Blueprint regeneration took 321 ms (1 blueprints)
[2014.11.24-09.09.09:506][577]PIE: New page: PIE session: Example_Map (Nov 23, 2014, 5:09:09 PM)
[2014.11.24-09.09.09:547][577]LogPlayLevel: PIE: StaticDuplicateObject took: (0.041058s)
[2014.11.24-09.09.09:548][577]LogPlayLevel: PIE: World Init took: (0.001419s)
[2014.11.24-09.09.09:548][577]LogPlayLevel: PIE: Created PIE world by copying editor world from /Game/Maps/Example_Map.Example_Map to /Game/Maps/UEDPIE_0_Example_Map.Example_Map (0.042716s)
[2014.11.24-09.09.09:972][577]LogWorld: Game class is 'MyGame_C'
[2014.11.24-09.09.09:974][577]LogAIModule: Creating AISystem for world Example_Map
[2014.11.24-09.09.09:975][577]LogWorld: Bringing World /Game/Maps/UEDPIE_0_Example_Map.Example_Map up for play (max tick rate 60) at 2014.11.24-01.09.09
[2014.11.24-09.09.09:976][577]LogWorld: Bringing up level for play took: 0.002028
[2014.11.24-09.09.10:004][577]LogGameMode: Warning - PATHS NOT DEFINED or NO PLAYERSTART with positive rating
[2014.11.24-09.09.10:008][577]PIE: Info Play in editor start time for /Game/Maps/UEDPIE_0_Example_Map 1.694
[2014.11.24-09.09.11:865][635]LogParticles: Destroying 0 GPU particle simulations for FXSystem 0x0000000029B9F7E0
[2014.11.24-09.09.17:437][816]LogEditorViewport: Clicking on Actor (LMB): PlayerStart (Player Start)
[2014.11.24-09.09.19:152][884]LogNavigationPoint: PostEditMove Clear paths rebuilt
[2014.11.24-09.09.20:179][929]LogNavigationPoint: PostEditMove Clear paths rebuilt
[2014.11.24-09.09.21:294][989]LogPlayLevel: PIE:  No blueprints needed recompiling
[2014.11.24-09.09.21:294][989]PIE: New page: PIE session: Example_Map (Nov 23, 2014, 5:09:21 PM)
[2014.11.24-09.09.21:346][989]LogPlayLevel: PIE: StaticDuplicateObject took: (0.051627s)
[2014.11.24-09.09.21:348][989]LogPlayLevel: PIE: World Init took: (0.001771s)
[2014.11.24-09.09.21:348][989]LogPlayLevel: PIE: Created PIE world by copying editor world from /Game/Maps/Example_Map.Example_Map to /Game/Maps/UEDPIE_0_Example_Map.Example_Map (0.053826s)
[2014.11.24-09.09.21:382][989]LogWorld: Game class is 'MyGame_C'
[2014.11.24-09.09.21:384][989]LogAIModule: Creating AISystem for world Example_Map
[2014.11.24-09.09.21:385][989]LogWorld: Bringing World /Game/Maps/UEDPIE_0_Example_Map.Example_Map up for play (max tick rate 60) at 2014.11.24-01.09.21
[2014.11.24-09.09.21:386][989]LogWorld: Bringing up level for play took: 0.002342
[2014.11.24-09.09.21:390][989]PIE: Info Play in editor start time for /Game/Maps/UEDPIE_0_Example_Map 1.076
[2014.11.24-09.09.32:829][359]LogParticles: Destroying 0 GPU particle simulations for FXSystem 0x0000000029B64680
[2014.11.24-09.09.33:917][420]LogEditorViewport: Clicking on Actor (context menu): StaticMeshActor (cat)
[2014.11.24-09.09.36:478][556]LogEditorViewport: Clicking on Actor (LMB): StaticMeshActor (cat)
[2014.11.24-09.09.46:106][718]Cmd: EDIT CUT
[2014.11.24-09.09.46:110][718]LogEditorActor: Deleted Actor: StaticMeshActor
[2014.11.24-09.09.46:143][718]LogEditorActor: Deleted 1 Actors (0.034 secs)
[2014.11.24-09.10.00:614][331]LogActorFactory: Actor Factory created cat
[2014.11.24-09.10.01:162][339]LogActorFactory: Actor Factory created cat
[2014.11.24-09.10.04:241][462]LogWindowsTextInputMethodSystem:Error: Deactivating a context failed while setting focus to the disabled TSF document manager.
[2014.11.24-09.10.11:838][754]LogWindowsTextInputMethodSystem:Error: Deactivating a context failed while setting focus to the disabled TSF document manager.
[2014.11.24-09.10.17:523][868]LogContentBrowser:Verbose: The content browser source was changed by the sources view to '/Game/Blueprints'
[2014.11.24-09.10.19:371][955]LogContentBrowser:Verbose: The content browser source was changed by the sources view to '/Game/StarterContent'
[2014.11.24-09.10.23:270][188]LogContentBrowser:Verbose: The content browser source was changed by the sources view to '/Game/StarterContent/Materials'
[2014.11.24-09.11.03:388][915]LogEditorViewport: Clicking on Actor (double click): StaticMeshActor (cat)
[2014.11.24-09.11.10:033][308]Cmd: EDIT CUT
[2014.11.24-09.11.10:037][308]LogEditorActor: Deleted Actor: StaticMeshActor
[2014.11.24-09.11.10:037][308]LogActorComponent: UnregisterComponent: (/Engine/Transient.CharacterMovementComponent_0) Not registered. Aborting.
[2014.11.24-09.11.10:072][308]LogParticles: Destroying 0 GPU particle simulations for FXSystem 0x000000000C8FE160
[2014.11.24-09.11.10:072][308]LogEditorActor: Deleted 1 Actors (0.035 secs)
[2014.11.24-09.11.12:152][399]LogContentBrowser:Verbose: The content browser source was changed by the sources view to '/Game/Animations'
[2014.11.24-09.11.13:608][440]LogContentBrowser:Verbose: The content browser source was changed by the sources view to '/Game/Blueprints'
[2014.11.24-09.11.14:129][466]LogContentBrowser:Verbose: The content browser source was changed by the sources view to '/Game/Character'
[2014.11.24-09.11.38:395][496]LogActorComponent: UnregisterComponent: (/Engine/Transient.CharacterMovementComponent_1) Not registered. Aborting.
[2014.11.24-09.11.38:427][496]LogParticles: Destroying 0 GPU particle simulations for FXSystem 0x000000000D9DE840
[2014.11.24-09.12.14:247][353]LogSavePackage: Save=63.767807ms
[2014.11.24-09.12.14:247][353]LogSavePackage: Moving '../../../../../../Users/User/Documents/GitHub/Study-Session/Trial_third_person/Saved/Example_Map4699625B40F9C57A6A8D34AD0E6044B0.tmp' to '../../../../../../Users/User/Documents/GitHub/Study-Session/Trial_third_person/Content/Maps/Example_Map.umap'
[2014.11.24-09.12.19:431][407]Cmd: QUIT_EDITOR
[2014.11.24-09.12.19:860][407]LogExit: Preparing to exit.
[2014.11.24-09.12.20:608][407]LogExit: Editor shut down
[2014.11.24-09.12.20:609][407]LogExit: Transaction tracking system shut down
[2014.11.24-09.12.20:611][407]LogParticles: Destroying 0 GPU particle simulations for FXSystem 0x000000000D90C360
[2014.11.24-09.12.20:612][407]LogParticles: Destroying 0 GPU particle simulations for FXSystem 0x000000002D69F6A0
[2014.11.24-09.12.20:612][407]LogParticles: Destroying 0 GPU particle simulations for FXSystem 0x000000002D69F060
[2014.11.24-09.12.20:612][407]LogParticles: Destroying 0 GPU particle simulations for FXSystem 0x0000000013DE9DA0
[2014.11.24-09.12.20:612][407]LogParticles: Destroying 0 GPU particle simulations for FXSystem 0x000000002D6DC4A0
[2014.11.24-09.12.20:612][407]LogParticles: Destroying 0 GPU particle simulations for FXSystem 0x000000002D69CE00
[2014.11.24-09.12.20:637][407]LogParticles: Destroying 0 GPU particle simulations for FXSystem 0x0000000013DEB6A0
[2014.11.24-09.12.20:637][407]LogParticles: Destroying 0 GPU particle simulations for FXSystem 0x0000000013DEB380
[2014.11.24-09.12.20:637][407]LogExit: Object subsystem successfully closed.
[2014.11.24-09.12.20:692][407]LogModuleManager: Shutting down and abandoning module StaticMeshEditor (167)
[2014.11.24-09.12.20:692][407]LogModuleManager: Shutting down and abandoning module AndroidDeviceDetection (166)
[2014.11.24-09.12.20:692][407]LogModuleManager: Shutting down and abandoning module CrashTracker (165)
[2014.11.24-09.12.20:693][407]LogModuleManager: Shutting down and abandoning module SuperSearch (164)
[2014.11.24-09.12.20:693][407]LogModuleManager: Shutting down and abandoning module SceneOutliner (163)
[2014.11.24-09.12.20:693][407]LogModuleManager: Shutting down and abandoning module EditorWidgets (162)
[2014.11.24-09.12.20:693][407]LogModuleManager: Shutting down and abandoning module CollectionManager (161)
[2014.11.24-09.12.20:693][407]LogModuleManager: Shutting down and abandoning module StatsViewer (160)
[2014.11.24-09.12.20:693][407]LogModuleManager: Shutting down and abandoning module FoliageEdit (159)
[2014.11.24-09.12.20:693][407]LogModuleManager: Shutting down and abandoning module LandscapeEditor (158)
[2014.11.24-09.12.20:693][407]LogModuleManager: Shutting down and abandoning module MeshPaint (157)
[2014.11.24-09.12.20:693][407]LogModuleManager: Shutting down and abandoning module ActorPickerMode (156)
[2014.11.24-09.12.20:693][407]LogModuleManager: Shutting down and abandoning module GeometryMode (155)
[2014.11.24-09.12.20:693][407]LogModuleManager: Shutting down and abandoning module TextureAlignMode (154)
[2014.11.24-09.12.20:693][407]LogModuleManager: Shutting down and abandoning module BspMode (153)
[2014.11.24-09.12.20:693][407]LogModuleManager: Shutting down and abandoning module PlacementMode (152)
[2014.11.24-09.12.20:693][407]LogModuleManager: Shutting down and abandoning module AutomationWorker (151)
[2014.11.24-09.12.20:693][407]LogModuleManager: Shutting down and abandoning module CharacterAI (150)
[2014.11.24-09.12.20:693][407]LogModuleManager: Shutting down and abandoning module GameProjectGeneration (149)
[2014.11.24-09.12.20:693][407]LogModuleManager: Shutting down and abandoning module IntroTutorials (148)
[2014.11.24-09.12.20:693][407]LogModuleManager: Shutting down and abandoning module EditorLiveStreaming (147)
[2014.11.24-09.12.20:693][407]LogModuleManager: Shutting down and abandoning module HardwareTargeting (146)
[2014.11.24-09.12.20:693][407]LogModuleManager: Shutting down and abandoning module BehaviorTreeEditor (145)
[2014.11.24-09.12.20:693][407]LogModuleManager: Shutting down and abandoning module DeviceProfileEditor (144)
[2014.11.24-09.12.20:693][407]LogModuleManager: Shutting down and abandoning module UndoHistory (143)
[2014.11.24-09.12.20:693][407]LogModuleManager: Shutting down and abandoning module GameplayTagsEditor (142)
[2014.11.24-09.12.20:693][407]LogModuleManager: Shutting down and abandoning module UserFeedback (141)
[2014.11.24-09.12.20:693][407]LogModuleManager: Shutting down and abandoning module XmlParser (140)
[2014.11.24-09.12.20:693][407]LogModuleManager: Shutting down and abandoning module Blutility (139)
[2014.11.24-09.12.20:693][407]LogModuleManager: Shutting down and abandoning module IOSPlatformEditor (138)
[2014.11.24-09.12.20:693][407]LogModuleManager: Shutting down and abandoning module IOSRuntimeSettings (137)
[2014.11.24-09.12.20:693][407]LogModuleManager: Shutting down and abandoning module AndroidPlatformEditor (136)
[2014.11.24-09.12.20:693][407]LogModuleManager: Shutting down and abandoning module AndroidRuntimeSettings (135)
[2014.11.24-09.12.20:693][407]LogModuleManager: Shutting down and abandoning module ProjectTargetPlatformEditor (134)
[2014.11.24-09.12.20:694][407]LogModuleManager: Shutting down and abandoning module ProjectSettingsViewer (133)
[2014.11.24-09.12.20:694][407]LogModuleManager: Shutting down and abandoning module InputBindingEditor (132)
[2014.11.24-09.12.20:694][407]LogModuleManager: Shutting down and abandoning module EditorSettingsViewer (131)
[2014.11.24-09.12.20:694][407]LogModuleManager: Shutting down and abandoning module SettingsEditor (130)
[2014.11.24-09.12.20:694][407]LogModuleManager: Shutting down and abandoning module ProjectLauncher (129)
[2014.11.24-09.12.20:694][407]LogModuleManager: Shutting down and abandoning module SessionFrontend (128)
[2014.11.24-09.12.20:694][407]LogModuleManager: Shutting down and abandoning module ProfilerClient (127)
[2014.11.24-09.12.20:694][407]LogModuleManager: Shutting down and abandoning module TargetDeviceServices (126)
[2014.11.24-09.12.20:694][407]LogModuleManager: Shutting down and abandoning module DeviceManager (125)
[2014.11.24-09.12.20:694][407]LogModuleManager: Shutting down and abandoning module AutomationController (124)
[2014.11.24-09.12.20:694][407]LogModuleManager: Shutting down and abandoning module AutomationWindow (123)
[2014.11.24-09.12.20:694][407]LogModuleManager: Shutting down and abandoning module Layers (122)
[2014.11.24-09.12.20:694][407]LogModuleManager: Shutting down and abandoning module ComponentVisualizers (121)
[2014.11.24-09.12.20:694][407]LogModuleManager: Shutting down and abandoning module DetailCustomizations (120)
[2014.11.24-09.12.20:694][407]LogModuleManager: Shutting down and abandoning module PackagesDialog (119)
[2014.11.24-09.12.20:694][407]LogModuleManager: Shutting down and abandoning module AssetRegistry (118)
[2014.11.24-09.12.20:805][407]LogModuleManager: Shutting down and abandoning module Persona (117)
[2014.11.24-09.12.20:805][407]LogModuleManager: Shutting down and abandoning module Kismet (116)
[2014.11.24-09.12.20:805][407]LogModuleManager: Shutting down and abandoning module GraphEditor (115)
[2014.11.24-09.12.20:805][407]LogModuleManager: Shutting down and abandoning module ClassViewer (114)
[2014.11.24-09.12.20:805][407]LogModuleManager: Shutting down and abandoning module Toolbox (113)
[2014.11.24-09.12.20:805][407]LogModuleManager: Shutting down and abandoning module ModuleUI (112)
[2014.11.24-09.12.20:805][407]LogModuleManager: Shutting down and abandoning module MovieSceneTools (111)
[2014.11.24-09.12.20:805][407]LogModuleManager: Shutting down and abandoning module OutputLog (110)
[2014.11.24-09.12.20:805][407]LogModuleManager: Shutting down and abandoning module GammaUI (109)
[2014.11.24-09.12.20:805][407]LogModuleManager: Shutting down and abandoning module Documentation (108)
[2014.11.24-09.12.20:805][407]LogModuleManager: Shutting down and abandoning module GameLiveStreaming (107)
[2014.11.24-09.12.20:805][407]LogModuleManager: Shutting down and abandoning module StreamingPauseRendering (106)
[2014.11.24-09.12.20:805][407]LogModuleManager: Shutting down and abandoning module HTTP (105)
[2014.11.24-09.12.20:806][407]LogModuleManager: Shutting down and abandoning module AnalyticsET (104)
[2014.11.24-09.12.20:806][407]LogModuleManager: Shutting down and abandoning module Analytics (103)
[2014.11.24-09.12.20:806][407]LogModuleManager: Shutting down and abandoning module GameplayDebugger (102)
[2014.11.24-09.12.20:806][407]LogModuleManager: Shutting down and abandoning module AIModule (101)
[2014.11.24-09.12.20:806][407]LogModuleManager: Shutting down and abandoning module ProfilerService (100)
[2014.11.24-09.12.20:902][407]LogModuleManager: Shutting down and abandoning module TaskGraph (99)
[2014.11.24-09.12.20:902][407]LogModuleManager: Shutting down and abandoning module SlateRemote (98)
[2014.11.24-09.12.20:902][407]LogModuleManager: Shutting down and abandoning module ScriptEditorPlugin (97)
[2014.11.24-09.12.20:902][407]LogModuleManager: Shutting down and abandoning module CustomMeshComponent (96)
[2014.11.24-09.12.20:902][407]LogModuleManager: Shutting down and abandoning module CableComponent (95)
[2014.11.24-09.12.20:902][407]LogModuleManager: Shutting down and abandoning module MessagingDebugger (94)
[2014.11.24-09.12.20:902][407]LogModuleManager: Shutting down and abandoning module MediaPlayerEditor (93)
[2014.11.24-09.12.20:902][407]LogModuleManager: Shutting down and abandoning module SpeedTreeImporter (92)
[2014.11.24-09.12.20:902][407]LogModuleManager: Shutting down and abandoning module PluginsEditor (91)
[2014.11.24-09.12.20:902][407]LogModuleManager: Shutting down and abandoning module EpicSurvey (90)
[2014.11.24-09.12.20:902][407]LogModuleManager: Shutting down and abandoning module DesktopPlatform (89)
[2014.11.24-09.12.20:902][407]LogModuleManager: Shutting down and abandoning module VisualStudioSourceCodeAccess (88)
[2014.11.24-09.12.20:902][407]LogModuleManager: Shutting down and abandoning module UObjectPlugin (87)
[2014.11.24-09.12.20:902][407]LogModuleManager: Shutting down and abandoning module SubversionSourceControl (86)
[2014.11.24-09.12.20:902][407]LogModuleManager: Shutting down and abandoning module SourceControl (85)
[2014.11.24-09.12.20:902][407]LogModuleManager: Shutting down and abandoning module PerforceSourceControl (84)
[2014.11.24-09.12.20:902][407]LogModuleManager: Shutting down and abandoning module BlankPlugin (83)
[2014.11.24-09.12.20:902][407]LogModuleManager: Shutting down and abandoning module SlateReflector (82)
[2014.11.24-09.12.20:902][407]LogModuleManager: Shutting down and abandoning module DirectoryWatcher (81)
[2014.11.24-09.12.20:903][407]LogModuleManager: Shutting down and abandoning module HotReload (80)
[2014.11.24-09.12.20:903][407]LogModuleManager: Shutting down and abandoning module MainFrame (79)
[2014.11.24-09.12.20:903][407]LogModuleManager: Shutting down and abandoning module LevelEditor (78)
[2014.11.24-09.12.20:904][407]LogModuleManager: Shutting down and abandoning module ViewportSnapping (77)
[2014.11.24-09.12.20:904][407]LogModuleManager: Shutting down and abandoning module SmartSnapping (76)
[2014.11.24-09.12.20:904][407]LogModuleManager: Shutting down and abandoning module PaperTiledImporter (75)
[2014.11.24-09.12.20:904][407]LogModuleManager: Shutting down and abandoning module PaperJsonImporter (74)
[2014.11.24-09.12.20:904][407]LogModuleManager: Shutting down and abandoning module ContentBrowser (73)
[2014.11.24-09.12.20:904][407]LogModuleManager: Shutting down and abandoning module PropertyEditor (72)
[2014.11.24-09.12.20:904][407]LogModuleManager: Shutting down and abandoning module Paper2DEditor (71)
[2014.11.24-09.12.20:904][407]LogModuleManager: Shutting down and abandoning module ScriptPlugin (70)
[2014.11.24-09.12.20:904][407]LogModuleManager: Shutting down and abandoning module UdpMessaging (69)
[2014.11.24-09.12.21:004][407]LogModuleManager: Shutting down and abandoning module Paper2D (68)
[2014.11.24-09.12.21:004][407]LogModuleManager: Shutting down and abandoning module WindowsMoviePlayer (67)
[2014.11.24-09.12.21:006][407]LogModuleManager: Shutting down and abandoning module Media (66)
[2014.11.24-09.12.21:006][407]LogModuleManager: Shutting down and abandoning module WmfMedia (65)
[2014.11.24-09.12.21:006][407]LogModuleManager: Shutting down and abandoning module OnlineBlueprintSupport (64)
[2014.11.24-09.12.21:006][407]LogModuleManager: Shutting down and abandoning module FunctionalTesting (63)
[2014.11.24-09.12.21:007][407]LogModuleManager: Shutting down and abandoning module CollisionAnalyzer (62)
[2014.11.24-09.12.21:007][407]LogModuleManager: Shutting down and abandoning module WorkspaceMenuStructure (61)
[2014.11.24-09.12.21:007][407]LogModuleManager: Shutting down and abandoning module MessageLog (60)
[2014.11.24-09.12.21:007][407]LogModuleManager: Shutting down and abandoning module Sequencer (59)
[2014.11.24-09.12.21:007][407]LogModuleManager: Shutting down and abandoning module AssetTools (58)
[2014.11.24-09.12.21:007][407]LogModuleManager: Shutting down and abandoning module UMGEditor (57)
[2014.11.24-09.12.21:007][407]LogModuleManager: Shutting down and abandoning module UMG (56)
[2014.11.24-09.12.21:007][407]LogModuleManager: Shutting down and abandoning module Slate (55)
[2014.11.24-09.12.21:007][407]LogModuleManager: Shutting down and abandoning module EditorStyle (54)
[2014.11.24-09.12.21:008][407]LogModuleManager: Shutting down and abandoning module SessionServices (53)
[2014.11.24-09.12.21:008][407]LogModuleManager: Shutting down and abandoning module SourceCodeAccess (52)
[2014.11.24-09.12.21:008][407]LogModuleManager: Shutting down and abandoning module HeadMountedDisplay (51)
[2014.11.24-09.12.21:008][407]LogModuleManager: Shutting down and abandoning module XAudio2 (50)
[2014.11.24-09.12.21:008][407]LogModuleManager: Shutting down and abandoning module Networking (48)
[2014.11.24-09.12.21:008][407]LogModuleManager: Shutting down and abandoning module Core (47)
[2014.11.24-09.12.21:008][407]LogModuleManager: Shutting down and abandoning module KismetCompiler (46)
[2014.11.24-09.12.21:008][407]LogModuleManager: Shutting down and abandoning module PhysXFormats (45)
[2014.11.24-09.12.21:008][407]LogModuleManager: Shutting down and abandoning module MeshUtilities (44)
[2014.11.24-09.12.21:008][407]LogModuleManager: Shutting down and abandoning module DerivedDataCache (43)
[2014.11.24-09.12.21:084][407]LogDerivedDataCache: Shutdown
[2014.11.24-09.12.21:084][407]LogModuleManager: Shutting down and abandoning module ShaderFormatOpenGL (42)
[2014.11.24-09.12.21:084][407]LogModuleManager: Shutting down and abandoning module ShaderFormatD3D (41)
[2014.11.24-09.12.21:084][407]LogModuleManager: Shutting down and abandoning module MetalShaderFormat (40)
[2014.11.24-09.12.21:084][407]LogModuleManager: Shutting down and abandoning module TextureFormatUncompressed (39)
[2014.11.24-09.12.21:084][407]LogModuleManager: Shutting down and abandoning module TextureFormatPVR (38)
[2014.11.24-09.12.21:084][407]LogModuleManager: Shutting down and abandoning module TextureFormatDXT (37)
[2014.11.24-09.12.21:084][407]LogModuleManager: Shutting down and abandoning module TextureFormatAndroid (36)
[2014.11.24-09.12.21:084][407]LogModuleManager: Shutting down and abandoning module AudioFormatOpus (35)
[2014.11.24-09.12.21:084][407]LogModuleManager: Shutting down and abandoning module AudioFormatOgg (34)
[2014.11.24-09.12.21:084][407]LogModuleManager: Shutting down and abandoning module AudioFormatADPCM (33)
[2014.11.24-09.12.21:084][407]LogModuleManager: Shutting down and abandoning module Messaging (32)
[2014.11.24-09.12.21:084][407]LogModuleManager: Shutting down and abandoning module IOSTargetPlatform (31)
[2014.11.24-09.12.21:084][407]LogModuleManager: Shutting down and abandoning module Android_PVRTCTargetPlatform (30)
[2014.11.24-09.12.21:084][407]LogModuleManager: Shutting down and abandoning module Android_ETC2TargetPlatform (29)
[2014.11.24-09.12.21:084][407]LogModuleManager: Shutting down and abandoning module Android_ETC1TargetPlatform (28)
[2014.11.24-09.12.21:084][407]LogModuleManager: Shutting down and abandoning module Android_DXTTargetPlatform (27)
[2014.11.24-09.12.21:084][407]LogModuleManager: Shutting down and abandoning module Android_ATCTargetPlatform (26)
[2014.11.24-09.12.21:084][407]LogModuleManager: Shutting down and abandoning module AndroidTargetPlatform (25)
[2014.11.24-09.12.21:084][407]LogModuleManager: Shutting down and abandoning module WindowsTargetPlatform (24)
[2014.11.24-09.12.21:084][407]LogModuleManager: Shutting down and abandoning module WindowsServerTargetPlatform (23)
[2014.11.24-09.12.21:084][407]LogModuleManager: Shutting down and abandoning module WindowsNoEditorTargetPlatform (22)
[2014.11.24-09.12.21:084][407]LogModuleManager: Shutting down and abandoning module WindowsClientTargetPlatform (21)
[2014.11.24-09.12.21:084][407]LogModuleManager: Shutting down and abandoning module TargetPlatform (20)
[2014.11.24-09.12.21:084][407]LogModuleManager: Shutting down and abandoning module InputCore (19)
[2014.11.24-09.12.21:084][407]LogModuleManager: Shutting down and abandoning module Settings (18)
[2014.11.24-09.12.21:084][407]LogModuleManager: Shutting down and abandoning module ImageWrapper (17)
[2014.11.24-09.12.21:084][407]LogModuleManager: Shutting down and abandoning module OculusRift (14)
[2014.11.24-09.12.21:084][407]LogModuleManager: Shutting down and abandoning module ExampleDeviceProfileSelector (13)
[2014.11.24-09.12.21:084][407]LogModuleManager: Shutting down and abandoning module TextureCompressor (12)
[2014.11.24-09.12.21:084][407]LogModuleManager: Shutting down and abandoning module ShaderCore (11)
[2014.11.24-09.12.21:084][407]LogModuleManager: Shutting down and abandoning module SlateRHIRenderer (10)
[2014.11.24-09.12.21:086][407]LogModuleManager: Shutting down and abandoning module OpenGLDrv (9)
[2014.11.24-09.12.21:086][407]LogModuleManager: Shutting down and abandoning module D3D11RHI (8)
[2014.11.24-09.12.21:086][407]LogModuleManager: Shutting down and abandoning module Renderer (7)
[2014.11.24-09.12.21:086][407]LogModuleManager: Shutting down and abandoning module Engine (6)
[2014.11.24-09.12.21:086][407]LogModuleManager: Shutting down and abandoning module CoreUObject (5)
[2014.11.24-09.12.21:086][407]LogModuleManager: Shutting down and abandoning module NetworkFile (4)
[2014.11.24-09.12.21:086][407]LogModuleManager: Shutting down and abandoning module StreamingFile (3)
[2014.11.24-09.12.21:086][407]LogModuleManager: Shutting down and abandoning module SandboxFile (2)
[2014.11.24-09.12.21:086][407]LogModuleManager: Shutting down and abandoning module PakFile (1)
[2014.11.24-09.12.21:086][407]LogExit: Exiting.
[2014.11.24-09.12.21:110][407]Log file closed, 11/24/14 01:12:21
