Log file open, 11/19/14 19:18:33
LogInit:Display: Running engine for game: Trial_third_person
LogInit: Version: 4.5.1-2336687+++depot+UE4-Releases+4.5
LogInit: API Version: 2326478
LogInit: Compiled (64-bit): Oct 21 2014 22:32:40
LogInit: Compiled with Visual C++: 18.00.21005.01
LogInit: Build Configuration: Development
LogInit: Branch Name: ++depot+UE4-Releases+4.5
LogInit: Command line:  
LogInit: Base directory: C:/Program Files/Epic Games/4.5/Engine/Binaries/Win64/
LogInit: Rocket: 1
[2014.11.20-03.18.33:921][  0]LogTaskGraph: Started task graph with 3 named threads and 4 total threads.
[2014.11.20-03.18.33:962][  0]LogOnline:Warning: No default platform service specified for OnlineSubsystem
[2014.11.20-03.18.34:004][  0]LogInit: Presizing for 0 objects not considered by GC, pre-allocating 0 bytes.
[2014.11.20-03.18.34:018][  0]LogInit: Object subsystem initialized
[2014.11.20-03.18.34:021][  0]LogConsoleResponse:Warning: Skipping Unknown console variable: 'UIScaleRule = ShortestSide'
[2014.11.20-03.18.34:021][  0]LogConsoleResponse:Warning:   Found in ini file 'D:/Study-Session/Trial_third_person/Saved/Config/Windows/Engine.ini', in section '[/Script/Engine.RendererSettings]'
[2014.11.20-03.18.34:021][  0]LogConsoleResponse:Warning: Skipping Unknown console variable: 'UIScaleCurve = (EditorCurveData=(Keys=((Time=480.000000,Value=0.444000),(Time=720.000000,Value=0.666000),(Time=1080.000000,Value=1.000000),(Time=8640.000000,Value=8.000000))),ExternalCurve=None)'
[2014.11.20-03.18.34:021][  0]LogConsoleResponse:Warning:   Found in ini file 'D:/Study-Session/Trial_third_person/Saved/Config/Windows/Engine.ini', in section '[/Script/Engine.RendererSettings]'
[2014.11.20-03.18.34:022][  0]LogInit: Selected Device Profile: [Windows]
[2014.11.20-03.18.34:022][  0]LogInit: Applying CVar settings loaded from the selected device profile: [Windows]
[2014.11.20-03.18.34:030][  0]LogInit: Computer: ZEN-MATT
[2014.11.20-03.18.34:031][  0]LogInit: User: Matt
[2014.11.20-03.18.34:032][  0]LogInit: CPU Page size=4096, Cores=2
[2014.11.20-03.18.34:032][  0]LogInit: High frequency timer resolution =2.338593 MHz
[2014.11.20-03.18.34:032][  0]LogMemory: Memory total: Physical=3.9GB (4GB approx) Virtual=8192.0GB
[2014.11.20-03.18.34:033][  0]LogMemory: Platform Memory Stats for Windows
[2014.11.20-03.18.34:033][  0]LogMemory: Process Physical Memory: 63.88 MB used, 63.88 MB peak
[2014.11.20-03.18.34:033][  0]LogMemory: Process Virtual Memory: 39.44 MB used, 39.44 MB peak
[2014.11.20-03.18.34:033][  0]LogMemory: Physical Memory: 3126.18 MB used, 3981.98 MB total
[2014.11.20-03.18.34:033][  0]LogMemory: Virtual Memory: 269.29 MB used, 8388608.00 MB total
[2014.11.20-03.18.34:071][  0]LogD3D11RHI: Found D3D11 adapter 0: Intel(R) HD Graphics 4000 (Feature Level 11_0)
[2014.11.20-03.18.34:071][  0]LogD3D11RHI: Adapter has 64MB of dedicated video memory, 0MB of dedicated system memory, and 1632MB of shared system memory, 1 output[s]
[2014.11.20-03.18.34:071][  0]LogD3D11RHI: Chosen D3D11 Adapter Id = 0
[2014.11.20-03.18.34:079][  0]LogRHI: Texture pool is 616 MB (70% of 880 MB)
[2014.11.20-03.18.34:094][  0]LogD3D11RHI: Async texture creation enabled
[2014.11.20-03.18.34:145][  0]LogTextLocalizationManager: The requested culture ('en_US') has no localization data; parent culture's ('en') localization data will be used.
[2014.11.20-03.18.34:316][  0]LogContentStreaming: Texture pool size is 0.000000MB
[2014.11.20-03.18.40:486][  0]LogTargetPlatformManager:Display: Building Assets For Windows
[2014.11.20-03.18.41:137][  0]LogTargetPlatformManager:Display: Building Assets For Windows
[2014.11.20-03.18.41:230][  0]LogDerivedDataCache:Display: Max Cache Size: 512 MB
[2014.11.20-03.18.41:275][  0]LogDerivedDataCache: Loaded boot cache 0.04s 39MB C:/Users/Matt/AppData/Local/UnrealEngine/4.5/DerivedDataCache/Boot.ddc.
[2014.11.20-03.18.41:275][  0]LogDerivedDataCache:Display: Loaded Boot cache: C:/Users/Matt/AppData/Local/UnrealEngine/4.5/DerivedDataCache/Boot.ddc
[2014.11.20-03.18.41:275][  0]LogDerivedDataCache: FDerivedDataBackendGraph:  Pak pak cache file D:/Study-Session/Trial_third_person/DerivedDataCache/DDC.ddp not found, will not use a pak cache.
[2014.11.20-03.18.41:275][  0]LogDerivedDataCache: Unable to find inner node Pak for hierarchical cache Hierarchy.
[2014.11.20-03.18.41:365][  0]LogDerivedDataCache:Display: Pak cache opened for reading ../../../Engine/DerivedDataCache/DDC.ddp.
[2014.11.20-03.18.41:377][  0]LogDerivedDataCache: Using Local data cache path C:/Users/Matt/AppData/Local/UnrealEngine/Common/DerivedDataCache: Writable
[2014.11.20-03.18.41:632][  0]LogMeshUtilities: No automatic mesh reduction module available
[2014.11.20-03.18.41:632][  0]LogMeshUtilities: No automatic mesh merging module available
[2014.11.20-03.18.41:941][  0]LogLinker:Warning: Asset '../../../Engine/Content/Functions/Engine_MaterialFunctions02/Texturing/FlipBook.uasset' has been saved with empty engine version. The asset will be loaded but may be incompatible.
[2014.11.20-03.18.41:947][  0]LogLinker:Warning: Asset '../../../Engine/Content/Functions/Engine_MaterialFunctions02/ExampleContent/Textures/flipbook.uasset' has been saved with empty engine version. The asset will be loaded but may be incompatible.
[2014.11.20-03.18.42:254][  0]LogInit: WinSock: version 1.1 (2.2), MaxSocks=32767, MaxUdp=65467
[2014.11.20-03.18.43:613][  0]UdpMessaging: Initializing bridge on interface 0.0.0.0:0 to multicast group 230.0.0.1:6666.
[2014.11.20-03.18.43:878][  0]LogDirectoryWatcher:Warning: Failed to begin reading directory changes for D:/Study-Session/Trial_third_person/Binaries/Win64. Error: 0
[2014.11.20-03.18.44:098][  0]SourceControl: Info Source control is disabled
[2014.11.20-03.18.44:098][  0]SourceControl: Info Source control is disabled
[2014.11.20-03.18.44:113][  0]SourceControl: Info Source control is disabled
[2014.11.20-03.18.44:327][  0]LogObj: 22915 objects as part of root set at end of initial load.
[2014.11.20-03.18.44:327][  0]LogUObjectAllocator: 4803536 out of 0 bytes used by permanent object pool.
[2014.11.20-03.18.44:407][  0]LogEngine: Initializing Engine...
[2014.11.20-03.18.44:581][  0]LogInit: XAudio2 using 'Speakers (Realtek High Definition Audio)' : 2 channels at 48 kHz using 32 bits per sample (channel mask 0x3)
[2014.11.20-03.18.44:622][  0]LogInit: FAudioDevice initialized.
[2014.11.20-03.18.44:662][  0]LogAIModule: Creating AISystem for world NewWorld
[2014.11.20-03.18.44:691][  0]LogDerivedDataCache: Saved boot cache 0.03s 39MB C:/Users/Matt/AppData/Local/UnrealEngine/4.5/DerivedDataCache/Boot.ddc.
[2014.11.20-03.18.44:694][  0]LogInit: Texture streaming: Enabled
[2014.11.20-03.18.44:775][  0]LogInit: Transaction tracking system initialized
[2014.11.20-03.18.44:954][  0]BlueprintLog: New page: Editor Load
[2014.11.20-03.18.45:000][  0]LogAssetRegistry: FAssetRegistry took 0.0098 seconds to start up
[2014.11.20-03.18.45:000][  0]LogDirectoryWatcher:Warning: Failed to begin reading directory changes for ../../../Engine/Plugins/Experimental/CharacterAI/Content/. Error: 0
[2014.11.20-03.18.45:845][  0]LogTargetPlatformManager:Display: Building Assets For Windows
[2014.11.20-03.18.46:327][  0]LogTargetPlatformManager:Display: Building Assets For Windows
[2014.11.20-03.18.46:740][  0]LogConsoleResponse:Display: 
[2014.11.20-03.18.47:065][  0]SourceControl: Info Source control is disabled
[2014.11.20-03.18.47:065][  0]Cmd: MAP LOAD FILE="D:/Study-Session/Trial_third_person/Content/Maps/Example_Map.umap" TEMPLATE=0 SHOWPROGRESS=1
[2014.11.20-03.18.47:066][  0]LightingResults: New page: Lighting Build
[2014.11.20-03.18.47:083][  0]MapCheck: New page: Map Check
[2014.11.20-03.18.47:083][  0]LightingResults: New page: Lighting Build
[2014.11.20-03.18.47:103][  0]LogParticles: Destroying 0 GPU particle simulations for FXSystem 0x000000001C776840
[2014.11.20-03.18.47:427][  0]LogEditorServer: Finished looking for orphan Actors (0.000 secs)
[2014.11.20-03.18.47:428][  0]LogAIModule: Creating AISystem for world Example_Map
[2014.11.20-03.18.47:428][  0]Cmd: MAP CHECKDEP
[2014.11.20-03.18.47:428][  0]MapCheck: New page: Example_Map - Nov 19, 2014, 11:18:47 AM
[2014.11.20-03.18.47:591][  0]MapCheck: Info Map check complete: 0 Error(s), 0 Warning(s), took 162.166ms to complete.
[2014.11.20-03.18.47:591][  0]LogFileHelpers: Loading map 'Example_Map' took 0.525
[2014.11.20-03.18.47:688][  0]LogCollectionManager: Loaded 0 collections in 0.001037 seconds
[2014.11.20-03.18.47:850][  0]LogCrashTracker: Crashtracker disabled due to settings.
[2014.11.20-03.18.47:869][  0]LogUObjectGlobals:Warning: Failed to find object 'Class None.'
[2014.11.20-03.18.47:906][  0]LogLoad: Full Startup: 16.76 seconds (BP compile: 0.08 seconds)
[2014.11.20-03.18.48:248][  0]LogContentBrowser:Verbose: The content browser source was changed by the sources view to '/Game/Blueprints'
[2014.11.20-03.18.48:402][  0]LogRenderer:Warning: Reallocating scene render targets to support 904x896.
[2014.11.20-03.18.49:792][  3]LogAssetRegistry: Asset discovery search completed in 4.8023 seconds
[2014.11.20-03.22.18:875][753]Cmd: OBJ SAVEPACKAGE PACKAGE="/Game/Blueprints/MyCharacter" FILE="D:/Study-Session/Trial_third_person/Content/Blueprints/MyCharacter.uasset" SILENT=true
[2014.11.20-03.22.19:267][753]LogSavePackage: Save=374.048828ms
[2014.11.20-03.22.19:267][753]LogSavePackage: Moving 'D:/Study-Session/Trial_third_person/Saved/MyCharacter3B96664241C0B29CF6F169AD1B2A27AA.tmp' to 'D:/Study-Session/Trial_third_person/Content/Blueprints/MyCharacter.uasset'
[2014.11.20-03.22.34:746][ 27]LogActorComponent: UnregisterComponent: (/Engine/Transient.CharacterMovementComponent_0) Not registered. Aborting.
[2014.11.20-03.23.08:863][971]Cmd: OBJ SAVEPACKAGE PACKAGE="/Game/Blueprints/MyCharacter" FILE="D:/Study-Session/Trial_third_person/Content/Blueprints/MyCharacter.uasset" SILENT=true
[2014.11.20-03.23.09:235][971]LogSavePackage: Save=358.599365ms
[2014.11.20-03.23.09:235][971]LogSavePackage: Moving 'D:/Study-Session/Trial_third_person/Saved/MyCharacter570FDEBF487F4E8BF68C0F87F52336DF.tmp' to 'D:/Study-Session/Trial_third_person/Content/Blueprints/MyCharacter.uasset'
[2014.11.20-03.23.10:339][  7]BlueprintLog: New page: Compile MyCharacter
[2014.11.20-03.23.10:624][  7]LogActorComponent: UnregisterComponent: (/Engine/Transient.CharacterMovementComponent_1) Not registered. Aborting.
[2014.11.20-03.23.10:734][  7]BlueprintEditorCompileResults: Info [0279.39] Compile of MyCharacter successful! [in 99 ms]
[2014.11.20-03.23.59:698][971]Cmd: OBJ SAVEPACKAGE PACKAGE="/Game/Blueprints/MyCharacter" FILE="D:/Study-Session/Trial_third_person/Content/Blueprints/MyCharacter.uasset" SILENT=true
[2014.11.20-03.24.00:090][971]LogSavePackage: Save=376.007294ms
[2014.11.20-03.24.00:090][971]LogSavePackage: Moving 'D:/Study-Session/Trial_third_person/Saved/MyCharacter3909EFF64B4E49786E82E18A2C50AEBE.tmp' to 'D:/Study-Session/Trial_third_person/Content/Blueprints/MyCharacter.uasset'
[2014.11.20-03.25.00:649][322]LogActorComponent: UnregisterComponent: (/Engine/Transient.CharacterMovementComponent_2) Not registered. Aborting.
[2014.11.20-03.25.04:437][461]Cmd: OBJ SAVEPACKAGE PACKAGE="/Game/Blueprints/MyCharacter" FILE="D:/Study-Session/Trial_third_person/Content/Blueprints/MyCharacter.uasset" SILENT=true
[2014.11.20-03.25.04:594][461]LogSavePackage: Save=139.206772ms
[2014.11.20-03.25.04:594][461]LogSavePackage: Moving 'D:/Study-Session/Trial_third_person/Saved/MyCharacter3B8430284926048690BDBEA0668027EF.tmp' to 'D:/Study-Session/Trial_third_person/Content/Blueprints/MyCharacter.uasset'
[2014.11.20-03.25.17:132][888]Cmd: OBJ SAVEPACKAGE PACKAGE="/Game/Blueprints/MyCharacter" FILE="D:/Study-Session/Trial_third_person/Content/Blueprints/MyCharacter.uasset" SILENT=true
[2014.11.20-03.25.17:536][888]LogSavePackage: Save=385.141846ms
[2014.11.20-03.25.17:536][888]LogSavePackage: Moving 'D:/Study-Session/Trial_third_person/Saved/MyCharacterD6D3BF3E45AB8EB9F4E367BB24BFD206.tmp' to 'D:/Study-Session/Trial_third_person/Content/Blueprints/MyCharacter.uasset'
[2014.11.20-03.25.17:944][906]BlueprintLog: New page: Compile MyCharacter
[2014.11.20-03.25.18:210][906]LogActorComponent: UnregisterComponent: (/Engine/Transient.CharacterMovementComponent_3) Not registered. Aborting.
[2014.11.20-03.25.18:324][906]BlueprintEditorCompileResults: Info [0406.98] Compile of MyCharacter successful! [in 99 ms]
[2014.11.20-03.25.31:688][729]LogActorComponent: UnregisterComponent: (/Engine/Transient.CharacterMovementComponent_4) Not registered. Aborting.
[2014.11.20-03.25.31:746][729]Cmd: MAP LOAD FILE="D:/Study-Session/Trial_third_person/Content/Maps/Example_Map.umap" TEMPLATE=0 SHOWPROGRESS=1
[2014.11.20-03.25.31:746][729]LightingResults: New page: Lighting Build
[2014.11.20-03.25.31:823][729]LoadErrors: New page: Loading map: Example_Map.umap
[2014.11.20-03.25.31:839][729]MapCheck: New page: Map Check
[2014.11.20-03.25.31:839][729]LightingResults: New page: Lighting Build
[2014.11.20-03.25.31:881][729]LogParticles: Destroying 0 GPU particle simulations for FXSystem 0x000000000F552660
[2014.11.20-03.25.32:109][729]LogEditorServer: Finished looking for orphan Actors (0.000 secs)
[2014.11.20-03.25.32:111][729]LogAIModule: Creating AISystem for world Example_Map
[2014.11.20-03.25.32:141][729]Cmd: MAP CHECKDEP
[2014.11.20-03.25.32:153][729]MapCheck: New page: Example_Map - Nov 19, 2014, 11:25:32 AM
[2014.11.20-03.25.32:435][729]MapCheck: Info Map check complete: 0 Error(s), 0 Warning(s), took 292.879ms to complete.
[2014.11.20-03.25.32:436][729]LogFileHelpers: Loading map 'Example_Map' took 0.698
[2014.11.20-03.25.40:568][407]BlueprintLog: New page: Pre-PIE auto-recompile
[2014.11.20-03.25.40:568][407]LogPlayLevel: [PIE] Compiling Tutorial_BP_MacroLib before PIE...
[2014.11.20-03.25.40:651][407]LogPlayLevel: [PIE] Compiling GameHUD before PIE...
[2014.11.20-03.25.40:913][407]LogPlayLevel: [PIE] Compiling MyCharacter before PIE...
[2014.11.20-03.25.41:325][407]LogPlayLevel: PIE:  Blueprint regeneration took 757 ms (3 blueprints)
[2014.11.20-03.25.41:326][407]PIE: New page: PIE session: Example_Map (Nov 19, 2014, 11:25:41 AM)
[2014.11.20-03.25.41:418][407]LogPlayLevel: PIE: StaticDuplicateObject took: (0.090191s)
[2014.11.20-03.25.41:419][407]LogPlayLevel: PIE: World Init took: (0.001356s)
[2014.11.20-03.25.41:419][407]LogPlayLevel: PIE: Created PIE world by copying editor world from /Game/Maps/Example_Map.Example_Map to /Game/Maps/UEDPIE_0_Example_Map.Example_Map (0.092005s)
[2014.11.20-03.25.41:521][407]LogWorld: Game class is 'MyGame_C'
[2014.11.20-03.25.41:548][407]LogAIModule: Creating AISystem for world Example_Map
[2014.11.20-03.25.41:551][407]LogWorld: Bringing World /Game/Maps/UEDPIE_0_Example_Map.Example_Map up for play (max tick rate 0) at 2014.11.19-19.25.41
[2014.11.20-03.25.41:559][407]LogWorld: Bringing up level for play took: 0.011258
[2014.11.20-03.25.41:626][407]LogCrashTracker: 


[2014.11.20-03.25.42:924][407]LogCrashTracker: 


[2014.11.20-03.25.42:925][407]LogWindows: === Critical error: ===
Fatal error!

Unhandled Exception: EXCEPTION_ACCESS_VIOLATION reading address 0x000000bc

UE4Editor-GameplayDebugger.dll!UnknownFunction (0x000007fedd1cc726) + 0 bytes [UnknownFile:0]
UE4Editor-Engine.dll!UnknownFunction (0x000007fedf1fa13b) + 0 bytes [UnknownFile:0]
UE4Editor-Engine.dll!UnknownFunction (0x000007fedec284a0) + 0 bytes [UnknownFile:0]
UE4Editor-Engine.dll!UnknownFunction (0x000007fedec41b1d) + 0 bytes [UnknownFile:0]
UE4Editor-Engine.dll!UnknownFunction (0x000007fedec44333) + 0 bytes [UnknownFile:0]
UE4Editor-Engine.dll!UnknownFunction (0x000007fedec44baa) + 0 bytes [UnknownFile:0]
UE4Editor-UnrealEd.dll!UnknownFunction (0x000007fee97b3f57) + 0 bytes [UnknownFile:0]
UE4Editor-UnrealEd.dll!UnknownFunction (0x000007fee97f9750) + 0 bytes [UnknownFile:0]
UE4Editor-UnrealEd.dll!UnknownFunction (0x000007fee98110b6) + 0 bytes [UnknownFile:0]
UE4Editor-UnrealEd.dll!UnknownFunction (0x000007fee958e3d1) + 0 bytes [UnknownFile:0]
UE4Editor-UnrealEd.dll!UnknownFunction (0x000007fee99ef966) + 0 bytes [UnknownFile:0]
UE4Editor.exe!FEngineLoop::Tick() (0x000000013ffca8f4) + 0 bytes [d:\buildfarm\buildmachine_++depot+ue4-releases+4.5\engine\source\runtime\launch\private\launchengineloop.cpp:2129]
UE4Editor.exe!GuardedMain() (0x000000013ffbf9df) + 0 bytes [d:\buildfarm\buildmachine_++depot+ue4-releases+4.5\engine\source\runtime\launch\private\launch.cpp:133]
UE4Editor.exe!GuardedMainWrapper() (0x000000013ffbfa4a) + 5 bytes [d:\buildfarm\buildmachine_++depot+ue4-releases+4.5\engine\source\runtime\launch\private\windows\launchwindows.cpp:125]
UE4Editor.exe!WinMain() (0x000000013ffcbf19) + 17 bytes [d:\buildfarm\buildmachine_++depot+ue4-releases+4.5\engine\source\runtime\launch\private\windows\launchwindows.cpp:201]
UE4Editor.exe!__tmainCRTStartup() (0x000000013ffccdc9) + 21 bytes [f:\dd\vctools\crt\crtw32\dllstuff\crtexe.c:618]
kernel32.dll!UnknownFunction (0x00000000772959ed) + 0 bytes [UnknownFile:0]
ntdll.dll!UnknownFunction (0x00000000774cc541) + 0 bytes [UnknownFile:0]
ntdll.dll!UnknownFunction (0x00000000774cc541) + 0 bytes [UnknownFile:0]


[2014.11.20-03.25.43:199][407]LogExit: Executing StaticShutdownAfterError
[2014.11.20-03.25.43:262][407]LogWindows: FPlatformMisc::RequestExit(1)
[2014.11.20-03.25.43:262][407]Log file closed, 11/19/14 19:25:43
