Log file open, 12/07/14 23:09:26
LogInit:Display: Running engine for game: Trial_third_person
LogInit: Version: 4.5.1-2336687+++depot+UE4-Releases+4.5
LogInit: API Version: 2326478
LogInit: Compiled (64-bit): Oct 21 2014 22:32:40
LogInit: Compiled with Visual C++: 18.00.21005.01
LogInit: Build Configuration: Development
LogInit: Branch Name: ++depot+UE4-Releases+4.5
LogInit: Command line:  
LogInit: Base directory: C:/Program Files/Epic Games/4.5/Engine/Binaries/Win64/
LogInit: Rocket: 1
[2014.12.08-07.09.26:496][  0]LogTaskGraph: Started task graph with 3 named threads and 4 total threads.
[2014.12.08-07.09.26:524][  0]LogOnline:Warning: No default platform service specified for OnlineSubsystem
[2014.12.08-07.09.26:542][  0]LogInit: Presizing for 0 objects not considered by GC, pre-allocating 0 bytes.
[2014.12.08-07.09.26:552][  0]LogInit: Object subsystem initialized
[2014.12.08-07.09.26:555][  0]LogConsoleResponse:Warning: Skipping Unknown console variable: 'UIScaleRule = ShortestSide'
[2014.12.08-07.09.26:555][  0]LogConsoleResponse:Warning:   Found in ini file 'C:/Users/User/Documents/GitHub/Study-Session/Trial_third_person/Saved/Config/Windows/Engine.ini', in section '[/Script/Engine.RendererSettings]'
[2014.12.08-07.09.26:555][  0]LogConsoleResponse:Warning: Skipping Unknown console variable: 'UIScaleCurve = (EditorCurveData=(Keys=((Time=480.000000,Value=0.444000),(Time=720.000000,Value=0.666000),(Time=1080.000000,Value=1.000000),(Time=8640.000000,Value=8.000000))),ExternalCurve=None)'
[2014.12.08-07.09.26:555][  0]LogConsoleResponse:Warning:   Found in ini file 'C:/Users/User/Documents/GitHub/Study-Session/Trial_third_person/Saved/Config/Windows/Engine.ini', in section '[/Script/Engine.RendererSettings]'
[2014.12.08-07.09.26:556][  0]LogInit: Selected Device Profile: [Windows]
[2014.12.08-07.09.26:556][  0]LogInit: Applying CVar settings loaded from the selected device profile: [Windows]
[2014.12.08-07.09.26:564][  0]LogInit: Computer: USER-PC
[2014.12.08-07.09.26:564][  0]LogInit: User: User
[2014.12.08-07.09.26:565][  0]LogInit: CPU Page size=4096, Cores=2
[2014.12.08-07.09.26:565][  0]LogInit: High frequency timer resolution =2.435947 MHz
[2014.12.08-07.09.26:565][  0]LogMemory: Memory total: Physical=7.8GB (8GB approx) Virtual=8192.0GB
[2014.12.08-07.09.26:565][  0]LogMemory: Platform Memory Stats for Windows
[2014.12.08-07.09.26:565][  0]LogMemory: Process Physical Memory: 63.47 MB used, 63.47 MB peak
[2014.12.08-07.09.26:565][  0]LogMemory: Process Virtual Memory: 38.54 MB used, 38.54 MB peak
[2014.12.08-07.09.26:565][  0]LogMemory: Physical Memory: 3345.16 MB used, 7969.14 MB total
[2014.12.08-07.09.26:565][  0]LogMemory: Virtual Memory: 272.46 MB used, 8388608.00 MB total
[2014.12.08-07.09.26:583][  0]LogD3D11RHI: Found D3D11 adapter 0: Intel(R) HD Graphics 3000 (Feature Level 10_0)
[2014.12.08-07.09.26:583][  0]LogD3D11RHI: Adapter has 192MB of dedicated video memory, 0MB of dedicated system memory, and 1568MB of shared system memory, 1 output[s]
[2014.12.08-07.09.26:583][  0]LogD3D11RHI: Chosen D3D11 Adapter Id = 0
[2014.12.08-07.09.26:589][  0]LogRHI: Texture pool is 683 MB (70% of 976 MB)
[2014.12.08-07.09.26:593][  0]LogD3D11RHI: Async texture creation enabled
[2014.12.08-07.09.26:633][  0]LogTextLocalizationManager: The requested culture ('en_US') has no localization data; parent culture's ('en') localization data will be used.
[2014.12.08-07.09.26:804][  0]LogContentStreaming: Texture pool size is 0.000000MB
[2014.12.08-07.09.33:292][  0]LogTargetPlatformManager:Display: Building Assets For Windows
[2014.12.08-07.09.34:014][  0]LogTargetPlatformManager:Display: Building Assets For Windows
[2014.12.08-07.09.34:106][  0]LogDerivedDataCache:Display: Max Cache Size: 512 MB
[2014.12.08-07.09.34:969][  0]LogDerivedDataCache: Loaded boot cache 0.86s 36MB C:/Users/User/AppData/Local/UnrealEngine/4.5/DerivedDataCache/Boot.ddc.
[2014.12.08-07.09.34:969][  0]LogDerivedDataCache:Display: Loaded Boot cache: C:/Users/User/AppData/Local/UnrealEngine/4.5/DerivedDataCache/Boot.ddc
[2014.12.08-07.09.34:969][  0]LogDerivedDataCache: FDerivedDataBackendGraph:  Pak pak cache file ../../../../../../Users/User/Documents/GitHub/Study-Session/Trial_third_person/DerivedDataCache/DDC.ddp not found, will not use a pak cache.
[2014.12.08-07.09.34:969][  0]LogDerivedDataCache: Unable to find inner node Pak for hierarchical cache Hierarchy.
[2014.12.08-07.09.35:127][  0]LogDerivedDataCache:Display: Pak cache opened for reading ../../../Engine/DerivedDataCache/DDC.ddp.
[2014.12.08-07.09.35:138][  0]LogDerivedDataCache: Using Local data cache path C:/Users/User/AppData/Local/UnrealEngine/Common/DerivedDataCache: Writable
[2014.12.08-07.09.37:912][  0]LogMeshUtilities: No automatic mesh reduction module available
[2014.12.08-07.09.37:912][  0]LogMeshUtilities: No automatic mesh merging module available
[2014.12.08-07.09.38:310][  0]LogLinker:Warning: Asset '../../../Engine/Content/Functions/Engine_MaterialFunctions02/Texturing/FlipBook.uasset' has been saved with empty engine version. The asset will be loaded but may be incompatible.
[2014.12.08-07.09.38:313][  0]LogLinker:Warning: Asset '../../../Engine/Content/Functions/Engine_MaterialFunctions02/ExampleContent/Textures/flipbook.uasset' has been saved with empty engine version. The asset will be loaded but may be incompatible.
[2014.12.08-07.09.38:489][  0]LogInit: WinSock: version 1.1 (2.2), MaxSocks=32767, MaxUdp=65467
[2014.12.08-07.09.55:110][  0]UdpMessaging: Initializing bridge on interface 0.0.0.0:0 to multicast group 230.0.0.1:6666.
[2014.12.08-07.09.55:538][  0]LogDirectoryWatcher:Warning: Failed to begin reading directory changes for C:/Users/User/Documents/GitHub/Study-Session/Trial_third_person/Binaries/Win64. Error: 0
[2014.12.08-07.09.55:788][  0]SourceControl: Info Source control is disabled
[2014.12.08-07.09.55:788][  0]SourceControl: Info Source control is disabled
[2014.12.08-07.09.55:798][  0]SourceControl: Info Source control is disabled
[2014.12.08-07.09.56:260][  0]LogObj: 22915 objects as part of root set at end of initial load.
[2014.12.08-07.09.56:260][  0]LogUObjectAllocator: 4803536 out of 0 bytes used by permanent object pool.
[2014.12.08-07.09.56:345][  0]LogEngine: Initializing Engine...
[2014.12.08-07.09.56:498][  0]LogInit: XAudio2 using 'Speakers (Realtek High Definition Audio)' : 2 channels at 48 kHz using 32 bits per sample (channel mask 0x3)
[2014.12.08-07.09.56:523][  0]LogInit: FAudioDevice initialized.
[2014.12.08-07.09.56:593][  0]LogAIModule: Creating AISystem for world NewWorld
[2014.12.08-07.09.56:631][  0]LogDerivedDataCache: Saved boot cache 0.04s 36MB C:/Users/User/AppData/Local/UnrealEngine/4.5/DerivedDataCache/Boot.ddc.
[2014.12.08-07.09.56:637][  0]LogInit: Texture streaming: Enabled
[2014.12.08-07.09.56:698][  0]LogInit: Transaction tracking system initialized
[2014.12.08-07.09.56:864][  0]BlueprintLog: New page: Editor Load
[2014.12.08-07.09.57:126][  0]LogAssetRegistry: FAssetRegistry took 0.0106 seconds to start up
[2014.12.08-07.09.57:127][  0]LogDirectoryWatcher:Warning: Failed to begin reading directory changes for ../../../Engine/Plugins/Experimental/CharacterAI/Content/. Error: 0
[2014.12.08-07.09.58:687][  0]LogTargetPlatformManager:Display: Building Assets For Windows
[2014.12.08-07.09.59:349][  0]LogTargetPlatformManager:Display: Building Assets For Windows
[2014.12.08-07.10.00:004][  0]LogConsoleResponse:Display: 
[2014.12.08-07.10.00:788][  0]SourceControl: Info Source control is disabled
[2014.12.08-07.10.00:788][  0]Cmd: MAP LOAD FILE="../../../../../../Users/User/Documents/GitHub/Study-Session/Trial_third_person/Content/Maps/Example_Map.umap" TEMPLATE=0 SHOWPROGRESS=1
[2014.12.08-07.10.00:818][  0]LightingResults: New page: Lighting Build
[2014.12.08-07.10.00:832][  0]MapCheck: New page: Map Check
[2014.12.08-07.10.00:832][  0]LightingResults: New page: Lighting Build
[2014.12.08-07.10.01:176][  0]LogParticles: Destroying 0 GPU particle simulations for FXSystem 0x00000000114105E0
[2014.12.08-07.10.01:873][  0]LogEditorServer: Finished looking for orphan Actors (0.000 secs)
[2014.12.08-07.10.01:874][  0]LogAIModule: Creating AISystem for world Example_Map
[2014.12.08-07.10.01:874][  0]Cmd: MAP CHECKDEP
[2014.12.08-07.10.01:875][  0]MapCheck: New page: Example_Map - Dec 7, 2014, 3:10:01 PM
[2014.12.08-07.10.02:035][  0]MapCheck: Info Map check complete: 0 Error(s), 0 Warning(s), took 160.233ms to complete.
[2014.12.08-07.10.02:035][  0]LogFileHelpers: Loading map 'Example_Map' took 1.247
[2014.12.08-07.10.02:163][  0]LogCollectionManager: Loaded 0 collections in 0.001752 seconds
[2014.12.08-07.10.02:396][  0]LogCrashTracker: Crashtracker disabled due to settings.
[2014.12.08-07.10.02:431][  0]LogUObjectGlobals:Warning: Failed to find object 'Class None.'
[2014.12.08-07.10.02:463][  0]LogLoad: Full Startup: 38.24 seconds (BP compile: 0.09 seconds)
[2014.12.08-07.10.02:809][  0]LogContentBrowser:Verbose: The content browser source was changed by the sources view to '/Game/StarterContent/Materials/Materials'
[2014.12.08-07.10.03:048][  0]LogRenderer:Warning: Reallocating scene render targets to support 688x568.
[2014.12.08-07.10.04:459][  4]LogAssetRegistry: Asset discovery search completed in 7.3437 seconds
[2014.12.08-07.16.09:092][573]LogContentBrowser:Verbose: The content browser source was changed by the sources view to '/Game/Maps'
[2014.12.08-07.16.11:436][689]LogLinker:Warning: Can't find file '/Game/ArchVis/Textures/T_Shelving_M'
[2014.12.08-07.16.11:436][689]LogLinker:Warning: Can't find file for asset '/Game/ArchVis/Textures/T_Shelving_M' while loading ../../../../../../Users/User/Documents/GitHub/Study-Session/Trial_third_person/Content/StarterContent/Materials/Materials/M_Shelving.uasset.
[2014.12.08-07.16.11:436][689]LoadErrors:Error: Error /Game/StarterContent/Materials/Materials/M_Shelving : Can't find file for asset. /Game/ArchVis/Textures/T_Shelving_M
[2014.12.08-07.16.11:436][689]LogLinker:Warning: Can't find file '/Game/ArchVis/Textures/T_Shelving_N'
[2014.12.08-07.16.11:437][689]LogLinker:Warning: Can't find file for asset '/Game/ArchVis/Textures/T_Shelving_N' while loading ../../../../../../Users/User/Documents/GitHub/Study-Session/Trial_third_person/Content/StarterContent/Materials/Materials/M_Shelving.uasset.
[2014.12.08-07.16.11:437][689]LoadErrors:Error: Error /Game/StarterContent/Materials/Materials/M_Shelving : Can't find file for asset. /Game/ArchVis/Textures/T_Shelving_N
[2014.12.08-07.16.11:437][689]LogLinker:Warning: Can't find file '/Game/ArchVis/Textures/T_Wood'
[2014.12.08-07.16.11:437][689]LogLinker:Warning: Can't find file for asset '/Game/ArchVis/Textures/T_Wood' while loading ../../../../../../Users/User/Documents/GitHub/Study-Session/Trial_third_person/Content/StarterContent/Materials/Materials/M_Shelving.uasset.
[2014.12.08-07.16.11:438][689]LoadErrors:Error: Error /Game/StarterContent/Materials/Materials/M_Shelving : Can't find file for asset. /Game/ArchVis/Textures/T_Wood
[2014.12.08-07.16.11:438][689]LogLinker:Warning: Can't find file '/Game/ArchVis/Textures/T_Wood_S'
[2014.12.08-07.16.11:438][689]LogLinker:Warning: Can't find file for asset '/Game/ArchVis/Textures/T_Wood_S' while loading ../../../../../../Users/User/Documents/GitHub/Study-Session/Trial_third_person/Content/StarterContent/Materials/Materials/M_Shelving.uasset.
[2014.12.08-07.16.11:439][689]LoadErrors:Error: Error /Game/StarterContent/Materials/Materials/M_Shelving : Can't find file for asset. /Game/ArchVis/Textures/T_Wood_S
[2014.12.08-07.16.11:439][689]LogLinker:Warning: Can't find file '/Game/ArchVis/Textures/T_Shelving_M'
[2014.12.08-07.16.11:439][689]LogLinker:Warning: Can't find file for asset '/Game/ArchVis/Textures/T_Shelving_M' while loading ../../../../../../Users/User/Documents/GitHub/Study-Session/Trial_third_person/Content/StarterContent/Materials/Materials/M_Shelving.uasset.
[2014.12.08-07.16.11:439][689]LogLinker:Warning: Can't find file '/Game/ArchVis/Textures/T_Shelving_N'
[2014.12.08-07.16.11:440][689]LogLinker:Warning: Can't find file for asset '/Game/ArchVis/Textures/T_Shelving_N' while loading ../../../../../../Users/User/Documents/GitHub/Study-Session/Trial_third_person/Content/StarterContent/Materials/Materials/M_Shelving.uasset.
[2014.12.08-07.16.11:440][689]LogLinker:Warning: Can't find file '/Game/ArchVis/Textures/T_Wood'
[2014.12.08-07.16.11:440][689]LogLinker:Warning: Can't find file for asset '/Game/ArchVis/Textures/T_Wood' while loading ../../../../../../Users/User/Documents/GitHub/Study-Session/Trial_third_person/Content/StarterContent/Materials/Materials/M_Shelving.uasset.
[2014.12.08-07.16.11:441][689]LogLinker:Warning: Can't find file '/Game/ArchVis/Textures/T_Wood_S'
[2014.12.08-07.16.11:441][689]LogLinker:Warning: Can't find file for asset '/Game/ArchVis/Textures/T_Wood_S' while loading ../../../../../../Users/User/Documents/GitHub/Study-Session/Trial_third_person/Content/StarterContent/Materials/Materials/M_Shelving.uasset.
[2014.12.08-07.16.11:551][689]LogLinker:Warning: Can't find file '/Game/ArchVis/Materials/M_CoffeTable_MAT_Inst'
[2014.12.08-07.16.11:551][689]LogLinker:Warning: Can't find file for asset '/Game/ArchVis/Materials/M_CoffeTable_MAT_Inst' while loading ../../../../../../Users/User/Documents/GitHub/Study-Session/Trial_third_person/Content/StarterContent/Mesh/SM_CoffeeTable.uasset.
[2014.12.08-07.16.11:551][689]LoadErrors:Error: Error /Game/StarterContent/Mesh/SM_CoffeeTable : Can't find file for asset. /Game/ArchVis/Materials/M_CoffeTable_MAT_Inst
[2014.12.08-07.16.11:552][689]LogLinker:Warning: Can't find file '/Game/ArchVis/Materials/M_CoffeTable_MAT_Inst'
[2014.12.08-07.16.11:552][689]LogLinker:Warning: Can't find file for asset '/Game/ArchVis/Materials/M_CoffeTable_MAT_Inst' while loading ../../../../../../Users/User/Documents/GitHub/Study-Session/Trial_third_person/Content/StarterContent/Mesh/SM_CoffeeTable.uasset.
[2014.12.08-07.16.11:559][689]LogLinker:Warning: Can't find file '/Game/ArchVis/Materials/M_Curtain_MAT_Inst'
[2014.12.08-07.16.11:560][689]LogLinker:Warning: Can't find file for asset '/Game/ArchVis/Materials/M_Curtain_MAT_Inst' while loading ../../../../../../Users/User/Documents/GitHub/Study-Session/Trial_third_person/Content/StarterContent/Mesh/SM_Curtain.uasset.
[2014.12.08-07.16.11:560][689]LoadErrors:Error: Error /Game/StarterContent/Mesh/SM_Curtain : Can't find file for asset. /Game/ArchVis/Materials/M_Curtain_MAT_Inst
[2014.12.08-07.16.11:560][689]LogLinker:Warning: Can't find file '/Game/ArchVis/Materials/M_Curtain_MAT_Inst'
[2014.12.08-07.16.11:560][689]LogLinker:Warning: Can't find file for asset '/Game/ArchVis/Materials/M_Curtain_MAT_Inst' while loading ../../../../../../Users/User/Documents/GitHub/Study-Session/Trial_third_person/Content/StarterContent/Mesh/SM_Curtain.uasset.
[2014.12.08-07.16.11:569][689]LogLinker:Warning: Can't find file '/Game/ArchVis/Materials/M_FloorLamp_Mat_Inst'
[2014.12.08-07.16.11:570][689]LogLinker:Warning: Can't find file for asset '/Game/ArchVis/Materials/M_FloorLamp_Mat_Inst' while loading ../../../../../../Users/User/Documents/GitHub/Study-Session/Trial_third_person/Content/StarterContent/Mesh/SM_FloorLamp.uasset.
[2014.12.08-07.16.11:570][689]LoadErrors:Error: Error /Game/StarterContent/Mesh/SM_FloorLamp : Can't find file for asset. /Game/ArchVis/Materials/M_FloorLamp_Mat_Inst
[2014.12.08-07.16.11:570][689]LogLinker:Warning: Can't find file '/Game/ArchVis/Materials/M_FloorLamp_Mat_Inst'
[2014.12.08-07.16.11:571][689]LogLinker:Warning: Can't find file for asset '/Game/ArchVis/Materials/M_FloorLamp_Mat_Inst' while loading ../../../../../../Users/User/Documents/GitHub/Study-Session/Trial_third_person/Content/StarterContent/Mesh/SM_FloorLamp.uasset.
[2014.12.08-07.16.11:579][689]LogLinker:Warning: Can't find file '/Game/ArchVis/Materials/M_Shelving_Inst'
[2014.12.08-07.16.11:579][689]LogLinker:Warning: Can't find file for asset '/Game/ArchVis/Materials/M_Shelving_Inst' while loading ../../../../../../Users/User/Documents/GitHub/Study-Session/Trial_third_person/Content/StarterContent/Mesh/SM_Shelving.uasset.
[2014.12.08-07.16.11:580][689]LoadErrors:Error: Error /Game/StarterContent/Mesh/SM_Shelving : Can't find file for asset. /Game/ArchVis/Materials/M_Shelving_Inst
[2014.12.08-07.16.11:580][689]LogLinker:Warning: Can't find file '/Game/ArchVis/Materials/M_Shelving_Inst'
[2014.12.08-07.16.11:580][689]LogLinker:Warning: Can't find file for asset '/Game/ArchVis/Materials/M_Shelving_Inst' while loading ../../../../../../Users/User/Documents/GitHub/Study-Session/Trial_third_person/Content/StarterContent/Mesh/SM_Shelving.uasset.
[2014.12.08-07.16.11:584][689]LogLinker:Warning: Can't find file '/Game/ArchVis/Materials/M_TV_Inst'
[2014.12.08-07.16.11:584][689]LogLinker:Warning: Can't find file for asset '/Game/ArchVis/Materials/M_TV_Inst' while loading ../../../../../../Users/User/Documents/GitHub/Study-Session/Trial_third_person/Content/StarterContent/Mesh/SM_TV.uasset.
[2014.12.08-07.16.11:585][689]LoadErrors:Error: Error /Game/StarterContent/Mesh/SM_TV : Can't find file for asset. /Game/ArchVis/Materials/M_TV_Inst
[2014.12.08-07.16.11:585][689]LogLinker:Warning: Can't find file '/Game/ArchVis/Materials/M_TV_Inst'
[2014.12.08-07.16.11:585][689]LogLinker:Warning: Can't find file for asset '/Game/ArchVis/Materials/M_TV_Inst' while loading ../../../../../../Users/User/Documents/GitHub/Study-Session/Trial_third_person/Content/StarterContent/Mesh/SM_TV.uasset.
[2014.12.08-07.16.11:590][689]LogLinker:Warning: Can't find file '/Game/ArchVis/Materials/M_Statue_Inst'
[2014.12.08-07.16.11:590][689]LogLinker:Warning: Can't find file for asset '/Game/ArchVis/Materials/M_Statue_Inst' while loading ../../../../../../Users/User/Documents/GitHub/Study-Session/Trial_third_person/Content/StarterContent/Mesh/Statue.uasset.
[2014.12.08-07.16.11:590][689]LoadErrors:Error: Error /Game/StarterContent/Mesh/Statue : Can't find file for asset. /Game/ArchVis/Materials/M_Statue_Inst
[2014.12.08-07.16.11:590][689]LogLinker:Warning: Can't find file '/Game/ArchVis/Materials/M_Statue_Inst'
[2014.12.08-07.16.11:591][689]LogLinker:Warning: Can't find file for asset '/Game/ArchVis/Materials/M_Statue_Inst' while loading ../../../../../../Users/User/Documents/GitHub/Study-Session/Trial_third_person/Content/StarterContent/Mesh/Statue.uasset.
[2014.12.08-07.16.11:696][689]LogLinker:Warning: Can't find file '/Game/ArchVis/Textures/T_Shelving_N'
[2014.12.08-07.16.11:696][689]LoadErrors: Info Failed to load /Game/ArchVis/Textures/T_Shelving_N.T_Shelving_N Referenced by M_Shelving
[2014.12.08-07.16.11:696][689]LogLinker:Warning: Can't find file for asset '/Game/ArchVis/Textures/T_Shelving_N' while loading NULL.
[2014.12.08-07.16.11:697][689]LogLinker:Warning: Can't find file '/Game/ArchVis/Textures/T_Wood'
[2014.12.08-07.16.11:697][689]LoadErrors: Info Failed to load /Game/ArchVis/Textures/T_Wood.T_Wood Referenced by M_Shelving
[2014.12.08-07.16.11:697][689]LogLinker:Warning: Can't find file for asset '/Game/ArchVis/Textures/T_Wood' while loading NULL.
[2014.12.08-07.16.11:697][689]LogLinker:Warning: Can't find file '/Game/ArchVis/Textures/T_Shelving_M'
[2014.12.08-07.16.11:697][689]LoadErrors: Info Failed to load /Game/ArchVis/Textures/T_Shelving_M.T_Shelving_M Referenced by M_Shelving
[2014.12.08-07.16.11:697][689]LogLinker:Warning: Can't find file for asset '/Game/ArchVis/Textures/T_Shelving_M' while loading NULL.
[2014.12.08-07.16.11:698][689]LogLinker:Warning: Can't find file '/Game/ArchVis/Textures/T_Wood_S'
[2014.12.08-07.16.11:698][689]LoadErrors: Info Failed to load /Game/ArchVis/Textures/T_Wood_S.T_Wood_S Referenced by M_Shelving
[2014.12.08-07.16.11:698][689]LogLinker:Warning: Can't find file for asset '/Game/ArchVis/Textures/T_Wood_S' while loading NULL.
[2014.12.08-07.16.11:698][689]LogLinker:Warning: Can't find file '/Game/ArchVis/Textures/T_Shelving_N'
[2014.12.08-07.16.11:698][689]LoadErrors: Info Failed to load /Game/ArchVis/Textures/T_Shelving_N.T_Shelving_N Referenced by MaterialExpressionTextureSample_0 Property /Script/Engine.MaterialExpressionTextureBase:Texture
[2014.12.08-07.16.11:699][689]LogLinker:Warning: Can't find file for asset '/Game/ArchVis/Textures/T_Shelving_N' while loading NULL.
[2014.12.08-07.16.11:699][689]LogLinker:Warning: Can't find file '/Game/ArchVis/Textures/T_Shelving_M'
[2014.12.08-07.16.11:699][689]LoadErrors: Info Failed to load /Game/ArchVis/Textures/T_Shelving_M.T_Shelving_M Referenced by MaterialExpressionTextureSample_1 Property /Script/Engine.MaterialExpressionTextureBase:Texture
[2014.12.08-07.16.11:699][689]LogLinker:Warning: Can't find file for asset '/Game/ArchVis/Textures/T_Shelving_M' while loading NULL.
[2014.12.08-07.16.11:700][689]LogLinker:Warning: Can't find file '/Game/ArchVis/Textures/T_Wood'
[2014.12.08-07.16.11:700][689]LoadErrors: Info Failed to load /Game/ArchVis/Textures/T_Wood.T_Wood Referenced by MaterialExpressionTextureSample_4 Property /Script/Engine.MaterialExpressionTextureBase:Texture
[2014.12.08-07.16.11:700][689]LogLinker:Warning: Can't find file for asset '/Game/ArchVis/Textures/T_Wood' while loading NULL.
[2014.12.08-07.16.11:700][689]LogLinker:Warning: Can't find file '/Game/ArchVis/Textures/T_Wood_S'
[2014.12.08-07.16.11:700][689]LoadErrors: Info Failed to load /Game/ArchVis/Textures/T_Wood_S.T_Wood_S Referenced by MaterialExpressionTextureSample_5 Property /Script/Engine.MaterialExpressionTextureBase:Texture
[2014.12.08-07.16.11:701][689]LogLinker:Warning: Can't find file for asset '/Game/ArchVis/Textures/T_Wood_S' while loading NULL.
[2014.12.08-07.16.11:709][689]LogLinker:Warning: Can't find file '/Game/ArchVis/Materials/M_CoffeTable_MAT_Inst'
[2014.12.08-07.16.11:709][689]LoadErrors: Info Failed to load /Game/ArchVis/Materials/M_CoffeTable_MAT_Inst.M_CoffeTable_MAT_Inst Referenced by SM_CoffeeTable Property /Script/Engine.StaticMesh:Materials
[2014.12.08-07.16.11:709][689]LogLinker:Warning: Can't find file for asset '/Game/ArchVis/Materials/M_CoffeTable_MAT_Inst' while loading NULL.
[2014.12.08-07.16.11:710][689]LogLinker:Warning: Can't find file '/Game/ArchVis/Materials/M_Curtain_MAT_Inst'
[2014.12.08-07.16.11:710][689]LoadErrors: Info Failed to load /Game/ArchVis/Materials/M_Curtain_MAT_Inst.M_Curtain_MAT_Inst Referenced by SM_Curtain Property /Script/Engine.StaticMesh:Materials
[2014.12.08-07.16.11:710][689]LogLinker:Warning: Can't find file for asset '/Game/ArchVis/Materials/M_Curtain_MAT_Inst' while loading NULL.
[2014.12.08-07.16.11:711][689]LogLinker:Warning: Can't find file '/Game/ArchVis/Materials/M_FloorLamp_Mat_Inst'
[2014.12.08-07.16.11:711][689]LoadErrors: Info Failed to load /Game/ArchVis/Materials/M_FloorLamp_Mat_Inst.M_FloorLamp_Mat_Inst Referenced by SM_FloorLamp Property /Script/Engine.StaticMesh:Materials
[2014.12.08-07.16.11:711][689]LogLinker:Warning: Can't find file for asset '/Game/ArchVis/Materials/M_FloorLamp_Mat_Inst' while loading NULL.
[2014.12.08-07.16.11:711][689]LogLinker:Warning: Can't find file '/Game/ArchVis/Materials/M_Shelving_Inst'
[2014.12.08-07.16.11:712][689]LoadErrors: Info Failed to load /Game/ArchVis/Materials/M_Shelving_Inst.M_Shelving_Inst Referenced by SM_Shelving Property /Script/Engine.StaticMesh:Materials
[2014.12.08-07.16.11:712][689]LogLinker:Warning: Can't find file for asset '/Game/ArchVis/Materials/M_Shelving_Inst' while loading NULL.
[2014.12.08-07.16.11:712][689]LogLinker:Warning: Can't find file '/Game/ArchVis/Materials/M_TV_Inst'
[2014.12.08-07.16.11:712][689]LoadErrors: Info Failed to load /Game/ArchVis/Materials/M_TV_Inst.M_TV_Inst Referenced by SM_TV Property /Script/Engine.StaticMesh:Materials
[2014.12.08-07.16.11:713][689]LogLinker:Warning: Can't find file for asset '/Game/ArchVis/Materials/M_TV_Inst' while loading NULL.
[2014.12.08-07.16.11:713][689]LogLinker:Warning: Can't find file '/Game/ArchVis/Materials/M_Statue_Inst'
[2014.12.08-07.16.11:713][689]LoadErrors: Info Failed to load /Game/ArchVis/Materials/M_Statue_Inst.M_Statue_Inst Referenced by Statue Property /Script/Engine.StaticMesh:Materials
[2014.12.08-07.16.11:713][689]LogLinker:Warning: Can't find file for asset '/Game/ArchVis/Materials/M_Statue_Inst' while loading NULL.
[2014.12.08-07.16.12:845][689]LogMaterial: Missing cached shader map for material M_Shelving, compiling.
[2014.12.08-07.16.12:845][689]LogMaterial:Warning: Failed to compile Material /Game/StarterContent/Materials/Materials/M_Shelving.M_Shelving for platform PCD3D_SM4, Default Material will be used in game.
[2014.12.08-07.16.12:845][689]LogMaterial:Warning: 	(Node TextureSample) TextureSample> Missing input texture
[2014.12.08-07.16.18:999][689]Cmd: MAP LOAD FILE="../../../../../../Users/User/Documents/GitHub/Study-Session/Trial_third_person/Content/Maps/LivingRoom.umap" TEMPLATE=0 SHOWPROGRESS=1
[2014.12.08-07.16.18:999][689]LightingResults: New page: Lighting Build
[2014.12.08-07.16.19:057][689]LoadErrors: New page: Loading map: LivingRoom.umap
[2014.12.08-07.16.19:057][689]MapCheck: New page: Map Check
[2014.12.08-07.16.19:057][689]LightingResults: New page: Lighting Build
[2014.12.08-07.16.19:081][689]LogParticles: Destroying 0 GPU particle simulations for FXSystem 0x000000000C370180
[2014.12.08-07.16.19:105][689]LogPhysics:Warning: AddShapesToRigidActor: ConvexElem is missing ConvexMesh (11: /Game/Character/newcatcauseoldcatsucks.newcatcauseoldcatsucks:BodySetup_3)
[2014.12.08-07.16.19:140][689]LogEditorServer: Finished looking for orphan Actors (0.000 secs)
[2014.12.08-07.16.19:141][689]LogAIModule: Creating AISystem for world LivingRoom
[2014.12.08-07.16.19:190][689]Cmd: MAP CHECKDEP
[2014.12.08-07.16.19:190][689]MapCheck: New page: LivingRoom - Dec 7, 2014, 3:16:19 PM
[2014.12.08-07.16.19:342][689]MapCheck: Info Map check complete: 0 Error(s), 0 Warning(s), took 152.406ms to complete.
[2014.12.08-07.16.19:342][689]LogFileHelpers: Loading map 'LivingRoom' took 0.346
[2014.12.08-07.16.38:594][283]LogEditorViewport: Clicking on Actor (LMB): StaticMeshActor (SM_Shelving_2)
[2014.12.08-07.17.15:278][442]LogEditorViewport: Clicking on Actor (LMB): mouse_pickup_C (mouse_pickup_5)
[2014.12.08-07.17.25:112][642]LogEditorViewport: Clicking on Actor (LMB): StaticMeshActor (SM_Door)
[2014.12.08-07.17.26:032][691]LogEditorViewport: Clicking on Actor (LMB): TextRenderActor (TextRenderActor_2)
[2014.12.08-07.17.27:336][758]Cmd: EDIT CUT
[2014.12.08-07.17.27:352][758]LogEditorActor: Deleted Actor: TextRenderActor
[2014.12.08-07.17.27:374][758]LogEditorActor: Deleted 1 Actors (0.034 secs)
[2014.12.08-07.17.28:196][804]LogEditorViewport: Clicking on Actor (LMB): StaticMeshActor (mouse_2)
[2014.12.08-07.17.28:610][825]Cmd: EDIT CUT
[2014.12.08-07.17.28:621][825]LogEditorActor: Deleted Actor: StaticMeshActor
[2014.12.08-07.17.28:643][825]LogEditorActor: Deleted 1 Actors (0.030 secs)
[2014.12.08-07.17.35:598][997]LogEditorViewport: Clicking on Actor (LMB): TextRenderActor (TextRenderActor_3)
[2014.12.08-07.17.36:555][ 45]Cmd: EDIT CUT
[2014.12.08-07.17.36:566][ 45]LogEditorActor: Deleted Actor: TextRenderActor
[2014.12.08-07.17.36:588][ 45]LogEditorActor: Deleted 1 Actors (0.029 secs)
[2014.12.08-07.17.37:592][104]LogEditorViewport: Clicking on Actor (LMB): StaticMeshActor (mouse_3)
[2014.12.08-07.17.38:384][140]Cmd: EDIT CUT
[2014.12.08-07.17.38:397][140]LogEditorActor: Deleted Actor: StaticMeshActor
[2014.12.08-07.17.38:418][140]LogEditorActor: Deleted 1 Actors (0.031 secs)
[2014.12.08-07.17.45:502][286]LogEditorViewport: Clicking on Actor (LMB): TextRenderActor (TextRenderActor)
[2014.12.08-07.17.46:300][326]Cmd: EDIT CUT
[2014.12.08-07.17.46:313][326]LogEditorActor: Deleted Actor: TextRenderActor
[2014.12.08-07.17.46:335][326]LogEditorActor: Deleted 1 Actors (0.031 secs)
[2014.12.08-07.17.47:174][375]LogEditorViewport: Clicking on Actor (LMB): StaticMeshActor (mouse)
[2014.12.08-07.17.47:981][419]Cmd: EDIT CUT
[2014.12.08-07.17.47:995][419]LogEditorActor: Deleted Actor: StaticMeshActor
[2014.12.08-07.17.48:016][419]LogEditorActor: Deleted 1 Actors (0.031 secs)
[2014.12.08-07.17.59:511][680]LogEditorViewport: Clicking on Actor (LMB): mouse_pickup_C (mouse_pickup_5)
[2014.12.08-07.19.04:414][721]LogEditorViewport: Clicking on Actor (LMB): mouse_pickup_C (mouse_pickup_3)
[2014.12.08-07.19.54:845][369]LogEditorViewport: Clicking on Actor (LMB): StaticMeshActor (BookLP_86)
[2014.12.08-07.19.55:665][411]LogEditorViewport: Clicking on Actor (LMB): mouse_pickup_C (mouse_pickup_3)
[2014.12.08-07.20.17:917][ 32]LogEditorViewport: Clicking on Actor (LMB): mouse_pickup_C (mouse_pickup_4)
[2014.12.08-07.20.43:609][883]Cmd: TRANSACTION UNDO
[2014.12.08-07.20.43:609][883]LogEditorTransaction: Undo Select Surfaces
[2014.12.08-07.21.16:847][945]LogEditorViewport: Clicking on Actor (LMB): mouse_pickup_C (mouse_pickup_8)
[2014.12.08-07.21.55:476][363]LogEditorViewport: Clicking on Actor (LMB): mouse_pickup_C (mouse_pickup_10)
[2014.12.08-07.23.24:381][101]LogEditorViewport: Clicking on Actor (LMB): mouse_pickup_C (mouse_pickup_9)
[2014.12.08-07.24.11:816][304]LogEditorViewport: Clicking on Actor (LMB): mouse_pickup_C (mouse_pickup_9)
[2014.12.08-07.24.21:512][671]LogEditorViewport: Clicking on Actor (context menu): StaticMeshActor (newcatcauseoldcatsucks)
[2014.12.08-07.24.32:731][878]LogEditorViewport: Clicking on Actor (LMB): mouse_pickup_C (mouse_pickup_11)
[2014.12.08-07.25.18:181][228]LogEditorViewport: Clicking on Actor (LMB): mouse_pickup_C (mouse_pickup_6)
[2014.12.08-07.26.01:836][575]LogEditorViewport: Clicking on Actor (LMB): mouse_pickup_C (mouse_pickup_7)
[2014.12.08-07.26.18:171][980]LogSavePackage: Save=3201.268311ms
[2014.12.08-07.26.18:171][980]LogSavePackage: Moving '../../../../../../Users/User/Documents/GitHub/Study-Session/Trial_third_person/Saved/LivingRoom_Auto1B9FD52454B11C80EC3B5BD851FD49E2F.tmp' to '../../../../../../Users/User/Documents/GitHub/Study-Session/Trial_third_person/Saved/Autosaves/Game/Maps/LivingRoom_Auto1.umap'
[2014.12.08-07.26.18:188][980]LogFileHelpers: Editor autosave (incl. sublevels) for '/Game/Maps/LivingRoom' took 3.429
[2014.12.08-07.26.18:188][980]LogFileHelpers: Editor autosave (incl. sublevels) for all levels took 3.429
[2014.12.08-07.26.55:658][988]LogEditorViewport: Clicking on Actor (LMB): mouse_pickup_C (mouse_pickup_7)
[2014.12.08-07.27.02:643][326]LogPlayLevel: PIE:  No blueprints needed recompiling
[2014.12.08-07.27.02:643][326]PIE: New page: PIE session: LivingRoom (Dec 7, 2014, 3:27:02 PM)
[2014.12.08-07.27.02:955][326]LogPlayLevel: PIE: StaticDuplicateObject took: (0.312089s)
[2014.12.08-07.27.02:957][326]LogPlayLevel: PIE: World Init took: (0.001828s)
[2014.12.08-07.27.02:957][326]LogPlayLevel: PIE: Created PIE world by copying editor world from /Game/Maps/LivingRoom.LivingRoom to /Game/Maps/UEDPIE_0_LivingRoom.LivingRoom (0.314253s)
[2014.12.08-07.27.03:394][326]LogWorld: Game class is 'MyGame_C'
[2014.12.08-07.27.03:395][326]LogAIModule: Creating AISystem for world LivingRoom
[2014.12.08-07.27.03:410][326]LogPhysics:Warning: AddShapesToRigidActor: ConvexElem is missing ConvexMesh (11: /Game/Character/newcatcauseoldcatsucks.newcatcauseoldcatsucks:BodySetup_3)
[2014.12.08-07.27.03:411][326]LogWorld: Bringing World /Game/Maps/UEDPIE_0_LivingRoom.LivingRoom up for play (max tick rate 60) at 2014.12.07-23.27.03
[2014.12.08-07.27.03:413][326]LogWorld: Bringing up level for play took: 0.017987
[2014.12.08-07.27.03:418][326]PIE: Info Play in editor start time for /Game/Maps/UEDPIE_0_LivingRoom 0.159
[2014.12.08-07.27.10:689][541]Cmd: LevelEditor.ToggleImmersive
[2014.12.08-07.27.48:622][618]LogParticles: Destroying 0 GPU particle simulations for FXSystem 0x0000000028AF2840
[2014.12.08-07.27.48:701][618]LogRenderer:Warning: Reallocating scene render targets to support 1368x728.
[2014.12.08-07.28.37:174][680]Cmd: SELECT NONE
[2014.12.08-07.28.38:079][727]Cmd: SELECT NONE
[2014.12.08-07.28.42:620][965]LogPlayLevel: PIE:  No blueprints needed recompiling
[2014.12.08-07.28.42:620][965]PIE: New page: PIE session: LivingRoom (Dec 7, 2014, 3:28:42 PM)
[2014.12.08-07.28.42:963][965]LogPlayLevel: PIE: StaticDuplicateObject took: (0.342714s)
[2014.12.08-07.28.42:964][965]LogPlayLevel: PIE: World Init took: (0.001088s)
[2014.12.08-07.28.42:965][965]LogPlayLevel: PIE: Created PIE world by copying editor world from /Game/Maps/LivingRoom.LivingRoom to /Game/Maps/UEDPIE_0_LivingRoom.LivingRoom (0.344164s)
[2014.12.08-07.28.42:990][965]LogWorld: Game class is 'MyGame_C'
[2014.12.08-07.28.42:991][965]LogAIModule: Creating AISystem for world LivingRoom
[2014.12.08-07.28.43:006][965]LogPhysics:Warning: AddShapesToRigidActor: ConvexElem is missing ConvexMesh (11: /Game/Character/newcatcauseoldcatsucks.newcatcauseoldcatsucks:BodySetup_3)
[2014.12.08-07.28.43:006][965]LogWorld: Bringing World /Game/Maps/UEDPIE_0_LivingRoom.LivingRoom up for play (max tick rate 60) at 2014.12.07-23.28.43
[2014.12.08-07.28.43:008][965]LogWorld: Bringing up level for play took: 0.016369
[2014.12.08-07.28.43:012][965]PIE: Info Play in editor start time for /Game/Maps/UEDPIE_0_LivingRoom -0.25
[2014.12.08-07.28.46:714][ 60]LogParticles: Destroying 0 GPU particle simulations for FXSystem 0x000000000D56EA20
[2014.12.08-07.29.06:930][205]LogPlayLevel: PIE:  No blueprints needed recompiling
[2014.12.08-07.29.06:930][205]PIE: New page: SIE session: LivingRoom (Dec 7, 2014, 3:29:06 PM)
[2014.12.08-07.29.07:234][205]LogPlayLevel: PIE: StaticDuplicateObject took: (0.303574s)
[2014.12.08-07.29.07:235][205]LogPlayLevel: PIE: World Init took: (0.001439s)
[2014.12.08-07.29.07:235][205]LogPlayLevel: PIE: Created PIE world by copying editor world from /Game/Maps/LivingRoom.LivingRoom to /Game/Maps/UEDPIE_0_LivingRoom.LivingRoom (0.305365s)
[2014.12.08-07.29.07:264][205]LogWorld: Game class is 'MyGame_C'
[2014.12.08-07.29.07:265][205]LogAIModule: Creating AISystem for world LivingRoom
[2014.12.08-07.29.07:277][205]LogPhysics:Warning: AddShapesToRigidActor: ConvexElem is missing ConvexMesh (11: /Game/Character/newcatcauseoldcatsucks.newcatcauseoldcatsucks:BodySetup_3)
[2014.12.08-07.29.07:277][205]LogWorld: Bringing World /Game/Maps/UEDPIE_0_LivingRoom.LivingRoom up for play (max tick rate 60) at 2014.12.07-23.29.07
[2014.12.08-07.29.07:279][205]LogWorld: Bringing up level for play took: 0.013876
[2014.12.08-07.29.07:281][205]PIE: Info Play in editor start time for /Game/Maps/UEDPIE_0_LivingRoom 0.018
[2014.12.08-07.29.09:176][228]LogEditorViewport: Clicking on Actor (LMB): mouse_pickup_C (mouse_pickup_12)
[2014.12.08-07.29.09:176][228]LogSelection:Warning: PIE object was selected: "mouse_pickup_C /Game/Maps/UEDPIE_0_LivingRoom.LivingRoom:PersistentLevel.mouse_pickup_12"
[2014.12.08-07.29.11:850][263]Cmd: SELECT NONE
[2014.12.08-07.29.14:479][299]Cmd: SELECT NONE
[2014.12.08-07.29.21:502][392]LogParticles: Destroying 0 GPU particle simulations for FXSystem 0x000000003C642A20
[2014.12.08-07.29.24:027][537]LogPlayLevel: PIE:  No blueprints needed recompiling
[2014.12.08-07.29.24:028][537]PIE: New page: SIE session: LivingRoom (Dec 7, 2014, 3:29:24 PM)
[2014.12.08-07.29.24:338][537]LogPlayLevel: PIE: StaticDuplicateObject took: (0.309912s)
[2014.12.08-07.29.24:339][537]LogPlayLevel: PIE: World Init took: (0.000899s)
[2014.12.08-07.29.24:339][537]LogPlayLevel: PIE: Created PIE world by copying editor world from /Game/Maps/LivingRoom.LivingRoom to /Game/Maps/UEDPIE_0_LivingRoom.LivingRoom (0.311114s)
[2014.12.08-07.29.24:364][537]LogWorld: Game class is 'MyGame_C'
[2014.12.08-07.29.24:365][537]LogAIModule: Creating AISystem for world LivingRoom
[2014.12.08-07.29.24:379][537]LogPhysics:Warning: AddShapesToRigidActor: ConvexElem is missing ConvexMesh (11: /Game/Character/newcatcauseoldcatsucks.newcatcauseoldcatsucks:BodySetup_3)
[2014.12.08-07.29.24:380][537]LogWorld: Bringing World /Game/Maps/UEDPIE_0_LivingRoom.LivingRoom up for play (max tick rate 60) at 2014.12.07-23.29.24
[2014.12.08-07.29.24:382][537]LogWorld: Bringing up level for play took: 0.015960
[2014.12.08-07.29.24:384][537]PIE: Info Play in editor start time for /Game/Maps/UEDPIE_0_LivingRoom 1.121
[2014.12.08-07.29.29:103][601]LogParticles: Destroying 0 GPU particle simulations for FXSystem 0x000000000D4AC9A0
[2014.12.08-07.29.39:978][245]LogPlayLevel: PIE:  No blueprints needed recompiling
[2014.12.08-07.29.39:978][245]PIE: New page: PIE session: LivingRoom (Dec 7, 2014, 3:29:39 PM)
[2014.12.08-07.29.40:282][245]LogPlayLevel: PIE: StaticDuplicateObject took: (0.303473s)
[2014.12.08-07.29.40:284][245]LogPlayLevel: PIE: World Init took: (0.001851s)
[2014.12.08-07.29.40:284][245]LogPlayLevel: PIE: Created PIE world by copying editor world from /Game/Maps/LivingRoom.LivingRoom to /Game/Maps/UEDPIE_0_LivingRoom.LivingRoom (0.305729s)
[2014.12.08-07.29.40:317][245]LogWorld: Game class is 'MyGame_C'
[2014.12.08-07.29.40:319][245]LogAIModule: Creating AISystem for world LivingRoom
[2014.12.08-07.29.40:332][245]LogPhysics:Warning: AddShapesToRigidActor: ConvexElem is missing ConvexMesh (11: /Game/Character/newcatcauseoldcatsucks.newcatcauseoldcatsucks:BodySetup_3)
[2014.12.08-07.29.40:333][245]LogWorld: Bringing World /Game/Maps/UEDPIE_0_LivingRoom.LivingRoom up for play (max tick rate 60) at 2014.12.07-23.29.40
[2014.12.08-07.29.40:335][245]LogWorld: Bringing up level for play took: 0.015629
[2014.12.08-07.29.40:338][245]PIE: Info Play in editor start time for /Game/Maps/UEDPIE_0_LivingRoom 1.074
[2014.12.08-07.30.27:955][593]LogParticles: Destroying 0 GPU particle simulations for FXSystem 0x0000000043D46840
[2014.12.08-07.30.34:746][790]LogSavePackage: Save=2748.986328ms
[2014.12.08-07.30.34:746][790]LogSavePackage: Moving '../../../../../../Users/User/Documents/GitHub/Study-Session/Trial_third_person/Saved/LivingRoom265E9FEB4DF838B8D3517BA0E00BEB4E.tmp' to '../../../../../../Users/User/Documents/GitHub/Study-Session/Trial_third_person/Content/Maps/LivingRoom.umap'
[2014.12.08-07.30.46:046][185]Cmd: EDIT CUT
[2014.12.08-07.30.46:058][185]LogEditorActor: Deleted Actor: Brush
[2014.12.08-07.30.46:295][185]LogEditorActor: Deleted 1 Actors (0.244 secs)
[2014.12.08-07.30.46:405][185]LogPhysics:Warning: AddShapesToRigidActor: ConvexElem is missing ConvexMesh (11: /Game/Character/newcatcauseoldcatsucks.newcatcauseoldcatsucks:BodySetup_3)
[2014.12.08-07.30.52:345][341]LogPlayLevel: PIE:  No blueprints needed recompiling
[2014.12.08-07.30.52:345][341]PIE: New page: PIE session: LivingRoom (Dec 7, 2014, 3:30:52 PM)
[2014.12.08-07.30.52:648][341]LogPlayLevel: PIE: StaticDuplicateObject took: (0.302991s)
[2014.12.08-07.30.52:651][341]LogPlayLevel: PIE: World Init took: (0.003078s)
[2014.12.08-07.30.52:652][341]LogPlayLevel: PIE: Created PIE world by copying editor world from /Game/Maps/LivingRoom.LivingRoom to /Game/Maps/UEDPIE_0_LivingRoom.LivingRoom (0.306685s)
[2014.12.08-07.30.52:689][341]LogWorld: Game class is 'MyGame_C'
[2014.12.08-07.30.52:691][341]LogAIModule: Creating AISystem for world LivingRoom
[2014.12.08-07.30.52:702][341]LogPhysics:Warning: AddShapesToRigidActor: ConvexElem is missing ConvexMesh (11: /Game/Character/newcatcauseoldcatsucks.newcatcauseoldcatsucks:BodySetup_3)
[2014.12.08-07.30.52:703][341]LogWorld: Bringing World /Game/Maps/UEDPIE_0_LivingRoom.LivingRoom up for play (max tick rate 60) at 2014.12.07-23.30.52
[2014.12.08-07.30.52:704][341]LogWorld: Bringing up level for play took: 0.013334
[2014.12.08-07.30.52:708][341]PIE: Info Play in editor start time for /Game/Maps/UEDPIE_0_LivingRoom -0.558
[2014.12.08-07.31.50:263][ 22]LogParticles: Destroying 0 GPU particle simulations for FXSystem 0x00000000203BBA60
[2014.12.08-07.31.53:009][124]LogEditorViewport: Clicking on Actor (LMB): StaticMeshActor (SM_Chair)
[2014.12.08-07.31.53:725][160]LogEditorViewport: Clicking on Actor (LMB): mouse_pickup_C (mouse_pickup_5)
[2014.12.08-07.32.17:805][890]LogPlayLevel: PIE:  No blueprints needed recompiling
[2014.12.08-07.32.17:806][890]PIE: New page: PIE session: LivingRoom (Dec 7, 2014, 3:32:17 PM)
[2014.12.08-07.32.18:103][890]LogPlayLevel: PIE: StaticDuplicateObject took: (0.297045s)
[2014.12.08-07.32.18:105][890]LogPlayLevel: PIE: World Init took: (0.002581s)
[2014.12.08-07.32.18:106][890]LogPlayLevel: PIE: Created PIE world by copying editor world from /Game/Maps/LivingRoom.LivingRoom to /Game/Maps/UEDPIE_0_LivingRoom.LivingRoom (0.300156s)
[2014.12.08-07.32.18:146][890]LogWorld: Game class is 'MyGame_C'
[2014.12.08-07.32.18:148][890]LogAIModule: Creating AISystem for world LivingRoom
[2014.12.08-07.32.18:160][890]LogPhysics:Warning: AddShapesToRigidActor: ConvexElem is missing ConvexMesh (11: /Game/Character/newcatcauseoldcatsucks.newcatcauseoldcatsucks:BodySetup_3)
[2014.12.08-07.32.18:161][890]LogWorld: Bringing World /Game/Maps/UEDPIE_0_LivingRoom.LivingRoom up for play (max tick rate 60) at 2014.12.07-23.32.18
[2014.12.08-07.32.18:162][890]LogWorld: Bringing up level for play took: 0.014330
[2014.12.08-07.32.18:166][890]PIE: Info Play in editor start time for /Game/Maps/UEDPIE_0_LivingRoom 0.897
[2014.12.08-07.34.13:742][166]LogCharacterMovement: MyCharacter_C_4 is stuck and failed to move!
[2014.12.08-07.34.13:776][167]LogCharacterMovement: MyCharacter_C_4 is stuck and failed to move!
[2014.12.08-07.34.13:811][168]LogCharacterMovement: MyCharacter_C_4 is stuck and failed to move!
[2014.12.08-07.34.13:843][169]LogCharacterMovement: MyCharacter_C_4 is stuck and failed to move!
[2014.12.08-07.34.13:877][170]LogCharacterMovement: MyCharacter_C_4 is stuck and failed to move!
[2014.12.08-07.34.13:912][171]LogCharacterMovement: MyCharacter_C_4 is stuck and failed to move!
[2014.12.08-07.34.13:946][172]LogCharacterMovement: MyCharacter_C_4 is stuck and failed to move!
[2014.12.08-07.34.13:981][173]LogCharacterMovement: MyCharacter_C_4 is stuck and failed to move!
[2014.12.08-07.34.14:015][174]LogCharacterMovement: MyCharacter_C_4 is stuck and failed to move!
[2014.12.08-07.34.14:050][175]LogCharacterMovement: MyCharacter_C_4 is stuck and failed to move!
[2014.12.08-07.34.19:587][334]LogCharacterMovement: MyCharacter_C_4 is stuck and failed to move!
[2014.12.08-07.34.19:623][335]LogCharacterMovement: MyCharacter_C_4 is stuck and failed to move!
[2014.12.08-07.34.19:657][336]LogCharacterMovement: MyCharacter_C_4 is stuck and failed to move!
[2014.12.08-07.34.19:692][337]LogCharacterMovement: MyCharacter_C_4 is stuck and failed to move!
[2014.12.08-07.34.19:726][338]LogCharacterMovement: MyCharacter_C_4 is stuck and failed to move!
[2014.12.08-07.34.19:760][339]LogCharacterMovement: MyCharacter_C_4 is stuck and failed to move!
[2014.12.08-07.34.19:795][340]LogCharacterMovement: MyCharacter_C_4 is stuck and failed to move!
[2014.12.08-07.34.19:829][341]LogCharacterMovement: MyCharacter_C_4 is stuck and failed to move!
[2014.12.08-07.34.19:864][342]LogCharacterMovement: MyCharacter_C_4 is stuck and failed to move!
[2014.12.08-07.34.19:898][343]LogCharacterMovement: MyCharacter_C_4 is stuck and failed to move!
[2014.12.08-07.34.19:931][344]LogCharacterMovement: MyCharacter_C_4 is stuck and failed to move!
[2014.12.08-07.34.19:964][345]LogCharacterMovement: MyCharacter_C_4 is stuck and failed to move!
[2014.12.08-07.34.19:998][346]LogCharacterMovement: MyCharacter_C_4 is stuck and failed to move!
[2014.12.08-07.34.20:033][347]LogCharacterMovement: MyCharacter_C_4 is stuck and failed to move!
[2014.12.08-07.34.20:067][348]LogCharacterMovement: MyCharacter_C_4 is stuck and failed to move!
[2014.12.08-07.34.20:101][349]LogCharacterMovement: MyCharacter_C_4 is stuck and failed to move!
[2014.12.08-07.34.20:136][350]LogCharacterMovement: MyCharacter_C_4 is stuck and failed to move!
[2014.12.08-07.34.20:170][351]LogCharacterMovement: MyCharacter_C_4 is stuck and failed to move!
[2014.12.08-07.34.20:203][352]LogCharacterMovement: MyCharacter_C_4 is stuck and failed to move!
[2014.12.08-07.34.20:237][353]LogCharacterMovement: MyCharacter_C_4 is stuck and failed to move!
[2014.12.08-07.34.20:272][354]LogCharacterMovement: MyCharacter_C_4 is stuck and failed to move!
[2014.12.08-07.34.20:306][355]LogCharacterMovement: MyCharacter_C_4 is stuck and failed to move!
[2014.12.08-07.34.20:340][356]LogCharacterMovement: MyCharacter_C_4 is stuck and failed to move!
[2014.12.08-07.34.20:376][357]LogCharacterMovement: MyCharacter_C_4 is stuck and failed to move!
[2014.12.08-07.34.20:413][358]LogCharacterMovement: MyCharacter_C_4 is stuck and failed to move!
[2014.12.08-07.34.20:450][359]LogCharacterMovement: MyCharacter_C_4 is stuck and failed to move!
[2014.12.08-07.34.20:487][360]LogCharacterMovement: MyCharacter_C_4 is stuck and failed to move!
[2014.12.08-07.34.20:522][361]LogCharacterMovement: MyCharacter_C_4 is stuck and failed to move!
[2014.12.08-07.34.20:556][362]LogCharacterMovement: MyCharacter_C_4 is stuck and failed to move!
[2014.12.08-07.34.20:590][363]LogCharacterMovement: MyCharacter_C_4 is stuck and failed to move!
[2014.12.08-07.34.20:624][364]LogCharacterMovement: MyCharacter_C_4 is stuck and failed to move!
[2014.12.08-07.34.23:775][449]LogParticles: Destroying 0 GPU particle simulations for FXSystem 0x000000000CE02AC0
[2014.12.08-07.34.28:127][598]LogPlayLevel: PIE:  No blueprints needed recompiling
[2014.12.08-07.34.28:127][598]PIE: New page: PIE session: LivingRoom (Dec 7, 2014, 3:34:28 PM)
[2014.12.08-07.34.28:427][598]LogPlayLevel: PIE: StaticDuplicateObject took: (0.299679s)
[2014.12.08-07.34.28:431][598]LogPlayLevel: PIE: World Init took: (0.004148s)
[2014.12.08-07.34.28:432][598]LogPlayLevel: PIE: Created PIE world by copying editor world from /Game/Maps/LivingRoom.LivingRoom to /Game/Maps/UEDPIE_0_LivingRoom.LivingRoom (0.304376s)
[2014.12.08-07.34.28:463][598]LogWorld: Game class is 'MyGame_C'
[2014.12.08-07.34.28:464][598]LogAIModule: Creating AISystem for world LivingRoom
[2014.12.08-07.34.28:477][598]LogPhysics:Warning: AddShapesToRigidActor: ConvexElem is missing ConvexMesh (11: /Game/Character/newcatcauseoldcatsucks.newcatcauseoldcatsucks:BodySetup_3)
[2014.12.08-07.34.28:477][598]LogWorld: Bringing World /Game/Maps/UEDPIE_0_LivingRoom.LivingRoom up for play (max tick rate 60) at 2014.12.07-23.34.28
[2014.12.08-07.34.28:479][598]LogWorld: Bringing up level for play took: 0.015400
[2014.12.08-07.34.28:483][598]PIE: Info Play in editor start time for /Game/Maps/UEDPIE_0_LivingRoom 1.211
[2014.12.08-07.35.10:895][795]LogParticles: Destroying 0 GPU particle simulations for FXSystem 0x000000003C642FC0
[2014.12.08-07.35.12:563][888]LogPlayLevel: PIE:  No blueprints needed recompiling
[2014.12.08-07.35.12:564][888]PIE: New page: PIE session: LivingRoom (Dec 7, 2014, 3:35:12 PM)
[2014.12.08-07.35.12:858][888]LogPlayLevel: PIE: StaticDuplicateObject took: (0.294342s)
[2014.12.08-07.35.12:860][888]LogPlayLevel: PIE: World Init took: (0.001936s)
[2014.12.08-07.35.12:861][888]LogPlayLevel: PIE: Created PIE world by copying editor world from /Game/Maps/LivingRoom.LivingRoom to /Game/Maps/UEDPIE_0_LivingRoom.LivingRoom (0.296857s)
[2014.12.08-07.35.12:897][888]LogWorld: Game class is 'MyGame_C'
[2014.12.08-07.35.12:899][888]LogAIModule: Creating AISystem for world LivingRoom
[2014.12.08-07.35.12:910][888]LogPhysics:Warning: AddShapesToRigidActor: ConvexElem is missing ConvexMesh (11: /Game/Character/newcatcauseoldcatsucks.newcatcauseoldcatsucks:BodySetup_3)
[2014.12.08-07.35.12:911][888]LogWorld: Bringing World /Game/Maps/UEDPIE_0_LivingRoom.LivingRoom up for play (max tick rate 60) at 2014.12.07-23.35.12
[2014.12.08-07.35.12:912][888]LogWorld: Bringing up level for play took: 0.013633
[2014.12.08-07.35.12:916][888]PIE: Info Play in editor start time for /Game/Maps/UEDPIE_0_LivingRoom -0.358
[2014.12.08-07.35.18:948][ 50]LogParticles: Destroying 0 GPU particle simulations for FXSystem 0x000000002175C540
[2014.12.08-07.35.25:910][199]LogEditorViewport: Clicking on Actor (LMB): StaticMeshActor (SM_Shelving_2)
[2014.12.08-07.35.38:471][644]LogPlayLevel: PIE:  No blueprints needed recompiling
[2014.12.08-07.35.38:472][644]PIE: New page: PIE session: LivingRoom (Dec 7, 2014, 3:35:38 PM)
[2014.12.08-07.35.38:770][644]LogPlayLevel: PIE: StaticDuplicateObject took: (0.298282s)
[2014.12.08-07.35.38:773][644]LogPlayLevel: PIE: World Init took: (0.002951s)
[2014.12.08-07.35.38:774][644]LogPlayLevel: PIE: Created PIE world by copying editor world from /Game/Maps/LivingRoom.LivingRoom to /Game/Maps/UEDPIE_0_LivingRoom.LivingRoom (0.302735s)
[2014.12.08-07.35.38:810][644]LogWorld: Game class is 'MyGame_C'
[2014.12.08-07.35.38:811][644]LogAIModule: Creating AISystem for world LivingRoom
[2014.12.08-07.35.38:823][644]LogPhysics:Warning: AddShapesToRigidActor: ConvexElem is missing ConvexMesh (11: /Game/Character/newcatcauseoldcatsucks.newcatcauseoldcatsucks:BodySetup_3)
[2014.12.08-07.35.38:823][644]LogWorld: Bringing World /Game/Maps/UEDPIE_0_LivingRoom.LivingRoom up for play (max tick rate 60) at 2014.12.07-23.35.38
[2014.12.08-07.35.38:825][644]LogWorld: Bringing up level for play took: 0.014021
[2014.12.08-07.35.38:829][644]PIE: Info Play in editor start time for /Game/Maps/UEDPIE_0_LivingRoom -0.446
[2014.12.08-07.38.37:985][887]LogBlueprintUserMessages: Level Complete!
[2014.12.08-07.38.38:019][888]LogBlueprintUserMessages: Level Complete!
[2014.12.08-07.38.38:054][889]LogBlueprintUserMessages: Level Complete!
[2014.12.08-07.38.38:088][890]LogBlueprintUserMessages: Level Complete!
[2014.12.08-07.38.38:122][891]LogBlueprintUserMessages: Level Complete!
[2014.12.08-07.38.38:157][892]LogBlueprintUserMessages: Level Complete!
[2014.12.08-07.38.38:192][893]LogBlueprintUserMessages: Level Complete!
[2014.12.08-07.38.38:224][894]LogBlueprintUserMessages: Level Complete!
[2014.12.08-07.38.38:261][895]LogBlueprintUserMessages: Level Complete!
[2014.12.08-07.38.38:300][896]LogBlueprintUserMessages: Level Complete!
[2014.12.08-07.38.38:338][897]LogBlueprintUserMessages: Level Complete!
[2014.12.08-07.38.38:373][898]LogBlueprintUserMessages: Level Complete!
[2014.12.08-07.38.38:408][899]LogBlueprintUserMessages: Level Complete!
[2014.12.08-07.38.38:443][900]LogBlueprintUserMessages: Level Complete!
[2014.12.08-07.38.38:478][901]LogBlueprintUserMessages: Level Complete!
[2014.12.08-07.38.38:512][902]LogBlueprintUserMessages: Level Complete!
[2014.12.08-07.38.38:548][903]LogBlueprintUserMessages: Level Complete!
[2014.12.08-07.38.38:595][904]LogBlueprintUserMessages: Level Complete!
[2014.12.08-07.38.38:615][905]LogBlueprintUserMessages: Level Complete!
[2014.12.08-07.38.38:650][906]LogBlueprintUserMessages: Level Complete!
[2014.12.08-07.38.38:684][907]LogBlueprintUserMessages: Level Complete!
[2014.12.08-07.38.38:719][908]LogBlueprintUserMessages: Level Complete!
[2014.12.08-07.38.38:754][909]LogBlueprintUserMessages: Level Complete!
[2014.12.08-07.38.38:790][910]LogBlueprintUserMessages: Level Complete!
[2014.12.08-07.38.38:824][911]LogBlueprintUserMessages: Level Complete!
[2014.12.08-07.38.38:859][912]LogBlueprintUserMessages: Level Complete!
[2014.12.08-07.38.38:894][913]LogBlueprintUserMessages: Level Complete!
[2014.12.08-07.38.38:929][914]LogBlueprintUserMessages: Level Complete!
[2014.12.08-07.38.38:967][915]LogBlueprintUserMessages: Level Complete!
[2014.12.08-07.38.39:004][916]LogBlueprintUserMessages: Level Complete!
[2014.12.08-07.38.39:041][917]LogBlueprintUserMessages: Level Complete!
[2014.12.08-07.38.39:076][918]LogBlueprintUserMessages: Level Complete!
[2014.12.08-07.38.39:111][919]LogBlueprintUserMessages: Level Complete!
[2014.12.08-07.38.39:146][920]LogBlueprintUserMessages: Level Complete!
[2014.12.08-07.38.39:182][921]LogBlueprintUserMessages: Level Complete!
[2014.12.08-07.38.39:216][922]LogBlueprintUserMessages: Level Complete!
[2014.12.08-07.38.39:250][923]LogBlueprintUserMessages: Level Complete!
[2014.12.08-07.38.39:286][924]LogBlueprintUserMessages: Level Complete!
[2014.12.08-07.38.39:320][925]LogBlueprintUserMessages: Level Complete!
[2014.12.08-07.38.39:355][926]LogBlueprintUserMessages: Level Complete!
[2014.12.08-07.38.39:391][927]LogBlueprintUserMessages: Level Complete!
[2014.12.08-07.38.39:426][928]LogBlueprintUserMessages: Level Complete!
[2014.12.08-07.38.39:460][929]LogBlueprintUserMessages: Level Complete!
[2014.12.08-07.38.39:495][930]LogBlueprintUserMessages: Level Complete!
[2014.12.08-07.38.39:530][931]LogBlueprintUserMessages: Level Complete!
[2014.12.08-07.38.39:568][932]LogBlueprintUserMessages: Level Complete!
[2014.12.08-07.38.39:605][933]LogBlueprintUserMessages: Level Complete!
[2014.12.08-07.38.39:642][934]LogBlueprintUserMessages: Level Complete!
[2014.12.08-07.38.39:678][935]LogBlueprintUserMessages: Level Complete!
[2014.12.08-07.38.39:713][936]LogBlueprintUserMessages: Level Complete!
[2014.12.08-07.38.39:749][937]LogBlueprintUserMessages: Level Complete!
[2014.12.08-07.38.39:784][938]LogBlueprintUserMessages: Level Complete!
[2014.12.08-07.38.39:820][939]LogBlueprintUserMessages: Level Complete!
[2014.12.08-07.38.39:855][940]LogBlueprintUserMessages: Level Complete!
[2014.12.08-07.38.39:890][941]LogBlueprintUserMessages: Level Complete!
[2014.12.08-07.38.39:925][942]LogBlueprintUserMessages: Level Complete!
[2014.12.08-07.38.39:959][943]LogBlueprintUserMessages: Level Complete!
[2014.12.08-07.38.39:994][944]LogBlueprintUserMessages: Level Complete!
[2014.12.08-07.38.40:029][945]LogBlueprintUserMessages: Level Complete!
[2014.12.08-07.38.40:064][946]LogBlueprintUserMessages: Level Complete!
[2014.12.08-07.38.40:099][947]LogBlueprintUserMessages: Level Complete!
[2014.12.08-07.38.40:137][948]LogBlueprintUserMessages: Level Complete!
[2014.12.08-07.38.40:175][949]LogBlueprintUserMessages: Level Complete!
[2014.12.08-07.38.40:211][950]LogBlueprintUserMessages: Level Complete!
[2014.12.08-07.38.40:245][951]LogBlueprintUserMessages: Level Complete!
[2014.12.08-07.38.40:279][952]LogBlueprintUserMessages: Level Complete!
[2014.12.08-07.38.40:314][953]LogBlueprintUserMessages: Level Complete!
[2014.12.08-07.38.40:349][954]LogBlueprintUserMessages: Level Complete!
[2014.12.08-07.38.40:384][955]LogBlueprintUserMessages: Level Complete!
[2014.12.08-07.38.40:421][956]LogBlueprintUserMessages: Level Complete!
[2014.12.08-07.38.40:456][957]LogBlueprintUserMessages: Level Complete!
[2014.12.08-07.38.40:491][958]LogBlueprintUserMessages: Level Complete!
[2014.12.08-07.38.40:526][959]LogBlueprintUserMessages: Level Complete!
[2014.12.08-07.38.40:561][960]LogBlueprintUserMessages: Level Complete!
[2014.12.08-07.38.40:595][961]LogBlueprintUserMessages: Level Complete!
[2014.12.08-07.38.40:628][962]LogBlueprintUserMessages: Level Complete!
[2014.12.08-07.38.40:663][963]LogBlueprintUserMessages: Level Complete!
[2014.12.08-07.38.40:698][964]LogBlueprintUserMessages: Level Complete!
[2014.12.08-07.38.40:734][965]LogBlueprintUserMessages: Level Complete!
[2014.12.08-07.38.40:772][966]LogBlueprintUserMessages: Level Complete!
[2014.12.08-07.38.40:810][967]LogBlueprintUserMessages: Level Complete!
[2014.12.08-07.38.40:846][968]LogBlueprintUserMessages: Level Complete!
[2014.12.08-07.38.40:881][969]LogBlueprintUserMessages: Level Complete!
[2014.12.08-07.38.40:915][970]LogBlueprintUserMessages: Level Complete!
[2014.12.08-07.38.40:951][971]LogBlueprintUserMessages: Level Complete!
[2014.12.08-07.38.40:985][972]LogBlueprintUserMessages: Level Complete!
[2014.12.08-07.38.41:023][973]LogBlueprintUserMessages: Level Complete!
[2014.12.08-07.38.41:058][974]LogBlueprintUserMessages: Level Complete!
[2014.12.08-07.38.41:093][975]LogBlueprintUserMessages: Level Complete!
[2014.12.08-07.38.41:128][976]LogBlueprintUserMessages: Level Complete!
[2014.12.08-07.38.41:163][977]LogBlueprintUserMessages: Level Complete!
[2014.12.08-07.38.41:198][978]LogBlueprintUserMessages: Level Complete!
[2014.12.08-07.38.41:231][979]LogBlueprintUserMessages: Level Complete!
[2014.12.08-07.38.41:264][980]LogBlueprintUserMessages: Level Complete!
[2014.12.08-07.38.41:299][981]LogBlueprintUserMessages: Level Complete!
[2014.12.08-07.38.41:334][982]LogBlueprintUserMessages: Level Complete!
[2014.12.08-07.38.41:368][983]LogBlueprintUserMessages: Level Complete!
[2014.12.08-07.38.41:406][984]LogBlueprintUserMessages: Level Complete!
[2014.12.08-07.38.41:442][985]LogBlueprintUserMessages: Level Complete!
[2014.12.08-07.38.41:481][986]LogBlueprintUserMessages: Level Complete!
[2014.12.08-07.38.41:515][987]LogBlueprintUserMessages: Level Complete!
[2014.12.08-07.38.41:551][988]LogBlueprintUserMessages: Level Complete!
[2014.12.08-07.38.41:586][989]LogBlueprintUserMessages: Level Complete!
[2014.12.08-07.38.41:621][990]LogBlueprintUserMessages: Level Complete!
[2014.12.08-07.38.41:656][991]LogBlueprintUserMessages: Level Complete!
[2014.12.08-07.38.41:691][992]LogBlueprintUserMessages: Level Complete!
[2014.12.08-07.38.41:726][993]LogBlueprintUserMessages: Level Complete!
[2014.12.08-07.38.41:761][994]LogBlueprintUserMessages: Level Complete!
[2014.12.08-07.38.41:795][995]LogBlueprintUserMessages: Level Complete!
[2014.12.08-07.38.41:831][996]LogBlueprintUserMessages: Level Complete!
[2014.12.08-07.38.41:865][997]LogBlueprintUserMessages: Level Complete!
[2014.12.08-07.38.41:899][998]LogBlueprintUserMessages: Level Complete!
[2014.12.08-07.38.41:934][999]LogBlueprintUserMessages: Level Complete!
[2014.12.08-07.38.41:969][  0]LogBlueprintUserMessages: Level Complete!
[2014.12.08-07.38.42:004][  1]LogBlueprintUserMessages: Level Complete!
[2014.12.08-07.38.42:043][  2]LogBlueprintUserMessages: Level Complete!
[2014.12.08-07.38.42:080][  3]LogBlueprintUserMessages: Level Complete!
[2014.12.08-07.38.42:115][  4]LogBlueprintUserMessages: Level Complete!
[2014.12.08-07.38.42:151][  5]LogBlueprintUserMessages: Level Complete!
[2014.12.08-07.38.42:185][  6]LogBlueprintUserMessages: Level Complete!
[2014.12.08-07.38.42:221][  7]LogBlueprintUserMessages: Level Complete!
[2014.12.08-07.38.42:255][  8]LogBlueprintUserMessages: Level Complete!
[2014.12.08-07.38.42:290][  9]LogBlueprintUserMessages: Level Complete!
[2014.12.08-07.38.42:325][ 10]LogBlueprintUserMessages: Level Complete!
[2014.12.08-07.38.42:360][ 11]LogBlueprintUserMessages: Level Complete!
[2014.12.08-07.38.42:394][ 12]LogBlueprintUserMessages: Level Complete!
[2014.12.08-07.38.42:430][ 13]LogBlueprintUserMessages: Level Complete!
[2014.12.08-07.38.42:465][ 14]LogBlueprintUserMessages: Level Complete!
[2014.12.08-07.38.42:500][ 15]LogBlueprintUserMessages: Level Complete!
[2014.12.08-07.38.42:534][ 16]LogBlueprintUserMessages: Level Complete!
[2014.12.08-07.38.42:568][ 17]LogBlueprintUserMessages: Level Complete!
[2014.12.08-07.38.42:603][ 18]LogBlueprintUserMessages: Level Complete!
[2014.12.08-07.38.42:642][ 19]LogBlueprintUserMessages: Level Complete!
[2014.12.08-07.38.42:679][ 20]LogBlueprintUserMessages: Level Complete!
[2014.12.08-07.38.42:716][ 21]LogBlueprintUserMessages: Level Complete!
[2014.12.08-07.38.42:751][ 22]LogBlueprintUserMessages: Level Complete!
[2014.12.08-07.38.42:787][ 23]LogBlueprintUserMessages: Level Complete!
[2014.12.08-07.38.42:823][ 24]LogBlueprintUserMessages: Level Complete!
[2014.12.08-07.38.42:859][ 25]LogBlueprintUserMessages: Level Complete!
[2014.12.08-07.38.42:894][ 26]LogBlueprintUserMessages: Level Complete!
[2014.12.08-07.38.42:929][ 27]LogBlueprintUserMessages: Level Complete!
[2014.12.08-07.38.42:965][ 28]LogBlueprintUserMessages: Level Complete!
[2014.12.08-07.38.43:000][ 29]LogBlueprintUserMessages: Level Complete!
[2014.12.08-07.38.43:035][ 30]LogBlueprintUserMessages: Level Complete!
[2014.12.08-07.38.43:070][ 31]LogBlueprintUserMessages: Level Complete!
[2014.12.08-07.38.43:105][ 32]LogBlueprintUserMessages: Level Complete!
[2014.12.08-07.38.43:145][ 33]LogBlueprintUserMessages: Level Complete!
[2014.12.08-07.38.43:182][ 34]LogBlueprintUserMessages: Level Complete!
[2014.12.08-07.38.43:219][ 35]LogBlueprintUserMessages: Level Complete!
[2014.12.08-07.38.43:256][ 36]LogBlueprintUserMessages: Level Complete!
[2014.12.08-07.38.43:290][ 37]LogBlueprintUserMessages: Level Complete!
[2014.12.08-07.38.43:325][ 38]LogBlueprintUserMessages: Level Complete!
[2014.12.08-07.38.43:362][ 39]LogBlueprintUserMessages: Level Complete!
[2014.12.08-07.38.43:398][ 40]LogBlueprintUserMessages: Level Complete!
[2014.12.08-07.38.43:435][ 41]LogBlueprintUserMessages: Level Complete!
[2014.12.08-07.38.43:471][ 42]LogBlueprintUserMessages: Level Complete!
[2014.12.08-07.38.43:506][ 43]LogBlueprintUserMessages: Level Complete!
[2014.12.08-07.38.43:545][ 44]LogBlueprintUserMessages: Level Complete!
[2014.12.08-07.38.43:583][ 45]LogBlueprintUserMessages: Level Complete!
[2014.12.08-07.38.43:620][ 46]LogBlueprintUserMessages: Level Complete!
[2014.12.08-07.38.43:657][ 47]LogBlueprintUserMessages: Level Complete!
[2014.12.08-07.38.43:694][ 48]LogBlueprintUserMessages: Level Complete!
[2014.12.08-07.38.43:731][ 49]LogBlueprintUserMessages: Level Complete!
[2014.12.08-07.38.43:767][ 50]LogBlueprintUserMessages: Level Complete!
[2014.12.08-07.38.43:803][ 51]LogBlueprintUserMessages: Level Complete!
[2014.12.08-07.38.43:840][ 52]LogBlueprintUserMessages: Level Complete!
[2014.12.08-07.38.43:874][ 53]LogBlueprintUserMessages: Level Complete!
[2014.12.08-07.38.43:914][ 54]LogBlueprintUserMessages: Level Complete!
[2014.12.08-07.38.43:953][ 55]LogBlueprintUserMessages: Level Complete!
[2014.12.08-07.38.43:989][ 56]LogBlueprintUserMessages: Level Complete!
[2014.12.08-07.38.44:025][ 57]LogBlueprintUserMessages: Level Complete!
[2014.12.08-07.38.44:062][ 58]LogBlueprintUserMessages: Level Complete!
[2014.12.08-07.38.44:098][ 59]LogBlueprintUserMessages: Level Complete!
[2014.12.08-07.38.44:135][ 60]LogBlueprintUserMessages: Level Complete!
[2014.12.08-07.38.44:171][ 61]LogBlueprintUserMessages: Level Complete!
[2014.12.08-07.38.44:207][ 62]LogBlueprintUserMessages: Level Complete!
[2014.12.08-07.38.44:241][ 63]LogBlueprintUserMessages: Level Complete!
[2014.12.08-07.38.44:281][ 64]LogBlueprintUserMessages: Level Complete!
[2014.12.08-07.38.44:318][ 65]LogBlueprintUserMessages: Level Complete!
[2014.12.08-07.38.44:355][ 66]LogBlueprintUserMessages: Level Complete!
[2014.12.08-07.38.44:391][ 67]LogBlueprintUserMessages: Level Complete!
[2014.12.08-07.38.44:427][ 68]LogBlueprintUserMessages: Level Complete!
[2014.12.08-07.38.44:464][ 69]LogBlueprintUserMessages: Level Complete!
[2014.12.08-07.38.44:501][ 70]LogBlueprintUserMessages: Level Complete!
[2014.12.08-07.38.44:537][ 71]LogBlueprintUserMessages: Level Complete!
[2014.12.08-07.38.44:574][ 72]LogBlueprintUserMessages: Level Complete!
[2014.12.08-07.38.44:609][ 73]LogBlueprintUserMessages: Level Complete!
[2014.12.08-07.38.44:648][ 74]LogBlueprintUserMessages: Level Complete!
[2014.12.08-07.38.44:686][ 75]LogBlueprintUserMessages: Level Complete!
[2014.12.08-07.38.44:723][ 76]LogBlueprintUserMessages: Level Complete!
[2014.12.08-07.38.44:760][ 77]LogBlueprintUserMessages: Level Complete!
[2014.12.08-07.38.44:796][ 78]LogBlueprintUserMessages: Level Complete!
[2014.12.08-07.38.44:833][ 79]LogBlueprintUserMessages: Level Complete!
[2014.12.08-07.38.44:870][ 80]LogBlueprintUserMessages: Level Complete!
[2014.12.08-07.38.44:906][ 81]LogBlueprintUserMessages: Level Complete!
[2014.12.08-07.38.44:942][ 82]LogBlueprintUserMessages: Level Complete!
[2014.12.08-07.38.44:981][ 83]LogBlueprintUserMessages: Level Complete!
[2014.12.08-07.38.45:019][ 84]LogBlueprintUserMessages: Level Complete!
[2014.12.08-07.38.45:057][ 85]LogBlueprintUserMessages: Level Complete!
[2014.12.08-07.38.45:094][ 86]LogBlueprintUserMessages: Level Complete!
[2014.12.08-07.38.45:130][ 87]LogBlueprintUserMessages: Level Complete!
[2014.12.08-07.38.45:167][ 88]LogBlueprintUserMessages: Level Complete!
[2014.12.08-07.38.45:203][ 89]LogBlueprintUserMessages: Level Complete!
[2014.12.08-07.38.45:240][ 90]LogBlueprintUserMessages: Level Complete!
[2014.12.08-07.38.45:276][ 91]LogBlueprintUserMessages: Level Complete!
[2014.12.08-07.38.45:310][ 92]LogBlueprintUserMessages: Level Complete!
[2014.12.08-07.38.45:349][ 93]LogBlueprintUserMessages: Level Complete!
[2014.12.08-07.38.45:387][ 94]LogBlueprintUserMessages: Level Complete!
[2014.12.08-07.38.45:424][ 95]LogBlueprintUserMessages: Level Complete!
[2014.12.08-07.38.45:460][ 96]LogBlueprintUserMessages: Level Complete!
[2014.12.08-07.38.45:497][ 97]LogBlueprintUserMessages: Level Complete!
[2014.12.08-07.38.45:534][ 98]LogBlueprintUserMessages: Level Complete!
[2014.12.08-07.38.45:570][ 99]LogBlueprintUserMessages: Level Complete!
[2014.12.08-07.38.45:607][100]LogBlueprintUserMessages: Level Complete!
[2014.12.08-07.38.45:643][101]LogBlueprintUserMessages: Level Complete!
[2014.12.08-07.38.45:678][102]LogBlueprintUserMessages: Level Complete!
[2014.12.08-07.38.45:718][103]LogBlueprintUserMessages: Level Complete!
[2014.12.08-07.38.45:757][104]LogBlueprintUserMessages: Level Complete!
[2014.12.08-07.38.45:793][105]LogBlueprintUserMessages: Level Complete!
[2014.12.08-07.38.45:830][106]LogBlueprintUserMessages: Level Complete!
[2014.12.08-07.38.45:866][107]LogBlueprintUserMessages: Level Complete!
[2014.12.08-07.38.45:903][108]LogBlueprintUserMessages: Level Complete!
[2014.12.08-07.38.45:939][109]LogBlueprintUserMessages: Level Complete!
[2014.12.08-07.38.45:975][110]LogBlueprintUserMessages: Level Complete!
[2014.12.08-07.38.46:012][111]LogBlueprintUserMessages: Level Complete!
[2014.12.08-07.38.46:050][112]LogBlueprintUserMessages: Level Complete!
[2014.12.08-07.38.46:088][113]LogBlueprintUserMessages: Level Complete!
[2014.12.08-07.38.46:126][114]LogBlueprintUserMessages: Level Complete!
[2014.12.08-07.38.46:162][115]LogBlueprintUserMessages: Level Complete!
[2014.12.08-07.38.46:199][116]LogBlueprintUserMessages: Level Complete!
[2014.12.08-07.38.46:235][117]LogBlueprintUserMessages: Level Complete!
[2014.12.08-07.38.46:271][118]LogBlueprintUserMessages: Level Complete!
[2014.12.08-07.38.46:306][119]LogBlueprintUserMessages: Level Complete!
[2014.12.08-07.38.46:341][120]LogBlueprintUserMessages: Level Complete!
[2014.12.08-07.38.46:377][121]LogBlueprintUserMessages: Level Complete!
[2014.12.08-07.38.46:412][122]LogBlueprintUserMessages: Level Complete!
[2014.12.08-07.38.46:452][123]LogBlueprintUserMessages: Level Complete!
[2014.12.08-07.38.46:489][124]LogBlueprintUserMessages: Level Complete!
[2014.12.08-07.38.46:526][125]LogBlueprintUserMessages: Level Complete!
[2014.12.08-07.38.46:563][126]LogBlueprintUserMessages: Level Complete!
[2014.12.08-07.38.46:598][127]LogBlueprintUserMessages: Level Complete!
[2014.12.08-07.38.46:635][128]LogBlueprintUserMessages: Level Complete!
[2014.12.08-07.38.46:671][129]LogBlueprintUserMessages: Level Complete!
[2014.12.08-07.38.46:707][130]LogBlueprintUserMessages: Level Complete!
[2014.12.08-07.38.46:743][131]LogBlueprintUserMessages: Level Complete!
[2014.12.08-07.38.46:779][132]LogBlueprintUserMessages: Level Complete!
[2014.12.08-07.38.46:813][133]LogBlueprintUserMessages: Level Complete!
[2014.12.08-07.38.46:853][134]LogBlueprintUserMessages: Level Complete!
[2014.12.08-07.38.46:890][135]LogBlueprintUserMessages: Level Complete!
[2014.12.08-07.38.46:928][136]LogBlueprintUserMessages: Level Complete!
[2014.12.08-07.38.46:964][137]LogBlueprintUserMessages: Level Complete!
[2014.12.08-07.38.47:000][138]LogBlueprintUserMessages: Level Complete!
[2014.12.08-07.38.47:036][139]LogBlueprintUserMessages: Level Complete!
[2014.12.08-07.38.47:072][140]LogBlueprintUserMessages: Level Complete!
[2014.12.08-07.38.47:109][141]LogBlueprintUserMessages: Level Complete!
[2014.12.08-07.38.47:145][142]LogBlueprintUserMessages: Level Complete!
[2014.12.08-07.38.47:182][143]LogBlueprintUserMessages: Level Complete!
[2014.12.08-07.38.47:223][144]LogBlueprintUserMessages: Level Complete!
[2014.12.08-07.38.47:261][145]LogBlueprintUserMessages: Level Complete!
[2014.12.08-07.38.47:298][146]LogBlueprintUserMessages: Level Complete!
[2014.12.08-07.38.47:333][147]LogBlueprintUserMessages: Level Complete!
[2014.12.08-07.38.47:369][148]LogBlueprintUserMessages: Level Complete!
[2014.12.08-07.38.47:405][149]LogBlueprintUserMessages: Level Complete!
[2014.12.08-07.38.47:441][150]LogBlueprintUserMessages: Level Complete!
[2014.12.08-07.38.47:477][151]LogBlueprintUserMessages: Level Complete!
[2014.12.08-07.38.47:513][152]LogBlueprintUserMessages: Level Complete!
[2014.12.08-07.38.47:549][153]LogBlueprintUserMessages: Level Complete!
[2014.12.08-07.38.47:588][154]LogBlueprintUserMessages: Level Complete!
[2014.12.08-07.38.47:627][155]LogBlueprintUserMessages: Level Complete!
[2014.12.08-07.38.47:663][156]LogBlueprintUserMessages: Level Complete!
[2014.12.08-07.38.47:699][157]LogBlueprintUserMessages: Level Complete!
[2014.12.08-07.38.47:735][158]LogBlueprintUserMessages: Level Complete!
[2014.12.08-07.38.47:772][159]LogBlueprintUserMessages: Level Complete!
[2014.12.08-07.38.47:808][160]LogBlueprintUserMessages: Level Complete!
[2014.12.08-07.38.47:845][161]LogBlueprintUserMessages: Level Complete!
[2014.12.08-07.38.47:880][162]LogBlueprintUserMessages: Level Complete!
[2014.12.08-07.38.47:915][163]LogBlueprintUserMessages: Level Complete!
[2014.12.08-07.38.47:951][164]LogBlueprintUserMessages: Level Complete!
[2014.12.08-07.38.47:990][165]LogBlueprintUserMessages: Level Complete!
[2014.12.08-07.38.48:028][166]LogBlueprintUserMessages: Level Complete!
[2014.12.08-07.38.48:064][167]LogBlueprintUserMessages: Level Complete!
[2014.12.08-07.38.48:100][168]LogBlueprintUserMessages: Level Complete!
[2014.12.08-07.38.48:137][169]LogBlueprintUserMessages: Level Complete!
[2014.12.08-07.38.48:172][170]LogBlueprintUserMessages: Level Complete!
[2014.12.08-07.38.48:209][171]LogBlueprintUserMessages: Level Complete!
[2014.12.08-07.38.48:246][172]LogBlueprintUserMessages: Level Complete!
[2014.12.08-07.38.48:282][173]LogBlueprintUserMessages: Level Complete!
[2014.12.08-07.38.48:318][174]LogBlueprintUserMessages: Level Complete!
[2014.12.08-07.38.48:352][175]LogBlueprintUserMessages: Level Complete!
[2014.12.08-07.38.48:390][176]LogBlueprintUserMessages: Level Complete!
[2014.12.08-07.38.48:429][177]LogBlueprintUserMessages: Level Complete!
[2014.12.08-07.38.48:465][178]LogBlueprintUserMessages: Level Complete!
[2014.12.08-07.38.48:501][179]LogBlueprintUserMessages: Level Complete!
[2014.12.08-07.38.48:537][180]LogBlueprintUserMessages: Level Complete!
[2014.12.08-07.38.48:573][181]LogBlueprintUserMessages: Level Complete!
[2014.12.08-07.38.48:609][182]LogBlueprintUserMessages: Level Complete!
[2014.12.08-07.38.48:645][183]LogBlueprintUserMessages: Level Complete!
[2014.12.08-07.38.48:681][184]LogBlueprintUserMessages: Level Complete!
[2014.12.08-07.38.48:716][185]LogBlueprintUserMessages: Level Complete!
[2014.12.08-07.38.48:751][186]LogBlueprintUserMessages: Level Complete!
[2014.12.08-07.38.48:790][187]LogBlueprintUserMessages: Level Complete!
[2014.12.08-07.38.48:838][188]LogBlueprintUserMessages: Level Complete!
[2014.12.08-07.38.48:868][189]LogBlueprintUserMessages: Level Complete!
[2014.12.08-07.38.48:903][190]LogBlueprintUserMessages: Level Complete!
[2014.12.08-07.38.48:939][191]LogBlueprintUserMessages: Level Complete!
[2014.12.08-07.38.48:975][192]LogBlueprintUserMessages: Level Complete!
[2014.12.08-07.38.49:032][193]LogBlueprintUserMessages: Level Complete!
[2014.12.08-07.38.49:048][194]LogBlueprintUserMessages: Level Complete!
[2014.12.08-07.38.49:086][195]LogBlueprintUserMessages: Level Complete!
[2014.12.08-07.38.49:121][196]LogBlueprintUserMessages: Level Complete!
[2014.12.08-07.38.49:159][197]LogBlueprintUserMessages: Level Complete!
[2014.12.08-07.38.49:197][198]LogBlueprintUserMessages: Level Complete!
[2014.12.08-07.38.49:233][199]LogBlueprintUserMessages: Level Complete!
[2014.12.08-07.38.49:269][200]LogBlueprintUserMessages: Level Complete!
[2014.12.08-07.38.49:305][201]LogBlueprintUserMessages: Level Complete!
[2014.12.08-07.38.49:340][202]LogBlueprintUserMessages: Level Complete!
[2014.12.08-07.38.49:382][203]LogBlueprintUserMessages: Level Complete!
[2014.12.08-07.38.49:412][204]LogBlueprintUserMessages: Level Complete!
[2014.12.08-07.38.49:448][205]LogBlueprintUserMessages: Level Complete!
[2014.12.08-07.38.49:484][206]LogBlueprintUserMessages: Level Complete!
[2014.12.08-07.38.49:520][207]LogBlueprintUserMessages: Level Complete!
[2014.12.08-07.38.49:576][208]LogBlueprintUserMessages: Level Complete!
[2014.12.08-07.38.49:592][209]LogBlueprintUserMessages: Level Complete!
[2014.12.08-07.38.49:632][210]LogBlueprintUserMessages: Level Complete!
[2014.12.08-07.38.49:668][211]LogBlueprintUserMessages: Level Complete!
[2014.12.08-07.38.49:704][212]LogBlueprintUserMessages: Level Complete!
[2014.12.08-07.38.49:740][213]LogBlueprintUserMessages: Level Complete!
[2014.12.08-07.38.49:776][214]LogBlueprintUserMessages: Level Complete!
[2014.12.08-07.38.49:812][215]LogBlueprintUserMessages: Level Complete!
[2014.12.08-07.38.49:848][216]LogBlueprintUserMessages: Level Complete!
[2014.12.08-07.38.50:010][217]LogParticles: Destroying 0 GPU particle simulations for FXSystem 0x0000000043D45EE0
[2014.12.08-07.38.55:982][479]LogSavePackage: Save=1356.270508ms
[2014.12.08-07.38.55:982][479]LogSavePackage: Moving '../../../../../../Users/User/Documents/GitHub/Study-Session/Trial_third_person/Saved/LivingRoom1B751D4B423F7AE266B63EBEC22DCEDE.tmp' to '../../../../../../Users/User/Documents/GitHub/Study-Session/Trial_third_person/Content/Maps/LivingRoom.umap'
[2014.12.08-07.39.01:156][733]Cmd: QUIT_EDITOR
[2014.12.08-07.39.01:563][733]LogExit: Preparing to exit.
[2014.12.08-07.39.02:337][733]LogExit: Editor shut down
[2014.12.08-07.39.02:337][733]LogExit: Transaction tracking system shut down
[2014.12.08-07.39.02:338][733]LogParticles: Destroying 0 GPU particle simulations for FXSystem 0x0000000010B87420
[2014.12.08-07.39.02:338][733]LogParticles: Destroying 0 GPU particle simulations for FXSystem 0x0000000010BCE340
[2014.12.08-07.39.02:340][733]LogParticles: Destroying 0 GPU particle simulations for FXSystem 0x000000000C6237E0
[2014.12.08-07.39.02:342][733]LogParticles: Destroying 0 GPU particle simulations for FXSystem 0x0000000028264B80
[2014.12.08-07.39.02:380][733]LogExit: Object subsystem successfully closed.
[2014.12.08-07.39.02:442][733]LogModuleManager: Shutting down and abandoning module AndroidDeviceDetection (166)
[2014.12.08-07.39.02:442][733]LogModuleManager: Shutting down and abandoning module CrashTracker (165)
[2014.12.08-07.39.02:442][733]LogModuleManager: Shutting down and abandoning module SuperSearch (164)
[2014.12.08-07.39.02:442][733]LogModuleManager: Shutting down and abandoning module SceneOutliner (163)
[2014.12.08-07.39.02:442][733]LogModuleManager: Shutting down and abandoning module EditorWidgets (162)
[2014.12.08-07.39.02:442][733]LogModuleManager: Shutting down and abandoning module CollectionManager (161)
[2014.12.08-07.39.02:442][733]LogModuleManager: Shutting down and abandoning module StatsViewer (160)
[2014.12.08-07.39.02:442][733]LogModuleManager: Shutting down and abandoning module FoliageEdit (159)
[2014.12.08-07.39.02:442][733]LogModuleManager: Shutting down and abandoning module LandscapeEditor (158)
[2014.12.08-07.39.02:442][733]LogModuleManager: Shutting down and abandoning module MeshPaint (157)
[2014.12.08-07.39.02:442][733]LogModuleManager: Shutting down and abandoning module ActorPickerMode (156)
[2014.12.08-07.39.02:442][733]LogModuleManager: Shutting down and abandoning module GeometryMode (155)
[2014.12.08-07.39.02:442][733]LogModuleManager: Shutting down and abandoning module TextureAlignMode (154)
[2014.12.08-07.39.02:442][733]LogModuleManager: Shutting down and abandoning module BspMode (153)
[2014.12.08-07.39.02:442][733]LogModuleManager: Shutting down and abandoning module PlacementMode (152)
[2014.12.08-07.39.02:442][733]LogModuleManager: Shutting down and abandoning module AutomationWorker (151)
[2014.12.08-07.39.02:442][733]LogModuleManager: Shutting down and abandoning module CharacterAI (150)
[2014.12.08-07.39.02:442][733]LogModuleManager: Shutting down and abandoning module GameProjectGeneration (149)
[2014.12.08-07.39.02:442][733]LogModuleManager: Shutting down and abandoning module IntroTutorials (148)
[2014.12.08-07.39.02:442][733]LogModuleManager: Shutting down and abandoning module EditorLiveStreaming (147)
[2014.12.08-07.39.02:442][733]LogModuleManager: Shutting down and abandoning module HardwareTargeting (146)
[2014.12.08-07.39.02:442][733]LogModuleManager: Shutting down and abandoning module BehaviorTreeEditor (145)
[2014.12.08-07.39.02:442][733]LogModuleManager: Shutting down and abandoning module DeviceProfileEditor (144)
[2014.12.08-07.39.02:442][733]LogModuleManager: Shutting down and abandoning module UndoHistory (143)
[2014.12.08-07.39.02:442][733]LogModuleManager: Shutting down and abandoning module GameplayTagsEditor (142)
[2014.12.08-07.39.02:442][733]LogModuleManager: Shutting down and abandoning module UserFeedback (141)
[2014.12.08-07.39.02:442][733]LogModuleManager: Shutting down and abandoning module XmlParser (140)
[2014.12.08-07.39.02:443][733]LogModuleManager: Shutting down and abandoning module Blutility (139)
[2014.12.08-07.39.02:443][733]LogModuleManager: Shutting down and abandoning module IOSPlatformEditor (138)
[2014.12.08-07.39.02:443][733]LogModuleManager: Shutting down and abandoning module IOSRuntimeSettings (137)
[2014.12.08-07.39.02:443][733]LogModuleManager: Shutting down and abandoning module AndroidPlatformEditor (136)
[2014.12.08-07.39.02:443][733]LogModuleManager: Shutting down and abandoning module AndroidRuntimeSettings (135)
[2014.12.08-07.39.02:443][733]LogModuleManager: Shutting down and abandoning module ProjectTargetPlatformEditor (134)
[2014.12.08-07.39.02:443][733]LogModuleManager: Shutting down and abandoning module ProjectSettingsViewer (133)
[2014.12.08-07.39.02:443][733]LogModuleManager: Shutting down and abandoning module InputBindingEditor (132)
[2014.12.08-07.39.02:443][733]LogModuleManager: Shutting down and abandoning module EditorSettingsViewer (131)
[2014.12.08-07.39.02:443][733]LogModuleManager: Shutting down and abandoning module SettingsEditor (130)
[2014.12.08-07.39.02:443][733]LogModuleManager: Shutting down and abandoning module ProjectLauncher (129)
[2014.12.08-07.39.02:443][733]LogModuleManager: Shutting down and abandoning module SessionFrontend (128)
[2014.12.08-07.39.02:443][733]LogModuleManager: Shutting down and abandoning module ProfilerClient (127)
[2014.12.08-07.39.02:443][733]LogModuleManager: Shutting down and abandoning module TargetDeviceServices (126)
[2014.12.08-07.39.02:443][733]LogModuleManager: Shutting down and abandoning module DeviceManager (125)
[2014.12.08-07.39.02:443][733]LogModuleManager: Shutting down and abandoning module AutomationController (124)
[2014.12.08-07.39.02:443][733]LogModuleManager: Shutting down and abandoning module AutomationWindow (123)
[2014.12.08-07.39.02:443][733]LogModuleManager: Shutting down and abandoning module Layers (122)
[2014.12.08-07.39.02:443][733]LogModuleManager: Shutting down and abandoning module ComponentVisualizers (121)
[2014.12.08-07.39.02:443][733]LogModuleManager: Shutting down and abandoning module DetailCustomizations (120)
[2014.12.08-07.39.02:443][733]LogModuleManager: Shutting down and abandoning module PackagesDialog (119)
[2014.12.08-07.39.02:444][733]LogModuleManager: Shutting down and abandoning module AssetRegistry (118)
[2014.12.08-07.39.02:515][733]LogModuleManager: Shutting down and abandoning module Persona (117)
[2014.12.08-07.39.02:515][733]LogModuleManager: Shutting down and abandoning module Kismet (116)
[2014.12.08-07.39.02:515][733]LogModuleManager: Shutting down and abandoning module GraphEditor (115)
[2014.12.08-07.39.02:515][733]LogModuleManager: Shutting down and abandoning module ClassViewer (114)
[2014.12.08-07.39.02:515][733]LogModuleManager: Shutting down and abandoning module Toolbox (113)
[2014.12.08-07.39.02:515][733]LogModuleManager: Shutting down and abandoning module ModuleUI (112)
[2014.12.08-07.39.02:515][733]LogModuleManager: Shutting down and abandoning module MovieSceneTools (111)
[2014.12.08-07.39.02:515][733]LogModuleManager: Shutting down and abandoning module OutputLog (110)
[2014.12.08-07.39.02:515][733]LogModuleManager: Shutting down and abandoning module GammaUI (109)
[2014.12.08-07.39.02:515][733]LogModuleManager: Shutting down and abandoning module Documentation (108)
[2014.12.08-07.39.02:515][733]LogModuleManager: Shutting down and abandoning module GameLiveStreaming (107)
[2014.12.08-07.39.02:515][733]LogModuleManager: Shutting down and abandoning module StreamingPauseRendering (106)
[2014.12.08-07.39.02:515][733]LogModuleManager: Shutting down and abandoning module HTTP (105)
[2014.12.08-07.39.02:516][733]LogModuleManager: Shutting down and abandoning module AnalyticsET (104)
[2014.12.08-07.39.02:516][733]LogModuleManager: Shutting down and abandoning module Analytics (103)
[2014.12.08-07.39.02:516][733]LogModuleManager: Shutting down and abandoning module GameplayDebugger (102)
[2014.12.08-07.39.02:516][733]LogModuleManager: Shutting down and abandoning module AIModule (101)
[2014.12.08-07.39.02:516][733]LogModuleManager: Shutting down and abandoning module ProfilerService (100)
[2014.12.08-07.39.02:611][733]LogModuleManager: Shutting down and abandoning module TaskGraph (99)
[2014.12.08-07.39.02:611][733]LogModuleManager: Shutting down and abandoning module SlateRemote (98)
[2014.12.08-07.39.02:611][733]LogModuleManager: Shutting down and abandoning module ScriptEditorPlugin (97)
[2014.12.08-07.39.02:611][733]LogModuleManager: Shutting down and abandoning module CustomMeshComponent (96)
[2014.12.08-07.39.02:611][733]LogModuleManager: Shutting down and abandoning module CableComponent (95)
[2014.12.08-07.39.02:611][733]LogModuleManager: Shutting down and abandoning module MessagingDebugger (94)
[2014.12.08-07.39.02:611][733]LogModuleManager: Shutting down and abandoning module MediaPlayerEditor (93)
[2014.12.08-07.39.02:611][733]LogModuleManager: Shutting down and abandoning module SpeedTreeImporter (92)
[2014.12.08-07.39.02:611][733]LogModuleManager: Shutting down and abandoning module PluginsEditor (91)
[2014.12.08-07.39.02:611][733]LogModuleManager: Shutting down and abandoning module EpicSurvey (90)
[2014.12.08-07.39.02:611][733]LogModuleManager: Shutting down and abandoning module DesktopPlatform (89)
[2014.12.08-07.39.02:611][733]LogModuleManager: Shutting down and abandoning module VisualStudioSourceCodeAccess (88)
[2014.12.08-07.39.02:611][733]LogModuleManager: Shutting down and abandoning module UObjectPlugin (87)
[2014.12.08-07.39.02:611][733]LogModuleManager: Shutting down and abandoning module SubversionSourceControl (86)
[2014.12.08-07.39.02:611][733]LogModuleManager: Shutting down and abandoning module SourceControl (85)
[2014.12.08-07.39.02:611][733]LogModuleManager: Shutting down and abandoning module PerforceSourceControl (84)
[2014.12.08-07.39.02:611][733]LogModuleManager: Shutting down and abandoning module BlankPlugin (83)
[2014.12.08-07.39.02:611][733]LogModuleManager: Shutting down and abandoning module SlateReflector (82)
[2014.12.08-07.39.02:611][733]LogModuleManager: Shutting down and abandoning module DirectoryWatcher (81)
[2014.12.08-07.39.02:611][733]LogModuleManager: Shutting down and abandoning module HotReload (80)
[2014.12.08-07.39.02:611][733]LogModuleManager: Shutting down and abandoning module MainFrame (79)
[2014.12.08-07.39.02:611][733]LogModuleManager: Shutting down and abandoning module LevelEditor (78)
[2014.12.08-07.39.02:613][733]LogModuleManager: Shutting down and abandoning module ViewportSnapping (77)
[2014.12.08-07.39.02:613][733]LogModuleManager: Shutting down and abandoning module SmartSnapping (76)
[2014.12.08-07.39.02:613][733]LogModuleManager: Shutting down and abandoning module PaperTiledImporter (75)
[2014.12.08-07.39.02:613][733]LogModuleManager: Shutting down and abandoning module PaperJsonImporter (74)
[2014.12.08-07.39.02:613][733]LogModuleManager: Shutting down and abandoning module ContentBrowser (73)
[2014.12.08-07.39.02:613][733]LogModuleManager: Shutting down and abandoning module PropertyEditor (72)
[2014.12.08-07.39.02:613][733]LogModuleManager: Shutting down and abandoning module Paper2DEditor (71)
[2014.12.08-07.39.02:613][733]LogModuleManager: Shutting down and abandoning module ScriptPlugin (70)
[2014.12.08-07.39.02:613][733]LogModuleManager: Shutting down and abandoning module UdpMessaging (69)
[2014.12.08-07.39.02:713][733]LogModuleManager: Shutting down and abandoning module Paper2D (68)
[2014.12.08-07.39.02:713][733]LogModuleManager: Shutting down and abandoning module WindowsMoviePlayer (67)
[2014.12.08-07.39.02:715][733]LogModuleManager: Shutting down and abandoning module Media (66)
[2014.12.08-07.39.02:715][733]LogModuleManager: Shutting down and abandoning module WmfMedia (65)
[2014.12.08-07.39.02:716][733]LogModuleManager: Shutting down and abandoning module OnlineBlueprintSupport (64)
[2014.12.08-07.39.02:716][733]LogModuleManager: Shutting down and abandoning module FunctionalTesting (63)
[2014.12.08-07.39.02:716][733]LogModuleManager: Shutting down and abandoning module CollisionAnalyzer (62)
[2014.12.08-07.39.02:716][733]LogModuleManager: Shutting down and abandoning module WorkspaceMenuStructure (61)
[2014.12.08-07.39.02:716][733]LogModuleManager: Shutting down and abandoning module MessageLog (60)
[2014.12.08-07.39.02:716][733]LogModuleManager: Shutting down and abandoning module Sequencer (59)
[2014.12.08-07.39.02:716][733]LogModuleManager: Shutting down and abandoning module AssetTools (58)
[2014.12.08-07.39.02:716][733]LogModuleManager: Shutting down and abandoning module UMGEditor (57)
[2014.12.08-07.39.02:716][733]LogModuleManager: Shutting down and abandoning module UMG (56)
[2014.12.08-07.39.02:716][733]LogModuleManager: Shutting down and abandoning module Slate (55)
[2014.12.08-07.39.02:716][733]LogModuleManager: Shutting down and abandoning module EditorStyle (54)
[2014.12.08-07.39.02:718][733]LogModuleManager: Shutting down and abandoning module SessionServices (53)
[2014.12.08-07.39.02:718][733]LogModuleManager: Shutting down and abandoning module SourceCodeAccess (52)
[2014.12.08-07.39.02:718][733]LogModuleManager: Shutting down and abandoning module HeadMountedDisplay (51)
[2014.12.08-07.39.02:718][733]LogModuleManager: Shutting down and abandoning module XAudio2 (50)
[2014.12.08-07.39.02:718][733]LogModuleManager: Shutting down and abandoning module Networking (48)
[2014.12.08-07.39.02:718][733]LogModuleManager: Shutting down and abandoning module Core (47)
[2014.12.08-07.39.02:718][733]LogModuleManager: Shutting down and abandoning module KismetCompiler (46)
[2014.12.08-07.39.02:718][733]LogModuleManager: Shutting down and abandoning module PhysXFormats (45)
[2014.12.08-07.39.02:718][733]LogModuleManager: Shutting down and abandoning module MeshUtilities (44)
[2014.12.08-07.39.02:718][733]LogModuleManager: Shutting down and abandoning module DerivedDataCache (43)
[2014.12.08-07.39.02:813][733]LogDerivedDataCache: Shutdown
[2014.12.08-07.39.02:813][733]LogModuleManager: Shutting down and abandoning module ShaderFormatOpenGL (42)
[2014.12.08-07.39.02:813][733]LogModuleManager: Shutting down and abandoning module ShaderFormatD3D (41)
[2014.12.08-07.39.02:813][733]LogModuleManager: Shutting down and abandoning module MetalShaderFormat (40)
[2014.12.08-07.39.02:813][733]LogModuleManager: Shutting down and abandoning module TextureFormatUncompressed (39)
[2014.12.08-07.39.02:813][733]LogModuleManager: Shutting down and abandoning module TextureFormatPVR (38)
[2014.12.08-07.39.02:813][733]LogModuleManager: Shutting down and abandoning module TextureFormatDXT (37)
[2014.12.08-07.39.02:813][733]LogModuleManager: Shutting down and abandoning module TextureFormatAndroid (36)
[2014.12.08-07.39.02:813][733]LogModuleManager: Shutting down and abandoning module AudioFormatOpus (35)
[2014.12.08-07.39.02:813][733]LogModuleManager: Shutting down and abandoning module AudioFormatOgg (34)
[2014.12.08-07.39.02:813][733]LogModuleManager: Shutting down and abandoning module AudioFormatADPCM (33)
[2014.12.08-07.39.02:813][733]LogModuleManager: Shutting down and abandoning module Messaging (32)
[2014.12.08-07.39.02:813][733]LogModuleManager: Shutting down and abandoning module IOSTargetPlatform (31)
[2014.12.08-07.39.02:813][733]LogModuleManager: Shutting down and abandoning module Android_PVRTCTargetPlatform (30)
[2014.12.08-07.39.02:813][733]LogModuleManager: Shutting down and abandoning module Android_ETC2TargetPlatform (29)
[2014.12.08-07.39.02:813][733]LogModuleManager: Shutting down and abandoning module Android_ETC1TargetPlatform (28)
[2014.12.08-07.39.02:813][733]LogModuleManager: Shutting down and abandoning module Android_DXTTargetPlatform (27)
[2014.12.08-07.39.02:813][733]LogModuleManager: Shutting down and abandoning module Android_ATCTargetPlatform (26)
[2014.12.08-07.39.02:813][733]LogModuleManager: Shutting down and abandoning module AndroidTargetPlatform (25)
[2014.12.08-07.39.02:813][733]LogModuleManager: Shutting down and abandoning module WindowsTargetPlatform (24)
[2014.12.08-07.39.02:813][733]LogModuleManager: Shutting down and abandoning module WindowsServerTargetPlatform (23)
[2014.12.08-07.39.02:813][733]LogModuleManager: Shutting down and abandoning module WindowsNoEditorTargetPlatform (22)
[2014.12.08-07.39.02:813][733]LogModuleManager: Shutting down and abandoning module WindowsClientTargetPlatform (21)
[2014.12.08-07.39.02:813][733]LogModuleManager: Shutting down and abandoning module TargetPlatform (20)
[2014.12.08-07.39.02:813][733]LogModuleManager: Shutting down and abandoning module InputCore (19)
[2014.12.08-07.39.02:813][733]LogModuleManager: Shutting down and abandoning module Settings (18)
[2014.12.08-07.39.02:813][733]LogModuleManager: Shutting down and abandoning module ImageWrapper (17)
[2014.12.08-07.39.02:813][733]LogModuleManager: Shutting down and abandoning module OculusRift (14)
[2014.12.08-07.39.02:813][733]LogModuleManager: Shutting down and abandoning module ExampleDeviceProfileSelector (13)
[2014.12.08-07.39.02:813][733]LogModuleManager: Shutting down and abandoning module TextureCompressor (12)
[2014.12.08-07.39.02:813][733]LogModuleManager: Shutting down and abandoning module ShaderCore (11)
[2014.12.08-07.39.02:813][733]LogModuleManager: Shutting down and abandoning module SlateRHIRenderer (10)
[2014.12.08-07.39.02:814][733]LogModuleManager: Shutting down and abandoning module OpenGLDrv (9)
[2014.12.08-07.39.02:815][733]LogModuleManager: Shutting down and abandoning module D3D11RHI (8)
[2014.12.08-07.39.02:815][733]LogModuleManager: Shutting down and abandoning module Renderer (7)
[2014.12.08-07.39.02:815][733]LogModuleManager: Shutting down and abandoning module Engine (6)
[2014.12.08-07.39.02:815][733]LogModuleManager: Shutting down and abandoning module CoreUObject (5)
[2014.12.08-07.39.02:815][733]LogModuleManager: Shutting down and abandoning module NetworkFile (4)
[2014.12.08-07.39.02:815][733]LogModuleManager: Shutting down and abandoning module StreamingFile (3)
[2014.12.08-07.39.02:815][733]LogModuleManager: Shutting down and abandoning module SandboxFile (2)
[2014.12.08-07.39.02:815][733]LogModuleManager: Shutting down and abandoning module PakFile (1)
[2014.12.08-07.39.02:815][733]LogExit: Exiting.
[2014.12.08-07.39.02:820][733]Log file closed, 12/07/14 23:39:02
