Log file open, 11/18/14 07:53:27
LogInit:Display: Running engine for game: Trial_third_person
LogInit: Version: 4.5.1-2336687+++depot+UE4-Releases+4.5
LogInit: API Version: 2326478
LogInit: Compiled (64-bit): Oct 21 2014 22:32:40
LogInit: Compiled with Visual C++: 18.00.21005.01
LogInit: Build Configuration: Development
LogInit: Branch Name: ++depot+UE4-Releases+4.5
LogInit: Command line: 
LogInit: Base directory: C:/Program Files/Epic Games/4.5/Engine/Binaries/Win64/
LogInit: Rocket: 1
[2014.11.18-15.53.27:157][  0]LogTaskGraph: Started task graph with 3 named threads and 4 total threads.
[2014.11.18-15.53.27:187][  0]LogOnline:Warning: No default platform service specified for OnlineSubsystem
[2014.11.18-15.53.27:201][  0]LogInit: Presizing for 0 objects not considered by GC, pre-allocating 0 bytes.
[2014.11.18-15.53.27:208][  0]LogInit: Object subsystem initialized
[2014.11.18-15.53.27:211][  0]LogConsoleResponse:Warning: Skipping Unknown console variable: 'UIScaleRule = ShortestSide'
[2014.11.18-15.53.27:211][  0]LogConsoleResponse:Warning:   Found in ini file 'E:/Mobile Program Files/Study-Session/Trial_third_person/Saved/Config/Windows/Engine.ini', in section '[/Script/Engine.RendererSettings]'
[2014.11.18-15.53.27:211][  0]LogConsoleResponse:Warning: Skipping Unknown console variable: 'UIScaleCurve = (EditorCurveData=(Keys=((Time=480.000000,Value=0.444000),(Time=720.000000,Value=0.666000),(Time=1080.000000,Value=1.000000),(Time=8640.000000,Value=8.000000))),ExternalCurve=None)'
[2014.11.18-15.53.27:211][  0]LogConsoleResponse:Warning:   Found in ini file 'E:/Mobile Program Files/Study-Session/Trial_third_person/Saved/Config/Windows/Engine.ini', in section '[/Script/Engine.RendererSettings]'
[2014.11.18-15.53.27:211][  0]LogInit: Selected Device Profile: [Windows]
[2014.11.18-15.53.27:211][  0]LogInit: Applying CVar settings loaded from the selected device profile: [Windows]
[2014.11.18-15.53.27:215][  0]LogInit: Computer: WINDOWSONAMAC
[2014.11.18-15.53.27:215][  0]LogInit: User: Jacob
[2014.11.18-15.53.27:216][  0]LogInit: CPU Page size=4096, Cores=4
[2014.11.18-15.53.27:217][  0]LogInit: High frequency timer resolution =2.240912 MHz
[2014.11.18-15.53.27:217][  0]LogMemory: Memory total: Physical=15.9GB (16GB approx) Virtual=131072.0GB
[2014.11.18-15.53.27:217][  0]LogMemory: Platform Memory Stats for Windows
[2014.11.18-15.53.27:217][  0]LogMemory: Process Physical Memory: 62.89 MB used, 62.89 MB peak
[2014.11.18-15.53.27:217][  0]LogMemory: Process Virtual Memory: 38.46 MB used, 38.46 MB peak
[2014.11.18-15.53.27:217][  0]LogMemory: Physical Memory: 4244.18 MB used, 16292.25 MB total
[2014.11.18-15.53.27:217][  0]LogMemory: Virtual Memory: 287.96 MB used, 134217728.00 MB total
[2014.11.18-15.53.27:239][  0]LogD3D11RHI: Found D3D11 adapter 0: NVIDIA GeForce GT 750M    (Feature Level 11_0)
[2014.11.18-15.53.27:239][  0]LogD3D11RHI: Adapter has 1985MB of dedicated video memory, 0MB of dedicated system memory, and 2048MB of shared system memory, 1 output[s]
[2014.11.18-15.53.27:240][  0]LogD3D11RHI: Found D3D11 adapter 1: Microsoft Basic Render Driver (Feature Level 11_0)
[2014.11.18-15.53.27:240][  0]LogD3D11RHI: Adapter has 0MB of dedicated video memory, 0MB of dedicated system memory, and 256MB of shared system memory, 0 output[s]
[2014.11.18-15.53.27:240][  0]LogD3D11RHI: Chosen D3D11 Adapter Id = 0
[2014.11.18-15.53.27:243][  0]LogRHI: Texture pool is 1361 MB (70% of 1945 MB)
[2014.11.18-15.53.27:253][  0]LogD3D11RHI: Async texture creation enabled
[2014.11.18-15.53.27:300][  0]LogTextLocalizationManager: The requested culture ('en_US') has no localization data; parent culture's ('en') localization data will be used.
[2014.11.18-15.53.27:417][  0]LogContentStreaming: Texture pool size is 0.000000MB
[2014.11.18-15.53.31:225][  0]LogTargetPlatformManager:Display: Building Assets For Windows
[2014.11.18-15.53.31:552][  0]LogTargetPlatformManager:Display: Building Assets For Windows
[2014.11.18-15.53.31:592][  0]LogDerivedDataCache:Display: Max Cache Size: 512 MB
[2014.11.18-15.53.31:625][  0]LogDerivedDataCache: Loaded boot cache 0.03s 39MB C:/Users/Jacob/AppData/Local/UnrealEngine/4.5/DerivedDataCache/Boot.ddc.
[2014.11.18-15.53.31:625][  0]LogDerivedDataCache:Display: Loaded Boot cache: C:/Users/Jacob/AppData/Local/UnrealEngine/4.5/DerivedDataCache/Boot.ddc
[2014.11.18-15.53.31:625][  0]LogDerivedDataCache: FDerivedDataBackendGraph:  Pak pak cache file E:/Mobile Program Files/Study-Session/Trial_third_person/DerivedDataCache/DDC.ddp not found, will not use a pak cache.
[2014.11.18-15.53.31:625][  0]LogDerivedDataCache: Unable to find inner node Pak for hierarchical cache Hierarchy.
[2014.11.18-15.53.31:679][  0]LogDerivedDataCache:Display: Pak cache opened for reading ../../../Engine/DerivedDataCache/DDC.ddp.
[2014.11.18-15.53.31:691][  0]LogDerivedDataCache: Using Local data cache path C:/Users/Jacob/AppData/Local/UnrealEngine/Common/DerivedDataCache: Writable
[2014.11.18-15.53.31:827][  0]LogMeshUtilities: No automatic mesh reduction module available
[2014.11.18-15.53.31:827][  0]LogMeshUtilities: No automatic mesh merging module available
[2014.11.18-15.53.32:057][  0]LogLinker:Warning: Asset '../../../Engine/Content/Functions/Engine_MaterialFunctions02/Texturing/FlipBook.uasset' has been saved with empty engine version. The asset will be loaded but may be incompatible.
[2014.11.18-15.53.32:060][  0]LogLinker:Warning: Asset '../../../Engine/Content/Functions/Engine_MaterialFunctions02/ExampleContent/Textures/flipbook.uasset' has been saved with empty engine version. The asset will be loaded but may be incompatible.
[2014.11.18-15.53.32:205][  0]LogInit: WinSock: version 1.1 (2.2), MaxSocks=32767, MaxUdp=65467
[2014.11.18-15.53.32:849][  0]UdpMessaging: Initializing bridge on interface 0.0.0.0:0 to multicast group 230.0.0.1:6666.
[2014.11.18-15.53.32:991][  0]LogDirectoryWatcher:Warning: Failed to begin reading directory changes for E:/Mobile Program Files/Study-Session/Trial_third_person/Binaries/Win64. Error: 0
[2014.11.18-15.53.33:082][  0]SourceControl: Info Source control is disabled
[2014.11.18-15.53.33:082][  0]SourceControl: Info Source control is disabled
[2014.11.18-15.53.33:087][  0]SourceControl: Info Source control is disabled
[2014.11.18-15.53.33:167][  0]LogObj: 22915 objects as part of root set at end of initial load.
[2014.11.18-15.53.33:167][  0]LogUObjectAllocator: 4803544 out of 0 bytes used by permanent object pool.
[2014.11.18-15.53.33:214][  0]LogEngine: Initializing Engine...
[2014.11.18-15.53.33:315][  0]LogInit: XAudio2 using 'Speakers (Cirrus Logic CS4208 (AB 94))' : 4 channels at 48 kHz using 32 bits per sample (channel mask 0x33)
[2014.11.18-15.53.33:320][  0]LogInit: FAudioDevice initialized.
[2014.11.18-15.53.33:335][  0]LogAIModule: Creating AISystem for world NewWorld
[2014.11.18-15.53.33:353][  0]LogDerivedDataCache: Saved boot cache 0.02s 39MB C:/Users/Jacob/AppData/Local/UnrealEngine/4.5/DerivedDataCache/Boot.ddc.
[2014.11.18-15.53.33:357][  0]LogInit: Texture streaming: Enabled
[2014.11.18-15.53.33:392][  0]LogInit: Transaction tracking system initialized
[2014.11.18-15.53.33:454][  0]BlueprintLog: New page: Editor Load
[2014.11.18-15.53.33:480][  0]LogAssetRegistry: FAssetRegistry took 0.0103 seconds to start up
[2014.11.18-15.53.33:480][  0]LogDirectoryWatcher:Warning: Failed to begin reading directory changes for ../../../Engine/Plugins/Experimental/CharacterAI/Content/. Error: 0
[2014.11.18-15.53.33:824][  0]LogTargetPlatformManager:Display: Building Assets For Windows
[2014.11.18-15.53.34:089][  0]LogTargetPlatformManager:Display: Building Assets For Windows
[2014.11.18-15.53.34:257][  0]LogConsoleResponse:Display: 
[2014.11.18-15.53.34:396][  0]SourceControl: Info Source control is disabled
[2014.11.18-15.53.34:396][  0]Cmd: MAP LOAD FILE="E:/Mobile Program Files/Study-Session/Trial_third_person/Content/Maps/Example_Map.umap" TEMPLATE=0 SHOWPROGRESS=1
[2014.11.18-15.53.34:466][  0]LightingResults: New page: Lighting Build
[2014.11.18-15.53.34:473][  0]MapCheck: New page: Map Check
[2014.11.18-15.53.34:473][  0]LightingResults: New page: Lighting Build
[2014.11.18-15.53.34:485][  0]LogParticles: Destroying 0 GPU particle simulations for FXSystem 0x000000B514355A80
[2014.11.18-15.53.34:944][  0]LogTexture:Display: Building textures: HQ_Lightmap0_1 (AutoDXT)
[2014.11.18-15.53.35:138][  0]LogTexture:Display: Building textures: HQ_Lightmap0_2 (AutoDXT)
[2014.11.18-15.53.35:151][  0]LogTexture:Display: Building textures: LQ_Lightmap_0_1 (DXT1)
[2014.11.18-15.53.35:218][  0]LogTexture:Display: Building textures: LQ_Lightmap_0_2 (DXT1)
[2014.11.18-15.53.35:227][  0]LogTexture:Display: Building textures: ShadowMapTexture2D_0 (BGRA8)
[2014.11.18-15.53.35:249][  0]LogTexture:Display: Building textures: ShadowMapTexture2D_1 (BGRA8)
[2014.11.18-15.53.35:279][  0]LogEditorServer: Finished looking for orphan Actors (0.000 secs)
[2014.11.18-15.53.35:279][  0]LogAIModule: Creating AISystem for world Example_Map
[2014.11.18-15.53.35:279][  0]Cmd: MAP CHECKDEP
[2014.11.18-15.53.35:279][  0]MapCheck: New page: Example_Map - Nov 17, 2014, 11:53:35 PM
[2014.11.18-15.53.35:343][  0]MapCheck: Info Map check complete: 0 Error(s), 0 Warning(s), took 63.417ms to complete.
[2014.11.18-15.53.35:343][  0]LogFileHelpers: Loading map 'Example_Map' took 0.946
[2014.11.18-15.53.35:416][  0]LogCollectionManager: Loaded 0 collections in 0.000829 seconds
[2014.11.18-15.53.35:525][  0]LogCrashTracker: Crashtracker disabled due to settings.
[2014.11.18-15.53.35:539][  0]LogUObjectGlobals:Warning: Failed to find object 'Class None.'
[2014.11.18-15.53.35:564][  0]LogLoad: Full Startup: 10.50 seconds (BP compile: 0.05 seconds)
[2014.11.18-15.53.35:576][  0]LogContentBrowser:Verbose: The content browser source was changed by the sources view to '/Game/Blueprints'
[2014.11.18-15.53.35:698][  0]LogRenderer:Warning: Reallocating scene render targets to support 784x728.
[2014.11.18-15.53.41:363][651]LogAssetRegistry: Asset discovery search completed in 7.8930 seconds
[2014.11.18-15.54.34:178][421]LogContentBrowser:Verbose: The content browser source was changed by the sources view to '/Game/Maps'
[2014.11.18-15.54.41:840][151]LogTexture:Display: Building textures: HQ_Lightmap0_2 (AutoDXT)
[2014.11.18-15.54.41:877][151]LogTexture:Display: Building textures: HQ_Lightmap0_3 (AutoDXT)
[2014.11.18-15.54.41:900][151]LogTexture:Display: Building textures: HQ_Lightmap0_4 (AutoDXT)
[2014.11.18-15.54.41:909][151]LogTexture:Display: Building textures: HQ_Lightmap0_5 (AutoDXT)
[2014.11.18-15.54.41:913][151]LogTexture:Display: Building textures: HQ_Lightmap1_1 (AutoDXT)
[2014.11.18-15.54.41:949][151]LogTexture:Display: Building textures: LQ_Lightmap_0_2 (DXT1)
[2014.11.18-15.54.41:965][151]LogTexture:Display: Building textures: LQ_Lightmap_0_3 (DXT1)
[2014.11.18-15.54.41:980][151]LogTexture:Display: Building textures: LQ_Lightmap_0_4 (DXT1)
[2014.11.18-15.54.41:984][151]LogTexture:Display: Building textures: LQ_Lightmap_0_5 (DXT1)
[2014.11.18-15.54.41:987][151]LogTexture:Display: Building textures: LQ_Lightmap_1_1 (DXT1)
[2014.11.18-15.54.42:005][151]LogTexture:Display: Building textures: ShadowMapTexture2D_1 (BGRA8)
[2014.11.18-15.54.42:013][151]LogTexture:Display: Building textures: ShadowMapTexture2D_2 (BGRA8)
[2014.11.18-15.54.42:021][151]LogTexture:Display: Building textures: ShadowMapTexture2D_3 (BGRA8)
[2014.11.18-15.54.42:028][151]LogTexture:Display: Building textures: ShadowMapTexture2D_4 (BGRA8)
[2014.11.18-15.54.42:035][151]LogTexture:Display: Building textures: ShadowMapTexture2D_5 (BGRA8)
[2014.11.18-15.54.42:060][151]LogActorComponent: UnregisterComponent: (/Engine/Transient.CharacterMovementComponent_0) Not registered. Aborting.
[2014.11.18-15.54.42:083][151]LogParticles: Destroying 0 GPU particle simulations for FXSystem 0x000000B51D49C540
[2014.11.18-15.54.42:092][151]Cmd: MAP LOAD FILE="E:/Mobile Program Files/Study-Session/Trial_third_person/Content/Maps/LivingRoom.umap" TEMPLATE=0 SHOWPROGRESS=1
[2014.11.18-15.54.42:092][151]LightingResults: New page: Lighting Build
[2014.11.18-15.54.42:118][151]LoadErrors: New page: Loading map: LivingRoom.umap
[2014.11.18-15.54.42:118][151]MapCheck: New page: Map Check
[2014.11.18-15.54.42:118][151]LightingResults: New page: Lighting Build
[2014.11.18-15.54.42:133][151]LogParticles: Destroying 0 GPU particle simulations for FXSystem 0x000000B50BEBCC20
[2014.11.18-15.54.42:142][151]LogEditorServer: Finished looking for orphan Actors (0.000 secs)
[2014.11.18-15.54.42:142][151]LogAIModule: Creating AISystem for world LivingRoom
[2014.11.18-15.54.42:153][151]Cmd: MAP CHECKDEP
[2014.11.18-15.54.42:153][151]MapCheck: New page: LivingRoom - Nov 17, 2014, 11:54:42 PM
[2014.11.18-15.54.42:235][151]MapCheck: Info Map check complete: 0 Error(s), 0 Warning(s), took 81.916ms to complete.
[2014.11.18-15.54.42:235][151]LogFileHelpers: Loading map 'LivingRoom' took 0.144
[2014.11.18-15.54.50:119][957]LogTexture:Display: Building textures: HQ_Lightmap0_10 (AutoDXT)
[2014.11.18-15.54.50:122][957]LogTexture:Display: Building textures: HQ_Lightmap0_11 (AutoDXT)
[2014.11.18-15.54.50:134][957]LogTexture:Display: Building textures: HQ_Lightmap0_2 (AutoDXT)
[2014.11.18-15.54.50:349][957]LogTexture:Display: Building textures: HQ_Lightmap0_3 (AutoDXT)
[2014.11.18-15.54.50:528][957]LogTexture:Display: Building textures: HQ_Lightmap0_4 (AutoDXT)
[2014.11.18-15.54.50:692][957]LogTexture:Display: Building textures: HQ_Lightmap0_5 (AutoDXT)
[2014.11.18-15.54.50:795][957]LogTexture:Display: Building textures: HQ_Lightmap0_6 (AutoDXT)
[2014.11.18-15.54.50:949][957]LogTexture:Display: Building textures: HQ_Lightmap0_7 (AutoDXT)
[2014.11.18-15.54.51:168][957]LogTexture:Display: Building textures: HQ_Lightmap0_8 (AutoDXT)
[2014.11.18-15.54.51:312][957]LogTexture:Display: Building textures: HQ_Lightmap0_9 (AutoDXT)
[2014.11.18-15.54.51:367][957]LogTexture:Display: Building textures: HQ_Lightmap1_1 (AutoDXT)
[2014.11.18-15.54.51:453][957]LogTexture:Display: Building textures: LQ_Lightmap_0_10 (DXT1)
[2014.11.18-15.54.51:455][957]LogTexture:Display: Building textures: LQ_Lightmap_0_11 (DXT1)
[2014.11.18-15.54.51:471][957]LogTexture:Display: Building textures: LQ_Lightmap_0_2 (DXT1)
[2014.11.18-15.54.51:552][957]LogTexture:Display: Building textures: LQ_Lightmap_0_3 (DXT1)
[2014.11.18-15.54.51:615][957]LogTexture:Display: Building textures: LQ_Lightmap_0_4 (DXT1)
[2014.11.18-15.54.51:691][957]LogTexture:Display: Building textures: LQ_Lightmap_0_5 (DXT1)
[2014.11.18-15.54.51:743][957]LogTexture:Display: Building textures: LQ_Lightmap_0_6 (DXT1)
[2014.11.18-15.54.51:779][957]LogTexture:Display: Building textures: LQ_Lightmap_0_7 (DXT1)
[2014.11.18-15.54.51:879][957]LogTexture:Display: Building textures: LQ_Lightmap_0_8 (DXT1)
[2014.11.18-15.54.51:947][957]LogTexture:Display: Building textures: LQ_Lightmap_0_9 (DXT1)
[2014.11.18-15.54.51:981][957]LogTexture:Display: Building textures: LQ_Lightmap_1_1 (DXT1)
[2014.11.18-15.54.52:029][957]LogTexture:Display: Building textures: ShadowMapTexture2D_10 (BGRA8)
[2014.11.18-15.54.52:044][957]LogTexture:Display: Building textures: ShadowMapTexture2D_11 (BGRA8)
[2014.11.18-15.54.52:071][957]LogTexture:Display: Building textures: ShadowMapTexture2D_12 (BGRA8)
[2014.11.18-15.54.52:078][957]LogTexture:Display: Building textures: ShadowMapTexture2D_13 (BGRA8)
[2014.11.18-15.54.52:084][957]LogTexture:Display: Building textures: ShadowMapTexture2D_14 (BGRA8)
[2014.11.18-15.54.52:086][957]LogTexture:Display: Building textures: ShadowMapTexture2D_15 (BGRA8)
[2014.11.18-15.54.52:096][957]LogTexture:Display: Building textures: ShadowMapTexture2D_6 (BGRA8)
[2014.11.18-15.54.52:129][957]LogTexture:Display: Building textures: ShadowMapTexture2D_7 (BGRA8)
[2014.11.18-15.54.52:152][957]LogTexture:Display: Building textures: ShadowMapTexture2D_8 (BGRA8)
[2014.11.18-15.54.52:159][957]LogTexture:Display: Building textures: ShadowMapTexture2D_9 (BGRA8)
[2014.11.18-15.54.52:216][957]Cmd: MAP LOAD FILE="E:/Mobile Program Files/Study-Session/Trial_third_person/Content/Maps/Mansion.umap" TEMPLATE=0 SHOWPROGRESS=1
[2014.11.18-15.54.52:216][957]LightingResults: New page: Lighting Build
[2014.11.18-15.54.52:245][957]LoadErrors: New page: Loading map: Mansion.umap
[2014.11.18-15.54.52:246][957]MapCheck: New page: Map Check
[2014.11.18-15.54.52:246][957]LightingResults: New page: Lighting Build
[2014.11.18-15.54.52:259][957]LogParticles: Destroying 0 GPU particle simulations for FXSystem 0x000000B5163E2980
[2014.11.18-15.54.52:271][957]LogEditorServer: Finished looking for orphan Actors (0.000 secs)
[2014.11.18-15.54.52:271][957]LogAIModule: Creating AISystem for world Mansion
[2014.11.18-15.54.52:282][957]Cmd: MAP CHECKDEP
[2014.11.18-15.54.52:282][957]MapCheck: New page: Mansion - Nov 17, 2014, 11:54:52 PM
[2014.11.18-15.54.52:363][957]MapCheck: Info Map check complete: 0 Error(s), 0 Warning(s), took 80.974ms to complete.
[2014.11.18-15.54.52:363][957]LogFileHelpers: Loading map 'Mansion' took 0.148
[2014.11.18-15.55.00:832][464]BlueprintLog: New page: Pre-PIE auto-recompile
[2014.11.18-15.55.00:832][464]LogPlayLevel: [PIE] Compiling Tutorial_BP_MacroLib before PIE...
[2014.11.18-15.55.00:885][464]LogPlayLevel: PIE:  Blueprint regeneration took 52 ms (1 blueprints)
[2014.11.18-15.55.00:885][464]PIE: New page: PIE session: Mansion (Nov 17, 2014, 11:55:00 PM)
[2014.11.18-15.55.00:896][464]LogPlayLevel: PIE: StaticDuplicateObject took: (0.011143s)
[2014.11.18-15.55.00:896][464]LogPlayLevel: PIE: World Init took: (0.000386s)
[2014.11.18-15.55.00:897][464]LogPlayLevel: PIE: Created PIE world by copying editor world from /Game/Maps/Mansion.Mansion to /Game/Maps/UEDPIE_0_Mansion.Mansion (0.011675s)
[2014.11.18-15.55.00:945][464]LogWorld: Game class is 'MyGame_C'
[2014.11.18-15.55.00:951][464]LogAIModule: Creating AISystem for world Mansion
[2014.11.18-15.55.00:953][464]LogWorld: Bringing World /Game/Maps/UEDPIE_0_Mansion.Mansion up for play (max tick rate 60) at 2014.11.18-07.55.00
[2014.11.18-15.55.00:953][464]LogWorld: Bringing up level for play took: 0.002721
[2014.11.18-15.55.00:959][464]PIE: Info Play in editor start time for /Game/Maps/UEDPIE_0_Mansion -0.494
[2014.11.18-15.55.13:794][229]LogParticles: Destroying 0 GPU particle simulations for FXSystem 0x000000B51CDA77E0
[2014.11.18-15.55.15:086][299]Cmd: MAP LOAD FILE="E:/Mobile Program Files/Study-Session/Trial_third_person/Content/Maps/Example_Map.umap" TEMPLATE=0 SHOWPROGRESS=1
[2014.11.18-15.55.15:086][299]LightingResults: New page: Lighting Build
[2014.11.18-15.55.15:113][299]LoadErrors: New page: Loading map: Example_Map.umap
[2014.11.18-15.55.15:113][299]MapCheck: New page: Map Check
[2014.11.18-15.55.15:113][299]LightingResults: New page: Lighting Build
[2014.11.18-15.55.15:134][299]LogParticles: Destroying 0 GPU particle simulations for FXSystem 0x000000B50B5507C0
[2014.11.18-15.55.15:149][299]LogEditorServer: Finished looking for orphan Actors (0.000 secs)
[2014.11.18-15.55.15:149][299]LogAIModule: Creating AISystem for world Example_Map
[2014.11.18-15.55.15:161][299]Cmd: MAP CHECKDEP
[2014.11.18-15.55.15:161][299]MapCheck: New page: Example_Map - Nov 17, 2014, 11:55:15 PM
[2014.11.18-15.55.15:243][299]MapCheck: Info Map check complete: 0 Error(s), 0 Warning(s), took 81.768ms to complete.
[2014.11.18-15.55.15:243][299]LogFileHelpers: Loading map 'Example_Map' took 0.159
[2014.11.18-15.55.18:067][462]LogLinker:Warning: Can't find file '/Game/ArchVis/Textures/T_Anisotrophic_M'
[2014.11.18-15.55.18:067][462]LogLinker:Warning: Can't find file for asset '/Game/ArchVis/Textures/T_Anisotrophic_M' while loading E:/Mobile Program Files/Study-Session/Trial_third_person/Content/StarterContent/Mesh/Materials/M_Door_MAT.uasset.
[2014.11.18-15.55.18:067][462]LoadErrors:Error: Error /Game/StarterContent/Mesh/Materials/M_Door_MAT : Can't find file for asset. /Game/ArchVis/Textures/T_Anisotrophic_M
[2014.11.18-15.55.18:067][462]LogLinker:Warning: Can't find file '/Game/ArchVis/Textures/T_Anisotrophic_N'
[2014.11.18-15.55.18:067][462]LogLinker:Warning: Can't find file for asset '/Game/ArchVis/Textures/T_Anisotrophic_N' while loading E:/Mobile Program Files/Study-Session/Trial_third_person/Content/StarterContent/Mesh/Materials/M_Door_MAT.uasset.
[2014.11.18-15.55.18:067][462]LoadErrors:Error: Error /Game/StarterContent/Mesh/Materials/M_Door_MAT : Can't find file for asset. /Game/ArchVis/Textures/T_Anisotrophic_N
[2014.11.18-15.55.18:067][462]LogLinker:Warning: Can't find file '/Game/ArchVis/Textures/T_Door_AOMask'
[2014.11.18-15.55.18:067][462]LogLinker:Warning: Can't find file for asset '/Game/ArchVis/Textures/T_Door_AOMask' while loading E:/Mobile Program Files/Study-Session/Trial_third_person/Content/StarterContent/Mesh/Materials/M_Door_MAT.uasset.
[2014.11.18-15.55.18:067][462]LoadErrors:Error: Error /Game/StarterContent/Mesh/Materials/M_Door_MAT : Can't find file for asset. /Game/ArchVis/Textures/T_Door_AOMask
[2014.11.18-15.55.18:068][462]LogLinker:Warning: Can't find file '/Game/ArchVis/Textures/T_Door_M'
[2014.11.18-15.55.18:068][462]LogLinker:Warning: Can't find file for asset '/Game/ArchVis/Textures/T_Door_M' while loading E:/Mobile Program Files/Study-Session/Trial_third_person/Content/StarterContent/Mesh/Materials/M_Door_MAT.uasset.
[2014.11.18-15.55.18:068][462]LoadErrors:Error: Error /Game/StarterContent/Mesh/Materials/M_Door_MAT : Can't find file for asset. /Game/ArchVis/Textures/T_Door_M
[2014.11.18-15.55.18:068][462]LogLinker:Warning: Can't find file '/Game/ArchVis/Textures/T_Door_N'
[2014.11.18-15.55.18:068][462]LogLinker:Warning: Can't find file for asset '/Game/ArchVis/Textures/T_Door_N' while loading E:/Mobile Program Files/Study-Session/Trial_third_person/Content/StarterContent/Mesh/Materials/M_Door_MAT.uasset.
[2014.11.18-15.55.18:068][462]LoadErrors:Error: Error /Game/StarterContent/Mesh/Materials/M_Door_MAT : Can't find file for asset. /Game/ArchVis/Textures/T_Door_N
[2014.11.18-15.55.18:068][462]LogLinker:Warning: Can't find file '/Game/ArchVis/Textures/T_Wood'
[2014.11.18-15.55.18:068][462]LogLinker:Warning: Can't find file for asset '/Game/ArchVis/Textures/T_Wood' while loading E:/Mobile Program Files/Study-Session/Trial_third_person/Content/StarterContent/Mesh/Materials/M_Door_MAT.uasset.
[2014.11.18-15.55.18:068][462]LoadErrors:Error: Error /Game/StarterContent/Mesh/Materials/M_Door_MAT : Can't find file for asset. /Game/ArchVis/Textures/T_Wood
[2014.11.18-15.55.18:069][462]LogLinker:Warning: Can't find file '/Game/ArchVis/Textures/T_Wood_S'
[2014.11.18-15.55.18:069][462]LogLinker:Warning: Can't find file for asset '/Game/ArchVis/Textures/T_Wood_S' while loading E:/Mobile Program Files/Study-Session/Trial_third_person/Content/StarterContent/Mesh/Materials/M_Door_MAT.uasset.
[2014.11.18-15.55.18:069][462]LoadErrors:Error: Error /Game/StarterContent/Mesh/Materials/M_Door_MAT : Can't find file for asset. /Game/ArchVis/Textures/T_Wood_S
[2014.11.18-15.55.18:069][462]LogLinker:Warning: Can't find file '/Game/ArchVis/Textures/T_Anisotrophic_M'
[2014.11.18-15.55.18:069][462]LogLinker:Warning: Can't find file for asset '/Game/ArchVis/Textures/T_Anisotrophic_M' while loading E:/Mobile Program Files/Study-Session/Trial_third_person/Content/StarterContent/Mesh/Materials/M_Door_MAT.uasset.
[2014.11.18-15.55.18:069][462]LogLinker:Warning: Can't find file '/Game/ArchVis/Textures/T_Anisotrophic_N'
[2014.11.18-15.55.18:069][462]LogLinker:Warning: Can't find file for asset '/Game/ArchVis/Textures/T_Anisotrophic_N' while loading E:/Mobile Program Files/Study-Session/Trial_third_person/Content/StarterContent/Mesh/Materials/M_Door_MAT.uasset.
[2014.11.18-15.55.18:069][462]LogLinker:Warning: Can't find file '/Game/ArchVis/Textures/T_Door_AOMask'
[2014.11.18-15.55.18:069][462]LogLinker:Warning: Can't find file for asset '/Game/ArchVis/Textures/T_Door_AOMask' while loading E:/Mobile Program Files/Study-Session/Trial_third_person/Content/StarterContent/Mesh/Materials/M_Door_MAT.uasset.
[2014.11.18-15.55.18:070][462]LogLinker:Warning: Can't find file '/Game/ArchVis/Textures/T_Door_M'
[2014.11.18-15.55.18:070][462]LogLinker:Warning: Can't find file for asset '/Game/ArchVis/Textures/T_Door_M' while loading E:/Mobile Program Files/Study-Session/Trial_third_person/Content/StarterContent/Mesh/Materials/M_Door_MAT.uasset.
[2014.11.18-15.55.18:070][462]LogLinker:Warning: Can't find file '/Game/ArchVis/Textures/T_Door_N'
[2014.11.18-15.55.18:070][462]LogLinker:Warning: Can't find file for asset '/Game/ArchVis/Textures/T_Door_N' while loading E:/Mobile Program Files/Study-Session/Trial_third_person/Content/StarterContent/Mesh/Materials/M_Door_MAT.uasset.
[2014.11.18-15.55.18:070][462]LogLinker:Warning: Can't find file '/Game/ArchVis/Textures/T_Wood'
[2014.11.18-15.55.18:070][462]LogLinker:Warning: Can't find file for asset '/Game/ArchVis/Textures/T_Wood' while loading E:/Mobile Program Files/Study-Session/Trial_third_person/Content/StarterContent/Mesh/Materials/M_Door_MAT.uasset.
[2014.11.18-15.55.18:070][462]LogLinker:Warning: Can't find file '/Game/ArchVis/Textures/T_Wood_S'
[2014.11.18-15.55.18:070][462]LogLinker:Warning: Can't find file for asset '/Game/ArchVis/Textures/T_Wood_S' while loading E:/Mobile Program Files/Study-Session/Trial_third_person/Content/StarterContent/Mesh/Materials/M_Door_MAT.uasset.
[2014.11.18-15.55.18:089][462]LogLinker:Warning: Can't find file '/Game/ArchVis/Materials/MI_Couch_NOSSS_Mat_Inst'
[2014.11.18-15.55.18:089][462]LogLinker:Warning: Can't find file for asset '/Game/ArchVis/Materials/MI_Couch_NOSSS_Mat_Inst' while loading E:/Mobile Program Files/Study-Session/Trial_third_person/Content/StarterContent/Mesh/SM_Couch_1seat.uasset.
[2014.11.18-15.55.18:089][462]LoadErrors:Error: Error /Game/StarterContent/Mesh/SM_Couch_1seat : Can't find file for asset. /Game/ArchVis/Materials/MI_Couch_NOSSS_Mat_Inst
[2014.11.18-15.55.18:089][462]LogLinker:Warning: Can't find file '/Game/ArchVis/Materials/MI_Couch_NOSSS_Mat_Inst'
[2014.11.18-15.55.18:089][462]LogLinker:Warning: Can't find file for asset '/Game/ArchVis/Materials/MI_Couch_NOSSS_Mat_Inst' while loading E:/Mobile Program Files/Study-Session/Trial_third_person/Content/StarterContent/Mesh/SM_Couch_1seat.uasset.
[2014.11.18-15.55.18:103][462]LogLinker:Warning: Can't find file '/Game/ArchVis/Materials/M_Door_MAT_Inst'
[2014.11.18-15.55.18:103][462]LogLinker:Warning: Can't find file for asset '/Game/ArchVis/Materials/M_Door_MAT_Inst' while loading E:/Mobile Program Files/Study-Session/Trial_third_person/Content/StarterContent/Mesh/SM_Door.uasset.
[2014.11.18-15.55.18:103][462]LoadErrors:Error: Error /Game/StarterContent/Mesh/SM_Door : Can't find file for asset. /Game/ArchVis/Materials/M_Door_MAT_Inst
[2014.11.18-15.55.18:104][462]LogLinker:Warning: Can't find file '/Game/ArchVis/Materials/M_Door_MAT_Inst'
[2014.11.18-15.55.18:104][462]LogLinker:Warning: Can't find file for asset '/Game/ArchVis/Materials/M_Door_MAT_Inst' while loading E:/Mobile Program Files/Study-Session/Trial_third_person/Content/StarterContent/Mesh/SM_Door.uasset.
[2014.11.18-15.55.18:137][462]LogLinker:Warning: Can't find file '/Game/ArchVis/Textures/T_Door_N'
[2014.11.18-15.55.18:137][462]LoadErrors: Info Failed to load /Game/ArchVis/Textures/T_Door_N.T_Door_N Referenced by M_Door_MAT
[2014.11.18-15.55.18:137][462]LogLinker:Warning: Can't find file for asset '/Game/ArchVis/Textures/T_Door_N' while loading NULL.
[2014.11.18-15.55.18:137][462]LogLinker:Warning: Can't find file '/Game/ArchVis/Textures/T_Door_M'
[2014.11.18-15.55.18:137][462]LoadErrors: Info Failed to load /Game/ArchVis/Textures/T_Door_M.T_Door_M Referenced by M_Door_MAT
[2014.11.18-15.55.18:137][462]LogLinker:Warning: Can't find file for asset '/Game/ArchVis/Textures/T_Door_M' while loading NULL.
[2014.11.18-15.55.18:137][462]LogLinker:Warning: Can't find file '/Game/ArchVis/Textures/T_Anisotrophic_N'
[2014.11.18-15.55.18:137][462]LoadErrors: Info Failed to load /Game/ArchVis/Textures/T_Anisotrophic_N.T_Anisotrophic_N Referenced by M_Door_MAT
[2014.11.18-15.55.18:138][462]LogLinker:Warning: Can't find file for asset '/Game/ArchVis/Textures/T_Anisotrophic_N' while loading NULL.
[2014.11.18-15.55.18:138][462]LogLinker:Warning: Can't find file '/Game/ArchVis/Textures/T_Wood'
[2014.11.18-15.55.18:138][462]LoadErrors: Info Failed to load /Game/ArchVis/Textures/T_Wood.T_Wood Referenced by M_Door_MAT
[2014.11.18-15.55.18:138][462]LogLinker:Warning: Can't find file for asset '/Game/ArchVis/Textures/T_Wood' while loading NULL.
[2014.11.18-15.55.18:138][462]LogLinker:Warning: Can't find file '/Game/ArchVis/Textures/T_Door_AOMask'
[2014.11.18-15.55.18:138][462]LoadErrors: Info Failed to load /Game/ArchVis/Textures/T_Door_AOMask.T_Door_AOMask Referenced by M_Door_MAT
[2014.11.18-15.55.18:138][462]LogLinker:Warning: Can't find file for asset '/Game/ArchVis/Textures/T_Door_AOMask' while loading NULL.
[2014.11.18-15.55.18:138][462]LogLinker:Warning: Can't find file '/Game/ArchVis/Textures/T_Anisotrophic_M'
[2014.11.18-15.55.18:138][462]LoadErrors: Info Failed to load /Game/ArchVis/Textures/T_Anisotrophic_M.T_Anisotrophic_M Referenced by M_Door_MAT
[2014.11.18-15.55.18:139][462]LogLinker:Warning: Can't find file for asset '/Game/ArchVis/Textures/T_Anisotrophic_M' while loading NULL.
[2014.11.18-15.55.18:139][462]LogLinker:Warning: Can't find file '/Game/ArchVis/Textures/T_Door_AOMask'
[2014.11.18-15.55.18:139][462]LoadErrors: Info Failed to load /Game/ArchVis/Textures/T_Door_AOMask.T_Door_AOMask Referenced by MaterialExpressionTextureSample_0 Property /Script/Engine.MaterialExpressionTextureBase:Texture
[2014.11.18-15.55.18:139][462]LogLinker:Warning: Can't find file for asset '/Game/ArchVis/Textures/T_Door_AOMask' while loading NULL.
[2014.11.18-15.55.18:139][462]LogLinker:Warning: Can't find file '/Game/ArchVis/Textures/T_Door_M'
[2014.11.18-15.55.18:140][462]LoadErrors: Info Failed to load /Game/ArchVis/Textures/T_Door_M.T_Door_M Referenced by MaterialExpressionTextureSample_1 Property /Script/Engine.MaterialExpressionTextureBase:Texture
[2014.11.18-15.55.18:140][462]LogLinker:Warning: Can't find file for asset '/Game/ArchVis/Textures/T_Door_M' while loading NULL.
[2014.11.18-15.55.18:140][462]LogLinker:Warning: Can't find file '/Game/ArchVis/Textures/T_Door_N'
[2014.11.18-15.55.18:140][462]LoadErrors: Info Failed to load /Game/ArchVis/Textures/T_Door_N.T_Door_N Referenced by MaterialExpressionTextureSample_2 Property /Script/Engine.MaterialExpressionTextureBase:Texture
[2014.11.18-15.55.18:140][462]LogLinker:Warning: Can't find file for asset '/Game/ArchVis/Textures/T_Door_N' while loading NULL.
[2014.11.18-15.55.18:140][462]LogLinker:Warning: Can't find file '/Game/ArchVis/Textures/T_Wood'
[2014.11.18-15.55.18:140][462]LoadErrors: Info Failed to load /Game/ArchVis/Textures/T_Wood.T_Wood Referenced by MaterialExpressionTextureSample_3 Property /Script/Engine.MaterialExpressionTextureBase:Texture
[2014.11.18-15.55.18:140][462]LogLinker:Warning: Can't find file for asset '/Game/ArchVis/Textures/T_Wood' while loading NULL.
[2014.11.18-15.55.18:141][462]LogLinker:Warning: Can't find file '/Game/ArchVis/Textures/T_Wood_S'
[2014.11.18-15.55.18:141][462]LoadErrors: Info Failed to load /Game/ArchVis/Textures/T_Wood_S.T_Wood_S Referenced by MaterialExpressionTextureSample_4 Property /Script/Engine.MaterialExpressionTextureBase:Texture
[2014.11.18-15.55.18:141][462]LogLinker:Warning: Can't find file for asset '/Game/ArchVis/Textures/T_Wood_S' while loading NULL.
[2014.11.18-15.55.18:141][462]LogLinker:Warning: Can't find file '/Game/ArchVis/Textures/T_Anisotrophic_M'
[2014.11.18-15.55.18:141][462]LoadErrors: Info Failed to load /Game/ArchVis/Textures/T_Anisotrophic_M.T_Anisotrophic_M Referenced by MaterialExpressionTextureSample_7 Property /Script/Engine.MaterialExpressionTextureBase:Texture
[2014.11.18-15.55.18:141][462]LogLinker:Warning: Can't find file for asset '/Game/ArchVis/Textures/T_Anisotrophic_M' while loading NULL.
[2014.11.18-15.55.18:141][462]LogLinker:Warning: Can't find file '/Game/ArchVis/Textures/T_Anisotrophic_N'
[2014.11.18-15.55.18:141][462]LoadErrors: Info Failed to load /Game/ArchVis/Textures/T_Anisotrophic_N.T_Anisotrophic_N Referenced by MaterialExpressionTextureSample_8 Property /Script/Engine.MaterialExpressionTextureBase:Texture
[2014.11.18-15.55.18:142][462]LogLinker:Warning: Can't find file for asset '/Game/ArchVis/Textures/T_Anisotrophic_N' while loading NULL.
[2014.11.18-15.55.18:142][462]LogLinker:Warning: Can't find file '/Game/ArchVis/Materials/M_Door_MAT_Inst'
[2014.11.18-15.55.18:142][462]LoadErrors: Info Failed to load /Game/ArchVis/Materials/M_Door_MAT_Inst.M_Door_MAT_Inst Referenced by SM_Door Property /Script/Engine.StaticMesh:Materials
[2014.11.18-15.55.18:142][462]LogLinker:Warning: Can't find file for asset '/Game/ArchVis/Materials/M_Door_MAT_Inst' while loading NULL.
[2014.11.18-15.55.18:142][462]LogLinker:Warning: Can't find file '/Game/ArchVis/Materials/MI_Couch_NOSSS_Mat_Inst'
[2014.11.18-15.55.18:142][462]LoadErrors: Info Failed to load /Game/ArchVis/Materials/MI_Couch_NOSSS_Mat_Inst.MI_Couch_NOSSS_Mat_Inst Referenced by SM_Couch_1seat Property /Script/Engine.StaticMesh:Materials
[2014.11.18-15.55.18:143][462]LogLinker:Warning: Can't find file for asset '/Game/ArchVis/Materials/MI_Couch_NOSSS_Mat_Inst' while loading NULL.
[2014.11.18-15.55.18:143][462]LogLinker:Warning: Can't find file '/Game/ArchVis/Materials/MI_Couch_NOSSS_Mat_Inst'
[2014.11.18-15.55.18:143][462]LogLinker:Warning: Can't find file for asset '/Game/ArchVis/Materials/MI_Couch_NOSSS_Mat_Inst' while loading NULL.
[2014.11.18-15.55.18:228][462]LogMaterial: Missing cached shader map for material M_Door_MAT, compiling.
[2014.11.18-15.55.18:229][462]LogMaterial:Warning: Failed to compile Material /Game/StarterContent/Mesh/Materials/M_Door_MAT.M_Door_MAT for platform PCD3D_SM5, Default Material will be used in game.
[2014.11.18-15.55.18:229][462]LogMaterial:Warning: 	(Node TextureSample) TextureSample> Missing input texture
[2014.11.18-15.55.18:230][462]LogStaticMesh: Building static mesh SM_Couch_1seat...
[2014.11.18-15.55.18:269][462]LogStaticMesh: Built static mesh [40.710213ms] /Game/StarterContent/Mesh/SM_Couch_1seat.SM_Couch_1seat
[2014.11.18-15.55.18:283][462]LogStaticMesh: Building static mesh SM_Door...
[2014.11.18-15.55.18:303][462]LogStaticMesh: Built static mesh [21.452873ms] /Game/StarterContent/Mesh/SM_Door.SM_Door
[2014.11.18-15.55.18:351][462]LogTexture:Display: Building textures: HQ_Lightmap0_1 (AutoDXT)
[2014.11.18-15.55.18:913][462]LogTexture:Display: Building textures: HQ_Lightmap1_2 (AutoDXT)
[2014.11.18-15.55.19:729][462]LogTexture:Display: Building textures: HQ_Lightmap1_3 (AutoDXT)
[2014.11.18-15.55.20:102][462]LogTexture:Display: Building textures: HQ_Lightmap1_4 (AutoDXT)
[2014.11.18-15.55.20:128][462]LogTexture:Display: Building textures: LQ_Lightmap_0_1 (DXT1)
[2014.11.18-15.55.20:409][462]LogTexture:Display: Building textures: LQ_Lightmap_1_2 (DXT1)
[2014.11.18-15.55.20:807][462]LogTexture:Display: Building textures: LQ_Lightmap_1_3 (DXT1)
[2014.11.18-15.55.21:008][462]LogTexture:Display: Building textures: LQ_Lightmap_1_4 (DXT1)
[2014.11.18-15.55.21:019][462]LogTexture:Display: Building textures: ShadowMapTexture2D_18 (BGRA8)
[2014.11.18-15.55.21:074][462]LogTexture:Display: Building textures: ShadowMapTexture2D_19 (BGRA8)
[2014.11.18-15.55.21:235][462]Cmd: MAP LOAD FILE="E:/Mobile Program Files/Study-Session/Trial_third_person/Content/Maps/School.umap" TEMPLATE=0 SHOWPROGRESS=1
[2014.11.18-15.55.21:235][462]LightingResults: New page: Lighting Build
[2014.11.18-15.55.21:260][462]LoadErrors: New page: Loading map: School.umap
[2014.11.18-15.55.21:261][462]MapCheck: New page: Map Check
[2014.11.18-15.55.21:261][462]LightingResults: New page: Lighting Build
[2014.11.18-15.55.21:279][462]LogParticles: Destroying 0 GPU particle simulations for FXSystem 0x000000B50B05FE20
[2014.11.18-15.55.21:291][462]LogEditorServer: Finished looking for orphan Actors (0.000 secs)
[2014.11.18-15.55.21:291][462]LogAIModule: Creating AISystem for world School
[2014.11.18-15.55.21:303][462]Cmd: MAP CHECKDEP
[2014.11.18-15.55.21:303][462]MapCheck: New page: School - Nov 17, 2014, 11:55:21 PM
[2014.11.18-15.55.21:387][462]MapCheck: Info Map check complete: 0 Error(s), 0 Warning(s), took 84.65ms to complete.
[2014.11.18-15.55.21:387][462]LogFileHelpers: Loading map 'School' took 0.154
[2014.11.18-15.55.30:887][461]LogPlayLevel: PIE:  No blueprints needed recompiling
[2014.11.18-15.55.30:888][461]PIE: New page: PIE session: School (Nov 17, 2014, 11:55:30 PM)
[2014.11.18-15.55.30:909][461]LogPlayLevel: PIE: StaticDuplicateObject took: (0.021062s)
[2014.11.18-15.55.30:909][461]LogPlayLevel: PIE: World Init took: (0.000466s)
[2014.11.18-15.55.30:909][461]LogPlayLevel: PIE: Created PIE world by copying editor world from /Game/Maps/School.School to /Game/Maps/UEDPIE_0_School.School (0.021665s)
[2014.11.18-15.55.30:939][461]LogWorld: Game class is 'MyGame_C'
[2014.11.18-15.55.30:941][461]LogAIModule: Creating AISystem for world School
[2014.11.18-15.55.30:944][461]LogWorld: Bringing World /Game/Maps/UEDPIE_0_School.School up for play (max tick rate 60) at 2014.11.18-07.55.30
[2014.11.18-15.55.30:946][461]LogWorld: Bringing up level for play took: 0.004550
[2014.11.18-15.55.30:948][461]PIE: Info Play in editor start time for /Game/Maps/UEDPIE_0_School -0.505
[2014.11.18-15.55.31:446][490]LogBlueprintUserMessages: -572.400574
[2014.11.18-15.55.41:747][108]LogBlueprintUserMessages: -690.355164
[2014.11.18-15.55.55:778][947]LogParticles: Destroying 0 GPU particle simulations for FXSystem 0x000000B510FDAD40
[2014.11.18-15.56.19:150][916]LogEditorViewport: Clicking on Actor (LMB): BP_Sky_Sphere_C (SkySphereBlueprint)
[2014.11.18-15.58.02:069][ 87]Cmd: QUIT_EDITOR
[2014.11.18-15.58.02:317][ 87]LogExit: Preparing to exit.
[2014.11.18-15.58.03:263][ 87]LogExit: Editor shut down
[2014.11.18-15.58.03:263][ 87]LogExit: Transaction tracking system shut down
[2014.11.18-15.58.03:264][ 87]LogParticles: Destroying 0 GPU particle simulations for FXSystem 0x000000B51CFBBF60
[2014.11.18-15.58.03:264][ 87]LogParticles: Destroying 0 GPU particle simulations for FXSystem 0x000000B520F0AB60
[2014.11.18-15.58.03:264][ 87]LogParticles: Destroying 0 GPU particle simulations for FXSystem 0x000000B5115BBA60
[2014.11.18-15.58.03:289][ 87]LogParticles: Destroying 0 GPU particle simulations for FXSystem 0x000000B51CE27420
[2014.11.18-15.58.03:289][ 87]LogExit: Object subsystem successfully closed.
[2014.11.18-15.58.03:331][ 87]LogModuleManager: Shutting down and abandoning module AndroidDeviceDetection (166)
[2014.11.18-15.58.03:331][ 87]LogModuleManager: Shutting down and abandoning module CrashTracker (165)
[2014.11.18-15.58.03:331][ 87]LogModuleManager: Shutting down and abandoning module SuperSearch (164)
[2014.11.18-15.58.03:331][ 87]LogModuleManager: Shutting down and abandoning module SceneOutliner (163)
[2014.11.18-15.58.03:331][ 87]LogModuleManager: Shutting down and abandoning module EditorWidgets (162)
[2014.11.18-15.58.03:331][ 87]LogModuleManager: Shutting down and abandoning module CollectionManager (161)
[2014.11.18-15.58.03:331][ 87]LogModuleManager: Shutting down and abandoning module StatsViewer (160)
[2014.11.18-15.58.03:331][ 87]LogModuleManager: Shutting down and abandoning module FoliageEdit (159)
[2014.11.18-15.58.03:331][ 87]LogModuleManager: Shutting down and abandoning module LandscapeEditor (158)
[2014.11.18-15.58.03:331][ 87]LogModuleManager: Shutting down and abandoning module MeshPaint (157)
[2014.11.18-15.58.03:331][ 87]LogModuleManager: Shutting down and abandoning module ActorPickerMode (156)
[2014.11.18-15.58.03:331][ 87]LogModuleManager: Shutting down and abandoning module GeometryMode (155)
[2014.11.18-15.58.03:331][ 87]LogModuleManager: Shutting down and abandoning module TextureAlignMode (154)
[2014.11.18-15.58.03:331][ 87]LogModuleManager: Shutting down and abandoning module BspMode (153)
[2014.11.18-15.58.03:331][ 87]LogModuleManager: Shutting down and abandoning module PlacementMode (152)
[2014.11.18-15.58.03:331][ 87]LogModuleManager: Shutting down and abandoning module AutomationWorker (151)
[2014.11.18-15.58.03:331][ 87]LogModuleManager: Shutting down and abandoning module CharacterAI (150)
[2014.11.18-15.58.03:331][ 87]LogModuleManager: Shutting down and abandoning module GameProjectGeneration (149)
[2014.11.18-15.58.03:331][ 87]LogModuleManager: Shutting down and abandoning module IntroTutorials (148)
[2014.11.18-15.58.03:331][ 87]LogModuleManager: Shutting down and abandoning module EditorLiveStreaming (147)
[2014.11.18-15.58.03:331][ 87]LogModuleManager: Shutting down and abandoning module HardwareTargeting (146)
[2014.11.18-15.58.03:331][ 87]LogModuleManager: Shutting down and abandoning module BehaviorTreeEditor (145)
[2014.11.18-15.58.03:331][ 87]LogModuleManager: Shutting down and abandoning module DeviceProfileEditor (144)
[2014.11.18-15.58.03:331][ 87]LogModuleManager: Shutting down and abandoning module UndoHistory (143)
[2014.11.18-15.58.03:331][ 87]LogModuleManager: Shutting down and abandoning module GameplayTagsEditor (142)
[2014.11.18-15.58.03:331][ 87]LogModuleManager: Shutting down and abandoning module UserFeedback (141)
[2014.11.18-15.58.03:331][ 87]LogModuleManager: Shutting down and abandoning module XmlParser (140)
[2014.11.18-15.58.03:331][ 87]LogModuleManager: Shutting down and abandoning module Blutility (139)
[2014.11.18-15.58.03:331][ 87]LogModuleManager: Shutting down and abandoning module IOSPlatformEditor (138)
[2014.11.18-15.58.03:331][ 87]LogModuleManager: Shutting down and abandoning module IOSRuntimeSettings (137)
[2014.11.18-15.58.03:331][ 87]LogModuleManager: Shutting down and abandoning module AndroidPlatformEditor (136)
[2014.11.18-15.58.03:331][ 87]LogModuleManager: Shutting down and abandoning module AndroidRuntimeSettings (135)
[2014.11.18-15.58.03:331][ 87]LogModuleManager: Shutting down and abandoning module ProjectTargetPlatformEditor (134)
[2014.11.18-15.58.03:331][ 87]LogModuleManager: Shutting down and abandoning module ProjectSettingsViewer (133)
[2014.11.18-15.58.03:331][ 87]LogModuleManager: Shutting down and abandoning module InputBindingEditor (132)
[2014.11.18-15.58.03:331][ 87]LogModuleManager: Shutting down and abandoning module EditorSettingsViewer (131)
[2014.11.18-15.58.03:331][ 87]LogModuleManager: Shutting down and abandoning module SettingsEditor (130)
[2014.11.18-15.58.03:331][ 87]LogModuleManager: Shutting down and abandoning module ProjectLauncher (129)
[2014.11.18-15.58.03:331][ 87]LogModuleManager: Shutting down and abandoning module SessionFrontend (128)
[2014.11.18-15.58.03:331][ 87]LogModuleManager: Shutting down and abandoning module ProfilerClient (127)
[2014.11.18-15.58.03:331][ 87]LogModuleManager: Shutting down and abandoning module TargetDeviceServices (126)
[2014.11.18-15.58.03:331][ 87]LogModuleManager: Shutting down and abandoning module DeviceManager (125)
[2014.11.18-15.58.03:332][ 87]LogModuleManager: Shutting down and abandoning module AutomationController (124)
[2014.11.18-15.58.03:332][ 87]LogModuleManager: Shutting down and abandoning module AutomationWindow (123)
[2014.11.18-15.58.03:332][ 87]LogModuleManager: Shutting down and abandoning module Layers (122)
[2014.11.18-15.58.03:332][ 87]LogModuleManager: Shutting down and abandoning module ComponentVisualizers (121)
[2014.11.18-15.58.03:332][ 87]LogModuleManager: Shutting down and abandoning module DetailCustomizations (120)
[2014.11.18-15.58.03:332][ 87]LogModuleManager: Shutting down and abandoning module PackagesDialog (119)
[2014.11.18-15.58.03:332][ 87]LogModuleManager: Shutting down and abandoning module AssetRegistry (118)
[2014.11.18-15.58.03:348][ 87]LogModuleManager: Shutting down and abandoning module Persona (117)
[2014.11.18-15.58.03:348][ 87]LogModuleManager: Shutting down and abandoning module Kismet (116)
[2014.11.18-15.58.03:348][ 87]LogModuleManager: Shutting down and abandoning module GraphEditor (115)
[2014.11.18-15.58.03:348][ 87]LogModuleManager: Shutting down and abandoning module ClassViewer (114)
[2014.11.18-15.58.03:348][ 87]LogModuleManager: Shutting down and abandoning module Toolbox (113)
[2014.11.18-15.58.03:348][ 87]LogModuleManager: Shutting down and abandoning module ModuleUI (112)
[2014.11.18-15.58.03:348][ 87]LogModuleManager: Shutting down and abandoning module MovieSceneTools (111)
[2014.11.18-15.58.03:348][ 87]LogModuleManager: Shutting down and abandoning module OutputLog (110)
[2014.11.18-15.58.03:348][ 87]LogModuleManager: Shutting down and abandoning module GammaUI (109)
[2014.11.18-15.58.03:348][ 87]LogModuleManager: Shutting down and abandoning module Documentation (108)
[2014.11.18-15.58.03:348][ 87]LogModuleManager: Shutting down and abandoning module GameLiveStreaming (107)
[2014.11.18-15.58.03:348][ 87]LogModuleManager: Shutting down and abandoning module StreamingPauseRendering (106)
[2014.11.18-15.58.03:348][ 87]LogModuleManager: Shutting down and abandoning module HTTP (105)
[2014.11.18-15.58.03:348][ 87]LogModuleManager: Shutting down and abandoning module AnalyticsET (104)
[2014.11.18-15.58.03:348][ 87]LogModuleManager: Shutting down and abandoning module Analytics (103)
[2014.11.18-15.58.03:348][ 87]LogModuleManager: Shutting down and abandoning module GameplayDebugger (102)
[2014.11.18-15.58.03:348][ 87]LogModuleManager: Shutting down and abandoning module AIModule (101)
[2014.11.18-15.58.03:348][ 87]LogModuleManager: Shutting down and abandoning module ProfilerService (100)
[2014.11.18-15.58.03:351][ 87]LogModuleManager: Shutting down and abandoning module TaskGraph (99)
[2014.11.18-15.58.03:351][ 87]LogModuleManager: Shutting down and abandoning module SlateRemote (98)
[2014.11.18-15.58.03:351][ 87]LogModuleManager: Shutting down and abandoning module ScriptEditorPlugin (97)
[2014.11.18-15.58.03:351][ 87]LogModuleManager: Shutting down and abandoning module CustomMeshComponent (96)
[2014.11.18-15.58.03:351][ 87]LogModuleManager: Shutting down and abandoning module CableComponent (95)
[2014.11.18-15.58.03:351][ 87]LogModuleManager: Shutting down and abandoning module MessagingDebugger (94)
[2014.11.18-15.58.03:351][ 87]LogModuleManager: Shutting down and abandoning module MediaPlayerEditor (93)
[2014.11.18-15.58.03:351][ 87]LogModuleManager: Shutting down and abandoning module SpeedTreeImporter (92)
[2014.11.18-15.58.03:351][ 87]LogModuleManager: Shutting down and abandoning module PluginsEditor (91)
[2014.11.18-15.58.03:351][ 87]LogModuleManager: Shutting down and abandoning module EpicSurvey (90)
[2014.11.18-15.58.03:351][ 87]LogModuleManager: Shutting down and abandoning module DesktopPlatform (89)
[2014.11.18-15.58.03:351][ 87]LogModuleManager: Shutting down and abandoning module VisualStudioSourceCodeAccess (88)
[2014.11.18-15.58.03:351][ 87]LogModuleManager: Shutting down and abandoning module UObjectPlugin (87)
[2014.11.18-15.58.03:351][ 87]LogModuleManager: Shutting down and abandoning module SubversionSourceControl (86)
[2014.11.18-15.58.03:351][ 87]LogModuleManager: Shutting down and abandoning module SourceControl (85)
[2014.11.18-15.58.03:351][ 87]LogModuleManager: Shutting down and abandoning module PerforceSourceControl (84)
[2014.11.18-15.58.03:351][ 87]LogModuleManager: Shutting down and abandoning module BlankPlugin (83)
[2014.11.18-15.58.03:351][ 87]LogModuleManager: Shutting down and abandoning module SlateReflector (82)
[2014.11.18-15.58.03:351][ 87]LogModuleManager: Shutting down and abandoning module DirectoryWatcher (81)
[2014.11.18-15.58.03:351][ 87]LogModuleManager: Shutting down and abandoning module HotReload (80)
[2014.11.18-15.58.03:351][ 87]LogModuleManager: Shutting down and abandoning module MainFrame (79)
[2014.11.18-15.58.03:351][ 87]LogModuleManager: Shutting down and abandoning module LevelEditor (78)
[2014.11.18-15.58.03:352][ 87]LogModuleManager: Shutting down and abandoning module ViewportSnapping (77)
[2014.11.18-15.58.03:352][ 87]LogModuleManager: Shutting down and abandoning module SmartSnapping (76)
[2014.11.18-15.58.03:352][ 87]LogModuleManager: Shutting down and abandoning module PaperTiledImporter (75)
[2014.11.18-15.58.03:352][ 87]LogModuleManager: Shutting down and abandoning module PaperJsonImporter (74)
[2014.11.18-15.58.03:352][ 87]LogModuleManager: Shutting down and abandoning module ContentBrowser (73)
[2014.11.18-15.58.03:352][ 87]LogModuleManager: Shutting down and abandoning module PropertyEditor (72)
[2014.11.18-15.58.03:352][ 87]LogModuleManager: Shutting down and abandoning module Paper2DEditor (71)
[2014.11.18-15.58.03:352][ 87]LogModuleManager: Shutting down and abandoning module ScriptPlugin (70)
[2014.11.18-15.58.03:352][ 87]LogModuleManager: Shutting down and abandoning module UdpMessaging (69)
[2014.11.18-15.58.03:453][ 87]LogModuleManager: Shutting down and abandoning module Paper2D (68)
[2014.11.18-15.58.03:453][ 87]LogModuleManager: Shutting down and abandoning module WindowsMoviePlayer (67)
[2014.11.18-15.58.03:456][ 87]LogModuleManager: Shutting down and abandoning module Media (66)
[2014.11.18-15.58.03:456][ 87]LogModuleManager: Shutting down and abandoning module WmfMedia (65)
[2014.11.18-15.58.03:456][ 87]LogModuleManager: Shutting down and abandoning module OnlineBlueprintSupport (64)
[2014.11.18-15.58.03:456][ 87]LogModuleManager: Shutting down and abandoning module FunctionalTesting (63)
[2014.11.18-15.58.03:456][ 87]LogModuleManager: Shutting down and abandoning module CollisionAnalyzer (62)
[2014.11.18-15.58.03:456][ 87]LogModuleManager: Shutting down and abandoning module WorkspaceMenuStructure (61)
[2014.11.18-15.58.03:456][ 87]LogModuleManager: Shutting down and abandoning module MessageLog (60)
[2014.11.18-15.58.03:456][ 87]LogModuleManager: Shutting down and abandoning module Sequencer (59)
[2014.11.18-15.58.03:457][ 87]LogModuleManager: Shutting down and abandoning module AssetTools (58)
[2014.11.18-15.58.03:457][ 87]LogModuleManager: Shutting down and abandoning module UMGEditor (57)
[2014.11.18-15.58.03:457][ 87]LogModuleManager: Shutting down and abandoning module UMG (56)
[2014.11.18-15.58.03:457][ 87]LogModuleManager: Shutting down and abandoning module Slate (55)
[2014.11.18-15.58.03:457][ 87]LogModuleManager: Shutting down and abandoning module EditorStyle (54)
[2014.11.18-15.58.03:458][ 87]LogModuleManager: Shutting down and abandoning module SessionServices (53)
[2014.11.18-15.58.03:458][ 87]LogModuleManager: Shutting down and abandoning module SourceCodeAccess (52)
[2014.11.18-15.58.03:458][ 87]LogModuleManager: Shutting down and abandoning module HeadMountedDisplay (51)
[2014.11.18-15.58.03:458][ 87]LogModuleManager: Shutting down and abandoning module XAudio2 (50)
[2014.11.18-15.58.03:458][ 87]LogModuleManager: Shutting down and abandoning module Networking (48)
[2014.11.18-15.58.03:458][ 87]LogModuleManager: Shutting down and abandoning module Core (47)
[2014.11.18-15.58.03:458][ 87]LogModuleManager: Shutting down and abandoning module KismetCompiler (46)
[2014.11.18-15.58.03:458][ 87]LogModuleManager: Shutting down and abandoning module PhysXFormats (45)
[2014.11.18-15.58.03:458][ 87]LogModuleManager: Shutting down and abandoning module MeshUtilities (44)
[2014.11.18-15.58.03:458][ 87]LogModuleManager: Shutting down and abandoning module DerivedDataCache (43)
[2014.11.18-15.58.03:538][ 87]LogDerivedDataCache: Shutdown
[2014.11.18-15.58.03:538][ 87]LogModuleManager: Shutting down and abandoning module ShaderFormatOpenGL (42)
[2014.11.18-15.58.03:538][ 87]LogModuleManager: Shutting down and abandoning module ShaderFormatD3D (41)
[2014.11.18-15.58.03:538][ 87]LogModuleManager: Shutting down and abandoning module MetalShaderFormat (40)
[2014.11.18-15.58.03:538][ 87]LogModuleManager: Shutting down and abandoning module TextureFormatUncompressed (39)
[2014.11.18-15.58.03:538][ 87]LogModuleManager: Shutting down and abandoning module TextureFormatPVR (38)
[2014.11.18-15.58.03:538][ 87]LogModuleManager: Shutting down and abandoning module TextureFormatDXT (37)
[2014.11.18-15.58.03:538][ 87]LogModuleManager: Shutting down and abandoning module TextureFormatAndroid (36)
[2014.11.18-15.58.03:538][ 87]LogModuleManager: Shutting down and abandoning module AudioFormatOpus (35)
[2014.11.18-15.58.03:538][ 87]LogModuleManager: Shutting down and abandoning module AudioFormatOgg (34)
[2014.11.18-15.58.03:538][ 87]LogModuleManager: Shutting down and abandoning module AudioFormatADPCM (33)
[2014.11.18-15.58.03:538][ 87]LogModuleManager: Shutting down and abandoning module Messaging (32)
[2014.11.18-15.58.03:538][ 87]LogModuleManager: Shutting down and abandoning module IOSTargetPlatform (31)
[2014.11.18-15.58.03:538][ 87]LogModuleManager: Shutting down and abandoning module Android_PVRTCTargetPlatform (30)
[2014.11.18-15.58.03:538][ 87]LogModuleManager: Shutting down and abandoning module Android_ETC2TargetPlatform (29)
[2014.11.18-15.58.03:538][ 87]LogModuleManager: Shutting down and abandoning module Android_ETC1TargetPlatform (28)
[2014.11.18-15.58.03:538][ 87]LogModuleManager: Shutting down and abandoning module Android_DXTTargetPlatform (27)
[2014.11.18-15.58.03:538][ 87]LogModuleManager: Shutting down and abandoning module Android_ATCTargetPlatform (26)
[2014.11.18-15.58.03:538][ 87]LogModuleManager: Shutting down and abandoning module AndroidTargetPlatform (25)
[2014.11.18-15.58.03:538][ 87]LogModuleManager: Shutting down and abandoning module WindowsTargetPlatform (24)
[2014.11.18-15.58.03:538][ 87]LogModuleManager: Shutting down and abandoning module WindowsServerTargetPlatform (23)
[2014.11.18-15.58.03:538][ 87]LogModuleManager: Shutting down and abandoning module WindowsNoEditorTargetPlatform (22)
[2014.11.18-15.58.03:538][ 87]LogModuleManager: Shutting down and abandoning module WindowsClientTargetPlatform (21)
[2014.11.18-15.58.03:538][ 87]LogModuleManager: Shutting down and abandoning module TargetPlatform (20)
[2014.11.18-15.58.03:538][ 87]LogModuleManager: Shutting down and abandoning module InputCore (19)
[2014.11.18-15.58.03:538][ 87]LogModuleManager: Shutting down and abandoning module Settings (18)
[2014.11.18-15.58.03:538][ 87]LogModuleManager: Shutting down and abandoning module ImageWrapper (17)
[2014.11.18-15.58.03:538][ 87]LogModuleManager: Shutting down and abandoning module OculusRift (14)
[2014.11.18-15.58.03:538][ 87]LogModuleManager: Shutting down and abandoning module ExampleDeviceProfileSelector (13)
[2014.11.18-15.58.03:538][ 87]LogModuleManager: Shutting down and abandoning module TextureCompressor (12)
[2014.11.18-15.58.03:538][ 87]LogModuleManager: Shutting down and abandoning module ShaderCore (11)
[2014.11.18-15.58.03:538][ 87]LogModuleManager: Shutting down and abandoning module SlateRHIRenderer (10)
[2014.11.18-15.58.03:539][ 87]LogModuleManager: Shutting down and abandoning module OpenGLDrv (9)
[2014.11.18-15.58.03:539][ 87]LogModuleManager: Shutting down and abandoning module D3D11RHI (8)
[2014.11.18-15.58.03:539][ 87]LogModuleManager: Shutting down and abandoning module Renderer (7)
[2014.11.18-15.58.03:539][ 87]LogModuleManager: Shutting down and abandoning module Engine (6)
[2014.11.18-15.58.03:539][ 87]LogModuleManager: Shutting down and abandoning module CoreUObject (5)
[2014.11.18-15.58.03:539][ 87]LogModuleManager: Shutting down and abandoning module NetworkFile (4)
[2014.11.18-15.58.03:539][ 87]LogModuleManager: Shutting down and abandoning module StreamingFile (3)
[2014.11.18-15.58.03:539][ 87]LogModuleManager: Shutting down and abandoning module SandboxFile (2)
[2014.11.18-15.58.03:539][ 87]LogModuleManager: Shutting down and abandoning module PakFile (1)
[2014.11.18-15.58.03:540][ 87]LogExit: Exiting.
[2014.11.18-15.58.03:548][ 87]Log file closed, 11/18/14 07:58:03
