Log file open, 12/12/14 12:36:13
LogInit:Display: Running engine for game: Trial_third_person
LogInit: Version: 4.5.1-2336687+++depot+UE4-Releases+4.5
LogInit: API Version: 2326478
LogInit: Compiled (64-bit): Oct 21 2014 22:32:40
LogInit: Compiled with Visual C++: 18.00.21005.01
LogInit: Build Configuration: Development
LogInit: Branch Name: ++depot+UE4-Releases+4.5
LogInit: Command line:  
LogInit: Base directory: C:/Program Files/Epic Games/4.5/Engine/Binaries/Win64/
LogInit: Rocket: 1
[2014.12.12-20.36.13:066][  0]LogTaskGraph: Started task graph with 3 named threads and 4 total threads.
[2014.12.12-20.36.13:103][  0]LogOnline:Warning: No default platform service specified for OnlineSubsystem
[2014.12.12-20.36.13:180][  0]LogInit: Presizing for 0 objects not considered by GC, pre-allocating 0 bytes.
[2014.12.12-20.36.13:203][  0]LogInit: Object subsystem initialized
[2014.12.12-20.36.13:222][  0]LogConsoleResponse:Warning: Skipping Unknown console variable: 'UIScaleRule = ShortestSide'
[2014.12.12-20.36.13:222][  0]LogConsoleResponse:Warning:   Found in ini file 'D:/Study-Session/Trial_third_person/Saved/Config/Windows/Engine.ini', in section '[/Script/Engine.RendererSettings]'
[2014.12.12-20.36.13:222][  0]LogConsoleResponse:Warning: Skipping Unknown console variable: 'UIScaleCurve = (EditorCurveData=(Keys=((Time=480.000000,Value=0.444000),(Time=720.000000,Value=0.666000),(Time=1080.000000,Value=1.000000),(Time=8640.000000,Value=8.000000))),ExternalCurve=None)'
[2014.12.12-20.36.13:222][  0]LogConsoleResponse:Warning:   Found in ini file 'D:/Study-Session/Trial_third_person/Saved/Config/Windows/Engine.ini', in section '[/Script/Engine.RendererSettings]'
[2014.12.12-20.36.13:230][  0]LogInit: Selected Device Profile: [Windows]
[2014.12.12-20.36.13:230][  0]LogInit: Applying CVar settings loaded from the selected device profile: [Windows]
[2014.12.12-20.36.13:252][  0]LogInit: Computer: ZEN-MATT
[2014.12.12-20.36.13:252][  0]LogInit: User: Matt
[2014.12.12-20.36.13:253][  0]LogInit: CPU Page size=4096, Cores=2
[2014.12.12-20.36.13:253][  0]LogInit: High frequency timer resolution =2.338574 MHz
[2014.12.12-20.36.13:253][  0]LogMemory: Memory total: Physical=3.9GB (4GB approx) Virtual=8192.0GB
[2014.12.12-20.36.13:254][  0]LogMemory: Platform Memory Stats for Windows
[2014.12.12-20.36.13:254][  0]LogMemory: Process Physical Memory: 65.35 MB used, 65.35 MB peak
[2014.12.12-20.36.13:254][  0]LogMemory: Process Virtual Memory: 40.24 MB used, 40.24 MB peak
[2014.12.12-20.36.13:254][  0]LogMemory: Physical Memory: 2641.66 MB used, 3981.98 MB total
[2014.12.12-20.36.13:254][  0]LogMemory: Virtual Memory: 277.04 MB used, 8388608.00 MB total
[2014.12.12-20.36.13:443][  0]LogD3D11RHI: Found D3D11 adapter 0: Intel(R) HD Graphics 4000 (Feature Level 11_0)
[2014.12.12-20.36.13:443][  0]LogD3D11RHI: Adapter has 64MB of dedicated video memory, 0MB of dedicated system memory, and 1632MB of shared system memory, 1 output[s]
[2014.12.12-20.36.13:443][  0]LogD3D11RHI: Chosen D3D11 Adapter Id = 0
[2014.12.12-20.36.13:451][  0]LogRHI: Texture pool is 616 MB (70% of 880 MB)
[2014.12.12-20.36.13:465][  0]LogD3D11RHI: Async texture creation enabled
[2014.12.12-20.36.13:802][  0]LogTextLocalizationManager: The requested culture ('en_US') has no localization data; parent culture's ('en') localization data will be used.
[2014.12.12-20.36.13:983][  0]LogContentStreaming: Texture pool size is 0.000000MB
[2014.12.12-20.36.20:375][  0]LogTargetPlatformManager:Display: Building Assets For Windows
[2014.12.12-20.36.21:033][  0]LogTargetPlatformManager:Display: Building Assets For Windows
[2014.12.12-20.36.21:124][  0]LogDerivedDataCache:Display: Max Cache Size: 512 MB
[2014.12.12-20.36.21:255][  0]LogDerivedDataCache: Loaded boot cache 0.13s 39MB C:/Users/Matt/AppData/Local/UnrealEngine/4.5/DerivedDataCache/Boot.ddc.
[2014.12.12-20.36.21:255][  0]LogDerivedDataCache:Display: Loaded Boot cache: C:/Users/Matt/AppData/Local/UnrealEngine/4.5/DerivedDataCache/Boot.ddc
[2014.12.12-20.36.21:255][  0]LogDerivedDataCache: FDerivedDataBackendGraph:  Pak pak cache file D:/Study-Session/Trial_third_person/DerivedDataCache/DDC.ddp not found, will not use a pak cache.
[2014.12.12-20.36.21:255][  0]LogDerivedDataCache: Unable to find inner node Pak for hierarchical cache Hierarchy.
[2014.12.12-20.36.21:335][  0]LogDerivedDataCache:Display: Pak cache opened for reading ../../../Engine/DerivedDataCache/DDC.ddp.
[2014.12.12-20.36.21:348][  0]LogDerivedDataCache: Using Local data cache path C:/Users/Matt/AppData/Local/UnrealEngine/Common/DerivedDataCache: Writable
[2014.12.12-20.36.22:199][  0]LogMeshUtilities: No automatic mesh reduction module available
[2014.12.12-20.36.22:199][  0]LogMeshUtilities: No automatic mesh merging module available
[2014.12.12-20.36.22:630][  0]LogLinker:Warning: Asset '../../../Engine/Content/Functions/Engine_MaterialFunctions02/Texturing/FlipBook.uasset' has been saved with empty engine version. The asset will be loaded but may be incompatible.
[2014.12.12-20.36.22:639][  0]LogLinker:Warning: Asset '../../../Engine/Content/Functions/Engine_MaterialFunctions02/ExampleContent/Textures/flipbook.uasset' has been saved with empty engine version. The asset will be loaded but may be incompatible.
[2014.12.12-20.36.23:028][  0]LogInit: WinSock: version 1.1 (2.2), MaxSocks=32767, MaxUdp=65467
[2014.12.12-20.36.26:736][  0]UdpMessaging: Initializing bridge on interface 0.0.0.0:0 to multicast group 230.0.0.1:6666.
[2014.12.12-20.36.27:113][  0]LogDirectoryWatcher:Warning: Failed to begin reading directory changes for D:/Study-Session/Trial_third_person/Binaries/Win64. Error: 0
[2014.12.12-20.36.27:397][  0]SourceControl: Info Source control is disabled
[2014.12.12-20.36.27:397][  0]SourceControl: Info Source control is disabled
[2014.12.12-20.36.27:410][  0]SourceControl: Info Source control is disabled
[2014.12.12-20.36.27:740][  0]LogObj: 22915 objects as part of root set at end of initial load.
[2014.12.12-20.36.27:740][  0]LogUObjectAllocator: 4803536 out of 0 bytes used by permanent object pool.
[2014.12.12-20.36.27:867][  0]LogEngine: Initializing Engine...
[2014.12.12-20.36.28:055][  0]LogInit: XAudio2 using 'Speakers (Realtek High Definition Audio)' : 2 channels at 48 kHz using 32 bits per sample (channel mask 0x3)
[2014.12.12-20.36.28:111][  0]LogInit: FAudioDevice initialized.
[2014.12.12-20.36.28:226][  0]LogAIModule: Creating AISystem for world NewWorld
[2014.12.12-20.36.28:259][  0]LogDerivedDataCache: Saved boot cache 0.02s 39MB C:/Users/Matt/AppData/Local/UnrealEngine/4.5/DerivedDataCache/Boot.ddc.
[2014.12.12-20.36.28:262][  0]LogInit: Texture streaming: Enabled
[2014.12.12-20.36.28:343][  0]LogInit: Transaction tracking system initialized
[2014.12.12-20.36.28:643][  0]BlueprintLog: New page: Editor Load
[2014.12.12-20.36.28:711][  0]LogAssetRegistry: FAssetRegistry took 0.0134 seconds to start up
[2014.12.12-20.36.28:712][  0]LogDirectoryWatcher:Warning: Failed to begin reading directory changes for ../../../Engine/Plugins/Experimental/CharacterAI/Content/. Error: 0
[2014.12.12-20.36.29:591][  0]LogTargetPlatformManager:Display: Building Assets For Windows
[2014.12.12-20.36.30:060][  0]LogTargetPlatformManager:Display: Building Assets For Windows
[2014.12.12-20.36.30:611][  0]LogConsoleResponse:Display: 
[2014.12.12-20.36.31:091][  0]SourceControl: Info Source control is disabled
[2014.12.12-20.36.31:093][  0]Cmd: MAP LOAD FILE="D:/Study-Session/Trial_third_person/Content/Maps/Example_Map.umap" TEMPLATE=0 SHOWPROGRESS=1
[2014.12.12-20.36.31:096][  0]LightingResults: New page: Lighting Build
[2014.12.12-20.36.31:121][  0]MapCheck: New page: Map Check
[2014.12.12-20.36.31:121][  0]LightingResults: New page: Lighting Build
[2014.12.12-20.36.31:146][  0]LogParticles: Destroying 0 GPU particle simulations for FXSystem 0x000000001CCBA7A0
[2014.12.12-20.36.32:312][  0]LogEditorServer: Finished looking for orphan Actors (0.000 secs)
[2014.12.12-20.36.32:315][  0]LogAIModule: Creating AISystem for world Example_Map
[2014.12.12-20.36.32:317][  0]Cmd: MAP CHECKDEP
[2014.12.12-20.36.32:318][  0]MapCheck: New page: Example_Map - Dec 12, 2014, 4:36:32 AM
[2014.12.12-20.36.32:463][  0]MapCheck: Info Map check complete: 0 Error(s), 0 Warning(s), took 145.633ms to complete.
[2014.12.12-20.36.32:463][  0]LogFileHelpers: Loading map 'Example_Map' took 1.370
[2014.12.12-20.36.33:157][  0]LogCollectionManager: Loaded 0 collections in 0.001284 seconds
[2014.12.12-20.36.33:424][  0]LogCrashTracker: Crashtracker disabled due to settings.
[2014.12.12-20.36.34:244][  0]LogUObjectGlobals:Warning: Failed to find object 'Class None.'
[2014.12.12-20.36.34:297][  0]LogLoad: Full Startup: 24.94 seconds (BP compile: 0.46 seconds)
[2014.12.12-20.36.34:648][  0]LogContentBrowser:Verbose: The content browser source was changed by the sources view to '/Game/StarterContent/Props'
[2014.12.12-20.36.37:094][  6]LogAssetRegistry: Asset discovery search completed in 8.3966 seconds
[2014.12.12-20.37.38:088][424]BlueprintLog: New page: Pre-PIE auto-recompile
[2014.12.12-20.37.38:088][424]LogPlayLevel: [PIE] Compiling Example_Map before PIE...
[2014.12.12-20.37.38:260][424]LogPlayLevel: PIE:  Blueprint regeneration took 172 ms (1 blueprints)
[2014.12.12-20.37.38:260][424]PIE: New page: PIE session: Example_Map (Dec 12, 2014, 4:37:38 AM)
[2014.12.12-20.37.38:308][424]LogPlayLevel: PIE: StaticDuplicateObject took: (0.047664s)
[2014.12.12-20.37.38:308][424]LogPlayLevel: PIE: World Init took: (0.000620s)
[2014.12.12-20.37.38:308][424]LogPlayLevel: PIE: Created PIE world by copying editor world from /Game/Maps/Example_Map.Example_Map to /Game/Maps/UEDPIE_0_Example_Map.Example_Map (0.048477s)
[2014.12.12-20.37.38:385][424]LogWorld: Game class is 'MyGame_C'
[2014.12.12-20.37.38:394][424]LogAIModule: Creating AISystem for world Example_Map
[2014.12.12-20.37.38:396][424]LogWorld:Warning: *** WARNING - PATHS MAY NOT BE VALID ***
[2014.12.12-20.37.38:396][424]LogWorld: Bringing World /Game/Maps/UEDPIE_0_Example_Map.Example_Map up for play (max tick rate 60) at 2014.12.12-12.37.38
[2014.12.12-20.37.38:406][424]LogWorld: Bringing up level for play took: 0.011271
[2014.12.12-20.37.38:425][424]PIE: Info Play in editor start time for /Game/Maps/UEDPIE_0_Example_Map 0.015
[2014.12.12-20.37.38:429][424]LogBlueprintUserMessages: 1.0
[2014.12.12-20.37.38:687][424]LogRenderer:Warning: Reallocating scene render targets to support 648x384.
[2014.12.12-20.37.39:078][425]LogBlueprintUserMessages: 1.0
[2014.12.12-20.37.42:944][426]LogD3D11RHI:Error: Direct3DDevice->CreateBuffer(&Desc, NULL, UniformBufferResource.GetInitReference()) failed 
 at D:\BuildFarm\buildmachine_++depot+UE4-Releases+4.5\Engine\Source\Runtime\Windows\D3D11RHI\Private\D3D11UniformBuffer.cpp:159 
 with error DXGI_ERROR_DEVICE_REMOVED
[2014.12.12-20.37.48:077][426]LogWindows: FPlatformMisc::RequestExit(1)
[2014.12.12-20.37.48:077][426]Log file closed, 12/12/14 12:37:48
