Log file open, 11/19/14 18:51:21
LogInit:Display: Running engine for game: Trial_third_person
LogInit: Version: 4.5.1-2336687+++depot+UE4-Releases+4.5
LogInit: API Version: 2326478
LogInit: Compiled (64-bit): Oct 21 2014 22:32:40
LogInit: Compiled with Visual C++: 18.00.21005.01
LogInit: Build Configuration: Development
LogInit: Branch Name: ++depot+UE4-Releases+4.5
LogInit: Command line:  
LogInit: Base directory: C:/Program Files/Epic Games/4.5/Engine/Binaries/Win64/
LogInit: Rocket: 1
[2014.11.20-02.51.21:813][  0]LogTaskGraph: Started task graph with 3 named threads and 4 total threads.
[2014.11.20-02.51.21:857][  0]LogOnline:Warning: No default platform service specified for OnlineSubsystem
[2014.11.20-02.51.21:911][  0]LogInit: Presizing for 0 objects not considered by GC, pre-allocating 0 bytes.
[2014.11.20-02.51.21:928][  0]LogInit: Object subsystem initialized
[2014.11.20-02.51.21:934][  0]LogConsoleResponse:Warning: Skipping Unknown console variable: 'UIScaleRule = ShortestSide'
[2014.11.20-02.51.21:934][  0]LogConsoleResponse:Warning:   Found in ini file 'D:/Study-Session/Trial_third_person/Saved/Config/Windows/Engine.ini', in section '[/Script/Engine.RendererSettings]'
[2014.11.20-02.51.21:934][  0]LogConsoleResponse:Warning: Skipping Unknown console variable: 'UIScaleCurve = (EditorCurveData=(Keys=((Time=480.000000,Value=0.444000),(Time=720.000000,Value=0.666000),(Time=1080.000000,Value=1.000000),(Time=8640.000000,Value=8.000000))),ExternalCurve=None)'
[2014.11.20-02.51.21:934][  0]LogConsoleResponse:Warning:   Found in ini file 'D:/Study-Session/Trial_third_person/Saved/Config/Windows/Engine.ini', in section '[/Script/Engine.RendererSettings]'
[2014.11.20-02.51.21:934][  0]LogInit: Selected Device Profile: [Windows]
[2014.11.20-02.51.21:934][  0]LogInit: Applying CVar settings loaded from the selected device profile: [Windows]
[2014.11.20-02.51.21:944][  0]LogInit: Computer: ZEN-MATT
[2014.11.20-02.51.21:944][  0]LogInit: User: Matt
[2014.11.20-02.51.21:946][  0]LogInit: CPU Page size=4096, Cores=2
[2014.11.20-02.51.21:946][  0]LogInit: High frequency timer resolution =2.338593 MHz
[2014.11.20-02.51.21:947][  0]LogMemory: Memory total: Physical=3.9GB (4GB approx) Virtual=8192.0GB
[2014.11.20-02.51.21:947][  0]LogMemory: Platform Memory Stats for Windows
[2014.11.20-02.51.21:947][  0]LogMemory: Process Physical Memory: 63.86 MB used, 63.86 MB peak
[2014.11.20-02.51.21:947][  0]LogMemory: Process Virtual Memory: 39.44 MB used, 39.44 MB peak
[2014.11.20-02.51.21:947][  0]LogMemory: Physical Memory: 2726.58 MB used, 3981.98 MB total
[2014.11.20-02.51.21:947][  0]LogMemory: Virtual Memory: 269.29 MB used, 8388608.00 MB total
[2014.11.20-02.51.22:022][  0]LogD3D11RHI: Found D3D11 adapter 0: Intel(R) HD Graphics 4000 (Feature Level 11_0)
[2014.11.20-02.51.22:022][  0]LogD3D11RHI: Adapter has 64MB of dedicated video memory, 0MB of dedicated system memory, and 1632MB of shared system memory, 1 output[s]
[2014.11.20-02.51.22:022][  0]LogD3D11RHI: Chosen D3D11 Adapter Id = 0
[2014.11.20-02.51.22:029][  0]LogRHI: Texture pool is 616 MB (70% of 880 MB)
[2014.11.20-02.51.22:042][  0]LogD3D11RHI: Async texture creation enabled
[2014.11.20-02.51.22:108][  0]LogTextLocalizationManager: The requested culture ('en_US') has no localization data; parent culture's ('en') localization data will be used.
[2014.11.20-02.51.22:292][  0]LogContentStreaming: Texture pool size is 0.000000MB
[2014.11.20-02.51.29:562][  0]LogTargetPlatformManager:Display: Building Assets For Windows
[2014.11.20-02.51.30:241][  0]LogTargetPlatformManager:Display: Building Assets For Windows
[2014.11.20-02.51.30:342][  0]LogDerivedDataCache:Display: Max Cache Size: 512 MB
[2014.11.20-02.51.30:431][  0]LogDerivedDataCache: Loaded boot cache 0.09s 39MB C:/Users/Matt/AppData/Local/UnrealEngine/4.5/DerivedDataCache/Boot.ddc.
[2014.11.20-02.51.30:431][  0]LogDerivedDataCache:Display: Loaded Boot cache: C:/Users/Matt/AppData/Local/UnrealEngine/4.5/DerivedDataCache/Boot.ddc
[2014.11.20-02.51.30:431][  0]LogDerivedDataCache: FDerivedDataBackendGraph:  Pak pak cache file D:/Study-Session/Trial_third_person/DerivedDataCache/DDC.ddp not found, will not use a pak cache.
[2014.11.20-02.51.30:431][  0]LogDerivedDataCache: Unable to find inner node Pak for hierarchical cache Hierarchy.
[2014.11.20-02.51.30:516][  0]LogDerivedDataCache:Display: Pak cache opened for reading ../../../Engine/DerivedDataCache/DDC.ddp.
[2014.11.20-02.51.30:528][  0]LogDerivedDataCache: Using Local data cache path C:/Users/Matt/AppData/Local/UnrealEngine/Common/DerivedDataCache: Writable
[2014.11.20-02.51.31:048][  0]LogMeshUtilities: No automatic mesh reduction module available
[2014.11.20-02.51.31:048][  0]LogMeshUtilities: No automatic mesh merging module available
[2014.11.20-02.51.31:378][  0]LogLinker:Warning: Asset '../../../Engine/Content/Functions/Engine_MaterialFunctions02/Texturing/FlipBook.uasset' has been saved with empty engine version. The asset will be loaded but may be incompatible.
[2014.11.20-02.51.31:382][  0]LogLinker:Warning: Asset '../../../Engine/Content/Functions/Engine_MaterialFunctions02/ExampleContent/Textures/flipbook.uasset' has been saved with empty engine version. The asset will be loaded but may be incompatible.
[2014.11.20-02.51.31:648][  0]LogInit: WinSock: version 1.1 (2.2), MaxSocks=32767, MaxUdp=65467
[2014.11.20-02.51.34:008][  0]UdpMessaging: Initializing bridge on interface 0.0.0.0:0 to multicast group 230.0.0.1:6666.
[2014.11.20-02.51.34:291][  0]LogDirectoryWatcher:Warning: Failed to begin reading directory changes for D:/Study-Session/Trial_third_person/Binaries/Win64. Error: 0
[2014.11.20-02.51.34:510][  0]SourceControl: Info Source control is disabled
[2014.11.20-02.51.34:510][  0]SourceControl: Info Source control is disabled
[2014.11.20-02.51.34:527][  0]SourceControl: Info Source control is disabled
[2014.11.20-02.51.34:769][  0]LogObj: 22915 objects as part of root set at end of initial load.
[2014.11.20-02.51.34:769][  0]LogUObjectAllocator: 4803536 out of 0 bytes used by permanent object pool.
[2014.11.20-02.51.34:855][  0]LogEngine: Initializing Engine...
[2014.11.20-02.51.35:027][  0]LogInit: XAudio2 using 'Speakers (Realtek High Definition Audio)' : 2 channels at 48 kHz using 32 bits per sample (channel mask 0x3)
[2014.11.20-02.51.35:068][  0]LogInit: FAudioDevice initialized.
[2014.11.20-02.51.35:110][  0]LogAIModule: Creating AISystem for world NewWorld
[2014.11.20-02.51.35:134][  0]LogDerivedDataCache: Saved boot cache 0.02s 39MB C:/Users/Matt/AppData/Local/UnrealEngine/4.5/DerivedDataCache/Boot.ddc.
[2014.11.20-02.51.35:137][  0]LogInit: Texture streaming: Enabled
[2014.11.20-02.51.35:222][  0]LogInit: Transaction tracking system initialized
[2014.11.20-02.51.35:408][  0]BlueprintLog: New page: Editor Load
[2014.11.20-02.51.35:458][  0]LogAssetRegistry: FAssetRegistry took 0.0099 seconds to start up
[2014.11.20-02.51.35:458][  0]LogDirectoryWatcher:Warning: Failed to begin reading directory changes for ../../../Engine/Plugins/Experimental/CharacterAI/Content/. Error: 0
[2014.11.20-02.51.36:452][  0]LogTargetPlatformManager:Display: Building Assets For Windows
[2014.11.20-02.51.36:932][  0]LogTargetPlatformManager:Display: Building Assets For Windows
[2014.11.20-02.51.37:344][  0]LogConsoleResponse:Display: 
[2014.11.20-02.51.37:727][  0]SourceControl: Info Source control is disabled
[2014.11.20-02.51.37:727][  0]Cmd: MAP LOAD FILE="D:/Study-Session/Trial_third_person/Content/Maps/Example_Map.umap" TEMPLATE=0 SHOWPROGRESS=1
[2014.11.20-02.51.37:728][  0]LightingResults: New page: Lighting Build
[2014.11.20-02.51.37:744][  0]MapCheck: New page: Map Check
[2014.11.20-02.51.37:744][  0]LightingResults: New page: Lighting Build
[2014.11.20-02.51.37:770][  0]LogParticles: Destroying 0 GPU particle simulations for FXSystem 0x000000001C32E840
[2014.11.20-02.51.38:088][  0]LogEditorServer: Finished looking for orphan Actors (0.000 secs)
[2014.11.20-02.51.38:089][  0]LogAIModule: Creating AISystem for world Example_Map
[2014.11.20-02.51.38:089][  0]Cmd: MAP CHECKDEP
[2014.11.20-02.51.38:089][  0]MapCheck: New page: Example_Map - Nov 19, 2014, 10:51:38 AM
[2014.11.20-02.51.38:252][  0]MapCheck: Info Map check complete: 0 Error(s), 0 Warning(s), took 163.041ms to complete.
[2014.11.20-02.51.38:252][  0]LogFileHelpers: Loading map 'Example_Map' took 0.525
[2014.11.20-02.51.38:429][  0]LogCollectionManager: Loaded 0 collections in 0.001237 seconds
[2014.11.20-02.51.38:596][  0]LogCrashTracker: Crashtracker disabled due to settings.
[2014.11.20-02.51.38:619][  0]LogUObjectGlobals:Warning: Failed to find object 'Class None.'
[2014.11.20-02.51.38:652][  0]LogLoad: Full Startup: 19.82 seconds (BP compile: 0.08 seconds)
[2014.11.20-02.51.38:997][  0]LogContentBrowser:Verbose: The content browser source was changed by the sources view to '/Game/Blueprints'
[2014.11.20-02.51.39:163][  0]LogRenderer:Warning: Reallocating scene render targets to support 904x896.
[2014.11.20-02.51.40:766][  4]LogAssetRegistry: Asset discovery search completed in 5.3181 seconds
[2014.11.20-02.52.37:904][333]BlueprintLog: New page: Compile MyCharacter
[2014.11.20-02.52.38:526][333]BlueprintEditorCompileResults: Info [0079.33] Compile of MyCharacter successful! [in 127 ms]
[2014.11.20-02.52.45:561][567]LogSlate:Warning: GetFontFace failed to load or process 'Roboto-Regular'
[2014.11.20-02.52.45:561][567]LogSlate:Warning: GetFontFace failed to load or process 'Roboto-Regular'
[2014.11.20-02.52.45:565][567]LogSlate:Warning: GetFontFace failed to load or process 'Roboto-Regular'
[2014.11.20-02.52.45:566][567]LogSlate:Warning: GetFontFace failed to load or process 'Roboto-Regular'
[2014.11.20-02.52.45:566][567]LogSlate:Warning: GetFontFace failed to load or process 'Roboto-Regular'
[2014.11.20-02.52.45:566][567]LogSlate:Warning: GetFontFace failed to load or process 'Roboto-Regular'
[2014.11.20-02.52.45:566][567]LogSlate:Warning: GetFontFace failed to load or process 'Roboto-Regular'
[2014.11.20-02.52.45:566][567]LogSlate:Warning: GetFontFace failed to load or process 'Roboto-Regular'
[2014.11.20-02.52.45:567][567]LogSlate:Warning: GetFontFace failed to load or process 'Roboto-Regular'
[2014.11.20-02.52.45:567][567]LogSlate:Warning: GetFontFace failed to load or process 'Roboto-Regular'
[2014.11.20-02.52.45:567][567]LogSlate:Warning: GetFontFace failed to load or process 'Roboto-Regular'
[2014.11.20-02.52.45:567][567]LogSlate:Warning: GetFontFace failed to load or process 'Roboto-Regular'
[2014.11.20-02.52.45:567][567]LogSlate:Warning: GetFontFace failed to load or process 'Roboto-Regular'
[2014.11.20-02.52.45:567][567]LogSlate:Warning: GetFontFace failed to load or process 'Roboto-Regular'
[2014.11.20-02.52.45:567][567]LogSlate:Warning: GetFontFace failed to load or process 'Roboto-Regular'
[2014.11.20-02.52.45:568][567]LogSlate:Warning: GetFontFace failed to load or process 'Roboto-Regular'
[2014.11.20-02.52.45:568][567]LogSlate:Warning: GetFontFace failed to load or process 'Roboto-Regular'
[2014.11.20-02.52.45:568][567]LogSlate:Warning: GetFontFace failed to load or process 'Roboto-Regular'
[2014.11.20-02.52.45:568][567]LogSlate:Warning: GetFontFace failed to load or process 'Roboto-Regular'
[2014.11.20-02.54.28:426][710]Cmd: OBJ SAVEPACKAGE PACKAGE="/Game/Blueprints/MyCharacter" FILE="D:/Study-Session/Trial_third_person/Content/Blueprints/MyCharacter.uasset" SILENT=true
[2014.11.20-02.54.28:833][710]LogSavePackage: Save=390.852966ms
[2014.11.20-02.54.28:833][710]LogSavePackage: Moving 'D:/Study-Session/Trial_third_person/Saved/MyCharacter6995F84A47BCD2B9340FCB912A523E5E.tmp' to 'D:/Study-Session/Trial_third_person/Content/Blueprints/MyCharacter.uasset'
[2014.11.20-02.54.32:089][854]LogActorComponent: UnregisterComponent: (/Engine/Transient.CharacterMovementComponent_0) Not registered. Aborting.
[2014.11.20-02.54.59:934][839]Cmd: OBJ SAVEPACKAGE PACKAGE="/Game/Blueprints/MyCharacter" FILE="D:/Study-Session/Trial_third_person/Content/Blueprints/MyCharacter.uasset" SILENT=true
[2014.11.20-02.55.00:307][839]LogSavePackage: Save=360.402588ms
[2014.11.20-02.55.00:307][839]LogSavePackage: Moving 'D:/Study-Session/Trial_third_person/Saved/MyCharacter9F2C5A724F371BC1A48D91BBA0FF03CD.tmp' to 'D:/Study-Session/Trial_third_person/Content/Blueprints/MyCharacter.uasset'
[2014.11.20-02.55.01:915][890]BlueprintLog: New page: Compile MyCharacter
[2014.11.20-02.55.02:197][890]LogActorComponent: UnregisterComponent: (/Engine/Transient.CharacterMovementComponent_1) Not registered. Aborting.
[2014.11.20-02.55.02:340][890]BlueprintEditorCompileResults: Info [0223.29] Compile of MyCharacter successful! [in 97 ms]
[2014.11.20-02.55.31:868][ 15]Cmd: OBJ SAVEPACKAGE PACKAGE="/Game/Blueprints/MyCharacter" FILE="D:/Study-Session/Trial_third_person/Content/Blueprints/MyCharacter.uasset" SILENT=true
[2014.11.20-02.55.32:270][ 15]LogSavePackage: Save=388.079498ms
[2014.11.20-02.55.32:270][ 15]LogSavePackage: Moving 'D:/Study-Session/Trial_third_person/Saved/MyCharacter7047C3584EF06A642DB10DA856AD5495.tmp' to 'D:/Study-Session/Trial_third_person/Content/Blueprints/MyCharacter.uasset'
[2014.11.20-02.55.41:059][280]LogActorComponent: UnregisterComponent: (/Engine/Transient.CharacterMovementComponent_2) Not registered. Aborting.
[2014.11.20-02.55.54:467][623]Cmd: OBJ SAVEPACKAGE PACKAGE="/Game/Blueprints/MyCharacter" FILE="D:/Study-Session/Trial_third_person/Content/Blueprints/MyCharacter.uasset" SILENT=true
[2014.11.20-02.55.54:847][623]LogSavePackage: Save=366.703827ms
[2014.11.20-02.55.54:847][623]LogSavePackage: Moving 'D:/Study-Session/Trial_third_person/Saved/MyCharacter983E09664F8821A3BE0E648222C5DCC6.tmp' to 'D:/Study-Session/Trial_third_person/Content/Blueprints/MyCharacter.uasset'
[2014.11.20-02.56.32:489][793]BlueprintLog: New page: Compile MyCharacter
[2014.11.20-02.56.32:730][793]LogActorComponent: UnregisterComponent: (/Engine/Transient.CharacterMovementComponent_3) Not registered. Aborting.
[2014.11.20-02.56.32:895][793]BlueprintEditorCompileResults: Info [0313.82] Compile of MyCharacter successful! [in 90 ms]
[2014.11.20-02.57.14:979][990]Cmd: QUIT_EDITOR
[2014.11.20-02.57.15:429][990]LogExit: Preparing to exit.
[2014.11.20-02.57.16:140][990]LogExit: Editor shut down
[2014.11.20-02.57.16:141][990]LogExit: Transaction tracking system shut down
[2014.11.20-02.57.16:142][990]LogParticles: Destroying 0 GPU particle simulations for FXSystem 0x0000000012692660
[2014.11.20-02.57.16:143][990]LogParticles: Destroying 0 GPU particle simulations for FXSystem 0x0000000026C2C180
[2014.11.20-02.57.16:171][990]LogParticles: Destroying 0 GPU particle simulations for FXSystem 0x0000000018B52200
[2014.11.20-02.57.16:171][990]LogExit: Object subsystem successfully closed.
[2014.11.20-02.57.16:254][990]LogModuleManager: Shutting down and abandoning module AndroidDeviceDetection (166)
[2014.11.20-02.57.16:254][990]LogModuleManager: Shutting down and abandoning module CrashTracker (165)
[2014.11.20-02.57.16:254][990]LogModuleManager: Shutting down and abandoning module SuperSearch (164)
[2014.11.20-02.57.16:254][990]LogModuleManager: Shutting down and abandoning module SceneOutliner (163)
[2014.11.20-02.57.16:254][990]LogModuleManager: Shutting down and abandoning module EditorWidgets (162)
[2014.11.20-02.57.16:254][990]LogModuleManager: Shutting down and abandoning module CollectionManager (161)
[2014.11.20-02.57.16:254][990]LogModuleManager: Shutting down and abandoning module StatsViewer (160)
[2014.11.20-02.57.16:254][990]LogModuleManager: Shutting down and abandoning module FoliageEdit (159)
[2014.11.20-02.57.16:254][990]LogModuleManager: Shutting down and abandoning module LandscapeEditor (158)
[2014.11.20-02.57.16:255][990]LogModuleManager: Shutting down and abandoning module MeshPaint (157)
[2014.11.20-02.57.16:255][990]LogModuleManager: Shutting down and abandoning module ActorPickerMode (156)
[2014.11.20-02.57.16:255][990]LogModuleManager: Shutting down and abandoning module GeometryMode (155)
[2014.11.20-02.57.16:255][990]LogModuleManager: Shutting down and abandoning module TextureAlignMode (154)
[2014.11.20-02.57.16:255][990]LogModuleManager: Shutting down and abandoning module BspMode (153)
[2014.11.20-02.57.16:255][990]LogModuleManager: Shutting down and abandoning module PlacementMode (152)
[2014.11.20-02.57.16:255][990]LogModuleManager: Shutting down and abandoning module AutomationWorker (151)
[2014.11.20-02.57.16:255][990]LogModuleManager: Shutting down and abandoning module CharacterAI (150)
[2014.11.20-02.57.16:255][990]LogModuleManager: Shutting down and abandoning module GameProjectGeneration (149)
[2014.11.20-02.57.16:255][990]LogModuleManager: Shutting down and abandoning module IntroTutorials (148)
[2014.11.20-02.57.16:255][990]LogModuleManager: Shutting down and abandoning module EditorLiveStreaming (147)
[2014.11.20-02.57.16:255][990]LogModuleManager: Shutting down and abandoning module HardwareTargeting (146)
[2014.11.20-02.57.16:255][990]LogModuleManager: Shutting down and abandoning module BehaviorTreeEditor (145)
[2014.11.20-02.57.16:255][990]LogModuleManager: Shutting down and abandoning module DeviceProfileEditor (144)
[2014.11.20-02.57.16:255][990]LogModuleManager: Shutting down and abandoning module UndoHistory (143)
[2014.11.20-02.57.16:255][990]LogModuleManager: Shutting down and abandoning module GameplayTagsEditor (142)
[2014.11.20-02.57.16:255][990]LogModuleManager: Shutting down and abandoning module UserFeedback (141)
[2014.11.20-02.57.16:255][990]LogModuleManager: Shutting down and abandoning module XmlParser (140)
[2014.11.20-02.57.16:255][990]LogModuleManager: Shutting down and abandoning module Blutility (139)
[2014.11.20-02.57.16:255][990]LogModuleManager: Shutting down and abandoning module IOSPlatformEditor (138)
[2014.11.20-02.57.16:255][990]LogModuleManager: Shutting down and abandoning module IOSRuntimeSettings (137)
[2014.11.20-02.57.16:255][990]LogModuleManager: Shutting down and abandoning module AndroidPlatformEditor (136)
[2014.11.20-02.57.16:255][990]LogModuleManager: Shutting down and abandoning module AndroidRuntimeSettings (135)
[2014.11.20-02.57.16:255][990]LogModuleManager: Shutting down and abandoning module ProjectTargetPlatformEditor (134)
[2014.11.20-02.57.16:255][990]LogModuleManager: Shutting down and abandoning module ProjectSettingsViewer (133)
[2014.11.20-02.57.16:255][990]LogModuleManager: Shutting down and abandoning module InputBindingEditor (132)
[2014.11.20-02.57.16:256][990]LogModuleManager: Shutting down and abandoning module EditorSettingsViewer (131)
[2014.11.20-02.57.16:256][990]LogModuleManager: Shutting down and abandoning module SettingsEditor (130)
[2014.11.20-02.57.16:256][990]LogModuleManager: Shutting down and abandoning module ProjectLauncher (129)
[2014.11.20-02.57.16:256][990]LogModuleManager: Shutting down and abandoning module SessionFrontend (128)
[2014.11.20-02.57.16:256][990]LogModuleManager: Shutting down and abandoning module ProfilerClient (127)
[2014.11.20-02.57.16:256][990]LogModuleManager: Shutting down and abandoning module TargetDeviceServices (126)
[2014.11.20-02.57.16:256][990]LogModuleManager: Shutting down and abandoning module DeviceManager (125)
[2014.11.20-02.57.16:256][990]LogModuleManager: Shutting down and abandoning module AutomationController (124)
[2014.11.20-02.57.16:256][990]LogModuleManager: Shutting down and abandoning module AutomationWindow (123)
[2014.11.20-02.57.16:256][990]LogModuleManager: Shutting down and abandoning module Layers (122)
[2014.11.20-02.57.16:256][990]LogModuleManager: Shutting down and abandoning module ComponentVisualizers (121)
[2014.11.20-02.57.16:256][990]LogModuleManager: Shutting down and abandoning module DetailCustomizations (120)
[2014.11.20-02.57.16:256][990]LogModuleManager: Shutting down and abandoning module PackagesDialog (119)
[2014.11.20-02.57.16:256][990]LogModuleManager: Shutting down and abandoning module AssetRegistry (118)
[2014.11.20-02.57.16:285][990]LogModuleManager: Shutting down and abandoning module Persona (117)
[2014.11.20-02.57.16:285][990]LogModuleManager: Shutting down and abandoning module Kismet (116)
[2014.11.20-02.57.16:285][990]LogModuleManager: Shutting down and abandoning module GraphEditor (115)
[2014.11.20-02.57.16:285][990]LogModuleManager: Shutting down and abandoning module ClassViewer (114)
[2014.11.20-02.57.16:285][990]LogModuleManager: Shutting down and abandoning module Toolbox (113)
[2014.11.20-02.57.16:285][990]LogModuleManager: Shutting down and abandoning module ModuleUI (112)
[2014.11.20-02.57.16:285][990]LogModuleManager: Shutting down and abandoning module MovieSceneTools (111)
[2014.11.20-02.57.16:285][990]LogModuleManager: Shutting down and abandoning module OutputLog (110)
[2014.11.20-02.57.16:285][990]LogModuleManager: Shutting down and abandoning module GammaUI (109)
[2014.11.20-02.57.16:285][990]LogModuleManager: Shutting down and abandoning module Documentation (108)
[2014.11.20-02.57.16:285][990]LogModuleManager: Shutting down and abandoning module GameLiveStreaming (107)
[2014.11.20-02.57.16:285][990]LogModuleManager: Shutting down and abandoning module StreamingPauseRendering (106)
[2014.11.20-02.57.16:285][990]LogModuleManager: Shutting down and abandoning module HTTP (105)
[2014.11.20-02.57.16:285][990]LogModuleManager: Shutting down and abandoning module AnalyticsET (104)
[2014.11.20-02.57.16:285][990]LogModuleManager: Shutting down and abandoning module Analytics (103)
[2014.11.20-02.57.16:285][990]LogModuleManager: Shutting down and abandoning module GameplayDebugger (102)
[2014.11.20-02.57.16:285][990]LogModuleManager: Shutting down and abandoning module AIModule (101)
[2014.11.20-02.57.16:285][990]LogModuleManager: Shutting down and abandoning module ProfilerService (100)
[2014.11.20-02.57.16:402][990]LogModuleManager: Shutting down and abandoning module TaskGraph (99)
[2014.11.20-02.57.16:402][990]LogModuleManager: Shutting down and abandoning module SlateRemote (98)
[2014.11.20-02.57.16:402][990]LogModuleManager: Shutting down and abandoning module ScriptEditorPlugin (97)
[2014.11.20-02.57.16:402][990]LogModuleManager: Shutting down and abandoning module CustomMeshComponent (96)
[2014.11.20-02.57.16:402][990]LogModuleManager: Shutting down and abandoning module CableComponent (95)
[2014.11.20-02.57.16:402][990]LogModuleManager: Shutting down and abandoning module MessagingDebugger (94)
[2014.11.20-02.57.16:402][990]LogModuleManager: Shutting down and abandoning module MediaPlayerEditor (93)
[2014.11.20-02.57.16:402][990]LogModuleManager: Shutting down and abandoning module SpeedTreeImporter (92)
[2014.11.20-02.57.16:402][990]LogModuleManager: Shutting down and abandoning module PluginsEditor (91)
[2014.11.20-02.57.16:402][990]LogModuleManager: Shutting down and abandoning module EpicSurvey (90)
[2014.11.20-02.57.16:402][990]LogModuleManager: Shutting down and abandoning module DesktopPlatform (89)
[2014.11.20-02.57.16:402][990]LogModuleManager: Shutting down and abandoning module VisualStudioSourceCodeAccess (88)
[2014.11.20-02.57.16:402][990]LogModuleManager: Shutting down and abandoning module UObjectPlugin (87)
[2014.11.20-02.57.16:402][990]LogModuleManager: Shutting down and abandoning module SubversionSourceControl (86)
[2014.11.20-02.57.16:402][990]LogModuleManager: Shutting down and abandoning module SourceControl (85)
[2014.11.20-02.57.16:402][990]LogModuleManager: Shutting down and abandoning module PerforceSourceControl (84)
[2014.11.20-02.57.16:402][990]LogModuleManager: Shutting down and abandoning module BlankPlugin (83)
[2014.11.20-02.57.16:402][990]LogModuleManager: Shutting down and abandoning module SlateReflector (82)
[2014.11.20-02.57.16:402][990]LogModuleManager: Shutting down and abandoning module DirectoryWatcher (81)
[2014.11.20-02.57.16:402][990]LogModuleManager: Shutting down and abandoning module HotReload (80)
[2014.11.20-02.57.16:402][990]LogModuleManager: Shutting down and abandoning module MainFrame (79)
[2014.11.20-02.57.16:402][990]LogModuleManager: Shutting down and abandoning module LevelEditor (78)
[2014.11.20-02.57.16:403][990]LogModuleManager: Shutting down and abandoning module ViewportSnapping (77)
[2014.11.20-02.57.16:403][990]LogModuleManager: Shutting down and abandoning module SmartSnapping (76)
[2014.11.20-02.57.16:403][990]LogModuleManager: Shutting down and abandoning module PaperTiledImporter (75)
[2014.11.20-02.57.16:403][990]LogModuleManager: Shutting down and abandoning module PaperJsonImporter (74)
[2014.11.20-02.57.16:403][990]LogModuleManager: Shutting down and abandoning module ContentBrowser (73)
[2014.11.20-02.57.16:403][990]LogModuleManager: Shutting down and abandoning module PropertyEditor (72)
[2014.11.20-02.57.16:403][990]LogModuleManager: Shutting down and abandoning module Paper2DEditor (71)
[2014.11.20-02.57.16:403][990]LogModuleManager: Shutting down and abandoning module ScriptPlugin (70)
[2014.11.20-02.57.16:403][990]LogModuleManager: Shutting down and abandoning module UdpMessaging (69)
[2014.11.20-02.57.16:503][990]LogModuleManager: Shutting down and abandoning module Paper2D (68)
[2014.11.20-02.57.16:503][990]LogModuleManager: Shutting down and abandoning module WindowsMoviePlayer (67)
[2014.11.20-02.57.16:506][990]LogModuleManager: Shutting down and abandoning module Media (66)
[2014.11.20-02.57.16:506][990]LogModuleManager: Shutting down and abandoning module WmfMedia (65)
[2014.11.20-02.57.16:507][990]LogModuleManager: Shutting down and abandoning module OnlineBlueprintSupport (64)
[2014.11.20-02.57.16:507][990]LogModuleManager: Shutting down and abandoning module FunctionalTesting (63)
[2014.11.20-02.57.16:507][990]LogModuleManager: Shutting down and abandoning module CollisionAnalyzer (62)
[2014.11.20-02.57.16:507][990]LogModuleManager: Shutting down and abandoning module WorkspaceMenuStructure (61)
[2014.11.20-02.57.16:507][990]LogModuleManager: Shutting down and abandoning module MessageLog (60)
[2014.11.20-02.57.16:507][990]LogModuleManager: Shutting down and abandoning module Sequencer (59)
[2014.11.20-02.57.16:507][990]LogModuleManager: Shutting down and abandoning module AssetTools (58)
[2014.11.20-02.57.16:507][990]LogModuleManager: Shutting down and abandoning module UMGEditor (57)
[2014.11.20-02.57.16:507][990]LogModuleManager: Shutting down and abandoning module UMG (56)
[2014.11.20-02.57.16:507][990]LogModuleManager: Shutting down and abandoning module Slate (55)
[2014.11.20-02.57.16:507][990]LogModuleManager: Shutting down and abandoning module EditorStyle (54)
[2014.11.20-02.57.16:508][990]LogModuleManager: Shutting down and abandoning module SessionServices (53)
[2014.11.20-02.57.16:508][990]LogModuleManager: Shutting down and abandoning module SourceCodeAccess (52)
[2014.11.20-02.57.16:509][990]LogModuleManager: Shutting down and abandoning module HeadMountedDisplay (51)
[2014.11.20-02.57.16:509][990]LogModuleManager: Shutting down and abandoning module XAudio2 (50)
[2014.11.20-02.57.16:509][990]LogModuleManager: Shutting down and abandoning module Networking (48)
[2014.11.20-02.57.16:509][990]LogModuleManager: Shutting down and abandoning module Core (47)
[2014.11.20-02.57.16:509][990]LogModuleManager: Shutting down and abandoning module KismetCompiler (46)
[2014.11.20-02.57.16:509][990]LogModuleManager: Shutting down and abandoning module PhysXFormats (45)
[2014.11.20-02.57.16:509][990]LogModuleManager: Shutting down and abandoning module MeshUtilities (44)
[2014.11.20-02.57.16:509][990]LogModuleManager: Shutting down and abandoning module DerivedDataCache (43)
[2014.11.20-02.57.16:587][990]LogDerivedDataCache: Shutdown
[2014.11.20-02.57.16:587][990]LogModuleManager: Shutting down and abandoning module ShaderFormatOpenGL (42)
[2014.11.20-02.57.16:587][990]LogModuleManager: Shutting down and abandoning module ShaderFormatD3D (41)
[2014.11.20-02.57.16:587][990]LogModuleManager: Shutting down and abandoning module MetalShaderFormat (40)
[2014.11.20-02.57.16:587][990]LogModuleManager: Shutting down and abandoning module TextureFormatUncompressed (39)
[2014.11.20-02.57.16:587][990]LogModuleManager: Shutting down and abandoning module TextureFormatPVR (38)
[2014.11.20-02.57.16:587][990]LogModuleManager: Shutting down and abandoning module TextureFormatDXT (37)
[2014.11.20-02.57.16:587][990]LogModuleManager: Shutting down and abandoning module TextureFormatAndroid (36)
[2014.11.20-02.57.16:587][990]LogModuleManager: Shutting down and abandoning module AudioFormatOpus (35)
[2014.11.20-02.57.16:587][990]LogModuleManager: Shutting down and abandoning module AudioFormatOgg (34)
[2014.11.20-02.57.16:587][990]LogModuleManager: Shutting down and abandoning module AudioFormatADPCM (33)
[2014.11.20-02.57.16:587][990]LogModuleManager: Shutting down and abandoning module Messaging (32)
[2014.11.20-02.57.16:587][990]LogModuleManager: Shutting down and abandoning module IOSTargetPlatform (31)
[2014.11.20-02.57.16:587][990]LogModuleManager: Shutting down and abandoning module Android_PVRTCTargetPlatform (30)
[2014.11.20-02.57.16:587][990]LogModuleManager: Shutting down and abandoning module Android_ETC2TargetPlatform (29)
[2014.11.20-02.57.16:587][990]LogModuleManager: Shutting down and abandoning module Android_ETC1TargetPlatform (28)
[2014.11.20-02.57.16:587][990]LogModuleManager: Shutting down and abandoning module Android_DXTTargetPlatform (27)
[2014.11.20-02.57.16:587][990]LogModuleManager: Shutting down and abandoning module Android_ATCTargetPlatform (26)
[2014.11.20-02.57.16:587][990]LogModuleManager: Shutting down and abandoning module AndroidTargetPlatform (25)
[2014.11.20-02.57.16:587][990]LogModuleManager: Shutting down and abandoning module WindowsTargetPlatform (24)
[2014.11.20-02.57.16:587][990]LogModuleManager: Shutting down and abandoning module WindowsServerTargetPlatform (23)
[2014.11.20-02.57.16:587][990]LogModuleManager: Shutting down and abandoning module WindowsNoEditorTargetPlatform (22)
[2014.11.20-02.57.16:587][990]LogModuleManager: Shutting down and abandoning module WindowsClientTargetPlatform (21)
[2014.11.20-02.57.16:587][990]LogModuleManager: Shutting down and abandoning module TargetPlatform (20)
[2014.11.20-02.57.16:587][990]LogModuleManager: Shutting down and abandoning module InputCore (19)
[2014.11.20-02.57.16:587][990]LogModuleManager: Shutting down and abandoning module Settings (18)
[2014.11.20-02.57.16:587][990]LogModuleManager: Shutting down and abandoning module ImageWrapper (17)
[2014.11.20-02.57.16:587][990]LogModuleManager: Shutting down and abandoning module OculusRift (14)
[2014.11.20-02.57.16:587][990]LogModuleManager: Shutting down and abandoning module ExampleDeviceProfileSelector (13)
[2014.11.20-02.57.16:587][990]LogModuleManager: Shutting down and abandoning module TextureCompressor (12)
[2014.11.20-02.57.16:587][990]LogModuleManager: Shutting down and abandoning module ShaderCore (11)
[2014.11.20-02.57.16:587][990]LogModuleManager: Shutting down and abandoning module SlateRHIRenderer (10)
[2014.11.20-02.57.16:589][990]LogModuleManager: Shutting down and abandoning module OpenGLDrv (9)
[2014.11.20-02.57.16:589][990]LogModuleManager: Shutting down and abandoning module D3D11RHI (8)
[2014.11.20-02.57.16:589][990]LogModuleManager: Shutting down and abandoning module Renderer (7)
[2014.11.20-02.57.16:589][990]LogModuleManager: Shutting down and abandoning module Engine (6)
[2014.11.20-02.57.16:589][990]LogModuleManager: Shutting down and abandoning module CoreUObject (5)
[2014.11.20-02.57.16:589][990]LogModuleManager: Shutting down and abandoning module NetworkFile (4)
[2014.11.20-02.57.16:589][990]LogModuleManager: Shutting down and abandoning module StreamingFile (3)
[2014.11.20-02.57.16:589][990]LogModuleManager: Shutting down and abandoning module SandboxFile (2)
[2014.11.20-02.57.16:589][990]LogModuleManager: Shutting down and abandoning module PakFile (1)
[2014.11.20-02.57.16:590][990]LogExit: Exiting.
[2014.11.20-02.57.16:595][990]Log file closed, 11/19/14 18:57:16
