Log file open, 12/13/14 12:47:26
LogInit:Display: Running engine for game: Trial_third_person
LogInit: Version: 4.5.1-2336687+++depot+UE4-Releases+4.5
LogInit: API Version: 2326478
LogInit: Compiled (64-bit): Oct 21 2014 22:32:40
LogInit: Compiled with Visual C++: 18.00.21005.01
LogInit: Build Configuration: Development
LogInit: Branch Name: ++depot+UE4-Releases+4.5
LogInit: Command line:  
LogInit: Base directory: C:/Program Files/Epic Games/4.5/Engine/Binaries/Win64/
LogInit: Rocket: 1
[2014.12.13-20.47.26:119][  0]LogTaskGraph: Started task graph with 3 named threads and 4 total threads.
[2014.12.13-20.47.26:149][  0]LogOnline:Warning: No default platform service specified for OnlineSubsystem
[2014.12.13-20.47.26:172][  0]LogInit: Presizing for 0 objects not considered by GC, pre-allocating 0 bytes.
[2014.12.13-20.47.26:186][  0]LogInit: Object subsystem initialized
[2014.12.13-20.47.26:190][  0]LogConsoleResponse:Warning: Skipping Unknown console variable: 'UIScaleRule = ShortestSide'
[2014.12.13-20.47.26:190][  0]LogConsoleResponse:Warning:   Found in ini file 'C:/Users/Jeremy/Documents/GitHub/Study-Session/Trial_third_person/Saved/Config/Windows/Engine.ini', in section '[/Script/Engine.RendererSettings]'
[2014.12.13-20.47.26:190][  0]LogConsoleResponse:Warning: Skipping Unknown console variable: 'UIScaleCurve = (EditorCurveData=(Keys=((Time=480.000000,Value=0.444000),(Time=720.000000,Value=0.666000),(Time=1080.000000,Value=1.000000),(Time=8640.000000,Value=8.000000))),ExternalCurve=None)'
[2014.12.13-20.47.26:190][  0]LogConsoleResponse:Warning:   Found in ini file 'C:/Users/Jeremy/Documents/GitHub/Study-Session/Trial_third_person/Saved/Config/Windows/Engine.ini', in section '[/Script/Engine.RendererSettings]'
[2014.12.13-20.47.26:191][  0]LogInit: Selected Device Profile: [Windows]
[2014.12.13-20.47.26:191][  0]LogInit: Applying CVar settings loaded from the selected device profile: [Windows]
[2014.12.13-20.47.26:201][  0]LogInit: Computer: BRIANA-DESKTOP
[2014.12.13-20.47.26:201][  0]LogInit: User: Jeremy
[2014.12.13-20.47.26:202][  0]LogInit: CPU Page size=4096, Cores=4
[2014.12.13-20.47.26:202][  0]LogInit: High frequency timer resolution =14.318180 MHz
[2014.12.13-20.47.26:202][  0]LogMemory: Memory total: Physical=8.0GB (8GB approx) Virtual=8192.0GB
[2014.12.13-20.47.26:202][  0]LogMemory: Platform Memory Stats for Windows
[2014.12.13-20.47.26:202][  0]LogMemory: Process Physical Memory: 63.80 MB used, 63.80 MB peak
[2014.12.13-20.47.26:202][  0]LogMemory: Process Virtual Memory: 39.36 MB used, 39.36 MB peak
[2014.12.13-20.47.26:202][  0]LogMemory: Physical Memory: 2650.27 MB used, 8183.89 MB total
[2014.12.13-20.47.26:202][  0]LogMemory: Virtual Memory: 272.54 MB used, 8388608.00 MB total
[2014.12.13-20.47.26:238][  0]LogD3D11RHI: Found D3D11 adapter 0: NVIDIA GeForce GTX 550 Ti (Feature Level 11_0)
[2014.12.13-20.47.26:238][  0]LogD3D11RHI: Adapter has 977MB of dedicated video memory, 0MB of dedicated system memory, and 3071MB of shared system memory, 2 output[s]
[2014.12.13-20.47.26:238][  0]LogD3D11RHI: Chosen D3D11 Adapter Id = 0
[2014.12.13-20.47.26:246][  0]LogRHI: Texture pool is 684 MB (70% of 977 MB)
[2014.12.13-20.47.26:255][  0]LogD3D11RHI: Async texture creation enabled
[2014.12.13-20.47.26:304][  0]LogTextLocalizationManager: The requested culture ('en_US') has no localization data; parent culture's ('en') localization data will be used.
[2014.12.13-20.47.26:495][  0]LogContentStreaming: Texture pool size is 0.000000MB
[2014.12.13-20.47.32:448][  0]LogTargetPlatformManager:Display: Building Assets For Windows
[2014.12.13-20.47.32:930][  0]LogTargetPlatformManager:Display: Building Assets For Windows
[2014.12.13-20.47.32:995][  0]LogDerivedDataCache:Display: Max Cache Size: 512 MB
[2014.12.13-20.47.33:074][  0]LogDerivedDataCache: Loaded boot cache 0.08s 39MB C:/Users/Jeremy/AppData/Local/UnrealEngine/4.5/DerivedDataCache/Boot.ddc.
[2014.12.13-20.47.33:074][  0]LogDerivedDataCache:Display: Loaded Boot cache: C:/Users/Jeremy/AppData/Local/UnrealEngine/4.5/DerivedDataCache/Boot.ddc
[2014.12.13-20.47.33:074][  0]LogDerivedDataCache: FDerivedDataBackendGraph:  Pak pak cache file ../../../../../../Users/Jeremy/Documents/GitHub/Study-Session/Trial_third_person/DerivedDataCache/DDC.ddp not found, will not use a pak cache.
[2014.12.13-20.47.33:074][  0]LogDerivedDataCache: Unable to find inner node Pak for hierarchical cache Hierarchy.
[2014.12.13-20.47.33:155][  0]LogDerivedDataCache:Display: Pak cache opened for reading ../../../Engine/DerivedDataCache/DDC.ddp.
[2014.12.13-20.47.33:167][  0]LogDerivedDataCache: Using Local data cache path C:/Users/Jeremy/AppData/Local/UnrealEngine/Common/DerivedDataCache: Writable
[2014.12.13-20.47.33:401][  0]LogMeshUtilities: No automatic mesh reduction module available
[2014.12.13-20.47.33:401][  0]LogMeshUtilities: No automatic mesh merging module available
[2014.12.13-20.47.33:744][  0]LogLinker:Warning: Asset '../../../Engine/Content/Functions/Engine_MaterialFunctions02/Texturing/FlipBook.uasset' has been saved with empty engine version. The asset will be loaded but may be incompatible.
[2014.12.13-20.47.33:748][  0]LogLinker:Warning: Asset '../../../Engine/Content/Functions/Engine_MaterialFunctions02/ExampleContent/Textures/flipbook.uasset' has been saved with empty engine version. The asset will be loaded but may be incompatible.
[2014.12.13-20.47.33:976][  0]LogInit: WinSock: version 1.1 (2.2), MaxSocks=32767, MaxUdp=65467
[2014.12.13-20.47.34:924][  0]UdpMessaging: Initializing bridge on interface 0.0.0.0:0 to multicast group 230.0.0.1:6666.
[2014.12.13-20.47.35:178][  0]LogDirectoryWatcher:Warning: Failed to begin reading directory changes for C:/Users/Jeremy/Documents/GitHub/Study-Session/Trial_third_person/Binaries/Win64. Error: 0
[2014.12.13-20.47.35:338][  0]SourceControl: Info Source control is disabled
[2014.12.13-20.47.35:339][  0]SourceControl: Info Source control is disabled
[2014.12.13-20.47.35:346][  0]SourceControl: Info Source control is disabled
[2014.12.13-20.47.35:894][  0]LogObj: 22915 objects as part of root set at end of initial load.
[2014.12.13-20.47.35:894][  0]LogUObjectAllocator: 4803536 out of 0 bytes used by permanent object pool.
[2014.12.13-20.47.35:968][  0]LogEngine: Initializing Engine...
[2014.12.13-20.47.36:159][  0]LogInit: XAudio2 using 'Speakers (Realtek High Definition Audio)' : 2 channels at 48 kHz using 32 bits per sample (channel mask 0x3)
[2014.12.13-20.47.36:223][  0]LogInit: FAudioDevice initialized.
[2014.12.13-20.47.36:246][  0]LogAIModule: Creating AISystem for world NewWorld
[2014.12.13-20.47.36:284][  0]LogDerivedDataCache: Saved boot cache 0.04s 39MB C:/Users/Jeremy/AppData/Local/UnrealEngine/4.5/DerivedDataCache/Boot.ddc.
[2014.12.13-20.47.36:297][  0]LogInit: Texture streaming: Enabled
[2014.12.13-20.47.36:345][  0]LogInit: Transaction tracking system initialized
[2014.12.13-20.47.36:444][  0]BlueprintLog: New page: Editor Load
[2014.12.13-20.47.36:476][  0]LogAssetRegistry: FAssetRegistry took 0.0103 seconds to start up
[2014.12.13-20.47.36:477][  0]LogDirectoryWatcher:Warning: Failed to begin reading directory changes for ../../../Engine/Plugins/Experimental/CharacterAI/Content/. Error: 0
[2014.12.13-20.47.37:010][  0]LogTargetPlatformManager:Display: Building Assets For Windows
[2014.12.13-20.47.37:403][  0]LogTargetPlatformManager:Display: Building Assets For Windows
[2014.12.13-20.47.37:625][  0]LogConsoleResponse:Display: 
[2014.12.13-20.47.38:128][  0]SourceControl: Info Source control is disabled
[2014.12.13-20.47.38:129][  0]Cmd: MAP LOAD FILE="../../../../../../Users/Jeremy/Documents/GitHub/Study-Session/Trial_third_person/Content/Maps/StartMenuLevel.umap" TEMPLATE=0 SHOWPROGRESS=1
[2014.12.13-20.47.38:129][  0]LightingResults: New page: Lighting Build
[2014.12.13-20.47.38:140][  0]MapCheck: New page: Map Check
[2014.12.13-20.47.38:140][  0]LightingResults: New page: Lighting Build
[2014.12.13-20.47.38:161][  0]LogParticles: Destroying 0 GPU particle simulations for FXSystem 0x00000000117E9A80
[2014.12.13-20.47.38:232][  0]LogEditorServer: Finished looking for orphan Actors (0.000 secs)
[2014.12.13-20.47.38:232][  0]LogAIModule: Creating AISystem for world StartMenuLevel
[2014.12.13-20.47.38:233][  0]Cmd: MAP CHECKDEP
[2014.12.13-20.47.38:233][  0]MapCheck: New page: StartMenuLevel - Dec 13, 2014, 4:47:38 AM
[2014.12.13-20.47.38:328][  0]MapCheck: Info Map check complete: 0 Error(s), 0 Warning(s), took 95.455ms to complete.
[2014.12.13-20.47.38:328][  0]LogFileHelpers: Loading map 'StartMenuLevel' took 0.200
[2014.12.13-20.47.38:419][  0]LogCollectionManager: Loaded 0 collections in 0.001168 seconds
[2014.12.13-20.47.38:556][  0]LogCrashTracker: Crashtracker disabled due to settings.
[2014.12.13-20.47.38:593][  0]LogUObjectGlobals:Warning: Failed to find object 'Class None.'
[2014.12.13-20.47.38:621][  0]LogLoad: Full Startup: 14.96 seconds (BP compile: 0.04 seconds)
[2014.12.13-20.47.38:971][  0]LogContentBrowser:Verbose: The content browser source was changed by the sources view to '/Game/Maps'
[2014.12.13-20.47.39:260][  0]LogRenderer:Warning: Reallocating scene render targets to support 976x880.
[2014.12.13-20.47.40:739][  5]LogAssetRegistry: Asset discovery search completed in 4.2739 seconds
[2014.12.13-20.51.15:136][650]LogContentBrowser:Verbose: The content browser source was changed by the sources view to '/Game'
[2014.12.13-20.52.37:997][968]LogSlate:Warning: GetFontFace failed to load or process 'Roboto-Regular'
[2014.12.13-20.52.37:997][968]LogSlate:Warning: GetFontFace failed to load or process 'Roboto-Regular'
[2014.12.13-20.52.37:997][968]LogSlate:Warning: GetFontFace failed to load or process 'Roboto-Regular'
[2014.12.13-20.52.37:998][968]LogSlate:Warning: GetFontFace failed to load or process 'Roboto-Regular'
[2014.12.13-20.52.37:998][968]LogSlate:Warning: GetFontFace failed to load or process 'Roboto-Regular'
[2014.12.13-20.52.37:998][968]LogSlate:Warning: GetFontFace failed to load or process 'Roboto-Regular'
[2014.12.13-20.52.37:998][968]LogSlate:Warning: GetFontFace failed to load or process 'Roboto-Regular'
[2014.12.13-20.52.37:998][968]LogSlate:Warning: GetFontFace failed to load or process 'Roboto-Regular'
[2014.12.13-20.52.37:998][968]LogSlate:Warning: GetFontFace failed to load or process 'Roboto-Regular'
[2014.12.13-20.52.37:998][968]LogSlate:Warning: GetFontFace failed to load or process 'Roboto-Regular'
[2014.12.13-20.52.37:998][968]LogSlate:Warning: GetFontFace failed to load or process 'Roboto-Regular'
[2014.12.13-20.52.37:998][968]LogSlate:Warning: GetFontFace failed to load or process 'Roboto-Regular'
[2014.12.13-20.52.37:998][968]LogSlate:Warning: GetFontFace failed to load or process 'Roboto-Regular'
[2014.12.13-20.52.37:998][968]LogSlate:Warning: GetFontFace failed to load or process 'Roboto-Regular'
[2014.12.13-20.52.37:998][968]LogSlate:Warning: GetFontFace failed to load or process 'Roboto-Regular'
[2014.12.13-20.52.37:998][968]LogSlate:Warning: GetFontFace failed to load or process 'Roboto-Regular'
[2014.12.13-20.52.37:998][968]LogSlate:Warning: GetFontFace failed to load or process 'Roboto-Regular'
[2014.12.13-20.52.37:999][968]LogSlate:Warning: GetFontFace failed to load or process 'Roboto-Regular'
[2014.12.13-20.52.37:999][968]LogSlate:Warning: GetFontFace failed to load or process 'Roboto-Regular'
[2014.12.13-20.52.48:768][524]LogSlate:Warning: GetFontFace failed to load or process 'Roboto-Regular'
[2014.12.13-20.52.48:769][524]LogSlate:Warning: GetFontFace failed to load or process 'Roboto-Regular'
[2014.12.13-20.52.48:769][524]LogSlate:Warning: GetFontFace failed to load or process 'Roboto-Regular'
[2014.12.13-20.52.48:769][524]LogSlate:Warning: GetFontFace failed to load or process 'Roboto-Regular'
[2014.12.13-20.52.48:769][524]LogSlate:Warning: GetFontFace failed to load or process 'Roboto-Regular'
[2014.12.13-20.52.48:769][524]LogSlate:Warning: GetFontFace failed to load or process 'Roboto-Regular'
[2014.12.13-20.52.48:769][524]LogSlate:Warning: GetFontFace failed to load or process 'Roboto-Regular'
[2014.12.13-20.53.01:604][220]LogSlate:Warning: GetFontFace failed to load or process 'Roboto-Regular'
[2014.12.13-20.53.01:604][220]LogSlate:Warning: GetFontFace failed to load or process 'Roboto-Regular'
[2014.12.13-20.53.26:067][259]LogContentBrowser:Verbose: The content browser source was changed by the sources view to '/Game/Blueprints'
[2014.12.13-20.53.26:645][290]LogContentBrowser:Verbose: The content browser source was changed by the sources view to '/Game/Character'
[2014.12.13-20.53.31:598][586]LogContentBrowser:Verbose: The content browser source was changed by the sources view to '/Game/Blueprints'
[2014.12.13-20.55.39:699][260]LogSlate:Warning: GetFontFace failed to load or process 'Roboto-Regular'
[2014.12.13-20.55.39:699][260]LogSlate:Warning: GetFontFace failed to load or process 'Roboto-Regular'
[2014.12.13-20.55.58:015][214]LogSlate:Warning: Prevented a slow task dialog from being summoned while a context menu was open
[2014.12.13-20.56.29:086][726]LogSlate:Warning: GetFontFace failed to load or process 'Roboto-Regular'
[2014.12.13-20.56.29:086][726]LogSlate:Warning: GetFontFace failed to load or process 'Roboto-Regular'
[2014.12.13-20.56.29:086][726]LogSlate:Warning: GetFontFace failed to load or process 'Roboto-Regular'
[2014.12.13-20.56.29:086][726]LogSlate:Warning: GetFontFace failed to load or process 'Roboto-Regular'
[2014.12.13-20.57.55:109][555]LogActorComponent: UnregisterComponent: (/Engine/Transient.CharacterMovementComponent_0) Not registered. Aborting.
[2014.12.13-20.57.55:199][555]LogFileHelpers: Editor autosave (incl. sublevels) for '/Game/Maps/StartMenuLevel' took 0.091
[2014.12.13-20.57.55:216][555]OBJ SavePackage: Generating thumbnails for [0] asset(s) in package [/Game/Pause_Menu] ([1] browsable assets)...
[2014.12.13-20.57.55:223][555]OBJ SavePackage: Finished generating thumbnails for package [/Game/Pause_Menu]
[2014.12.13-20.57.55:379][555]LogSavePackage: Save=37.290005ms
[2014.12.13-20.57.55:379][555]LogSavePackage: Moving '../../../../../../Users/Jeremy/Documents/GitHub/Study-Session/Trial_third_person/Saved/Pause_Menu_Auto1EC9BAF69418A1C6A1C4C0AAB9171D88C.tmp' to '../../../../../../Users/Jeremy/Documents/GitHub/Study-Session/Trial_third_person/Saved/Autosaves/Game/Pause_Menu_Auto1.uasset'
[2014.12.13-20.57.55:389][555]LogFileHelpers: Auto-saving content packages took 0.190
[2014.12.13-21.00.30:037][648]BlueprintLog: New page: Compile Pause_Menu
[2014.12.13-21.00.30:192][648]BlueprintEditorCompileResults: Info [0786.40] Compile of Pause_Menu successful! [in 6 ms]
[2014.12.13-21.00.31:448][704]Cmd: OBJ SAVEPACKAGE PACKAGE="/Game/Pause_Menu" FILE="../../../../../../Users/Jeremy/Documents/GitHub/Study-Session/Trial_third_person/Content/Pause_Menu.uasset" SILENT=true
[2014.12.13-21.00.31:567][704]LogSavePackage: Save=33.390625ms
[2014.12.13-21.00.31:567][704]LogSavePackage: Moving '../../../../../../Users/Jeremy/Documents/GitHub/Study-Session/Trial_third_person/Saved/Pause_Menu0C567DBF4C01E4A7922CC78D32C0DFAA.tmp' to '../../../../../../Users/Jeremy/Documents/GitHub/Study-Session/Trial_third_person/Content/Pause_Menu.uasset'
[2014.12.13-21.00.39:476][204]LogContentBrowser:Verbose: The content browser source was changed by the sources view to '/Game/Maps'
[2014.12.13-21.00.55:895][573]LogActorComponent: UnregisterComponent: (/Engine/Transient.CharacterMovementComponent_1) Not registered. Aborting.
[2014.12.13-21.00.55:963][573]Cmd: MAP LOAD FILE="../../../../../../Users/Jeremy/Documents/GitHub/Study-Session/Trial_third_person/Content/Maps/FinalLevel.umap" TEMPLATE=0 SHOWPROGRESS=1
[2014.12.13-21.00.55:963][573]LightingResults: New page: Lighting Build
[2014.12.13-21.00.56:002][573]LoadErrors: New page: Loading map: FinalLevel.umap
[2014.12.13-21.00.56:003][573]MapCheck: New page: Map Check
[2014.12.13-21.00.56:003][573]LightingResults: New page: Lighting Build
[2014.12.13-21.00.56:032][573]LogParticles: Destroying 0 GPU particle simulations for FXSystem 0x000000000DE1E8E0
[2014.12.13-21.00.56:033][573]LogParticles: Destroying 0 GPU particle simulations for FXSystem 0x000000001DD72CA0
[2014.12.13-21.00.56:055][573]LogEditorServer: Finished looking for orphan Actors (0.000 secs)
[2014.12.13-21.00.56:055][573]LogAIModule: Creating AISystem for world FinalLevel
[2014.12.13-21.00.56:113][573]Cmd: MAP CHECKDEP
[2014.12.13-21.00.56:113][573]MapCheck: New page: FinalLevel - Dec 13, 2014, 5:00:56 AM
[2014.12.13-21.00.56:259][573]MapCheck: Info Map check complete: 0 Error(s), 0 Warning(s), took 146.078ms to complete.
[2014.12.13-21.00.56:259][573]LogFileHelpers: Loading map 'FinalLevel' took 0.299
[2014.12.13-21.01.11:074][474]LogContentBrowser:Verbose: The content browser source was changed by the sources view to '/Game/Character'
[2014.12.13-21.01.13:105][568]LogContentBrowser:Verbose: The content browser source was changed by the sources view to '/Game/Blueprints'
[2014.12.13-21.01.47:259][969]Cmd: OBJ SAVEPACKAGE PACKAGE="/Game/Blueprints/MyCharacter" FILE="../../../../../../Users/Jeremy/Documents/GitHub/Study-Session/Trial_third_person/Content/Blueprints/MyCharacter.uasset" SILENT=true
[2014.12.13-21.01.47:889][969]LogSavePackage: Save=516.070190ms
[2014.12.13-21.01.47:890][969]LogSavePackage: Moving '../../../../../../Users/Jeremy/Documents/GitHub/Study-Session/Trial_third_person/Saved/MyCharacterBCDA6F114ADFE675E560ACBB7ECC442F.tmp' to '../../../../../../Users/Jeremy/Documents/GitHub/Study-Session/Trial_third_person/Content/Blueprints/MyCharacter.uasset'
[2014.12.13-21.01.52:789][325]LogContentBrowser:Verbose: The content browser source was changed by the sources view to '/Game/Maps'
[2014.12.13-21.01.55:679][541]LogActorComponent: UnregisterComponent: (/Engine/Transient.CharacterMovementComponent_2) Not registered. Aborting.
[2014.12.13-21.01.55:679][541]LogActorComponent: UnregisterComponent: (/Engine/Transient.ProjectileMovementComponent_0) Not registered. Aborting.
[2014.12.13-21.01.55:715][541]LogParticles: Destroying 0 GPU particle simulations for FXSystem 0x000000001F4B42C0
[2014.12.13-21.01.55:731][541]Cmd: MAP LOAD FILE="../../../../../../Users/Jeremy/Documents/GitHub/Study-Session/Trial_third_person/Content/Maps/StartMenuLevel.umap" TEMPLATE=0 SHOWPROGRESS=1
[2014.12.13-21.01.55:731][541]LightingResults: New page: Lighting Build
[2014.12.13-21.01.55:770][541]LoadErrors: New page: Loading map: StartMenuLevel.umap
[2014.12.13-21.01.55:772][541]MapCheck: New page: Map Check
[2014.12.13-21.01.55:772][541]LightingResults: New page: Lighting Build
[2014.12.13-21.01.55:804][541]LogParticles: Destroying 0 GPU particle simulations for FXSystem 0x0000000006F2FCE0
[2014.12.13-21.01.55:817][541]LogEditorServer: Finished looking for orphan Actors (0.000 secs)
[2014.12.13-21.01.55:818][541]LogAIModule: Creating AISystem for world StartMenuLevel
[2014.12.13-21.01.55:875][541]Cmd: MAP CHECKDEP
[2014.12.13-21.01.55:875][541]MapCheck: New page: StartMenuLevel - Dec 13, 2014, 5:01:55 AM
[2014.12.13-21.01.56:019][541]MapCheck: Info Map check complete: 0 Error(s), 0 Warning(s), took 143.318ms to complete.
[2014.12.13-21.01.56:019][541]LogFileHelpers: Loading map 'StartMenuLevel' took 0.290
[2014.12.13-21.01.58:866][756]LogSavePackage: Save=37.465515ms
[2014.12.13-21.01.58:866][756]LogSavePackage: Moving '../../../../../../Users/Jeremy/Documents/GitHub/Study-Session/Trial_third_person/Saved/UEDPCStartMenuLevelFAC3D0B942A34096F25E3A859C88CEE0.tmp' to '../../../../../../Users/Jeremy/Documents/GitHub/Study-Session/Trial_third_person/Saved/Autosaves/Game/Maps/UEDPCStartMenuLevel.umap'
[2014.12.13-21.02.45:082][455]LogContentBrowser:Verbose: The content browser source was changed by the sources view to '/Game/Blueprints'
[2014.12.13-21.02.51:638][911]LogContentBrowser:Verbose: The content browser source was changed by the sources view to '/Game'
[2014.12.13-21.03.30:584][139]LogContentBrowser:Verbose: The content browser source was changed by the sources view to '/Game/Maps'
[2014.12.13-21.03.33:199][382]LogActorComponent: UnregisterComponent: (/Engine/Transient.CharacterMovementComponent_3) Not registered. Aborting.
[2014.12.13-21.03.33:199][382]LogActorComponent: UnregisterComponent: (/Engine/Transient.ProjectileMovementComponent_1) Not registered. Aborting.
[2014.12.13-21.03.33:230][382]LogParticles: Destroying 0 GPU particle simulations for FXSystem 0x000000001EA68900
[2014.12.13-21.03.33:359][382]LogSavePackage: Save=37.474316ms
[2014.12.13-21.03.33:359][382]LogSavePackage: Moving '../../../../../../Users/Jeremy/Documents/GitHub/Study-Session/Trial_third_person/Saved/StartMenuLevelB031B1B24CAAF3AB5E9D239246A1C7B3.tmp' to '../../../../../../Users/Jeremy/Documents/GitHub/Study-Session/Trial_third_person/Content/Maps/StartMenuLevel.umap'
[2014.12.13-21.03.34:970][491]LogSavePackage: Save=39.856670ms
[2014.12.13-21.03.34:970][491]LogSavePackage: Moving '../../../../../../Users/Jeremy/Documents/GitHub/Study-Session/Trial_third_person/Saved/UEDPCStartMenuLevel507AEF554EC59082A0E9D98820F05469.tmp' to '../../../../../../Users/Jeremy/Documents/GitHub/Study-Session/Trial_third_person/Saved/Autosaves/Game/Maps/UEDPCStartMenuLevel.umap'
[2014.12.13-21.04.04:721][ 93]LogSavePackage: Save=36.133293ms
[2014.12.13-21.04.04:721][ 93]LogSavePackage: Moving '../../../../../../Users/Jeremy/Documents/GitHub/Study-Session/Trial_third_person/Saved/StartMenuLevel9B19A0D64B4C43B74F1D0691ED31FD75.tmp' to '../../../../../../Users/Jeremy/Documents/GitHub/Study-Session/Trial_third_person/Content/Maps/StartMenuLevel.umap'
[2014.12.13-21.04.05:924][201]LogContentBrowser:Verbose: The content browser source was changed by the sources view to '/Game'
[2014.12.13-21.05.04:040][233]BlueprintLog: New page: Compile Pause_Menu
[2014.12.13-21.05.04:192][233]BlueprintEditorCompileResults: Info [1060.40] Compile of Pause_Menu successful! [in 3 ms]
[2014.12.13-21.05.19:270][ 62]LogUObjectGlobals:Warning: Failed to find object 'Object None.'
[2014.12.13-21.05.19:270][ 62]LogUObjectGlobals:Warning: Failed to find object 'Object None.'
[2014.12.13-21.05.19:270][ 62]LogUObjectGlobals:Warning: Failed to find object 'Object None.'
[2014.12.13-21.05.19:270][ 62]LogUObjectHash:Warning: Ambiguous search, could be K2Node_VariableSet /Game/Pause_Menu.Pause_Menu:EventGraph.K2Node_VariableSet_348 or K2Node_VariableSet /Game/Start_Menu.Start_Menu:EventGraph.K2Node_VariableSet_348
[2014.12.13-21.05.19:271][ 62]LogProperty:Warning: ObjectProperty /Script/Engine.EdGraphPin:LinkedTo.LinkedTo: unresolved reference to 'EdGraphPin'"K2Node_VariableSet_348.EdGraphPin_351"''
[2014.12.13-21.05.19:272][ 62]LogUObjectHash:Warning: Ambiguous search, could be K2Node_VariableSet /Game/Pause_Menu.Pause_Menu:EventGraph.K2Node_VariableSet_348 or K2Node_VariableSet /Game/Start_Menu.Start_Menu:EventGraph.K2Node_VariableSet_348
[2014.12.13-21.05.19:272][ 62]LogProperty:Warning: ObjectProperty /Script/Engine.EdGraphPin:LinkedTo.LinkedTo: unresolved reference to 'EdGraphPin'"K2Node_VariableSet_348.EdGraphPin_354"''
[2014.12.13-21.05.37:631][  0]BlueprintLog: New page: Compile Pause_Menu
[2014.12.13-21.05.37:785][  0]BlueprintEditorCompileResults: Info [1093.99] Compile of Pause_Menu successful! [in 3 ms]
[2014.12.13-21.05.39:154][ 68]Cmd: OBJ SAVEPACKAGE PACKAGE="/Game/Pause_Menu" FILE="../../../../../../Users/Jeremy/Documents/GitHub/Study-Session/Trial_third_person/Content/Pause_Menu.uasset" SILENT=true
[2014.12.13-21.05.39:271][ 68]LogSavePackage: Save=28.046093ms
[2014.12.13-21.05.39:271][ 68]LogSavePackage: Moving '../../../../../../Users/Jeremy/Documents/GitHub/Study-Session/Trial_third_person/Saved/Pause_Menu699056A44182B5DE9E2F6B805E249599.tmp' to '../../../../../../Users/Jeremy/Documents/GitHub/Study-Session/Trial_third_person/Content/Pause_Menu.uasset'
[2014.12.13-21.05.43:435][353]LogSavePackage: Save=38.840759ms
[2014.12.13-21.05.43:435][353]LogSavePackage: Moving '../../../../../../Users/Jeremy/Documents/GitHub/Study-Session/Trial_third_person/Saved/UEDPCStartMenuLevel42D1A841443B94D6B08FCAA7B1B5812A.tmp' to '../../../../../../Users/Jeremy/Documents/GitHub/Study-Session/Trial_third_person/Saved/Autosaves/Game/Maps/UEDPCStartMenuLevel.umap'
[2014.12.13-21.06.16:208][964]LogContentBrowser:Verbose: The content browser source was changed by the sources view to '/Game/Maps'
[2014.12.13-21.06.18:623][152]LogSavePackage: Save=35.609692ms
[2014.12.13-21.06.18:623][152]LogSavePackage: Moving '../../../../../../Users/Jeremy/Documents/GitHub/Study-Session/Trial_third_person/Saved/StartMenuLevel36DE5EDC42026F9C0398339C39046B52.tmp' to '../../../../../../Users/Jeremy/Documents/GitHub/Study-Session/Trial_third_person/Content/Maps/StartMenuLevel.umap'
[2014.12.13-21.06.20:854][316]LogLinker:Warning: Can't find file '/Game/ArchVis/Materials/MI_Couch_NOSSS_Mat_Inst'
[2014.12.13-21.06.20:854][316]LogLinker:Warning: Can't find file for asset '/Game/ArchVis/Materials/MI_Couch_NOSSS_Mat_Inst' while loading ../../../../../../Users/Jeremy/Documents/GitHub/Study-Session/Trial_third_person/Content/StarterContent/Mesh/SM_Couch_1seat.uasset.
[2014.12.13-21.06.20:854][316]LoadErrors:Error: Error /Game/StarterContent/Mesh/SM_Couch_1seat : Can't find file for asset. /Game/ArchVis/Materials/MI_Couch_NOSSS_Mat_Inst
[2014.12.13-21.06.20:855][316]LogLinker:Warning: Can't find file '/Game/ArchVis/Materials/MI_Couch_NOSSS_Mat_Inst'
[2014.12.13-21.06.20:855][316]LogLinker:Warning: Can't find file for asset '/Game/ArchVis/Materials/MI_Couch_NOSSS_Mat_Inst' while loading ../../../../../../Users/Jeremy/Documents/GitHub/Study-Session/Trial_third_person/Content/StarterContent/Mesh/SM_Couch_1seat.uasset.
[2014.12.13-21.06.20:904][316]LogLinker:Warning: Can't find file '/Game/ArchVis/Materials/MI_Couch_NOSSS_Mat_Inst'
[2014.12.13-21.06.20:905][316]LoadErrors: Info Failed to load /Game/ArchVis/Materials/MI_Couch_NOSSS_Mat_Inst.MI_Couch_NOSSS_Mat_Inst Referenced by SM_Couch_1seat Property /Script/Engine.StaticMesh:Materials
[2014.12.13-21.06.20:905][316]LogLinker:Warning: Can't find file for asset '/Game/ArchVis/Materials/MI_Couch_NOSSS_Mat_Inst' while loading NULL.
[2014.12.13-21.06.20:905][316]LogLinker:Warning: Can't find file '/Game/ArchVis/Materials/MI_Couch_NOSSS_Mat_Inst'
[2014.12.13-21.06.20:906][316]LogLinker:Warning: Can't find file for asset '/Game/ArchVis/Materials/MI_Couch_NOSSS_Mat_Inst' while loading NULL.
[2014.12.13-21.06.21:032][316]LogParticles: Destroying 0 GPU particle simulations for FXSystem 0x000000001F909940
[2014.12.13-21.06.21:041][316]Cmd: MAP LOAD FILE="../../../../../../Users/Jeremy/Documents/GitHub/Study-Session/Trial_third_person/Content/Maps/School.umap" TEMPLATE=0 SHOWPROGRESS=1
[2014.12.13-21.06.21:041][316]LightingResults: New page: Lighting Build
[2014.12.13-21.06.21:082][316]LoadErrors: New page: Loading map: School.umap
[2014.12.13-21.06.21:082][316]MapCheck: New page: Map Check
[2014.12.13-21.06.21:082][316]LightingResults: New page: Lighting Build
[2014.12.13-21.06.21:114][316]LogParticles: Destroying 0 GPU particle simulations for FXSystem 0x0000000009E35BC0
[2014.12.13-21.06.21:140][316]LogEditorServer: Finished looking for orphan Actors (0.000 secs)
[2014.12.13-21.06.21:141][316]LogAIModule: Creating AISystem for world School
[2014.12.13-21.06.21:199][316]Cmd: MAP CHECKDEP
[2014.12.13-21.06.21:199][316]MapCheck: New page: School - Dec 13, 2014, 5:06:21 AM
[2014.12.13-21.06.21:350][316]MapCheck: Info Map check complete: 0 Error(s), 0 Warning(s), took 150.503ms to complete.
[2014.12.13-21.06.21:350][316]LogFileHelpers: Loading map 'School' took 0.311
[2014.12.13-21.06.24:337][450]LogSavePackage: Save=828.879456ms
[2014.12.13-21.06.24:337][450]LogSavePackage: Moving '../../../../../../Users/Jeremy/Documents/GitHub/Study-Session/Trial_third_person/Saved/UEDPCSchool7F4E57CE4ABB8E2B7972AE9A31BA346F.tmp' to '../../../../../../Users/Jeremy/Documents/GitHub/Study-Session/Trial_third_person/Saved/Autosaves/Game/Maps/UEDPCSchool.umap'
[2014.12.13-21.06.54:336][837]LogSavePackage: Save=621.035156ms
[2014.12.13-21.06.54:336][837]LogSavePackage: Moving '../../../../../../Users/Jeremy/Documents/GitHub/Study-Session/Trial_third_person/Saved/UEDPCSchool4EE05BB74E7B446C60555FB2AC8FD032.tmp' to '../../../../../../Users/Jeremy/Documents/GitHub/Study-Session/Trial_third_person/Saved/Autosaves/Game/Maps/UEDPCSchool.umap'
[2014.12.13-21.07.28:783][364]LogSavePackage: Save=625.397522ms
[2014.12.13-21.07.28:783][364]LogSavePackage: Moving '../../../../../../Users/Jeremy/Documents/GitHub/Study-Session/Trial_third_person/Saved/SchoolB3E7B76E4FD19DDE80DFA6AE3948F6AB.tmp' to '../../../../../../Users/Jeremy/Documents/GitHub/Study-Session/Trial_third_person/Content/Maps/School.umap'
[2014.12.13-21.07.29:575][424]LogContentBrowser:Verbose: The content browser source was changed by the sources view to '/Game/Animations'
[2014.12.13-21.07.30:242][459]LogContentBrowser:Verbose: The content browser source was changed by the sources view to '/Game/Blueprints'
[2014.12.13-21.07.32:551][626]LogActorComponent: UnregisterComponent: (/Engine/Transient.CharacterMovementComponent_4) Not registered. Aborting.
[2014.12.13-21.07.32:551][626]LogActorComponent: UnregisterComponent: (/Engine/Transient.ProjectileMovementComponent_2) Not registered. Aborting.
[2014.12.13-21.07.33:262][626]LogSavePackage: Save=625.318787ms
[2014.12.13-21.07.33:263][626]LogSavePackage: Moving '../../../../../../Users/Jeremy/Documents/GitHub/Study-Session/Trial_third_person/Saved/School958D8EDB44DA8A8647322EA75078A77E.tmp' to '../../../../../../Users/Jeremy/Documents/GitHub/Study-Session/Trial_third_person/Content/Maps/School.umap'
[2014.12.13-21.08.10:269][149]LogUObjectGlobals:Warning: Failed to find object 'Object None.'
[2014.12.13-21.08.10:400][149]LogActorComponent: UnregisterComponent: (/Engine/Transient.CharacterMovementComponent_5) Not registered. Aborting.
[2014.12.13-21.08.10:400][149]LogActorComponent: UnregisterComponent: (/Engine/Transient.ProjectileMovementComponent_3) Not registered. Aborting.
[2014.12.13-21.09.32:880][ 81]BlueprintLog: New page: Compile MyCharacter
[2014.12.13-21.09.33:349][ 81]BlueprintEditorCompileResults: Info [1329.46] Compile of MyCharacter successful! [in 113 ms]
[2014.12.13-21.09.39:369][355]Cmd: OBJ SAVEPACKAGE PACKAGE="/Game/Blueprints/MyCharacter" FILE="../../../../../../Users/Jeremy/Documents/GitHub/Study-Session/Trial_third_person/Content/Blueprints/MyCharacter.uasset" SILENT=true
[2014.12.13-21.09.39:973][355]LogSavePackage: Save=511.902435ms
[2014.12.13-21.09.39:973][355]LogSavePackage: Moving '../../../../../../Users/Jeremy/Documents/GitHub/Study-Session/Trial_third_person/Saved/MyCharacter0EF2ED9245BE836986896980638D425B.tmp' to '../../../../../../Users/Jeremy/Documents/GitHub/Study-Session/Trial_third_person/Content/Blueprints/MyCharacter.uasset'
[2014.12.13-21.10.05:893][896]Cmd: OBJ SAVEPACKAGE PACKAGE="/Game/Blueprints/MyCharacter" FILE="../../../../../../Users/Jeremy/Documents/GitHub/Study-Session/Trial_third_person/Content/Blueprints/MyCharacter.uasset" SILENT=true
[2014.12.13-21.10.06:181][896]LogSavePackage: Save=200.906464ms
[2014.12.13-21.10.06:182][896]LogSavePackage: Moving '../../../../../../Users/Jeremy/Documents/GitHub/Study-Session/Trial_third_person/Saved/MyCharacterAAE03EB14B79A5F8CBCA6696D8B5F431.tmp' to '../../../../../../Users/Jeremy/Documents/GitHub/Study-Session/Trial_third_person/Content/Blueprints/MyCharacter.uasset'
[2014.12.13-21.10.08:149][976]LogActorComponent: UnregisterComponent: (/Engine/Transient.CharacterMovementComponent_6) Not registered. Aborting.
[2014.12.13-21.10.08:925][976]LogSavePackage: Save=615.036499ms
[2014.12.13-21.10.08:925][976]LogSavePackage: Moving '../../../../../../Users/Jeremy/Documents/GitHub/Study-Session/Trial_third_person/Saved/UEDPCSchoolA77FD1EA439FC574AA8104A936DD78E4.tmp' to '../../../../../../Users/Jeremy/Documents/GitHub/Study-Session/Trial_third_person/Saved/Autosaves/Game/Maps/UEDPCSchool.umap'
[2014.12.13-21.11.07:966][971]LogContentBrowser:Verbose: The content browser source was changed by the sources view to '/Game'
[2014.12.13-21.11.12:703][390]LogContentBrowser:Verbose: The content browser source was changed by the sources view to '/Game/Animations'
[2014.12.13-21.11.13:867][450]LogContentBrowser:Verbose: The content browser source was changed by the sources view to '/Game/Blueprints'
[2014.12.13-21.12.02:649][521]LogSlate:Warning: Prevented a slow task dialog from being summoned while a context menu was open
[2014.12.13-21.12.41:888][338]BlueprintLog: New page: Compile MyGame
[2014.12.13-21.12.41:990][338]LogActorComponent: UnregisterComponent: (/Engine/Transient.CharacterMovementComponent_7) Not registered. Aborting.
[2014.12.13-21.12.41:990][338]LogActorComponent: UnregisterComponent: (/Engine/Transient.ProjectileMovementComponent_4) Not registered. Aborting.
[2014.12.13-21.12.42:030][338]LogParticles: Destroying 0 GPU particle simulations for FXSystem 0x000000001F49A5C0
[2014.12.13-21.12.42:056][338]BlueprintEditorCompileResults: Info [1518.25] Compile of MyGame successful! [in 9 ms]
[2014.12.13-21.12.42:266][351]BlueprintLog: New page: Compile MyGame
[2014.12.13-21.12.42:444][351]BlueprintEditorCompileResults: Info [1518.65] Compile of MyGame successful! [in 9 ms]
[2014.12.13-21.12.43:246][424]Cmd: OBJ SAVEPACKAGE PACKAGE="/Game/Blueprints/MyGame" FILE="../../../../../../Users/Jeremy/Documents/GitHub/Study-Session/Trial_third_person/Content/Blueprints/MyGame.uasset" SILENT=true
[2014.12.13-21.12.43:364][424]LogSavePackage: Save=30.709070ms
[2014.12.13-21.12.43:364][424]LogSavePackage: Moving '../../../../../../Users/Jeremy/Documents/GitHub/Study-Session/Trial_third_person/Saved/MyGameEE7C712742712A636FAA92BABB5ED134.tmp' to '../../../../../../Users/Jeremy/Documents/GitHub/Study-Session/Trial_third_person/Content/Blueprints/MyGame.uasset'
[2014.12.13-21.12.47:228][769]LogParticles: Destroying 0 GPU particle simulations for FXSystem 0x0000000029C11A80
[2014.12.13-21.12.48:025][769]LogSavePackage: Save=619.339172ms
[2014.12.13-21.12.48:025][769]LogSavePackage: Moving '../../../../../../Users/Jeremy/Documents/GitHub/Study-Session/Trial_third_person/Saved/UEDPCSchool1AB9416D45779B3D05755C92035DEA7E.tmp' to '../../../../../../Users/Jeremy/Documents/GitHub/Study-Session/Trial_third_person/Saved/Autosaves/Game/Maps/UEDPCSchool.umap'
[2014.12.13-21.13.41:624][376]LogActorComponent: UnregisterComponent: (/Engine/Transient.CharacterMovementComponent_8) Not registered. Aborting.
[2014.12.13-21.13.41:624][376]LogActorComponent: UnregisterComponent: (/Engine/Transient.ProjectileMovementComponent_5) Not registered. Aborting.
[2014.12.13-21.13.44:793][376]LogSavePackage: Save=630.332336ms
[2014.12.13-21.13.44:793][376]LogSavePackage: Moving '../../../../../../Users/Jeremy/Documents/GitHub/Study-Session/Trial_third_person/Saved/SchoolD109B45649C210FCACB50698D6652BBB.tmp' to '../../../../../../Users/Jeremy/Documents/GitHub/Study-Session/Trial_third_person/Content/Maps/School.umap'
[2014.12.13-21.13.44:864][376]LogFileHelpers: Saving map 'School' took 0.989
[2014.12.13-21.13.45:710][377]Cmd: QUIT_EDITOR
[2014.12.13-21.13.46:162][377]LogExit: Preparing to exit.
[2014.12.13-21.13.47:120][377]LogExit: Editor shut down
[2014.12.13-21.13.47:121][377]LogExit: Transaction tracking system shut down
[2014.12.13-21.13.47:123][377]LogParticles: Destroying 0 GPU particle simulations for FXSystem 0x000000001E93B7E0
[2014.12.13-21.13.47:129][377]LogParticles: Destroying 0 GPU particle simulations for FXSystem 0x000000001EF6CFE0
[2014.12.13-21.13.47:130][377]LogParticles: Destroying 0 GPU particle simulations for FXSystem 0x000000001EFF2F20
[2014.12.13-21.13.47:130][377]LogParticles: Destroying 0 GPU particle simulations for FXSystem 0x000000001EFF19E0
[2014.12.13-21.13.47:130][377]LogParticles: Destroying 0 GPU particle simulations for FXSystem 0x000000001EFF0680
[2014.12.13-21.13.47:130][377]LogParticles: Destroying 0 GPU particle simulations for FXSystem 0x00000000222BB6A0
[2014.12.13-21.13.47:130][377]LogParticles: Destroying 0 GPU particle simulations for FXSystem 0x000000000D59B560
[2014.12.13-21.13.47:202][377]LogParticles: Destroying 0 GPU particle simulations for FXSystem 0x0000000021E2C220
[2014.12.13-21.13.47:202][377]LogExit: Object subsystem successfully closed.
[2014.12.13-21.13.47:261][377]LogModuleManager: Shutting down and abandoning module SequencerWidgets (167)
[2014.12.13-21.13.47:262][377]LogModuleManager: Shutting down and abandoning module AndroidDeviceDetection (166)
[2014.12.13-21.13.47:262][377]LogModuleManager: Shutting down and abandoning module CrashTracker (165)
[2014.12.13-21.13.47:262][377]LogModuleManager: Shutting down and abandoning module SuperSearch (164)
[2014.12.13-21.13.47:262][377]LogModuleManager: Shutting down and abandoning module SceneOutliner (163)
[2014.12.13-21.13.47:262][377]LogModuleManager: Shutting down and abandoning module EditorWidgets (162)
[2014.12.13-21.13.47:262][377]LogModuleManager: Shutting down and abandoning module CollectionManager (161)
[2014.12.13-21.13.47:262][377]LogModuleManager: Shutting down and abandoning module StatsViewer (160)
[2014.12.13-21.13.47:262][377]LogModuleManager: Shutting down and abandoning module FoliageEdit (159)
[2014.12.13-21.13.47:262][377]LogModuleManager: Shutting down and abandoning module LandscapeEditor (158)
[2014.12.13-21.13.47:262][377]LogModuleManager: Shutting down and abandoning module MeshPaint (157)
[2014.12.13-21.13.47:262][377]LogModuleManager: Shutting down and abandoning module ActorPickerMode (156)
[2014.12.13-21.13.47:262][377]LogModuleManager: Shutting down and abandoning module GeometryMode (155)
[2014.12.13-21.13.47:262][377]LogModuleManager: Shutting down and abandoning module TextureAlignMode (154)
[2014.12.13-21.13.47:262][377]LogModuleManager: Shutting down and abandoning module BspMode (153)
[2014.12.13-21.13.47:262][377]LogModuleManager: Shutting down and abandoning module PlacementMode (152)
[2014.12.13-21.13.47:262][377]LogModuleManager: Shutting down and abandoning module AutomationWorker (151)
[2014.12.13-21.13.47:262][377]LogModuleManager: Shutting down and abandoning module CharacterAI (150)
[2014.12.13-21.13.47:262][377]LogModuleManager: Shutting down and abandoning module GameProjectGeneration (149)
[2014.12.13-21.13.47:262][377]LogModuleManager: Shutting down and abandoning module IntroTutorials (148)
[2014.12.13-21.13.47:262][377]LogModuleManager: Shutting down and abandoning module EditorLiveStreaming (147)
[2014.12.13-21.13.47:262][377]LogModuleManager: Shutting down and abandoning module HardwareTargeting (146)
[2014.12.13-21.13.47:262][377]LogModuleManager: Shutting down and abandoning module BehaviorTreeEditor (145)
[2014.12.13-21.13.47:262][377]LogModuleManager: Shutting down and abandoning module DeviceProfileEditor (144)
[2014.12.13-21.13.47:262][377]LogModuleManager: Shutting down and abandoning module UndoHistory (143)
[2014.12.13-21.13.47:262][377]LogModuleManager: Shutting down and abandoning module GameplayTagsEditor (142)
[2014.12.13-21.13.47:262][377]LogModuleManager: Shutting down and abandoning module UserFeedback (141)
[2014.12.13-21.13.47:262][377]LogModuleManager: Shutting down and abandoning module XmlParser (140)
[2014.12.13-21.13.47:262][377]LogModuleManager: Shutting down and abandoning module Blutility (139)
[2014.12.13-21.13.47:262][377]LogModuleManager: Shutting down and abandoning module IOSPlatformEditor (138)
[2014.12.13-21.13.47:262][377]LogModuleManager: Shutting down and abandoning module IOSRuntimeSettings (137)
[2014.12.13-21.13.47:262][377]LogModuleManager: Shutting down and abandoning module AndroidPlatformEditor (136)
[2014.12.13-21.13.47:262][377]LogModuleManager: Shutting down and abandoning module AndroidRuntimeSettings (135)
[2014.12.13-21.13.47:262][377]LogModuleManager: Shutting down and abandoning module ProjectTargetPlatformEditor (134)
[2014.12.13-21.13.47:263][377]LogModuleManager: Shutting down and abandoning module ProjectSettingsViewer (133)
[2014.12.13-21.13.47:263][377]LogModuleManager: Shutting down and abandoning module InputBindingEditor (132)
[2014.12.13-21.13.47:263][377]LogModuleManager: Shutting down and abandoning module EditorSettingsViewer (131)
[2014.12.13-21.13.47:263][377]LogModuleManager: Shutting down and abandoning module SettingsEditor (130)
[2014.12.13-21.13.47:263][377]LogModuleManager: Shutting down and abandoning module ProjectLauncher (129)
[2014.12.13-21.13.47:263][377]LogModuleManager: Shutting down and abandoning module SessionFrontend (128)
[2014.12.13-21.13.47:263][377]LogModuleManager: Shutting down and abandoning module ProfilerClient (127)
[2014.12.13-21.13.47:263][377]LogModuleManager: Shutting down and abandoning module TargetDeviceServices (126)
[2014.12.13-21.13.47:263][377]LogModuleManager: Shutting down and abandoning module DeviceManager (125)
[2014.12.13-21.13.47:263][377]LogModuleManager: Shutting down and abandoning module AutomationController (124)
[2014.12.13-21.13.47:263][377]LogModuleManager: Shutting down and abandoning module AutomationWindow (123)
[2014.12.13-21.13.47:263][377]LogModuleManager: Shutting down and abandoning module Layers (122)
[2014.12.13-21.13.47:263][377]LogModuleManager: Shutting down and abandoning module ComponentVisualizers (121)
[2014.12.13-21.13.47:263][377]LogModuleManager: Shutting down and abandoning module DetailCustomizations (120)
[2014.12.13-21.13.47:263][377]LogModuleManager: Shutting down and abandoning module PackagesDialog (119)
[2014.12.13-21.13.47:264][377]LogModuleManager: Shutting down and abandoning module AssetRegistry (118)
[2014.12.13-21.13.47:323][377]LogModuleManager: Shutting down and abandoning module Persona (117)
[2014.12.13-21.13.47:323][377]LogModuleManager: Shutting down and abandoning module Kismet (116)
[2014.12.13-21.13.47:323][377]LogModuleManager: Shutting down and abandoning module GraphEditor (115)
[2014.12.13-21.13.47:323][377]LogModuleManager: Shutting down and abandoning module ClassViewer (114)
[2014.12.13-21.13.47:323][377]LogModuleManager: Shutting down and abandoning module Toolbox (113)
[2014.12.13-21.13.47:324][377]LogModuleManager: Shutting down and abandoning module ModuleUI (112)
[2014.12.13-21.13.47:324][377]LogModuleManager: Shutting down and abandoning module MovieSceneTools (111)
[2014.12.13-21.13.47:324][377]LogModuleManager: Shutting down and abandoning module OutputLog (110)
[2014.12.13-21.13.47:324][377]LogModuleManager: Shutting down and abandoning module GammaUI (109)
[2014.12.13-21.13.47:324][377]LogModuleManager: Shutting down and abandoning module Documentation (108)
[2014.12.13-21.13.47:324][377]LogModuleManager: Shutting down and abandoning module GameLiveStreaming (107)
[2014.12.13-21.13.47:324][377]LogModuleManager: Shutting down and abandoning module StreamingPauseRendering (106)
[2014.12.13-21.13.47:324][377]LogModuleManager: Shutting down and abandoning module HTTP (105)
[2014.12.13-21.13.47:324][377]LogModuleManager: Shutting down and abandoning module AnalyticsET (104)
[2014.12.13-21.13.47:324][377]LogModuleManager: Shutting down and abandoning module Analytics (103)
[2014.12.13-21.13.47:324][377]LogModuleManager: Shutting down and abandoning module GameplayDebugger (102)
[2014.12.13-21.13.47:324][377]LogModuleManager: Shutting down and abandoning module AIModule (101)
[2014.12.13-21.13.47:324][377]LogModuleManager: Shutting down and abandoning module ProfilerService (100)
[2014.12.13-21.13.47:531][377]LogModuleManager: Shutting down and abandoning module TaskGraph (99)
[2014.12.13-21.13.47:531][377]LogModuleManager: Shutting down and abandoning module SlateRemote (98)
[2014.12.13-21.13.47:531][377]LogModuleManager: Shutting down and abandoning module ScriptEditorPlugin (97)
[2014.12.13-21.13.47:531][377]LogModuleManager: Shutting down and abandoning module CustomMeshComponent (96)
[2014.12.13-21.13.47:531][377]LogModuleManager: Shutting down and abandoning module CableComponent (95)
[2014.12.13-21.13.47:531][377]LogModuleManager: Shutting down and abandoning module MessagingDebugger (94)
[2014.12.13-21.13.47:531][377]LogModuleManager: Shutting down and abandoning module MediaPlayerEditor (93)
[2014.12.13-21.13.47:531][377]LogModuleManager: Shutting down and abandoning module SpeedTreeImporter (92)
[2014.12.13-21.13.47:531][377]LogModuleManager: Shutting down and abandoning module PluginsEditor (91)
[2014.12.13-21.13.47:531][377]LogModuleManager: Shutting down and abandoning module EpicSurvey (90)
[2014.12.13-21.13.47:531][377]LogModuleManager: Shutting down and abandoning module DesktopPlatform (89)
[2014.12.13-21.13.47:531][377]LogModuleManager: Shutting down and abandoning module VisualStudioSourceCodeAccess (88)
[2014.12.13-21.13.47:531][377]LogModuleManager: Shutting down and abandoning module UObjectPlugin (87)
[2014.12.13-21.13.47:531][377]LogModuleManager: Shutting down and abandoning module SubversionSourceControl (86)
[2014.12.13-21.13.47:531][377]LogModuleManager: Shutting down and abandoning module SourceControl (85)
[2014.12.13-21.13.47:531][377]LogModuleManager: Shutting down and abandoning module PerforceSourceControl (84)
[2014.12.13-21.13.47:531][377]LogModuleManager: Shutting down and abandoning module BlankPlugin (83)
[2014.12.13-21.13.47:531][377]LogModuleManager: Shutting down and abandoning module SlateReflector (82)
[2014.12.13-21.13.47:531][377]LogModuleManager: Shutting down and abandoning module DirectoryWatcher (81)
[2014.12.13-21.13.47:532][377]LogModuleManager: Shutting down and abandoning module HotReload (80)
[2014.12.13-21.13.47:532][377]LogModuleManager: Shutting down and abandoning module MainFrame (79)
[2014.12.13-21.13.47:532][377]LogModuleManager: Shutting down and abandoning module LevelEditor (78)
[2014.12.13-21.13.47:533][377]LogModuleManager: Shutting down and abandoning module ViewportSnapping (77)
[2014.12.13-21.13.47:533][377]LogModuleManager: Shutting down and abandoning module SmartSnapping (76)
[2014.12.13-21.13.47:533][377]LogModuleManager: Shutting down and abandoning module PaperTiledImporter (75)
[2014.12.13-21.13.47:533][377]LogModuleManager: Shutting down and abandoning module PaperJsonImporter (74)
[2014.12.13-21.13.47:533][377]LogModuleManager: Shutting down and abandoning module ContentBrowser (73)
[2014.12.13-21.13.47:533][377]LogModuleManager: Shutting down and abandoning module PropertyEditor (72)
[2014.12.13-21.13.47:533][377]LogModuleManager: Shutting down and abandoning module Paper2DEditor (71)
[2014.12.13-21.13.47:533][377]LogModuleManager: Shutting down and abandoning module ScriptPlugin (70)
[2014.12.13-21.13.47:533][377]LogModuleManager: Shutting down and abandoning module UdpMessaging (69)
[2014.12.13-21.13.47:633][377]LogModuleManager: Shutting down and abandoning module Paper2D (68)
[2014.12.13-21.13.47:633][377]LogModuleManager: Shutting down and abandoning module WindowsMoviePlayer (67)
[2014.12.13-21.13.47:638][377]LogModuleManager: Shutting down and abandoning module Media (66)
[2014.12.13-21.13.47:638][377]LogModuleManager: Shutting down and abandoning module WmfMedia (65)
[2014.12.13-21.13.47:639][377]LogModuleManager: Shutting down and abandoning module OnlineBlueprintSupport (64)
[2014.12.13-21.13.47:639][377]LogModuleManager: Shutting down and abandoning module FunctionalTesting (63)
[2014.12.13-21.13.47:639][377]LogModuleManager: Shutting down and abandoning module CollisionAnalyzer (62)
[2014.12.13-21.13.47:639][377]LogModuleManager: Shutting down and abandoning module WorkspaceMenuStructure (61)
[2014.12.13-21.13.47:639][377]LogModuleManager: Shutting down and abandoning module MessageLog (60)
[2014.12.13-21.13.47:639][377]LogModuleManager: Shutting down and abandoning module Sequencer (59)
[2014.12.13-21.13.47:639][377]LogModuleManager: Shutting down and abandoning module AssetTools (58)
[2014.12.13-21.13.47:639][377]LogModuleManager: Shutting down and abandoning module UMGEditor (57)
[2014.12.13-21.13.47:639][377]LogModuleManager: Shutting down and abandoning module UMG (56)
[2014.12.13-21.13.47:639][377]LogModuleManager: Shutting down and abandoning module Slate (55)
[2014.12.13-21.13.47:639][377]LogModuleManager: Shutting down and abandoning module EditorStyle (54)
[2014.12.13-21.13.47:642][377]LogModuleManager: Shutting down and abandoning module SessionServices (53)
[2014.12.13-21.13.47:642][377]LogModuleManager: Shutting down and abandoning module SourceCodeAccess (52)
[2014.12.13-21.13.47:642][377]LogModuleManager: Shutting down and abandoning module HeadMountedDisplay (51)
[2014.12.13-21.13.47:642][377]LogModuleManager: Shutting down and abandoning module XAudio2 (50)
[2014.12.13-21.13.47:642][377]LogModuleManager: Shutting down and abandoning module Networking (48)
[2014.12.13-21.13.47:642][377]LogModuleManager: Shutting down and abandoning module Core (47)
[2014.12.13-21.13.47:642][377]LogModuleManager: Shutting down and abandoning module KismetCompiler (46)
[2014.12.13-21.13.47:642][377]LogModuleManager: Shutting down and abandoning module PhysXFormats (45)
[2014.12.13-21.13.47:642][377]LogModuleManager: Shutting down and abandoning module MeshUtilities (44)
[2014.12.13-21.13.47:642][377]LogModuleManager: Shutting down and abandoning module DerivedDataCache (43)
[2014.12.13-21.13.47:708][377]LogDerivedDataCache: Shutdown
[2014.12.13-21.13.47:708][377]LogModuleManager: Shutting down and abandoning module ShaderFormatOpenGL (42)
[2014.12.13-21.13.47:708][377]LogModuleManager: Shutting down and abandoning module ShaderFormatD3D (41)
[2014.12.13-21.13.47:708][377]LogModuleManager: Shutting down and abandoning module MetalShaderFormat (40)
[2014.12.13-21.13.47:708][377]LogModuleManager: Shutting down and abandoning module TextureFormatUncompressed (39)
[2014.12.13-21.13.47:708][377]LogModuleManager: Shutting down and abandoning module TextureFormatPVR (38)
[2014.12.13-21.13.47:708][377]LogModuleManager: Shutting down and abandoning module TextureFormatDXT (37)
[2014.12.13-21.13.47:708][377]LogModuleManager: Shutting down and abandoning module TextureFormatAndroid (36)
[2014.12.13-21.13.47:708][377]LogModuleManager: Shutting down and abandoning module AudioFormatOpus (35)
[2014.12.13-21.13.47:708][377]LogModuleManager: Shutting down and abandoning module AudioFormatOgg (34)
[2014.12.13-21.13.47:708][377]LogModuleManager: Shutting down and abandoning module AudioFormatADPCM (33)
[2014.12.13-21.13.47:708][377]LogModuleManager: Shutting down and abandoning module Messaging (32)
[2014.12.13-21.13.47:708][377]LogModuleManager: Shutting down and abandoning module IOSTargetPlatform (31)
[2014.12.13-21.13.47:708][377]LogModuleManager: Shutting down and abandoning module Android_PVRTCTargetPlatform (30)
[2014.12.13-21.13.47:708][377]LogModuleManager: Shutting down and abandoning module Android_ETC2TargetPlatform (29)
[2014.12.13-21.13.47:708][377]LogModuleManager: Shutting down and abandoning module Android_ETC1TargetPlatform (28)
[2014.12.13-21.13.47:708][377]LogModuleManager: Shutting down and abandoning module Android_DXTTargetPlatform (27)
[2014.12.13-21.13.47:708][377]LogModuleManager: Shutting down and abandoning module Android_ATCTargetPlatform (26)
[2014.12.13-21.13.47:708][377]LogModuleManager: Shutting down and abandoning module AndroidTargetPlatform (25)
[2014.12.13-21.13.47:708][377]LogModuleManager: Shutting down and abandoning module WindowsTargetPlatform (24)
[2014.12.13-21.13.47:708][377]LogModuleManager: Shutting down and abandoning module WindowsServerTargetPlatform (23)
[2014.12.13-21.13.47:708][377]LogModuleManager: Shutting down and abandoning module WindowsNoEditorTargetPlatform (22)
[2014.12.13-21.13.47:708][377]LogModuleManager: Shutting down and abandoning module WindowsClientTargetPlatform (21)
[2014.12.13-21.13.47:708][377]LogModuleManager: Shutting down and abandoning module TargetPlatform (20)
[2014.12.13-21.13.47:708][377]LogModuleManager: Shutting down and abandoning module InputCore (19)
[2014.12.13-21.13.47:708][377]LogModuleManager: Shutting down and abandoning module Settings (18)
[2014.12.13-21.13.47:708][377]LogModuleManager: Shutting down and abandoning module ImageWrapper (17)
[2014.12.13-21.13.47:708][377]LogModuleManager: Shutting down and abandoning module OculusRift (14)
[2014.12.13-21.13.47:708][377]LogModuleManager: Shutting down and abandoning module ExampleDeviceProfileSelector (13)
[2014.12.13-21.13.47:708][377]LogModuleManager: Shutting down and abandoning module TextureCompressor (12)
[2014.12.13-21.13.47:708][377]LogModuleManager: Shutting down and abandoning module ShaderCore (11)
[2014.12.13-21.13.47:708][377]LogModuleManager: Shutting down and abandoning module SlateRHIRenderer (10)
[2014.12.13-21.13.47:712][377]LogModuleManager: Shutting down and abandoning module OpenGLDrv (9)
[2014.12.13-21.13.47:713][377]LogModuleManager: Shutting down and abandoning module D3D11RHI (8)
[2014.12.13-21.13.47:713][377]LogModuleManager: Shutting down and abandoning module Renderer (7)
[2014.12.13-21.13.47:713][377]LogModuleManager: Shutting down and abandoning module Engine (6)
[2014.12.13-21.13.47:713][377]LogModuleManager: Shutting down and abandoning module CoreUObject (5)
[2014.12.13-21.13.47:713][377]LogModuleManager: Shutting down and abandoning module NetworkFile (4)
[2014.12.13-21.13.47:713][377]LogModuleManager: Shutting down and abandoning module StreamingFile (3)
[2014.12.13-21.13.47:713][377]LogModuleManager: Shutting down and abandoning module SandboxFile (2)
[2014.12.13-21.13.47:713][377]LogModuleManager: Shutting down and abandoning module PakFile (1)
[2014.12.13-21.13.47:714][377]LogExit: Exiting.
[2014.12.13-21.13.47:720][377]Log file closed, 12/13/14 13:13:47
