Log file open, 11/30/14 21:35:12
LogInit:Display: Running engine for game: Trial_third_person
LogInit: Version: 4.5.1-2336687+++depot+UE4-Releases+4.5
LogInit: API Version: 2326478
LogInit: Compiled (64-bit): Oct 21 2014 22:32:40
LogInit: Compiled with Visual C++: 18.00.21005.01
LogInit: Build Configuration: Development
LogInit: Branch Name: ++depot+UE4-Releases+4.5
LogInit: Command line:  
LogInit: Base directory: C:/Program Files/Epic Games/4.5/Engine/Binaries/Win64/
LogInit: Rocket: 1
[2014.12.01-05.35.12:313][  0]LogTaskGraph: Started task graph with 3 named threads and 4 total threads.
[2014.12.01-05.35.12:342][  0]LogOnline:Warning: No default platform service specified for OnlineSubsystem
[2014.12.01-05.35.12:834][  0]LogInit: Presizing for 0 objects not considered by GC, pre-allocating 0 bytes.
[2014.12.01-05.35.12:963][  0]LogInit: Object subsystem initialized
[2014.12.01-05.35.13:161][  0]LogConsoleResponse:Warning: Skipping Unknown console variable: 'UIScaleRule = ShortestSide'
[2014.12.01-05.35.13:161][  0]LogConsoleResponse:Warning:   Found in ini file 'C:/Users/User/Documents/GitHub/Study-Session/Trial_third_person/Saved/Config/Windows/Engine.ini', in section '[/Script/Engine.RendererSettings]'
[2014.12.01-05.35.13:161][  0]LogConsoleResponse:Warning: Skipping Unknown console variable: 'UIScaleCurve = (EditorCurveData=(Keys=((Time=480.000000,Value=0.444000),(Time=720.000000,Value=0.666000),(Time=1080.000000,Value=1.000000),(Time=8640.000000,Value=8.000000))),ExternalCurve=None)'
[2014.12.01-05.35.13:161][  0]LogConsoleResponse:Warning:   Found in ini file 'C:/Users/User/Documents/GitHub/Study-Session/Trial_third_person/Saved/Config/Windows/Engine.ini', in section '[/Script/Engine.RendererSettings]'
[2014.12.01-05.35.13:327][  0]LogInit: Selected Device Profile: [Windows]
[2014.12.01-05.35.13:327][  0]LogInit: Applying CVar settings loaded from the selected device profile: [Windows]
[2014.12.01-05.35.13:541][  0]LogInit: Computer: USER-PC
[2014.12.01-05.35.13:541][  0]LogInit: User: User
[2014.12.01-05.35.13:542][  0]LogInit: CPU Page size=4096, Cores=2
[2014.12.01-05.35.13:542][  0]LogInit: High frequency timer resolution =2.435947 MHz
[2014.12.01-05.35.13:542][  0]LogMemory: Memory total: Physical=7.8GB (8GB approx) Virtual=8192.0GB
[2014.12.01-05.35.13:542][  0]LogMemory: Platform Memory Stats for Windows
[2014.12.01-05.35.13:542][  0]LogMemory: Process Physical Memory: 63.41 MB used, 63.41 MB peak
[2014.12.01-05.35.13:542][  0]LogMemory: Process Virtual Memory: 38.50 MB used, 38.50 MB peak
[2014.12.01-05.35.13:542][  0]LogMemory: Physical Memory: 2939.09 MB used, 7969.14 MB total
[2014.12.01-05.35.13:542][  0]LogMemory: Virtual Memory: 272.46 MB used, 8388608.00 MB total
[2014.12.01-05.35.13:796][  0]LogD3D11RHI: Found D3D11 adapter 0: Intel(R) HD Graphics 3000 (Feature Level 10_0)
[2014.12.01-05.35.13:796][  0]LogD3D11RHI: Adapter has 192MB of dedicated video memory, 0MB of dedicated system memory, and 1568MB of shared system memory, 1 output[s]
[2014.12.01-05.35.13:796][  0]LogD3D11RHI: Chosen D3D11 Adapter Id = 0
[2014.12.01-05.35.13:801][  0]LogRHI: Texture pool is 683 MB (70% of 976 MB)
[2014.12.01-05.35.13:819][  0]LogD3D11RHI: Async texture creation enabled
[2014.12.01-05.35.16:209][  0]LogTextLocalizationManager: The requested culture ('en_US') has no localization data; parent culture's ('en') localization data will be used.
[2014.12.01-05.35.16:539][  0]LogContentStreaming: Texture pool size is 0.000000MB
[2014.12.01-05.35.37:293][  0]LogTargetPlatformManager:Display: Building Assets For Windows
[2014.12.01-05.35.38:606][  0]LogTargetPlatformManager:Display: Building Assets For Windows
[2014.12.01-05.35.38:763][  0]LogDerivedDataCache:Display: Max Cache Size: 512 MB
[2014.12.01-05.35.39:632][  0]LogDerivedDataCache: Loaded boot cache 0.87s 36MB C:/Users/User/AppData/Local/UnrealEngine/4.5/DerivedDataCache/Boot.ddc.
[2014.12.01-05.35.39:632][  0]LogDerivedDataCache:Display: Loaded Boot cache: C:/Users/User/AppData/Local/UnrealEngine/4.5/DerivedDataCache/Boot.ddc
[2014.12.01-05.35.39:632][  0]LogDerivedDataCache: FDerivedDataBackendGraph:  Pak pak cache file ../../../../../../Users/User/Documents/GitHub/Study-Session/Trial_third_person/DerivedDataCache/DDC.ddp not found, will not use a pak cache.
[2014.12.01-05.35.39:632][  0]LogDerivedDataCache: Unable to find inner node Pak for hierarchical cache Hierarchy.
[2014.12.01-05.35.39:860][  0]LogDerivedDataCache:Display: Pak cache opened for reading ../../../Engine/DerivedDataCache/DDC.ddp.
[2014.12.01-05.35.39:871][  0]LogDerivedDataCache: Using Local data cache path C:/Users/User/AppData/Local/UnrealEngine/Common/DerivedDataCache: Writable
[2014.12.01-05.35.49:518][  0]LogMeshUtilities: No automatic mesh reduction module available
[2014.12.01-05.35.49:518][  0]LogMeshUtilities: No automatic mesh merging module available
[2014.12.01-05.35.51:860][  0]LogLinker:Warning: Asset '../../../Engine/Content/Functions/Engine_MaterialFunctions02/Texturing/FlipBook.uasset' has been saved with empty engine version. The asset will be loaded but may be incompatible.
[2014.12.01-05.35.51:958][  0]LogLinker:Warning: Asset '../../../Engine/Content/Functions/Engine_MaterialFunctions02/ExampleContent/Textures/flipbook.uasset' has been saved with empty engine version. The asset will be loaded but may be incompatible.
[2014.12.01-05.35.54:319][  0]LogInit: WinSock: version 1.1 (2.2), MaxSocks=32767, MaxUdp=65467
[2014.12.01-05.36.14:342][  0]UdpMessaging: Initializing bridge on interface 0.0.0.0:0 to multicast group 230.0.0.1:6666.
[2014.12.01-05.36.15:023][  0]LogDirectoryWatcher:Warning: Failed to begin reading directory changes for C:/Users/User/Documents/GitHub/Study-Session/Trial_third_person/Binaries/Win64. Error: 0
[2014.12.01-05.36.15:942][  0]SourceControl: Info Source control is disabled
[2014.12.01-05.36.15:943][  0]SourceControl: Info Source control is disabled
[2014.12.01-05.36.15:951][  0]SourceControl: Info Source control is disabled
[2014.12.01-05.36.16:506][  0]LogObj: 22915 objects as part of root set at end of initial load.
[2014.12.01-05.36.16:506][  0]LogUObjectAllocator: 4803536 out of 0 bytes used by permanent object pool.
[2014.12.01-05.36.17:091][  0]LogEngine: Initializing Engine...
[2014.12.01-05.36.17:843][  0]LogInit: XAudio2 using 'Speakers (Realtek High Definition Audio)' : 2 channels at 48 kHz using 32 bits per sample (channel mask 0x3)
[2014.12.01-05.36.17:930][  0]LogInit: FAudioDevice initialized.
[2014.12.01-05.36.18:323][  0]LogAIModule: Creating AISystem for world NewWorld
[2014.12.01-05.36.18:503][  0]LogDerivedDataCache: Saved boot cache 0.02s 36MB C:/Users/User/AppData/Local/UnrealEngine/4.5/DerivedDataCache/Boot.ddc.
[2014.12.01-05.36.18:510][  0]LogInit: Texture streaming: Enabled
[2014.12.01-05.36.18:672][  0]LogInit: Transaction tracking system initialized
[2014.12.01-05.36.18:943][  0]BlueprintLog: New page: Editor Load
[2014.12.01-05.36.19:062][  0]LogAssetRegistry: FAssetRegistry took 0.0175 seconds to start up
[2014.12.01-05.36.19:063][  0]LogDirectoryWatcher:Warning: Failed to begin reading directory changes for ../../../Engine/Plugins/Experimental/CharacterAI/Content/. Error: 0
[2014.12.01-05.36.20:938][  0]LogTargetPlatformManager:Display: Building Assets For Windows
[2014.12.01-05.36.21:495][  0]LogTargetPlatformManager:Display: Building Assets For Windows
[2014.12.01-05.36.23:381][  0]LogConsoleResponse:Display: 
[2014.12.01-05.36.25:590][  0]SourceControl: Info Source control is disabled
[2014.12.01-05.36.25:590][  0]Cmd: MAP LOAD FILE="../../../../../../Users/User/Documents/GitHub/Study-Session/Trial_third_person/Content/Maps/Example_Map.umap" TEMPLATE=0 SHOWPROGRESS=1
[2014.12.01-05.36.25:615][  0]LightingResults: New page: Lighting Build
[2014.12.01-05.36.25:714][  0]MapCheck: New page: Map Check
[2014.12.01-05.36.25:714][  0]LightingResults: New page: Lighting Build
[2014.12.01-05.36.25:879][  0]LogParticles: Destroying 0 GPU particle simulations for FXSystem 0x0000000011DA85E0
[2014.12.01-05.36.28:818][  0]LogEditorServer: Finished looking for orphan Actors (0.000 secs)
[2014.12.01-05.36.28:848][  0]LogAIModule: Creating AISystem for world Example_Map
[2014.12.01-05.36.28:906][  0]Cmd: MAP CHECKDEP
[2014.12.01-05.36.28:920][  0]MapCheck: New page: Example_Map - Nov 30, 2014, 1:36:28 PM
[2014.12.01-05.36.29:042][  0]MapCheck: Info Map check complete: 0 Error(s), 0 Warning(s), took 135.398ms to complete.
[2014.12.01-05.36.29:042][  0]LogFileHelpers: Loading map 'Example_Map' took 3.452
[2014.12.01-05.36.29:922][  0]LogCollectionManager: Loaded 0 collections in 0.001203 seconds
[2014.12.01-05.36.30:511][  0]LogCrashTracker: Crashtracker disabled due to settings.
[2014.12.01-05.36.30:634][  0]LogUObjectGlobals:Warning: Failed to find object 'Class None.'
[2014.12.01-05.36.30:756][  0]LogLoad: Full Startup: 92.21 seconds (BP compile: 0.43 seconds)
[2014.12.01-05.36.31:145][  0]LogContentBrowser:Verbose: The content browser source was changed by the sources view to '/Game/StarterContent/Mesh'
[2014.12.01-05.36.31:825][  0]LogRenderer:Warning: Reallocating scene render targets to support 688x592.
[2014.12.01-05.36.33:871][  4]LogAssetRegistry: Asset discovery search completed in 14.8266 seconds
[2014.12.01-05.36.39:119][234]LogContentBrowser:Verbose: The content browser source was changed by the sources view to '/Game/Maps'
[2014.12.01-05.36.44:145][458]Cmd: MAP LOAD FILE="../../../../../../Users/User/Documents/GitHub/Study-Session/Trial_third_person/Content/Maps/StartMenuLevel.umap" TEMPLATE=0 SHOWPROGRESS=1
[2014.12.01-05.36.44:145][458]LightingResults: New page: Lighting Build
[2014.12.01-05.36.44:172][458]LoadErrors: New page: Loading map: StartMenuLevel.umap
[2014.12.01-05.36.44:173][458]MapCheck: New page: Map Check
[2014.12.01-05.36.44:173][458]LightingResults: New page: Lighting Build
[2014.12.01-05.36.44:217][458]LogParticles: Destroying 0 GPU particle simulations for FXSystem 0x0000000011634180
[2014.12.01-05.36.44:234][458]LogEditorServer: Finished looking for orphan Actors (0.000 secs)
[2014.12.01-05.36.44:234][458]LogAIModule: Creating AISystem for world StartMenuLevel
[2014.12.01-05.36.44:563][458]Cmd: MAP CHECKDEP
[2014.12.01-05.36.44:564][458]MapCheck: New page: StartMenuLevel - Nov 30, 2014, 1:36:44 PM
[2014.12.01-05.36.44:658][458]MapCheck: Info Map check complete: 0 Error(s), 0 Warning(s), took 94.607ms to complete.
[2014.12.01-05.36.44:658][458]LogFileHelpers: Loading map 'StartMenuLevel' took 0.522
[2014.12.01-05.36.47:709][624]LogEditorViewport: Clicking Background
[2014.12.01-05.36.52:560][900]BlueprintLog: New page: Pre-PIE auto-recompile
[2014.12.01-05.36.52:560][900]LogPlayLevel: [PIE] Compiling StartMenuLevel before PIE...
[2014.12.01-05.36.52:830][900]LogPlayLevel: PIE:  Blueprint regeneration took 282 ms (1 blueprints)
[2014.12.01-05.36.52:832][900]PIE: New page: PIE session: StartMenuLevel (Nov 30, 2014, 1:36:52 PM)
[2014.12.01-05.36.52:833][900]LogPlayLevel: PIE: StaticDuplicateObject took: (0.000970s)
[2014.12.01-05.36.52:834][900]LogPlayLevel: PIE: World Init took: (0.000627s)
[2014.12.01-05.36.52:834][900]LogPlayLevel: PIE: Created PIE world by copying editor world from /Game/Maps/StartMenuLevel.StartMenuLevel to /Game/Maps/UEDPIE_0_StartMenuLevel.StartMenuLevel (0.001769s)
[2014.12.01-05.36.53:847][900]LogWorld: Game class is 'MyGame_C'
[2014.12.01-05.36.53:916][900]LogAIModule: Creating AISystem for world StartMenuLevel
[2014.12.01-05.36.53:917][900]LogWorld: Bringing World /Game/Maps/UEDPIE_0_StartMenuLevel.StartMenuLevel up for play (max tick rate 60) at 2014.11.30-21.36.53
[2014.12.01-05.36.53:940][900]LogWorld: Bringing up level for play took: 0.023642
[2014.12.01-05.36.54:134][900]PIE: Info Play in editor start time for /Game/Maps/UEDPIE_0_StartMenuLevel 2.578
[2014.12.01-05.36.54:199][900]LogActor:Warning: MyCharacter_C_0 is outside the world bounds!
[2014.12.01-05.36.59:629][144]LogPackageName: SearchForPackageOnDisk took   0.062s to resolve School.umap
[2014.12.01-05.36.59:686][144]LogPackageName: SearchForPackageOnDisk took   0.057s to resolve School.umap
[2014.12.01-05.36.59:687][144]LogNet: Browse: /Game/Maps/School
[2014.12.01-05.36.59:693][144]LogLoad: LoadMap: /Game/Maps/School
[2014.12.01-05.36.59:719][144]LogParticles: Destroying 0 GPU particle simulations for FXSystem 0x000000002863F380
[2014.12.01-05.36.59:740][144]Cmd: MEM
[2014.12.01-05.36.59:814][144]LogMemory: Platform Memory Stats for Windows
[2014.12.01-05.36.59:814][144]LogMemory: Process Physical Memory: 592.04 MB used, 618.35 MB peak
[2014.12.01-05.36.59:814][144]LogMemory: Process Virtual Memory: 560.42 MB used, 599.05 MB peak
[2014.12.01-05.36.59:814][144]LogMemory: Physical Memory: 3487.65 MB used, 7969.14 MB total
[2014.12.01-05.36.59:814][144]LogMemory: Virtual Memory: 1051.70 MB used, 8388608.00 MB total
[2014.12.01-05.36.59:814][144]LogMemory: 
[2014.12.01-05.36.59:814][144]Allocator Stats for TBB: (not implemented)
[2014.12.01-05.37.00:236][144]LogLinker:Warning: Can't find file '/Game/ArchVis/Materials/MI_Couch_NOSSS_Mat_Inst'
[2014.12.01-05.37.00:236][144]LogLinker:Warning: Can't find file for asset '/Game/ArchVis/Materials/MI_Couch_NOSSS_Mat_Inst' while loading ../../../../../../Users/User/Documents/GitHub/Study-Session/Trial_third_person/Content/StarterContent/Mesh/SM_Couch_1seat.uasset.
[2014.12.01-05.37.00:237][144]LoadErrors:Error: Error /Game/StarterContent/Mesh/SM_Couch_1seat : Can't find file for asset. /Game/ArchVis/Materials/MI_Couch_NOSSS_Mat_Inst
[2014.12.01-05.37.00:237][144]LogLinker:Warning: Can't find file '/Game/ArchVis/Materials/MI_Couch_NOSSS_Mat_Inst'
[2014.12.01-05.37.00:237][144]LogLinker:Warning: Can't find file for asset '/Game/ArchVis/Materials/MI_Couch_NOSSS_Mat_Inst' while loading ../../../../../../Users/User/Documents/GitHub/Study-Session/Trial_third_person/Content/StarterContent/Mesh/SM_Couch_1seat.uasset.
[2014.12.01-05.37.00:411][144]LogLinker:Warning: Can't find file '/Game/ArchVis/Materials/MI_Couch_NOSSS_Mat_Inst'
[2014.12.01-05.37.00:411][144]LoadErrors: Info Failed to load /Game/ArchVis/Materials/MI_Couch_NOSSS_Mat_Inst.MI_Couch_NOSSS_Mat_Inst Referenced by SM_Couch_1seat Property /Script/Engine.StaticMesh:Materials
[2014.12.01-05.37.00:411][144]LogLinker:Warning: Can't find file for asset '/Game/ArchVis/Materials/MI_Couch_NOSSS_Mat_Inst' while loading NULL.
[2014.12.01-05.37.00:412][144]LogLinker:Warning: Can't find file '/Game/ArchVis/Materials/MI_Couch_NOSSS_Mat_Inst'
[2014.12.01-05.37.00:412][144]LogLinker:Warning: Can't find file for asset '/Game/ArchVis/Materials/MI_Couch_NOSSS_Mat_Inst' while loading NULL.
[2014.12.01-05.37.04:584][144]LogWorld: Game class is 'MyGame_C'
[2014.12.01-05.37.04:586][144]LogAIModule: Creating AISystem for world School
[2014.12.01-05.37.04:591][144]LogWorld: Bringing World /Game/Maps/UEDPIE_0_School.School up for play (max tick rate 60) at 2014.11.30-21.37.04
[2014.12.01-05.37.04:614][144]LogWorld: Bringing up level for play took: 0.027700
[2014.12.01-05.37.30:157][996]LogParticles: Destroying 0 GPU particle simulations for FXSystem 0x0000000014B56840
[2014.12.01-05.37.31:662][ 83]LogEditorViewport: Clicking Background
[2014.12.01-05.37.38:502][453]Cmd: MAP LOAD FILE="../../../../../../Users/User/Documents/GitHub/Study-Session/Trial_third_person/Content/Maps/Example_Map.umap" TEMPLATE=0 SHOWPROGRESS=1
[2014.12.01-05.37.38:502][453]LightingResults: New page: Lighting Build
[2014.12.01-05.37.38:531][453]LoadErrors: New page: Loading map: Example_Map.umap
[2014.12.01-05.37.38:531][453]MapCheck: New page: Map Check
[2014.12.01-05.37.38:531][453]LightingResults: New page: Lighting Build
[2014.12.01-05.37.38:579][453]LogParticles: Destroying 0 GPU particle simulations for FXSystem 0x000000002863ECA0
[2014.12.01-05.37.38:596][453]LogEditorServer: Finished looking for orphan Actors (0.000 secs)
[2014.12.01-05.37.38:596][453]LogAIModule: Creating AISystem for world Example_Map
[2014.12.01-05.37.38:671][453]Cmd: MAP CHECKDEP
[2014.12.01-05.37.38:671][453]MapCheck: New page: Example_Map - Nov 30, 2014, 1:37:38 PM
[2014.12.01-05.37.38:774][453]MapCheck: Info Map check complete: 0 Error(s), 0 Warning(s), took 102.374ms to complete.
[2014.12.01-05.37.38:774][453]LogFileHelpers: Loading map 'Example_Map' took 0.273
[2014.12.01-05.37.42:389][642]LogLinker:Warning: Can't find file '/Game/ArchVis/Textures/T_Shelving_M'
[2014.12.01-05.37.42:389][642]LogLinker:Warning: Can't find file for asset '/Game/ArchVis/Textures/T_Shelving_M' while loading ../../../../../../Users/User/Documents/GitHub/Study-Session/Trial_third_person/Content/StarterContent/Materials/Materials/M_Shelving.uasset.
[2014.12.01-05.37.42:389][642]LoadErrors:Error: Error /Game/StarterContent/Materials/Materials/M_Shelving : Can't find file for asset. /Game/ArchVis/Textures/T_Shelving_M
[2014.12.01-05.37.42:389][642]LogLinker:Warning: Can't find file '/Game/ArchVis/Textures/T_Shelving_N'
[2014.12.01-05.37.42:389][642]LogLinker:Warning: Can't find file for asset '/Game/ArchVis/Textures/T_Shelving_N' while loading ../../../../../../Users/User/Documents/GitHub/Study-Session/Trial_third_person/Content/StarterContent/Materials/Materials/M_Shelving.uasset.
[2014.12.01-05.37.42:389][642]LoadErrors:Error: Error /Game/StarterContent/Materials/Materials/M_Shelving : Can't find file for asset. /Game/ArchVis/Textures/T_Shelving_N
[2014.12.01-05.37.42:390][642]LogLinker:Warning: Can't find file '/Game/ArchVis/Textures/T_Wood'
[2014.12.01-05.37.42:390][642]LogLinker:Warning: Can't find file for asset '/Game/ArchVis/Textures/T_Wood' while loading ../../../../../../Users/User/Documents/GitHub/Study-Session/Trial_third_person/Content/StarterContent/Materials/Materials/M_Shelving.uasset.
[2014.12.01-05.37.42:390][642]LoadErrors:Error: Error /Game/StarterContent/Materials/Materials/M_Shelving : Can't find file for asset. /Game/ArchVis/Textures/T_Wood
[2014.12.01-05.37.42:390][642]LogLinker:Warning: Can't find file '/Game/ArchVis/Textures/T_Wood_S'
[2014.12.01-05.37.42:390][642]LogLinker:Warning: Can't find file for asset '/Game/ArchVis/Textures/T_Wood_S' while loading ../../../../../../Users/User/Documents/GitHub/Study-Session/Trial_third_person/Content/StarterContent/Materials/Materials/M_Shelving.uasset.
[2014.12.01-05.37.42:390][642]LoadErrors:Error: Error /Game/StarterContent/Materials/Materials/M_Shelving : Can't find file for asset. /Game/ArchVis/Textures/T_Wood_S
[2014.12.01-05.37.42:391][642]LogLinker:Warning: Can't find file '/Game/ArchVis/Textures/T_Shelving_M'
[2014.12.01-05.37.42:391][642]LogLinker:Warning: Can't find file for asset '/Game/ArchVis/Textures/T_Shelving_M' while loading ../../../../../../Users/User/Documents/GitHub/Study-Session/Trial_third_person/Content/StarterContent/Materials/Materials/M_Shelving.uasset.
[2014.12.01-05.37.42:391][642]LogLinker:Warning: Can't find file '/Game/ArchVis/Textures/T_Shelving_N'
[2014.12.01-05.37.42:391][642]LogLinker:Warning: Can't find file for asset '/Game/ArchVis/Textures/T_Shelving_N' while loading ../../../../../../Users/User/Documents/GitHub/Study-Session/Trial_third_person/Content/StarterContent/Materials/Materials/M_Shelving.uasset.
[2014.12.01-05.37.42:391][642]LogLinker:Warning: Can't find file '/Game/ArchVis/Textures/T_Wood'
[2014.12.01-05.37.42:392][642]LogLinker:Warning: Can't find file for asset '/Game/ArchVis/Textures/T_Wood' while loading ../../../../../../Users/User/Documents/GitHub/Study-Session/Trial_third_person/Content/StarterContent/Materials/Materials/M_Shelving.uasset.
[2014.12.01-05.37.42:392][642]LogLinker:Warning: Can't find file '/Game/ArchVis/Textures/T_Wood_S'
[2014.12.01-05.37.42:392][642]LogLinker:Warning: Can't find file for asset '/Game/ArchVis/Textures/T_Wood_S' while loading ../../../../../../Users/User/Documents/GitHub/Study-Session/Trial_third_person/Content/StarterContent/Materials/Materials/M_Shelving.uasset.
[2014.12.01-05.37.43:153][642]LogLinker:Warning: Can't find file '/Game/ArchVis/Materials/M_CoffeTable_MAT_Inst'
[2014.12.01-05.37.43:153][642]LogLinker:Warning: Can't find file for asset '/Game/ArchVis/Materials/M_CoffeTable_MAT_Inst' while loading ../../../../../../Users/User/Documents/GitHub/Study-Session/Trial_third_person/Content/StarterContent/Mesh/SM_CoffeeTable.uasset.
[2014.12.01-05.37.43:153][642]LoadErrors:Error: Error /Game/StarterContent/Mesh/SM_CoffeeTable : Can't find file for asset. /Game/ArchVis/Materials/M_CoffeTable_MAT_Inst
[2014.12.01-05.37.43:154][642]LogLinker:Warning: Can't find file '/Game/ArchVis/Materials/M_CoffeTable_MAT_Inst'
[2014.12.01-05.37.43:154][642]LogLinker:Warning: Can't find file for asset '/Game/ArchVis/Materials/M_CoffeTable_MAT_Inst' while loading ../../../../../../Users/User/Documents/GitHub/Study-Session/Trial_third_person/Content/StarterContent/Mesh/SM_CoffeeTable.uasset.
[2014.12.01-05.37.43:157][642]LogLinker:Warning: Can't find file '/Game/ArchVis/Materials/MI_Couch_NOSSS_Mat_Inst'
[2014.12.01-05.37.43:157][642]LogLinker:Warning: Can't find file for asset '/Game/ArchVis/Materials/MI_Couch_NOSSS_Mat_Inst' while loading ../../../../../../Users/User/Documents/GitHub/Study-Session/Trial_third_person/Content/StarterContent/Mesh/SM_Couch.uasset.
[2014.12.01-05.37.43:157][642]LoadErrors:Error: Error /Game/StarterContent/Mesh/SM_Couch : Can't find file for asset. /Game/ArchVis/Materials/MI_Couch_NOSSS_Mat_Inst
[2014.12.01-05.37.43:157][642]LogLinker:Warning: Can't find file '/Game/ArchVis/Materials/MI_Couch_NOSSS_Mat_Inst'
[2014.12.01-05.37.43:158][642]LogLinker:Warning: Can't find file for asset '/Game/ArchVis/Materials/MI_Couch_NOSSS_Mat_Inst' while loading ../../../../../../Users/User/Documents/GitHub/Study-Session/Trial_third_person/Content/StarterContent/Mesh/SM_Couch.uasset.
[2014.12.01-05.37.43:161][642]LogLinker:Warning: Can't find file '/Game/ArchVis/Materials/M_Curtain_MAT_Inst'
[2014.12.01-05.37.43:161][642]LogLinker:Warning: Can't find file for asset '/Game/ArchVis/Materials/M_Curtain_MAT_Inst' while loading ../../../../../../Users/User/Documents/GitHub/Study-Session/Trial_third_person/Content/StarterContent/Mesh/SM_Curtain.uasset.
[2014.12.01-05.37.43:161][642]LoadErrors:Error: Error /Game/StarterContent/Mesh/SM_Curtain : Can't find file for asset. /Game/ArchVis/Materials/M_Curtain_MAT_Inst
[2014.12.01-05.37.43:161][642]LogLinker:Warning: Can't find file '/Game/ArchVis/Materials/M_Curtain_MAT_Inst'
[2014.12.01-05.37.43:161][642]LogLinker:Warning: Can't find file for asset '/Game/ArchVis/Materials/M_Curtain_MAT_Inst' while loading ../../../../../../Users/User/Documents/GitHub/Study-Session/Trial_third_person/Content/StarterContent/Mesh/SM_Curtain.uasset.
[2014.12.01-05.37.43:167][642]LogLinker:Warning: Can't find file '/Game/ArchVis/Materials/M_FloorLamp_Mat_Inst'
[2014.12.01-05.37.43:167][642]LogLinker:Warning: Can't find file for asset '/Game/ArchVis/Materials/M_FloorLamp_Mat_Inst' while loading ../../../../../../Users/User/Documents/GitHub/Study-Session/Trial_third_person/Content/StarterContent/Mesh/SM_FloorLamp.uasset.
[2014.12.01-05.37.43:167][642]LoadErrors:Error: Error /Game/StarterContent/Mesh/SM_FloorLamp : Can't find file for asset. /Game/ArchVis/Materials/M_FloorLamp_Mat_Inst
[2014.12.01-05.37.43:168][642]LogLinker:Warning: Can't find file '/Game/ArchVis/Materials/M_FloorLamp_Mat_Inst'
[2014.12.01-05.37.43:168][642]LogLinker:Warning: Can't find file for asset '/Game/ArchVis/Materials/M_FloorLamp_Mat_Inst' while loading ../../../../../../Users/User/Documents/GitHub/Study-Session/Trial_third_person/Content/StarterContent/Mesh/SM_FloorLamp.uasset.
[2014.12.01-05.37.43:174][642]LogLinker:Warning: Can't find file '/Game/ArchVis/Materials/M_Shelving_Inst'
[2014.12.01-05.37.43:174][642]LogLinker:Warning: Can't find file for asset '/Game/ArchVis/Materials/M_Shelving_Inst' while loading ../../../../../../Users/User/Documents/GitHub/Study-Session/Trial_third_person/Content/StarterContent/Mesh/SM_Shelving.uasset.
[2014.12.01-05.37.43:174][642]LoadErrors:Error: Error /Game/StarterContent/Mesh/SM_Shelving : Can't find file for asset. /Game/ArchVis/Materials/M_Shelving_Inst
[2014.12.01-05.37.43:174][642]LogLinker:Warning: Can't find file '/Game/ArchVis/Materials/M_Shelving_Inst'
[2014.12.01-05.37.43:174][642]LogLinker:Warning: Can't find file for asset '/Game/ArchVis/Materials/M_Shelving_Inst' while loading ../../../../../../Users/User/Documents/GitHub/Study-Session/Trial_third_person/Content/StarterContent/Mesh/SM_Shelving.uasset.
[2014.12.01-05.37.43:199][642]LogLinker:Warning: Can't find file '/Game/ArchVis/Materials/M_Statue_Inst'
[2014.12.01-05.37.43:199][642]LogLinker:Warning: Can't find file for asset '/Game/ArchVis/Materials/M_Statue_Inst' while loading ../../../../../../Users/User/Documents/GitHub/Study-Session/Trial_third_person/Content/StarterContent/Mesh/Statue.uasset.
[2014.12.01-05.37.43:199][642]LoadErrors:Error: Error /Game/StarterContent/Mesh/Statue : Can't find file for asset. /Game/ArchVis/Materials/M_Statue_Inst
[2014.12.01-05.37.43:199][642]LogLinker:Warning: Can't find file '/Game/ArchVis/Materials/M_Statue_Inst'
[2014.12.01-05.37.43:199][642]LogLinker:Warning: Can't find file for asset '/Game/ArchVis/Materials/M_Statue_Inst' while loading ../../../../../../Users/User/Documents/GitHub/Study-Session/Trial_third_person/Content/StarterContent/Mesh/Statue.uasset.
[2014.12.01-05.37.43:738][642]LogLinker:Warning: Can't find file '/Game/ArchVis/Textures/T_Shelving_N'
[2014.12.01-05.37.43:738][642]LoadErrors: Info Failed to load /Game/ArchVis/Textures/T_Shelving_N.T_Shelving_N Referenced by M_Shelving
[2014.12.01-05.37.43:739][642]LogLinker:Warning: Can't find file for asset '/Game/ArchVis/Textures/T_Shelving_N' while loading NULL.
[2014.12.01-05.37.43:739][642]LogLinker:Warning: Can't find file '/Game/ArchVis/Textures/T_Wood'
[2014.12.01-05.37.43:739][642]LoadErrors: Info Failed to load /Game/ArchVis/Textures/T_Wood.T_Wood Referenced by M_Shelving
[2014.12.01-05.37.43:739][642]LogLinker:Warning: Can't find file for asset '/Game/ArchVis/Textures/T_Wood' while loading NULL.
[2014.12.01-05.37.43:739][642]LogLinker:Warning: Can't find file '/Game/ArchVis/Textures/T_Shelving_M'
[2014.12.01-05.37.43:740][642]LoadErrors: Info Failed to load /Game/ArchVis/Textures/T_Shelving_M.T_Shelving_M Referenced by M_Shelving
[2014.12.01-05.37.43:740][642]LogLinker:Warning: Can't find file for asset '/Game/ArchVis/Textures/T_Shelving_M' while loading NULL.
[2014.12.01-05.37.43:740][642]LogLinker:Warning: Can't find file '/Game/ArchVis/Textures/T_Wood_S'
[2014.12.01-05.37.43:740][642]LoadErrors: Info Failed to load /Game/ArchVis/Textures/T_Wood_S.T_Wood_S Referenced by M_Shelving
[2014.12.01-05.37.43:740][642]LogLinker:Warning: Can't find file for asset '/Game/ArchVis/Textures/T_Wood_S' while loading NULL.
[2014.12.01-05.37.43:741][642]LogLinker:Warning: Can't find file '/Game/ArchVis/Textures/T_Shelving_N'
[2014.12.01-05.37.43:741][642]LoadErrors: Info Failed to load /Game/ArchVis/Textures/T_Shelving_N.T_Shelving_N Referenced by MaterialExpressionTextureSample_0 Property /Script/Engine.MaterialExpressionTextureBase:Texture
[2014.12.01-05.37.43:741][642]LogLinker:Warning: Can't find file for asset '/Game/ArchVis/Textures/T_Shelving_N' while loading NULL.
[2014.12.01-05.37.43:741][642]LogLinker:Warning: Can't find file '/Game/ArchVis/Textures/T_Shelving_M'
[2014.12.01-05.37.43:742][642]LoadErrors: Info Failed to load /Game/ArchVis/Textures/T_Shelving_M.T_Shelving_M Referenced by MaterialExpressionTextureSample_1 Property /Script/Engine.MaterialExpressionTextureBase:Texture
[2014.12.01-05.37.43:742][642]LogLinker:Warning: Can't find file for asset '/Game/ArchVis/Textures/T_Shelving_M' while loading NULL.
[2014.12.01-05.37.43:742][642]LogLinker:Warning: Can't find file '/Game/ArchVis/Textures/T_Wood'
[2014.12.01-05.37.43:742][642]LoadErrors: Info Failed to load /Game/ArchVis/Textures/T_Wood.T_Wood Referenced by MaterialExpressionTextureSample_4 Property /Script/Engine.MaterialExpressionTextureBase:Texture
[2014.12.01-05.37.43:742][642]LogLinker:Warning: Can't find file for asset '/Game/ArchVis/Textures/T_Wood' while loading NULL.
[2014.12.01-05.37.43:742][642]LogLinker:Warning: Can't find file '/Game/ArchVis/Textures/T_Wood_S'
[2014.12.01-05.37.43:743][642]LoadErrors: Info Failed to load /Game/ArchVis/Textures/T_Wood_S.T_Wood_S Referenced by MaterialExpressionTextureSample_5 Property /Script/Engine.MaterialExpressionTextureBase:Texture
[2014.12.01-05.37.43:743][642]LogLinker:Warning: Can't find file for asset '/Game/ArchVis/Textures/T_Wood_S' while loading NULL.
[2014.12.01-05.37.43:874][642]LogLinker:Warning: Can't find file '/Game/ArchVis/Materials/M_CoffeTable_MAT_Inst'
[2014.12.01-05.37.43:874][642]LoadErrors: Info Failed to load /Game/ArchVis/Materials/M_CoffeTable_MAT_Inst.M_CoffeTable_MAT_Inst Referenced by SM_CoffeeTable Property /Script/Engine.StaticMesh:Materials
[2014.12.01-05.37.43:875][642]LogLinker:Warning: Can't find file for asset '/Game/ArchVis/Materials/M_CoffeTable_MAT_Inst' while loading NULL.
[2014.12.01-05.37.43:875][642]LogLinker:Warning: Can't find file '/Game/ArchVis/Materials/MI_Couch_NOSSS_Mat_Inst'
[2014.12.01-05.37.43:875][642]LoadErrors: Info Failed to load /Game/ArchVis/Materials/MI_Couch_NOSSS_Mat_Inst.MI_Couch_NOSSS_Mat_Inst Referenced by SM_Couch Property /Script/Engine.StaticMesh:Materials
[2014.12.01-05.37.43:875][642]LogLinker:Warning: Can't find file for asset '/Game/ArchVis/Materials/MI_Couch_NOSSS_Mat_Inst' while loading NULL.
[2014.12.01-05.37.43:876][642]LogLinker:Warning: Can't find file '/Game/ArchVis/Materials/MI_Couch_NOSSS_Mat_Inst'
[2014.12.01-05.37.43:876][642]LogLinker:Warning: Can't find file for asset '/Game/ArchVis/Materials/MI_Couch_NOSSS_Mat_Inst' while loading NULL.
[2014.12.01-05.37.43:876][642]LogLinker:Warning: Can't find file '/Game/ArchVis/Materials/M_Curtain_MAT_Inst'
[2014.12.01-05.37.43:876][642]LoadErrors: Info Failed to load /Game/ArchVis/Materials/M_Curtain_MAT_Inst.M_Curtain_MAT_Inst Referenced by SM_Curtain Property /Script/Engine.StaticMesh:Materials
[2014.12.01-05.37.43:877][642]LogLinker:Warning: Can't find file for asset '/Game/ArchVis/Materials/M_Curtain_MAT_Inst' while loading NULL.
[2014.12.01-05.37.43:877][642]LogLinker:Warning: Can't find file '/Game/ArchVis/Materials/M_FloorLamp_Mat_Inst'
[2014.12.01-05.37.43:877][642]LoadErrors: Info Failed to load /Game/ArchVis/Materials/M_FloorLamp_Mat_Inst.M_FloorLamp_Mat_Inst Referenced by SM_FloorLamp Property /Script/Engine.StaticMesh:Materials
[2014.12.01-05.37.43:877][642]LogLinker:Warning: Can't find file for asset '/Game/ArchVis/Materials/M_FloorLamp_Mat_Inst' while loading NULL.
[2014.12.01-05.37.43:878][642]LogLinker:Warning: Can't find file '/Game/ArchVis/Materials/M_Shelving_Inst'
[2014.12.01-05.37.43:878][642]LoadErrors: Info Failed to load /Game/ArchVis/Materials/M_Shelving_Inst.M_Shelving_Inst Referenced by SM_Shelving Property /Script/Engine.StaticMesh:Materials
[2014.12.01-05.37.43:878][642]LogLinker:Warning: Can't find file for asset '/Game/ArchVis/Materials/M_Shelving_Inst' while loading NULL.
[2014.12.01-05.37.43:878][642]LogLinker:Warning: Can't find file '/Game/ArchVis/Materials/M_Statue_Inst'
[2014.12.01-05.37.43:878][642]LoadErrors: Info Failed to load /Game/ArchVis/Materials/M_Statue_Inst.M_Statue_Inst Referenced by Statue Property /Script/Engine.StaticMesh:Materials
[2014.12.01-05.37.43:879][642]LogLinker:Warning: Can't find file for asset '/Game/ArchVis/Materials/M_Statue_Inst' while loading NULL.
[2014.12.01-05.37.45:067][642]LogMaterial: Missing cached shader map for material M_Shelving, compiling.
[2014.12.01-05.37.45:094][642]LogMaterial:Warning: Failed to compile Material /Game/StarterContent/Materials/Materials/M_Shelving.M_Shelving for platform PCD3D_SM4, Default Material will be used in game.
[2014.12.01-05.37.45:094][642]LogMaterial:Warning: 	(Node TextureSample) TextureSample> Missing input texture
[2014.12.01-05.37.51:717][642]Cmd: MAP LOAD FILE="../../../../../../Users/User/Documents/GitHub/Study-Session/Trial_third_person/Content/Maps/LivingRoom.umap" TEMPLATE=0 SHOWPROGRESS=1
[2014.12.01-05.37.51:717][642]LightingResults: New page: Lighting Build
[2014.12.01-05.37.51:749][642]LoadErrors: New page: Loading map: LivingRoom.umap
[2014.12.01-05.37.51:750][642]MapCheck: New page: Map Check
[2014.12.01-05.37.51:750][642]LightingResults: New page: Lighting Build
[2014.12.01-05.37.51:773][642]LogParticles: Destroying 0 GPU particle simulations for FXSystem 0x000000000DC0A840
[2014.12.01-05.37.51:792][642]LogPhysics:Warning: AddShapesToRigidActor: ConvexElem is missing ConvexMesh (11: /Game/Character/newcatcauseoldcatsucks.newcatcauseoldcatsucks:BodySetup_3)
[2014.12.01-05.37.51:808][642]LogEditorServer: Finished looking for orphan Actors (0.000 secs)
[2014.12.01-05.37.51:808][642]LogAIModule: Creating AISystem for world LivingRoom
[2014.12.01-05.37.51:849][642]Cmd: MAP CHECKDEP
[2014.12.01-05.37.51:849][642]MapCheck: New page: LivingRoom - Nov 30, 2014, 1:37:51 PM
[2014.12.01-05.37.51:982][642]MapCheck: Info Map check complete: 0 Error(s), 0 Warning(s), took 132.942ms to complete.
[2014.12.01-05.37.51:982][642]LogFileHelpers: Loading map 'LivingRoom' took 0.267
[2014.12.01-05.37.58:290][831]LogEditorViewport: Clicking on Actor (LMB): StaticMeshActor (SM_Carpet)
[2014.12.01-05.38.09:043][ 10]LogEditorViewport: Clicking on Actor (LMB): StaticMeshActor (BookLP_40)
[2014.12.01-05.38.12:288][163]LogEditorViewport: Clicking on Actor (context menu): StaticMeshActor (SM_Door)
[2014.12.01-05.38.26:772][399]LogEditorViewport: Clicking on Actor (LMB): TextRenderActor (TextRenderActor)
[2014.12.01-05.38.27:658][443]LogEditorViewport: Clicking on Actor (context menu): StaticMeshActor (SM_TableRound)
[2014.12.01-05.38.31:375][628]Cmd: DUPLICATE
[2014.12.01-05.38.31:375][628]Cmd: ACTOR DUPLICATE
[2014.12.01-05.38.32:912][707]LogEditorViewport: Clicking on Actor (LMB): StaticMeshActor (SM_TableRound)
[2014.12.01-05.38.33:537][739]LogEditorViewport: Clicking on Actor (context menu): StaticMeshActor (SM_TableRound)
[2014.12.01-05.38.34:232][772]LogEditorViewport: Clicking on Actor (LMB): TextRenderActor (TextRenderActor)
[2014.12.01-05.38.35:422][838]LogEditorViewport: Clicking on Actor (context menu): TextRenderActor (TextRenderActor)
[2014.12.01-05.38.37:880][959]Cmd: DUPLICATE
[2014.12.01-05.38.37:880][959]Cmd: ACTOR DUPLICATE
[2014.12.01-05.39.22:851][321]LogEditorViewport: Clicking on Actor (LMB): StaticMeshActor (SM_Door)
[2014.12.01-05.39.27:198][515]Cmd: TRANSACTION UNDO
[2014.12.01-05.39.27:198][515]LogEditorTransaction: Undo Move Actors
[2014.12.01-05.39.28:605][573]Cmd: TRANSACTION UNDO
[2014.12.01-05.39.28:605][573]LogEditorTransaction: Undo Clicking on Actors
[2014.12.01-05.39.51:457][128]LogEditorViewport: Clicking on Actor (LMB): StaticMeshActor (SM_Door)
[2014.12.01-05.39.52:673][193]LogEditorViewport: Clicking on Actor (LMB): TextRenderActor (TextRenderActor_2)
[2014.12.01-05.39.55:003][303]LogEditorViewport: Clicking on Actor (LMB): StaticMeshActor (SM_Door)
[2014.12.01-05.39.55:952][353]LogEditorViewport: Clicking on Actor (LMB): TextRenderActor (TextRenderActor_2)
[2014.12.01-05.40.00:386][526]LogEditorViewport: Clicking on Actor (LMB): StaticMeshActor (SM_Shelving)
[2014.12.01-05.40.09:963][654]LogEditorViewport: Clicking on Actor (LMB): StaticMeshActor (Statue)
[2014.12.01-05.40.23:364][136]LogEditorViewport: Clicking on Actor (LMB): StaticMeshActor (SM_CoffeeTable)
[2014.12.01-05.40.40:246][566]LogEditorViewport: Clicking on Actor (CTRL LMB): StaticMeshActor (BookLP_33)
[2014.12.01-05.40.41:442][619]LogEditorViewport: Clicking on Actor (CTRL LMB): StaticMeshActor (BookLP_29)
[2014.12.01-05.40.42:672][681]LogEditorViewport: Clicking on Actor (CTRL LMB): StaticMeshActor (BookLP_28)
[2014.12.01-05.40.46:623][898]LogEditorViewport: Clicking on Actor (context menu): StaticMeshActor (BookLP_33)
[2014.12.01-05.40.49:600][ 58]Cmd: DUPLICATE
[2014.12.01-05.40.49:600][ 58]Cmd: ACTOR DUPLICATE
[2014.12.01-05.40.49:633][ 58]LogUObjectHash:Warning: Ambiguous search, could be Model /Game/Maps/LivingRoom.LivingRoom:PersistentLevel.BoxBrush_7.Model_7 or Model /Game/Maps/LivingRoom.LivingRoom:PersistentLevel.BoxBrush_4.Model_7
[2014.12.01-05.40.51:430][ 58]LogPhysics:Warning: AddShapesToRigidActor: ConvexElem is missing ConvexMesh (11: /Game/Character/newcatcauseoldcatsucks.newcatcauseoldcatsucks:BodySetup_3)
[2014.12.01-05.41.02:578][246]LogPhysics:Warning: AddShapesToRigidActor: ConvexElem is missing ConvexMesh (11: /Game/Character/newcatcauseoldcatsucks.newcatcauseoldcatsucks:BodySetup_3)
[2014.12.01-05.41.04:768][365]Cmd: TRANSACTION UNDO
[2014.12.01-05.41.04:768][365]LogEditorTransaction: Undo Move Actors
[2014.12.01-05.41.04:898][365]LogPhysics:Warning: AddShapesToRigidActor: ConvexElem is missing ConvexMesh (11: /Game/Character/newcatcauseoldcatsucks.newcatcauseoldcatsucks:BodySetup_3)
[2014.12.01-05.42.11:621][365]LogPhysics:Warning: AddShapesToRigidActor: ConvexElem is missing ConvexMesh (11: /Game/Character/newcatcauseoldcatsucks.newcatcauseoldcatsucks:BodySetup_3)
[2014.12.01-05.42.38:575][655]LogEditorViewport: Clicking on Actor (context menu): StaticMeshActor (BookLP_33)
[2014.12.01-05.42.40:251][742]LogEditorViewport: Clicking on Actor (LMB): StaticMeshActor (BookLP_44)
[2014.12.01-05.42.43:714][886]Cmd: TRANSACTION UNDO
[2014.12.01-05.42.43:714][886]LogEditorTransaction: Undo Move Actors
[2014.12.01-05.42.45:836][988]LogEditorViewport: Clicking on Actor (CTRL LMB): StaticMeshActor (BookLP_29)
[2014.12.01-05.42.46:924][ 48]LogEditorViewport: Clicking on Actor (CTRL LMB): StaticMeshActor (BookLP_28)
[2014.12.01-05.42.47:674][ 88]LogEditorViewport: Clicking on Actor (context menu): StaticMeshActor (BookLP_29)
[2014.12.01-05.42.50:510][238]Cmd: DUPLICATE
[2014.12.01-05.42.50:510][238]Cmd: ACTOR DUPLICATE
[2014.12.01-05.43.31:239][701]LogEditorViewport: Clicking on Actor (context menu): StaticMeshActor (BookLP_46)
[2014.12.01-05.43.33:967][845]Cmd: DUPLICATE
[2014.12.01-05.43.33:967][845]Cmd: ACTOR DUPLICATE
[2014.12.01-05.43.41:891][257]LogEditorViewport: Clicking on Actor (CTRL LMB): StaticMeshActor (BookLP_46)
[2014.12.01-05.43.42:569][288]LogEditorViewport: Clicking on Actor (CTRL LMB): StaticMeshActor (BookLP_45)
[2014.12.01-05.43.43:159][313]LogEditorViewport: Clicking on Actor (CTRL LMB): StaticMeshActor (BookLP_47)
[2014.12.01-05.43.43:822][341]LogEditorViewport: Clicking on Actor (CTRL LMB): StaticMeshActor (BookLP_49)
[2014.12.01-05.43.44:277][363]LogEditorViewport: Clicking on Actor (CTRL LMB): StaticMeshActor (BookLP_48)
[2014.12.01-05.43.44:803][389]LogEditorViewport: Clicking on Actor (CTRL LMB): StaticMeshActor (BookLP_50)
[2014.12.01-05.43.46:333][469]LogEditorViewport: Clicking on Actor (context menu): StaticMeshActor (BookLP_46)
[2014.12.01-05.43.48:895][604]Cmd: DUPLICATE
[2014.12.01-05.43.48:895][604]Cmd: ACTOR DUPLICATE
[2014.12.01-05.43.48:912][604]LogUObjectHash:Warning: Ambiguous search, could be Model /Game/Maps/LivingRoom.LivingRoom:PersistentLevel.BoxBrush_2.Model_5 or Model /Game/Maps/LivingRoom.LivingRoom:PersistentLevel.BoxBrush.Model_5
[2014.12.01-05.43.49:760][604]LogPhysics:Warning: AddShapesToRigidActor: ConvexElem is missing ConvexMesh (11: /Game/Character/newcatcauseoldcatsucks.newcatcauseoldcatsucks:BodySetup_3)
[2014.12.01-05.43.52:445][682]LogPhysics:Warning: AddShapesToRigidActor: ConvexElem is missing ConvexMesh (11: /Game/Character/newcatcauseoldcatsucks.newcatcauseoldcatsucks:BodySetup_3)
[2014.12.01-05.43.59:857][782]LogPhysics:Warning: AddShapesToRigidActor: ConvexElem is missing ConvexMesh (11: /Game/Character/newcatcauseoldcatsucks.newcatcauseoldcatsucks:BodySetup_3)
[2014.12.01-05.44.03:679][912]LogPhysics:Warning: AddShapesToRigidActor: ConvexElem is missing ConvexMesh (11: /Game/Character/newcatcauseoldcatsucks.newcatcauseoldcatsucks:BodySetup_3)
[2014.12.01-05.44.12:665][147]Cmd: EDIT CUT
[2014.12.01-05.44.12:677][147]LogEditorActor: Deleted Actor: Brush
[2014.12.01-05.44.13:418][147]LogEditorActor: Deleted 1 Actors (0.748 secs)
[2014.12.01-05.44.14:497][147]LogPhysics:Warning: AddShapesToRigidActor: ConvexElem is missing ConvexMesh (11: /Game/Character/newcatcauseoldcatsucks.newcatcauseoldcatsucks:BodySetup_3)
[2014.12.01-05.44.25:539][452]LogEditorViewport: Clicking Background
[2014.12.01-05.47.43:210][655]LogSavePackage: Save=387.549072ms
[2014.12.01-05.47.43:210][655]LogSavePackage: Moving '../../../../../../Users/User/Documents/GitHub/Study-Session/Trial_third_person/Saved/LivingRoom_Auto1EA1DE83E431932A4E14C6780FDD457AF.tmp' to '../../../../../../Users/User/Documents/GitHub/Study-Session/Trial_third_person/Saved/Autosaves/Game/Maps/LivingRoom_Auto1.umap'
[2014.12.01-05.47.43:220][655]LogFileHelpers: Editor autosave (incl. sublevels) for '/Game/Maps/LivingRoom' took 0.509
[2014.12.01-05.47.43:220][655]LogFileHelpers: Editor autosave (incl. sublevels) for all levels took 0.509
[2014.12.01-05.59.22:659][ 93]LogContentBrowser:Verbose: The content browser source was changed by the sources view to '/Game/Maps/StarterContent'
[2014.12.01-05.59.24:894][227]LogContentBrowser:Verbose: The content browser source was changed by the sources view to '/Game/StarterContent/Audio'
[2014.12.01-05.59.49:458][297]LogFactory: FactoryCreateBinary: SoundWave with SoundFactory (0 0 ../../../../../../Users/User/Documents/GitHub/Study-Session/Trial_third_person/Content/StarterContent/Audio/meow.wav)
[2014.12.01-05.59.49:538][297]LogAudioDerivedData:Display: Building compressed audio format OGG wave meow...
[2014.12.01-05.59.49:778][297]LogAudioDerivedData:Warning: Updated SoundWave->RawPCMDataSize during cooking SoundWave /Game/StarterContent/Audio/meow.meow.
[2014.12.01-05.59.49:809][297]LogContentBrowser:Verbose: The content browser source was changed by the sources view to 'None'
[2014.12.01-05.59.49:810][297]LogContentBrowser:Verbose: The content browser source was changed by the sources view to '/Game/StarterContent/Audio'
[2014.12.01-05.59.50:078][298]LogFileHelpers: Editor autosave (incl. sublevels) for '/Game/Maps/LivingRoom' took 0.035
[2014.12.01-05.59.50:085][298]OBJ SavePackage: Generating thumbnails for [1] asset(s) in package [/Game/StarterContent/Audio/meow] ([1] browsable assets)...
[2014.12.01-05.59.50:113][298]OBJ SavePackage:     Rendered thumbnail for [SoundWave /Game/StarterContent/Audio/meow.meow]
[2014.12.01-05.59.50:113][298]OBJ SavePackage: Finished generating thumbnails for package [/Game/StarterContent/Audio/meow]
[2014.12.01-05.59.50:169][298]LogSavePackage: Save=33.585297ms
[2014.12.01-05.59.50:169][298]LogSavePackage: Moving '../../../../../../Users/User/Documents/GitHub/Study-Session/Trial_third_person/Saved/meow_Auto2F82B871A414E4769512FE88B36FDB16C.tmp' to '../../../../../../Users/User/Documents/GitHub/Study-Session/Trial_third_person/Saved/Autosaves/Game/StarterContent/Audio/meow_Auto2.uasset'
[2014.12.01-05.59.50:175][298]LogFileHelpers: Auto-saving content packages took 0.097
[2014.12.01-05.59.59:262][690]LogContentBrowser:Verbose: The content browser source was changed by the sources view to 'None'
[2014.12.01-05.59.59:263][690]LogContentBrowser:Verbose: The content browser source was changed by the sources view to '/Game/StarterContent/Audio'
[2014.12.01-06.00.05:238][997]LogContentBrowser:Verbose: The content browser source was changed by the sources view to 'None'
[2014.12.01-06.00.05:238][997]LogContentBrowser:Verbose: The content browser source was changed by the sources view to '/Game/StarterContent/Audio'
[2014.12.01-06.00.23:497][995]LogContentBrowser:Verbose: The content browser source was changed by the sources view to 'None'
[2014.12.01-06.00.23:497][995]LogContentBrowser:Verbose: The content browser source was changed by the sources view to '/Game/StarterContent/Audio'
[2014.12.01-06.03.12:647][312]LogSavePackage: Save=343.934418ms
[2014.12.01-06.03.12:647][312]LogSavePackage: Moving '../../../../../../Users/User/Documents/GitHub/Study-Session/Trial_third_person/Saved/LivingRoom65F7195B48198B3068CB2C82366F222D.tmp' to '../../../../../../Users/User/Documents/GitHub/Study-Session/Trial_third_person/Content/Maps/LivingRoom.umap'
[2014.12.01-06.03.18:181][614]LogContentBrowser:Verbose: The content browser source was changed by the sources view to '/Game/StarterContent/Audio'
[2014.12.01-06.03.48:388][792]Cmd: OBJ SAVEPACKAGE PACKAGE="/Game/StarterContent/Audio/meow" FILE="../../../../../../Users/User/Documents/GitHub/Study-Session/Trial_third_person/Content/StarterContent/Audio/meow.uasset" SILENT=true
[2014.12.01-06.03.48:404][792]LogSavePackage: Save=12.286392ms
[2014.12.01-06.03.48:404][792]LogSavePackage: Moving '../../../../../../Users/User/Documents/GitHub/Study-Session/Trial_third_person/Saved/meowC31407D84F355F3E7404A09F8970B465.tmp' to '../../../../../../Users/User/Documents/GitHub/Study-Session/Trial_third_person/Content/StarterContent/Audio/meow.uasset'
[2014.12.01-06.03.48:430][792]LogSavePackage: Save=12.055681ms
[2014.12.01-06.03.48:430][792]LogSavePackage: Moving '../../../../../../Users/User/Documents/GitHub/Study-Session/Trial_third_person/Saved/Meowcue24CD5E32450BE892B1C01281807E7A8B.tmp' to '../../../../../../Users/User/Documents/GitHub/Study-Session/Trial_third_person/Content/StarterContent/Audio/Meowcue.uasset'
[2014.12.01-06.04.32:410][ 54]LogEditorViewport: Clicking on Actor (context menu): KillZVolume (KillZVolume)
[2014.12.01-06.04.33:008][ 73]LogEditorViewport: Clicking on Actor (LMB): StaticMeshActor (newcatcauseoldcatsucks)
[2014.12.01-06.04.33:801][110]LogEditorViewport: Clicking on Actor (context menu): StaticMeshActor (newcatcauseoldcatsucks)
[2014.12.01-06.07.19:239][127]LogFactory: FactoryCreateBinary: SoundWave with SoundFactory (0 0 ../../../../../../Users/User/Downloads/Bach - Harpsichord Concerto No.4 in A Major BWV 1055 - 33.wav)
[2014.12.01-06.07.19:343][127]LogAudioDerivedData:Display: Building compressed audio format OGG wave Bach_-_Harpsichord_Concerto_No_4_in_A_Major_BWV_1055_-_33...
[2014.12.01-06.07.24:784][127]LogAudioDerivedData:Warning: Updated SoundWave->RawPCMDataSize during cooking SoundWave /Game/StarterContent/Audio/Bach_-_Harpsichord_Concerto_No_4_in_A_Major_BWV_1055_-_33.Bach_-_Harpsichord_Concerto_No_4_in_A_Major_BWV_1055_-_33.
[2014.12.01-06.07.24:803][127]LogContentBrowser:Verbose: The content browser source was changed by the sources view to 'None'
[2014.12.01-06.07.24:803][127]LogContentBrowser:Verbose: The content browser source was changed by the sources view to '/Game/StarterContent/Audio'
[2014.12.01-06.07.29:903][224]LogSavePackage: Save=29.971096ms
[2014.12.01-06.07.29:904][224]LogSavePackage: Moving '../../../../../../Users/User/Documents/GitHub/Study-Session/Trial_third_person/Saved/Bach_-_Harpsichord_Concerto_No_4_in_A_Major_BWV_1055_-_33B98ACA79413A8DD83C1E02ACF662A557.tmp' to '../../../../../../Users/User/Documents/GitHub/Study-Session/Trial_third_person/Content/StarterContent/Audio/Bach_-_Harpsichord_Concerto_No_4_in_A_Major_BWV_1055_-_33.uasset'
[2014.12.01-06.07.40:848][821]LogSavePackage: Save=31.976475ms
[2014.12.01-06.07.40:849][821]LogSavePackage: Moving '../../../../../../Users/User/Documents/GitHub/Study-Session/Trial_third_person/Saved/LivingRoomMusic8355C60F4E7BFC5CB7A06C92F43BD262.tmp' to '../../../../../../Users/User/Documents/GitHub/Study-Session/Trial_third_person/Content/StarterContent/Audio/LivingRoomMusic.uasset'
[2014.12.01-06.08.39:904][165]BlueprintLog: New page: Pre-PIE auto-recompile
[2014.12.01-06.08.39:904][165]LogPlayLevel: [PIE] Compiling Tutorial_BP_MacroLib before PIE...
[2014.12.01-06.08.39:977][165]LogPlayLevel: PIE:  Blueprint regeneration took 72 ms (1 blueprints)
[2014.12.01-06.08.39:977][165]PIE: New page: PIE session: LivingRoom (Nov 30, 2014, 2:08:39 PM)
[2014.12.01-06.08.40:018][165]LogPlayLevel: PIE: StaticDuplicateObject took: (0.040359s)
[2014.12.01-06.08.40:019][165]LogPlayLevel: PIE: World Init took: (0.000842s)
[2014.12.01-06.08.40:019][165]LogPlayLevel: PIE: Created PIE world by copying editor world from /Game/Maps/LivingRoom.LivingRoom to /Game/Maps/UEDPIE_0_LivingRoom.LivingRoom (0.041478s)
[2014.12.01-06.08.40:049][165]LogWorld: Game class is 'MyGame_C'
[2014.12.01-06.08.40:055][165]LogAIModule: Creating AISystem for world LivingRoom
[2014.12.01-06.08.40:060][165]LogPhysics:Warning: AddShapesToRigidActor: ConvexElem is missing ConvexMesh (11: /Game/Character/newcatcauseoldcatsucks.newcatcauseoldcatsucks:BodySetup_3)
[2014.12.01-06.08.40:061][165]LogWorld: Bringing World /Game/Maps/UEDPIE_0_LivingRoom.LivingRoom up for play (max tick rate 60) at 2014.11.30-22.08.40
[2014.12.01-06.08.40:061][165]LogWorld: Bringing up level for play took: 0.006652
[2014.12.01-06.08.40:065][165]PIE: Info Play in editor start time for /Game/Maps/UEDPIE_0_LivingRoom 0.451
[2014.12.01-06.08.51:306][476]LogParticles: Destroying 0 GPU particle simulations for FXSystem 0x00000000265EE3E0
[2014.12.01-06.08.52:327][529]LogPlayLevel: PIE:  No blueprints needed recompiling
[2014.12.01-06.08.52:327][529]PIE: New page: PIE session: LivingRoom (Nov 30, 2014, 2:08:52 PM)
[2014.12.01-06.08.52:368][529]LogPlayLevel: PIE: StaticDuplicateObject took: (0.040427s)
[2014.12.01-06.08.52:368][529]LogPlayLevel: PIE: World Init took: (0.000810s)
[2014.12.01-06.08.52:369][529]LogPlayLevel: PIE: Created PIE world by copying editor world from /Game/Maps/LivingRoom.LivingRoom to /Game/Maps/UEDPIE_0_LivingRoom.LivingRoom (0.041573s)
[2014.12.01-06.08.52:399][529]LogWorld: Game class is 'MyGame_C'
[2014.12.01-06.08.52:401][529]LogAIModule: Creating AISystem for world LivingRoom
[2014.12.01-06.08.52:406][529]LogPhysics:Warning: AddShapesToRigidActor: ConvexElem is missing ConvexMesh (11: /Game/Character/newcatcauseoldcatsucks.newcatcauseoldcatsucks:BodySetup_3)
[2014.12.01-06.08.52:407][529]LogWorld: Bringing World /Game/Maps/UEDPIE_0_LivingRoom.LivingRoom up for play (max tick rate 60) at 2014.11.30-22.08.52
[2014.12.01-06.08.52:408][529]LogWorld: Bringing up level for play took: 0.007084
[2014.12.01-06.08.52:411][529]PIE: Info Play in editor start time for /Game/Maps/UEDPIE_0_LivingRoom 0.798
[2014.12.01-06.09.38:976][843]LogParticles: Destroying 0 GPU particle simulations for FXSystem 0x000000002182C360
[2014.12.01-06.09.43:440][967]LogEditorViewport: Clicking on Actor (LMB): KillZVolume (KillZVolume)
[2014.12.01-06.09.44:603][ 31]LogEditorViewport: Clicking on Actor (LMB): KillZVolume (KillZVolume)
[2014.12.01-06.09.45:120][ 54]LogEditorViewport: Clicking on Actor (LMB): KillZVolume (KillZVolume)
[2014.12.01-06.09.45:734][ 86]LogEditorViewport: Clicking on Actor (LMB): KillZVolume (KillZVolume)
[2014.12.01-06.09.45:911][ 91]LogEditorViewport: Clicking on Actor (double click): KillZVolume (KillZVolume)
[2014.12.01-06.09.47:840][190]LogEditorViewport: Clicking on Actor (LMB): KillZVolume (KillZVolume)
[2014.12.01-06.10.06:573][817]LogPlayLevel: PIE:  No blueprints needed recompiling
[2014.12.01-06.10.06:573][817]PIE: New page: PIE session: LivingRoom (Nov 30, 2014, 2:10:06 PM)
[2014.12.01-06.10.06:624][817]LogPlayLevel: PIE: StaticDuplicateObject took: (0.050846s)
[2014.12.01-06.10.06:625][817]LogPlayLevel: PIE: World Init took: (0.000771s)
[2014.12.01-06.10.06:625][817]LogPlayLevel: PIE: Created PIE world by copying editor world from /Game/Maps/LivingRoom.LivingRoom to /Game/Maps/UEDPIE_0_LivingRoom.LivingRoom (0.051895s)
[2014.12.01-06.10.06:656][817]LogWorld: Game class is 'MyGame_C'
[2014.12.01-06.10.06:657][817]LogAIModule: Creating AISystem for world LivingRoom
[2014.12.01-06.10.06:663][817]LogPhysics:Warning: AddShapesToRigidActor: ConvexElem is missing ConvexMesh (11: /Game/Character/newcatcauseoldcatsucks.newcatcauseoldcatsucks:BodySetup_3)
[2014.12.01-06.10.06:663][817]LogWorld: Bringing World /Game/Maps/UEDPIE_0_LivingRoom.LivingRoom up for play (max tick rate 60) at 2014.11.30-22.10.06
[2014.12.01-06.10.06:665][817]LogWorld: Bringing up level for play took: 0.007505
[2014.12.01-06.10.06:669][817]PIE: Info Play in editor start time for /Game/Maps/UEDPIE_0_LivingRoom 1.053
[2014.12.01-06.11.02:533][422]LogParticles: Destroying 0 GPU particle simulations for FXSystem 0x000000000D856160
[2014.12.01-06.11.08:564][562]LogEditorViewport: Clicking on Actor (LMB): StaticMeshActor (newcatcauseoldcatsucks)
[2014.12.01-06.11.26:782][269]LogSavePackage: Save=343.139648ms
[2014.12.01-06.11.26:782][269]LogSavePackage: Moving '../../../../../../Users/User/Documents/GitHub/Study-Session/Trial_third_person/Saved/LivingRoomF260CD3A4862CD208B417FAF634A4A0A.tmp' to '../../../../../../Users/User/Documents/GitHub/Study-Session/Trial_third_person/Content/Maps/LivingRoom.umap'
[2014.12.01-06.11.26:830][269]LogFileHelpers: Saving map 'LivingRoom' took 0.602
[2014.12.01-06.11.35:660][746]Cmd: QUIT_EDITOR
[2014.12.01-06.11.36:249][746]LogExit: Preparing to exit.
[2014.12.01-06.11.36:649][746]LogExit: Editor shut down
[2014.12.01-06.11.36:650][746]LogExit: Transaction tracking system shut down
[2014.12.01-06.11.36:653][746]LogParticles: Destroying 0 GPU particle simulations for FXSystem 0x00000000134BC7C0
[2014.12.01-06.11.36:655][746]LogParticles: Destroying 0 GPU particle simulations for FXSystem 0x000000000CEB13A0
[2014.12.01-06.11.36:655][746]LogParticles: Destroying 0 GPU particle simulations for FXSystem 0x00000000285A5300
[2014.12.01-06.11.36:908][746]LogExit: Object subsystem successfully closed.
[2014.12.01-06.11.37:100][746]LogModuleManager: Shutting down and abandoning module AndroidDeviceDetection (166)
[2014.12.01-06.11.37:100][746]LogModuleManager: Shutting down and abandoning module CrashTracker (165)
[2014.12.01-06.11.37:100][746]LogModuleManager: Shutting down and abandoning module SuperSearch (164)
[2014.12.01-06.11.37:100][746]LogModuleManager: Shutting down and abandoning module SceneOutliner (163)
[2014.12.01-06.11.37:100][746]LogModuleManager: Shutting down and abandoning module EditorWidgets (162)
[2014.12.01-06.11.37:100][746]LogModuleManager: Shutting down and abandoning module CollectionManager (161)
[2014.12.01-06.11.37:113][746]LogModuleManager: Shutting down and abandoning module StatsViewer (160)
[2014.12.01-06.11.37:126][746]LogModuleManager: Shutting down and abandoning module FoliageEdit (159)
[2014.12.01-06.11.37:126][746]LogModuleManager: Shutting down and abandoning module LandscapeEditor (158)
[2014.12.01-06.11.37:137][746]LogModuleManager: Shutting down and abandoning module MeshPaint (157)
[2014.12.01-06.11.37:137][746]LogModuleManager: Shutting down and abandoning module ActorPickerMode (156)
[2014.12.01-06.11.37:137][746]LogModuleManager: Shutting down and abandoning module GeometryMode (155)
[2014.12.01-06.11.37:137][746]LogModuleManager: Shutting down and abandoning module TextureAlignMode (154)
[2014.12.01-06.11.37:137][746]LogModuleManager: Shutting down and abandoning module BspMode (153)
[2014.12.01-06.11.37:137][746]LogModuleManager: Shutting down and abandoning module PlacementMode (152)
[2014.12.01-06.11.37:137][746]LogModuleManager: Shutting down and abandoning module AutomationWorker (151)
[2014.12.01-06.11.37:137][746]LogModuleManager: Shutting down and abandoning module CharacterAI (150)
[2014.12.01-06.11.37:137][746]LogModuleManager: Shutting down and abandoning module GameProjectGeneration (149)
[2014.12.01-06.11.37:148][746]LogModuleManager: Shutting down and abandoning module IntroTutorials (148)
[2014.12.01-06.11.37:148][746]LogModuleManager: Shutting down and abandoning module EditorLiveStreaming (147)
[2014.12.01-06.11.37:148][746]LogModuleManager: Shutting down and abandoning module HardwareTargeting (146)
[2014.12.01-06.11.37:148][746]LogModuleManager: Shutting down and abandoning module BehaviorTreeEditor (145)
[2014.12.01-06.11.37:168][746]LogModuleManager: Shutting down and abandoning module DeviceProfileEditor (144)
[2014.12.01-06.11.37:168][746]LogModuleManager: Shutting down and abandoning module UndoHistory (143)
[2014.12.01-06.11.37:168][746]LogModuleManager: Shutting down and abandoning module GameplayTagsEditor (142)
[2014.12.01-06.11.37:177][746]LogModuleManager: Shutting down and abandoning module UserFeedback (141)
[2014.12.01-06.11.37:177][746]LogModuleManager: Shutting down and abandoning module XmlParser (140)
[2014.12.01-06.11.37:177][746]LogModuleManager: Shutting down and abandoning module Blutility (139)
[2014.12.01-06.11.37:177][746]LogModuleManager: Shutting down and abandoning module IOSPlatformEditor (138)
[2014.12.01-06.11.37:177][746]LogModuleManager: Shutting down and abandoning module IOSRuntimeSettings (137)
[2014.12.01-06.11.37:177][746]LogModuleManager: Shutting down and abandoning module AndroidPlatformEditor (136)
[2014.12.01-06.11.37:177][746]LogModuleManager: Shutting down and abandoning module AndroidRuntimeSettings (135)
[2014.12.01-06.11.37:177][746]LogModuleManager: Shutting down and abandoning module ProjectTargetPlatformEditor (134)
[2014.12.01-06.11.37:177][746]LogModuleManager: Shutting down and abandoning module ProjectSettingsViewer (133)
[2014.12.01-06.11.37:177][746]LogModuleManager: Shutting down and abandoning module InputBindingEditor (132)
[2014.12.01-06.11.37:184][746]LogModuleManager: Shutting down and abandoning module EditorSettingsViewer (131)
[2014.12.01-06.11.37:184][746]LogModuleManager: Shutting down and abandoning module SettingsEditor (130)
[2014.12.01-06.11.37:192][746]LogModuleManager: Shutting down and abandoning module ProjectLauncher (129)
[2014.12.01-06.11.37:192][746]LogModuleManager: Shutting down and abandoning module SessionFrontend (128)
[2014.12.01-06.11.37:192][746]LogModuleManager: Shutting down and abandoning module ProfilerClient (127)
[2014.12.01-06.11.37:204][746]LogModuleManager: Shutting down and abandoning module TargetDeviceServices (126)
[2014.12.01-06.11.37:205][746]LogModuleManager: Shutting down and abandoning module DeviceManager (125)
[2014.12.01-06.11.37:205][746]LogModuleManager: Shutting down and abandoning module AutomationController (124)
[2014.12.01-06.11.37:205][746]LogModuleManager: Shutting down and abandoning module AutomationWindow (123)
[2014.12.01-06.11.37:209][746]LogModuleManager: Shutting down and abandoning module Layers (122)
[2014.12.01-06.11.37:215][746]LogModuleManager: Shutting down and abandoning module ComponentVisualizers (121)
[2014.12.01-06.11.37:215][746]LogModuleManager: Shutting down and abandoning module DetailCustomizations (120)
[2014.12.01-06.11.37:215][746]LogModuleManager: Shutting down and abandoning module PackagesDialog (119)
[2014.12.01-06.11.37:215][746]LogModuleManager: Shutting down and abandoning module AssetRegistry (118)
[2014.12.01-06.11.37:329][746]LogModuleManager: Shutting down and abandoning module Persona (117)
[2014.12.01-06.11.37:342][746]LogModuleManager: Shutting down and abandoning module Kismet (116)
[2014.12.01-06.11.37:349][746]LogModuleManager: Shutting down and abandoning module GraphEditor (115)
[2014.12.01-06.11.37:349][746]LogModuleManager: Shutting down and abandoning module ClassViewer (114)
[2014.12.01-06.11.37:350][746]LogModuleManager: Shutting down and abandoning module Toolbox (113)
[2014.12.01-06.11.37:350][746]LogModuleManager: Shutting down and abandoning module ModuleUI (112)
[2014.12.01-06.11.37:361][746]LogModuleManager: Shutting down and abandoning module MovieSceneTools (111)
[2014.12.01-06.11.37:367][746]LogModuleManager: Shutting down and abandoning module OutputLog (110)
[2014.12.01-06.11.37:367][746]LogModuleManager: Shutting down and abandoning module GammaUI (109)
[2014.12.01-06.11.37:379][746]LogModuleManager: Shutting down and abandoning module Documentation (108)
[2014.12.01-06.11.37:379][746]LogModuleManager: Shutting down and abandoning module GameLiveStreaming (107)
[2014.12.01-06.11.37:379][746]LogModuleManager: Shutting down and abandoning module StreamingPauseRendering (106)
[2014.12.01-06.11.37:379][746]LogModuleManager: Shutting down and abandoning module HTTP (105)
[2014.12.01-06.11.37:379][746]LogModuleManager: Shutting down and abandoning module AnalyticsET (104)
[2014.12.01-06.11.37:379][746]LogModuleManager: Shutting down and abandoning module Analytics (103)
[2014.12.01-06.11.37:379][746]LogModuleManager: Shutting down and abandoning module GameplayDebugger (102)
[2014.12.01-06.11.37:379][746]LogModuleManager: Shutting down and abandoning module AIModule (101)
[2014.12.01-06.11.37:386][746]LogModuleManager: Shutting down and abandoning module ProfilerService (100)
[2014.12.01-06.11.37:483][746]LogModuleManager: Shutting down and abandoning module TaskGraph (99)
[2014.12.01-06.11.37:495][746]LogModuleManager: Shutting down and abandoning module SlateRemote (98)
[2014.12.01-06.11.37:495][746]LogModuleManager: Shutting down and abandoning module ScriptEditorPlugin (97)
[2014.12.01-06.11.37:495][746]LogModuleManager: Shutting down and abandoning module CustomMeshComponent (96)
[2014.12.01-06.11.37:495][746]LogModuleManager: Shutting down and abandoning module CableComponent (95)
[2014.12.01-06.11.37:495][746]LogModuleManager: Shutting down and abandoning module MessagingDebugger (94)
[2014.12.01-06.11.37:506][746]LogModuleManager: Shutting down and abandoning module MediaPlayerEditor (93)
[2014.12.01-06.11.37:510][746]LogModuleManager: Shutting down and abandoning module SpeedTreeImporter (92)
[2014.12.01-06.11.37:510][746]LogModuleManager: Shutting down and abandoning module PluginsEditor (91)
[2014.12.01-06.11.37:510][746]LogModuleManager: Shutting down and abandoning module EpicSurvey (90)
[2014.12.01-06.11.37:510][746]LogModuleManager: Shutting down and abandoning module DesktopPlatform (89)
[2014.12.01-06.11.37:523][746]LogModuleManager: Shutting down and abandoning module VisualStudioSourceCodeAccess (88)
[2014.12.01-06.11.37:523][746]LogModuleManager: Shutting down and abandoning module UObjectPlugin (87)
[2014.12.01-06.11.37:523][746]LogModuleManager: Shutting down and abandoning module SubversionSourceControl (86)
[2014.12.01-06.11.37:523][746]LogModuleManager: Shutting down and abandoning module SourceControl (85)
[2014.12.01-06.11.37:523][746]LogModuleManager: Shutting down and abandoning module PerforceSourceControl (84)
[2014.12.01-06.11.37:534][746]LogModuleManager: Shutting down and abandoning module BlankPlugin (83)
[2014.12.01-06.11.37:534][746]LogModuleManager: Shutting down and abandoning module SlateReflector (82)
[2014.12.01-06.11.37:534][746]LogModuleManager: Shutting down and abandoning module DirectoryWatcher (81)
[2014.12.01-06.11.37:534][746]LogModuleManager: Shutting down and abandoning module HotReload (80)
[2014.12.01-06.11.37:549][746]LogModuleManager: Shutting down and abandoning module MainFrame (79)
[2014.12.01-06.11.37:549][746]LogModuleManager: Shutting down and abandoning module LevelEditor (78)
[2014.12.01-06.11.37:550][746]LogModuleManager: Shutting down and abandoning module ViewportSnapping (77)
[2014.12.01-06.11.37:550][746]LogModuleManager: Shutting down and abandoning module SmartSnapping (76)
[2014.12.01-06.11.37:550][746]LogModuleManager: Shutting down and abandoning module PaperTiledImporter (75)
[2014.12.01-06.11.37:550][746]LogModuleManager: Shutting down and abandoning module PaperJsonImporter (74)
[2014.12.01-06.11.37:550][746]LogModuleManager: Shutting down and abandoning module ContentBrowser (73)
[2014.12.01-06.11.37:551][746]LogModuleManager: Shutting down and abandoning module PropertyEditor (72)
[2014.12.01-06.11.37:551][746]LogModuleManager: Shutting down and abandoning module Paper2DEditor (71)
[2014.12.01-06.11.37:556][746]LogModuleManager: Shutting down and abandoning module ScriptPlugin (70)
[2014.12.01-06.11.37:566][746]LogModuleManager: Shutting down and abandoning module UdpMessaging (69)
[2014.12.01-06.11.37:666][746]LogModuleManager: Shutting down and abandoning module Paper2D (68)
[2014.12.01-06.11.37:666][746]LogModuleManager: Shutting down and abandoning module WindowsMoviePlayer (67)
[2014.12.01-06.11.37:668][746]LogModuleManager: Shutting down and abandoning module Media (66)
[2014.12.01-06.11.37:668][746]LogModuleManager: Shutting down and abandoning module WmfMedia (65)
[2014.12.01-06.11.37:669][746]LogModuleManager: Shutting down and abandoning module OnlineBlueprintSupport (64)
[2014.12.01-06.11.37:669][746]LogModuleManager: Shutting down and abandoning module FunctionalTesting (63)
[2014.12.01-06.11.37:669][746]LogModuleManager: Shutting down and abandoning module CollisionAnalyzer (62)
[2014.12.01-06.11.37:673][746]LogModuleManager: Shutting down and abandoning module WorkspaceMenuStructure (61)
[2014.12.01-06.11.37:673][746]LogModuleManager: Shutting down and abandoning module MessageLog (60)
[2014.12.01-06.11.37:673][746]LogModuleManager: Shutting down and abandoning module Sequencer (59)
[2014.12.01-06.11.37:684][746]LogModuleManager: Shutting down and abandoning module AssetTools (58)
[2014.12.01-06.11.37:684][746]LogModuleManager: Shutting down and abandoning module UMGEditor (57)
[2014.12.01-06.11.37:684][746]LogModuleManager: Shutting down and abandoning module UMG (56)
[2014.12.01-06.11.37:684][746]LogModuleManager: Shutting down and abandoning module Slate (55)
[2014.12.01-06.11.37:684][746]LogModuleManager: Shutting down and abandoning module EditorStyle (54)
[2014.12.01-06.11.37:686][746]LogModuleManager: Shutting down and abandoning module SessionServices (53)
[2014.12.01-06.11.37:686][746]LogModuleManager: Shutting down and abandoning module SourceCodeAccess (52)
[2014.12.01-06.11.37:686][746]LogModuleManager: Shutting down and abandoning module HeadMountedDisplay (51)
[2014.12.01-06.11.37:686][746]LogModuleManager: Shutting down and abandoning module XAudio2 (50)
[2014.12.01-06.11.37:686][746]LogModuleManager: Shutting down and abandoning module Networking (48)
[2014.12.01-06.11.37:686][746]LogModuleManager: Shutting down and abandoning module Core (47)
[2014.12.01-06.11.37:686][746]LogModuleManager: Shutting down and abandoning module KismetCompiler (46)
[2014.12.01-06.11.37:686][746]LogModuleManager: Shutting down and abandoning module PhysXFormats (45)
[2014.12.01-06.11.37:686][746]LogModuleManager: Shutting down and abandoning module MeshUtilities (44)
[2014.12.01-06.11.37:691][746]LogModuleManager: Shutting down and abandoning module DerivedDataCache (43)
[2014.12.01-06.11.37:738][746]LogDerivedDataCache: Shutdown
[2014.12.01-06.11.37:738][746]LogModuleManager: Shutting down and abandoning module ShaderFormatOpenGL (42)
[2014.12.01-06.11.37:745][746]LogModuleManager: Shutting down and abandoning module ShaderFormatD3D (41)
[2014.12.01-06.11.37:745][746]LogModuleManager: Shutting down and abandoning module MetalShaderFormat (40)
[2014.12.01-06.11.37:750][746]LogModuleManager: Shutting down and abandoning module TextureFormatUncompressed (39)
[2014.12.01-06.11.37:750][746]LogModuleManager: Shutting down and abandoning module TextureFormatPVR (38)
[2014.12.01-06.11.37:750][746]LogModuleManager: Shutting down and abandoning module TextureFormatDXT (37)
[2014.12.01-06.11.37:750][746]LogModuleManager: Shutting down and abandoning module TextureFormatAndroid (36)
[2014.12.01-06.11.37:750][746]LogModuleManager: Shutting down and abandoning module AudioFormatOpus (35)
[2014.12.01-06.11.37:750][746]LogModuleManager: Shutting down and abandoning module AudioFormatOgg (34)
[2014.12.01-06.11.37:750][746]LogModuleManager: Shutting down and abandoning module AudioFormatADPCM (33)
[2014.12.01-06.11.37:750][746]LogModuleManager: Shutting down and abandoning module Messaging (32)
[2014.12.01-06.11.37:750][746]LogModuleManager: Shutting down and abandoning module IOSTargetPlatform (31)
[2014.12.01-06.11.37:750][746]LogModuleManager: Shutting down and abandoning module Android_PVRTCTargetPlatform (30)
[2014.12.01-06.11.37:750][746]LogModuleManager: Shutting down and abandoning module Android_ETC2TargetPlatform (29)
[2014.12.01-06.11.37:750][746]LogModuleManager: Shutting down and abandoning module Android_ETC1TargetPlatform (28)
[2014.12.01-06.11.37:750][746]LogModuleManager: Shutting down and abandoning module Android_DXTTargetPlatform (27)
[2014.12.01-06.11.37:750][746]LogModuleManager: Shutting down and abandoning module Android_ATCTargetPlatform (26)
[2014.12.01-06.11.37:750][746]LogModuleManager: Shutting down and abandoning module AndroidTargetPlatform (25)
[2014.12.01-06.11.37:750][746]LogModuleManager: Shutting down and abandoning module WindowsTargetPlatform (24)
[2014.12.01-06.11.37:750][746]LogModuleManager: Shutting down and abandoning module WindowsServerTargetPlatform (23)
[2014.12.01-06.11.37:750][746]LogModuleManager: Shutting down and abandoning module WindowsNoEditorTargetPlatform (22)
[2014.12.01-06.11.37:750][746]LogModuleManager: Shutting down and abandoning module WindowsClientTargetPlatform (21)
[2014.12.01-06.11.37:750][746]LogModuleManager: Shutting down and abandoning module TargetPlatform (20)
[2014.12.01-06.11.37:750][746]LogModuleManager: Shutting down and abandoning module InputCore (19)
[2014.12.01-06.11.37:750][746]LogModuleManager: Shutting down and abandoning module Settings (18)
[2014.12.01-06.11.37:750][746]LogModuleManager: Shutting down and abandoning module ImageWrapper (17)
[2014.12.01-06.11.37:750][746]LogModuleManager: Shutting down and abandoning module OculusRift (14)
[2014.12.01-06.11.37:750][746]LogModuleManager: Shutting down and abandoning module ExampleDeviceProfileSelector (13)
[2014.12.01-06.11.37:750][746]LogModuleManager: Shutting down and abandoning module TextureCompressor (12)
[2014.12.01-06.11.37:750][746]LogModuleManager: Shutting down and abandoning module ShaderCore (11)
[2014.12.01-06.11.37:750][746]LogModuleManager: Shutting down and abandoning module SlateRHIRenderer (10)
[2014.12.01-06.11.37:751][746]LogModuleManager: Shutting down and abandoning module OpenGLDrv (9)
[2014.12.01-06.11.37:751][746]LogModuleManager: Shutting down and abandoning module D3D11RHI (8)
[2014.12.01-06.11.37:751][746]LogModuleManager: Shutting down and abandoning module Renderer (7)
[2014.12.01-06.11.37:751][746]LogModuleManager: Shutting down and abandoning module Engine (6)
[2014.12.01-06.11.37:751][746]LogModuleManager: Shutting down and abandoning module CoreUObject (5)
[2014.12.01-06.11.37:751][746]LogModuleManager: Shutting down and abandoning module NetworkFile (4)
[2014.12.01-06.11.37:751][746]LogModuleManager: Shutting down and abandoning module StreamingFile (3)
[2014.12.01-06.11.37:751][746]LogModuleManager: Shutting down and abandoning module SandboxFile (2)
[2014.12.01-06.11.37:752][746]LogModuleManager: Shutting down and abandoning module PakFile (1)
[2014.12.01-06.11.37:763][746]LogExit: Exiting.
[2014.12.01-06.11.37:788][746]Log file closed, 11/30/14 22:11:37
