Log file open, 12/05/14 11:43:09
LogInit:Display: Running engine for game: Trial_third_person
LogInit: Version: 4.5.1-2336687+++depot+UE4-Releases+4.5
LogInit: API Version: 2326478
LogInit: Compiled (64-bit): Oct 21 2014 22:32:40
LogInit: Compiled with Visual C++: 18.00.21005.01
LogInit: Build Configuration: Development
LogInit: Branch Name: ++depot+UE4-Releases+4.5
LogInit: Command line:  
LogInit: Base directory: C:/Program Files/Epic Games/4.5/Engine/Binaries/Win64/
LogInit: Rocket: 1
[2014.12.05-19.43.09:860][  0]LogTaskGraph: Started task graph with 3 named threads and 4 total threads.
[2014.12.05-19.43.09:899][  0]LogOnline:Warning: No default platform service specified for OnlineSubsystem
[2014.12.05-19.43.09:968][  0]LogInit: Presizing for 0 objects not considered by GC, pre-allocating 0 bytes.
[2014.12.05-19.43.09:993][  0]LogInit: Object subsystem initialized
[2014.12.05-19.43.10:014][  0]LogConsoleResponse:Warning: Skipping Unknown console variable: 'UIScaleRule = ShortestSide'
[2014.12.05-19.43.10:015][  0]LogConsoleResponse:Warning:   Found in ini file 'D:/Study-Session/Trial_third_person/Saved/Config/Windows/Engine.ini', in section '[/Script/Engine.RendererSettings]'
[2014.12.05-19.43.10:015][  0]LogConsoleResponse:Warning: Skipping Unknown console variable: 'UIScaleCurve = (EditorCurveData=(Keys=((Time=480.000000,Value=0.444000),(Time=720.000000,Value=0.666000),(Time=1080.000000,Value=1.000000),(Time=8640.000000,Value=8.000000))),ExternalCurve=None)'
[2014.12.05-19.43.10:015][  0]LogConsoleResponse:Warning:   Found in ini file 'D:/Study-Session/Trial_third_person/Saved/Config/Windows/Engine.ini', in section '[/Script/Engine.RendererSettings]'
[2014.12.05-19.43.10:024][  0]LogInit: Selected Device Profile: [Windows]
[2014.12.05-19.43.10:024][  0]LogInit: Applying CVar settings loaded from the selected device profile: [Windows]
[2014.12.05-19.43.10:042][  0]LogInit: Computer: ZEN-MATT
[2014.12.05-19.43.10:042][  0]LogInit: User: Matt
[2014.12.05-19.43.10:046][  0]LogInit: CPU Page size=4096, Cores=2
[2014.12.05-19.43.10:046][  0]LogInit: High frequency timer resolution =2.338554 MHz
[2014.12.05-19.43.10:046][  0]LogMemory: Memory total: Physical=3.9GB (4GB approx) Virtual=8192.0GB
[2014.12.05-19.43.10:046][  0]LogMemory: Platform Memory Stats for Windows
[2014.12.05-19.43.10:046][  0]LogMemory: Process Physical Memory: 65.39 MB used, 65.39 MB peak
[2014.12.05-19.43.10:046][  0]LogMemory: Process Virtual Memory: 40.31 MB used, 40.31 MB peak
[2014.12.05-19.43.10:046][  0]LogMemory: Physical Memory: 3335.55 MB used, 3981.98 MB total
[2014.12.05-19.43.10:046][  0]LogMemory: Virtual Memory: 273.19 MB used, 8388608.00 MB total
[2014.12.05-19.43.10:138][  0]LogD3D11RHI: Found D3D11 adapter 0: Intel(R) HD Graphics 4000 (Feature Level 11_0)
[2014.12.05-19.43.10:138][  0]LogD3D11RHI: Adapter has 64MB of dedicated video memory, 0MB of dedicated system memory, and 1632MB of shared system memory, 1 output[s]
[2014.12.05-19.43.10:138][  0]LogD3D11RHI: Chosen D3D11 Adapter Id = 0
[2014.12.05-19.43.10:155][  0]LogRHI: Texture pool is 616 MB (70% of 880 MB)
[2014.12.05-19.43.10:169][  0]LogD3D11RHI: Async texture creation enabled
[2014.12.05-19.43.10:428][  0]LogTextLocalizationManager: The requested culture ('en_US') has no localization data; parent culture's ('en') localization data will be used.
[2014.12.05-19.43.10:748][  0]LogContentStreaming: Texture pool size is 0.000000MB
[2014.12.05-19.43.18:881][  0]LogTargetPlatformManager:Display: Building Assets For Windows
[2014.12.05-19.43.19:813][  0]LogTargetPlatformManager:Display: Building Assets For Windows
[2014.12.05-19.43.19:912][  0]LogDerivedDataCache:Display: Max Cache Size: 512 MB
[2014.12.05-19.43.20:051][  0]LogDerivedDataCache: Loaded boot cache 0.14s 39MB C:/Users/Matt/AppData/Local/UnrealEngine/4.5/DerivedDataCache/Boot.ddc.
[2014.12.05-19.43.20:051][  0]LogDerivedDataCache:Display: Loaded Boot cache: C:/Users/Matt/AppData/Local/UnrealEngine/4.5/DerivedDataCache/Boot.ddc
[2014.12.05-19.43.20:051][  0]LogDerivedDataCache: FDerivedDataBackendGraph:  Pak pak cache file D:/Study-Session/Trial_third_person/DerivedDataCache/DDC.ddp not found, will not use a pak cache.
[2014.12.05-19.43.20:051][  0]LogDerivedDataCache: Unable to find inner node Pak for hierarchical cache Hierarchy.
[2014.12.05-19.43.20:137][  0]LogDerivedDataCache:Display: Pak cache opened for reading ../../../Engine/DerivedDataCache/DDC.ddp.
[2014.12.05-19.43.20:149][  0]LogDerivedDataCache: Using Local data cache path C:/Users/Matt/AppData/Local/UnrealEngine/Common/DerivedDataCache: Writable
[2014.12.05-19.43.21:677][  0]LogMeshUtilities: No automatic mesh reduction module available
[2014.12.05-19.43.21:677][  0]LogMeshUtilities: No automatic mesh merging module available
[2014.12.05-19.43.22:892][  0]LogLinker:Warning: Asset '../../../Engine/Content/Functions/Engine_MaterialFunctions02/Texturing/FlipBook.uasset' has been saved with empty engine version. The asset will be loaded but may be incompatible.
[2014.12.05-19.43.22:918][  0]LogLinker:Warning: Asset '../../../Engine/Content/Functions/Engine_MaterialFunctions02/ExampleContent/Textures/flipbook.uasset' has been saved with empty engine version. The asset will be loaded but may be incompatible.
[2014.12.05-19.43.23:449][  0]LogInit: WinSock: version 1.1 (2.2), MaxSocks=32767, MaxUdp=65467
[2014.12.05-19.43.29:680][  0]UdpMessaging: Initializing bridge on interface 0.0.0.0:0 to multicast group 230.0.0.1:6666.
[2014.12.05-19.43.30:332][  0]LogDirectoryWatcher:Warning: Failed to begin reading directory changes for D:/Study-Session/Trial_third_person/Binaries/Win64. Error: 0
[2014.12.05-19.43.30:810][  0]SourceControl: Info Source control is disabled
[2014.12.05-19.43.30:810][  0]SourceControl: Info Source control is disabled
[2014.12.05-19.43.30:829][  0]SourceControl: Info Source control is disabled
[2014.12.05-19.43.31:190][  0]LogObj: 22915 objects as part of root set at end of initial load.
[2014.12.05-19.43.31:190][  0]LogUObjectAllocator: 4803536 out of 0 bytes used by permanent object pool.
[2014.12.05-19.43.31:330][  0]LogEngine: Initializing Engine...
[2014.12.05-19.43.31:606][  0]LogInit: XAudio2 using 'Speakers (Realtek High Definition Audio)' : 2 channels at 48 kHz using 32 bits per sample (channel mask 0x3)
[2014.12.05-19.43.31:663][  0]LogInit: FAudioDevice initialized.
[2014.12.05-19.43.31:762][  0]LogAIModule: Creating AISystem for world NewWorld
[2014.12.05-19.43.31:802][  0]LogDerivedDataCache: Saved boot cache 0.03s 39MB C:/Users/Matt/AppData/Local/UnrealEngine/4.5/DerivedDataCache/Boot.ddc.
[2014.12.05-19.43.31:805][  0]LogInit: Texture streaming: Enabled
[2014.12.05-19.43.31:915][  0]LogInit: Transaction tracking system initialized
[2014.12.05-19.43.32:181][  0]BlueprintLog: New page: Editor Load
[2014.12.05-19.43.32:257][  0]LogAssetRegistry: FAssetRegistry took 0.0133 seconds to start up
[2014.12.05-19.43.32:258][  0]LogDirectoryWatcher:Warning: Failed to begin reading directory changes for ../../../Engine/Plugins/Experimental/CharacterAI/Content/. Error: 0
[2014.12.05-19.43.33:209][  0]LogTargetPlatformManager:Display: Building Assets For Windows
[2014.12.05-19.43.33:709][  0]LogTargetPlatformManager:Display: Building Assets For Windows
[2014.12.05-19.43.34:433][  0]LogConsoleResponse:Display: 
[2014.12.05-19.43.35:177][  0]SourceControl: Info Source control is disabled
[2014.12.05-19.43.35:179][  0]Cmd: MAP LOAD FILE="D:/Study-Session/Trial_third_person/Content/Maps/Example_Map.umap" TEMPLATE=0 SHOWPROGRESS=1
[2014.12.05-19.43.35:182][  0]LightingResults: New page: Lighting Build
[2014.12.05-19.43.35:212][  0]MapCheck: New page: Map Check
[2014.12.05-19.43.35:212][  0]LightingResults: New page: Lighting Build
[2014.12.05-19.43.35:248][  0]LogParticles: Destroying 0 GPU particle simulations for FXSystem 0x000000001CAB27A0
[2014.12.05-19.43.35:823][  0]LogEditorServer: Finished looking for orphan Actors (0.002 secs)
[2014.12.05-19.43.35:827][  0]LogAIModule: Creating AISystem for world Example_Map
[2014.12.05-19.43.35:832][  0]Cmd: MAP CHECKDEP
[2014.12.05-19.43.35:834][  0]MapCheck: New page: Example_Map - Dec 5, 2014, 3:43:35 AM
[2014.12.05-19.43.36:085][  0]MapCheck: Info Map check complete: 0 Error(s), 0 Warning(s), took 252.703ms to complete.
[2014.12.05-19.43.36:085][  0]LogFileHelpers: Loading map 'Example_Map' took 0.906
[2014.12.05-19.43.36:268][  0]LogCollectionManager: Loaded 0 collections in 0.001881 seconds
[2014.12.05-19.43.36:519][  0]LogCrashTracker: Crashtracker disabled due to settings.
[2014.12.05-19.43.37:466][  0]LogUObjectGlobals:Warning: Failed to find object 'Class None.'
[2014.12.05-19.43.37:521][  0]LogLoad: Full Startup: 33.35 seconds (BP compile: 0.21 seconds)
[2014.12.05-19.43.37:871][  0]LogContentBrowser:Verbose: The content browser source was changed by the sources view to '/Game/Blueprints'
[2014.12.05-19.43.40:543][  8]LogAssetRegistry: Asset discovery search completed in 8.2980 seconds
[2014.12.05-19.43.44:848][ 24]LogRenderer:Warning: Reallocating scene render targets to support 256x256.
[2014.12.05-19.43.53:585][419]Cmd: MAP LOAD FILE="D:/Study-Session/Trial_third_person/Content/Maps/LivingRoom.umap" TEMPLATE=0 SHOWPROGRESS=1
[2014.12.05-19.43.53:586][419]LightingResults: New page: Lighting Build
[2014.12.05-19.43.53:642][419]LoadErrors: New page: Loading map: LivingRoom.umap
[2014.12.05-19.43.53:646][419]MapCheck: New page: Map Check
[2014.12.05-19.43.53:646][419]LightingResults: New page: Lighting Build
[2014.12.05-19.43.53:669][419]LogParticles: Destroying 0 GPU particle simulations for FXSystem 0x000000001299E660
[2014.12.05-19.43.53:730][419]LogLinker:Warning: Can't find file '/Game/ArchVis/Textures/T_Shelving_M'
[2014.12.05-19.43.53:732][419]LogLinker:Warning: Can't find file for asset '/Game/ArchVis/Textures/T_Shelving_M' while loading D:/Study-Session/Trial_third_person/Content/StarterContent/Materials/Materials/M_Shelving.uasset.
[2014.12.05-19.43.53:733][419]LoadErrors:Error: Error /Game/StarterContent/Materials/Materials/M_Shelving : Can't find file for asset. /Game/ArchVis/Textures/T_Shelving_M
[2014.12.05-19.43.53:733][419]LogLinker:Warning: Can't find file '/Game/ArchVis/Textures/T_Shelving_N'
[2014.12.05-19.43.53:733][419]LogLinker:Warning: Can't find file for asset '/Game/ArchVis/Textures/T_Shelving_N' while loading D:/Study-Session/Trial_third_person/Content/StarterContent/Materials/Materials/M_Shelving.uasset.
[2014.12.05-19.43.53:733][419]LoadErrors:Error: Error /Game/StarterContent/Materials/Materials/M_Shelving : Can't find file for asset. /Game/ArchVis/Textures/T_Shelving_N
[2014.12.05-19.43.53:733][419]LogLinker:Warning: Can't find file '/Game/ArchVis/Textures/T_Wood'
[2014.12.05-19.43.53:733][419]LogLinker:Warning: Can't find file for asset '/Game/ArchVis/Textures/T_Wood' while loading D:/Study-Session/Trial_third_person/Content/StarterContent/Materials/Materials/M_Shelving.uasset.
[2014.12.05-19.43.53:734][419]LoadErrors:Error: Error /Game/StarterContent/Materials/Materials/M_Shelving : Can't find file for asset. /Game/ArchVis/Textures/T_Wood
[2014.12.05-19.43.53:734][419]LogLinker:Warning: Can't find file '/Game/ArchVis/Textures/T_Wood_S'
[2014.12.05-19.43.53:734][419]LogLinker:Warning: Can't find file for asset '/Game/ArchVis/Textures/T_Wood_S' while loading D:/Study-Session/Trial_third_person/Content/StarterContent/Materials/Materials/M_Shelving.uasset.
[2014.12.05-19.43.53:734][419]LoadErrors:Error: Error /Game/StarterContent/Materials/Materials/M_Shelving : Can't find file for asset. /Game/ArchVis/Textures/T_Wood_S
[2014.12.05-19.43.53:734][419]LogLinker:Warning: Can't find file '/Game/ArchVis/Textures/T_Shelving_M'
[2014.12.05-19.43.53:734][419]LogLinker:Warning: Can't find file for asset '/Game/ArchVis/Textures/T_Shelving_M' while loading D:/Study-Session/Trial_third_person/Content/StarterContent/Materials/Materials/M_Shelving.uasset.
[2014.12.05-19.43.53:735][419]LogLinker:Warning: Can't find file '/Game/ArchVis/Textures/T_Shelving_N'
[2014.12.05-19.43.53:735][419]LogLinker:Warning: Can't find file for asset '/Game/ArchVis/Textures/T_Shelving_N' while loading D:/Study-Session/Trial_third_person/Content/StarterContent/Materials/Materials/M_Shelving.uasset.
[2014.12.05-19.43.53:735][419]LogLinker:Warning: Can't find file '/Game/ArchVis/Textures/T_Wood'
[2014.12.05-19.43.53:735][419]LogLinker:Warning: Can't find file for asset '/Game/ArchVis/Textures/T_Wood' while loading D:/Study-Session/Trial_third_person/Content/StarterContent/Materials/Materials/M_Shelving.uasset.
[2014.12.05-19.43.53:735][419]LogLinker:Warning: Can't find file '/Game/ArchVis/Textures/T_Wood_S'
[2014.12.05-19.43.53:735][419]LogLinker:Warning: Can't find file for asset '/Game/ArchVis/Textures/T_Wood_S' while loading D:/Study-Session/Trial_third_person/Content/StarterContent/Materials/Materials/M_Shelving.uasset.
[2014.12.05-19.43.53:841][419]LogLinker:Warning: Can't find file '/Game/ArchVis/Materials/M_CoffeTable_MAT_Inst'
[2014.12.05-19.43.53:841][419]LogLinker:Warning: Can't find file for asset '/Game/ArchVis/Materials/M_CoffeTable_MAT_Inst' while loading D:/Study-Session/Trial_third_person/Content/StarterContent/Mesh/SM_CoffeeTable.uasset.
[2014.12.05-19.43.53:841][419]LoadErrors:Error: Error /Game/StarterContent/Mesh/SM_CoffeeTable : Can't find file for asset. /Game/ArchVis/Materials/M_CoffeTable_MAT_Inst
[2014.12.05-19.43.53:842][419]LogLinker:Warning: Can't find file '/Game/ArchVis/Materials/M_CoffeTable_MAT_Inst'
[2014.12.05-19.43.53:842][419]LogLinker:Warning: Can't find file for asset '/Game/ArchVis/Materials/M_CoffeTable_MAT_Inst' while loading D:/Study-Session/Trial_third_person/Content/StarterContent/Mesh/SM_CoffeeTable.uasset.
[2014.12.05-19.43.53:850][419]LogLinker:Warning: Can't find file '/Game/ArchVis/Materials/M_Curtain_MAT_Inst'
[2014.12.05-19.43.53:850][419]LogLinker:Warning: Can't find file for asset '/Game/ArchVis/Materials/M_Curtain_MAT_Inst' while loading D:/Study-Session/Trial_third_person/Content/StarterContent/Mesh/SM_Curtain.uasset.
[2014.12.05-19.43.53:850][419]LoadErrors:Error: Error /Game/StarterContent/Mesh/SM_Curtain : Can't find file for asset. /Game/ArchVis/Materials/M_Curtain_MAT_Inst
[2014.12.05-19.43.53:851][419]LogLinker:Warning: Can't find file '/Game/ArchVis/Materials/M_Curtain_MAT_Inst'
[2014.12.05-19.43.53:851][419]LogLinker:Warning: Can't find file for asset '/Game/ArchVis/Materials/M_Curtain_MAT_Inst' while loading D:/Study-Session/Trial_third_person/Content/StarterContent/Mesh/SM_Curtain.uasset.
[2014.12.05-19.43.53:859][419]LogLinker:Warning: Can't find file '/Game/ArchVis/Materials/M_FloorLamp_Mat_Inst'
[2014.12.05-19.43.53:859][419]LogLinker:Warning: Can't find file for asset '/Game/ArchVis/Materials/M_FloorLamp_Mat_Inst' while loading D:/Study-Session/Trial_third_person/Content/StarterContent/Mesh/SM_FloorLamp.uasset.
[2014.12.05-19.43.53:859][419]LoadErrors:Error: Error /Game/StarterContent/Mesh/SM_FloorLamp : Can't find file for asset. /Game/ArchVis/Materials/M_FloorLamp_Mat_Inst
[2014.12.05-19.43.53:859][419]LogLinker:Warning: Can't find file '/Game/ArchVis/Materials/M_FloorLamp_Mat_Inst'
[2014.12.05-19.43.53:859][419]LogLinker:Warning: Can't find file for asset '/Game/ArchVis/Materials/M_FloorLamp_Mat_Inst' while loading D:/Study-Session/Trial_third_person/Content/StarterContent/Mesh/SM_FloorLamp.uasset.
[2014.12.05-19.43.53:868][419]LogLinker:Warning: Can't find file '/Game/ArchVis/Materials/M_Shelving_Inst'
[2014.12.05-19.43.53:868][419]LogLinker:Warning: Can't find file for asset '/Game/ArchVis/Materials/M_Shelving_Inst' while loading D:/Study-Session/Trial_third_person/Content/StarterContent/Mesh/SM_Shelving.uasset.
[2014.12.05-19.43.53:869][419]LoadErrors:Error: Error /Game/StarterContent/Mesh/SM_Shelving : Can't find file for asset. /Game/ArchVis/Materials/M_Shelving_Inst
[2014.12.05-19.43.53:869][419]LogLinker:Warning: Can't find file '/Game/ArchVis/Materials/M_Shelving_Inst'
[2014.12.05-19.43.53:869][419]LogLinker:Warning: Can't find file for asset '/Game/ArchVis/Materials/M_Shelving_Inst' while loading D:/Study-Session/Trial_third_person/Content/StarterContent/Mesh/SM_Shelving.uasset.
[2014.12.05-19.43.53:873][419]LogLinker:Warning: Can't find file '/Game/ArchVis/Materials/M_TV_Inst'
[2014.12.05-19.43.53:873][419]LogLinker:Warning: Can't find file for asset '/Game/ArchVis/Materials/M_TV_Inst' while loading D:/Study-Session/Trial_third_person/Content/StarterContent/Mesh/SM_TV.uasset.
[2014.12.05-19.43.53:873][419]LoadErrors:Error: Error /Game/StarterContent/Mesh/SM_TV : Can't find file for asset. /Game/ArchVis/Materials/M_TV_Inst
[2014.12.05-19.43.53:873][419]LogLinker:Warning: Can't find file '/Game/ArchVis/Materials/M_TV_Inst'
[2014.12.05-19.43.53:873][419]LogLinker:Warning: Can't find file for asset '/Game/ArchVis/Materials/M_TV_Inst' while loading D:/Study-Session/Trial_third_person/Content/StarterContent/Mesh/SM_TV.uasset.
[2014.12.05-19.43.53:877][419]LogLinker:Warning: Can't find file '/Game/ArchVis/Materials/M_Statue_Inst'
[2014.12.05-19.43.53:877][419]LogLinker:Warning: Can't find file for asset '/Game/ArchVis/Materials/M_Statue_Inst' while loading D:/Study-Session/Trial_third_person/Content/StarterContent/Mesh/Statue.uasset.
[2014.12.05-19.43.53:878][419]LoadErrors:Error: Error /Game/StarterContent/Mesh/Statue : Can't find file for asset. /Game/ArchVis/Materials/M_Statue_Inst
[2014.12.05-19.43.53:878][419]LogLinker:Warning: Can't find file '/Game/ArchVis/Materials/M_Statue_Inst'
[2014.12.05-19.43.53:878][419]LogLinker:Warning: Can't find file for asset '/Game/ArchVis/Materials/M_Statue_Inst' while loading D:/Study-Session/Trial_third_person/Content/StarterContent/Mesh/Statue.uasset.
[2014.12.05-19.43.53:966][419]LogLinker:Warning: Can't find file '/Game/ArchVis/Textures/T_Shelving_N'
[2014.12.05-19.43.53:968][419]LoadErrors: Info Failed to load /Game/ArchVis/Textures/T_Shelving_N.T_Shelving_N Referenced by M_Shelving
[2014.12.05-19.43.53:968][419]LogLinker:Warning: Can't find file for asset '/Game/ArchVis/Textures/T_Shelving_N' while loading NULL.
[2014.12.05-19.43.53:968][419]LogLinker:Warning: Can't find file '/Game/ArchVis/Textures/T_Wood'
[2014.12.05-19.43.53:968][419]LoadErrors: Info Failed to load /Game/ArchVis/Textures/T_Wood.T_Wood Referenced by M_Shelving
[2014.12.05-19.43.53:969][419]LogLinker:Warning: Can't find file for asset '/Game/ArchVis/Textures/T_Wood' while loading NULL.
[2014.12.05-19.43.53:969][419]LogLinker:Warning: Can't find file '/Game/ArchVis/Textures/T_Shelving_M'
[2014.12.05-19.43.53:969][419]LoadErrors: Info Failed to load /Game/ArchVis/Textures/T_Shelving_M.T_Shelving_M Referenced by M_Shelving
[2014.12.05-19.43.53:969][419]LogLinker:Warning: Can't find file for asset '/Game/ArchVis/Textures/T_Shelving_M' while loading NULL.
[2014.12.05-19.43.53:969][419]LogLinker:Warning: Can't find file '/Game/ArchVis/Textures/T_Wood_S'
[2014.12.05-19.43.53:969][419]LoadErrors: Info Failed to load /Game/ArchVis/Textures/T_Wood_S.T_Wood_S Referenced by M_Shelving
[2014.12.05-19.43.53:969][419]LogLinker:Warning: Can't find file for asset '/Game/ArchVis/Textures/T_Wood_S' while loading NULL.
[2014.12.05-19.43.53:970][419]LogLinker:Warning: Can't find file '/Game/ArchVis/Textures/T_Shelving_N'
[2014.12.05-19.43.53:970][419]LoadErrors: Info Failed to load /Game/ArchVis/Textures/T_Shelving_N.T_Shelving_N Referenced by MaterialExpressionTextureSample_0 Property /Script/Engine.MaterialExpressionTextureBase:Texture
[2014.12.05-19.43.53:970][419]LogLinker:Warning: Can't find file for asset '/Game/ArchVis/Textures/T_Shelving_N' while loading NULL.
[2014.12.05-19.43.53:970][419]LogLinker:Warning: Can't find file '/Game/ArchVis/Textures/T_Shelving_M'
[2014.12.05-19.43.53:971][419]LoadErrors: Info Failed to load /Game/ArchVis/Textures/T_Shelving_M.T_Shelving_M Referenced by MaterialExpressionTextureSample_1 Property /Script/Engine.MaterialExpressionTextureBase:Texture
[2014.12.05-19.43.53:971][419]LogLinker:Warning: Can't find file for asset '/Game/ArchVis/Textures/T_Shelving_M' while loading NULL.
[2014.12.05-19.43.53:971][419]LogLinker:Warning: Can't find file '/Game/ArchVis/Textures/T_Wood'
[2014.12.05-19.43.53:971][419]LoadErrors: Info Failed to load /Game/ArchVis/Textures/T_Wood.T_Wood Referenced by MaterialExpressionTextureSample_4 Property /Script/Engine.MaterialExpressionTextureBase:Texture
[2014.12.05-19.43.53:971][419]LogLinker:Warning: Can't find file for asset '/Game/ArchVis/Textures/T_Wood' while loading NULL.
[2014.12.05-19.43.53:972][419]LogLinker:Warning: Can't find file '/Game/ArchVis/Textures/T_Wood_S'
[2014.12.05-19.43.53:972][419]LoadErrors: Info Failed to load /Game/ArchVis/Textures/T_Wood_S.T_Wood_S Referenced by MaterialExpressionTextureSample_5 Property /Script/Engine.MaterialExpressionTextureBase:Texture
[2014.12.05-19.43.53:972][419]LogLinker:Warning: Can't find file for asset '/Game/ArchVis/Textures/T_Wood_S' while loading NULL.
[2014.12.05-19.43.53:977][419]LogLinker:Warning: Can't find file '/Game/ArchVis/Materials/M_CoffeTable_MAT_Inst'
[2014.12.05-19.43.53:977][419]LoadErrors: Info Failed to load /Game/ArchVis/Materials/M_CoffeTable_MAT_Inst.M_CoffeTable_MAT_Inst Referenced by SM_CoffeeTable Property /Script/Engine.StaticMesh:Materials
[2014.12.05-19.43.53:978][419]LogLinker:Warning: Can't find file for asset '/Game/ArchVis/Materials/M_CoffeTable_MAT_Inst' while loading NULL.
[2014.12.05-19.43.53:978][419]LogLinker:Warning: Can't find file '/Game/ArchVis/Materials/M_Curtain_MAT_Inst'
[2014.12.05-19.43.53:978][419]LoadErrors: Info Failed to load /Game/ArchVis/Materials/M_Curtain_MAT_Inst.M_Curtain_MAT_Inst Referenced by SM_Curtain Property /Script/Engine.StaticMesh:Materials
[2014.12.05-19.43.53:978][419]LogLinker:Warning: Can't find file for asset '/Game/ArchVis/Materials/M_Curtain_MAT_Inst' while loading NULL.
[2014.12.05-19.43.53:979][419]LogLinker:Warning: Can't find file '/Game/ArchVis/Materials/M_FloorLamp_Mat_Inst'
[2014.12.05-19.43.53:979][419]LoadErrors: Info Failed to load /Game/ArchVis/Materials/M_FloorLamp_Mat_Inst.M_FloorLamp_Mat_Inst Referenced by SM_FloorLamp Property /Script/Engine.StaticMesh:Materials
[2014.12.05-19.43.53:979][419]LogLinker:Warning: Can't find file for asset '/Game/ArchVis/Materials/M_FloorLamp_Mat_Inst' while loading NULL.
[2014.12.05-19.43.53:980][419]LogLinker:Warning: Can't find file '/Game/ArchVis/Materials/M_Shelving_Inst'
[2014.12.05-19.43.53:980][419]LoadErrors: Info Failed to load /Game/ArchVis/Materials/M_Shelving_Inst.M_Shelving_Inst Referenced by SM_Shelving Property /Script/Engine.StaticMesh:Materials
[2014.12.05-19.43.53:980][419]LogLinker:Warning: Can't find file for asset '/Game/ArchVis/Materials/M_Shelving_Inst' while loading NULL.
[2014.12.05-19.43.53:980][419]LogLinker:Warning: Can't find file '/Game/ArchVis/Materials/M_TV_Inst'
[2014.12.05-19.43.53:981][419]LoadErrors: Info Failed to load /Game/ArchVis/Materials/M_TV_Inst.M_TV_Inst Referenced by SM_TV Property /Script/Engine.StaticMesh:Materials
[2014.12.05-19.43.53:981][419]LogLinker:Warning: Can't find file for asset '/Game/ArchVis/Materials/M_TV_Inst' while loading NULL.
[2014.12.05-19.43.53:981][419]LogLinker:Warning: Can't find file '/Game/ArchVis/Materials/M_Statue_Inst'
[2014.12.05-19.43.53:981][419]LoadErrors: Info Failed to load /Game/ArchVis/Materials/M_Statue_Inst.M_Statue_Inst Referenced by Statue Property /Script/Engine.StaticMesh:Materials
[2014.12.05-19.43.53:981][419]LogLinker:Warning: Can't find file for asset '/Game/ArchVis/Materials/M_Statue_Inst' while loading NULL.
[2014.12.05-19.43.54:096][419]LogMaterial: Missing cached shader map for material M_Shelving, compiling.
[2014.12.05-19.43.54:102][419]LogMaterial:Warning: Failed to compile Material /Game/StarterContent/Materials/Materials/M_Shelving.M_Shelving for platform PCD3D_SM5, Default Material will be used in game.
[2014.12.05-19.43.54:102][419]LogMaterial:Warning: 	(Node TextureSample) TextureSample> Missing input texture
[2014.12.05-19.43.54:643][419]LogPhysics:Warning: AddShapesToRigidActor: ConvexElem is missing ConvexMesh (11: /Game/Character/newcatcauseoldcatsucks.newcatcauseoldcatsucks:BodySetup_3)
[2014.12.05-19.43.54:656][419]LogEditorServer: Finished looking for orphan Actors (0.000 secs)
[2014.12.05-19.43.54:657][419]LogAIModule: Creating AISystem for world LivingRoom
[2014.12.05-19.43.54:695][419]Cmd: MAP CHECKDEP
[2014.12.05-19.43.54:695][419]MapCheck: New page: LivingRoom - Dec 5, 2014, 3:43:54 AM
[2014.12.05-19.43.54:889][419]MapCheck: Info Map check complete: 0 Error(s), 0 Warning(s), took 193.487ms to complete.
[2014.12.05-19.43.54:889][419]LogFileHelpers: Loading map 'LivingRoom' took 1.303
[2014.12.05-19.44.01:585][781]LogRenderer:Warning: Reallocating scene render targets to support 976x872.
[2014.12.05-19.44.14:980][882]LogEditorViewport: Clicking on Actor (LMB): StaticMeshActor (SM_Couch_2)
[2014.12.05-19.44.16:214][909]LogEditorViewport: Clicking on Actor (LMB): mouse_pickup_C (mouse_pickup_2)
[2014.12.05-19.44.28:271][271]BlueprintLog: New page: Pre-PIE auto-recompile
[2014.12.05-19.44.28:271][271]LogPlayLevel: [PIE] Compiling Tutorial_BP_MacroLib before PIE...
[2014.12.05-19.44.28:379][271]LogPlayLevel: PIE:  Blueprint regeneration took 109 ms (1 blueprints)
[2014.12.05-19.44.28:384][271]PIE: New page: PIE session: LivingRoom (Dec 5, 2014, 3:44:28 AM)
[2014.12.05-19.44.28:480][271]LogPlayLevel: PIE: StaticDuplicateObject took: (0.094815s)
[2014.12.05-19.44.28:489][271]LogPlayLevel: PIE: World Init took: (0.008968s)
[2014.12.05-19.44.28:490][271]LogPlayLevel: PIE: Created PIE world by copying editor world from /Game/Maps/LivingRoom.LivingRoom to /Game/Maps/UEDPIE_0_LivingRoom.LivingRoom (0.104843s)
[2014.12.05-19.44.29:757][271]LogWorld: Game class is 'MyGame_C'
[2014.12.05-19.44.29:800][271]LogAIModule: Creating AISystem for world LivingRoom
[2014.12.05-19.44.29:843][271]LogPhysics:Warning: AddShapesToRigidActor: ConvexElem is missing ConvexMesh (11: /Game/Character/newcatcauseoldcatsucks.newcatcauseoldcatsucks:BodySetup_3)
[2014.12.05-19.44.29:846][271]LogWorld: Bringing World /Game/Maps/UEDPIE_0_LivingRoom.LivingRoom up for play (max tick rate 60) at 2014.12.05-11.44.29
[2014.12.05-19.44.29:859][271]LogWorld: Bringing up level for play took: 0.059111
[2014.12.05-19.44.29:928][271]PIE: Info Play in editor start time for /Game/Maps/UEDPIE_0_LivingRoom 1.084
[2014.12.05-19.44.53:258][  7]LogBlueprintUserMessages: Mice Collected: 1/10
[2014.12.05-19.44.56:523][ 92]LogActorComponent: UnregisterComponent: (/Engine/Transient.CharacterMovementComponent_0) Not registered. Aborting.
[2014.12.05-19.44.56:590][ 92]LogParticles: Destroying 0 GPU particle simulations for FXSystem 0x0000000011A5C360
[2014.12.05-19.44.58:423][166]LogPlayLevel: PIE:  No blueprints needed recompiling
[2014.12.05-19.44.58:423][166]PIE: New page: PIE session: LivingRoom (Dec 5, 2014, 3:44:58 AM)
[2014.12.05-19.44.58:520][166]LogPlayLevel: PIE: StaticDuplicateObject took: (0.096576s)
[2014.12.05-19.44.58:520][166]LogPlayLevel: PIE: World Init took: (0.000580s)
[2014.12.05-19.44.58:521][166]LogPlayLevel: PIE: Created PIE world by copying editor world from /Game/Maps/LivingRoom.LivingRoom to /Game/Maps/UEDPIE_0_LivingRoom.LivingRoom (0.097420s)
[2014.12.05-19.44.58:550][166]LogWorld: Game class is 'MyGame_C'
[2014.12.05-19.44.58:551][166]LogAIModule: Creating AISystem for world LivingRoom
[2014.12.05-19.44.58:562][166]LogPhysics:Warning: AddShapesToRigidActor: ConvexElem is missing ConvexMesh (11: /Game/Character/newcatcauseoldcatsucks.newcatcauseoldcatsucks:BodySetup_3)
[2014.12.05-19.44.58:562][166]LogWorld: Bringing World /Game/Maps/UEDPIE_0_LivingRoom.LivingRoom up for play (max tick rate 60) at 2014.12.05-11.44.58
[2014.12.05-19.44.58:563][166]LogWorld: Bringing up level for play took: 0.012371
[2014.12.05-19.44.58:567][166]PIE: Info Play in editor start time for /Game/Maps/UEDPIE_0_LivingRoom -0.279
[2014.12.05-19.44.59:537][185]LogParticles: Destroying 0 GPU particle simulations for FXSystem 0x000000001C793CE0
[2014.12.05-19.45.13:885][676]Cmd: DELETE
[2014.12.05-19.45.13:885][676]Cmd: ACTOR DELETE
[2014.12.05-19.45.13:910][676]LogEditorActor: Deleted Actor: mouse_pickup_C
[2014.12.05-19.45.13:911][676]LogActorComponent: UnregisterComponent: (/Engine/Transient.CharacterMovementComponent_1) Not registered. Aborting.
[2014.12.05-19.45.13:938][676]LogEditorActor: Deleted 1 Actors (0.042 secs)
[2014.12.05-19.46.01:881][ 46]LogSlate:Warning: GetFontFace failed to load or process 'Roboto-Regular'
[2014.12.05-19.46.01:881][ 46]LogSlate:Warning: GetFontFace failed to load or process 'Roboto-Regular'
[2014.12.05-19.46.01:898][ 46]LogSlate:Warning: GetFontFace failed to load or process 'Roboto-Regular'
[2014.12.05-19.46.01:899][ 46]LogSlate:Warning: GetFontFace failed to load or process 'Roboto-Regular'
[2014.12.05-19.46.01:899][ 46]LogSlate:Warning: GetFontFace failed to load or process 'Roboto-Regular'
[2014.12.05-19.46.01:899][ 46]LogSlate:Warning: GetFontFace failed to load or process 'Roboto-Regular'
[2014.12.05-19.46.01:899][ 46]LogSlate:Warning: GetFontFace failed to load or process 'Roboto-Regular'
[2014.12.05-19.46.01:899][ 46]LogSlate:Warning: GetFontFace failed to load or process 'Roboto-Regular'
[2014.12.05-19.46.01:900][ 46]LogSlate:Warning: GetFontFace failed to load or process 'Roboto-Regular'
[2014.12.05-19.46.01:900][ 46]LogSlate:Warning: GetFontFace failed to load or process 'Roboto-Regular'
[2014.12.05-19.46.01:900][ 46]LogSlate:Warning: GetFontFace failed to load or process 'Roboto-Regular'
[2014.12.05-19.46.01:900][ 46]LogSlate:Warning: GetFontFace failed to load or process 'Roboto-Regular'
[2014.12.05-19.46.01:900][ 46]LogSlate:Warning: GetFontFace failed to load or process 'Roboto-Regular'
[2014.12.05-19.46.01:900][ 46]LogSlate:Warning: GetFontFace failed to load or process 'Roboto-Regular'
[2014.12.05-19.46.01:900][ 46]LogSlate:Warning: GetFontFace failed to load or process 'Roboto-Regular'
[2014.12.05-19.46.01:900][ 46]LogSlate:Warning: GetFontFace failed to load or process 'Roboto-Regular'
[2014.12.05-19.46.01:901][ 46]LogSlate:Warning: GetFontFace failed to load or process 'Roboto-Regular'
[2014.12.05-19.46.01:901][ 46]LogSlate:Warning: GetFontFace failed to load or process 'Roboto-Regular'
[2014.12.05-19.46.01:901][ 46]LogSlate:Warning: GetFontFace failed to load or process 'Roboto-Regular'
[2014.12.05-19.46.01:901][ 46]LogSlate:Warning: GetFontFace failed to load or process 'Roboto-Regular'
[2014.12.05-19.46.01:901][ 46]LogSlate:Warning: GetFontFace failed to load or process 'Roboto-Regular'
[2014.12.05-19.46.11:121][421]Cmd: OBJ SAVEPACKAGE PACKAGE="/Game/Maps/LivingRoom" FILE="D:/Study-Session/Trial_third_person/Content/Maps/LivingRoom.umap" SILENT=true AUTOSAVING=false KEEPDIRTY=false
[2014.12.05-19.46.11:618][421]LogSavePackage: Save=440.388794ms
[2014.12.05-19.46.11:618][421]LogSavePackage: Moving 'D:/Study-Session/Trial_third_person/Saved/LivingRoom7714EDD34CFC09223558C79A0B1C6419.tmp' to 'D:/Study-Session/Trial_third_person/Content/Maps/LivingRoom.umap'
[2014.12.05-19.46.11:647][421]LogFileHelpers: Saving map 'LivingRoom' took 0.776
[2014.12.05-19.46.11:673][421]Cmd: OBJ SAVEPACKAGE PACKAGE="/Game/Blueprints/mouse_pickup" FILE="D:/Study-Session/Trial_third_person/Content/Blueprints/mouse_pickup.uasset" SILENT=true
[2014.12.05-19.46.11:781][421]LogSavePackage: Save=99.294266ms
[2014.12.05-19.46.11:781][421]LogSavePackage: Moving 'D:/Study-Session/Trial_third_person/Saved/mouse_pickupD4BF7D8A4BFF5CD4471CE1A01F8138A1.tmp' to 'D:/Study-Session/Trial_third_person/Content/Blueprints/mouse_pickup.uasset'
[2014.12.05-19.46.12:389][453]BlueprintLog: New page: Compile mouse_pickup
[2014.12.05-19.46.12:565][453]BlueprintEditorCompileResults: Info [0188.24] Compile of mouse_pickup successful! [in 7 ms]
[2014.12.05-19.46.25:496][188]LogRenderer:Warning: Reallocating scene render targets to support 1544x896.
[2014.12.05-19.47.05:416][873]Cmd: OBJ SAVEPACKAGE PACKAGE="/Game/Maps/LivingRoom" FILE="D:/Study-Session/Trial_third_person/Content/Maps/LivingRoom.umap" SILENT=true AUTOSAVING=false KEEPDIRTY=false
[2014.12.05-19.47.06:065][873]LogSavePackage: Save=591.649780ms
[2014.12.05-19.47.06:065][873]LogSavePackage: Moving 'D:/Study-Session/Trial_third_person/Saved/LivingRoom5D01A2C444C1EA59BED75A805A5207B1.tmp' to 'D:/Study-Session/Trial_third_person/Content/Maps/LivingRoom.umap'
[2014.12.05-19.47.06:093][873]LogFileHelpers: Saving map 'LivingRoom' took 1.104
[2014.12.05-19.47.06:123][873]Cmd: OBJ SAVEPACKAGE PACKAGE="/Game/Blueprints/mouse_pickup" FILE="D:/Study-Session/Trial_third_person/Content/Blueprints/mouse_pickup.uasset" SILENT=true
[2014.12.05-19.47.06:253][873]LogSavePackage: Save=118.813164ms
[2014.12.05-19.47.06:253][873]LogSavePackage: Moving 'D:/Study-Session/Trial_third_person/Saved/mouse_pickup578A6D07404AAF781E1BD49AE3448227.tmp' to 'D:/Study-Session/Trial_third_person/Content/Blueprints/mouse_pickup.uasset'
[2014.12.05-19.47.07:180][894]BlueprintLog: New page: Compile mouse_pickup
[2014.12.05-19.47.07:585][894]BlueprintEditorCompileResults: Info [0243.10] Compile of mouse_pickup successful! [in 31 ms]
[2014.12.05-19.47.21:295][201]Cmd: TRANSACTION UNDO
[2014.12.05-19.47.21:295][201]LogEditorTransaction: Undo Create Actors
[2014.12.05-19.47.21:336][201]LogActorComponent: UnregisterComponent: (/Engine/Transient.CharacterMovementComponent_2) Not registered. Aborting.
[2014.12.05-19.47.35:432][511]Cmd: OBJ SAVEPACKAGE PACKAGE="/Game/Maps/LivingRoom" FILE="D:/Study-Session/Trial_third_person/Content/Maps/LivingRoom.umap" SILENT=true AUTOSAVING=false KEEPDIRTY=false
[2014.12.05-19.47.36:061][511]LogSavePackage: Save=570.059082ms
[2014.12.05-19.47.36:061][511]LogSavePackage: Moving 'D:/Study-Session/Trial_third_person/Saved/LivingRoomB5E7BBA749E5BC34002F0FB9D4CC3566.tmp' to 'D:/Study-Session/Trial_third_person/Content/Maps/LivingRoom.umap'
[2014.12.05-19.47.36:091][511]LogFileHelpers: Saving map 'LivingRoom' took 1.101
[2014.12.05-19.47.36:118][511]Cmd: OBJ SAVEPACKAGE PACKAGE="/Game/Blueprints/mouse_pickup" FILE="D:/Study-Session/Trial_third_person/Content/Blueprints/mouse_pickup.uasset" SILENT=true
[2014.12.05-19.47.36:239][511]LogSavePackage: Save=111.133629ms
[2014.12.05-19.47.36:239][511]LogSavePackage: Moving 'D:/Study-Session/Trial_third_person/Saved/mouse_pickup17B56C2D4D299FC4FB51B489F855C1D3.tmp' to 'D:/Study-Session/Trial_third_person/Content/Blueprints/mouse_pickup.uasset'
[2014.12.05-19.47.37:126][531]BlueprintLog: New page: Compile mouse_pickup
[2014.12.05-19.47.37:493][531]BlueprintEditorCompileResults: Info [0273.02] Compile of mouse_pickup successful! [in 25 ms]
[2014.12.05-19.47.58:835][283]LogEditorViewport: Clicking on Actor (LMB): mouse_pickup_C (mouse_pickup_3)
[2014.12.05-19.47.59:692][311]Cmd: DELETE
[2014.12.05-19.47.59:693][311]Cmd: ACTOR DELETE
[2014.12.05-19.47.59:705][311]LogEditorActor: Deleted Actor: mouse_pickup_C
[2014.12.05-19.47.59:705][311]LogActorComponent: UnregisterComponent: (/Engine/Transient.CharacterMovementComponent_3) Not registered. Aborting.
[2014.12.05-19.47.59:733][311]LogEditorActor: Deleted 1 Actors (0.041 secs)
[2014.12.05-19.48.12:447][601]Cmd: OBJ SAVEPACKAGE PACKAGE="/Game/Maps/LivingRoom" FILE="D:/Study-Session/Trial_third_person/Content/Maps/LivingRoom.umap" SILENT=true AUTOSAVING=false KEEPDIRTY=false
[2014.12.05-19.48.13:063][601]LogSavePackage: Save=555.125488ms
[2014.12.05-19.48.13:063][601]LogSavePackage: Moving 'D:/Study-Session/Trial_third_person/Saved/LivingRoomC779AC054A43328B55820FB2F27AB89C.tmp' to 'D:/Study-Session/Trial_third_person/Content/Maps/LivingRoom.umap'
[2014.12.05-19.48.13:092][601]LogFileHelpers: Saving map 'LivingRoom' took 1.071
[2014.12.05-19.48.13:120][601]Cmd: OBJ SAVEPACKAGE PACKAGE="/Game/Blueprints/mouse_pickup" FILE="D:/Study-Session/Trial_third_person/Content/Blueprints/mouse_pickup.uasset" SILENT=true
[2014.12.05-19.48.13:253][601]LogSavePackage: Save=123.315094ms
[2014.12.05-19.48.13:253][601]LogSavePackage: Moving 'D:/Study-Session/Trial_third_person/Saved/mouse_pickup5EA5701A44F1FB422A838A966C490F49.tmp' to 'D:/Study-Session/Trial_third_person/Content/Blueprints/mouse_pickup.uasset'
[2014.12.05-19.48.14:796][636]BlueprintLog: New page: Compile mouse_pickup
[2014.12.05-19.48.15:114][636]BlueprintEditorCompileResults: Info [0310.70] Compile of mouse_pickup successful! [in 22 ms]
[2014.12.05-19.48.22:913][834]Cmd: CAMERA ALIGN ACTIVEVIEWPORTONLY
[2014.12.05-19.48.22:914][834]Aligned camera to fit all selected actors.
[2014.12.05-19.48.36:746][319]LogEditorViewport: Clicking on Actor (LMB): mouse_pickup_C (mouse_pickup_3)
[2014.12.05-19.48.39:854][426]LogEditorViewport: Clicking on Actor (LMB): mouse_pickup_C (mouse_pickup_3)
[2014.12.05-19.48.47:182][679]LogEditorViewport: Clicking on Actor (LMB): mouse_pickup_C (mouse_pickup_6)
[2014.12.05-19.48.51:451][843]LogActorComponent: UnregisterComponent: (/Engine/Transient.CharacterMovementComponent_4) Not registered. Aborting.
[2014.12.05-19.48.51:726][843]Cmd: OBJ SAVEPACKAGE PACKAGE="/Game/Maps/LivingRoom" FILE="D:/Study-Session/Trial_third_person/Content/Maps/LivingRoom.umap" SILENT=true AUTOSAVING=false KEEPDIRTY=false
[2014.12.05-19.48.52:167][843]LogSavePackage: Save=402.616760ms
[2014.12.05-19.48.52:167][843]LogSavePackage: Moving 'D:/Study-Session/Trial_third_person/Saved/LivingRoom04507759498D9E18B574E3B934488D6C.tmp' to 'D:/Study-Session/Trial_third_person/Content/Maps/LivingRoom.umap'
[2014.12.05-19.48.52:191][843]LogFileHelpers: Saving map 'LivingRoom' took 0.675
[2014.12.05-19.48.53:419][897]LogPlayLevel: PIE:  No blueprints needed recompiling
[2014.12.05-19.48.53:419][897]PIE: New page: PIE session: LivingRoom (Dec 5, 2014, 3:48:53 AM)
[2014.12.05-19.48.53:505][897]LogPlayLevel: PIE: StaticDuplicateObject took: (0.085024s)
[2014.12.05-19.48.53:506][897]LogPlayLevel: PIE: World Init took: (0.001096s)
[2014.12.05-19.48.53:506][897]LogPlayLevel: PIE: Created PIE world by copying editor world from /Game/Maps/LivingRoom.LivingRoom to /Game/Maps/UEDPIE_0_LivingRoom.LivingRoom (0.086460s)
[2014.12.05-19.48.53:538][897]LogWorld: Game class is 'MyGame_C'
[2014.12.05-19.48.53:539][897]LogAIModule: Creating AISystem for world LivingRoom
[2014.12.05-19.48.53:550][897]LogPhysics:Warning: AddShapesToRigidActor: ConvexElem is missing ConvexMesh (11: /Game/Character/newcatcauseoldcatsucks.newcatcauseoldcatsucks:BodySetup_3)
[2014.12.05-19.48.53:551][897]LogWorld: Bringing World /Game/Maps/UEDPIE_0_LivingRoom.LivingRoom up for play (max tick rate 60) at 2014.12.05-11.48.53
[2014.12.05-19.48.53:552][897]LogWorld: Bringing up level for play took: 0.012567
[2014.12.05-19.48.53:556][897]PIE: Info Play in editor start time for /Game/Maps/UEDPIE_0_LivingRoom 0.699
[2014.12.05-19.48.59:752][ 67]LogBlueprintUserMessages: Mice Collected: 1/10
[2014.12.05-19.48.59:936][ 72]LogBlueprintUserMessages: Mice Collected: 1/10
[2014.12.05-19.49.00:267][ 81]LogBlueprintUserMessages: Mice Collected: 1/10
[2014.12.05-19.49.00:518][ 88]LogBlueprintUserMessages: Mice Collected: 1/10
[2014.12.05-19.49.00:992][101]LogBlueprintUserMessages: Mice Collected: 1/10
[2014.12.05-19.49.02:155][127]LogBlueprintUserMessages: Mice Collected: 1/10
[2014.12.05-19.49.04:168][176]LogParticles: Destroying 0 GPU particle simulations for FXSystem 0x000000002DEEF100
[2014.12.05-19.49.49:952][159]LogSlate:Warning: GetFontFace failed to load or process 'Roboto-Regular'
[2014.12.05-19.49.49:952][159]LogSlate:Warning: GetFontFace failed to load or process 'Roboto-Regular'
[2014.12.05-19.49.49:953][159]LogSlate:Warning: GetFontFace failed to load or process 'Roboto-Regular'
[2014.12.05-19.49.49:953][159]LogSlate:Warning: GetFontFace failed to load or process 'Roboto-Regular'
[2014.12.05-19.49.49:953][159]LogSlate:Warning: GetFontFace failed to load or process 'Roboto-Regular'
[2014.12.05-19.50.11:808][195]Cmd: OBJ SAVEPACKAGE PACKAGE="/Game/Blueprints/mouse_pickup" FILE="D:/Study-Session/Trial_third_person/Content/Blueprints/mouse_pickup.uasset" SILENT=true
[2014.12.05-19.50.11:919][195]LogSavePackage: Save=101.392570ms
[2014.12.05-19.50.11:919][195]LogSavePackage: Moving 'D:/Study-Session/Trial_third_person/Saved/mouse_pickupF4B2E2E54D6333BB6ACD79B10646FC2D.tmp' to 'D:/Study-Session/Trial_third_person/Content/Blueprints/mouse_pickup.uasset'
[2014.12.05-19.50.12:499][223]BlueprintLog: New page: Compile mouse_pickup
[2014.12.05-19.50.12:767][223]BlueprintEditorCompileResults: Info [0428.35] Compile of mouse_pickup successful! [in 11 ms]
[2014.12.05-19.50.30:545][ 13]Cmd: OBJ SAVEPACKAGE PACKAGE="/Game/Maps/LivingRoom" FILE="D:/Study-Session/Trial_third_person/Content/Maps/LivingRoom.umap" SILENT=true AUTOSAVING=false KEEPDIRTY=false
[2014.12.05-19.50.30:979][ 13]LogSavePackage: Save=397.657684ms
[2014.12.05-19.50.30:979][ 13]LogSavePackage: Moving 'D:/Study-Session/Trial_third_person/Saved/LivingRoom8A0280CE4C8A8C94953009AD7211E692.tmp' to 'D:/Study-Session/Trial_third_person/Content/Maps/LivingRoom.umap'
[2014.12.05-19.50.31:000][ 13]LogFileHelpers: Saving map 'LivingRoom' took 0.686
[2014.12.05-19.50.31:024][ 13]Cmd: OBJ SAVEPACKAGE PACKAGE="/Game/Blueprints/mouse_pickup" FILE="D:/Study-Session/Trial_third_person/Content/Blueprints/mouse_pickup.uasset" SILENT=true
[2014.12.05-19.50.31:127][ 13]LogSavePackage: Save=94.437416ms
[2014.12.05-19.50.31:127][ 13]LogSavePackage: Moving 'D:/Study-Session/Trial_third_person/Saved/mouse_pickupFE05023E4D8445864745D6B7CB24AAB1.tmp' to 'D:/Study-Session/Trial_third_person/Content/Blueprints/mouse_pickup.uasset'
[2014.12.05-19.50.34:450][160]LogPlayLevel: PIE:  No blueprints needed recompiling
[2014.12.05-19.50.34:450][160]PIE: New page: PIE session: LivingRoom (Dec 5, 2014, 3:50:34 AM)
[2014.12.05-19.50.34:537][160]LogPlayLevel: PIE: StaticDuplicateObject took: (0.086014s)
[2014.12.05-19.50.34:537][160]LogPlayLevel: PIE: World Init took: (0.000830s)
[2014.12.05-19.50.34:538][160]LogPlayLevel: PIE: Created PIE world by copying editor world from /Game/Maps/LivingRoom.LivingRoom to /Game/Maps/UEDPIE_0_LivingRoom.LivingRoom (0.087219s)
[2014.12.05-19.50.34:568][160]LogWorld: Game class is 'MyGame_C'
[2014.12.05-19.50.34:570][160]LogAIModule: Creating AISystem for world LivingRoom
[2014.12.05-19.50.34:585][160]LogPhysics:Warning: AddShapesToRigidActor: ConvexElem is missing ConvexMesh (11: /Game/Character/newcatcauseoldcatsucks.newcatcauseoldcatsucks:BodySetup_3)
[2014.12.05-19.50.34:585][160]LogWorld: Bringing World /Game/Maps/UEDPIE_0_LivingRoom.LivingRoom up for play (max tick rate 60) at 2014.12.05-11.50.34
[2014.12.05-19.50.34:587][160]LogWorld: Bringing up level for play took: 0.017089
[2014.12.05-19.50.34:592][160]PIE: Info Play in editor start time for /Game/Maps/UEDPIE_0_LivingRoom -0.269
[2014.12.05-19.50.43:106][390]LogParticles: Destroying 0 GPU particle simulations for FXSystem 0x0000000024FC6980
[2014.12.05-19.51.58:460][999]Cmd: OBJ SAVEPACKAGE PACKAGE="/Game/Blueprints/mouse_pickup" FILE="D:/Study-Session/Trial_third_person/Content/Blueprints/mouse_pickup.uasset" SILENT=true
[2014.12.05-19.51.58:751][999]LogSavePackage: Save=257.001129ms
[2014.12.05-19.51.58:751][999]LogSavePackage: Moving 'D:/Study-Session/Trial_third_person/Saved/mouse_pickupF7D172BB49ABD56C972E738E4E200C30.tmp' to 'D:/Study-Session/Trial_third_person/Content/Blueprints/mouse_pickup.uasset'
[2014.12.05-19.51.59:553][ 44]BlueprintLog: New page: Compile mouse_pickup
[2014.12.05-19.51.59:804][ 44]BlueprintEditorCompileResults: Info [0535.40] Compile of mouse_pickup successful! [in 11 ms]
[2014.12.05-19.52.01:805][112]Cmd: OBJ SAVEPACKAGE PACKAGE="/Game/Maps/LivingRoom" FILE="D:/Study-Session/Trial_third_person/Content/Maps/LivingRoom.umap" SILENT=true AUTOSAVING=false KEEPDIRTY=false
[2014.12.05-19.52.02:298][112]LogSavePackage: Save=442.862976ms
[2014.12.05-19.52.02:298][112]LogSavePackage: Moving 'D:/Study-Session/Trial_third_person/Saved/LivingRoom136EDC0543BC35B3F995F5A21103DFA1.tmp' to 'D:/Study-Session/Trial_third_person/Content/Maps/LivingRoom.umap'
[2014.12.05-19.52.02:321][112]LogFileHelpers: Saving map 'LivingRoom' took 0.759
[2014.12.05-19.52.02:610][123]LogPlayLevel: PIE:  No blueprints needed recompiling
[2014.12.05-19.52.02:610][123]PIE: New page: PIE session: LivingRoom (Dec 5, 2014, 3:52:02 AM)
[2014.12.05-19.52.02:667][123]LogPlayLevel: PIE: StaticDuplicateObject took: (0.056256s)
[2014.12.05-19.52.02:667][123]LogPlayLevel: PIE: World Init took: (0.000541s)
[2014.12.05-19.52.02:667][123]LogPlayLevel: PIE: Created PIE world by copying editor world from /Game/Maps/LivingRoom.LivingRoom to /Game/Maps/UEDPIE_0_LivingRoom.LivingRoom (0.057040s)
[2014.12.05-19.52.02:707][123]LogWorld: Game class is 'MyGame_C'
[2014.12.05-19.52.02:709][123]LogAIModule: Creating AISystem for world LivingRoom
[2014.12.05-19.52.02:723][123]LogPhysics:Warning: AddShapesToRigidActor: ConvexElem is missing ConvexMesh (11: /Game/Character/newcatcauseoldcatsucks.newcatcauseoldcatsucks:BodySetup_3)
[2014.12.05-19.52.02:723][123]LogWorld: Bringing World /Game/Maps/UEDPIE_0_LivingRoom.LivingRoom up for play (max tick rate 60) at 2014.12.05-11.52.02
[2014.12.05-19.52.02:724][123]LogWorld: Bringing up level for play took: 0.015752
[2014.12.05-19.52.02:728][123]PIE: Info Play in editor start time for /Game/Maps/UEDPIE_0_LivingRoom -0.138
[2014.12.05-19.52.13:218][389]LogParticles: Destroying 0 GPU particle simulations for FXSystem 0x000000001ED3A3E0
[2014.12.05-19.55.08:433][838]LogEditorViewport: Clicking on Actor (CTRL LMB): mouse_pickup_C (mouse_pickup_5)
[2014.12.05-19.55.08:968][854]LogEditorViewport: Clicking on Actor (CTRL LMB): mouse_pickup_C (mouse_pickup_6)
[2014.12.05-19.55.09:816][889]LogEditorViewport: Clicking on Actor (CTRL LMB): mouse_pickup_C (mouse_pickup_3)
[2014.12.05-19.55.10:749][931]LogEditorViewport: Clicking on Actor (CTRL LMB): mouse_pickup_C (mouse_pickup_4)
[2014.12.05-19.55.11:442][956]LogEditorViewport: Clicking on Actor (CTRL LMB): mouse_pickup_C (mouse_pickup_7)
[2014.12.05-19.55.15:934][150]LogActorComponent: UnregisterComponent: (/Engine/Transient.CharacterMovementComponent_5) Not registered. Aborting.
[2014.12.05-19.55.16:223][150]Cmd: OBJ SAVEPACKAGE PACKAGE="/Game/Maps/LivingRoom" FILE="D:/Study-Session/Trial_third_person/Content/Maps/LivingRoom.umap" SILENT=true AUTOSAVING=false KEEPDIRTY=false
[2014.12.05-19.55.16:684][150]LogSavePackage: Save=415.508911ms
[2014.12.05-19.55.16:684][150]LogSavePackage: Moving 'D:/Study-Session/Trial_third_person/Saved/LivingRoomFAEF169B4A403456A77831A53575E5A9.tmp' to 'D:/Study-Session/Trial_third_person/Content/Maps/LivingRoom.umap'
[2014.12.05-19.55.16:707][150]LogFileHelpers: Saving map 'LivingRoom' took 0.717
[2014.12.05-19.57.06:943][868]LogSlate:Warning: GetFontFace failed to load or process 'Roboto-Regular'
[2014.12.05-19.57.06:943][868]LogSlate:Warning: GetFontFace failed to load or process 'Roboto-Regular'
[2014.12.05-19.57.06:944][868]LogSlate:Warning: GetFontFace failed to load or process 'Roboto-Regular'
[2014.12.05-20.04.39:517][653]LogActorComponent: UnregisterComponent: (/Engine/Transient.CharacterMovementComponent_6) Not registered. Aborting.
[2014.12.05-20.06.03:668][114]LogParticles: Destroying 0 GPU particle simulations for FXSystem 0x000000002D9B02C0
[2014.12.05-20.06.03:669][114]LogParticles: Destroying 0 GPU particle simulations for FXSystem 0x000000002E6BCEA0
[2014.12.05-20.06.03:669][114]LogParticles: Destroying 0 GPU particle simulations for FXSystem 0x000000001BFD0F40
[2014.12.05-20.06.03:682][114]LogFileHelpers: Editor autosave (incl. sublevels) for '/Game/Maps/LivingRoom' took 0.053
[2014.12.05-20.06.03:697][114]OBJ SavePackage: Generating thumbnails for [1] asset(s) in package [/Game/Blueprints/MyCharacter] ([1] browsable assets)...
[2014.12.05-20.06.03:737][114]OBJ SavePackage:     Rendered thumbnail for [Blueprint /Game/Blueprints/MyCharacter.MyCharacter]
[2014.12.05-20.06.03:737][114]OBJ SavePackage: Finished generating thumbnails for package [/Game/Blueprints/MyCharacter]
[2014.12.05-20.06.03:743][114]Cmd: OBJ SAVEPACKAGE PACKAGE="/Game/Blueprints/MyCharacter" FILE="D:/Study-Session/Trial_third_person/Saved/Autosaves/Game/Blueprints/MyCharacter_Auto1.uasset" SILENT=false AUTOSAVING=true
[2014.12.05-20.06.03:859][114]LogActorComponent: UnregisterComponent: (/Engine/Transient.CharacterMovementComponent_7) Not registered. Aborting.
[2014.12.05-20.06.03:897][114]LogWindows:Error: Windows GetLastError: The operation completed successfully. (0)
[2014.12.05-20.06.03:921][114]LogCrashTracker: 


[2014.12.05-20.06.06:830][114]LogCrashTracker: 


[2014.12.05-20.06.06:830][114]LogWindows: === Critical error: ===
Fatal error: [File:D:\BuildFarm\buildmachine_++depot+UE4-Releases+4.5\Engine\Source\Runtime\CoreUObject\Private\UObject\UObjectGlobals.cpp] [Line: 91] 
Illegal call to StaticFindObject() while serializing object data!


KERNELBASE.dll!UnknownFunction (0x000007fefc1d940d) + 0 bytes [UnknownFile:0]
UE4Editor-Core.dll!UnknownFunction (0x000007fedeed71c4) + 0 bytes [UnknownFile:0]
UE4Editor-Core.dll!UnknownFunction (0x000007feded6979f) + 0 bytes [UnknownFile:0]
UE4Editor-CoreUObject.dll!UnknownFunction (0x000007feddf96323) + 0 bytes [UnknownFile:0]
UE4Editor-CoreUObject.dll!UnknownFunction (0x000007feddf7d35b) + 0 bytes [UnknownFile:0]
UE4Editor-UnrealEd.dll!UnknownFunction (0x000007fed9aea041) + 0 bytes [UnknownFile:0]
UE4Editor-UnrealEd.dll!UnknownFunction (0x000007fed9ad6f5d) + 0 bytes [UnknownFile:0]
UE4Editor-UnrealEd.dll!UnknownFunction (0x000007fed97ecd36) + 0 bytes [UnknownFile:0]
UE4Editor-UnrealEd.dll!UnknownFunction (0x000007fed97f946d) + 0 bytes [UnknownFile:0]
UE4Editor-UnrealEd.dll!UnknownFunction (0x000007fed97ed19d) + 0 bytes [UnknownFile:0]
UE4Editor-UnrealEd.dll!UnknownFunction (0x000007fed98025fa) + 0 bytes [UnknownFile:0]
UE4Editor-MainFrame.dll!UnknownFunction (0x000007fed1de7a54) + 0 bytes [UnknownFile:0]
UE4Editor-MainFrame.dll!UnknownFunction (0x000007fed1dca86a) + 0 bytes [UnknownFile:0]
UE4Editor-Slate.dll!UnknownFunction (0x000007fedaecb963) + 0 bytes [UnknownFile:0]
UE4Editor-Slate.dll!UnknownFunction (0x000007fedaf1606c) + 0 bytes [UnknownFile:0]
UE4Editor-MainFrame.dll!UnknownFunction (0x000007fed1de0702) + 0 bytes [UnknownFile:0]
UE4Editor-MainFrame.dll!UnknownFunction (0x000007fed1dca616) + 0 bytes [UnknownFile:0]
UE4Editor-Slate.dll!UnknownFunction (0x000007fedaeda9ea) + 0 bytes [UnknownFile:0]
UE4Editor-Slate.dll!UnknownFunction (0x000007fedaf17365) + 0 bytes [UnknownFile:0]
UE4Editor-Slate.dll!UnknownFunction (0x000007fedaf07883) + 0 bytes [UnknownFile:0]
UE4Editor-Core.dll!UnknownFunction (0x000007fedee33b74) + 0 bytes [UnknownFile:0]
UE4Editor-Core.dll!UnknownFunction (0x000007fedee262ab) + 0 bytes [UnknownFile:0]
UE4Editor-Core.dll!UnknownFunction (0x000007fedee35019) + 0 bytes [UnknownFile:0]
UE4Editor-Core.dll!UnknownFunction (0x000007fedee23542) + 0 bytes [UnknownFile:0]
USER32.dll!UnknownFunction (0x00000000770b9bd1) + 0 bytes [UnknownFile:0]
USER32.dll!UnknownFunction (0x00000000770b98da) + 0 bytes [UnknownFile:0]
UE4Editor-Core.dll!UnknownFunction (0x000007fedee353c9) + 0 bytes [UnknownFile:0]
UE4Editor-Slate.dll!UnknownFunction (0x000007fedaf33429) + 0 bytes [UnknownFile:0]
UE4Editor-UnrealEd.dll!UnknownFunction (0x000007fed98069de) + 0 bytes [UnknownFile:0]
UE4Editor-UnrealEd.dll!UnknownFunction (0x000007fed9809d18) + 0 bytes [UnknownFile:0]
UE4Editor-CoreUObject.dll!UnknownFunction (0x000007feddf8c498) + 0 bytes [UnknownFile:0]
UE4Editor-UnrealEd.dll!UnknownFunction (0x000007fed96ca9ca) + 0 bytes [UnknownFile:0]
UE4Editor-UnrealEd.dll!UnknownFunction (0x000007fed977898a) + 0 bytes [UnknownFile:0]
UE4Editor-UnrealEd.dll!UnknownFunction (0x000007fed97757d8) + 0 bytes [UnknownFile:0]
UE4Editor-UnrealEd.dll!UnknownFunction (0x000007fed9ad6fa0) + 0 bytes [UnknownFile:0]
UE4Editor-UnrealEd.dll!UnknownFunction (0x000007fed97cd3e2) + 0 bytes [UnknownFile:0]
UE4Editor-UnrealEd.dll!UnknownFunction (0x000007fed9838c50) + 0 bytes [UnknownFile:0]
UE4Editor-UnrealEd.dll!UnknownFunction (0x000007fed9b2f9e1) + 0 bytes [UnknownFile:0]
UE4Editor.exe!FEngineLoop::Tick() (0x000000013f99a8f4) + 0 bytes [d:\buildfarm\buildmachine_++depot+ue4-releases+4.5\engine\source\runtime\launch\private\launchengineloop.cpp:2129]
UE4Editor.exe!GuardedMain() (0x000000013f98f9df) + 0 bytes [d:\buildfarm\buildmachine_++depot+ue4-releases+4.5\engine\source\runtime\launch\private\launch.cpp:133]
UE4Editor.exe!GuardedMainWrapper() (0x000000013f98fa4a) + 5 bytes [d:\buildfarm\buildmachine_++depot+ue4-releases+4.5\engine\source\runtime\launch\private\windows\launchwindows.cpp:125]
UE4Editor.exe!WinMain() (0x000000013f99bf19) + 17 bytes [d:\buildfarm\buildmachine_++depot+ue4-releases+4.5\engine\source\runtime\launch\private\windows\launchwindows.cpp:201]
UE4Editor.exe!__tmainCRTStartup() (0x000000013f99cdc9) + 21 bytes [f:\dd\vctools\crt\crtw32\dllstuff\crtexe.c:618]
kernel32.dll!UnknownFunction (0x0000000076f959ed) + 0 bytes [UnknownFile:0]
ntdll.dll!UnknownFunction (0x00000000771cc541) + 0 bytes [UnknownFile:0]
ntdll.dll!UnknownFunction (0x00000000771cc541) + 0 bytes [UnknownFile:0]


[2014.12.05-20.06.07:040][114]LogExit: Executing StaticShutdownAfterError
[2014.12.05-20.06.07:290][114]LogWindows: FPlatformMisc::RequestExit(1)
[2014.12.05-20.06.07:291][114]Log file closed, 12/05/14 12:06:07
