Log file open, 12/07/14 02:07:38
LogInit:Display: Running engine for game: Trial_third_person
LogInit: Version: 4.5.1-2336687+++depot+UE4-Releases+4.5
LogInit: API Version: 2326478
LogInit: Compiled (64-bit): Oct 21 2014 22:32:40
LogInit: Compiled with Visual C++: 18.00.21005.01
LogInit: Build Configuration: Development
LogInit: Branch Name: ++depot+UE4-Releases+4.5
LogInit: Command line:  
LogInit: Base directory: C:/Program Files/Epic Games/4.5/Engine/Binaries/Win64/
LogInit: Rocket: 1
[2014.12.07-10.07.38:349][  0]LogTaskGraph: Started task graph with 3 named threads and 4 total threads.
[2014.12.07-10.07.38:381][  0]LogOnline:Warning: No default platform service specified for OnlineSubsystem
[2014.12.07-10.07.38:407][  0]LogInit: Presizing for 0 objects not considered by GC, pre-allocating 0 bytes.
[2014.12.07-10.07.38:420][  0]LogInit: Object subsystem initialized
[2014.12.07-10.07.38:424][  0]LogConsoleResponse:Warning: Skipping Unknown console variable: 'UIScaleRule = ShortestSide'
[2014.12.07-10.07.38:424][  0]LogConsoleResponse:Warning:   Found in ini file 'C:/Users/User/Documents/GitHub/Study-Session/Trial_third_person/Saved/Config/Windows/Engine.ini', in section '[/Script/Engine.RendererSettings]'
[2014.12.07-10.07.38:424][  0]LogConsoleResponse:Warning: Skipping Unknown console variable: 'UIScaleCurve = (EditorCurveData=(Keys=((Time=480.000000,Value=0.444000),(Time=720.000000,Value=0.666000),(Time=1080.000000,Value=1.000000),(Time=8640.000000,Value=8.000000))),ExternalCurve=None)'
[2014.12.07-10.07.38:424][  0]LogConsoleResponse:Warning:   Found in ini file 'C:/Users/User/Documents/GitHub/Study-Session/Trial_third_person/Saved/Config/Windows/Engine.ini', in section '[/Script/Engine.RendererSettings]'
[2014.12.07-10.07.38:424][  0]LogInit: Selected Device Profile: [Windows]
[2014.12.07-10.07.38:424][  0]LogInit: Applying CVar settings loaded from the selected device profile: [Windows]
[2014.12.07-10.07.38:431][  0]LogInit: Computer: USER-PC
[2014.12.07-10.07.38:431][  0]LogInit: User: User
[2014.12.07-10.07.38:432][  0]LogInit: CPU Page size=4096, Cores=2
[2014.12.07-10.07.38:432][  0]LogInit: High frequency timer resolution =2.435947 MHz
[2014.12.07-10.07.38:432][  0]LogMemory: Memory total: Physical=7.8GB (8GB approx) Virtual=8192.0GB
[2014.12.07-10.07.38:432][  0]LogMemory: Platform Memory Stats for Windows
[2014.12.07-10.07.38:432][  0]LogMemory: Process Physical Memory: 63.46 MB used, 63.46 MB peak
[2014.12.07-10.07.38:432][  0]LogMemory: Process Virtual Memory: 38.53 MB used, 38.53 MB peak
[2014.12.07-10.07.38:432][  0]LogMemory: Physical Memory: 3032.46 MB used, 7969.14 MB total
[2014.12.07-10.07.38:432][  0]LogMemory: Virtual Memory: 272.46 MB used, 8388608.00 MB total
[2014.12.07-10.07.38:453][  0]LogD3D11RHI: Found D3D11 adapter 0: Intel(R) HD Graphics 3000 (Feature Level 10_0)
[2014.12.07-10.07.38:453][  0]LogD3D11RHI: Adapter has 192MB of dedicated video memory, 0MB of dedicated system memory, and 1568MB of shared system memory, 1 output[s]
[2014.12.07-10.07.38:453][  0]LogD3D11RHI: Chosen D3D11 Adapter Id = 0
[2014.12.07-10.07.38:459][  0]LogRHI: Texture pool is 683 MB (70% of 976 MB)
[2014.12.07-10.07.38:463][  0]LogD3D11RHI: Async texture creation enabled
[2014.12.07-10.07.38:502][  0]LogTextLocalizationManager: The requested culture ('en_US') has no localization data; parent culture's ('en') localization data will be used.
[2014.12.07-10.07.38:686][  0]LogContentStreaming: Texture pool size is 0.000000MB
[2014.12.07-10.07.44:574][  0]LogTargetPlatformManager:Display: Building Assets For Windows
[2014.12.07-10.07.45:210][  0]LogTargetPlatformManager:Display: Building Assets For Windows
[2014.12.07-10.07.45:280][  0]LogDerivedDataCache:Display: Max Cache Size: 512 MB
[2014.12.07-10.07.45:355][  0]LogDerivedDataCache: Loaded boot cache 0.07s 36MB C:/Users/User/AppData/Local/UnrealEngine/4.5/DerivedDataCache/Boot.ddc.
[2014.12.07-10.07.45:355][  0]LogDerivedDataCache:Display: Loaded Boot cache: C:/Users/User/AppData/Local/UnrealEngine/4.5/DerivedDataCache/Boot.ddc
[2014.12.07-10.07.45:356][  0]LogDerivedDataCache: FDerivedDataBackendGraph:  Pak pak cache file ../../../../../../Users/User/Documents/GitHub/Study-Session/Trial_third_person/DerivedDataCache/DDC.ddp not found, will not use a pak cache.
[2014.12.07-10.07.45:356][  0]LogDerivedDataCache: Unable to find inner node Pak for hierarchical cache Hierarchy.
[2014.12.07-10.07.45:438][  0]LogDerivedDataCache:Display: Pak cache opened for reading ../../../Engine/DerivedDataCache/DDC.ddp.
[2014.12.07-10.07.45:449][  0]LogDerivedDataCache: Using Local data cache path C:/Users/User/AppData/Local/UnrealEngine/Common/DerivedDataCache: Writable
[2014.12.07-10.07.45:660][  0]LogMeshUtilities: No automatic mesh reduction module available
[2014.12.07-10.07.45:660][  0]LogMeshUtilities: No automatic mesh merging module available
[2014.12.07-10.07.45:970][  0]LogLinker:Warning: Asset '../../../Engine/Content/Functions/Engine_MaterialFunctions02/Texturing/FlipBook.uasset' has been saved with empty engine version. The asset will be loaded but may be incompatible.
[2014.12.07-10.07.45:975][  0]LogLinker:Warning: Asset '../../../Engine/Content/Functions/Engine_MaterialFunctions02/ExampleContent/Textures/flipbook.uasset' has been saved with empty engine version. The asset will be loaded but may be incompatible.
[2014.12.07-10.07.46:186][  0]LogInit: WinSock: version 1.1 (2.2), MaxSocks=32767, MaxUdp=65467
[2014.12.07-10.07.47:182][  0]UdpMessaging: Initializing bridge on interface 0.0.0.0:0 to multicast group 230.0.0.1:6666.
[2014.12.07-10.07.47:362][  0]LogDirectoryWatcher:Warning: Failed to begin reading directory changes for C:/Users/User/Documents/GitHub/Study-Session/Trial_third_person/Binaries/Win64. Error: 0
[2014.12.07-10.07.47:511][  0]SourceControl: Info Source control is disabled
[2014.12.07-10.07.47:511][  0]SourceControl: Info Source control is disabled
[2014.12.07-10.07.47:518][  0]SourceControl: Info Source control is disabled
[2014.12.07-10.07.47:637][  0]LogObj: 22915 objects as part of root set at end of initial load.
[2014.12.07-10.07.47:637][  0]LogUObjectAllocator: 4803536 out of 0 bytes used by permanent object pool.
[2014.12.07-10.07.47:701][  0]LogEngine: Initializing Engine...
[2014.12.07-10.07.47:861][  0]LogInit: XAudio2 using 'Speakers (Realtek High Definition Audio)' : 2 channels at 48 kHz using 32 bits per sample (channel mask 0x3)
[2014.12.07-10.07.47:908][  0]LogInit: FAudioDevice initialized.
[2014.12.07-10.07.47:930][  0]LogAIModule: Creating AISystem for world NewWorld
[2014.12.07-10.07.47:972][  0]LogDerivedDataCache: Saved boot cache 0.04s 36MB C:/Users/User/AppData/Local/UnrealEngine/4.5/DerivedDataCache/Boot.ddc.
[2014.12.07-10.07.47:980][  0]LogInit: Texture streaming: Enabled
[2014.12.07-10.07.48:025][  0]LogInit: Transaction tracking system initialized
[2014.12.07-10.07.48:122][  0]BlueprintLog: New page: Editor Load
[2014.12.07-10.07.48:154][  0]LogAssetRegistry: FAssetRegistry took 0.0108 seconds to start up
[2014.12.07-10.07.48:154][  0]LogDirectoryWatcher:Warning: Failed to begin reading directory changes for ../../../Engine/Plugins/Experimental/CharacterAI/Content/. Error: 0
[2014.12.07-10.07.48:759][  0]LogTargetPlatformManager:Display: Building Assets For Windows
[2014.12.07-10.07.49:166][  0]LogTargetPlatformManager:Display: Building Assets For Windows
[2014.12.07-10.07.49:416][  0]LogConsoleResponse:Display: 
[2014.12.07-10.07.49:620][  0]SourceControl: Info Source control is disabled
[2014.12.07-10.07.49:620][  0]Cmd: MAP LOAD FILE="../../../../../../Users/User/Documents/GitHub/Study-Session/Trial_third_person/Content/Maps/Example_Map.umap" TEMPLATE=0 SHOWPROGRESS=1
[2014.12.07-10.07.49:620][  0]LightingResults: New page: Lighting Build
[2014.12.07-10.07.49:629][  0]MapCheck: New page: Map Check
[2014.12.07-10.07.49:629][  0]LightingResults: New page: Lighting Build
[2014.12.07-10.07.49:647][  0]LogParticles: Destroying 0 GPU particle simulations for FXSystem 0x00000000147385E0
[2014.12.07-10.07.49:979][  0]LogEditorServer: Finished looking for orphan Actors (0.000 secs)
[2014.12.07-10.07.49:980][  0]LogAIModule: Creating AISystem for world Example_Map
[2014.12.07-10.07.49:980][  0]Cmd: MAP CHECKDEP
[2014.12.07-10.07.49:980][  0]MapCheck: New page: Example_Map - Dec 6, 2014, 6:07:49 PM
[2014.12.07-10.07.50:100][  0]MapCheck: Info Map check complete: 0 Error(s), 0 Warning(s), took 120.046ms to complete.
[2014.12.07-10.07.50:100][  0]LogFileHelpers: Loading map 'Example_Map' took 0.481
[2014.12.07-10.07.50:169][  0]LogCollectionManager: Loaded 0 collections in 0.001174 seconds
[2014.12.07-10.07.50:296][  0]LogCrashTracker: Crashtracker disabled due to settings.
[2014.12.07-10.07.50:301][  0]LogUObjectGlobals:Warning: Failed to find object 'Class None.'
[2014.12.07-10.07.50:329][  0]LogLoad: Full Startup: 14.22 seconds (BP compile: 0.09 seconds)
[2014.12.07-10.07.50:673][  0]LogContentBrowser:Verbose: The content browser source was changed by the sources view to '/Game/Character'
[2014.12.07-10.07.50:822][  0]LogRenderer:Warning: Reallocating scene render targets to support 688x568.
[2014.12.07-10.07.51:850][  3]LogAssetRegistry: Asset discovery search completed in 3.7070 seconds
[2014.12.07-10.08.33:152][149]LogContentBrowser:Verbose: The majority of assets in the view are of type: AnimSequence
[2014.12.07-10.09.42:037][ 86]LogContentBrowser:Verbose: The content browser source was changed by the sources view to '/Game/Maps'
[2014.12.07-10.09.44:981][255]LogLinker:Warning: Can't find file '/Game/ArchVis/Textures/T_Shelving_M'
[2014.12.07-10.09.44:981][255]LogLinker:Warning: Can't find file for asset '/Game/ArchVis/Textures/T_Shelving_M' while loading ../../../../../../Users/User/Documents/GitHub/Study-Session/Trial_third_person/Content/StarterContent/Materials/Materials/M_Shelving.uasset.
[2014.12.07-10.09.44:981][255]LoadErrors:Error: Error /Game/StarterContent/Materials/Materials/M_Shelving : Can't find file for asset. /Game/ArchVis/Textures/T_Shelving_M
[2014.12.07-10.09.44:981][255]LogLinker:Warning: Can't find file '/Game/ArchVis/Textures/T_Shelving_N'
[2014.12.07-10.09.44:982][255]LogLinker:Warning: Can't find file for asset '/Game/ArchVis/Textures/T_Shelving_N' while loading ../../../../../../Users/User/Documents/GitHub/Study-Session/Trial_third_person/Content/StarterContent/Materials/Materials/M_Shelving.uasset.
[2014.12.07-10.09.44:982][255]LoadErrors:Error: Error /Game/StarterContent/Materials/Materials/M_Shelving : Can't find file for asset. /Game/ArchVis/Textures/T_Shelving_N
[2014.12.07-10.09.44:982][255]LogLinker:Warning: Can't find file '/Game/ArchVis/Textures/T_Wood'
[2014.12.07-10.09.44:982][255]LogLinker:Warning: Can't find file for asset '/Game/ArchVis/Textures/T_Wood' while loading ../../../../../../Users/User/Documents/GitHub/Study-Session/Trial_third_person/Content/StarterContent/Materials/Materials/M_Shelving.uasset.
[2014.12.07-10.09.44:982][255]LoadErrors:Error: Error /Game/StarterContent/Materials/Materials/M_Shelving : Can't find file for asset. /Game/ArchVis/Textures/T_Wood
[2014.12.07-10.09.44:983][255]LogLinker:Warning: Can't find file '/Game/ArchVis/Textures/T_Wood_S'
[2014.12.07-10.09.44:983][255]LogLinker:Warning: Can't find file for asset '/Game/ArchVis/Textures/T_Wood_S' while loading ../../../../../../Users/User/Documents/GitHub/Study-Session/Trial_third_person/Content/StarterContent/Materials/Materials/M_Shelving.uasset.
[2014.12.07-10.09.44:983][255]LoadErrors:Error: Error /Game/StarterContent/Materials/Materials/M_Shelving : Can't find file for asset. /Game/ArchVis/Textures/T_Wood_S
[2014.12.07-10.09.44:983][255]LogLinker:Warning: Can't find file '/Game/ArchVis/Textures/T_Shelving_M'
[2014.12.07-10.09.44:983][255]LogLinker:Warning: Can't find file for asset '/Game/ArchVis/Textures/T_Shelving_M' while loading ../../../../../../Users/User/Documents/GitHub/Study-Session/Trial_third_person/Content/StarterContent/Materials/Materials/M_Shelving.uasset.
[2014.12.07-10.09.44:984][255]LogLinker:Warning: Can't find file '/Game/ArchVis/Textures/T_Shelving_N'
[2014.12.07-10.09.44:984][255]LogLinker:Warning: Can't find file for asset '/Game/ArchVis/Textures/T_Shelving_N' while loading ../../../../../../Users/User/Documents/GitHub/Study-Session/Trial_third_person/Content/StarterContent/Materials/Materials/M_Shelving.uasset.
[2014.12.07-10.09.44:984][255]LogLinker:Warning: Can't find file '/Game/ArchVis/Textures/T_Wood'
[2014.12.07-10.09.44:984][255]LogLinker:Warning: Can't find file for asset '/Game/ArchVis/Textures/T_Wood' while loading ../../../../../../Users/User/Documents/GitHub/Study-Session/Trial_third_person/Content/StarterContent/Materials/Materials/M_Shelving.uasset.
[2014.12.07-10.09.44:984][255]LogLinker:Warning: Can't find file '/Game/ArchVis/Textures/T_Wood_S'
[2014.12.07-10.09.44:985][255]LogLinker:Warning: Can't find file for asset '/Game/ArchVis/Textures/T_Wood_S' while loading ../../../../../../Users/User/Documents/GitHub/Study-Session/Trial_third_person/Content/StarterContent/Materials/Materials/M_Shelving.uasset.
[2014.12.07-10.09.45:049][255]LogLinker:Warning: Can't find file '/Game/ArchVis/Materials/M_CoffeTable_MAT_Inst'
[2014.12.07-10.09.45:049][255]LogLinker:Warning: Can't find file for asset '/Game/ArchVis/Materials/M_CoffeTable_MAT_Inst' while loading ../../../../../../Users/User/Documents/GitHub/Study-Session/Trial_third_person/Content/StarterContent/Mesh/SM_CoffeeTable.uasset.
[2014.12.07-10.09.45:049][255]LoadErrors:Error: Error /Game/StarterContent/Mesh/SM_CoffeeTable : Can't find file for asset. /Game/ArchVis/Materials/M_CoffeTable_MAT_Inst
[2014.12.07-10.09.45:049][255]LogLinker:Warning: Can't find file '/Game/ArchVis/Materials/M_CoffeTable_MAT_Inst'
[2014.12.07-10.09.45:050][255]LogLinker:Warning: Can't find file for asset '/Game/ArchVis/Materials/M_CoffeTable_MAT_Inst' while loading ../../../../../../Users/User/Documents/GitHub/Study-Session/Trial_third_person/Content/StarterContent/Mesh/SM_CoffeeTable.uasset.
[2014.12.07-10.09.45:055][255]LogLinker:Warning: Can't find file '/Game/ArchVis/Materials/M_Curtain_MAT_Inst'
[2014.12.07-10.09.45:056][255]LogLinker:Warning: Can't find file for asset '/Game/ArchVis/Materials/M_Curtain_MAT_Inst' while loading ../../../../../../Users/User/Documents/GitHub/Study-Session/Trial_third_person/Content/StarterContent/Mesh/SM_Curtain.uasset.
[2014.12.07-10.09.45:056][255]LoadErrors:Error: Error /Game/StarterContent/Mesh/SM_Curtain : Can't find file for asset. /Game/ArchVis/Materials/M_Curtain_MAT_Inst
[2014.12.07-10.09.45:056][255]LogLinker:Warning: Can't find file '/Game/ArchVis/Materials/M_Curtain_MAT_Inst'
[2014.12.07-10.09.45:056][255]LogLinker:Warning: Can't find file for asset '/Game/ArchVis/Materials/M_Curtain_MAT_Inst' while loading ../../../../../../Users/User/Documents/GitHub/Study-Session/Trial_third_person/Content/StarterContent/Mesh/SM_Curtain.uasset.
[2014.12.07-10.09.45:062][255]LogLinker:Warning: Can't find file '/Game/ArchVis/Materials/M_FloorLamp_Mat_Inst'
[2014.12.07-10.09.45:062][255]LogLinker:Warning: Can't find file for asset '/Game/ArchVis/Materials/M_FloorLamp_Mat_Inst' while loading ../../../../../../Users/User/Documents/GitHub/Study-Session/Trial_third_person/Content/StarterContent/Mesh/SM_FloorLamp.uasset.
[2014.12.07-10.09.45:062][255]LoadErrors:Error: Error /Game/StarterContent/Mesh/SM_FloorLamp : Can't find file for asset. /Game/ArchVis/Materials/M_FloorLamp_Mat_Inst
[2014.12.07-10.09.45:062][255]LogLinker:Warning: Can't find file '/Game/ArchVis/Materials/M_FloorLamp_Mat_Inst'
[2014.12.07-10.09.45:063][255]LogLinker:Warning: Can't find file for asset '/Game/ArchVis/Materials/M_FloorLamp_Mat_Inst' while loading ../../../../../../Users/User/Documents/GitHub/Study-Session/Trial_third_person/Content/StarterContent/Mesh/SM_FloorLamp.uasset.
[2014.12.07-10.09.45:068][255]LogLinker:Warning: Can't find file '/Game/ArchVis/Materials/M_Shelving_Inst'
[2014.12.07-10.09.45:068][255]LogLinker:Warning: Can't find file for asset '/Game/ArchVis/Materials/M_Shelving_Inst' while loading ../../../../../../Users/User/Documents/GitHub/Study-Session/Trial_third_person/Content/StarterContent/Mesh/SM_Shelving.uasset.
[2014.12.07-10.09.45:068][255]LoadErrors:Error: Error /Game/StarterContent/Mesh/SM_Shelving : Can't find file for asset. /Game/ArchVis/Materials/M_Shelving_Inst
[2014.12.07-10.09.45:069][255]LogLinker:Warning: Can't find file '/Game/ArchVis/Materials/M_Shelving_Inst'
[2014.12.07-10.09.45:069][255]LogLinker:Warning: Can't find file for asset '/Game/ArchVis/Materials/M_Shelving_Inst' while loading ../../../../../../Users/User/Documents/GitHub/Study-Session/Trial_third_person/Content/StarterContent/Mesh/SM_Shelving.uasset.
[2014.12.07-10.09.45:072][255]LogLinker:Warning: Can't find file '/Game/ArchVis/Materials/M_TV_Inst'
[2014.12.07-10.09.45:072][255]LogLinker:Warning: Can't find file for asset '/Game/ArchVis/Materials/M_TV_Inst' while loading ../../../../../../Users/User/Documents/GitHub/Study-Session/Trial_third_person/Content/StarterContent/Mesh/SM_TV.uasset.
[2014.12.07-10.09.45:072][255]LoadErrors:Error: Error /Game/StarterContent/Mesh/SM_TV : Can't find file for asset. /Game/ArchVis/Materials/M_TV_Inst
[2014.12.07-10.09.45:072][255]LogLinker:Warning: Can't find file '/Game/ArchVis/Materials/M_TV_Inst'
[2014.12.07-10.09.45:072][255]LogLinker:Warning: Can't find file for asset '/Game/ArchVis/Materials/M_TV_Inst' while loading ../../../../../../Users/User/Documents/GitHub/Study-Session/Trial_third_person/Content/StarterContent/Mesh/SM_TV.uasset.
[2014.12.07-10.09.45:075][255]LogLinker:Warning: Can't find file '/Game/ArchVis/Materials/M_Statue_Inst'
[2014.12.07-10.09.45:075][255]LogLinker:Warning: Can't find file for asset '/Game/ArchVis/Materials/M_Statue_Inst' while loading ../../../../../../Users/User/Documents/GitHub/Study-Session/Trial_third_person/Content/StarterContent/Mesh/Statue.uasset.
[2014.12.07-10.09.45:076][255]LoadErrors:Error: Error /Game/StarterContent/Mesh/Statue : Can't find file for asset. /Game/ArchVis/Materials/M_Statue_Inst
[2014.12.07-10.09.45:076][255]LogLinker:Warning: Can't find file '/Game/ArchVis/Materials/M_Statue_Inst'
[2014.12.07-10.09.45:076][255]LogLinker:Warning: Can't find file for asset '/Game/ArchVis/Materials/M_Statue_Inst' while loading ../../../../../../Users/User/Documents/GitHub/Study-Session/Trial_third_person/Content/StarterContent/Mesh/Statue.uasset.
[2014.12.07-10.09.45:149][255]LogLinker:Warning: Can't find file '/Game/ArchVis/Textures/T_Shelving_N'
[2014.12.07-10.09.45:149][255]LoadErrors: Info Failed to load /Game/ArchVis/Textures/T_Shelving_N.T_Shelving_N Referenced by M_Shelving
[2014.12.07-10.09.45:149][255]LogLinker:Warning: Can't find file for asset '/Game/ArchVis/Textures/T_Shelving_N' while loading NULL.
[2014.12.07-10.09.45:149][255]LogLinker:Warning: Can't find file '/Game/ArchVis/Textures/T_Wood'
[2014.12.07-10.09.45:150][255]LoadErrors: Info Failed to load /Game/ArchVis/Textures/T_Wood.T_Wood Referenced by M_Shelving
[2014.12.07-10.09.45:150][255]LogLinker:Warning: Can't find file for asset '/Game/ArchVis/Textures/T_Wood' while loading NULL.
[2014.12.07-10.09.45:150][255]LogLinker:Warning: Can't find file '/Game/ArchVis/Textures/T_Shelving_M'
[2014.12.07-10.09.45:150][255]LoadErrors: Info Failed to load /Game/ArchVis/Textures/T_Shelving_M.T_Shelving_M Referenced by M_Shelving
[2014.12.07-10.09.45:150][255]LogLinker:Warning: Can't find file for asset '/Game/ArchVis/Textures/T_Shelving_M' while loading NULL.
[2014.12.07-10.09.45:151][255]LogLinker:Warning: Can't find file '/Game/ArchVis/Textures/T_Wood_S'
[2014.12.07-10.09.45:151][255]LoadErrors: Info Failed to load /Game/ArchVis/Textures/T_Wood_S.T_Wood_S Referenced by M_Shelving
[2014.12.07-10.09.45:151][255]LogLinker:Warning: Can't find file for asset '/Game/ArchVis/Textures/T_Wood_S' while loading NULL.
[2014.12.07-10.09.45:151][255]LogLinker:Warning: Can't find file '/Game/ArchVis/Textures/T_Shelving_N'
[2014.12.07-10.09.45:151][255]LoadErrors: Info Failed to load /Game/ArchVis/Textures/T_Shelving_N.T_Shelving_N Referenced by MaterialExpressionTextureSample_0 Property /Script/Engine.MaterialExpressionTextureBase:Texture
[2014.12.07-10.09.45:152][255]LogLinker:Warning: Can't find file for asset '/Game/ArchVis/Textures/T_Shelving_N' while loading NULL.
[2014.12.07-10.09.45:152][255]LogLinker:Warning: Can't find file '/Game/ArchVis/Textures/T_Shelving_M'
[2014.12.07-10.09.45:152][255]LoadErrors: Info Failed to load /Game/ArchVis/Textures/T_Shelving_M.T_Shelving_M Referenced by MaterialExpressionTextureSample_1 Property /Script/Engine.MaterialExpressionTextureBase:Texture
[2014.12.07-10.09.45:152][255]LogLinker:Warning: Can't find file for asset '/Game/ArchVis/Textures/T_Shelving_M' while loading NULL.
[2014.12.07-10.09.45:153][255]LogLinker:Warning: Can't find file '/Game/ArchVis/Textures/T_Wood'
[2014.12.07-10.09.45:153][255]LoadErrors: Info Failed to load /Game/ArchVis/Textures/T_Wood.T_Wood Referenced by MaterialExpressionTextureSample_4 Property /Script/Engine.MaterialExpressionTextureBase:Texture
[2014.12.07-10.09.45:153][255]LogLinker:Warning: Can't find file for asset '/Game/ArchVis/Textures/T_Wood' while loading NULL.
[2014.12.07-10.09.45:153][255]LogLinker:Warning: Can't find file '/Game/ArchVis/Textures/T_Wood_S'
[2014.12.07-10.09.45:153][255]LoadErrors: Info Failed to load /Game/ArchVis/Textures/T_Wood_S.T_Wood_S Referenced by MaterialExpressionTextureSample_5 Property /Script/Engine.MaterialExpressionTextureBase:Texture
[2014.12.07-10.09.45:154][255]LogLinker:Warning: Can't find file for asset '/Game/ArchVis/Textures/T_Wood_S' while loading NULL.
[2014.12.07-10.09.45:158][255]LogLinker:Warning: Can't find file '/Game/ArchVis/Materials/M_CoffeTable_MAT_Inst'
[2014.12.07-10.09.45:159][255]LoadErrors: Info Failed to load /Game/ArchVis/Materials/M_CoffeTable_MAT_Inst.M_CoffeTable_MAT_Inst Referenced by SM_CoffeeTable Property /Script/Engine.StaticMesh:Materials
[2014.12.07-10.09.45:159][255]LogLinker:Warning: Can't find file for asset '/Game/ArchVis/Materials/M_CoffeTable_MAT_Inst' while loading NULL.
[2014.12.07-10.09.45:160][255]LogLinker:Warning: Can't find file '/Game/ArchVis/Materials/M_Curtain_MAT_Inst'
[2014.12.07-10.09.45:160][255]LoadErrors: Info Failed to load /Game/ArchVis/Materials/M_Curtain_MAT_Inst.M_Curtain_MAT_Inst Referenced by SM_Curtain Property /Script/Engine.StaticMesh:Materials
[2014.12.07-10.09.45:160][255]LogLinker:Warning: Can't find file for asset '/Game/ArchVis/Materials/M_Curtain_MAT_Inst' while loading NULL.
[2014.12.07-10.09.45:161][255]LogLinker:Warning: Can't find file '/Game/ArchVis/Materials/M_Shelving_Inst'
[2014.12.07-10.09.45:161][255]LoadErrors: Info Failed to load /Game/ArchVis/Materials/M_Shelving_Inst.M_Shelving_Inst Referenced by SM_Shelving Property /Script/Engine.StaticMesh:Materials
[2014.12.07-10.09.45:162][255]LogLinker:Warning: Can't find file for asset '/Game/ArchVis/Materials/M_Shelving_Inst' while loading NULL.
[2014.12.07-10.09.45:162][255]LogLinker:Warning: Can't find file '/Game/ArchVis/Materials/M_Statue_Inst'
[2014.12.07-10.09.45:162][255]LoadErrors: Info Failed to load /Game/ArchVis/Materials/M_Statue_Inst.M_Statue_Inst Referenced by Statue Property /Script/Engine.StaticMesh:Materials
[2014.12.07-10.09.45:163][255]LogLinker:Warning: Can't find file for asset '/Game/ArchVis/Materials/M_Statue_Inst' while loading NULL.
[2014.12.07-10.09.45:163][255]LogLinker:Warning: Can't find file '/Game/ArchVis/Materials/M_TV_Inst'
[2014.12.07-10.09.45:163][255]LoadErrors: Info Failed to load /Game/ArchVis/Materials/M_TV_Inst.M_TV_Inst Referenced by SM_TV Property /Script/Engine.StaticMesh:Materials
[2014.12.07-10.09.45:163][255]LogLinker:Warning: Can't find file for asset '/Game/ArchVis/Materials/M_TV_Inst' while loading NULL.
[2014.12.07-10.09.45:164][255]LogLinker:Warning: Can't find file '/Game/ArchVis/Materials/M_FloorLamp_Mat_Inst'
[2014.12.07-10.09.45:164][255]LoadErrors: Info Failed to load /Game/ArchVis/Materials/M_FloorLamp_Mat_Inst.M_FloorLamp_Mat_Inst Referenced by SM_FloorLamp Property /Script/Engine.StaticMesh:Materials
[2014.12.07-10.09.45:164][255]LogLinker:Warning: Can't find file for asset '/Game/ArchVis/Materials/M_FloorLamp_Mat_Inst' while loading NULL.
[2014.12.07-10.09.45:244][255]LogMaterial: Missing cached shader map for material M_Shelving, compiling.
[2014.12.07-10.09.45:246][255]LogMaterial:Warning: Failed to compile Material /Game/StarterContent/Materials/Materials/M_Shelving.M_Shelving for platform PCD3D_SM4, Default Material will be used in game.
[2014.12.07-10.09.45:246][255]LogMaterial:Warning: 	(Node TextureSample) TextureSample> Missing input texture
[2014.12.07-10.09.45:618][255]LogParticles: Destroying 0 GPU particle simulations for FXSystem 0x0000000028AF11C0
[2014.12.07-10.09.45:619][255]LogParticles: Destroying 0 GPU particle simulations for FXSystem 0x000000000CB18220
[2014.12.07-10.09.45:619][255]LogParticles: Destroying 0 GPU particle simulations for FXSystem 0x000000000CB19800
[2014.12.07-10.09.45:619][255]LogParticles: Destroying 0 GPU particle simulations for FXSystem 0x000000000CF3B600
[2014.12.07-10.09.45:619][255]LogParticles: Destroying 0 GPU particle simulations for FXSystem 0x0000000011600B80
[2014.12.07-10.09.45:620][255]LogParticles: Destroying 0 GPU particle simulations for FXSystem 0x000000002922FE20
[2014.12.07-10.09.45:620][255]LogParticles: Destroying 0 GPU particle simulations for FXSystem 0x000000002B076B60
[2014.12.07-10.09.45:620][255]LogParticles: Destroying 0 GPU particle simulations for FXSystem 0x0000000029152CA0
[2014.12.07-10.09.45:620][255]LogParticles: Destroying 0 GPU particle simulations for FXSystem 0x0000000011603A60
[2014.12.07-10.09.45:620][255]LogParticles: Destroying 0 GPU particle simulations for FXSystem 0x000000002C8FA0C0
[2014.12.07-10.09.45:621][255]LogParticles: Destroying 0 GPU particle simulations for FXSystem 0x0000000019475120
[2014.12.07-10.09.45:621][255]LogParticles: Destroying 0 GPU particle simulations for FXSystem 0x0000000011600360
[2014.12.07-10.09.45:621][255]LogParticles: Destroying 0 GPU particle simulations for FXSystem 0x0000000019476C00
[2014.12.07-10.09.45:631][255]Cmd: MAP LOAD FILE="../../../../../../Users/User/Documents/GitHub/Study-Session/Trial_third_person/Content/Maps/LivingRoom.umap" TEMPLATE=0 SHOWPROGRESS=1
[2014.12.07-10.09.45:631][255]LightingResults: New page: Lighting Build
[2014.12.07-10.09.45:665][255]LoadErrors: New page: Loading map: LivingRoom.umap
[2014.12.07-10.09.45:666][255]MapCheck: New page: Map Check
[2014.12.07-10.09.45:666][255]LightingResults: New page: Lighting Build
[2014.12.07-10.09.45:705][255]LogParticles: Destroying 0 GPU particle simulations for FXSystem 0x000000000DA08180
[2014.12.07-10.09.45:725][255]LogPhysics:Warning: AddShapesToRigidActor: ConvexElem is missing ConvexMesh (11: /Game/Character/newcatcauseoldcatsucks.newcatcauseoldcatsucks:BodySetup_3)
[2014.12.07-10.09.45:760][255]LogEditorServer: Finished looking for orphan Actors (0.000 secs)
[2014.12.07-10.09.45:760][255]LogAIModule: Creating AISystem for world LivingRoom
[2014.12.07-10.09.45:807][255]Cmd: MAP CHECKDEP
[2014.12.07-10.09.45:807][255]MapCheck: New page: LivingRoom - Dec 6, 2014, 6:09:45 PM
[2014.12.07-10.09.45:951][255]MapCheck: Info Map check complete: 0 Error(s), 0 Warning(s), took 143.769ms to complete.
[2014.12.07-10.09.45:951][255]LogFileHelpers: Loading map 'LivingRoom' took 0.322
[2014.12.07-10.09.52:479][521]Cmd: QUIT_EDITOR
[2014.12.07-10.09.52:838][521]LogExit: Preparing to exit.
[2014.12.07-10.09.53:308][521]LogExit: Editor shut down
[2014.12.07-10.09.53:309][521]LogExit: Transaction tracking system shut down
[2014.12.07-10.09.53:310][521]LogParticles: Destroying 0 GPU particle simulations for FXSystem 0x0000000014AC9620
[2014.12.07-10.09.53:310][521]LogParticles: Destroying 0 GPU particle simulations for FXSystem 0x000000000C50CB80
[2014.12.07-10.09.53:310][521]LogParticles: Destroying 0 GPU particle simulations for FXSystem 0x000000000CC5E520
[2014.12.07-10.09.53:310][521]LogParticles: Destroying 0 GPU particle simulations for FXSystem 0x000000000C3D47C0
[2014.12.07-10.09.53:311][521]LogParticles: Destroying 0 GPU particle simulations for FXSystem 0x000000000C3D4360
[2014.12.07-10.09.53:311][521]LogParticles: Destroying 0 GPU particle simulations for FXSystem 0x0000000022561A80
[2014.12.07-10.09.53:345][521]LogParticles: Destroying 0 GPU particle simulations for FXSystem 0x000000000C3D5B20
[2014.12.07-10.09.53:346][521]LogExit: Object subsystem successfully closed.
[2014.12.07-10.09.53:408][521]LogModuleManager: Shutting down and abandoning module AndroidDeviceDetection (166)
[2014.12.07-10.09.53:408][521]LogModuleManager: Shutting down and abandoning module CrashTracker (165)
[2014.12.07-10.09.53:408][521]LogModuleManager: Shutting down and abandoning module SuperSearch (164)
[2014.12.07-10.09.53:408][521]LogModuleManager: Shutting down and abandoning module SceneOutliner (163)
[2014.12.07-10.09.53:408][521]LogModuleManager: Shutting down and abandoning module EditorWidgets (162)
[2014.12.07-10.09.53:408][521]LogModuleManager: Shutting down and abandoning module CollectionManager (161)
[2014.12.07-10.09.53:408][521]LogModuleManager: Shutting down and abandoning module StatsViewer (160)
[2014.12.07-10.09.53:408][521]LogModuleManager: Shutting down and abandoning module FoliageEdit (159)
[2014.12.07-10.09.53:408][521]LogModuleManager: Shutting down and abandoning module LandscapeEditor (158)
[2014.12.07-10.09.53:408][521]LogModuleManager: Shutting down and abandoning module MeshPaint (157)
[2014.12.07-10.09.53:408][521]LogModuleManager: Shutting down and abandoning module ActorPickerMode (156)
[2014.12.07-10.09.53:408][521]LogModuleManager: Shutting down and abandoning module GeometryMode (155)
[2014.12.07-10.09.53:408][521]LogModuleManager: Shutting down and abandoning module TextureAlignMode (154)
[2014.12.07-10.09.53:409][521]LogModuleManager: Shutting down and abandoning module BspMode (153)
[2014.12.07-10.09.53:409][521]LogModuleManager: Shutting down and abandoning module PlacementMode (152)
[2014.12.07-10.09.53:409][521]LogModuleManager: Shutting down and abandoning module AutomationWorker (151)
[2014.12.07-10.09.53:409][521]LogModuleManager: Shutting down and abandoning module CharacterAI (150)
[2014.12.07-10.09.53:409][521]LogModuleManager: Shutting down and abandoning module GameProjectGeneration (149)
[2014.12.07-10.09.53:409][521]LogModuleManager: Shutting down and abandoning module IntroTutorials (148)
[2014.12.07-10.09.53:409][521]LogModuleManager: Shutting down and abandoning module EditorLiveStreaming (147)
[2014.12.07-10.09.53:409][521]LogModuleManager: Shutting down and abandoning module HardwareTargeting (146)
[2014.12.07-10.09.53:409][521]LogModuleManager: Shutting down and abandoning module BehaviorTreeEditor (145)
[2014.12.07-10.09.53:409][521]LogModuleManager: Shutting down and abandoning module DeviceProfileEditor (144)
[2014.12.07-10.09.53:409][521]LogModuleManager: Shutting down and abandoning module UndoHistory (143)
[2014.12.07-10.09.53:409][521]LogModuleManager: Shutting down and abandoning module GameplayTagsEditor (142)
[2014.12.07-10.09.53:409][521]LogModuleManager: Shutting down and abandoning module UserFeedback (141)
[2014.12.07-10.09.53:409][521]LogModuleManager: Shutting down and abandoning module XmlParser (140)
[2014.12.07-10.09.53:409][521]LogModuleManager: Shutting down and abandoning module Blutility (139)
[2014.12.07-10.09.53:409][521]LogModuleManager: Shutting down and abandoning module IOSPlatformEditor (138)
[2014.12.07-10.09.53:409][521]LogModuleManager: Shutting down and abandoning module IOSRuntimeSettings (137)
[2014.12.07-10.09.53:409][521]LogModuleManager: Shutting down and abandoning module AndroidPlatformEditor (136)
[2014.12.07-10.09.53:409][521]LogModuleManager: Shutting down and abandoning module AndroidRuntimeSettings (135)
[2014.12.07-10.09.53:409][521]LogModuleManager: Shutting down and abandoning module ProjectTargetPlatformEditor (134)
[2014.12.07-10.09.53:409][521]LogModuleManager: Shutting down and abandoning module ProjectSettingsViewer (133)
[2014.12.07-10.09.53:409][521]LogModuleManager: Shutting down and abandoning module InputBindingEditor (132)
[2014.12.07-10.09.53:409][521]LogModuleManager: Shutting down and abandoning module EditorSettingsViewer (131)
[2014.12.07-10.09.53:409][521]LogModuleManager: Shutting down and abandoning module SettingsEditor (130)
[2014.12.07-10.09.53:409][521]LogModuleManager: Shutting down and abandoning module ProjectLauncher (129)
[2014.12.07-10.09.53:409][521]LogModuleManager: Shutting down and abandoning module SessionFrontend (128)
[2014.12.07-10.09.53:409][521]LogModuleManager: Shutting down and abandoning module ProfilerClient (127)
[2014.12.07-10.09.53:409][521]LogModuleManager: Shutting down and abandoning module TargetDeviceServices (126)
[2014.12.07-10.09.53:409][521]LogModuleManager: Shutting down and abandoning module DeviceManager (125)
[2014.12.07-10.09.53:409][521]LogModuleManager: Shutting down and abandoning module AutomationController (124)
[2014.12.07-10.09.53:409][521]LogModuleManager: Shutting down and abandoning module AutomationWindow (123)
[2014.12.07-10.09.53:409][521]LogModuleManager: Shutting down and abandoning module Layers (122)
[2014.12.07-10.09.53:410][521]LogModuleManager: Shutting down and abandoning module ComponentVisualizers (121)
[2014.12.07-10.09.53:410][521]LogModuleManager: Shutting down and abandoning module DetailCustomizations (120)
[2014.12.07-10.09.53:410][521]LogModuleManager: Shutting down and abandoning module PackagesDialog (119)
[2014.12.07-10.09.53:410][521]LogModuleManager: Shutting down and abandoning module AssetRegistry (118)
[2014.12.07-10.09.53:443][521]LogModuleManager: Shutting down and abandoning module Persona (117)
[2014.12.07-10.09.53:443][521]LogModuleManager: Shutting down and abandoning module Kismet (116)
[2014.12.07-10.09.53:443][521]LogModuleManager: Shutting down and abandoning module GraphEditor (115)
[2014.12.07-10.09.53:443][521]LogModuleManager: Shutting down and abandoning module ClassViewer (114)
[2014.12.07-10.09.53:443][521]LogModuleManager: Shutting down and abandoning module Toolbox (113)
[2014.12.07-10.09.53:443][521]LogModuleManager: Shutting down and abandoning module ModuleUI (112)
[2014.12.07-10.09.53:443][521]LogModuleManager: Shutting down and abandoning module MovieSceneTools (111)
[2014.12.07-10.09.53:443][521]LogModuleManager: Shutting down and abandoning module OutputLog (110)
[2014.12.07-10.09.53:443][521]LogModuleManager: Shutting down and abandoning module GammaUI (109)
[2014.12.07-10.09.53:443][521]LogModuleManager: Shutting down and abandoning module Documentation (108)
[2014.12.07-10.09.53:443][521]LogModuleManager: Shutting down and abandoning module GameLiveStreaming (107)
[2014.12.07-10.09.53:443][521]LogModuleManager: Shutting down and abandoning module StreamingPauseRendering (106)
[2014.12.07-10.09.53:443][521]LogModuleManager: Shutting down and abandoning module HTTP (105)
[2014.12.07-10.09.53:443][521]LogModuleManager: Shutting down and abandoning module AnalyticsET (104)
[2014.12.07-10.09.53:443][521]LogModuleManager: Shutting down and abandoning module Analytics (103)
[2014.12.07-10.09.53:443][521]LogModuleManager: Shutting down and abandoning module GameplayDebugger (102)
[2014.12.07-10.09.53:443][521]LogModuleManager: Shutting down and abandoning module AIModule (101)
[2014.12.07-10.09.53:443][521]LogModuleManager: Shutting down and abandoning module ProfilerService (100)
[2014.12.07-10.09.53:445][521]LogModuleManager: Shutting down and abandoning module TaskGraph (99)
[2014.12.07-10.09.53:445][521]LogModuleManager: Shutting down and abandoning module SlateRemote (98)
[2014.12.07-10.09.53:445][521]LogModuleManager: Shutting down and abandoning module ScriptEditorPlugin (97)
[2014.12.07-10.09.53:445][521]LogModuleManager: Shutting down and abandoning module CustomMeshComponent (96)
[2014.12.07-10.09.53:445][521]LogModuleManager: Shutting down and abandoning module CableComponent (95)
[2014.12.07-10.09.53:445][521]LogModuleManager: Shutting down and abandoning module MessagingDebugger (94)
[2014.12.07-10.09.53:445][521]LogModuleManager: Shutting down and abandoning module MediaPlayerEditor (93)
[2014.12.07-10.09.53:445][521]LogModuleManager: Shutting down and abandoning module SpeedTreeImporter (92)
[2014.12.07-10.09.53:445][521]LogModuleManager: Shutting down and abandoning module PluginsEditor (91)
[2014.12.07-10.09.53:445][521]LogModuleManager: Shutting down and abandoning module EpicSurvey (90)
[2014.12.07-10.09.53:445][521]LogModuleManager: Shutting down and abandoning module DesktopPlatform (89)
[2014.12.07-10.09.53:445][521]LogModuleManager: Shutting down and abandoning module VisualStudioSourceCodeAccess (88)
[2014.12.07-10.09.53:445][521]LogModuleManager: Shutting down and abandoning module UObjectPlugin (87)
[2014.12.07-10.09.53:445][521]LogModuleManager: Shutting down and abandoning module SubversionSourceControl (86)
[2014.12.07-10.09.53:445][521]LogModuleManager: Shutting down and abandoning module SourceControl (85)
[2014.12.07-10.09.53:445][521]LogModuleManager: Shutting down and abandoning module PerforceSourceControl (84)
[2014.12.07-10.09.53:445][521]LogModuleManager: Shutting down and abandoning module BlankPlugin (83)
[2014.12.07-10.09.53:445][521]LogModuleManager: Shutting down and abandoning module SlateReflector (82)
[2014.12.07-10.09.53:445][521]LogModuleManager: Shutting down and abandoning module DirectoryWatcher (81)
[2014.12.07-10.09.53:445][521]LogModuleManager: Shutting down and abandoning module HotReload (80)
[2014.12.07-10.09.53:446][521]LogModuleManager: Shutting down and abandoning module MainFrame (79)
[2014.12.07-10.09.53:446][521]LogModuleManager: Shutting down and abandoning module LevelEditor (78)
[2014.12.07-10.09.53:446][521]LogModuleManager: Shutting down and abandoning module ViewportSnapping (77)
[2014.12.07-10.09.53:446][521]LogModuleManager: Shutting down and abandoning module SmartSnapping (76)
[2014.12.07-10.09.53:446][521]LogModuleManager: Shutting down and abandoning module PaperTiledImporter (75)
[2014.12.07-10.09.53:446][521]LogModuleManager: Shutting down and abandoning module PaperJsonImporter (74)
[2014.12.07-10.09.53:446][521]LogModuleManager: Shutting down and abandoning module ContentBrowser (73)
[2014.12.07-10.09.53:447][521]LogModuleManager: Shutting down and abandoning module PropertyEditor (72)
[2014.12.07-10.09.53:447][521]LogModuleManager: Shutting down and abandoning module Paper2DEditor (71)
[2014.12.07-10.09.53:447][521]LogModuleManager: Shutting down and abandoning module ScriptPlugin (70)
[2014.12.07-10.09.53:447][521]LogModuleManager: Shutting down and abandoning module UdpMessaging (69)
[2014.12.07-10.09.53:547][521]LogModuleManager: Shutting down and abandoning module Paper2D (68)
[2014.12.07-10.09.53:547][521]LogModuleManager: Shutting down and abandoning module WindowsMoviePlayer (67)
[2014.12.07-10.09.53:549][521]LogModuleManager: Shutting down and abandoning module Media (66)
[2014.12.07-10.09.53:549][521]LogModuleManager: Shutting down and abandoning module WmfMedia (65)
[2014.12.07-10.09.53:550][521]LogModuleManager: Shutting down and abandoning module OnlineBlueprintSupport (64)
[2014.12.07-10.09.53:550][521]LogModuleManager: Shutting down and abandoning module FunctionalTesting (63)
[2014.12.07-10.09.53:550][521]LogModuleManager: Shutting down and abandoning module CollisionAnalyzer (62)
[2014.12.07-10.09.53:550][521]LogModuleManager: Shutting down and abandoning module WorkspaceMenuStructure (61)
[2014.12.07-10.09.53:550][521]LogModuleManager: Shutting down and abandoning module MessageLog (60)
[2014.12.07-10.09.53:550][521]LogModuleManager: Shutting down and abandoning module Sequencer (59)
[2014.12.07-10.09.53:550][521]LogModuleManager: Shutting down and abandoning module AssetTools (58)
[2014.12.07-10.09.53:550][521]LogModuleManager: Shutting down and abandoning module UMGEditor (57)
[2014.12.07-10.09.53:550][521]LogModuleManager: Shutting down and abandoning module UMG (56)
[2014.12.07-10.09.53:550][521]LogModuleManager: Shutting down and abandoning module Slate (55)
[2014.12.07-10.09.53:550][521]LogModuleManager: Shutting down and abandoning module EditorStyle (54)
[2014.12.07-10.09.53:551][521]LogModuleManager: Shutting down and abandoning module SessionServices (53)
[2014.12.07-10.09.53:551][521]LogModuleManager: Shutting down and abandoning module SourceCodeAccess (52)
[2014.12.07-10.09.53:552][521]LogModuleManager: Shutting down and abandoning module HeadMountedDisplay (51)
[2014.12.07-10.09.53:552][521]LogModuleManager: Shutting down and abandoning module XAudio2 (50)
[2014.12.07-10.09.53:552][521]LogModuleManager: Shutting down and abandoning module Networking (48)
[2014.12.07-10.09.53:552][521]LogModuleManager: Shutting down and abandoning module Core (47)
[2014.12.07-10.09.53:552][521]LogModuleManager: Shutting down and abandoning module KismetCompiler (46)
[2014.12.07-10.09.53:552][521]LogModuleManager: Shutting down and abandoning module PhysXFormats (45)
[2014.12.07-10.09.53:552][521]LogModuleManager: Shutting down and abandoning module MeshUtilities (44)
[2014.12.07-10.09.53:552][521]LogModuleManager: Shutting down and abandoning module DerivedDataCache (43)
[2014.12.07-10.09.53:622][521]LogDerivedDataCache: Shutdown
[2014.12.07-10.09.53:622][521]LogModuleManager: Shutting down and abandoning module ShaderFormatOpenGL (42)
[2014.12.07-10.09.53:622][521]LogModuleManager: Shutting down and abandoning module ShaderFormatD3D (41)
[2014.12.07-10.09.53:622][521]LogModuleManager: Shutting down and abandoning module MetalShaderFormat (40)
[2014.12.07-10.09.53:622][521]LogModuleManager: Shutting down and abandoning module TextureFormatUncompressed (39)
[2014.12.07-10.09.53:622][521]LogModuleManager: Shutting down and abandoning module TextureFormatPVR (38)
[2014.12.07-10.09.53:622][521]LogModuleManager: Shutting down and abandoning module TextureFormatDXT (37)
[2014.12.07-10.09.53:622][521]LogModuleManager: Shutting down and abandoning module TextureFormatAndroid (36)
[2014.12.07-10.09.53:622][521]LogModuleManager: Shutting down and abandoning module AudioFormatOpus (35)
[2014.12.07-10.09.53:622][521]LogModuleManager: Shutting down and abandoning module AudioFormatOgg (34)
[2014.12.07-10.09.53:622][521]LogModuleManager: Shutting down and abandoning module AudioFormatADPCM (33)
[2014.12.07-10.09.53:622][521]LogModuleManager: Shutting down and abandoning module Messaging (32)
[2014.12.07-10.09.53:622][521]LogModuleManager: Shutting down and abandoning module IOSTargetPlatform (31)
[2014.12.07-10.09.53:622][521]LogModuleManager: Shutting down and abandoning module Android_PVRTCTargetPlatform (30)
[2014.12.07-10.09.53:622][521]LogModuleManager: Shutting down and abandoning module Android_ETC2TargetPlatform (29)
[2014.12.07-10.09.53:622][521]LogModuleManager: Shutting down and abandoning module Android_ETC1TargetPlatform (28)
[2014.12.07-10.09.53:622][521]LogModuleManager: Shutting down and abandoning module Android_DXTTargetPlatform (27)
[2014.12.07-10.09.53:622][521]LogModuleManager: Shutting down and abandoning module Android_ATCTargetPlatform (26)
[2014.12.07-10.09.53:622][521]LogModuleManager: Shutting down and abandoning module AndroidTargetPlatform (25)
[2014.12.07-10.09.53:622][521]LogModuleManager: Shutting down and abandoning module WindowsTargetPlatform (24)
[2014.12.07-10.09.53:622][521]LogModuleManager: Shutting down and abandoning module WindowsServerTargetPlatform (23)
[2014.12.07-10.09.53:622][521]LogModuleManager: Shutting down and abandoning module WindowsNoEditorTargetPlatform (22)
[2014.12.07-10.09.53:622][521]LogModuleManager: Shutting down and abandoning module WindowsClientTargetPlatform (21)
[2014.12.07-10.09.53:622][521]LogModuleManager: Shutting down and abandoning module TargetPlatform (20)
[2014.12.07-10.09.53:622][521]LogModuleManager: Shutting down and abandoning module InputCore (19)
[2014.12.07-10.09.53:622][521]LogModuleManager: Shutting down and abandoning module Settings (18)
[2014.12.07-10.09.53:622][521]LogModuleManager: Shutting down and abandoning module ImageWrapper (17)
[2014.12.07-10.09.53:622][521]LogModuleManager: Shutting down and abandoning module OculusRift (14)
[2014.12.07-10.09.53:622][521]LogModuleManager: Shutting down and abandoning module ExampleDeviceProfileSelector (13)
[2014.12.07-10.09.53:622][521]LogModuleManager: Shutting down and abandoning module TextureCompressor (12)
[2014.12.07-10.09.53:622][521]LogModuleManager: Shutting down and abandoning module ShaderCore (11)
[2014.12.07-10.09.53:622][521]LogModuleManager: Shutting down and abandoning module SlateRHIRenderer (10)
[2014.12.07-10.09.53:624][521]LogModuleManager: Shutting down and abandoning module OpenGLDrv (9)
[2014.12.07-10.09.53:624][521]LogModuleManager: Shutting down and abandoning module D3D11RHI (8)
[2014.12.07-10.09.53:624][521]LogModuleManager: Shutting down and abandoning module Renderer (7)
[2014.12.07-10.09.53:624][521]LogModuleManager: Shutting down and abandoning module Engine (6)
[2014.12.07-10.09.53:624][521]LogModuleManager: Shutting down and abandoning module CoreUObject (5)
[2014.12.07-10.09.53:624][521]LogModuleManager: Shutting down and abandoning module NetworkFile (4)
[2014.12.07-10.09.53:624][521]LogModuleManager: Shutting down and abandoning module StreamingFile (3)
[2014.12.07-10.09.53:624][521]LogModuleManager: Shutting down and abandoning module SandboxFile (2)
[2014.12.07-10.09.53:624][521]LogModuleManager: Shutting down and abandoning module PakFile (1)
[2014.12.07-10.09.53:624][521]LogExit: Exiting.
[2014.12.07-10.09.53:648][521]Log file closed, 12/07/14 02:09:53
