Log file open, 12/13/14 13:22:30
LogInit:Display: Running engine for game: Trial_third_person
LogInit: Version: 4.5.1-2336687+++depot+UE4-Releases+4.5
LogInit: API Version: 2326478
LogInit: Compiled (64-bit): Oct 21 2014 22:32:40
LogInit: Compiled with Visual C++: 18.00.21005.01
LogInit: Build Configuration: Development
LogInit: Branch Name: ++depot+UE4-Releases+4.5
LogInit: Command line:  /Temp/Autosaves/Game/Maps/UEDPCLivingRoom -game -PIEVIACONSOLE -ResX=1280 -ResY=720  -Multiprocess 
LogInit: Base directory: C:/Program Files/Epic Games/4.5/Engine/Binaries/Win64/
LogInit: Rocket: 1
[2014.12.13-21.22.30:765][  0]LogTaskGraph: Started task graph with 3 named threads and 4 total threads.
[2014.12.13-21.22.30:797][  0]LogOnline:Warning: No default platform service specified for OnlineSubsystem
[2014.12.13-21.22.30:820][  0]LogInit: Presizing for 0 objects not considered by GC, pre-allocating 0 bytes.
[2014.12.13-21.22.30:835][  0]LogInit: Object subsystem initialized
[2014.12.13-21.22.30:839][  0]LogConsoleResponse:Warning: Skipping Unknown console variable: 'UIScaleRule = ShortestSide'
[2014.12.13-21.22.30:839][  0]LogConsoleResponse:Warning:   Found in ini file 'C:/Users/Jeremy/Documents/GitHub/Study-Session/Trial_third_person/Saved/Config/Windows/Engine.ini', in section '[/Script/Engine.RendererSettings]'
[2014.12.13-21.22.30:839][  0]LogConsoleResponse:Warning: Skipping Unknown console variable: 'UIScaleCurve = (EditorCurveData=(Keys=((Time=480.000000,Value=0.444000),(Time=720.000000,Value=0.666000),(Time=1080.000000,Value=1.000000),(Time=8640.000000,Value=8.000000))),ExternalCurve=None)'
[2014.12.13-21.22.30:839][  0]LogConsoleResponse:Warning:   Found in ini file 'C:/Users/Jeremy/Documents/GitHub/Study-Session/Trial_third_person/Saved/Config/Windows/Engine.ini', in section '[/Script/Engine.RendererSettings]'
[2014.12.13-21.22.30:840][  0]LogInit: Selected Device Profile: [Windows]
[2014.12.13-21.22.30:840][  0]LogInit: Applying CVar settings loaded from the selected device profile: [Windows]
[2014.12.13-21.22.30:850][  0]LogInit: Computer: BRIANA-DESKTOP
[2014.12.13-21.22.30:850][  0]LogInit: User: Jeremy
[2014.12.13-21.22.30:851][  0]LogInit: CPU Page size=4096, Cores=4
[2014.12.13-21.22.30:851][  0]LogInit: High frequency timer resolution =14.318180 MHz
[2014.12.13-21.22.30:851][  0]LogMemory: Memory total: Physical=8.0GB (8GB approx) Virtual=8192.0GB
[2014.12.13-21.22.30:852][  0]LogMemory: Platform Memory Stats for Windows
[2014.12.13-21.22.30:852][  0]LogMemory: Process Physical Memory: 62.99 MB used, 62.99 MB peak
[2014.12.13-21.22.30:852][  0]LogMemory: Process Virtual Memory: 38.41 MB used, 38.41 MB peak
[2014.12.13-21.22.30:852][  0]LogMemory: Physical Memory: 3753.86 MB used, 8183.89 MB total
[2014.12.13-21.22.30:852][  0]LogMemory: Virtual Memory: 271.60 MB used, 8388608.00 MB total
[2014.12.13-21.22.30:888][  0]LogD3D11RHI: Found D3D11 adapter 0: NVIDIA GeForce GTX 550 Ti (Feature Level 11_0)
[2014.12.13-21.22.30:888][  0]LogD3D11RHI: Adapter has 977MB of dedicated video memory, 0MB of dedicated system memory, and 3071MB of shared system memory, 2 output[s]
[2014.12.13-21.22.30:888][  0]LogD3D11RHI: Chosen D3D11 Adapter Id = 0
[2014.12.13-21.22.30:896][  0]LogRHI: Texture pool is 684 MB (70% of 977 MB)
[2014.12.13-21.22.30:905][  0]LogD3D11RHI: Async texture creation enabled
[2014.12.13-21.22.30:955][  0]LogTextLocalizationManager: The requested culture ('en_US') has no localization data; parent culture's ('en') localization data will be used.
[2014.12.13-21.22.31:153][  0]LogContentStreaming: Texture pool size is 1000.000000MB
[2014.12.13-21.22.37:076][  0]LogTargetPlatformManager:Display: Building Assets For Windows
[2014.12.13-21.22.37:580][  0]LogTargetPlatformManager:Display: Building Assets For Windows
[2014.12.13-21.22.37:643][  0]LogDerivedDataCache:Display: Max Cache Size: 512 MB
[2014.12.13-21.22.37:738][  0]LogDerivedDataCache: Loaded boot cache 0.10s 39MB C:/Users/Jeremy/AppData/Local/UnrealEngine/4.5/DerivedDataCache/Boot.ddc.
[2014.12.13-21.22.37:738][  0]LogDerivedDataCache:Display: Loaded Boot cache: C:/Users/Jeremy/AppData/Local/UnrealEngine/4.5/DerivedDataCache/Boot.ddc
[2014.12.13-21.22.37:739][  0]LogDerivedDataCache: FDerivedDataBackendGraph:  Pak pak cache file ../../../../../../Users/Jeremy/Documents/GitHub/Study-Session/Trial_third_person/DerivedDataCache/DDC.ddp not found, will not use a pak cache.
[2014.12.13-21.22.37:739][  0]LogDerivedDataCache: Unable to find inner node Pak for hierarchical cache Hierarchy.
[2014.12.13-21.22.37:830][  0]LogDerivedDataCache:Display: Pak cache opened for reading ../../../Engine/DerivedDataCache/DDC.ddp.
[2014.12.13-21.22.37:842][  0]LogDerivedDataCache: Using Local data cache path C:/Users/Jeremy/AppData/Local/UnrealEngine/Common/DerivedDataCache: Writable
[2014.12.13-21.22.38:081][  0]LogMeshUtilities: No automatic mesh reduction module available
[2014.12.13-21.22.38:081][  0]LogMeshUtilities: No automatic mesh merging module available
[2014.12.13-21.22.38:414][  0]LogLinker:Warning: Asset '../../../Engine/Content/Functions/Engine_MaterialFunctions02/Texturing/FlipBook.uasset' has been saved with empty engine version. The asset will be loaded but may be incompatible.
[2014.12.13-21.22.38:419][  0]LogLinker:Warning: Asset '../../../Engine/Content/Functions/Engine_MaterialFunctions02/ExampleContent/Textures/flipbook.uasset' has been saved with empty engine version. The asset will be loaded but may be incompatible.
[2014.12.13-21.22.38:598][  0]LogInit: WinSock: version 1.1 (2.2), MaxSocks=32767, MaxUdp=65467
[2014.12.13-21.22.39:632][  0]LogWindowsMoviePlayer: Unable to load movie: ../../../../../../Users/Jeremy/Documents/GitHub/Study-Session/Trial_third_person/Content/Movies/Default_Startup.mp4
[2014.12.13-21.22.39:763][  0]SourceControl: Info Source control is disabled
[2014.12.13-21.22.39:763][  0]SourceControl: Info Source control is disabled
[2014.12.13-21.22.39:771][  0]SourceControl: Info Source control is disabled
[2014.12.13-21.22.39:810][  0]LogDirectoryWatcher:Warning: Failed to begin reading directory changes for C:/Users/Jeremy/Documents/GitHub/Study-Session/Trial_third_person/Binaries/Win64. Error: 0
[2014.12.13-21.22.39:855][  0]LogObj: 22484 objects as part of root set at end of initial load.
[2014.12.13-21.22.39:855][  0]LogUObjectAllocator: 4532696 out of 0 bytes used by permanent object pool.
[2014.12.13-21.22.39:935][  0]LogAutomationTest:Warning: ERR: Transient text cannot be serialized "Testing Transient serialization detection".
[2014.12.13-21.22.39:935][  0]LogEngine: Initializing Engine...
[2014.12.13-21.22.41:937][  0]LogHMD:Warning: No Oculus HMD detected! Is Oculus Run-Time installed and service is running?
[2014.12.13-21.22.41:947][  0]LogHMD: Oculus shutdown.
[2014.12.13-21.22.42:124][  0]LogInit: XAudio2 using 'Speakers (Realtek High Definition Audio)' : 2 channels at 48 kHz using 32 bits per sample (channel mask 0x3)
[2014.12.13-21.22.42:139][  0]LogInit: FAudioDevice initialized.
[2014.12.13-21.22.42:149][  0]LogInit: Texture streaming: Enabled
[2014.12.13-21.22.42:249][  0]LogNet: Browse: /Temp/Autosaves/Game/Maps/UEDPCLivingRoom?Name=Player
[2014.12.13-21.22.42:250][  0]LogLoad: LoadMap: /Temp/Autosaves/Game/Maps/UEDPCLivingRoom?Name=Player
[2014.12.13-21.22.42:275][  0]LogMemory: Platform Memory Stats for Windows
[2014.12.13-21.22.42:275][  0]LogMemory: Process Physical Memory: 300.43 MB used, 327.93 MB peak
[2014.12.13-21.22.42:275][  0]LogMemory: Process Virtual Memory: 260.19 MB used, 287.16 MB peak
[2014.12.13-21.22.42:275][  0]LogMemory: Physical Memory: 3914.59 MB used, 8183.89 MB total
[2014.12.13-21.22.42:275][  0]LogMemory: Virtual Memory: 683.06 MB used, 8388608.00 MB total
[2014.12.13-21.22.42:275][  0]LogMemory: 
[2014.12.13-21.22.42:275][  0]Allocator Stats for TBB: (not implemented)
[2014.12.13-21.22.43:575][  0]LogLinker:Warning: Can't find file '/Game/ArchVis/Textures/T_Shelving_N'
[2014.12.13-21.22.43:576][  0]LoadErrors: Info Failed to load /Game/ArchVis/Textures/T_Shelving_N.T_Shelving_N Referenced by M_Shelving
[2014.12.13-21.22.43:576][  0]LogUObjectGlobals:Warning: Failed to load '/Game/ArchVis/Textures/T_Shelving_N': Can't find file '/Game/ArchVis/Textures/T_Shelving_N'
[2014.12.13-21.22.43:576][  0]LogLinker:Warning: Can't find file for asset '/Game/ArchVis/Textures/T_Shelving_N' while loading NULL.
[2014.12.13-21.22.43:576][  0]LoadErrors: Info Failed to load /Game/ArchVis/Textures/T_Shelving_N.T_Shelving_N Referenced by M_Shelving
[2014.12.13-21.22.43:576][  0]LogUObjectGlobals:Warning: Failed to load '/Game/ArchVis/Textures/T_Shelving_N': Can't find file for asset '/Game/ArchVis/Textures/T_Shelving_N' while loading NULL.
[2014.12.13-21.22.43:576][  0]LogLinker:Warning: Can't find file '/Game/ArchVis/Textures/T_Wood'
[2014.12.13-21.22.43:577][  0]LoadErrors: Info Failed to load /Game/ArchVis/Textures/T_Wood.T_Wood Referenced by M_Shelving
[2014.12.13-21.22.43:577][  0]LogUObjectGlobals:Warning: Failed to load '/Game/ArchVis/Textures/T_Wood': Can't find file '/Game/ArchVis/Textures/T_Wood'
[2014.12.13-21.22.43:577][  0]LogLinker:Warning: Can't find file for asset '/Game/ArchVis/Textures/T_Wood' while loading NULL.
[2014.12.13-21.22.43:577][  0]LoadErrors: Info Failed to load /Game/ArchVis/Textures/T_Wood.T_Wood Referenced by M_Shelving
[2014.12.13-21.22.43:577][  0]LogUObjectGlobals:Warning: Failed to load '/Game/ArchVis/Textures/T_Wood': Can't find file for asset '/Game/ArchVis/Textures/T_Wood' while loading NULL.
[2014.12.13-21.22.43:577][  0]LogLinker:Warning: Can't find file '/Game/ArchVis/Textures/T_Shelving_M'
[2014.12.13-21.22.43:577][  0]LoadErrors: Info Failed to load /Game/ArchVis/Textures/T_Shelving_M.T_Shelving_M Referenced by M_Shelving
[2014.12.13-21.22.43:577][  0]LogUObjectGlobals:Warning: Failed to load '/Game/ArchVis/Textures/T_Shelving_M': Can't find file '/Game/ArchVis/Textures/T_Shelving_M'
[2014.12.13-21.22.43:578][  0]LogLinker:Warning: Can't find file for asset '/Game/ArchVis/Textures/T_Shelving_M' while loading NULL.
[2014.12.13-21.22.43:578][  0]LoadErrors: Info Failed to load /Game/ArchVis/Textures/T_Shelving_M.T_Shelving_M Referenced by M_Shelving
[2014.12.13-21.22.43:578][  0]LogUObjectGlobals:Warning: Failed to load '/Game/ArchVis/Textures/T_Shelving_M': Can't find file for asset '/Game/ArchVis/Textures/T_Shelving_M' while loading NULL.
[2014.12.13-21.22.43:578][  0]LogLinker:Warning: Can't find file '/Game/ArchVis/Textures/T_Wood_S'
[2014.12.13-21.22.43:578][  0]LoadErrors: Info Failed to load /Game/ArchVis/Textures/T_Wood_S.T_Wood_S Referenced by M_Shelving
[2014.12.13-21.22.43:578][  0]LogUObjectGlobals:Warning: Failed to load '/Game/ArchVis/Textures/T_Wood_S': Can't find file '/Game/ArchVis/Textures/T_Wood_S'
[2014.12.13-21.22.43:578][  0]LogLinker:Warning: Can't find file for asset '/Game/ArchVis/Textures/T_Wood_S' while loading NULL.
[2014.12.13-21.22.43:578][  0]LoadErrors: Info Failed to load /Game/ArchVis/Textures/T_Wood_S.T_Wood_S Referenced by M_Shelving
[2014.12.13-21.22.43:578][  0]LogUObjectGlobals:Warning: Failed to load '/Game/ArchVis/Textures/T_Wood_S': Can't find file for asset '/Game/ArchVis/Textures/T_Wood_S' while loading NULL.
[2014.12.13-21.22.43:585][  0]LogLinker:Warning: Can't find file '/Game/ArchVis/Textures/T_Shelving_M'
[2014.12.13-21.22.43:585][  0]LoadErrors: Info Failed to load /Game/ArchVis/Textures/T_Shelving_M.T_Shelving_M Referenced by MaterialExpressionTextureSample_1 Property /Script/Engine.MaterialExpressionTextureBase:Texture
[2014.12.13-21.22.43:585][  0]LogUObjectGlobals:Warning: Failed to load '/Game/ArchVis/Textures/T_Shelving_M': Can't find file '/Game/ArchVis/Textures/T_Shelving_M'
[2014.12.13-21.22.43:586][  0]LogLinker:Warning: Can't find file for asset '/Game/ArchVis/Textures/T_Shelving_M' while loading NULL.
[2014.12.13-21.22.43:586][  0]LoadErrors: Info Failed to load /Game/ArchVis/Textures/T_Shelving_M.T_Shelving_M Referenced by MaterialExpressionTextureSample_1 Property /Script/Engine.MaterialExpressionTextureBase:Texture
[2014.12.13-21.22.43:586][  0]LogUObjectGlobals:Warning: Failed to load '/Game/ArchVis/Textures/T_Shelving_M': Can't find file for asset '/Game/ArchVis/Textures/T_Shelving_M' while loading NULL.
[2014.12.13-21.22.43:586][  0]LogLinker:Warning: Can't find file '/Game/ArchVis/Textures/T_Wood'
[2014.12.13-21.22.43:586][  0]LoadErrors: Info Failed to load /Game/ArchVis/Textures/T_Wood.T_Wood Referenced by MaterialExpressionTextureSample_4 Property /Script/Engine.MaterialExpressionTextureBase:Texture
[2014.12.13-21.22.43:587][  0]LogUObjectGlobals:Warning: Failed to load '/Game/ArchVis/Textures/T_Wood': Can't find file '/Game/ArchVis/Textures/T_Wood'
[2014.12.13-21.22.43:587][  0]LogLinker:Warning: Can't find file for asset '/Game/ArchVis/Textures/T_Wood' while loading NULL.
[2014.12.13-21.22.43:587][  0]LoadErrors: Info Failed to load /Game/ArchVis/Textures/T_Wood.T_Wood Referenced by MaterialExpressionTextureSample_4 Property /Script/Engine.MaterialExpressionTextureBase:Texture
[2014.12.13-21.22.43:587][  0]LogUObjectGlobals:Warning: Failed to load '/Game/ArchVis/Textures/T_Wood': Can't find file for asset '/Game/ArchVis/Textures/T_Wood' while loading NULL.
[2014.12.13-21.22.43:587][  0]LogLinker:Warning: Can't find file '/Game/ArchVis/Textures/T_Wood_S'
[2014.12.13-21.22.43:587][  0]LoadErrors: Info Failed to load /Game/ArchVis/Textures/T_Wood_S.T_Wood_S Referenced by MaterialExpressionTextureSample_5 Property /Script/Engine.MaterialExpressionTextureBase:Texture
[2014.12.13-21.22.43:587][  0]LogUObjectGlobals:Warning: Failed to load '/Game/ArchVis/Textures/T_Wood_S': Can't find file '/Game/ArchVis/Textures/T_Wood_S'
[2014.12.13-21.22.43:588][  0]LogLinker:Warning: Can't find file for asset '/Game/ArchVis/Textures/T_Wood_S' while loading NULL.
[2014.12.13-21.22.43:588][  0]LoadErrors: Info Failed to load /Game/ArchVis/Textures/T_Wood_S.T_Wood_S Referenced by MaterialExpressionTextureSample_5 Property /Script/Engine.MaterialExpressionTextureBase:Texture
[2014.12.13-21.22.43:588][  0]LogUObjectGlobals:Warning: Failed to load '/Game/ArchVis/Textures/T_Wood_S': Can't find file for asset '/Game/ArchVis/Textures/T_Wood_S' while loading NULL.
[2014.12.13-21.22.43:588][  0]LogLinker:Warning: Can't find file '/Game/ArchVis/Textures/T_Shelving_N'
[2014.12.13-21.22.43:589][  0]LoadErrors: Info Failed to load /Game/ArchVis/Textures/T_Shelving_N.T_Shelving_N Referenced by MaterialExpressionTextureSample_0 Property /Script/Engine.MaterialExpressionTextureBase:Texture
[2014.12.13-21.22.43:589][  0]LogUObjectGlobals:Warning: Failed to load '/Game/ArchVis/Textures/T_Shelving_N': Can't find file '/Game/ArchVis/Textures/T_Shelving_N'
[2014.12.13-21.22.43:589][  0]LogLinker:Warning: Can't find file for asset '/Game/ArchVis/Textures/T_Shelving_N' while loading NULL.
[2014.12.13-21.22.43:589][  0]LoadErrors: Info Failed to load /Game/ArchVis/Textures/T_Shelving_N.T_Shelving_N Referenced by MaterialExpressionTextureSample_0 Property /Script/Engine.MaterialExpressionTextureBase:Texture
[2014.12.13-21.22.43:589][  0]LogUObjectGlobals:Warning: Failed to load '/Game/ArchVis/Textures/T_Shelving_N': Can't find file for asset '/Game/ArchVis/Textures/T_Shelving_N' while loading NULL.
[2014.12.13-21.22.43:594][  0]LogLinker:Warning: Can't find file '/Game/ArchVis/Materials/M_Statue_Inst'
[2014.12.13-21.22.43:594][  0]LoadErrors: Info Failed to load /Game/ArchVis/Materials/M_Statue_Inst.M_Statue_Inst Referenced by Statue Property /Script/Engine.StaticMesh:Materials
[2014.12.13-21.22.43:594][  0]LogUObjectGlobals:Warning: Failed to load '/Game/ArchVis/Materials/M_Statue_Inst': Can't find file '/Game/ArchVis/Materials/M_Statue_Inst'
[2014.12.13-21.22.43:594][  0]LogLinker:Warning: Can't find file for asset '/Game/ArchVis/Materials/M_Statue_Inst' while loading NULL.
[2014.12.13-21.22.43:594][  0]LoadErrors: Info Failed to load /Game/ArchVis/Materials/M_Statue_Inst.M_Statue_Inst Referenced by Statue Property /Script/Engine.StaticMesh:Materials
[2014.12.13-21.22.43:594][  0]LogUObjectGlobals:Warning: Failed to load '/Game/ArchVis/Materials/M_Statue_Inst': Can't find file for asset '/Game/ArchVis/Materials/M_Statue_Inst' while loading NULL.
[2014.12.13-21.22.43:607][  0]LogLinker:Warning: Can't find file '/Game/ArchVis/Materials/M_CoffeTable_MAT_Inst'
[2014.12.13-21.22.43:607][  0]LoadErrors: Info Failed to load /Game/ArchVis/Materials/M_CoffeTable_MAT_Inst.M_CoffeTable_MAT_Inst Referenced by SM_CoffeeTable Property /Script/Engine.StaticMesh:Materials
[2014.12.13-21.22.43:607][  0]LogUObjectGlobals:Warning: Failed to load '/Game/ArchVis/Materials/M_CoffeTable_MAT_Inst': Can't find file '/Game/ArchVis/Materials/M_CoffeTable_MAT_Inst'
[2014.12.13-21.22.43:607][  0]LogLinker:Warning: Can't find file for asset '/Game/ArchVis/Materials/M_CoffeTable_MAT_Inst' while loading NULL.
[2014.12.13-21.22.43:608][  0]LoadErrors: Info Failed to load /Game/ArchVis/Materials/M_CoffeTable_MAT_Inst.M_CoffeTable_MAT_Inst Referenced by SM_CoffeeTable Property /Script/Engine.StaticMesh:Materials
[2014.12.13-21.22.43:608][  0]LogUObjectGlobals:Warning: Failed to load '/Game/ArchVis/Materials/M_CoffeTable_MAT_Inst': Can't find file for asset '/Game/ArchVis/Materials/M_CoffeTable_MAT_Inst' while loading NULL.
[2014.12.13-21.22.43:608][  0]LogLinker:Warning: Can't find file '/Game/ArchVis/Materials/M_TV_Inst'
[2014.12.13-21.22.43:608][  0]LoadErrors: Info Failed to load /Game/ArchVis/Materials/M_TV_Inst.M_TV_Inst Referenced by SM_TV Property /Script/Engine.StaticMesh:Materials
[2014.12.13-21.22.43:608][  0]LogUObjectGlobals:Warning: Failed to load '/Game/ArchVis/Materials/M_TV_Inst': Can't find file '/Game/ArchVis/Materials/M_TV_Inst'
[2014.12.13-21.22.43:608][  0]LogLinker:Warning: Can't find file for asset '/Game/ArchVis/Materials/M_TV_Inst' while loading NULL.
[2014.12.13-21.22.43:609][  0]LoadErrors: Info Failed to load /Game/ArchVis/Materials/M_TV_Inst.M_TV_Inst Referenced by SM_TV Property /Script/Engine.StaticMesh:Materials
[2014.12.13-21.22.43:609][  0]LogUObjectGlobals:Warning: Failed to load '/Game/ArchVis/Materials/M_TV_Inst': Can't find file for asset '/Game/ArchVis/Materials/M_TV_Inst' while loading NULL.
[2014.12.13-21.22.43:612][  0]LogLinker:Warning: Can't find file '/Game/ArchVis/Materials/M_Curtain_MAT_Inst'
[2014.12.13-21.22.43:613][  0]LoadErrors: Info Failed to load /Game/ArchVis/Materials/M_Curtain_MAT_Inst.M_Curtain_MAT_Inst Referenced by SM_Curtain Property /Script/Engine.StaticMesh:Materials
[2014.12.13-21.22.43:613][  0]LogUObjectGlobals:Warning: Failed to load '/Game/ArchVis/Materials/M_Curtain_MAT_Inst': Can't find file '/Game/ArchVis/Materials/M_Curtain_MAT_Inst'
[2014.12.13-21.22.43:613][  0]LogLinker:Warning: Can't find file for asset '/Game/ArchVis/Materials/M_Curtain_MAT_Inst' while loading NULL.
[2014.12.13-21.22.43:613][  0]LoadErrors: Info Failed to load /Game/ArchVis/Materials/M_Curtain_MAT_Inst.M_Curtain_MAT_Inst Referenced by SM_Curtain Property /Script/Engine.StaticMesh:Materials
[2014.12.13-21.22.43:613][  0]LogUObjectGlobals:Warning: Failed to load '/Game/ArchVis/Materials/M_Curtain_MAT_Inst': Can't find file for asset '/Game/ArchVis/Materials/M_Curtain_MAT_Inst' while loading NULL.
[2014.12.13-21.22.43:613][  0]LogLinker:Warning: Can't find file '/Game/ArchVis/Materials/M_FloorLamp_Mat_Inst'
[2014.12.13-21.22.43:614][  0]LoadErrors: Info Failed to load /Game/ArchVis/Materials/M_FloorLamp_Mat_Inst.M_FloorLamp_Mat_Inst Referenced by SM_FloorLamp Property /Script/Engine.StaticMesh:Materials
[2014.12.13-21.22.43:614][  0]LogUObjectGlobals:Warning: Failed to load '/Game/ArchVis/Materials/M_FloorLamp_Mat_Inst': Can't find file '/Game/ArchVis/Materials/M_FloorLamp_Mat_Inst'
[2014.12.13-21.22.43:614][  0]LogLinker:Warning: Can't find file for asset '/Game/ArchVis/Materials/M_FloorLamp_Mat_Inst' while loading NULL.
[2014.12.13-21.22.43:614][  0]LoadErrors: Info Failed to load /Game/ArchVis/Materials/M_FloorLamp_Mat_Inst.M_FloorLamp_Mat_Inst Referenced by SM_FloorLamp Property /Script/Engine.StaticMesh:Materials
[2014.12.13-21.22.43:614][  0]LogUObjectGlobals:Warning: Failed to load '/Game/ArchVis/Materials/M_FloorLamp_Mat_Inst': Can't find file for asset '/Game/ArchVis/Materials/M_FloorLamp_Mat_Inst' while loading NULL.
[2014.12.13-21.22.43:626][  0]LogLinker:Warning: Can't find file '/Game/ArchVis/Materials/M_Shelving_Inst'
[2014.12.13-21.22.43:626][  0]LoadErrors: Info Failed to load /Game/ArchVis/Materials/M_Shelving_Inst.M_Shelving_Inst Referenced by SM_Shelving Property /Script/Engine.StaticMesh:Materials
[2014.12.13-21.22.43:626][  0]LogUObjectGlobals:Warning: Failed to load '/Game/ArchVis/Materials/M_Shelving_Inst': Can't find file '/Game/ArchVis/Materials/M_Shelving_Inst'
[2014.12.13-21.22.43:626][  0]LogLinker:Warning: Can't find file for asset '/Game/ArchVis/Materials/M_Shelving_Inst' while loading NULL.
[2014.12.13-21.22.43:627][  0]LoadErrors: Info Failed to load /Game/ArchVis/Materials/M_Shelving_Inst.M_Shelving_Inst Referenced by SM_Shelving Property /Script/Engine.StaticMesh:Materials
[2014.12.13-21.22.43:627][  0]LogUObjectGlobals:Warning: Failed to load '/Game/ArchVis/Materials/M_Shelving_Inst': Can't find file for asset '/Game/ArchVis/Materials/M_Shelving_Inst' while loading NULL.
[2014.12.13-21.22.43:679][  0]LogMaterial: Missing cached shader map for material M_Shelving, compiling.
[2014.12.13-21.22.43:680][  0]LogMaterial:Warning: Failed to compile Material /Game/StarterContent/Materials/Materials/M_Shelving.M_Shelving for platform PCD3D_SM5, Default Material will be used in game.
[2014.12.13-21.22.43:680][  0]LogMaterial:Warning: 	(Node TextureSample) TextureSample> Missing input texture
[2014.12.13-21.22.43:862][  0]LogWorld: Game class is 'MyGame_C'
[2014.12.13-21.22.43:888][  0]LogAIModule: Creating AISystem for world LivingRoom
[2014.12.13-21.22.43:905][  0]LogPhysics:Warning: AddShapesToRigidActor: ConvexElem is missing ConvexMesh (11: /Game/Character/newcatcauseoldcatsucks.newcatcauseoldcatsucks:BodySetup_3)
[2014.12.13-21.22.43:909][  0]LogWorld:Warning: *** WARNING - PATHS MAY NOT BE VALID ***
[2014.12.13-21.22.43:909][  0]LogWorld: Bringing World /Temp/Autosaves/Game/Maps/UEDPCLivingRoom.LivingRoom up for play (max tick rate 0) at 2014.12.13-13.22.43
[2014.12.13-21.22.43:912][  0]LogWorld: Bringing up level for play took: 0.023974
[2014.12.13-21.22.43:917][  0]LogInit:Display: Game Engine Initialized.
[2014.12.13-21.22.44:138][  0]LogLoad: Full Startup: 15.84 seconds (BP compile: 0.50 seconds)
[2014.12.13-21.22.44:291][  2]LogRenderer:Warning: Reallocating scene render targets to support 1280x720.
[2014.12.13-21.24.11:837][  2]Closing by request
[2014.12.13-21.24.11:837][  2]LogWindows: FPlatformMisc::RequestExit(0)
[2014.12.13-21.24.11:919][  3]LogExit: Preparing to exit.
[2014.12.13-21.24.12:034][  3]LogExit: Game engine shut down
[2014.12.13-21.24.12:034][  3]LogParticles: Destroying 0 GPU particle simulations for FXSystem 0x000000001C4E0C20
[2014.12.13-21.24.12:074][  3]LogExit: Object subsystem successfully closed.
[2014.12.13-21.24.12:117][  3]LogModuleManager: Shutting down and abandoning module AndroidDeviceDetection (94)
[2014.12.13-21.24.12:117][  3]LogModuleManager: Shutting down and abandoning module AutomationWorker (93)
[2014.12.13-21.24.12:117][  3]LogModuleManager: Shutting down and abandoning module CharacterAI (92)
[2014.12.13-21.24.12:117][  3]LogModuleManager: Shutting down and abandoning module GameplayDebugger (91)
[2014.12.13-21.24.12:117][  3]LogModuleManager: Shutting down and abandoning module AIModule (90)
[2014.12.13-21.24.12:117][  3]LogModuleManager: Shutting down and abandoning module GameLiveStreaming (89)
[2014.12.13-21.24.12:117][  3]LogModuleManager: Shutting down and abandoning module StreamingPauseRendering (88)
[2014.12.13-21.24.12:117][  3]LogModuleManager: Shutting down and abandoning module HTTP (87)
[2014.12.13-21.24.12:117][  3]LogModuleManager: Shutting down and abandoning module AnalyticsET (86)
[2014.12.13-21.24.12:117][  3]LogModuleManager: Shutting down and abandoning module Analytics (85)
[2014.12.13-21.24.12:117][  3]LogModuleManager: Shutting down and abandoning module ProfilerService (84)
[2014.12.13-21.24.12:149][  3]LogModuleManager: Shutting down and abandoning module TaskGraph (83)
[2014.12.13-21.24.12:149][  3]LogModuleManager: Shutting down and abandoning module SlateRemote (82)
[2014.12.13-21.24.12:149][  3]LogModuleManager: Shutting down and abandoning module CustomMeshComponent (81)
[2014.12.13-21.24.12:149][  3]LogModuleManager: Shutting down and abandoning module CableComponent (80)
[2014.12.13-21.24.12:149][  3]LogModuleManager: Shutting down and abandoning module DesktopPlatform (79)
[2014.12.13-21.24.12:149][  3]LogModuleManager: Shutting down and abandoning module DirectoryWatcher (78)
[2014.12.13-21.24.12:149][  3]LogModuleManager: Shutting down and abandoning module HotReload (77)
[2014.12.13-21.24.12:149][  3]LogModuleManager: Shutting down and abandoning module VisualStudioSourceCodeAccess (76)
[2014.12.13-21.24.12:149][  3]LogModuleManager: Shutting down and abandoning module UObjectPlugin (75)
[2014.12.13-21.24.12:149][  3]LogModuleManager: Shutting down and abandoning module SubversionSourceControl (74)
[2014.12.13-21.24.12:149][  3]LogModuleManager: Shutting down and abandoning module SourceControl (73)
[2014.12.13-21.24.12:149][  3]LogModuleManager: Shutting down and abandoning module PerforceSourceControl (72)
[2014.12.13-21.24.12:149][  3]LogModuleManager: Shutting down and abandoning module BlankPlugin (71)
[2014.12.13-21.24.12:149][  3]LogModuleManager: Shutting down and abandoning module ScriptPlugin (70)
[2014.12.13-21.24.12:149][  3]LogModuleManager: Shutting down and abandoning module UdpMessaging (69)
[2014.12.13-21.24.12:149][  3]LogModuleManager: Shutting down and abandoning module Paper2D (68)
[2014.12.13-21.24.12:149][  3]LogModuleManager: Shutting down and abandoning module WindowsMoviePlayer (67)
[2014.12.13-21.24.12:149][  3]LogModuleManager: Shutting down and abandoning module Media (66)
[2014.12.13-21.24.12:149][  3]LogModuleManager: Shutting down and abandoning module WmfMedia (65)
[2014.12.13-21.24.12:150][  3]LogModuleManager: Shutting down and abandoning module OnlineBlueprintSupport (64)
[2014.12.13-21.24.12:150][  3]LogModuleManager: Shutting down and abandoning module FunctionalTesting (63)
[2014.12.13-21.24.12:150][  3]LogModuleManager: Shutting down and abandoning module CollisionAnalyzer (62)
[2014.12.13-21.24.12:150][  3]LogModuleManager: Shutting down and abandoning module WorkspaceMenuStructure (61)
[2014.12.13-21.24.12:150][  3]LogModuleManager: Shutting down and abandoning module MessageLog (60)
[2014.12.13-21.24.12:150][  3]LogModuleManager: Shutting down and abandoning module Sequencer (59)
[2014.12.13-21.24.12:150][  3]LogModuleManager: Shutting down and abandoning module AssetTools (58)
[2014.12.13-21.24.12:150][  3]LogModuleManager: Shutting down and abandoning module UMGEditor (57)
[2014.12.13-21.24.12:150][  3]LogModuleManager: Shutting down and abandoning module UMG (56)
[2014.12.13-21.24.12:150][  3]LogModuleManager: Shutting down and abandoning module Slate (55)
[2014.12.13-21.24.12:150][  3]LogModuleManager: Shutting down and abandoning module EditorStyle (54)
[2014.12.13-21.24.12:152][  3]LogModuleManager: Shutting down and abandoning module SessionServices (53)
[2014.12.13-21.24.12:152][  3]LogModuleManager: Shutting down and abandoning module SourceCodeAccess (52)
[2014.12.13-21.24.12:152][  3]LogModuleManager: Shutting down and abandoning module HeadMountedDisplay (51)
[2014.12.13-21.24.12:152][  3]LogModuleManager: Shutting down and abandoning module XAudio2 (50)
[2014.12.13-21.24.12:152][  3]LogModuleManager: Shutting down and abandoning module Networking (48)
[2014.12.13-21.24.12:152][  3]LogModuleManager: Shutting down and abandoning module Core (47)
[2014.12.13-21.24.12:152][  3]LogModuleManager: Shutting down and abandoning module KismetCompiler (46)
[2014.12.13-21.24.12:152][  3]LogModuleManager: Shutting down and abandoning module PhysXFormats (45)
[2014.12.13-21.24.12:152][  3]LogModuleManager: Shutting down and abandoning module MeshUtilities (44)
[2014.12.13-21.24.12:152][  3]LogModuleManager: Shutting down and abandoning module DerivedDataCache (43)
[2014.12.13-21.24.12:339][  3]LogDerivedDataCache: Shutdown
[2014.12.13-21.24.12:339][  3]LogModuleManager: Shutting down and abandoning module ShaderFormatOpenGL (42)
[2014.12.13-21.24.12:339][  3]LogModuleManager: Shutting down and abandoning module ShaderFormatD3D (41)
[2014.12.13-21.24.12:339][  3]LogModuleManager: Shutting down and abandoning module MetalShaderFormat (40)
[2014.12.13-21.24.12:339][  3]LogModuleManager: Shutting down and abandoning module TextureFormatUncompressed (39)
[2014.12.13-21.24.12:339][  3]LogModuleManager: Shutting down and abandoning module TextureFormatPVR (38)
[2014.12.13-21.24.12:339][  3]LogModuleManager: Shutting down and abandoning module TextureFormatDXT (37)
[2014.12.13-21.24.12:339][  3]LogModuleManager: Shutting down and abandoning module TextureFormatAndroid (36)
[2014.12.13-21.24.12:339][  3]LogModuleManager: Shutting down and abandoning module AudioFormatOpus (35)
[2014.12.13-21.24.12:339][  3]LogModuleManager: Shutting down and abandoning module AudioFormatOgg (34)
[2014.12.13-21.24.12:339][  3]LogModuleManager: Shutting down and abandoning module AudioFormatADPCM (33)
[2014.12.13-21.24.12:339][  3]LogModuleManager: Shutting down and abandoning module Messaging (32)
[2014.12.13-21.24.12:339][  3]LogModuleManager: Shutting down and abandoning module IOSTargetPlatform (31)
[2014.12.13-21.24.12:339][  3]LogModuleManager: Shutting down and abandoning module Android_PVRTCTargetPlatform (30)
[2014.12.13-21.24.12:339][  3]LogModuleManager: Shutting down and abandoning module Android_ETC2TargetPlatform (29)
[2014.12.13-21.24.12:339][  3]LogModuleManager: Shutting down and abandoning module Android_ETC1TargetPlatform (28)
[2014.12.13-21.24.12:339][  3]LogModuleManager: Shutting down and abandoning module Android_DXTTargetPlatform (27)
[2014.12.13-21.24.12:339][  3]LogModuleManager: Shutting down and abandoning module Android_ATCTargetPlatform (26)
[2014.12.13-21.24.12:339][  3]LogModuleManager: Shutting down and abandoning module AndroidTargetPlatform (25)
[2014.12.13-21.24.12:339][  3]LogModuleManager: Shutting down and abandoning module WindowsTargetPlatform (24)
[2014.12.13-21.24.12:339][  3]LogModuleManager: Shutting down and abandoning module WindowsServerTargetPlatform (23)
[2014.12.13-21.24.12:339][  3]LogModuleManager: Shutting down and abandoning module WindowsNoEditorTargetPlatform (22)
[2014.12.13-21.24.12:339][  3]LogModuleManager: Shutting down and abandoning module WindowsClientTargetPlatform (21)
[2014.12.13-21.24.12:339][  3]LogModuleManager: Shutting down and abandoning module TargetPlatform (20)
[2014.12.13-21.24.12:339][  3]LogModuleManager: Shutting down and abandoning module InputCore (19)
[2014.12.13-21.24.12:339][  3]LogModuleManager: Shutting down and abandoning module Settings (18)
[2014.12.13-21.24.12:339][  3]LogModuleManager: Shutting down and abandoning module ImageWrapper (17)
[2014.12.13-21.24.12:339][  3]LogModuleManager: Shutting down and abandoning module OculusRift (14)
[2014.12.13-21.24.12:339][  3]LogModuleManager: Shutting down and abandoning module ExampleDeviceProfileSelector (13)
[2014.12.13-21.24.12:339][  3]LogModuleManager: Shutting down and abandoning module TextureCompressor (12)
[2014.12.13-21.24.12:339][  3]LogModuleManager: Shutting down and abandoning module ShaderCore (11)
[2014.12.13-21.24.12:339][  3]LogModuleManager: Shutting down and abandoning module SlateRHIRenderer (10)
[2014.12.13-21.24.12:340][  3]LogModuleManager: Shutting down and abandoning module OpenGLDrv (9)
[2014.12.13-21.24.12:340][  3]LogModuleManager: Shutting down and abandoning module D3D11RHI (8)
[2014.12.13-21.24.12:340][  3]LogModuleManager: Shutting down and abandoning module Renderer (7)
[2014.12.13-21.24.12:340][  3]LogModuleManager: Shutting down and abandoning module Engine (6)
[2014.12.13-21.24.12:340][  3]LogModuleManager: Shutting down and abandoning module CoreUObject (5)
[2014.12.13-21.24.12:340][  3]LogModuleManager: Shutting down and abandoning module NetworkFile (4)
[2014.12.13-21.24.12:340][  3]LogModuleManager: Shutting down and abandoning module StreamingFile (3)
[2014.12.13-21.24.12:340][  3]LogModuleManager: Shutting down and abandoning module SandboxFile (2)
[2014.12.13-21.24.12:340][  3]LogModuleManager: Shutting down and abandoning module PakFile (1)
[2014.12.13-21.24.12:341][  3]LogExit: Exiting.
[2014.12.13-21.24.12:342][  3]Log file closed, 12/13/14 13:24:12
