Log file open, 11/18/14 23:23:57
LogInit:Display: Running engine for game: Trial_third_person
LogInit: Version: 4.5.1-2336687+++depot+UE4-Releases+4.5
LogInit: API Version: 2326478
LogInit: Compiled (64-bit): Oct 21 2014 22:32:40
LogInit: Compiled with Visual C++: 18.00.21005.01
LogInit: Build Configuration: Development
LogInit: Branch Name: ++depot+UE4-Releases+4.5
LogInit: Command line:  
LogInit: Base directory: C:/Program Files/Epic Games/4.5/Engine/Binaries/Win64/
LogInit: Rocket: 1
[2014.11.19-07.23.57:654][  0]LogTaskGraph: Started task graph with 3 named threads and 4 total threads.
[2014.11.19-07.23.57:689][  0]LogOnline:Warning: No default platform service specified for OnlineSubsystem
[2014.11.19-07.23.57:726][  0]LogInit: Presizing for 0 objects not considered by GC, pre-allocating 0 bytes.
[2014.11.19-07.23.57:737][  0]LogInit: Object subsystem initialized
[2014.11.19-07.23.57:740][  0]LogConsoleResponse:Warning: Skipping Unknown console variable: 'UIScaleRule = ShortestSide'
[2014.11.19-07.23.57:740][  0]LogConsoleResponse:Warning:   Found in ini file 'D:/Study-Session/Trial_third_person/Saved/Config/Windows/Engine.ini', in section '[/Script/Engine.RendererSettings]'
[2014.11.19-07.23.57:740][  0]LogConsoleResponse:Warning: Skipping Unknown console variable: 'UIScaleCurve = (EditorCurveData=(Keys=((Time=480.000000,Value=0.444000),(Time=720.000000,Value=0.666000),(Time=1080.000000,Value=1.000000),(Time=8640.000000,Value=8.000000))),ExternalCurve=None)'
[2014.11.19-07.23.57:740][  0]LogConsoleResponse:Warning:   Found in ini file 'D:/Study-Session/Trial_third_person/Saved/Config/Windows/Engine.ini', in section '[/Script/Engine.RendererSettings]'
[2014.11.19-07.23.57:741][  0]LogInit: Selected Device Profile: [Windows]
[2014.11.19-07.23.57:741][  0]LogInit: Applying CVar settings loaded from the selected device profile: [Windows]
[2014.11.19-07.23.57:752][  0]LogInit: Computer: ZEN-MATT
[2014.11.19-07.23.57:752][  0]LogInit: User: Matt
[2014.11.19-07.23.57:753][  0]LogInit: CPU Page size=4096, Cores=2
[2014.11.19-07.23.57:753][  0]LogInit: High frequency timer resolution =2.338593 MHz
[2014.11.19-07.23.57:753][  0]LogMemory: Memory total: Physical=3.9GB (4GB approx) Virtual=8192.0GB
[2014.11.19-07.23.57:753][  0]LogMemory: Platform Memory Stats for Windows
[2014.11.19-07.23.57:753][  0]LogMemory: Process Physical Memory: 63.88 MB used, 63.88 MB peak
[2014.11.19-07.23.57:753][  0]LogMemory: Process Virtual Memory: 39.46 MB used, 39.46 MB peak
[2014.11.19-07.23.57:753][  0]LogMemory: Physical Memory: 2209.26 MB used, 3981.98 MB total
[2014.11.19-07.23.57:753][  0]LogMemory: Virtual Memory: 269.29 MB used, 8388608.00 MB total
[2014.11.19-07.23.57:803][  0]LogD3D11RHI: Found D3D11 adapter 0: Intel(R) HD Graphics 4000 (Feature Level 11_0)
[2014.11.19-07.23.57:803][  0]LogD3D11RHI: Adapter has 64MB of dedicated video memory, 0MB of dedicated system memory, and 1632MB of shared system memory, 1 output[s]
[2014.11.19-07.23.57:803][  0]LogD3D11RHI: Chosen D3D11 Adapter Id = 0
[2014.11.19-07.23.57:810][  0]LogRHI: Texture pool is 616 MB (70% of 880 MB)
[2014.11.19-07.23.57:834][  0]LogD3D11RHI: Async texture creation enabled
[2014.11.19-07.23.57:886][  0]LogTextLocalizationManager: The requested culture ('en_US') has no localization data; parent culture's ('en') localization data will be used.
[2014.11.19-07.23.58:064][  0]LogContentStreaming: Texture pool size is 0.000000MB
[2014.11.19-07.24.04:145][  0]LogTargetPlatformManager:Display: Building Assets For Windows
[2014.11.19-07.24.04:787][  0]LogTargetPlatformManager:Display: Building Assets For Windows
[2014.11.19-07.24.04:877][  0]LogDerivedDataCache:Display: Max Cache Size: 512 MB
[2014.11.19-07.24.04:951][  0]LogDerivedDataCache: Loaded boot cache 0.07s 39MB C:/Users/Matt/AppData/Local/UnrealEngine/4.5/DerivedDataCache/Boot.ddc.
[2014.11.19-07.24.04:952][  0]LogDerivedDataCache:Display: Loaded Boot cache: C:/Users/Matt/AppData/Local/UnrealEngine/4.5/DerivedDataCache/Boot.ddc
[2014.11.19-07.24.04:952][  0]LogDerivedDataCache: FDerivedDataBackendGraph:  Pak pak cache file D:/Study-Session/Trial_third_person/DerivedDataCache/DDC.ddp not found, will not use a pak cache.
[2014.11.19-07.24.04:952][  0]LogDerivedDataCache: Unable to find inner node Pak for hierarchical cache Hierarchy.
[2014.11.19-07.24.05:033][  0]LogDerivedDataCache:Display: Pak cache opened for reading ../../../Engine/DerivedDataCache/DDC.ddp.
[2014.11.19-07.24.05:045][  0]LogDerivedDataCache: Using Local data cache path C:/Users/Matt/AppData/Local/UnrealEngine/Common/DerivedDataCache: Writable
[2014.11.19-07.24.05:302][  0]LogMeshUtilities: No automatic mesh reduction module available
[2014.11.19-07.24.05:302][  0]LogMeshUtilities: No automatic mesh merging module available
[2014.11.19-07.24.05:623][  0]LogLinker:Warning: Asset '../../../Engine/Content/Functions/Engine_MaterialFunctions02/Texturing/FlipBook.uasset' has been saved with empty engine version. The asset will be loaded but may be incompatible.
[2014.11.19-07.24.05:627][  0]LogLinker:Warning: Asset '../../../Engine/Content/Functions/Engine_MaterialFunctions02/ExampleContent/Textures/flipbook.uasset' has been saved with empty engine version. The asset will be loaded but may be incompatible.
[2014.11.19-07.24.05:876][  0]LogInit: WinSock: version 1.1 (2.2), MaxSocks=32767, MaxUdp=65467
[2014.11.19-07.24.07:303][  0]UdpMessaging: Initializing bridge on interface 0.0.0.0:0 to multicast group 230.0.0.1:6666.
[2014.11.19-07.24.07:571][  0]LogDirectoryWatcher:Warning: Failed to begin reading directory changes for D:/Study-Session/Trial_third_person/Binaries/Win64. Error: 0
[2014.11.19-07.24.07:776][  0]SourceControl: Info Source control is disabled
[2014.11.19-07.24.07:776][  0]SourceControl: Info Source control is disabled
[2014.11.19-07.24.07:790][  0]SourceControl: Info Source control is disabled
[2014.11.19-07.24.08:017][  0]LogObj: 22915 objects as part of root set at end of initial load.
[2014.11.19-07.24.08:017][  0]LogUObjectAllocator: 4803536 out of 0 bytes used by permanent object pool.
[2014.11.19-07.24.08:101][  0]LogEngine: Initializing Engine...
[2014.11.19-07.24.08:291][  0]LogInit: XAudio2 using 'Speakers (Realtek High Definition Audio)' : 2 channels at 48 kHz using 32 bits per sample (channel mask 0x3)
[2014.11.19-07.24.08:332][  0]LogInit: FAudioDevice initialized.
[2014.11.19-07.24.08:372][  0]LogAIModule: Creating AISystem for world NewWorld
[2014.11.19-07.24.08:413][  0]LogDerivedDataCache: Saved boot cache 0.04s 39MB C:/Users/Matt/AppData/Local/UnrealEngine/4.5/DerivedDataCache/Boot.ddc.
[2014.11.19-07.24.08:415][  0]LogInit: Texture streaming: Enabled
[2014.11.19-07.24.08:492][  0]LogInit: Transaction tracking system initialized
[2014.11.19-07.24.08:656][  0]BlueprintLog: New page: Editor Load
[2014.11.19-07.24.08:708][  0]LogAssetRegistry: FAssetRegistry took 0.0094 seconds to start up
[2014.11.19-07.24.08:708][  0]LogDirectoryWatcher:Warning: Failed to begin reading directory changes for ../../../Engine/Plugins/Experimental/CharacterAI/Content/. Error: 0
[2014.11.19-07.24.09:522][  0]LogTargetPlatformManager:Display: Building Assets For Windows
[2014.11.19-07.24.10:003][  0]LogTargetPlatformManager:Display: Building Assets For Windows
[2014.11.19-07.24.10:389][  0]LogConsoleResponse:Display: 
[2014.11.19-07.24.10:700][  0]SourceControl: Info Source control is disabled
[2014.11.19-07.24.10:700][  0]Cmd: MAP LOAD FILE="D:/Study-Session/Trial_third_person/Content/Maps/Example_Map.umap" TEMPLATE=0 SHOWPROGRESS=1
[2014.11.19-07.24.10:700][  0]LightingResults: New page: Lighting Build
[2014.11.19-07.24.10:719][  0]MapCheck: New page: Map Check
[2014.11.19-07.24.10:719][  0]LightingResults: New page: Lighting Build
[2014.11.19-07.24.10:749][  0]LogParticles: Destroying 0 GPU particle simulations for FXSystem 0x000000001C8C2840
[2014.11.19-07.24.11:057][  0]LogEditorServer: Finished looking for orphan Actors (0.000 secs)
[2014.11.19-07.24.11:058][  0]LogAIModule: Creating AISystem for world Example_Map
[2014.11.19-07.24.11:058][  0]Cmd: MAP CHECKDEP
[2014.11.19-07.24.11:058][  0]MapCheck: New page: Example_Map - Nov 18, 2014, 3:24:11 PM
[2014.11.19-07.24.11:223][  0]MapCheck: Info Map check complete: 0 Error(s), 0 Warning(s), took 164.218ms to complete.
[2014.11.19-07.24.11:223][  0]LogFileHelpers: Loading map 'Example_Map' took 0.523
[2014.11.19-07.24.11:318][  0]LogCollectionManager: Loaded 0 collections in 0.001479 seconds
[2014.11.19-07.24.11:492][  0]LogCrashTracker: Crashtracker disabled due to settings.
[2014.11.19-07.24.11:521][  0]LogUObjectGlobals:Warning: Failed to find object 'Class None.'
[2014.11.19-07.24.11:549][  0]LogLoad: Full Startup: 16.64 seconds (BP compile: 0.07 seconds)
[2014.11.19-07.24.11:894][  0]LogContentBrowser:Verbose: The content browser source was changed by the sources view to '/Game/StarterContent/Shapes'
[2014.11.19-07.24.12:075][  0]LogRenderer:Warning: Reallocating scene render targets to support 904x896.
[2014.11.19-07.24.13:786][  4]LogAssetRegistry: Asset discovery search completed in 5.0863 seconds
[2014.11.19-07.24.22:612][502]LogEditorViewport: Clicking on Actor (LMB): StaticMeshActor (Shape_Cube)
[2014.11.19-07.24.50:824][870]LogEditorViewport: Clicking on Actor (LMB): StaticMeshActor (MaterialSphere)
[2014.11.19-07.28.18:255][718]Cmd: OBJ SAVEPACKAGE PACKAGE="/Game/Maps/Example_Map" FILE="D:/Study-Session/Trial_third_person/Content/Maps/Example_Map.umap" SILENT=true AUTOSAVING=false KEEPDIRTY=false
[2014.11.19-07.28.18:607][718]LogSavePackage: Save=290.815033ms
[2014.11.19-07.28.18:607][718]LogSavePackage: Moving 'D:/Study-Session/Trial_third_person/Saved/Example_MapE032B2724504884C9BCD0F93EEC0DF79.tmp' to 'D:/Study-Session/Trial_third_person/Content/Maps/Example_Map.umap'
[2014.11.19-07.28.18:628][718]LogFileHelpers: Saving map 'Example_Map' took 0.564
[2014.11.19-07.28.21:126][786]LogPlayLevel: PIE:  No blueprints needed recompiling
[2014.11.19-07.28.21:126][786]PIE: New page: PIE session: Example_Map (Nov 18, 2014, 3:28:21 PM)
[2014.11.19-07.28.21:179][786]LogPlayLevel: PIE: StaticDuplicateObject took: (0.052449s)
[2014.11.19-07.28.21:180][786]LogPlayLevel: PIE: World Init took: (0.001136s)
[2014.11.19-07.28.21:180][786]LogPlayLevel: PIE: Created PIE world by copying editor world from /Game/Maps/Example_Map.Example_Map to /Game/Maps/UEDPIE_0_Example_Map.Example_Map (0.053928s)
[2014.11.19-07.28.21:638][786]LogWorld: Game class is 'MyGame_C'
[2014.11.19-07.28.21:640][786]LogAIModule: Creating AISystem for world Example_Map
[2014.11.19-07.28.21:641][786]LogWorld: Bringing World /Game/Maps/UEDPIE_0_Example_Map.Example_Map up for play (max tick rate 60) at 2014.11.18-23.28.21
[2014.11.19-07.28.21:641][786]LogWorld: Bringing up level for play took: 0.001484
[2014.11.19-07.28.21:645][786]PIE: Info Play in editor start time for /Game/Maps/UEDPIE_0_Example_Map 1.347
[2014.11.19-07.28.30:905][197]LogParticles: Destroying 0 GPU particle simulations for FXSystem 0x0000000012B047C0
[2014.11.19-07.28.31:169][204]Cmd: SELECT NONE
[2014.11.19-07.28.31:684][232]Cmd: SELECT NONE
[2014.11.19-07.28.32:831][299]LogEditorViewport: Clicking on Actor (LMB): StaticMeshActor (MaterialSphere_2)
[2014.11.19-07.28.33:383][323]LogEditorViewport: Clicking on Actor (LMB): StaticMeshActor (MaterialSphere)
[2014.11.19-07.28.37:270][503]Cmd: OBJ SAVEPACKAGE PACKAGE="/Game/Maps/Example_Map" FILE="D:/Study-Session/Trial_third_person/Content/Maps/Example_Map.umap" SILENT=true AUTOSAVING=false KEEPDIRTY=false
[2014.11.19-07.28.37:576][503]LogSavePackage: Save=257.817841ms
[2014.11.19-07.28.37:576][503]LogSavePackage: Moving 'D:/Study-Session/Trial_third_person/Saved/Example_MapED76C71D46AB5C9E50B5A7B5949B37B2.tmp' to 'D:/Study-Session/Trial_third_person/Content/Maps/Example_Map.umap'
[2014.11.19-07.28.37:596][503]LogFileHelpers: Saving map 'Example_Map' took 0.533
[2014.11.19-07.31.22:464][860]LogEditorViewport: Clicking on Actor (LMB): StaticMeshActor (Shape_Cube)
[2014.11.19-07.31.32:009][343]LogPropertyNode:Warning: UI Min (0.0) >= UI Max () for Ranged Numeric
[2014.11.19-07.32.03:695][831]LogWindows: LaunchURL http://docs.unrealengine.com/latest/INT/index.html
[2014.11.19-07.32.06:725][841]Cmd: SELECT NONE
[2014.11.19-07.32.07:766][901]LogEditorViewport: Clicking on Actor (LMB): StaticMeshActor (Shape_Cube)
[2014.11.19-07.32.09:250][958]Cmd: OBJ SAVEPACKAGE PACKAGE="/Game/Maps/Example_Map" FILE="D:/Study-Session/Trial_third_person/Content/Maps/Example_Map.umap" SILENT=true AUTOSAVING=false KEEPDIRTY=false
[2014.11.19-07.32.09:551][958]LogSavePackage: Save=248.473755ms
[2014.11.19-07.32.09:551][958]LogSavePackage: Moving 'D:/Study-Session/Trial_third_person/Saved/Example_MapF480F80C46F4D1E32E0988A7F9536ABE.tmp' to 'D:/Study-Session/Trial_third_person/Content/Maps/Example_Map.umap'
[2014.11.19-07.32.09:571][958]LogFileHelpers: Saving map 'Example_Map' took 0.547
[2014.11.19-07.32.10:129][984]LogPlayLevel: PIE:  No blueprints needed recompiling
[2014.11.19-07.32.10:130][984]PIE: New page: PIE session: Example_Map (Nov 18, 2014, 3:32:10 PM)
[2014.11.19-07.32.10:182][984]LogPlayLevel: PIE: StaticDuplicateObject took: (0.052265s)
[2014.11.19-07.32.10:183][984]LogPlayLevel: PIE: World Init took: (0.001161s)
[2014.11.19-07.32.10:184][984]LogPlayLevel: PIE: Created PIE world by copying editor world from /Game/Maps/Example_Map.Example_Map to /Game/Maps/UEDPIE_0_Example_Map.Example_Map (0.053801s)
[2014.11.19-07.32.10:217][984]LogWorld: Game class is 'MyGame_C'
[2014.11.19-07.32.10:218][984]LogAIModule: Creating AISystem for world Example_Map
[2014.11.19-07.32.10:220][984]LogWorld: Bringing World /Game/Maps/UEDPIE_0_Example_Map.Example_Map up for play (max tick rate 60) at 2014.11.18-23.32.10
[2014.11.19-07.32.10:220][984]LogWorld: Bringing up level for play took: 0.001371
[2014.11.19-07.32.10:222][984]PIE: Info Play in editor start time for /Game/Maps/UEDPIE_0_Example_Map -0.091
[2014.11.19-07.32.15:074][193]LogParticles: Destroying 0 GPU particle simulations for FXSystem 0x0000000012456DE0
[2014.11.19-07.32.16:688][262]LogPropertyNode:Warning: UI Min (0.0) >= UI Max () for Ranged Numeric
[2014.11.19-07.32.28:770][893]Cmd: OBJ SAVEPACKAGE PACKAGE="/Game/Maps/Example_Map" FILE="D:/Study-Session/Trial_third_person/Content/Maps/Example_Map.umap" SILENT=true AUTOSAVING=false KEEPDIRTY=false
[2014.11.19-07.32.29:090][893]LogSavePackage: Save=265.673431ms
[2014.11.19-07.32.29:090][893]LogSavePackage: Moving 'D:/Study-Session/Trial_third_person/Saved/Example_Map2D2553DB4FEF2C6FD00A799AAD26BABC.tmp' to 'D:/Study-Session/Trial_third_person/Content/Maps/Example_Map.umap'
[2014.11.19-07.32.29:112][893]LogFileHelpers: Saving map 'Example_Map' took 0.588
[2014.11.19-07.32.29:997][931]LogPlayLevel: PIE:  No blueprints needed recompiling
[2014.11.19-07.32.29:997][931]PIE: New page: PIE session: Example_Map (Nov 18, 2014, 3:32:29 PM)
[2014.11.19-07.32.30:058][931]LogPlayLevel: PIE: StaticDuplicateObject took: (0.060327s)
[2014.11.19-07.32.30:059][931]LogPlayLevel: PIE: World Init took: (0.001087s)
[2014.11.19-07.32.30:059][931]LogPlayLevel: PIE: Created PIE world by copying editor world from /Game/Maps/Example_Map.Example_Map to /Game/Maps/UEDPIE_0_Example_Map.Example_Map (0.061774s)
[2014.11.19-07.32.30:092][931]LogWorld: Game class is 'MyGame_C'
[2014.11.19-07.32.30:093][931]LogAIModule: Creating AISystem for world Example_Map
[2014.11.19-07.32.30:095][931]LogWorld: Bringing World /Game/Maps/UEDPIE_0_Example_Map.Example_Map up for play (max tick rate 60) at 2014.11.18-23.32.30
[2014.11.19-07.32.30:095][931]LogWorld: Bringing up level for play took: 0.001436
[2014.11.19-07.32.30:098][931]PIE: Info Play in editor start time for /Game/Maps/UEDPIE_0_Example_Map -0.216
[2014.11.19-07.33.03:810][268]LogParticles: Destroying 0 GPU particle simulations for FXSystem 0x00000000115016C0
[2014.11.19-07.33.04:890][305]LogPropertyNode:Warning: UI Min (0.0) >= UI Max () for Ranged Numeric
[2014.11.19-07.33.45:669][116]Cmd: OBJ SAVEPACKAGE PACKAGE="/Game/Maps/Example_Map" FILE="D:/Study-Session/Trial_third_person/Content/Maps/Example_Map.umap" SILENT=true AUTOSAVING=false KEEPDIRTY=false
[2014.11.19-07.33.46:009][116]LogSavePackage: Save=278.641479ms
[2014.11.19-07.33.46:009][116]LogSavePackage: Moving 'D:/Study-Session/Trial_third_person/Saved/Example_Map957D14144DDE3CB7A8C80F800E0BA527.tmp' to 'D:/Study-Session/Trial_third_person/Content/Maps/Example_Map.umap'
[2014.11.19-07.33.46:031][116]LogFileHelpers: Saving map 'Example_Map' took 0.591
[2014.11.19-07.33.46:415][134]LogPlayLevel: PIE:  No blueprints needed recompiling
[2014.11.19-07.33.46:415][134]PIE: New page: PIE session: Example_Map (Nov 18, 2014, 3:33:46 PM)
[2014.11.19-07.33.46:475][134]LogPlayLevel: PIE: StaticDuplicateObject took: (0.060108s)
[2014.11.19-07.33.46:477][134]LogPlayLevel: PIE: World Init took: (0.001291s)
[2014.11.19-07.33.46:477][134]LogPlayLevel: PIE: Created PIE world by copying editor world from /Game/Maps/Example_Map.Example_Map to /Game/Maps/UEDPIE_0_Example_Map.Example_Map (0.061747s)
[2014.11.19-07.33.46:511][134]LogWorld: Game class is 'MyGame_C'
[2014.11.19-07.33.46:512][134]LogAIModule: Creating AISystem for world Example_Map
[2014.11.19-07.33.46:513][134]LogWorld: Bringing World /Game/Maps/UEDPIE_0_Example_Map.Example_Map up for play (max tick rate 60) at 2014.11.18-23.33.46
[2014.11.19-07.33.46:513][134]LogWorld: Bringing up level for play took: 0.001346
[2014.11.19-07.33.46:516][134]PIE: Info Play in editor start time for /Game/Maps/UEDPIE_0_Example_Map 0.196
[2014.11.19-07.33.59:483][659]LogParticles: Destroying 0 GPU particle simulations for FXSystem 0x0000000011711300
[2014.11.19-07.34.01:758][748]LogPropertyNode:Warning: UI Min (0.0) >= UI Max () for Ranged Numeric
[2014.11.19-07.34.10:471][166]Cmd: OBJ SAVEPACKAGE PACKAGE="/Game/Maps/Example_Map" FILE="D:/Study-Session/Trial_third_person/Content/Maps/Example_Map.umap" SILENT=true AUTOSAVING=false KEEPDIRTY=false
[2014.11.19-07.34.10:826][166]LogSavePackage: Save=295.285248ms
[2014.11.19-07.34.10:826][166]LogSavePackage: Moving 'D:/Study-Session/Trial_third_person/Saved/Example_Map695036E24E71F045AA06CCA97E4FF24E.tmp' to 'D:/Study-Session/Trial_third_person/Content/Maps/Example_Map.umap'
[2014.11.19-07.34.10:852][166]LogFileHelpers: Saving map 'Example_Map' took 0.597
[2014.11.19-07.34.12:841][260]LogPlayLevel: PIE:  No blueprints needed recompiling
[2014.11.19-07.34.12:841][260]PIE: New page: PIE session: Example_Map (Nov 18, 2014, 3:34:12 PM)
[2014.11.19-07.34.12:907][260]LogPlayLevel: PIE: StaticDuplicateObject took: (0.065824s)
[2014.11.19-07.34.12:908][260]LogPlayLevel: PIE: World Init took: (0.001202s)
[2014.11.19-07.34.12:909][260]LogPlayLevel: PIE: Created PIE world by copying editor world from /Game/Maps/Example_Map.Example_Map to /Game/Maps/UEDPIE_0_Example_Map.Example_Map (0.067399s)
[2014.11.19-07.34.12:944][260]LogWorld: Game class is 'MyGame_C'
[2014.11.19-07.34.12:945][260]LogAIModule: Creating AISystem for world Example_Map
[2014.11.19-07.34.12:947][260]LogWorld: Bringing World /Game/Maps/UEDPIE_0_Example_Map.Example_Map up for play (max tick rate 60) at 2014.11.18-23.34.12
[2014.11.19-07.34.12:947][260]LogWorld: Bringing up level for play took: 0.001966
[2014.11.19-07.34.12:951][260]PIE: Info Play in editor start time for /Game/Maps/UEDPIE_0_Example_Map 0.63
[2014.11.19-07.34.30:309][937]LogParticles: Destroying 0 GPU particle simulations for FXSystem 0x000000001139C180
[2014.11.19-07.34.38:008][228]Cmd: OBJ SAVEPACKAGE PACKAGE="/Game/Maps/Example_Map" FILE="D:/Study-Session/Trial_third_person/Content/Maps/Example_Map.umap" SILENT=true AUTOSAVING=false KEEPDIRTY=false
[2014.11.19-07.34.38:371][228]LogSavePackage: Save=305.533722ms
[2014.11.19-07.34.38:371][228]LogSavePackage: Moving 'D:/Study-Session/Trial_third_person/Saved/Example_MapA58AD1114CEB33FCEA02FBA4B362B3D0.tmp' to 'D:/Study-Session/Trial_third_person/Content/Maps/Example_Map.umap'
[2014.11.19-07.34.38:393][228]LogFileHelpers: Saving map 'Example_Map' took 0.621
[2014.11.19-07.34.39:336][273]LogPlayLevel: PIE:  No blueprints needed recompiling
[2014.11.19-07.34.39:336][273]PIE: New page: PIE session: Example_Map (Nov 18, 2014, 3:34:39 PM)
[2014.11.19-07.34.39:401][273]LogPlayLevel: PIE: StaticDuplicateObject took: (0.065006s)
[2014.11.19-07.34.39:403][273]LogPlayLevel: PIE: World Init took: (0.001500s)
[2014.11.19-07.34.39:403][273]LogPlayLevel: PIE: Created PIE world by copying editor world from /Game/Maps/Example_Map.Example_Map to /Game/Maps/UEDPIE_0_Example_Map.Example_Map (0.067104s)
[2014.11.19-07.34.39:438][273]LogWorld: Game class is 'MyGame_C'
[2014.11.19-07.34.39:440][273]LogAIModule: Creating AISystem for world Example_Map
[2014.11.19-07.34.39:441][273]LogWorld: Bringing World /Game/Maps/UEDPIE_0_Example_Map.Example_Map up for play (max tick rate 60) at 2014.11.18-23.34.39
[2014.11.19-07.34.39:441][273]LogWorld: Bringing up level for play took: 0.001802
[2014.11.19-07.34.39:445][273]PIE: Info Play in editor start time for /Game/Maps/UEDPIE_0_Example_Map -0.878
[2014.11.19-07.34.51:691][728]LogParticles: Destroying 0 GPU particle simulations for FXSystem 0x0000000012B04C20
[2014.11.19-07.34.56:983][921]Cmd: OBJ SAVEPACKAGE PACKAGE="/Game/Maps/Example_Map" FILE="D:/Study-Session/Trial_third_person/Content/Maps/Example_Map.umap" SILENT=true AUTOSAVING=false KEEPDIRTY=false
[2014.11.19-07.34.57:355][921]LogSavePackage: Save=310.070190ms
[2014.11.19-07.34.57:355][921]LogSavePackage: Moving 'D:/Study-Session/Trial_third_person/Saved/Example_Map806AE600441D38ABBEF4DA9E45897820.tmp' to 'D:/Study-Session/Trial_third_person/Content/Maps/Example_Map.umap'
[2014.11.19-07.34.57:381][921]LogFileHelpers: Saving map 'Example_Map' took 0.627
[2014.11.19-07.34.58:188][959]Cmd: SELECT NONE
[2014.11.19-07.34.59:550][ 37]LogPlayLevel: PIE:  No blueprints needed recompiling
[2014.11.19-07.34.59:550][ 37]PIE: New page: PIE session: Example_Map (Nov 18, 2014, 3:34:59 PM)
[2014.11.19-07.34.59:606][ 37]LogPlayLevel: PIE: StaticDuplicateObject took: (0.056217s)
[2014.11.19-07.34.59:608][ 37]LogPlayLevel: PIE: World Init took: (0.001194s)
[2014.11.19-07.34.59:608][ 37]LogPlayLevel: PIE: Created PIE world by copying editor world from /Game/Maps/Example_Map.Example_Map to /Game/Maps/UEDPIE_0_Example_Map.Example_Map (0.057760s)
[2014.11.19-07.34.59:641][ 37]LogWorld: Game class is 'MyGame_C'
[2014.11.19-07.34.59:642][ 37]LogAIModule: Creating AISystem for world Example_Map
[2014.11.19-07.34.59:643][ 37]LogWorld: Bringing World /Game/Maps/UEDPIE_0_Example_Map.Example_Map up for play (max tick rate 60) at 2014.11.18-23.34.59
[2014.11.19-07.34.59:644][ 37]LogWorld: Bringing up level for play took: 0.001434
[2014.11.19-07.34.59:647][ 37]PIE: Info Play in editor start time for /Game/Maps/UEDPIE_0_Example_Map -0.677
[2014.11.19-07.35.10:980][487]LogParticles: Destroying 0 GPU particle simulations for FXSystem 0x0000000018F5C720
[2014.11.19-07.35.13:561][622]LogEditorViewport: Clicking on Actor (LMB): StaticMeshActor (Shape_Cube)
[2014.11.19-07.35.14:984][678]LogPropertyNode:Warning: UI Min (0.0) >= UI Max () for Ranged Numeric
[2014.11.19-07.35.31:990][437]Cmd: OBJ SAVEPACKAGE PACKAGE="/Game/Maps/Example_Map" FILE="D:/Study-Session/Trial_third_person/Content/Maps/Example_Map.umap" SILENT=true AUTOSAVING=false KEEPDIRTY=false
[2014.11.19-07.35.32:354][437]LogSavePackage: Save=300.579437ms
[2014.11.19-07.35.32:354][437]LogSavePackage: Moving 'D:/Study-Session/Trial_third_person/Saved/Example_Map8525047741C020F6DEFAFDB49141C1F8.tmp' to 'D:/Study-Session/Trial_third_person/Content/Maps/Example_Map.umap'
[2014.11.19-07.35.32:373][437]LogFileHelpers: Saving map 'Example_Map' took 0.603
[2014.11.19-07.35.33:639][495]LogPlayLevel: PIE:  No blueprints needed recompiling
[2014.11.19-07.35.33:639][495]PIE: New page: PIE session: Example_Map (Nov 18, 2014, 3:35:33 PM)
[2014.11.19-07.35.33:701][495]LogPlayLevel: PIE: StaticDuplicateObject took: (0.061522s)
[2014.11.19-07.35.33:702][495]LogPlayLevel: PIE: World Init took: (0.001138s)
[2014.11.19-07.35.33:702][495]LogPlayLevel: PIE: Created PIE world by copying editor world from /Game/Maps/Example_Map.Example_Map to /Game/Maps/UEDPIE_0_Example_Map.Example_Map (0.063018s)
[2014.11.19-07.35.33:738][495]LogWorld: Game class is 'MyGame_C'
[2014.11.19-07.35.33:739][495]LogAIModule: Creating AISystem for world Example_Map
[2014.11.19-07.35.33:740][495]LogWorld: Bringing World /Game/Maps/UEDPIE_0_Example_Map.Example_Map up for play (max tick rate 60) at 2014.11.18-23.35.33
[2014.11.19-07.35.33:741][495]LogWorld: Bringing up level for play took: 0.001574
[2014.11.19-07.35.33:744][495]PIE: Info Play in editor start time for /Game/Maps/UEDPIE_0_Example_Map -0.583
[2014.11.19-07.35.49:315][ 84]LogParticles: Destroying 0 GPU particle simulations for FXSystem 0x0000000018F5D9E0
[2014.11.19-07.35.52:650][215]LogPropertyNode:Warning: UI Min (0.0) >= UI Max () for Ranged Numeric
[2014.11.19-07.36.38:204][403]Cmd: OBJ SAVEPACKAGE PACKAGE="/Game/Maps/Example_Map" FILE="D:/Study-Session/Trial_third_person/Content/Maps/Example_Map.umap" SILENT=true AUTOSAVING=false KEEPDIRTY=false
[2014.11.19-07.36.38:559][403]LogSavePackage: Save=299.655823ms
[2014.11.19-07.36.38:559][403]LogSavePackage: Moving 'D:/Study-Session/Trial_third_person/Saved/Example_Map7D05A912487BCB487251B8B460C70434.tmp' to 'D:/Study-Session/Trial_third_person/Content/Maps/Example_Map.umap'
[2014.11.19-07.36.38:586][403]LogFileHelpers: Saving map 'Example_Map' took 0.601
[2014.11.19-07.36.44:019][581]LogEditorViewport: Clicking on Actor (LMB): BP_Sky_Sphere_C (SkySphereBlueprint)
[2014.11.19-07.36.46:698][696]LogPlayLevel: PIE:  No blueprints needed recompiling
[2014.11.19-07.36.46:699][696]PIE: New page: PIE session: Example_Map (Nov 18, 2014, 3:36:46 PM)
[2014.11.19-07.36.46:756][696]LogPlayLevel: PIE: StaticDuplicateObject took: (0.057104s)
[2014.11.19-07.36.46:758][696]LogPlayLevel: PIE: World Init took: (0.001395s)
[2014.11.19-07.36.46:758][696]LogPlayLevel: PIE: Created PIE world by copying editor world from /Game/Maps/Example_Map.Example_Map to /Game/Maps/UEDPIE_0_Example_Map.Example_Map (0.058936s)
[2014.11.19-07.36.46:790][696]LogWorld: Game class is 'MyGame_C'
[2014.11.19-07.36.46:791][696]LogAIModule: Creating AISystem for world Example_Map
[2014.11.19-07.36.46:793][696]LogWorld: Bringing World /Game/Maps/UEDPIE_0_Example_Map.Example_Map up for play (max tick rate 60) at 2014.11.18-23.36.46
[2014.11.19-07.36.46:793][696]LogWorld: Bringing up level for play took: 0.001403
[2014.11.19-07.36.46:796][696]PIE: Info Play in editor start time for /Game/Maps/UEDPIE_0_Example_Map 0.464
[2014.11.19-07.36.54:911][ 18]LogBlueprintUserMessages: -446.94278
[2014.11.19-07.36.56:680][ 82]LogBlueprintUserMessages: -748.637207
[2014.11.19-07.36.57:292][101]LogParticles: Destroying 0 GPU particle simulations for FXSystem 0x0000000018F5F2E0
[2014.11.19-07.37.09:874][721]LogEditorViewport: Clicking on Actor (LMB): StaticMeshActor (Shape_Cube)
[2014.11.19-07.37.09:971][721]LogPropertyNode:Warning: UI Min (0.0) >= UI Max () for Ranged Numeric
[2014.11.19-07.37.18:785][126]LogPropertyNode:Warning: UI Min (0.0) >= UI Max () for Ranged Numeric
[2014.11.19-07.37.24:408][370]Cmd: OBJ SAVEPACKAGE PACKAGE="/Game/Maps/Example_Map" FILE="D:/Study-Session/Trial_third_person/Content/Maps/Example_Map.umap" SILENT=true AUTOSAVING=false KEEPDIRTY=false
[2014.11.19-07.37.24:745][370]LogSavePackage: Save=284.725037ms
[2014.11.19-07.37.24:745][370]LogSavePackage: Moving 'D:/Study-Session/Trial_third_person/Saved/Example_Map36A373A745028B28C355CFB0F3AF8882.tmp' to 'D:/Study-Session/Trial_third_person/Content/Maps/Example_Map.umap'
[2014.11.19-07.37.24:767][370]LogFileHelpers: Saving map 'Example_Map' took 0.566
[2014.11.19-07.38.05:346][563]LogPropertyNode:Warning: UI Min (0.0) >= UI Max () for Ranged Numeric
[2014.11.19-07.38.46:941][695]LogPropertyNode:Warning: UI Min (0.0) >= UI Max () for Ranged Numeric
[2014.11.19-07.39.24:670][707]LogPropertyNode:Warning: UI Min (0.0) >= UI Max () for Ranged Numeric
[2014.11.19-07.39.27:040][817]LogPropertyNode:Warning: UI Min (0.0) >= UI Max () for Ranged Numeric
[2014.11.19-07.39.35:610][200]LogPropertyNode:Warning: UI Min (0.0) >= UI Max () for Ranged Numeric
[2014.11.19-07.39.37:021][270]LogEditorViewport: Clicking on Actor (LMB): StaticMeshActor (Shape_Cube)
[2014.11.19-07.39.37:095][270]LogPropertyNode:Warning: UI Min (0.0) >= UI Max () for Ranged Numeric
[2014.11.19-07.39.38:460][342]Cmd: DELETE
[2014.11.19-07.39.38:460][342]Cmd: ACTOR DELETE
[2014.11.19-07.39.38:462][342]LogEditorActor: Deleted Actor: StaticMeshActor
[2014.11.19-07.39.38:510][342]LogEditorActor: Deleted 1 Actors (0.050 secs)
[2014.11.19-07.40.30:103][306]LogActorFactory: Actor Factory created Shape_Cube
[2014.11.19-07.40.30:925][324]LogActorFactory: Actor Factory created Shape_Cube
[2014.11.19-07.40.32:652][398]LogPropertyNode:Warning: UI Min (0.0) >= UI Max () for Ranged Numeric
[2014.11.19-07.40.44:333][ 22]LogPropertyNode:Warning: UI Min (0.0) >= UI Max () for Ranged Numeric
[2014.11.19-07.40.50:395][333]LogPropertyNode:Warning: UI Min (0.0) >= UI Max () for Ranged Numeric
[2014.11.19-07.40.51:917][405]LogPropertyNode:Warning: UI Min (0.0) >= UI Max () for Ranged Numeric
[2014.11.19-07.40.54:694][526]LogPropertyNode:Warning: UI Min (0.0) >= UI Max () for Ranged Numeric
[2014.11.19-07.41.17:231][731]LogPropertyNode:Warning: UI Min (0.0) >= UI Max () for Ranged Numeric
[2014.11.19-07.41.21:488][937]LogPropertyNode:Warning: UI Min (0.0) >= UI Max () for Ranged Numeric
[2014.11.19-07.41.28:540][311]LogPropertyNode:Warning: UI Min (0.0) >= UI Max () for Ranged Numeric
[2014.11.19-07.41.53:454][582]Cmd: OBJ SAVEPACKAGE PACKAGE="/Game/Maps/Example_Map" FILE="D:/Study-Session/Trial_third_person/Content/Maps/Example_Map.umap" SILENT=true AUTOSAVING=false KEEPDIRTY=false
[2014.11.19-07.41.53:827][582]LogSavePackage: Save=309.557922ms
[2014.11.19-07.41.53:827][582]LogSavePackage: Moving 'D:/Study-Session/Trial_third_person/Saved/Example_MapBBE2DF4641485622F441158FB59DE82D.tmp' to 'D:/Study-Session/Trial_third_person/Content/Maps/Example_Map.umap'
[2014.11.19-07.41.53:851][582]LogFileHelpers: Saving map 'Example_Map' took 0.608
[2014.11.19-07.41.56:307][701]LogPlayLevel: PIE:  No blueprints needed recompiling
[2014.11.19-07.41.56:308][701]PIE: New page: PIE session: Example_Map (Nov 18, 2014, 3:41:56 PM)
[2014.11.19-07.41.56:374][701]LogPlayLevel: PIE: StaticDuplicateObject took: (0.066074s)
[2014.11.19-07.41.56:375][701]LogPlayLevel: PIE: World Init took: (0.001447s)
[2014.11.19-07.41.56:376][701]LogPlayLevel: PIE: Created PIE world by copying editor world from /Game/Maps/Example_Map.Example_Map to /Game/Maps/UEDPIE_0_Example_Map.Example_Map (0.068214s)
[2014.11.19-07.41.56:410][701]LogWorld: Game class is 'MyGame_C'
[2014.11.19-07.41.56:411][701]LogAIModule: Creating AISystem for world Example_Map
[2014.11.19-07.41.56:413][701]LogWorld: Bringing World /Game/Maps/UEDPIE_0_Example_Map.Example_Map up for play (max tick rate 60) at 2014.11.18-23.41.56
[2014.11.19-07.41.56:413][701]LogWorld: Bringing up level for play took: 0.001574
[2014.11.19-07.41.56:415][701]PIE: Info Play in editor start time for /Game/Maps/UEDPIE_0_Example_Map 0.063
[2014.11.19-07.42.04:391][ 22]LogParticles: Destroying 0 GPU particle simulations for FXSystem 0x000000001133E340
[2014.11.19-07.42.07:882][149]Cmd: OBJ SAVEPACKAGE PACKAGE="/Game/Maps/Example_Map" FILE="D:/Study-Session/Trial_third_person/Content/Maps/Example_Map.umap" SILENT=true AUTOSAVING=false KEEPDIRTY=false
[2014.11.19-07.42.08:225][149]LogSavePackage: Save=287.487823ms
[2014.11.19-07.42.08:225][149]LogSavePackage: Moving 'D:/Study-Session/Trial_third_person/Saved/Example_Map2AE7FC3F495ED296BD6719B5FBCD6627.tmp' to 'D:/Study-Session/Trial_third_person/Content/Maps/Example_Map.umap'
[2014.11.19-07.42.08:248][149]LogFileHelpers: Saving map 'Example_Map' took 0.588
[2014.11.19-07.42.11:126][232]LogEditorViewport: Clicking on Actor (LMB): StaticMeshActor (Shape_Cube)
[2014.11.19-07.42.12:178][281]LogPlayLevel: PIE:  No blueprints needed recompiling
[2014.11.19-07.42.12:179][281]PIE: New page: PIE session: Example_Map (Nov 18, 2014, 3:42:12 PM)
[2014.11.19-07.42.12:235][281]LogPlayLevel: PIE: StaticDuplicateObject took: (0.055843s)
[2014.11.19-07.42.12:236][281]LogPlayLevel: PIE: World Init took: (0.001400s)
[2014.11.19-07.42.12:236][281]LogPlayLevel: PIE: Created PIE world by copying editor world from /Game/Maps/Example_Map.Example_Map to /Game/Maps/UEDPIE_0_Example_Map.Example_Map (0.057656s)
[2014.11.19-07.42.12:271][281]LogWorld: Game class is 'MyGame_C'
[2014.11.19-07.42.12:272][281]LogAIModule: Creating AISystem for world Example_Map
[2014.11.19-07.42.12:274][281]LogWorld: Bringing World /Game/Maps/UEDPIE_0_Example_Map.Example_Map up for play (max tick rate 60) at 2014.11.18-23.42.12
[2014.11.19-07.42.12:274][281]LogWorld: Bringing up level for play took: 0.001453
[2014.11.19-07.42.12:276][281]PIE: Info Play in editor start time for /Game/Maps/UEDPIE_0_Example_Map -0.076
[2014.11.19-07.42.34:050][111]LogParticles: Destroying 0 GPU particle simulations for FXSystem 0x0000000012B5FB00
[2014.11.19-07.42.39:729][265]Cmd: CAMERA ALIGN ACTIVEVIEWPORTONLY
[2014.11.19-07.42.39:730][265]Aligned camera to fit all selected actors.
[2014.11.19-07.42.42:593][378]Cmd: DELETE
[2014.11.19-07.42.42:593][378]Cmd: ACTOR DELETE
[2014.11.19-07.42.42:594][378]LogEditorActor: Deleted Actor: StaticMeshActor
[2014.11.19-07.42.42:640][378]LogEditorActor: Deleted 1 Actors (0.047 secs)
[2014.11.19-07.42.46:050][528]Cmd: OBJ SAVEPACKAGE PACKAGE="/Game/Maps/Example_Map" FILE="D:/Study-Session/Trial_third_person/Content/Maps/Example_Map.umap" SILENT=true AUTOSAVING=false KEEPDIRTY=false
[2014.11.19-07.42.46:450][528]LogSavePackage: Save=340.898560ms
[2014.11.19-07.42.46:451][528]LogSavePackage: Moving 'D:/Study-Session/Trial_third_person/Saved/Example_MapFFC766584966CDCD07EFF7A98C9CB9BF.tmp' to 'D:/Study-Session/Trial_third_person/Content/Maps/Example_Map.umap'
[2014.11.19-07.42.46:480][528]LogFileHelpers: Saving map 'Example_Map' took 0.656
[2014.11.19-07.47.48:670][742]Cmd: QUIT_EDITOR
[2014.11.19-07.47.49:118][742]LogExit: Preparing to exit.
[2014.11.19-07.47.49:521][742]LogExit: Editor shut down
[2014.11.19-07.47.49:522][742]LogExit: Transaction tracking system shut down
[2014.11.19-07.47.49:522][742]LogParticles: Destroying 0 GPU particle simulations for FXSystem 0x0000000012ACA660
[2014.11.19-07.47.49:549][742]LogParticles: Destroying 0 GPU particle simulations for FXSystem 0x0000000022AE6A20
[2014.11.19-07.47.49:549][742]LogParticles: Destroying 0 GPU particle simulations for FXSystem 0x00000000117E6DE0
[2014.11.19-07.47.49:549][742]LogExit: Object subsystem successfully closed.
[2014.11.19-07.47.49:650][742]LogModuleManager: Shutting down and abandoning module AndroidDeviceDetection (166)
[2014.11.19-07.47.49:650][742]LogModuleManager: Shutting down and abandoning module CrashTracker (165)
[2014.11.19-07.47.49:650][742]LogModuleManager: Shutting down and abandoning module SuperSearch (164)
[2014.11.19-07.47.49:650][742]LogModuleManager: Shutting down and abandoning module SceneOutliner (163)
[2014.11.19-07.47.49:650][742]LogModuleManager: Shutting down and abandoning module EditorWidgets (162)
[2014.11.19-07.47.49:650][742]LogModuleManager: Shutting down and abandoning module CollectionManager (161)
[2014.11.19-07.47.49:651][742]LogModuleManager: Shutting down and abandoning module StatsViewer (160)
[2014.11.19-07.47.49:651][742]LogModuleManager: Shutting down and abandoning module FoliageEdit (159)
[2014.11.19-07.47.49:651][742]LogModuleManager: Shutting down and abandoning module LandscapeEditor (158)
[2014.11.19-07.47.49:651][742]LogModuleManager: Shutting down and abandoning module MeshPaint (157)
[2014.11.19-07.47.49:651][742]LogModuleManager: Shutting down and abandoning module ActorPickerMode (156)
[2014.11.19-07.47.49:651][742]LogModuleManager: Shutting down and abandoning module GeometryMode (155)
[2014.11.19-07.47.49:651][742]LogModuleManager: Shutting down and abandoning module TextureAlignMode (154)
[2014.11.19-07.47.49:651][742]LogModuleManager: Shutting down and abandoning module BspMode (153)
[2014.11.19-07.47.49:651][742]LogModuleManager: Shutting down and abandoning module PlacementMode (152)
[2014.11.19-07.47.49:651][742]LogModuleManager: Shutting down and abandoning module AutomationWorker (151)
[2014.11.19-07.47.49:651][742]LogModuleManager: Shutting down and abandoning module CharacterAI (150)
[2014.11.19-07.47.49:651][742]LogModuleManager: Shutting down and abandoning module GameProjectGeneration (149)
[2014.11.19-07.47.49:651][742]LogModuleManager: Shutting down and abandoning module IntroTutorials (148)
[2014.11.19-07.47.49:651][742]LogModuleManager: Shutting down and abandoning module EditorLiveStreaming (147)
[2014.11.19-07.47.49:651][742]LogModuleManager: Shutting down and abandoning module HardwareTargeting (146)
[2014.11.19-07.47.49:651][742]LogModuleManager: Shutting down and abandoning module BehaviorTreeEditor (145)
[2014.11.19-07.47.49:651][742]LogModuleManager: Shutting down and abandoning module DeviceProfileEditor (144)
[2014.11.19-07.47.49:651][742]LogModuleManager: Shutting down and abandoning module UndoHistory (143)
[2014.11.19-07.47.49:651][742]LogModuleManager: Shutting down and abandoning module GameplayTagsEditor (142)
[2014.11.19-07.47.49:651][742]LogModuleManager: Shutting down and abandoning module UserFeedback (141)
[2014.11.19-07.47.49:651][742]LogModuleManager: Shutting down and abandoning module XmlParser (140)
[2014.11.19-07.47.49:651][742]LogModuleManager: Shutting down and abandoning module Blutility (139)
[2014.11.19-07.47.49:651][742]LogModuleManager: Shutting down and abandoning module IOSPlatformEditor (138)
[2014.11.19-07.47.49:651][742]LogModuleManager: Shutting down and abandoning module IOSRuntimeSettings (137)
[2014.11.19-07.47.49:651][742]LogModuleManager: Shutting down and abandoning module AndroidPlatformEditor (136)
[2014.11.19-07.47.49:651][742]LogModuleManager: Shutting down and abandoning module AndroidRuntimeSettings (135)
[2014.11.19-07.47.49:651][742]LogModuleManager: Shutting down and abandoning module ProjectTargetPlatformEditor (134)
[2014.11.19-07.47.49:652][742]LogModuleManager: Shutting down and abandoning module ProjectSettingsViewer (133)
[2014.11.19-07.47.49:652][742]LogModuleManager: Shutting down and abandoning module InputBindingEditor (132)
[2014.11.19-07.47.49:652][742]LogModuleManager: Shutting down and abandoning module EditorSettingsViewer (131)
[2014.11.19-07.47.49:652][742]LogModuleManager: Shutting down and abandoning module SettingsEditor (130)
[2014.11.19-07.47.49:652][742]LogModuleManager: Shutting down and abandoning module ProjectLauncher (129)
[2014.11.19-07.47.49:652][742]LogModuleManager: Shutting down and abandoning module SessionFrontend (128)
[2014.11.19-07.47.49:652][742]LogModuleManager: Shutting down and abandoning module ProfilerClient (127)
[2014.11.19-07.47.49:652][742]LogModuleManager: Shutting down and abandoning module TargetDeviceServices (126)
[2014.11.19-07.47.49:652][742]LogModuleManager: Shutting down and abandoning module DeviceManager (125)
[2014.11.19-07.47.49:652][742]LogModuleManager: Shutting down and abandoning module AutomationController (124)
[2014.11.19-07.47.49:652][742]LogModuleManager: Shutting down and abandoning module AutomationWindow (123)
[2014.11.19-07.47.49:652][742]LogModuleManager: Shutting down and abandoning module Layers (122)
[2014.11.19-07.47.49:652][742]LogModuleManager: Shutting down and abandoning module ComponentVisualizers (121)
[2014.11.19-07.47.49:652][742]LogModuleManager: Shutting down and abandoning module DetailCustomizations (120)
[2014.11.19-07.47.49:652][742]LogModuleManager: Shutting down and abandoning module PackagesDialog (119)
[2014.11.19-07.47.49:652][742]LogModuleManager: Shutting down and abandoning module AssetRegistry (118)
[2014.11.19-07.47.49:758][742]LogModuleManager: Shutting down and abandoning module Persona (117)
[2014.11.19-07.47.49:758][742]LogModuleManager: Shutting down and abandoning module Kismet (116)
[2014.11.19-07.47.49:758][742]LogModuleManager: Shutting down and abandoning module GraphEditor (115)
[2014.11.19-07.47.49:758][742]LogModuleManager: Shutting down and abandoning module ClassViewer (114)
[2014.11.19-07.47.49:758][742]LogModuleManager: Shutting down and abandoning module Toolbox (113)
[2014.11.19-07.47.49:758][742]LogModuleManager: Shutting down and abandoning module ModuleUI (112)
[2014.11.19-07.47.49:758][742]LogModuleManager: Shutting down and abandoning module MovieSceneTools (111)
[2014.11.19-07.47.49:758][742]LogModuleManager: Shutting down and abandoning module OutputLog (110)
[2014.11.19-07.47.49:758][742]LogModuleManager: Shutting down and abandoning module GammaUI (109)
[2014.11.19-07.47.49:758][742]LogModuleManager: Shutting down and abandoning module Documentation (108)
[2014.11.19-07.47.49:759][742]LogModuleManager: Shutting down and abandoning module GameLiveStreaming (107)
[2014.11.19-07.47.49:759][742]LogModuleManager: Shutting down and abandoning module StreamingPauseRendering (106)
[2014.11.19-07.47.49:759][742]LogModuleManager: Shutting down and abandoning module HTTP (105)
[2014.11.19-07.47.49:759][742]LogModuleManager: Shutting down and abandoning module AnalyticsET (104)
[2014.11.19-07.47.49:759][742]LogModuleManager: Shutting down and abandoning module Analytics (103)
[2014.11.19-07.47.49:759][742]LogModuleManager: Shutting down and abandoning module GameplayDebugger (102)
[2014.11.19-07.47.49:759][742]LogModuleManager: Shutting down and abandoning module AIModule (101)
[2014.11.19-07.47.49:759][742]LogModuleManager: Shutting down and abandoning module ProfilerService (100)
[2014.11.19-07.47.49:820][742]LogModuleManager: Shutting down and abandoning module TaskGraph (99)
[2014.11.19-07.47.49:820][742]LogModuleManager: Shutting down and abandoning module SlateRemote (98)
[2014.11.19-07.47.49:820][742]LogModuleManager: Shutting down and abandoning module ScriptEditorPlugin (97)
[2014.11.19-07.47.49:820][742]LogModuleManager: Shutting down and abandoning module CustomMeshComponent (96)
[2014.11.19-07.47.49:820][742]LogModuleManager: Shutting down and abandoning module CableComponent (95)
[2014.11.19-07.47.49:820][742]LogModuleManager: Shutting down and abandoning module MessagingDebugger (94)
[2014.11.19-07.47.49:820][742]LogModuleManager: Shutting down and abandoning module MediaPlayerEditor (93)
[2014.11.19-07.47.49:820][742]LogModuleManager: Shutting down and abandoning module SpeedTreeImporter (92)
[2014.11.19-07.47.49:820][742]LogModuleManager: Shutting down and abandoning module PluginsEditor (91)
[2014.11.19-07.47.49:820][742]LogModuleManager: Shutting down and abandoning module EpicSurvey (90)
[2014.11.19-07.47.49:820][742]LogModuleManager: Shutting down and abandoning module DesktopPlatform (89)
[2014.11.19-07.47.49:820][742]LogModuleManager: Shutting down and abandoning module VisualStudioSourceCodeAccess (88)
[2014.11.19-07.47.49:820][742]LogModuleManager: Shutting down and abandoning module UObjectPlugin (87)
[2014.11.19-07.47.49:820][742]LogModuleManager: Shutting down and abandoning module SubversionSourceControl (86)
[2014.11.19-07.47.49:820][742]LogModuleManager: Shutting down and abandoning module SourceControl (85)
[2014.11.19-07.47.49:820][742]LogModuleManager: Shutting down and abandoning module PerforceSourceControl (84)
[2014.11.19-07.47.49:820][742]LogModuleManager: Shutting down and abandoning module BlankPlugin (83)
[2014.11.19-07.47.49:820][742]LogModuleManager: Shutting down and abandoning module SlateReflector (82)
[2014.11.19-07.47.49:820][742]LogModuleManager: Shutting down and abandoning module DirectoryWatcher (81)
[2014.11.19-07.47.49:820][742]LogModuleManager: Shutting down and abandoning module HotReload (80)
[2014.11.19-07.47.49:820][742]LogModuleManager: Shutting down and abandoning module MainFrame (79)
[2014.11.19-07.47.49:820][742]LogModuleManager: Shutting down and abandoning module LevelEditor (78)
[2014.11.19-07.47.49:822][742]LogModuleManager: Shutting down and abandoning module ViewportSnapping (77)
[2014.11.19-07.47.49:822][742]LogModuleManager: Shutting down and abandoning module SmartSnapping (76)
[2014.11.19-07.47.49:822][742]LogModuleManager: Shutting down and abandoning module PaperTiledImporter (75)
[2014.11.19-07.47.49:822][742]LogModuleManager: Shutting down and abandoning module PaperJsonImporter (74)
[2014.11.19-07.47.49:822][742]LogModuleManager: Shutting down and abandoning module ContentBrowser (73)
[2014.11.19-07.47.49:822][742]LogModuleManager: Shutting down and abandoning module PropertyEditor (72)
[2014.11.19-07.47.49:822][742]LogModuleManager: Shutting down and abandoning module Paper2DEditor (71)
[2014.11.19-07.47.49:822][742]LogModuleManager: Shutting down and abandoning module ScriptPlugin (70)
[2014.11.19-07.47.49:822][742]LogModuleManager: Shutting down and abandoning module UdpMessaging (69)
[2014.11.19-07.47.49:922][742]LogModuleManager: Shutting down and abandoning module Paper2D (68)
[2014.11.19-07.47.49:922][742]LogModuleManager: Shutting down and abandoning module WindowsMoviePlayer (67)
[2014.11.19-07.47.49:924][742]LogModuleManager: Shutting down and abandoning module Media (66)
[2014.11.19-07.47.49:924][742]LogModuleManager: Shutting down and abandoning module WmfMedia (65)
[2014.11.19-07.47.49:925][742]LogModuleManager: Shutting down and abandoning module OnlineBlueprintSupport (64)
[2014.11.19-07.47.49:925][742]LogModuleManager: Shutting down and abandoning module FunctionalTesting (63)
[2014.11.19-07.47.49:925][742]LogModuleManager: Shutting down and abandoning module CollisionAnalyzer (62)
[2014.11.19-07.47.49:925][742]LogModuleManager: Shutting down and abandoning module WorkspaceMenuStructure (61)
[2014.11.19-07.47.49:925][742]LogModuleManager: Shutting down and abandoning module MessageLog (60)
[2014.11.19-07.47.49:925][742]LogModuleManager: Shutting down and abandoning module Sequencer (59)
[2014.11.19-07.47.49:925][742]LogModuleManager: Shutting down and abandoning module AssetTools (58)
[2014.11.19-07.47.49:925][742]LogModuleManager: Shutting down and abandoning module UMGEditor (57)
[2014.11.19-07.47.49:925][742]LogModuleManager: Shutting down and abandoning module UMG (56)
[2014.11.19-07.47.49:925][742]LogModuleManager: Shutting down and abandoning module Slate (55)
[2014.11.19-07.47.49:925][742]LogModuleManager: Shutting down and abandoning module EditorStyle (54)
[2014.11.19-07.47.49:927][742]LogModuleManager: Shutting down and abandoning module SessionServices (53)
[2014.11.19-07.47.49:927][742]LogModuleManager: Shutting down and abandoning module SourceCodeAccess (52)
[2014.11.19-07.47.49:927][742]LogModuleManager: Shutting down and abandoning module HeadMountedDisplay (51)
[2014.11.19-07.47.49:927][742]LogModuleManager: Shutting down and abandoning module XAudio2 (50)
[2014.11.19-07.47.49:927][742]LogModuleManager: Shutting down and abandoning module Networking (48)
[2014.11.19-07.47.49:927][742]LogModuleManager: Shutting down and abandoning module Core (47)
[2014.11.19-07.47.49:927][742]LogModuleManager: Shutting down and abandoning module KismetCompiler (46)
[2014.11.19-07.47.49:927][742]LogModuleManager: Shutting down and abandoning module PhysXFormats (45)
[2014.11.19-07.47.49:927][742]LogModuleManager: Shutting down and abandoning module MeshUtilities (44)
[2014.11.19-07.47.49:927][742]LogModuleManager: Shutting down and abandoning module DerivedDataCache (43)
[2014.11.19-07.47.50:026][742]LogDerivedDataCache: Shutdown
[2014.11.19-07.47.50:026][742]LogModuleManager: Shutting down and abandoning module ShaderFormatOpenGL (42)
[2014.11.19-07.47.50:026][742]LogModuleManager: Shutting down and abandoning module ShaderFormatD3D (41)
[2014.11.19-07.47.50:026][742]LogModuleManager: Shutting down and abandoning module MetalShaderFormat (40)
[2014.11.19-07.47.50:026][742]LogModuleManager: Shutting down and abandoning module TextureFormatUncompressed (39)
[2014.11.19-07.47.50:026][742]LogModuleManager: Shutting down and abandoning module TextureFormatPVR (38)
[2014.11.19-07.47.50:026][742]LogModuleManager: Shutting down and abandoning module TextureFormatDXT (37)
[2014.11.19-07.47.50:026][742]LogModuleManager: Shutting down and abandoning module TextureFormatAndroid (36)
[2014.11.19-07.47.50:026][742]LogModuleManager: Shutting down and abandoning module AudioFormatOpus (35)
[2014.11.19-07.47.50:026][742]LogModuleManager: Shutting down and abandoning module AudioFormatOgg (34)
[2014.11.19-07.47.50:026][742]LogModuleManager: Shutting down and abandoning module AudioFormatADPCM (33)
[2014.11.19-07.47.50:026][742]LogModuleManager: Shutting down and abandoning module Messaging (32)
[2014.11.19-07.47.50:026][742]LogModuleManager: Shutting down and abandoning module IOSTargetPlatform (31)
[2014.11.19-07.47.50:026][742]LogModuleManager: Shutting down and abandoning module Android_PVRTCTargetPlatform (30)
[2014.11.19-07.47.50:026][742]LogModuleManager: Shutting down and abandoning module Android_ETC2TargetPlatform (29)
[2014.11.19-07.47.50:026][742]LogModuleManager: Shutting down and abandoning module Android_ETC1TargetPlatform (28)
[2014.11.19-07.47.50:026][742]LogModuleManager: Shutting down and abandoning module Android_DXTTargetPlatform (27)
[2014.11.19-07.47.50:026][742]LogModuleManager: Shutting down and abandoning module Android_ATCTargetPlatform (26)
[2014.11.19-07.47.50:026][742]LogModuleManager: Shutting down and abandoning module AndroidTargetPlatform (25)
[2014.11.19-07.47.50:026][742]LogModuleManager: Shutting down and abandoning module WindowsTargetPlatform (24)
[2014.11.19-07.47.50:026][742]LogModuleManager: Shutting down and abandoning module WindowsServerTargetPlatform (23)
[2014.11.19-07.47.50:026][742]LogModuleManager: Shutting down and abandoning module WindowsNoEditorTargetPlatform (22)
[2014.11.19-07.47.50:026][742]LogModuleManager: Shutting down and abandoning module WindowsClientTargetPlatform (21)
[2014.11.19-07.47.50:026][742]LogModuleManager: Shutting down and abandoning module TargetPlatform (20)
[2014.11.19-07.47.50:026][742]LogModuleManager: Shutting down and abandoning module InputCore (19)
[2014.11.19-07.47.50:026][742]LogModuleManager: Shutting down and abandoning module Settings (18)
[2014.11.19-07.47.50:026][742]LogModuleManager: Shutting down and abandoning module ImageWrapper (17)
[2014.11.19-07.47.50:026][742]LogModuleManager: Shutting down and abandoning module OculusRift (14)
[2014.11.19-07.47.50:026][742]LogModuleManager: Shutting down and abandoning module ExampleDeviceProfileSelector (13)
[2014.11.19-07.47.50:026][742]LogModuleManager: Shutting down and abandoning module TextureCompressor (12)
[2014.11.19-07.47.50:026][742]LogModuleManager: Shutting down and abandoning module ShaderCore (11)
[2014.11.19-07.47.50:026][742]LogModuleManager: Shutting down and abandoning module SlateRHIRenderer (10)
[2014.11.19-07.47.50:027][742]LogModuleManager: Shutting down and abandoning module OpenGLDrv (9)
[2014.11.19-07.47.50:027][742]LogModuleManager: Shutting down and abandoning module D3D11RHI (8)
[2014.11.19-07.47.50:027][742]LogModuleManager: Shutting down and abandoning module Renderer (7)
[2014.11.19-07.47.50:027][742]LogModuleManager: Shutting down and abandoning module Engine (6)
[2014.11.19-07.47.50:027][742]LogModuleManager: Shutting down and abandoning module CoreUObject (5)
[2014.11.19-07.47.50:027][742]LogModuleManager: Shutting down and abandoning module NetworkFile (4)
[2014.11.19-07.47.50:027][742]LogModuleManager: Shutting down and abandoning module StreamingFile (3)
[2014.11.19-07.47.50:027][742]LogModuleManager: Shutting down and abandoning module SandboxFile (2)
[2014.11.19-07.47.50:027][742]LogModuleManager: Shutting down and abandoning module PakFile (1)
[2014.11.19-07.47.50:028][742]LogExit: Exiting.
[2014.11.19-07.47.50:033][742]Log file closed, 11/18/14 23:47:50
