Log file open, 12/13/14 11:21:22
LogInit:Display: Running engine for game: Trial_third_person
LogInit: Version: 4.5.1-2336687+++depot+UE4-Releases+4.5
LogInit: API Version: 2326478
LogInit: Compiled (64-bit): Oct 21 2014 22:32:40
LogInit: Compiled with Visual C++: 18.00.21005.01
LogInit: Build Configuration: Development
LogInit: Branch Name: ++depot+UE4-Releases+4.5
LogInit: Command line:  
LogInit: Base directory: C:/Program Files/Epic Games/4.5/Engine/Binaries/Win64/
LogInit: Rocket: 1
[2014.12.13-19.21.22:198][  0]LogTaskGraph: Started task graph with 3 named threads and 4 total threads.
[2014.12.13-19.21.22:228][  0]LogOnline:Warning: No default platform service specified for OnlineSubsystem
[2014.12.13-19.21.22:251][  0]LogInit: Presizing for 0 objects not considered by GC, pre-allocating 0 bytes.
[2014.12.13-19.21.22:264][  0]LogInit: Object subsystem initialized
[2014.12.13-19.21.22:268][  0]LogConsoleResponse:Warning: Skipping Unknown console variable: 'UIScaleRule = ShortestSide'
[2014.12.13-19.21.22:268][  0]LogConsoleResponse:Warning:   Found in ini file 'C:/Users/Jeremy/Documents/GitHub/Study-Session/Trial_third_person/Saved/Config/Windows/Engine.ini', in section '[/Script/Engine.RendererSettings]'
[2014.12.13-19.21.22:268][  0]LogConsoleResponse:Warning: Skipping Unknown console variable: 'UIScaleCurve = (EditorCurveData=(Keys=((Time=480.000000,Value=0.444000),(Time=720.000000,Value=0.666000),(Time=1080.000000,Value=1.000000),(Time=8640.000000,Value=8.000000))),ExternalCurve=None)'
[2014.12.13-19.21.22:268][  0]LogConsoleResponse:Warning:   Found in ini file 'C:/Users/Jeremy/Documents/GitHub/Study-Session/Trial_third_person/Saved/Config/Windows/Engine.ini', in section '[/Script/Engine.RendererSettings]'
[2014.12.13-19.21.22:269][  0]LogInit: Selected Device Profile: [Windows]
[2014.12.13-19.21.22:269][  0]LogInit: Applying CVar settings loaded from the selected device profile: [Windows]
[2014.12.13-19.21.22:279][  0]LogInit: Computer: BRIANA-DESKTOP
[2014.12.13-19.21.22:279][  0]LogInit: User: Jeremy
[2014.12.13-19.21.22:280][  0]LogInit: CPU Page size=4096, Cores=4
[2014.12.13-19.21.22:280][  0]LogInit: High frequency timer resolution =14.318180 MHz
[2014.12.13-19.21.22:280][  0]LogMemory: Memory total: Physical=8.0GB (8GB approx) Virtual=8192.0GB
[2014.12.13-19.21.22:280][  0]LogMemory: Platform Memory Stats for Windows
[2014.12.13-19.21.22:280][  0]LogMemory: Process Physical Memory: 62.94 MB used, 62.94 MB peak
[2014.12.13-19.21.22:280][  0]LogMemory: Process Virtual Memory: 38.38 MB used, 38.38 MB peak
[2014.12.13-19.21.22:280][  0]LogMemory: Physical Memory: 1737.99 MB used, 8183.89 MB total
[2014.12.13-19.21.22:280][  0]LogMemory: Virtual Memory: 271.60 MB used, 8388608.00 MB total
[2014.12.13-19.21.22:324][  0]LogD3D11RHI: Found D3D11 adapter 0: NVIDIA GeForce GTX 550 Ti (Feature Level 11_0)
[2014.12.13-19.21.22:324][  0]LogD3D11RHI: Adapter has 977MB of dedicated video memory, 0MB of dedicated system memory, and 3071MB of shared system memory, 2 output[s]
[2014.12.13-19.21.22:324][  0]LogD3D11RHI: Chosen D3D11 Adapter Id = 0
[2014.12.13-19.21.22:332][  0]LogRHI: Texture pool is 684 MB (70% of 977 MB)
[2014.12.13-19.21.22:341][  0]LogD3D11RHI: Async texture creation enabled
[2014.12.13-19.21.22:390][  0]LogTextLocalizationManager: The requested culture ('en_US') has no localization data; parent culture's ('en') localization data will be used.
[2014.12.13-19.21.22:586][  0]LogContentStreaming: Texture pool size is 0.000000MB
[2014.12.13-19.21.28:530][  0]LogTargetPlatformManager:Display: Building Assets For Windows
[2014.12.13-19.21.29:102][  0]LogTargetPlatformManager:Display: Building Assets For Windows
[2014.12.13-19.21.29:166][  0]LogDerivedDataCache:Display: Max Cache Size: 512 MB
[2014.12.13-19.21.29:247][  0]LogDerivedDataCache: Loaded boot cache 0.08s 45MB C:/Users/Jeremy/AppData/Local/UnrealEngine/4.5/DerivedDataCache/Boot.ddc.
[2014.12.13-19.21.29:247][  0]LogDerivedDataCache:Display: Loaded Boot cache: C:/Users/Jeremy/AppData/Local/UnrealEngine/4.5/DerivedDataCache/Boot.ddc
[2014.12.13-19.21.29:248][  0]LogDerivedDataCache: FDerivedDataBackendGraph:  Pak pak cache file ../../../../../../Users/Jeremy/Documents/GitHub/Study-Session/Trial_third_person/DerivedDataCache/DDC.ddp not found, will not use a pak cache.
[2014.12.13-19.21.29:248][  0]LogDerivedDataCache: Unable to find inner node Pak for hierarchical cache Hierarchy.
[2014.12.13-19.21.29:329][  0]LogDerivedDataCache:Display: Pak cache opened for reading ../../../Engine/DerivedDataCache/DDC.ddp.
[2014.12.13-19.21.29:342][  0]LogDerivedDataCache: Using Local data cache path C:/Users/Jeremy/AppData/Local/UnrealEngine/Common/DerivedDataCache: Writable
[2014.12.13-19.21.29:575][  0]LogMeshUtilities: No automatic mesh reduction module available
[2014.12.13-19.21.29:575][  0]LogMeshUtilities: No automatic mesh merging module available
[2014.12.13-19.21.29:900][  0]LogLinker:Warning: Asset '../../../Engine/Content/Functions/Engine_MaterialFunctions02/Texturing/FlipBook.uasset' has been saved with empty engine version. The asset will be loaded but may be incompatible.
[2014.12.13-19.21.29:905][  0]LogLinker:Warning: Asset '../../../Engine/Content/Functions/Engine_MaterialFunctions02/ExampleContent/Textures/flipbook.uasset' has been saved with empty engine version. The asset will be loaded but may be incompatible.
[2014.12.13-19.21.30:134][  0]LogInit: WinSock: version 1.1 (2.2), MaxSocks=32767, MaxUdp=65467
[2014.12.13-19.21.31:079][  0]UdpMessaging: Initializing bridge on interface 0.0.0.0:0 to multicast group 230.0.0.1:6666.
[2014.12.13-19.21.31:256][  0]LogDirectoryWatcher:Warning: Failed to begin reading directory changes for C:/Users/Jeremy/Documents/GitHub/Study-Session/Trial_third_person/Binaries/Win64. Error: 0
[2014.12.13-19.21.31:415][  0]SourceControl: Info Source control is disabled
[2014.12.13-19.21.31:415][  0]SourceControl: Info Source control is disabled
[2014.12.13-19.21.31:422][  0]SourceControl: Info Source control is disabled
[2014.12.13-19.21.31:550][  0]LogObj: 22915 objects as part of root set at end of initial load.
[2014.12.13-19.21.31:550][  0]LogUObjectAllocator: 4803536 out of 0 bytes used by permanent object pool.
[2014.12.13-19.21.31:624][  0]LogEngine: Initializing Engine...
[2014.12.13-19.21.31:813][  0]LogInit: XAudio2 using 'Speakers (Realtek High Definition Audio)' : 2 channels at 48 kHz using 32 bits per sample (channel mask 0x3)
[2014.12.13-19.21.32:099][  0]LogInit: FAudioDevice initialized.
[2014.12.13-19.21.32:124][  0]LogAIModule: Creating AISystem for world NewWorld
[2014.12.13-19.21.32:165][  0]LogDerivedDataCache: Saved boot cache 0.04s 45MB C:/Users/Jeremy/AppData/Local/UnrealEngine/4.5/DerivedDataCache/Boot.ddc.
[2014.12.13-19.21.32:179][  0]LogInit: Texture streaming: Enabled
[2014.12.13-19.21.32:226][  0]LogInit: Transaction tracking system initialized
[2014.12.13-19.21.32:326][  0]BlueprintLog: New page: Editor Load
[2014.12.13-19.21.32:356][  0]LogAssetRegistry: FAssetRegistry took 0.0100 seconds to start up
[2014.12.13-19.21.32:356][  0]LogDirectoryWatcher:Warning: Failed to begin reading directory changes for ../../../Engine/Plugins/Experimental/CharacterAI/Content/. Error: 0
[2014.12.13-19.21.32:889][  0]LogTargetPlatformManager:Display: Building Assets For Windows
[2014.12.13-19.21.33:294][  0]LogTargetPlatformManager:Display: Building Assets For Windows
[2014.12.13-19.21.33:527][  0]LogConsoleResponse:Display: 
[2014.12.13-19.21.33:756][  0]SourceControl: Info Source control is disabled
[2014.12.13-19.21.33:756][  0]Cmd: MAP LOAD FILE="../../../../../../Users/Jeremy/Documents/GitHub/Study-Session/Trial_third_person/Content/Maps/Example_Map.umap" TEMPLATE=0 SHOWPROGRESS=1
[2014.12.13-19.21.33:756][  0]LightingResults: New page: Lighting Build
[2014.12.13-19.21.33:767][  0]MapCheck: New page: Map Check
[2014.12.13-19.21.33:767][  0]LightingResults: New page: Lighting Build
[2014.12.13-19.21.33:787][  0]LogParticles: Destroying 0 GPU particle simulations for FXSystem 0x00000000140A5A80
[2014.12.13-19.21.34:801][  0]LogEditorServer: Finished looking for orphan Actors (0.000 secs)
[2014.12.13-19.21.34:801][  0]LogAIModule: Creating AISystem for world Example_Map
[2014.12.13-19.21.34:802][  0]Cmd: MAP CHECKDEP
[2014.12.13-19.21.34:802][  0]MapCheck: New page: Example_Map - Dec 13, 2014, 3:21:34 AM
[2014.12.13-19.21.34:908][  0]MapCheck: Info Map check complete: 0 Error(s), 0 Warning(s), took 106.264ms to complete.
[2014.12.13-19.21.34:908][  0]LogFileHelpers: Loading map 'Example_Map' took 1.153
[2014.12.13-19.21.34:990][  0]LogCollectionManager: Loaded 0 collections in 0.001204 seconds
[2014.12.13-19.21.35:124][  0]LogCrashTracker: Crashtracker disabled due to settings.
[2014.12.13-19.21.35:159][  0]LogUObjectGlobals:Warning: Failed to find object 'Class None.'
[2014.12.13-19.21.35:187][  0]LogLoad: Full Startup: 15.41 seconds (BP compile: 0.46 seconds)
[2014.12.13-19.21.35:536][  0]LogContentBrowser:Verbose: The content browser source was changed by the sources view to '/Game/Maps'
[2014.12.13-19.21.35:735][  0]LogRenderer:Warning: Reallocating scene render targets to support 976x880.
[2014.12.13-19.21.37:230][  5]LogAssetRegistry: Asset discovery search completed in 4.8848 seconds
[2014.12.13-19.27.45:397][737]LogLinker:Warning: Can't find file '/Game/ArchVis/Materials/M_Shelving_Inst'
[2014.12.13-19.27.45:397][737]LogLinker:Warning: Can't find file for asset '/Game/ArchVis/Materials/M_Shelving_Inst' while loading ../../../../../../Users/Jeremy/Documents/GitHub/Study-Session/Trial_third_person/Content/StarterContent/Mesh/SM_Shelving.uasset.
[2014.12.13-19.27.45:397][737]LoadErrors:Error: Error /Game/StarterContent/Mesh/SM_Shelving : Can't find file for asset. /Game/ArchVis/Materials/M_Shelving_Inst
[2014.12.13-19.27.45:398][737]LogLinker:Warning: Can't find file '/Game/ArchVis/Materials/M_Shelving_Inst'
[2014.12.13-19.27.45:398][737]LogLinker:Warning: Can't find file for asset '/Game/ArchVis/Materials/M_Shelving_Inst' while loading ../../../../../../Users/Jeremy/Documents/GitHub/Study-Session/Trial_third_person/Content/StarterContent/Mesh/SM_Shelving.uasset.
[2014.12.13-19.27.45:509][737]LogLinker:Warning: Can't find file '/Game/ArchVis/Materials/M_Shelving_Inst'
[2014.12.13-19.27.45:509][737]LoadErrors: Info Failed to load /Game/ArchVis/Materials/M_Shelving_Inst.M_Shelving_Inst Referenced by SM_Shelving Property /Script/Engine.StaticMesh:Materials
[2014.12.13-19.27.45:510][737]LogLinker:Warning: Can't find file for asset '/Game/ArchVis/Materials/M_Shelving_Inst' while loading NULL.
[2014.12.13-19.27.45:955][737]LogTexture:Display: Building textures: HQ_Lightmap0_10 (AutoDXT)
[2014.12.13-19.27.45:991][737]LogTexture:Display: Building textures: HQ_Lightmap1_2 (AutoDXT)
[2014.12.13-19.27.46:229][737]LogTexture:Display: Building textures: HQ_Lightmap1_3 (AutoDXT)
[2014.12.13-19.27.46:586][737]LogTexture:Display: Building textures: HQ_Lightmap1_4 (AutoDXT)
[2014.12.13-19.27.46:701][737]LogTexture:Display: Building textures: HQ_Lightmap1_5 (AutoDXT)
[2014.12.13-19.27.46:802][737]LogTexture:Display: Building textures: HQ_Lightmap1_6 (AutoDXT)
[2014.12.13-19.27.47:008][737]LogTexture:Display: Building textures: HQ_Lightmap1_7 (AutoDXT)
[2014.12.13-19.27.47:168][737]LogTexture:Display: Building textures: HQ_Lightmap1_8 (AutoDXT)
[2014.12.13-19.27.47:209][737]LogTexture:Display: Building textures: HQ_Lightmap1_9 (AutoDXT)
[2014.12.13-19.27.47:246][737]LogTexture:Display: Building textures: LQ_Lightmap_0_10 (DXT1)
[2014.12.13-19.27.47:273][737]LogTexture:Display: Building textures: LQ_Lightmap_1_2 (DXT1)
[2014.12.13-19.27.47:419][737]LogTexture:Display: Building textures: LQ_Lightmap_1_3 (DXT1)
[2014.12.13-19.27.47:627][737]LogTexture:Display: Building textures: LQ_Lightmap_1_4 (DXT1)
[2014.12.13-19.27.47:691][737]LogTexture:Display: Building textures: LQ_Lightmap_1_5 (DXT1)
[2014.12.13-19.27.47:747][737]LogTexture:Display: Building textures: LQ_Lightmap_1_6 (DXT1)
[2014.12.13-19.27.47:872][737]LogTexture:Display: Building textures: LQ_Lightmap_1_7 (DXT1)
[2014.12.13-19.27.47:930][737]LogTexture:Display: Building textures: LQ_Lightmap_1_8 (DXT1)
[2014.12.13-19.27.47:951][737]LogTexture:Display: Building textures: LQ_Lightmap_1_9 (DXT1)
[2014.12.13-19.27.47:975][737]LogTexture:Display: Building textures: ShadowMapTexture2D_13 (BGRA8)
[2014.12.13-19.27.47:991][737]LogTexture:Display: Building textures: ShadowMapTexture2D_14 (BGRA8)
[2014.12.13-19.27.48:008][737]LogTexture:Display: Building textures: ShadowMapTexture2D_15 (BGRA8)
[2014.12.13-19.27.48:024][737]LogTexture:Display: Building textures: ShadowMapTexture2D_16 (BGRA8)
[2014.12.13-19.27.48:039][737]LogTexture:Display: Building textures: ShadowMapTexture2D_17 (BGRA8)
[2014.12.13-19.27.48:046][737]LogTexture:Display: Building textures: ShadowMapTexture2D_18 (BGRA8)
[2014.12.13-19.27.48:177][737]Cmd: MAP LOAD FILE="../../../../../../Users/Jeremy/Documents/GitHub/Study-Session/Trial_third_person/Content/Maps/Mansion.umap" TEMPLATE=0 SHOWPROGRESS=1
[2014.12.13-19.27.48:177][737]LightingResults: New page: Lighting Build
[2014.12.13-19.27.48:222][737]LoadErrors: New page: Loading map: Mansion.umap
[2014.12.13-19.27.48:223][737]MapCheck: New page: Map Check
[2014.12.13-19.27.48:223][737]LightingResults: New page: Lighting Build
[2014.12.13-19.27.48:252][737]LogParticles: Destroying 0 GPU particle simulations for FXSystem 0x000000000DC7B600
[2014.12.13-19.27.48:276][737]LogEditorServer: Finished looking for orphan Actors (0.000 secs)
[2014.12.13-19.27.48:277][737]LogAIModule: Creating AISystem for world Mansion
[2014.12.13-19.27.48:333][737]Cmd: MAP CHECKDEP
[2014.12.13-19.27.48:334][737]MapCheck: New page: Mansion - Dec 13, 2014, 3:27:48 AM
[2014.12.13-19.27.49:279][737]MapCheck: Info Map check complete: 0 Error(s), 0 Warning(s), took 945.94ms to complete.
[2014.12.13-19.27.49:280][737]LogFileHelpers: Loading map 'Mansion' took 1.105
[2014.12.13-19.27.54:150][161]MapCheck: New page: Map Check
[2014.12.13-19.27.54:188][161]Cmd: MAP REBUILD ALLVISIBLE
[2014.12.13-19.27.54:188][161]LogEditorServer: Rebuildmap Clear paths rebuilt
[2014.12.13-19.27.54:333][161]LightingResults: New page: Lighting Build - Dec 13, 2014, 3:27:54 AM
[2014.12.13-19.27.59:103][161]LogStaticLightingSystem: Running Lightmass w/ ImmediateImport mode ENABLED
[2014.12.13-19.27.59:103][161]LogStaticLightingSystem: Running Lightmass w/ ImmediateProcess mode ENABLED
[2014.12.13-19.27.59:103][161]LogStaticLightingSystem: Running Lightmass w/ Sorting mode ENABLED
[2014.12.13-19.27.59:103][161]LogStaticLightingSystem: Running Lightmass w/ Mapping paddings ENABLED
[2014.12.13-19.27.59:103][161]LogStaticLightingSystem: Running Lightmass w/ Mapping debug paddings DISABLED
[2014.12.13-19.27.59:290][161]LogEditorBuildUtils: Build time 0:00:05
[2014.12.13-19.27.59:294][161]LogMaterial: Missing cached shader map for material FLightmassMaterialRenderer M_Wood_Pine, compiling.
[2014.12.13-19.27.59:314][161]LogMaterial: Missing cached shader map for material FLightmassMaterialRenderer M_Wood_Pine, compiling.
[2014.12.13-19.27.59:369][162]LogMaterial: Missing cached shader map for material FLightmassMaterialRenderer M_StatueGlass, compiling.
[2014.12.13-19.27.59:372][162]LogMaterial: Missing cached shader map for material FLightmassMaterialRenderer M_StatueGlass, compiling.
[2014.12.13-19.27.59:391][163]LogMaterial: Missing cached shader map for material FLightmassMaterialRenderer M_Statue, compiling.
[2014.12.13-19.27.59:395][163]LogMaterial: Missing cached shader map for material FLightmassMaterialRenderer M_Statue, compiling.
[2014.12.13-19.27.59:494][165]LogMaterial: Missing cached shader map for material FLightmassMaterialRenderer M_Brick_Clay_Beveled, compiling.
[2014.12.13-19.27.59:498][165]LogMaterial: Missing cached shader map for material FLightmassMaterialRenderer M_Brick_Clay_Beveled, compiling.
[2014.12.13-19.27.59:540][166]LogMaterial: Missing cached shader map for material FLightmassMaterialRenderer M_Concrete_Grime, compiling.
[2014.12.13-19.27.59:544][166]LogMaterial: Missing cached shader map for material FLightmassMaterialRenderer M_Concrete_Grime, compiling.
[2014.12.13-19.27.59:581][167]LogMaterial: Missing cached shader map for material FLightmassMaterialRenderer M_Rock_Basalt, compiling.
[2014.12.13-19.27.59:585][167]LogMaterial: Missing cached shader map for material FLightmassMaterialRenderer M_Rock_Basalt, compiling.
[2014.12.13-19.27.59:628][168]LogMaterial: Missing cached shader map for material FLightmassMaterialRenderer M_Rock_Marble_Polished, compiling.
[2014.12.13-19.27.59:631][168]LogMaterial: Missing cached shader map for material FLightmassMaterialRenderer M_Rock_Marble_Polished, compiling.
[2014.12.13-19.27.59:669][169]LogMaterial: Missing cached shader map for material FLightmassMaterialRenderer M_Rock_Sandstone, compiling.
[2014.12.13-19.27.59:672][169]LogMaterial: Missing cached shader map for material FLightmassMaterialRenderer M_Rock_Sandstone, compiling.
[2014.12.13-19.27.59:716][170]LogMaterial: Missing cached shader map for material FLightmassMaterialRenderer M_Metal_Rust, compiling.
[2014.12.13-19.27.59:720][170]LogMaterial: Missing cached shader map for material FLightmassMaterialRenderer M_Metal_Rust, compiling.
[2014.12.13-19.28.38:822][288]Job is a success!
[2014.12.13-19.28.40:275][289]LogTexture:Display: Building textures: HQ_Lightmap0_1 (AutoDXT)
[2014.12.13-19.28.40:755][289]LogTexture:Display: Building textures: LQ_Lightmap_0_9 (DXT1)
[2014.12.13-19.28.40:764][289]LogTexture:Display: Building textures: HQ_Lightmap0_9 (AutoDXT)
[2014.12.13-19.28.40:779][289]LogTexture:Display: Building textures: LQ_Lightmap_0_8 (DXT1)
[2014.12.13-19.28.40:826][289]LogTexture:Display: Building textures: HQ_Lightmap0_8 (AutoDXT)
[2014.12.13-19.28.40:948][289]LogTexture:Display: Building textures: LQ_Lightmap_0_7 (DXT1)
[2014.12.13-19.28.41:042][289]LogTexture:Display: Building textures: HQ_Lightmap0_7 (AutoDXT)
[2014.12.13-19.28.41:180][289]LogTexture:Display: Building textures: LQ_Lightmap_0_6 (DXT1)
[2014.12.13-19.28.41:297][289]LogTexture:Display: Building textures: HQ_Lightmap0_6 (AutoDXT)
[2014.12.13-19.28.41:459][289]LogTexture:Display: Building textures: LQ_Lightmap_0_5 (DXT1)
[2014.12.13-19.28.41:635][289]LogTexture:Display: Building textures: HQ_Lightmap0_5 (AutoDXT)
[2014.12.13-19.28.41:991][289]LogTexture:Display: Building textures: LQ_Lightmap_0_4 (DXT1)
[2014.12.13-19.28.42:099][289]LogTexture:Display: Building textures: HQ_Lightmap0_4 (AutoDXT)
[2014.12.13-19.28.42:392][289]LogTexture:Display: Building textures: LQ_Lightmap_0_3 (DXT1)
[2014.12.13-19.28.42:498][289]LogTexture:Display: Building textures: HQ_Lightmap0_3 (AutoDXT)
[2014.12.13-19.28.42:662][289]LogTexture:Display: Building textures: LQ_Lightmap_0_2 (DXT1)
[2014.12.13-19.28.42:778][289]LogTexture:Display: Building textures: HQ_Lightmap0_2 (AutoDXT)
[2014.12.13-19.28.42:996][289]LogTexture:Display: Building textures: LQ_Lightmap_0_1 (DXT1)
[2014.12.13-19.28.43:509][289]LogTexture:Display: Building textures: ShadowMapTexture2D_0 (BGRA8)
[2014.12.13-19.28.43:615][289]LogTexture:Display: Building textures: ShadowMapTexture2D_1 (BGRA8)
[2014.12.13-19.28.43:682][289]LogTexture:Display: Building textures: ShadowMapTexture2D_2 (BGRA8)
[2014.12.13-19.28.43:749][289]LogTexture:Display: Building textures: ShadowMapTexture2D_3 (BGRA8)
[2014.12.13-19.28.43:816][289]LogTexture:Display: Building textures: ShadowMapTexture2D_4 (BGRA8)
[2014.12.13-19.28.43:843][289]LogTexture:Display: Building textures: ShadowMapTexture2D_5 (BGRA8)
[2014.12.13-19.28.43:885][289]Lightmass on BRIANA-DESKTOP: 37.7 sec total, 521 ms importing, 83 ms setup, 2.20 sec photons, 34.6 sec processing, 0 ms extra exporting [268/268 mappings]. Threads: 2:18 min total, 1:26 min processing.
[2014.12.13-19.28.43:941][289]LogStaticLightingSystem:Warning: Illumination: 49.2 sec (4.09 sec encoding lightmaps)
[2014.12.13-19.28.43:941][289]LogStaticLightingSystem: Lightmap texture memory:  4.8 MB (3.4 MB streaming, 1.3 MB non-streaming), 18 textures
[2014.12.13-19.28.43:941][289]LogStaticLightingSystem: Shadowmap texture memory: 0.0 MB (0.0 MB streaming, 0.0 MB non-streaming), 6 textures
[2014.12.13-19.28.44:175][290]Cmd: MAP CHECK NOTIFYRESULTS
[2014.12.13-19.28.44:175][290]MapCheck: New page: Mansion - Dec 13, 2014, 3:28:44 AM
[2014.12.13-19.28.44:342][290]MapCheck: Info Map check complete: 0 Error(s), 0 Warning(s), took 167.399ms to complete.
[2014.12.13-19.30.08:794][ 12]LogSavePackage: Save=689.265442ms
[2014.12.13-19.30.08:794][ 12]LogSavePackage: Moving '../../../../../../Users/Jeremy/Documents/GitHub/Study-Session/Trial_third_person/Saved/Mansion04DDE5984B8F37F00A0C289C7F1262B2.tmp' to '../../../../../../Users/Jeremy/Documents/GitHub/Study-Session/Trial_third_person/Content/Maps/Mansion.umap'
[2014.12.13-19.30.09:199][ 31]LogTexture:Warning: Failed to stream mip data from the derived data cache for /Game/Maps/Mansion.HQ_Lightmap1_9. Streaming mips will be recached.
[2014.12.13-19.30.09:201][ 31]LogTexture:Display: Building textures: HQ_Lightmap1_9 (AutoDXT)
[2014.12.13-19.30.09:240][ 32]LogTexture:Warning: Failed to stream mip data from the derived data cache for /Game/Maps/Mansion.HQ_Lightmap0_10. Streaming mips will be recached.
[2014.12.13-19.30.09:243][ 32]LogTexture:Display: Building textures: HQ_Lightmap0_10 (AutoDXT)
[2014.12.13-19.30.09:250][ 32]LogTexture:Warning: Failed to stream mip data from the derived data cache for /Game/Maps/Mansion.HQ_Lightmap1_2. Streaming mips will be recached.
[2014.12.13-19.30.09:255][ 32]LogTexture:Display: Building textures: HQ_Lightmap1_2 (AutoDXT)
[2014.12.13-19.30.09:469][ 32]LogTexture:Warning: Failed to stream mip data from the derived data cache for /Game/Maps/Mansion.HQ_Lightmap1_3. Streaming mips will be recached.
[2014.12.13-19.30.09:473][ 32]LogTexture:Display: Building textures: HQ_Lightmap1_3 (AutoDXT)
[2014.12.13-19.30.09:816][ 32]LogTexture:Warning: Failed to stream mip data from the derived data cache for /Game/Maps/Mansion.HQ_Lightmap1_4. Streaming mips will be recached.
[2014.12.13-19.30.09:818][ 32]LogTexture:Display: Building textures: HQ_Lightmap1_4 (AutoDXT)
[2014.12.13-19.30.09:927][ 32]LogTexture:Warning: Failed to stream mip data from the derived data cache for /Game/Maps/Mansion.HQ_Lightmap1_5. Streaming mips will be recached.
[2014.12.13-19.30.09:929][ 32]LogTexture:Display: Building textures: HQ_Lightmap1_5 (AutoDXT)
[2014.12.13-19.30.10:003][ 32]LogTexture:Warning: Failed to stream mip data from the derived data cache for /Game/Maps/Mansion.HQ_Lightmap1_6. Streaming mips will be recached.
[2014.12.13-19.30.10:005][ 32]LogTexture:Display: Building textures: HQ_Lightmap1_6 (AutoDXT)
[2014.12.13-19.30.10:214][ 32]LogTexture:Warning: Failed to stream mip data from the derived data cache for /Game/Maps/Mansion.HQ_Lightmap1_7. Streaming mips will be recached.
[2014.12.13-19.30.10:215][ 32]LogTexture:Display: Building textures: HQ_Lightmap1_7 (AutoDXT)
[2014.12.13-19.30.10:371][ 32]LogTexture:Warning: Failed to stream mip data from the derived data cache for /Game/Maps/Mansion.HQ_Lightmap1_8. Streaming mips will be recached.
[2014.12.13-19.30.10:371][ 32]LogTexture:Display: Building textures: HQ_Lightmap1_8 (AutoDXT)
[2014.12.13-19.30.10:793][ 63]LogPlayLevel: PIE:  No blueprints needed recompiling
[2014.12.13-19.30.10:794][ 63]PIE: New page: PIE session: Mansion (Dec 13, 2014, 3:30:10 AM)
[2014.12.13-19.30.10:822][ 63]LogPlayLevel: PIE: StaticDuplicateObject took: (0.028002s)
[2014.12.13-19.30.10:823][ 63]LogPlayLevel: PIE: World Init took: (0.000902s)
[2014.12.13-19.30.10:823][ 63]LogPlayLevel: PIE: Created PIE world by copying editor world from /Game/Maps/Mansion.Mansion to /Game/Maps/UEDPIE_0_Mansion.Mansion (0.029153s)
[2014.12.13-19.30.10:898][ 63]LogWorld: Game class is 'MyGame_C'
[2014.12.13-19.30.10:902][ 63]LogAIModule: Creating AISystem for world Mansion
[2014.12.13-19.30.10:907][ 63]LogWorld: Bringing World /Game/Maps/UEDPIE_0_Mansion.Mansion up for play (max tick rate 0) at 2014.12.13-11.30.10
[2014.12.13-19.30.10:908][ 63]LogWorld: Bringing up level for play took: 0.006030
[2014.12.13-19.30.10:912][ 63]PIE: Info Play in editor start time for /Game/Maps/UEDPIE_0_Mansion -0.825
[2014.12.13-19.31.17:806][572]LogParticles: Destroying 0 GPU particle simulations for FXSystem 0x000000000D2F96C0
[2014.12.13-19.39.46:435][623]Cmd: MAP LOAD FILE="../../../../../../Users/Jeremy/Documents/GitHub/Study-Session/Trial_third_person/Content/Maps/StartMenuLevel.umap" TEMPLATE=0 SHOWPROGRESS=1
[2014.12.13-19.39.46:436][623]LightingResults: New page: Lighting Build
[2014.12.13-19.39.46:486][623]LoadErrors: New page: Loading map: StartMenuLevel.umap
[2014.12.13-19.39.46:489][623]MapCheck: New page: Map Check
[2014.12.13-19.39.46:489][623]LightingResults: New page: Lighting Build
[2014.12.13-19.39.46:534][623]LogParticles: Destroying 0 GPU particle simulations for FXSystem 0x000000000D6999E0
[2014.12.13-19.39.46:567][623]LogEditorServer: Finished looking for orphan Actors (0.000 secs)
[2014.12.13-19.39.46:567][623]LogAIModule: Creating AISystem for world StartMenuLevel
[2014.12.13-19.39.46:621][623]Cmd: MAP CHECKDEP
[2014.12.13-19.39.46:621][623]MapCheck: New page: StartMenuLevel - Dec 13, 2014, 3:39:46 AM
[2014.12.13-19.39.46:777][623]MapCheck: Info Map check complete: 0 Error(s), 0 Warning(s), took 156.229ms to complete.
[2014.12.13-19.39.46:777][623]LogFileHelpers: Loading map 'StartMenuLevel' took 0.345
[2014.12.13-19.44.03:221][760]Cmd: MAP LOAD FILE="../../../../../../Users/Jeremy/Documents/GitHub/Study-Session/Trial_third_person/Content/Maps/StartMenuLevel.umap" TEMPLATE=0 SHOWPROGRESS=1
[2014.12.13-19.44.03:222][760]LightingResults: New page: Lighting Build
[2014.12.13-19.44.03:268][760]LoadErrors: New page: Loading map: StartMenuLevel.umap
[2014.12.13-19.44.03:268][760]MapCheck: New page: Map Check
[2014.12.13-19.44.03:268][760]LightingResults: New page: Lighting Build
[2014.12.13-19.44.03:300][760]LogParticles: Destroying 0 GPU particle simulations for FXSystem 0x000000000D731C60
[2014.12.13-19.44.03:345][760]LogEditorServer: Finished looking for orphan Actors (0.000 secs)
[2014.12.13-19.44.03:345][760]LogAIModule: Creating AISystem for world StartMenuLevel
[2014.12.13-19.44.03:401][760]Cmd: MAP CHECKDEP
[2014.12.13-19.44.03:402][760]MapCheck: New page: StartMenuLevel - Dec 13, 2014, 3:44:03 AM
[2014.12.13-19.44.03:557][760]MapCheck: Info Map check complete: 0 Error(s), 0 Warning(s), took 155.127ms to complete.
[2014.12.13-19.44.03:557][760]LogFileHelpers: Loading map 'StartMenuLevel' took 0.338
[2014.12.13-19.44.04:638][830]BlueprintLog: New page: Pre-PIE auto-recompile
[2014.12.13-19.44.04:638][830]LogPlayLevel: [PIE] Compiling StartMenuLevel before PIE...
[2014.12.13-19.44.04:748][830]LogPlayLevel: PIE:  Blueprint regeneration took 110 ms (1 blueprints)
[2014.12.13-19.44.04:748][830]PIE: New page: PIE session: StartMenuLevel (Dec 13, 2014, 3:44:04 AM)
[2014.12.13-19.44.04:750][830]LogPlayLevel: PIE: StaticDuplicateObject took: (0.001489s)
[2014.12.13-19.44.04:751][830]LogPlayLevel: PIE: World Init took: (0.000921s)
[2014.12.13-19.44.04:751][830]LogPlayLevel: PIE: Created PIE world by copying editor world from /Game/Maps/StartMenuLevel.StartMenuLevel to /Game/Maps/UEDPIE_0_StartMenuLevel.StartMenuLevel (0.002603s)
[2014.12.13-19.44.04:782][830]LogWorld: Game class is 'MyGame_C'
[2014.12.13-19.44.04:786][830]LogAIModule: Creating AISystem for world StartMenuLevel
[2014.12.13-19.44.04:787][830]LogWorld: Bringing World /Game/Maps/UEDPIE_0_StartMenuLevel.StartMenuLevel up for play (max tick rate 0) at 2014.12.13-11.44.04
[2014.12.13-19.44.04:787][830]LogWorld: Bringing up level for play took: 0.000512
[2014.12.13-19.44.04:857][830]PIE: Info Play in editor start time for /Game/Maps/UEDPIE_0_StartMenuLevel 1.163
[2014.12.13-19.44.04:858][830]LogActor:Warning: MyCharacter_C_1 is outside the world bounds!
[2014.12.13-19.44.06:714][938]LogPackageName: SearchForPackageOnDisk took   0.077s to resolve School.umap
[2014.12.13-19.44.06:783][938]LogPackageName: SearchForPackageOnDisk took   0.068s to resolve School.umap
[2014.12.13-19.44.06:787][938]LogNet: Browse: /Game/Maps/School
[2014.12.13-19.44.06:788][938]LogLoad: LoadMap: /Game/Maps/School
[2014.12.13-19.44.06:857][938]LogParticles: Destroying 0 GPU particle simulations for FXSystem 0x000000000D7C8900
[2014.12.13-19.44.06:857][938]Cmd: MEM
[2014.12.13-19.44.06:961][938]LogMemory: Platform Memory Stats for Windows
[2014.12.13-19.44.06:961][938]LogMemory: Process Physical Memory: 622.19 MB used, 648.98 MB peak
[2014.12.13-19.44.06:961][938]LogMemory: Process Virtual Memory: 562.74 MB used, 589.05 MB peak
[2014.12.13-19.44.06:961][938]LogMemory: Physical Memory: 3060.62 MB used, 8183.89 MB total
[2014.12.13-19.44.06:961][938]LogMemory: Virtual Memory: 1497.69 MB used, 8388608.00 MB total
[2014.12.13-19.44.06:961][938]LogMemory: 
[2014.12.13-19.44.06:961][938]Allocator Stats for TBB: (not implemented)
[2014.12.13-19.44.06:991][938]LogLinker:Warning: Can't find file '/Game/ArchVis/Materials/MI_Couch_NOSSS_Mat_Inst'
[2014.12.13-19.44.06:992][938]LogLinker:Warning: Can't find file for asset '/Game/ArchVis/Materials/MI_Couch_NOSSS_Mat_Inst' while loading ../../../../../../Users/Jeremy/Documents/GitHub/Study-Session/Trial_third_person/Content/StarterContent/Mesh/SM_Couch_1seat.uasset.
[2014.12.13-19.44.06:992][938]LoadErrors:Error: Error /Game/StarterContent/Mesh/SM_Couch_1seat : Can't find file for asset. /Game/ArchVis/Materials/MI_Couch_NOSSS_Mat_Inst
[2014.12.13-19.44.06:992][938]LogLinker:Warning: Can't find file '/Game/ArchVis/Materials/MI_Couch_NOSSS_Mat_Inst'
[2014.12.13-19.44.06:992][938]LogLinker:Warning: Can't find file for asset '/Game/ArchVis/Materials/MI_Couch_NOSSS_Mat_Inst' while loading ../../../../../../Users/Jeremy/Documents/GitHub/Study-Session/Trial_third_person/Content/StarterContent/Mesh/SM_Couch_1seat.uasset.
[2014.12.13-19.44.07:040][938]LogLinker:Warning: Can't find file '/Game/ArchVis/Materials/MI_Couch_NOSSS_Mat_Inst'
[2014.12.13-19.44.07:041][938]LoadErrors: Info Failed to load /Game/ArchVis/Materials/MI_Couch_NOSSS_Mat_Inst.MI_Couch_NOSSS_Mat_Inst Referenced by SM_Couch_1seat Property /Script/Engine.StaticMesh:Materials
[2014.12.13-19.44.07:041][938]LogLinker:Warning: Can't find file for asset '/Game/ArchVis/Materials/MI_Couch_NOSSS_Mat_Inst' while loading NULL.
[2014.12.13-19.44.07:041][938]LogLinker:Warning: Can't find file '/Game/ArchVis/Materials/MI_Couch_NOSSS_Mat_Inst'
[2014.12.13-19.44.07:042][938]LogLinker:Warning: Can't find file for asset '/Game/ArchVis/Materials/MI_Couch_NOSSS_Mat_Inst' while loading NULL.
[2014.12.13-19.44.12:558][938]LogWorld: Game class is 'MyGame_C'
[2014.12.13-19.44.12:562][938]LogAIModule: Creating AISystem for world School
[2014.12.13-19.44.12:569][938]LogWorld: Bringing World /Game/Maps/UEDPIE_0_School.School up for play (max tick rate 0) at 2014.12.13-11.44.12
[2014.12.13-19.44.12:571][938]LogWorld: Bringing up level for play took: 0.008376
[2014.12.13-19.44.30:470][895]LogParticles: Destroying 0 GPU particle simulations for FXSystem 0x000000000D7C9580
[2014.12.13-19.44.32:627][ 97]BlueprintLog: New page: Pre-PIE auto-recompile
[2014.12.13-19.44.32:628][ 97]LogPlayLevel: [PIE] Compiling StartMenuLevel before PIE...
[2014.12.13-19.44.32:727][ 97]LogPlayLevel: PIE:  Blueprint regeneration took 99 ms (1 blueprints)
[2014.12.13-19.44.32:728][ 97]PIE: New page: PIE session: StartMenuLevel (Dec 13, 2014, 3:44:32 AM)
[2014.12.13-19.44.32:729][ 97]LogPlayLevel: PIE: StaticDuplicateObject took: (0.001042s)
[2014.12.13-19.44.32:730][ 97]LogPlayLevel: PIE: World Init took: (0.000869s)
[2014.12.13-19.44.32:730][ 97]LogPlayLevel: PIE: Created PIE world by copying editor world from /Game/Maps/StartMenuLevel.StartMenuLevel to /Game/Maps/UEDPIE_0_StartMenuLevel.StartMenuLevel (0.002081s)
[2014.12.13-19.44.32:763][ 97]LogWorld: Game class is 'MyGame_C'
[2014.12.13-19.44.32:768][ 97]LogAIModule: Creating AISystem for world StartMenuLevel
[2014.12.13-19.44.32:769][ 97]LogWorld: Bringing World /Game/Maps/UEDPIE_0_StartMenuLevel.StartMenuLevel up for play (max tick rate 0) at 2014.12.13-11.44.32
[2014.12.13-19.44.32:769][ 97]LogWorld: Bringing up level for play took: 0.000594
[2014.12.13-19.44.32:773][ 97]PIE: Info Play in editor start time for /Game/Maps/UEDPIE_0_StartMenuLevel 1.078
[2014.12.13-19.44.34:635][212]LogParticles: Destroying 0 GPU particle simulations for FXSystem 0x000000000D732160
[2014.12.13-19.45.37:980][179]LogContentBrowser:Verbose: The content browser source was changed by the sources view to '/Game/UMG'
[2014.12.13-19.45.41:430][555]LogContentBrowser:Verbose: The content browser source was changed by the sources view to '/Game/Maps'
[2014.12.13-19.45.42:280][637]LogContentBrowser:Verbose: The content browser source was changed by the sources view to '/Game/Blueprints'
[2014.12.13-19.45.46:725][911]LogContentBrowser:Verbose: The content browser source was changed by the sources view to '/Game/Character'
[2014.12.13-19.45.47:307][924]LogContentBrowser:Verbose: The content browser source was changed by the sources view to '/Game/Maps'
[2014.12.13-19.45.49:190][ 84]LogActorComponent: UnregisterComponent: (/Engine/Transient.CharacterMovementComponent_0) Not registered. Aborting.
[2014.12.13-19.45.49:190][ 84]LogActorComponent: UnregisterComponent: (/Engine/Transient.CharacterMovementComponent_1) Not registered. Aborting.
[2014.12.13-19.45.49:190][ 84]LogActorComponent: UnregisterComponent: (/Engine/Transient.PawnSensingComponent_0) Not registered. Aborting.
[2014.12.13-19.45.49:239][ 84]Cmd: MAP LOAD FILE="../../../../../../Users/Jeremy/Documents/GitHub/Study-Session/Trial_third_person/Content/Maps/StartMenuLevel.umap" TEMPLATE=0 SHOWPROGRESS=1
[2014.12.13-19.45.49:239][ 84]LightingResults: New page: Lighting Build
[2014.12.13-19.45.49:287][ 84]LoadErrors: New page: Loading map: StartMenuLevel.umap
[2014.12.13-19.45.49:287][ 84]MapCheck: New page: Map Check
[2014.12.13-19.45.49:287][ 84]LightingResults: New page: Lighting Build
[2014.12.13-19.45.49:321][ 84]LogParticles: Destroying 0 GPU particle simulations for FXSystem 0x000000000D699800
[2014.12.13-19.45.49:413][ 84]LogEditorServer: Finished looking for orphan Actors (0.000 secs)
[2014.12.13-19.45.49:413][ 84]LogAIModule: Creating AISystem for world StartMenuLevel
[2014.12.13-19.45.49:577][ 84]Cmd: MAP CHECKDEP
[2014.12.13-19.45.49:578][ 84]MapCheck: New page: StartMenuLevel - Dec 13, 2014, 3:45:49 AM
[2014.12.13-19.45.49:762][ 84]MapCheck: Info Map check complete: 0 Error(s), 0 Warning(s), took 183.786ms to complete.
[2014.12.13-19.45.49:762][ 84]LogFileHelpers: Loading map 'StartMenuLevel' took 0.526
[2014.12.13-19.46.11:133][431]LogContentBrowser:Verbose: The content browser source was changed by the sources view to '/Game/Animations'
[2014.12.13-19.46.12:446][486]LogContentBrowser:Verbose: The content browser source was changed by the sources view to '/Game'
[2014.12.13-19.47.40:250][  7]BlueprintLog: New page: Compile Start_Menu
[2014.12.13-19.47.40:487][  7]BlueprintEditorCompileResults: Info [1580.53] Compile of Start_Menu successful! [in 8 ms]
[2014.12.13-19.47.41:211][ 48]Cmd: OBJ SAVEPACKAGE PACKAGE="/Game/Start_Menu" FILE="../../../../../../Users/Jeremy/Documents/GitHub/Study-Session/Trial_third_person/Content/Start_Menu.uasset" SILENT=true
[2014.12.13-19.47.41:327][ 48]LogSavePackage: Save=24.314892ms
[2014.12.13-19.47.41:327][ 48]LogSavePackage: Moving '../../../../../../Users/Jeremy/Documents/GitHub/Study-Session/Trial_third_person/Saved/Start_Menu84BC706F4F5B3789B0D98A8D95139F1A.tmp' to '../../../../../../Users/Jeremy/Documents/GitHub/Study-Session/Trial_third_person/Content/Start_Menu.uasset'
[2014.12.13-19.48.33:425][505]LogSlate:Warning: GetFontFace failed to load or process 'Roboto-Regular'
[2014.12.13-19.48.33:425][505]LogSlate:Warning: GetFontFace failed to load or process 'Roboto-Regular'
[2014.12.13-19.48.33:425][505]LogSlate:Warning: GetFontFace failed to load or process 'Roboto-Regular'
[2014.12.13-19.48.33:425][505]LogSlate:Warning: GetFontFace failed to load or process 'Roboto-Regular'
[2014.12.13-19.48.33:425][505]LogSlate:Warning: GetFontFace failed to load or process 'Roboto-Regular'
[2014.12.13-19.48.33:425][505]LogSlate:Warning: GetFontFace failed to load or process 'Roboto-Regular'
[2014.12.13-19.48.33:425][505]LogSlate:Warning: GetFontFace failed to load or process 'Roboto-Regular'
[2014.12.13-19.48.33:426][505]LogSlate:Warning: GetFontFace failed to load or process 'Roboto-Regular'
[2014.12.13-19.48.33:426][505]LogSlate:Warning: GetFontFace failed to load or process 'Roboto-Regular'
[2014.12.13-19.48.33:426][505]LogSlate:Warning: GetFontFace failed to load or process 'Roboto-Regular'
[2014.12.13-19.48.33:426][505]LogSlate:Warning: GetFontFace failed to load or process 'Roboto-Regular'
[2014.12.13-19.48.33:426][505]LogSlate:Warning: GetFontFace failed to load or process 'Roboto-Regular'
[2014.12.13-19.48.33:426][505]LogSlate:Warning: GetFontFace failed to load or process 'Roboto-Regular'
[2014.12.13-19.48.33:426][505]LogSlate:Warning: GetFontFace failed to load or process 'Roboto-Regular'
[2014.12.13-19.48.33:426][505]LogSlate:Warning: GetFontFace failed to load or process 'Roboto-Regular'
[2014.12.13-19.48.33:426][505]LogSlate:Warning: GetFontFace failed to load or process 'Roboto-Regular'
[2014.12.13-19.48.33:427][505]LogSlate:Warning: GetFontFace failed to load or process 'Roboto-Regular'
[2014.12.13-19.48.33:427][505]LogSlate:Warning: GetFontFace failed to load or process 'Roboto-Regular'
[2014.12.13-19.48.33:427][505]LogSlate:Warning: GetFontFace failed to load or process 'Roboto-Regular'
[2014.12.13-19.49.26:148][180]BlueprintLog: New page: Compile Start_Menu
[2014.12.13-19.49.26:302][180]BlueprintEditorCompileResults: Info [1686.43] Compile of Start_Menu successful! [in 7 ms]
[2014.12.13-19.49.28:531][296]Cmd: OBJ SAVEPACKAGE PACKAGE="/Game/Start_Menu" FILE="../../../../../../Users/Jeremy/Documents/GitHub/Study-Session/Trial_third_person/Content/Start_Menu.uasset" SILENT=true
[2014.12.13-19.49.28:662][296]LogSavePackage: Save=46.979782ms
[2014.12.13-19.49.28:663][296]LogSavePackage: Moving '../../../../../../Users/Jeremy/Documents/GitHub/Study-Session/Trial_third_person/Saved/Start_Menu5D7C5B7C4F60A626FCFA978BF434BD15.tmp' to '../../../../../../Users/Jeremy/Documents/GitHub/Study-Session/Trial_third_person/Content/Start_Menu.uasset'
[2014.12.13-19.49.37:796][763]LogSlate:Warning: GetFontFace failed to load or process 'Roboto-Regular'
[2014.12.13-19.49.37:796][763]LogSlate:Warning: GetFontFace failed to load or process 'Roboto-Regular'
[2014.12.13-19.51.48:939][419]BlueprintLog: New page: Compile Start_Menu
[2014.12.13-19.51.49:114][419]BlueprintEditorCompileResults: Info [1829.22] Compile of Start_Menu successful! [in 7 ms]
[2014.12.13-19.51.49:728][446]Cmd: OBJ SAVEPACKAGE PACKAGE="/Game/Start_Menu" FILE="../../../../../../Users/Jeremy/Documents/GitHub/Study-Session/Trial_third_person/Content/Start_Menu.uasset" SILENT=true
[2014.12.13-19.51.49:847][446]LogSavePackage: Save=30.294493ms
[2014.12.13-19.51.49:847][446]LogSavePackage: Moving '../../../../../../Users/Jeremy/Documents/GitHub/Study-Session/Trial_third_person/Saved/Start_Menu89913BE144D08515E891E78CB6AA0528.tmp' to '../../../../../../Users/Jeremy/Documents/GitHub/Study-Session/Trial_third_person/Content/Start_Menu.uasset'
[2014.12.13-19.52.01:445][ 36]BlueprintLog: New page: Compile Start_Menu
[2014.12.13-19.52.01:653][ 36]BlueprintEditorCompileResults: Info [1841.77] Compile of Start_Menu successful! [in 6 ms]
[2014.12.13-19.52.02:383][ 78]Cmd: OBJ SAVEPACKAGE PACKAGE="/Game/Start_Menu" FILE="../../../../../../Users/Jeremy/Documents/GitHub/Study-Session/Trial_third_person/Content/Start_Menu.uasset" SILENT=true
[2014.12.13-19.52.02:503][ 78]LogSavePackage: Save=32.673428ms
[2014.12.13-19.52.02:503][ 78]LogSavePackage: Moving '../../../../../../Users/Jeremy/Documents/GitHub/Study-Session/Trial_third_person/Saved/Start_Menu0D617AFC4BD31CAE84DA418A235F0899.tmp' to '../../../../../../Users/Jeremy/Documents/GitHub/Study-Session/Trial_third_person/Content/Start_Menu.uasset'
[2014.12.13-19.52.09:936][678]LogContentBrowser:Verbose: The content browser source was changed by the sources view to '/Game/Maps'
[2014.12.13-19.52.11:337][787]Cmd: MAP LOAD FILE="../../../../../../Users/Jeremy/Documents/GitHub/Study-Session/Trial_third_person/Content/Maps/StartMenuLevel.umap" TEMPLATE=0 SHOWPROGRESS=1
[2014.12.13-19.52.11:337][787]LightingResults: New page: Lighting Build
[2014.12.13-19.52.11:387][787]LoadErrors: New page: Loading map: StartMenuLevel.umap
[2014.12.13-19.52.11:387][787]MapCheck: New page: Map Check
[2014.12.13-19.52.11:387][787]LightingResults: New page: Lighting Build
[2014.12.13-19.52.11:419][787]LogParticles: Destroying 0 GPU particle simulations for FXSystem 0x000000000D7C53A0
[2014.12.13-19.52.11:424][787]LogParticles: Destroying 0 GPU particle simulations for FXSystem 0x00000000541BDDA0
[2014.12.13-19.52.11:473][787]LogEditorServer: Finished looking for orphan Actors (0.000 secs)
[2014.12.13-19.52.11:473][787]LogAIModule: Creating AISystem for world StartMenuLevel
[2014.12.13-19.52.11:563][787]Cmd: MAP CHECKDEP
[2014.12.13-19.52.11:563][787]MapCheck: New page: StartMenuLevel - Dec 13, 2014, 3:52:11 AM
[2014.12.13-19.52.11:736][787]MapCheck: Info Map check complete: 0 Error(s), 0 Warning(s), took 172.775ms to complete.
[2014.12.13-19.52.11:736][787]LogFileHelpers: Loading map 'StartMenuLevel' took 0.402
[2014.12.13-19.52.13:766][939]BlueprintLog: New page: Pre-PIE auto-recompile
[2014.12.13-19.52.13:766][939]LogPlayLevel: [PIE] Compiling Tutorial_BP_MacroLib before PIE...
[2014.12.13-19.52.13:834][939]LogPlayLevel: [PIE] Compiling StartMenuLevel before PIE...
[2014.12.13-19.52.13:938][939]LogPlayLevel: PIE:  Blueprint regeneration took 171 ms (2 blueprints)
[2014.12.13-19.52.13:938][939]PIE: New page: PIE session: StartMenuLevel (Dec 13, 2014, 3:52:13 AM)
[2014.12.13-19.52.13:939][939]LogPlayLevel: PIE: StaticDuplicateObject took: (0.001156s)
[2014.12.13-19.52.13:940][939]LogPlayLevel: PIE: World Init took: (0.000881s)
[2014.12.13-19.52.13:940][939]LogPlayLevel: PIE: Created PIE world by copying editor world from /Game/Maps/StartMenuLevel.StartMenuLevel to /Game/Maps/UEDPIE_0_StartMenuLevel.StartMenuLevel (0.002220s)
[2014.12.13-19.52.13:978][939]LogWorld: Game class is 'MyGame_C'
[2014.12.13-19.52.13:982][939]LogAIModule: Creating AISystem for world StartMenuLevel
[2014.12.13-19.52.13:982][939]LogWorld: Bringing World /Game/Maps/UEDPIE_0_StartMenuLevel.StartMenuLevel up for play (max tick rate 0) at 2014.12.13-11.52.13
[2014.12.13-19.52.13:982][939]LogWorld: Bringing up level for play took: 0.000537
[2014.12.13-19.52.13:986][939]PIE: Info Play in editor start time for /Game/Maps/UEDPIE_0_StartMenuLevel 0.292
[2014.12.13-19.52.13:986][939]LogActor:Warning: MyCharacter_C_4 is outside the world bounds!
[2014.12.13-19.52.15:479][ 17]LogPackageName: SearchForPackageOnDisk took   0.076s to resolve School.umap
[2014.12.13-19.52.15:550][ 17]LogPackageName: SearchForPackageOnDisk took   0.070s to resolve School.umap
[2014.12.13-19.52.15:550][ 17]LogNet: Browse: /Game/Maps/School
[2014.12.13-19.52.15:550][ 17]LogLoad: LoadMap: /Game/Maps/School
[2014.12.13-19.52.15:582][ 17]LogParticles: Destroying 0 GPU particle simulations for FXSystem 0x0000000004098B80
[2014.12.13-19.52.15:582][ 17]Cmd: MEM
[2014.12.13-19.52.15:614][ 17]LogMemory: Platform Memory Stats for Windows
[2014.12.13-19.52.15:614][ 17]LogMemory: Process Physical Memory: 981.89 MB used, 998.37 MB peak
[2014.12.13-19.52.15:614][ 17]LogMemory: Process Virtual Memory: 913.52 MB used, 915.06 MB peak
[2014.12.13-19.52.15:614][ 17]LogMemory: Physical Memory: 3575.36 MB used, 8183.89 MB total
[2014.12.13-19.52.15:614][ 17]LogMemory: Virtual Memory: 1843.40 MB used, 8388608.00 MB total
[2014.12.13-19.52.15:614][ 17]LogMemory: 
[2014.12.13-19.52.15:614][ 17]Allocator Stats for TBB: (not implemented)
[2014.12.13-19.52.15:670][ 17]LogLinker:Warning: Can't find file '/Game/ArchVis/Materials/MI_Couch_NOSSS_Mat_Inst'
[2014.12.13-19.52.15:670][ 17]LogLinker:Warning: Can't find file for asset '/Game/ArchVis/Materials/MI_Couch_NOSSS_Mat_Inst' while loading ../../../../../../Users/Jeremy/Documents/GitHub/Study-Session/Trial_third_person/Content/StarterContent/Mesh/SM_Couch_1seat.uasset.
[2014.12.13-19.52.15:671][ 17]LoadErrors:Error: Error /Game/StarterContent/Mesh/SM_Couch_1seat : Can't find file for asset. /Game/ArchVis/Materials/MI_Couch_NOSSS_Mat_Inst
[2014.12.13-19.52.15:671][ 17]LogLinker:Warning: Can't find file '/Game/ArchVis/Materials/MI_Couch_NOSSS_Mat_Inst'
[2014.12.13-19.52.15:671][ 17]LogLinker:Warning: Can't find file for asset '/Game/ArchVis/Materials/MI_Couch_NOSSS_Mat_Inst' while loading ../../../../../../Users/Jeremy/Documents/GitHub/Study-Session/Trial_third_person/Content/StarterContent/Mesh/SM_Couch_1seat.uasset.
[2014.12.13-19.52.15:965][ 17]LogWorld: Game class is 'MyGame_C'
[2014.12.13-19.52.15:969][ 17]LogAIModule: Creating AISystem for world School
[2014.12.13-19.52.15:976][ 17]LogWorld: Bringing World /Game/Maps/UEDPIE_0_School.School up for play (max tick rate 0) at 2014.12.13-11.52.15
[2014.12.13-19.52.15:977][ 17]LogWorld: Bringing up level for play took: 0.008066
[2014.12.13-19.52.20:201][256]Set new viewmode: Wireframe
[2014.12.13-19.52.21:349][335]Set new viewmode: Wireframe
[2014.12.13-19.52.27:462][746]LogParticles: Destroying 0 GPU particle simulations for FXSystem 0x00000000542C1F80
[2014.12.13-19.52.29:395][925]BlueprintLog: New page: Pre-PIE auto-recompile
[2014.12.13-19.52.29:395][925]LogPlayLevel: [PIE] Compiling StartMenuLevel before PIE...
[2014.12.13-19.52.29:501][925]LogPlayLevel: PIE:  Blueprint regeneration took 105 ms (1 blueprints)
[2014.12.13-19.52.29:502][925]PIE: New page: PIE session: StartMenuLevel (Dec 13, 2014, 3:52:29 AM)
[2014.12.13-19.52.29:503][925]LogPlayLevel: PIE: StaticDuplicateObject took: (0.001270s)
[2014.12.13-19.52.29:504][925]LogPlayLevel: PIE: World Init took: (0.001209s)
[2014.12.13-19.52.29:504][925]LogPlayLevel: PIE: Created PIE world by copying editor world from /Game/Maps/StartMenuLevel.StartMenuLevel to /Game/Maps/UEDPIE_0_StartMenuLevel.StartMenuLevel (0.002673s)
[2014.12.13-19.52.29:538][925]LogWorld: Game class is 'MyGame_C'
[2014.12.13-19.52.29:542][925]LogAIModule: Creating AISystem for world StartMenuLevel
[2014.12.13-19.52.29:543][925]LogWorld: Bringing World /Game/Maps/UEDPIE_0_StartMenuLevel.StartMenuLevel up for play (max tick rate 0) at 2014.12.13-11.52.29
[2014.12.13-19.52.29:544][925]LogWorld: Bringing up level for play took: 0.000809
[2014.12.13-19.52.29:547][925]PIE: Info Play in editor start time for /Game/Maps/UEDPIE_0_StartMenuLevel -0.147
[2014.12.13-19.52.30:871][  4]LogPackageName: SearchForPackageOnDisk took   0.069s to resolve School.umap
[2014.12.13-19.52.30:942][  4]LogPackageName: SearchForPackageOnDisk took   0.071s to resolve School.umap
[2014.12.13-19.52.30:942][  4]LogNet: Browse: /Game/Maps/School
[2014.12.13-19.52.30:943][  4]LogLoad: LoadMap: /Game/Maps/School
[2014.12.13-19.52.30:974][  4]LogParticles: Destroying 0 GPU particle simulations for FXSystem 0x00000000542C28E0
[2014.12.13-19.52.30:974][  4]Cmd: MEM
[2014.12.13-19.52.31:006][  4]LogMemory: Platform Memory Stats for Windows
[2014.12.13-19.52.31:006][  4]LogMemory: Process Physical Memory: 994.76 MB used, 1035.68 MB peak
[2014.12.13-19.52.31:006][  4]LogMemory: Process Virtual Memory: 919.03 MB used, 970.43 MB peak
[2014.12.13-19.52.31:006][  4]LogMemory: Physical Memory: 3581.43 MB used, 8183.89 MB total
[2014.12.13-19.52.31:006][  4]LogMemory: Virtual Memory: 1856.90 MB used, 8388608.00 MB total
[2014.12.13-19.52.31:006][  4]LogMemory: 
[2014.12.13-19.52.31:006][  4]Allocator Stats for TBB: (not implemented)
[2014.12.13-19.52.31:064][  4]LogLinker:Warning: Can't find file '/Game/ArchVis/Materials/MI_Couch_NOSSS_Mat_Inst'
[2014.12.13-19.52.31:064][  4]LogLinker:Warning: Can't find file for asset '/Game/ArchVis/Materials/MI_Couch_NOSSS_Mat_Inst' while loading ../../../../../../Users/Jeremy/Documents/GitHub/Study-Session/Trial_third_person/Content/StarterContent/Mesh/SM_Couch_1seat.uasset.
[2014.12.13-19.52.31:065][  4]LogLinker:Warning: Can't find file '/Game/ArchVis/Materials/MI_Couch_NOSSS_Mat_Inst'
[2014.12.13-19.52.31:065][  4]LogLinker:Warning: Can't find file for asset '/Game/ArchVis/Materials/MI_Couch_NOSSS_Mat_Inst' while loading ../../../../../../Users/Jeremy/Documents/GitHub/Study-Session/Trial_third_person/Content/StarterContent/Mesh/SM_Couch_1seat.uasset.
[2014.12.13-19.52.31:354][  4]LogWorld: Game class is 'MyGame_C'
[2014.12.13-19.52.31:358][  4]LogAIModule: Creating AISystem for world School
[2014.12.13-19.52.31:365][  4]LogWorld: Bringing World /Game/Maps/UEDPIE_0_School.School up for play (max tick rate 0) at 2014.12.13-11.52.31
[2014.12.13-19.52.31:367][  4]LogWorld: Bringing up level for play took: 0.008055
[2014.12.13-19.53.25:335][755]LogParticles: Destroying 0 GPU particle simulations for FXSystem 0x00000000542C0E00
[2014.12.13-19.53.26:777][869]LogSavePackage: Save=39.333561ms
[2014.12.13-19.53.26:777][869]LogSavePackage: Moving '../../../../../../Users/Jeremy/Documents/GitHub/Study-Session/Trial_third_person/Saved/StartMenuLevel28FFBDA04D82C0116DA2869EB4D786EF.tmp' to '../../../../../../Users/Jeremy/Documents/GitHub/Study-Session/Trial_third_person/Content/Maps/StartMenuLevel.umap'
[2014.12.13-19.53.50:816][133]Cmd: QUIT_EDITOR
[2014.12.13-19.53.51:263][133]LogExit: Preparing to exit.
[2014.12.13-19.53.52:294][133]LogExit: Editor shut down
[2014.12.13-19.53.52:295][133]LogExit: Transaction tracking system shut down
[2014.12.13-19.53.52:296][133]LogParticles: Destroying 0 GPU particle simulations for FXSystem 0x000000000D5AC5E0
[2014.12.13-19.53.52:296][133]LogParticles: Destroying 0 GPU particle simulations for FXSystem 0x000000000D5AC360
[2014.12.13-19.53.52:296][133]LogParticles: Destroying 0 GPU particle simulations for FXSystem 0x000000000D5AFCE0
[2014.12.13-19.53.52:296][133]LogParticles: Destroying 0 GPU particle simulations for FXSystem 0x000000000E1BCB80
[2014.12.13-19.53.52:296][133]LogParticles: Destroying 0 GPU particle simulations for FXSystem 0x000000000D88AF20
[2014.12.13-19.53.52:297][133]LogParticles: Destroying 0 GPU particle simulations for FXSystem 0x0000000020565B20
[2014.12.13-19.53.52:298][133]LogParticles: Destroying 0 GPU particle simulations for FXSystem 0x00000000168C51C0
[2014.12.13-19.53.52:298][133]LogParticles: Destroying 0 GPU particle simulations for FXSystem 0x0000000056DE05E0
[2014.12.13-19.53.52:413][133]LogExit: Object subsystem successfully closed.
[2014.12.13-19.53.52:473][133]LogModuleManager: Shutting down and abandoning module SequencerWidgets (167)
[2014.12.13-19.53.52:473][133]LogModuleManager: Shutting down and abandoning module AndroidDeviceDetection (166)
[2014.12.13-19.53.52:473][133]LogModuleManager: Shutting down and abandoning module CrashTracker (165)
[2014.12.13-19.53.52:473][133]LogModuleManager: Shutting down and abandoning module SuperSearch (164)
[2014.12.13-19.53.52:473][133]LogModuleManager: Shutting down and abandoning module SceneOutliner (163)
[2014.12.13-19.53.52:473][133]LogModuleManager: Shutting down and abandoning module EditorWidgets (162)
[2014.12.13-19.53.52:473][133]LogModuleManager: Shutting down and abandoning module CollectionManager (161)
[2014.12.13-19.53.52:473][133]LogModuleManager: Shutting down and abandoning module StatsViewer (160)
[2014.12.13-19.53.52:473][133]LogModuleManager: Shutting down and abandoning module FoliageEdit (159)
[2014.12.13-19.53.52:473][133]LogModuleManager: Shutting down and abandoning module LandscapeEditor (158)
[2014.12.13-19.53.52:473][133]LogModuleManager: Shutting down and abandoning module MeshPaint (157)
[2014.12.13-19.53.52:473][133]LogModuleManager: Shutting down and abandoning module ActorPickerMode (156)
[2014.12.13-19.53.52:474][133]LogModuleManager: Shutting down and abandoning module GeometryMode (155)
[2014.12.13-19.53.52:474][133]LogModuleManager: Shutting down and abandoning module TextureAlignMode (154)
[2014.12.13-19.53.52:474][133]LogModuleManager: Shutting down and abandoning module BspMode (153)
[2014.12.13-19.53.52:474][133]LogModuleManager: Shutting down and abandoning module PlacementMode (152)
[2014.12.13-19.53.52:474][133]LogModuleManager: Shutting down and abandoning module AutomationWorker (151)
[2014.12.13-19.53.52:474][133]LogModuleManager: Shutting down and abandoning module CharacterAI (150)
[2014.12.13-19.53.52:474][133]LogModuleManager: Shutting down and abandoning module GameProjectGeneration (149)
[2014.12.13-19.53.52:474][133]LogModuleManager: Shutting down and abandoning module IntroTutorials (148)
[2014.12.13-19.53.52:474][133]LogModuleManager: Shutting down and abandoning module EditorLiveStreaming (147)
[2014.12.13-19.53.52:474][133]LogModuleManager: Shutting down and abandoning module HardwareTargeting (146)
[2014.12.13-19.53.52:474][133]LogModuleManager: Shutting down and abandoning module BehaviorTreeEditor (145)
[2014.12.13-19.53.52:474][133]LogModuleManager: Shutting down and abandoning module DeviceProfileEditor (144)
[2014.12.13-19.53.52:474][133]LogModuleManager: Shutting down and abandoning module UndoHistory (143)
[2014.12.13-19.53.52:474][133]LogModuleManager: Shutting down and abandoning module GameplayTagsEditor (142)
[2014.12.13-19.53.52:474][133]LogModuleManager: Shutting down and abandoning module UserFeedback (141)
[2014.12.13-19.53.52:474][133]LogModuleManager: Shutting down and abandoning module XmlParser (140)
[2014.12.13-19.53.52:474][133]LogModuleManager: Shutting down and abandoning module Blutility (139)
[2014.12.13-19.53.52:474][133]LogModuleManager: Shutting down and abandoning module IOSPlatformEditor (138)
[2014.12.13-19.53.52:474][133]LogModuleManager: Shutting down and abandoning module IOSRuntimeSettings (137)
[2014.12.13-19.53.52:474][133]LogModuleManager: Shutting down and abandoning module AndroidPlatformEditor (136)
[2014.12.13-19.53.52:474][133]LogModuleManager: Shutting down and abandoning module AndroidRuntimeSettings (135)
[2014.12.13-19.53.52:474][133]LogModuleManager: Shutting down and abandoning module ProjectTargetPlatformEditor (134)
[2014.12.13-19.53.52:474][133]LogModuleManager: Shutting down and abandoning module ProjectSettingsViewer (133)
[2014.12.13-19.53.52:474][133]LogModuleManager: Shutting down and abandoning module InputBindingEditor (132)
[2014.12.13-19.53.52:474][133]LogModuleManager: Shutting down and abandoning module EditorSettingsViewer (131)
[2014.12.13-19.53.52:474][133]LogModuleManager: Shutting down and abandoning module SettingsEditor (130)
[2014.12.13-19.53.52:474][133]LogModuleManager: Shutting down and abandoning module ProjectLauncher (129)
[2014.12.13-19.53.52:474][133]LogModuleManager: Shutting down and abandoning module SessionFrontend (128)
[2014.12.13-19.53.52:474][133]LogModuleManager: Shutting down and abandoning module ProfilerClient (127)
[2014.12.13-19.53.52:474][133]LogModuleManager: Shutting down and abandoning module TargetDeviceServices (126)
[2014.12.13-19.53.52:475][133]LogModuleManager: Shutting down and abandoning module DeviceManager (125)
[2014.12.13-19.53.52:475][133]LogModuleManager: Shutting down and abandoning module AutomationController (124)
[2014.12.13-19.53.52:475][133]LogModuleManager: Shutting down and abandoning module AutomationWindow (123)
[2014.12.13-19.53.52:475][133]LogModuleManager: Shutting down and abandoning module Layers (122)
[2014.12.13-19.53.52:475][133]LogModuleManager: Shutting down and abandoning module ComponentVisualizers (121)
[2014.12.13-19.53.52:475][133]LogModuleManager: Shutting down and abandoning module DetailCustomizations (120)
[2014.12.13-19.53.52:475][133]LogModuleManager: Shutting down and abandoning module PackagesDialog (119)
[2014.12.13-19.53.52:475][133]LogModuleManager: Shutting down and abandoning module AssetRegistry (118)
[2014.12.13-19.53.52:601][133]LogModuleManager: Shutting down and abandoning module Persona (117)
[2014.12.13-19.53.52:601][133]LogModuleManager: Shutting down and abandoning module Kismet (116)
[2014.12.13-19.53.52:601][133]LogModuleManager: Shutting down and abandoning module GraphEditor (115)
[2014.12.13-19.53.52:601][133]LogModuleManager: Shutting down and abandoning module ClassViewer (114)
[2014.12.13-19.53.52:601][133]LogModuleManager: Shutting down and abandoning module Toolbox (113)
[2014.12.13-19.53.52:601][133]LogModuleManager: Shutting down and abandoning module ModuleUI (112)
[2014.12.13-19.53.52:601][133]LogModuleManager: Shutting down and abandoning module MovieSceneTools (111)
[2014.12.13-19.53.52:601][133]LogModuleManager: Shutting down and abandoning module OutputLog (110)
[2014.12.13-19.53.52:602][133]LogModuleManager: Shutting down and abandoning module GammaUI (109)
[2014.12.13-19.53.52:602][133]LogModuleManager: Shutting down and abandoning module Documentation (108)
[2014.12.13-19.53.52:602][133]LogModuleManager: Shutting down and abandoning module GameLiveStreaming (107)
[2014.12.13-19.53.52:602][133]LogModuleManager: Shutting down and abandoning module StreamingPauseRendering (106)
[2014.12.13-19.53.52:602][133]LogModuleManager: Shutting down and abandoning module HTTP (105)
[2014.12.13-19.53.52:602][133]LogModuleManager: Shutting down and abandoning module AnalyticsET (104)
[2014.12.13-19.53.52:602][133]LogModuleManager: Shutting down and abandoning module Analytics (103)
[2014.12.13-19.53.52:602][133]LogModuleManager: Shutting down and abandoning module GameplayDebugger (102)
[2014.12.13-19.53.52:602][133]LogModuleManager: Shutting down and abandoning module AIModule (101)
[2014.12.13-19.53.52:602][133]LogModuleManager: Shutting down and abandoning module ProfilerService (100)
[2014.12.13-19.53.52:654][133]LogModuleManager: Shutting down and abandoning module TaskGraph (99)
[2014.12.13-19.53.52:654][133]LogModuleManager: Shutting down and abandoning module SlateRemote (98)
[2014.12.13-19.53.52:654][133]LogModuleManager: Shutting down and abandoning module ScriptEditorPlugin (97)
[2014.12.13-19.53.52:654][133]LogModuleManager: Shutting down and abandoning module CustomMeshComponent (96)
[2014.12.13-19.53.52:654][133]LogModuleManager: Shutting down and abandoning module CableComponent (95)
[2014.12.13-19.53.52:654][133]LogModuleManager: Shutting down and abandoning module MessagingDebugger (94)
[2014.12.13-19.53.52:655][133]LogModuleManager: Shutting down and abandoning module MediaPlayerEditor (93)
[2014.12.13-19.53.52:655][133]LogModuleManager: Shutting down and abandoning module SpeedTreeImporter (92)
[2014.12.13-19.53.52:655][133]LogModuleManager: Shutting down and abandoning module PluginsEditor (91)
[2014.12.13-19.53.52:655][133]LogModuleManager: Shutting down and abandoning module EpicSurvey (90)
[2014.12.13-19.53.52:655][133]LogModuleManager: Shutting down and abandoning module DesktopPlatform (89)
[2014.12.13-19.53.52:655][133]LogModuleManager: Shutting down and abandoning module VisualStudioSourceCodeAccess (88)
[2014.12.13-19.53.52:655][133]LogModuleManager: Shutting down and abandoning module UObjectPlugin (87)
[2014.12.13-19.53.52:655][133]LogModuleManager: Shutting down and abandoning module SubversionSourceControl (86)
[2014.12.13-19.53.52:655][133]LogModuleManager: Shutting down and abandoning module SourceControl (85)
[2014.12.13-19.53.52:655][133]LogModuleManager: Shutting down and abandoning module PerforceSourceControl (84)
[2014.12.13-19.53.52:655][133]LogModuleManager: Shutting down and abandoning module BlankPlugin (83)
[2014.12.13-19.53.52:655][133]LogModuleManager: Shutting down and abandoning module SlateReflector (82)
[2014.12.13-19.53.52:655][133]LogModuleManager: Shutting down and abandoning module DirectoryWatcher (81)
[2014.12.13-19.53.52:656][133]LogModuleManager: Shutting down and abandoning module HotReload (80)
[2014.12.13-19.53.52:656][133]LogModuleManager: Shutting down and abandoning module MainFrame (79)
[2014.12.13-19.53.52:656][133]LogModuleManager: Shutting down and abandoning module LevelEditor (78)
[2014.12.13-19.53.52:657][133]LogModuleManager: Shutting down and abandoning module ViewportSnapping (77)
[2014.12.13-19.53.52:657][133]LogModuleManager: Shutting down and abandoning module SmartSnapping (76)
[2014.12.13-19.53.52:657][133]LogModuleManager: Shutting down and abandoning module PaperTiledImporter (75)
[2014.12.13-19.53.52:657][133]LogModuleManager: Shutting down and abandoning module PaperJsonImporter (74)
[2014.12.13-19.53.52:657][133]LogModuleManager: Shutting down and abandoning module ContentBrowser (73)
[2014.12.13-19.53.52:657][133]LogModuleManager: Shutting down and abandoning module PropertyEditor (72)
[2014.12.13-19.53.52:657][133]LogModuleManager: Shutting down and abandoning module Paper2DEditor (71)
[2014.12.13-19.53.52:657][133]LogModuleManager: Shutting down and abandoning module ScriptPlugin (70)
[2014.12.13-19.53.52:657][133]LogModuleManager: Shutting down and abandoning module UdpMessaging (69)
[2014.12.13-19.53.52:757][133]LogModuleManager: Shutting down and abandoning module Paper2D (68)
[2014.12.13-19.53.52:757][133]LogModuleManager: Shutting down and abandoning module WindowsMoviePlayer (67)
[2014.12.13-19.53.52:764][133]LogModuleManager: Shutting down and abandoning module Media (66)
[2014.12.13-19.53.52:764][133]LogModuleManager: Shutting down and abandoning module WmfMedia (65)
[2014.12.13-19.53.52:764][133]LogModuleManager: Shutting down and abandoning module OnlineBlueprintSupport (64)
[2014.12.13-19.53.52:764][133]LogModuleManager: Shutting down and abandoning module FunctionalTesting (63)
[2014.12.13-19.53.52:764][133]LogModuleManager: Shutting down and abandoning module CollisionAnalyzer (62)
[2014.12.13-19.53.52:764][133]LogModuleManager: Shutting down and abandoning module WorkspaceMenuStructure (61)
[2014.12.13-19.53.52:764][133]LogModuleManager: Shutting down and abandoning module MessageLog (60)
[2014.12.13-19.53.52:764][133]LogModuleManager: Shutting down and abandoning module Sequencer (59)
[2014.12.13-19.53.52:764][133]LogModuleManager: Shutting down and abandoning module AssetTools (58)
[2014.12.13-19.53.52:765][133]LogModuleManager: Shutting down and abandoning module UMGEditor (57)
[2014.12.13-19.53.52:765][133]LogModuleManager: Shutting down and abandoning module UMG (56)
[2014.12.13-19.53.52:765][133]LogModuleManager: Shutting down and abandoning module Slate (55)
[2014.12.13-19.53.52:765][133]LogModuleManager: Shutting down and abandoning module EditorStyle (54)
[2014.12.13-19.53.52:767][133]LogModuleManager: Shutting down and abandoning module SessionServices (53)
[2014.12.13-19.53.52:767][133]LogModuleManager: Shutting down and abandoning module SourceCodeAccess (52)
[2014.12.13-19.53.52:767][133]LogModuleManager: Shutting down and abandoning module HeadMountedDisplay (51)
[2014.12.13-19.53.52:767][133]LogModuleManager: Shutting down and abandoning module XAudio2 (50)
[2014.12.13-19.53.52:767][133]LogModuleManager: Shutting down and abandoning module Networking (48)
[2014.12.13-19.53.52:767][133]LogModuleManager: Shutting down and abandoning module Core (47)
[2014.12.13-19.53.52:767][133]LogModuleManager: Shutting down and abandoning module KismetCompiler (46)
[2014.12.13-19.53.52:767][133]LogModuleManager: Shutting down and abandoning module PhysXFormats (45)
[2014.12.13-19.53.52:767][133]LogModuleManager: Shutting down and abandoning module MeshUtilities (44)
[2014.12.13-19.53.52:767][133]LogModuleManager: Shutting down and abandoning module DerivedDataCache (43)
[2014.12.13-19.53.52:839][133]LogDerivedDataCache: Shutdown
[2014.12.13-19.53.52:839][133]LogModuleManager: Shutting down and abandoning module ShaderFormatOpenGL (42)
[2014.12.13-19.53.52:839][133]LogModuleManager: Shutting down and abandoning module ShaderFormatD3D (41)
[2014.12.13-19.53.52:839][133]LogModuleManager: Shutting down and abandoning module MetalShaderFormat (40)
[2014.12.13-19.53.52:839][133]LogModuleManager: Shutting down and abandoning module TextureFormatUncompressed (39)
[2014.12.13-19.53.52:839][133]LogModuleManager: Shutting down and abandoning module TextureFormatPVR (38)
[2014.12.13-19.53.52:839][133]LogModuleManager: Shutting down and abandoning module TextureFormatDXT (37)
[2014.12.13-19.53.52:839][133]LogModuleManager: Shutting down and abandoning module TextureFormatAndroid (36)
[2014.12.13-19.53.52:839][133]LogModuleManager: Shutting down and abandoning module AudioFormatOpus (35)
[2014.12.13-19.53.52:839][133]LogModuleManager: Shutting down and abandoning module AudioFormatOgg (34)
[2014.12.13-19.53.52:839][133]LogModuleManager: Shutting down and abandoning module AudioFormatADPCM (33)
[2014.12.13-19.53.52:839][133]LogModuleManager: Shutting down and abandoning module Messaging (32)
[2014.12.13-19.53.52:839][133]LogModuleManager: Shutting down and abandoning module IOSTargetPlatform (31)
[2014.12.13-19.53.52:839][133]LogModuleManager: Shutting down and abandoning module Android_PVRTCTargetPlatform (30)
[2014.12.13-19.53.52:839][133]LogModuleManager: Shutting down and abandoning module Android_ETC2TargetPlatform (29)
[2014.12.13-19.53.52:839][133]LogModuleManager: Shutting down and abandoning module Android_ETC1TargetPlatform (28)
[2014.12.13-19.53.52:839][133]LogModuleManager: Shutting down and abandoning module Android_DXTTargetPlatform (27)
[2014.12.13-19.53.52:839][133]LogModuleManager: Shutting down and abandoning module Android_ATCTargetPlatform (26)
[2014.12.13-19.53.52:839][133]LogModuleManager: Shutting down and abandoning module AndroidTargetPlatform (25)
[2014.12.13-19.53.52:839][133]LogModuleManager: Shutting down and abandoning module WindowsTargetPlatform (24)
[2014.12.13-19.53.52:839][133]LogModuleManager: Shutting down and abandoning module WindowsServerTargetPlatform (23)
[2014.12.13-19.53.52:839][133]LogModuleManager: Shutting down and abandoning module WindowsNoEditorTargetPlatform (22)
[2014.12.13-19.53.52:839][133]LogModuleManager: Shutting down and abandoning module WindowsClientTargetPlatform (21)
[2014.12.13-19.53.52:839][133]LogModuleManager: Shutting down and abandoning module TargetPlatform (20)
[2014.12.13-19.53.52:839][133]LogModuleManager: Shutting down and abandoning module InputCore (19)
[2014.12.13-19.53.52:839][133]LogModuleManager: Shutting down and abandoning module Settings (18)
[2014.12.13-19.53.52:840][133]LogModuleManager: Shutting down and abandoning module ImageWrapper (17)
[2014.12.13-19.53.52:840][133]LogModuleManager: Shutting down and abandoning module OculusRift (14)
[2014.12.13-19.53.52:840][133]LogModuleManager: Shutting down and abandoning module ExampleDeviceProfileSelector (13)
[2014.12.13-19.53.52:840][133]LogModuleManager: Shutting down and abandoning module TextureCompressor (12)
[2014.12.13-19.53.52:840][133]LogModuleManager: Shutting down and abandoning module ShaderCore (11)
[2014.12.13-19.53.52:840][133]LogModuleManager: Shutting down and abandoning module SlateRHIRenderer (10)
[2014.12.13-19.53.52:842][133]LogModuleManager: Shutting down and abandoning module OpenGLDrv (9)
[2014.12.13-19.53.52:842][133]LogModuleManager: Shutting down and abandoning module D3D11RHI (8)
[2014.12.13-19.53.52:842][133]LogModuleManager: Shutting down and abandoning module Renderer (7)
[2014.12.13-19.53.52:842][133]LogModuleManager: Shutting down and abandoning module Engine (6)
[2014.12.13-19.53.52:842][133]LogModuleManager: Shutting down and abandoning module CoreUObject (5)
[2014.12.13-19.53.52:842][133]LogModuleManager: Shutting down and abandoning module NetworkFile (4)
[2014.12.13-19.53.52:842][133]LogModuleManager: Shutting down and abandoning module StreamingFile (3)
[2014.12.13-19.53.52:842][133]LogModuleManager: Shutting down and abandoning module SandboxFile (2)
[2014.12.13-19.53.52:842][133]LogModuleManager: Shutting down and abandoning module PakFile (1)
[2014.12.13-19.53.52:843][133]LogExit: Exiting.
[2014.12.13-19.53.52:877][133]Log file closed, 12/13/14 11:53:52
