Log file open, 11/24/14 02:04:51
LogInit:Display: Running engine for game: Trial_third_person
LogInit: Version: 4.5.1-2336687+++depot+UE4-Releases+4.5
LogInit: API Version: 2326478
LogInit: Compiled (64-bit): Oct 21 2014 22:32:40
LogInit: Compiled with Visual C++: 18.00.21005.01
LogInit: Build Configuration: Development
LogInit: Branch Name: ++depot+UE4-Releases+4.5
LogInit: Command line:  
LogInit: Base directory: C:/Program Files/Epic Games/4.5/Engine/Binaries/Win64/
LogInit: Rocket: 1
[2014.11.24-10.04.51:436][  0]LogTaskGraph: Started task graph with 3 named threads and 4 total threads.
[2014.11.24-10.04.51:464][  0]LogOnline:Warning: No default platform service specified for OnlineSubsystem
[2014.11.24-10.04.51:592][  0]LogInit: Presizing for 0 objects not considered by GC, pre-allocating 0 bytes.
[2014.11.24-10.04.51:602][  0]LogInit: Object subsystem initialized
[2014.11.24-10.04.51:605][  0]LogConsoleResponse:Warning: Skipping Unknown console variable: 'UIScaleRule = ShortestSide'
[2014.11.24-10.04.51:605][  0]LogConsoleResponse:Warning:   Found in ini file 'C:/Users/User/Documents/GitHub/Study-Session/Trial_third_person/Saved/Config/Windows/Engine.ini', in section '[/Script/Engine.RendererSettings]'
[2014.11.24-10.04.51:605][  0]LogConsoleResponse:Warning: Skipping Unknown console variable: 'UIScaleCurve = (EditorCurveData=(Keys=((Time=480.000000,Value=0.444000),(Time=720.000000,Value=0.666000),(Time=1080.000000,Value=1.000000),(Time=8640.000000,Value=8.000000))),ExternalCurve=None)'
[2014.11.24-10.04.51:605][  0]LogConsoleResponse:Warning:   Found in ini file 'C:/Users/User/Documents/GitHub/Study-Session/Trial_third_person/Saved/Config/Windows/Engine.ini', in section '[/Script/Engine.RendererSettings]'
[2014.11.24-10.04.51:606][  0]LogInit: Selected Device Profile: [Windows]
[2014.11.24-10.04.51:606][  0]LogInit: Applying CVar settings loaded from the selected device profile: [Windows]
[2014.11.24-10.04.51:614][  0]LogInit: Computer: USER-PC
[2014.11.24-10.04.51:614][  0]LogInit: User: User
[2014.11.24-10.04.51:615][  0]LogInit: CPU Page size=4096, Cores=2
[2014.11.24-10.04.51:615][  0]LogInit: High frequency timer resolution =2.435947 MHz
[2014.11.24-10.04.51:615][  0]LogMemory: Memory total: Physical=7.8GB (8GB approx) Virtual=8192.0GB
[2014.11.24-10.04.51:615][  0]LogMemory: Platform Memory Stats for Windows
[2014.11.24-10.04.51:615][  0]LogMemory: Process Physical Memory: 63.35 MB used, 63.35 MB peak
[2014.11.24-10.04.51:615][  0]LogMemory: Process Virtual Memory: 38.47 MB used, 38.47 MB peak
[2014.11.24-10.04.51:615][  0]LogMemory: Physical Memory: 2519.20 MB used, 7969.14 MB total
[2014.11.24-10.04.51:615][  0]LogMemory: Virtual Memory: 272.46 MB used, 8388608.00 MB total
[2014.11.24-10.04.51:633][  0]LogD3D11RHI: Found D3D11 adapter 0: Intel(R) HD Graphics 3000 (Feature Level 10_0)
[2014.11.24-10.04.51:633][  0]LogD3D11RHI: Adapter has 192MB of dedicated video memory, 0MB of dedicated system memory, and 1568MB of shared system memory, 1 output[s]
[2014.11.24-10.04.51:633][  0]LogD3D11RHI: Chosen D3D11 Adapter Id = 0
[2014.11.24-10.04.51:637][  0]LogRHI: Texture pool is 683 MB (70% of 976 MB)
[2014.11.24-10.04.51:640][  0]LogD3D11RHI: Async texture creation enabled
[2014.11.24-10.04.51:941][  0]LogTextLocalizationManager: The requested culture ('en_US') has no localization data; parent culture's ('en') localization data will be used.
[2014.11.24-10.04.52:105][  0]LogContentStreaming: Texture pool size is 0.000000MB
[2014.11.24-10.04.58:426][  0]LogTargetPlatformManager:Display: Building Assets For Windows
[2014.11.24-10.04.59:241][  0]LogTargetPlatformManager:Display: Building Assets For Windows
[2014.11.24-10.04.59:312][  0]LogDerivedDataCache:Display: Max Cache Size: 512 MB
[2014.11.24-10.05.00:561][  0]LogDerivedDataCache: Loaded boot cache 1.25s 36MB C:/Users/User/AppData/Local/UnrealEngine/4.5/DerivedDataCache/Boot.ddc.
[2014.11.24-10.05.00:561][  0]LogDerivedDataCache:Display: Loaded Boot cache: C:/Users/User/AppData/Local/UnrealEngine/4.5/DerivedDataCache/Boot.ddc
[2014.11.24-10.05.00:562][  0]LogDerivedDataCache: FDerivedDataBackendGraph:  Pak pak cache file ../../../../../../Users/User/Documents/GitHub/Study-Session/Trial_third_person/DerivedDataCache/DDC.ddp not found, will not use a pak cache.
[2014.11.24-10.05.00:562][  0]LogDerivedDataCache: Unable to find inner node Pak for hierarchical cache Hierarchy.
[2014.11.24-10.05.00:721][  0]LogDerivedDataCache:Display: Pak cache opened for reading ../../../Engine/DerivedDataCache/DDC.ddp.
[2014.11.24-10.05.00:732][  0]LogDerivedDataCache: Using Local data cache path C:/Users/User/AppData/Local/UnrealEngine/Common/DerivedDataCache: Writable
[2014.11.24-10.05.06:000][  0]LogMeshUtilities: No automatic mesh reduction module available
[2014.11.24-10.05.06:000][  0]LogMeshUtilities: No automatic mesh merging module available
[2014.11.24-10.05.06:525][  0]LogLinker:Warning: Asset '../../../Engine/Content/Functions/Engine_MaterialFunctions02/Texturing/FlipBook.uasset' has been saved with empty engine version. The asset will be loaded but may be incompatible.
[2014.11.24-10.05.06:542][  0]LogLinker:Warning: Asset '../../../Engine/Content/Functions/Engine_MaterialFunctions02/ExampleContent/Textures/flipbook.uasset' has been saved with empty engine version. The asset will be loaded but may be incompatible.
[2014.11.24-10.05.07:089][  0]LogInit: WinSock: version 1.1 (2.2), MaxSocks=32767, MaxUdp=65467
[2014.11.24-10.05.25:454][  0]UdpMessaging: Initializing bridge on interface 0.0.0.0:0 to multicast group 230.0.0.1:6666.
[2014.11.24-10.05.25:661][  0]LogDirectoryWatcher:Warning: Failed to begin reading directory changes for C:/Users/User/Documents/GitHub/Study-Session/Trial_third_person/Binaries/Win64. Error: 0
[2014.11.24-10.05.26:094][  0]SourceControl: Info Source control is disabled
[2014.11.24-10.05.26:094][  0]SourceControl: Info Source control is disabled
[2014.11.24-10.05.26:101][  0]SourceControl: Info Source control is disabled
[2014.11.24-10.05.26:452][  0]LogObj: 22915 objects as part of root set at end of initial load.
[2014.11.24-10.05.26:452][  0]LogUObjectAllocator: 4803536 out of 0 bytes used by permanent object pool.
[2014.11.24-10.05.26:511][  0]LogEngine: Initializing Engine...
[2014.11.24-10.05.26:758][  0]LogInit: XAudio2 using 'Speakers (Realtek High Definition Audio)' : 2 channels at 48 kHz using 32 bits per sample (channel mask 0x3)
[2014.11.24-10.05.26:777][  0]LogInit: FAudioDevice initialized.
[2014.11.24-10.05.26:796][  0]LogAIModule: Creating AISystem for world NewWorld
[2014.11.24-10.05.26:819][  0]LogDerivedDataCache: Saved boot cache 0.02s 36MB C:/Users/User/AppData/Local/UnrealEngine/4.5/DerivedDataCache/Boot.ddc.
[2014.11.24-10.05.26:825][  0]LogInit: Texture streaming: Enabled
[2014.11.24-10.05.26:865][  0]LogInit: Transaction tracking system initialized
[2014.11.24-10.05.26:950][  0]BlueprintLog: New page: Editor Load
[2014.11.24-10.05.26:978][  0]LogAssetRegistry: FAssetRegistry took 0.0102 seconds to start up
[2014.11.24-10.05.26:978][  0]LogDirectoryWatcher:Warning: Failed to begin reading directory changes for ../../../Engine/Plugins/Experimental/CharacterAI/Content/. Error: 0
[2014.11.24-10.05.27:562][  0]LogTargetPlatformManager:Display: Building Assets For Windows
[2014.11.24-10.05.27:958][  0]LogTargetPlatformManager:Display: Building Assets For Windows
[2014.11.24-10.05.28:320][  0]LogConsoleResponse:Display: 
[2014.11.24-10.05.29:518][  0]SourceControl: Info Source control is disabled
[2014.11.24-10.05.29:519][  0]Cmd: MAP LOAD FILE="../../../../../../Users/User/Documents/GitHub/Study-Session/Trial_third_person/Content/Maps/Example_Map.umap" TEMPLATE=0 SHOWPROGRESS=1
[2014.11.24-10.05.29:519][  0]LightingResults: New page: Lighting Build
[2014.11.24-10.05.29:528][  0]MapCheck: New page: Map Check
[2014.11.24-10.05.29:528][  0]LightingResults: New page: Lighting Build
[2014.11.24-10.05.29:554][  0]LogParticles: Destroying 0 GPU particle simulations for FXSystem 0x0000000010F545E0
[2014.11.24-10.05.30:959][  0]LogEditorServer: Finished looking for orphan Actors (0.000 secs)
[2014.11.24-10.05.30:959][  0]LogAIModule: Creating AISystem for world Example_Map
[2014.11.24-10.05.30:960][  0]Cmd: MAP CHECKDEP
[2014.11.24-10.05.30:960][  0]MapCheck: New page: Example_Map - Nov 23, 2014, 6:05:30 PM
[2014.11.24-10.05.31:066][  0]MapCheck: Info Map check complete: 0 Error(s), 0 Warning(s), took 105.885ms to complete.
[2014.11.24-10.05.31:066][  0]LogFileHelpers: Loading map 'Example_Map' took 1.547
[2014.11.24-10.05.31:169][  0]LogCollectionManager: Loaded 0 collections in 0.001035 seconds
[2014.11.24-10.05.31:460][  0]LogCrashTracker: Crashtracker disabled due to settings.
[2014.11.24-10.05.31:492][  0]LogUObjectGlobals:Warning: Failed to find object 'Class None.'
[2014.11.24-10.05.31:518][  0]LogLoad: Full Startup: 44.02 seconds (BP compile: 0.07 seconds)
[2014.11.24-10.05.31:862][  0]LogContentBrowser:Verbose: The content browser source was changed by the sources view to '/Game/Character'
[2014.11.24-10.05.32:228][  0]LogRenderer:Warning: Reallocating scene render targets to support 688x592.
[2014.11.24-10.05.33:282][  3]LogAssetRegistry: Asset discovery search completed in 6.3135 seconds
[2014.11.24-10.05.45:758][254]LogContentBrowser:Verbose: The content browser source was changed by the sources view to '/Game/Maps'
[2014.11.24-10.05.48:418][433]LogLinker:Warning: Can't find file '/Game/ArchVis/Textures/T_Shelving_M'
[2014.11.24-10.05.48:419][433]LogLinker:Warning: Can't find file for asset '/Game/ArchVis/Textures/T_Shelving_M' while loading ../../../../../../Users/User/Documents/GitHub/Study-Session/Trial_third_person/Content/StarterContent/Materials/Materials/M_Shelving.uasset.
[2014.11.24-10.05.48:419][433]LoadErrors:Error: Error /Game/StarterContent/Materials/Materials/M_Shelving : Can't find file for asset. /Game/ArchVis/Textures/T_Shelving_M
[2014.11.24-10.05.48:419][433]LogLinker:Warning: Can't find file '/Game/ArchVis/Textures/T_Shelving_N'
[2014.11.24-10.05.48:419][433]LogLinker:Warning: Can't find file for asset '/Game/ArchVis/Textures/T_Shelving_N' while loading ../../../../../../Users/User/Documents/GitHub/Study-Session/Trial_third_person/Content/StarterContent/Materials/Materials/M_Shelving.uasset.
[2014.11.24-10.05.48:419][433]LoadErrors:Error: Error /Game/StarterContent/Materials/Materials/M_Shelving : Can't find file for asset. /Game/ArchVis/Textures/T_Shelving_N
[2014.11.24-10.05.48:419][433]LogLinker:Warning: Can't find file '/Game/ArchVis/Textures/T_Wood'
[2014.11.24-10.05.48:420][433]LogLinker:Warning: Can't find file for asset '/Game/ArchVis/Textures/T_Wood' while loading ../../../../../../Users/User/Documents/GitHub/Study-Session/Trial_third_person/Content/StarterContent/Materials/Materials/M_Shelving.uasset.
[2014.11.24-10.05.48:420][433]LoadErrors:Error: Error /Game/StarterContent/Materials/Materials/M_Shelving : Can't find file for asset. /Game/ArchVis/Textures/T_Wood
[2014.11.24-10.05.48:420][433]LogLinker:Warning: Can't find file '/Game/ArchVis/Textures/T_Wood_S'
[2014.11.24-10.05.48:420][433]LogLinker:Warning: Can't find file for asset '/Game/ArchVis/Textures/T_Wood_S' while loading ../../../../../../Users/User/Documents/GitHub/Study-Session/Trial_third_person/Content/StarterContent/Materials/Materials/M_Shelving.uasset.
[2014.11.24-10.05.48:420][433]LoadErrors:Error: Error /Game/StarterContent/Materials/Materials/M_Shelving : Can't find file for asset. /Game/ArchVis/Textures/T_Wood_S
[2014.11.24-10.05.48:421][433]LogLinker:Warning: Can't find file '/Game/ArchVis/Textures/T_Shelving_M'
[2014.11.24-10.05.48:421][433]LogLinker:Warning: Can't find file for asset '/Game/ArchVis/Textures/T_Shelving_M' while loading ../../../../../../Users/User/Documents/GitHub/Study-Session/Trial_third_person/Content/StarterContent/Materials/Materials/M_Shelving.uasset.
[2014.11.24-10.05.48:421][433]LogLinker:Warning: Can't find file '/Game/ArchVis/Textures/T_Shelving_N'
[2014.11.24-10.05.48:421][433]LogLinker:Warning: Can't find file for asset '/Game/ArchVis/Textures/T_Shelving_N' while loading ../../../../../../Users/User/Documents/GitHub/Study-Session/Trial_third_person/Content/StarterContent/Materials/Materials/M_Shelving.uasset.
[2014.11.24-10.05.48:421][433]LogLinker:Warning: Can't find file '/Game/ArchVis/Textures/T_Wood'
[2014.11.24-10.05.48:422][433]LogLinker:Warning: Can't find file for asset '/Game/ArchVis/Textures/T_Wood' while loading ../../../../../../Users/User/Documents/GitHub/Study-Session/Trial_third_person/Content/StarterContent/Materials/Materials/M_Shelving.uasset.
[2014.11.24-10.05.48:422][433]LogLinker:Warning: Can't find file '/Game/ArchVis/Textures/T_Wood_S'
[2014.11.24-10.05.48:422][433]LogLinker:Warning: Can't find file for asset '/Game/ArchVis/Textures/T_Wood_S' while loading ../../../../../../Users/User/Documents/GitHub/Study-Session/Trial_third_person/Content/StarterContent/Materials/Materials/M_Shelving.uasset.
[2014.11.24-10.05.48:719][433]LogLinker:Warning: Can't find file '/Game/ArchVis/Materials/MI_Carptet_Mat_Inst'
[2014.11.24-10.05.48:719][433]LogLinker:Warning: Can't find file for asset '/Game/ArchVis/Materials/MI_Carptet_Mat_Inst' while loading ../../../../../../Users/User/Documents/GitHub/Study-Session/Trial_third_person/Content/StarterContent/Mesh/SM_Carpet.uasset.
[2014.11.24-10.05.48:719][433]LoadErrors:Error: Error /Game/StarterContent/Mesh/SM_Carpet : Can't find file for asset. /Game/ArchVis/Materials/MI_Carptet_Mat_Inst
[2014.11.24-10.05.48:720][433]LogLinker:Warning: Can't find file '/Game/ArchVis/Materials/MI_Carptet_Mat_Inst'
[2014.11.24-10.05.48:720][433]LogLinker:Warning: Can't find file for asset '/Game/ArchVis/Materials/MI_Carptet_Mat_Inst' while loading ../../../../../../Users/User/Documents/GitHub/Study-Session/Trial_third_person/Content/StarterContent/Mesh/SM_Carpet.uasset.
[2014.11.24-10.05.48:734][433]LogLinker:Warning: Can't find file '/Game/ArchVis/Materials/M_Curtain_MAT_Inst'
[2014.11.24-10.05.48:734][433]LogLinker:Warning: Can't find file for asset '/Game/ArchVis/Materials/M_Curtain_MAT_Inst' while loading ../../../../../../Users/User/Documents/GitHub/Study-Session/Trial_third_person/Content/StarterContent/Mesh/SM_Curtain.uasset.
[2014.11.24-10.05.48:734][433]LoadErrors:Error: Error /Game/StarterContent/Mesh/SM_Curtain : Can't find file for asset. /Game/ArchVis/Materials/M_Curtain_MAT_Inst
[2014.11.24-10.05.48:735][433]LogLinker:Warning: Can't find file '/Game/ArchVis/Materials/M_Curtain_MAT_Inst'
[2014.11.24-10.05.48:735][433]LogLinker:Warning: Can't find file for asset '/Game/ArchVis/Materials/M_Curtain_MAT_Inst' while loading ../../../../../../Users/User/Documents/GitHub/Study-Session/Trial_third_person/Content/StarterContent/Mesh/SM_Curtain.uasset.
[2014.11.24-10.05.48:744][433]LogLinker:Warning: Can't find file '/Game/ArchVis/Materials/M_Door_MAT_Inst'
[2014.11.24-10.05.48:744][433]LogLinker:Warning: Can't find file for asset '/Game/ArchVis/Materials/M_Door_MAT_Inst' while loading ../../../../../../Users/User/Documents/GitHub/Study-Session/Trial_third_person/Content/StarterContent/Mesh/SM_Door.uasset.
[2014.11.24-10.05.48:744][433]LoadErrors:Error: Error /Game/StarterContent/Mesh/SM_Door : Can't find file for asset. /Game/ArchVis/Materials/M_Door_MAT_Inst
[2014.11.24-10.05.48:744][433]LogLinker:Warning: Can't find file '/Game/ArchVis/Materials/M_Door_MAT_Inst'
[2014.11.24-10.05.48:745][433]LogLinker:Warning: Can't find file for asset '/Game/ArchVis/Materials/M_Door_MAT_Inst' while loading ../../../../../../Users/User/Documents/GitHub/Study-Session/Trial_third_person/Content/StarterContent/Mesh/SM_Door.uasset.
[2014.11.24-10.05.48:751][433]LogLinker:Warning: Can't find file '/Game/ArchVis/Materials/M_FloorLamp_Mat_Inst'
[2014.11.24-10.05.48:751][433]LogLinker:Warning: Can't find file for asset '/Game/ArchVis/Materials/M_FloorLamp_Mat_Inst' while loading ../../../../../../Users/User/Documents/GitHub/Study-Session/Trial_third_person/Content/StarterContent/Mesh/SM_FloorLamp.uasset.
[2014.11.24-10.05.48:751][433]LoadErrors:Error: Error /Game/StarterContent/Mesh/SM_FloorLamp : Can't find file for asset. /Game/ArchVis/Materials/M_FloorLamp_Mat_Inst
[2014.11.24-10.05.48:751][433]LogLinker:Warning: Can't find file '/Game/ArchVis/Materials/M_FloorLamp_Mat_Inst'
[2014.11.24-10.05.48:751][433]LogLinker:Warning: Can't find file for asset '/Game/ArchVis/Materials/M_FloorLamp_Mat_Inst' while loading ../../../../../../Users/User/Documents/GitHub/Study-Session/Trial_third_person/Content/StarterContent/Mesh/SM_FloorLamp.uasset.
[2014.11.24-10.05.49:108][433]LogLinker:Warning: Can't find file '/Game/ArchVis/Textures/T_Shelving_N'
[2014.11.24-10.05.49:108][433]LoadErrors: Info Failed to load /Game/ArchVis/Textures/T_Shelving_N.T_Shelving_N Referenced by M_Shelving
[2014.11.24-10.05.49:109][433]LogLinker:Warning: Can't find file for asset '/Game/ArchVis/Textures/T_Shelving_N' while loading NULL.
[2014.11.24-10.05.49:109][433]LogLinker:Warning: Can't find file '/Game/ArchVis/Textures/T_Wood'
[2014.11.24-10.05.49:109][433]LoadErrors: Info Failed to load /Game/ArchVis/Textures/T_Wood.T_Wood Referenced by M_Shelving
[2014.11.24-10.05.49:109][433]LogLinker:Warning: Can't find file for asset '/Game/ArchVis/Textures/T_Wood' while loading NULL.
[2014.11.24-10.05.49:109][433]LogLinker:Warning: Can't find file '/Game/ArchVis/Textures/T_Shelving_M'
[2014.11.24-10.05.49:110][433]LoadErrors: Info Failed to load /Game/ArchVis/Textures/T_Shelving_M.T_Shelving_M Referenced by M_Shelving
[2014.11.24-10.05.49:110][433]LogLinker:Warning: Can't find file for asset '/Game/ArchVis/Textures/T_Shelving_M' while loading NULL.
[2014.11.24-10.05.49:110][433]LogLinker:Warning: Can't find file '/Game/ArchVis/Textures/T_Wood_S'
[2014.11.24-10.05.49:110][433]LoadErrors: Info Failed to load /Game/ArchVis/Textures/T_Wood_S.T_Wood_S Referenced by M_Shelving
[2014.11.24-10.05.49:110][433]LogLinker:Warning: Can't find file for asset '/Game/ArchVis/Textures/T_Wood_S' while loading NULL.
[2014.11.24-10.05.49:111][433]LogLinker:Warning: Can't find file '/Game/ArchVis/Textures/T_Shelving_N'
[2014.11.24-10.05.49:111][433]LoadErrors: Info Failed to load /Game/ArchVis/Textures/T_Shelving_N.T_Shelving_N Referenced by MaterialExpressionTextureSample_0 Property /Script/Engine.MaterialExpressionTextureBase:Texture
[2014.11.24-10.05.49:111][433]LogLinker:Warning: Can't find file for asset '/Game/ArchVis/Textures/T_Shelving_N' while loading NULL.
[2014.11.24-10.05.49:111][433]LogLinker:Warning: Can't find file '/Game/ArchVis/Textures/T_Shelving_M'
[2014.11.24-10.05.49:111][433]LoadErrors: Info Failed to load /Game/ArchVis/Textures/T_Shelving_M.T_Shelving_M Referenced by MaterialExpressionTextureSample_1 Property /Script/Engine.MaterialExpressionTextureBase:Texture
[2014.11.24-10.05.49:112][433]LogLinker:Warning: Can't find file for asset '/Game/ArchVis/Textures/T_Shelving_M' while loading NULL.
[2014.11.24-10.05.49:112][433]LogLinker:Warning: Can't find file '/Game/ArchVis/Textures/T_Wood'
[2014.11.24-10.05.49:112][433]LoadErrors: Info Failed to load /Game/ArchVis/Textures/T_Wood.T_Wood Referenced by MaterialExpressionTextureSample_4 Property /Script/Engine.MaterialExpressionTextureBase:Texture
[2014.11.24-10.05.49:112][433]LogLinker:Warning: Can't find file for asset '/Game/ArchVis/Textures/T_Wood' while loading NULL.
[2014.11.24-10.05.49:113][433]LogLinker:Warning: Can't find file '/Game/ArchVis/Textures/T_Wood_S'
[2014.11.24-10.05.49:113][433]LoadErrors: Info Failed to load /Game/ArchVis/Textures/T_Wood_S.T_Wood_S Referenced by MaterialExpressionTextureSample_5 Property /Script/Engine.MaterialExpressionTextureBase:Texture
[2014.11.24-10.05.49:113][433]LogLinker:Warning: Can't find file for asset '/Game/ArchVis/Textures/T_Wood_S' while loading NULL.
[2014.11.24-10.05.49:180][433]LogLinker:Warning: Can't find file '/Game/ArchVis/Materials/MI_Carptet_Mat_Inst'
[2014.11.24-10.05.49:180][433]LoadErrors: Info Failed to load /Game/ArchVis/Materials/MI_Carptet_Mat_Inst.MI_Carptet_Mat_Inst Referenced by SM_Carpet Property /Script/Engine.StaticMesh:Materials
[2014.11.24-10.05.49:180][433]LogLinker:Warning: Can't find file for asset '/Game/ArchVis/Materials/MI_Carptet_Mat_Inst' while loading NULL.
[2014.11.24-10.05.49:181][433]LogLinker:Warning: Can't find file '/Game/ArchVis/Materials/M_Curtain_MAT_Inst'
[2014.11.24-10.05.49:181][433]LoadErrors: Info Failed to load /Game/ArchVis/Materials/M_Curtain_MAT_Inst.M_Curtain_MAT_Inst Referenced by SM_Curtain Property /Script/Engine.StaticMesh:Materials
[2014.11.24-10.05.49:181][433]LogLinker:Warning: Can't find file for asset '/Game/ArchVis/Materials/M_Curtain_MAT_Inst' while loading NULL.
[2014.11.24-10.05.49:181][433]LogLinker:Warning: Can't find file '/Game/ArchVis/Materials/M_Door_MAT_Inst'
[2014.11.24-10.05.49:181][433]LoadErrors: Info Failed to load /Game/ArchVis/Materials/M_Door_MAT_Inst.M_Door_MAT_Inst Referenced by SM_Door Property /Script/Engine.StaticMesh:Materials
[2014.11.24-10.05.49:182][433]LogLinker:Warning: Can't find file for asset '/Game/ArchVis/Materials/M_Door_MAT_Inst' while loading NULL.
[2014.11.24-10.05.49:182][433]LogLinker:Warning: Can't find file '/Game/ArchVis/Materials/M_FloorLamp_Mat_Inst'
[2014.11.24-10.05.49:182][433]LoadErrors: Info Failed to load /Game/ArchVis/Materials/M_FloorLamp_Mat_Inst.M_FloorLamp_Mat_Inst Referenced by SM_FloorLamp Property /Script/Engine.StaticMesh:Materials
[2014.11.24-10.05.49:182][433]LogLinker:Warning: Can't find file for asset '/Game/ArchVis/Materials/M_FloorLamp_Mat_Inst' while loading NULL.
[2014.11.24-10.05.50:244][433]LogMaterial: Missing cached shader map for material M_Shelving, compiling.
[2014.11.24-10.05.50:245][433]LogMaterial:Warning: Failed to compile Material /Game/StarterContent/Materials/Materials/M_Shelving.M_Shelving for platform PCD3D_SM4, Default Material will be used in game.
[2014.11.24-10.05.50:245][433]LogMaterial:Warning: 	(Node TextureSample) TextureSample> Missing input texture
[2014.11.24-10.05.51:806][433]Cmd: MAP LOAD FILE="../../../../../../Users/User/Documents/GitHub/Study-Session/Trial_third_person/Content/Maps/LivingRoom.umap" TEMPLATE=0 SHOWPROGRESS=1
[2014.11.24-10.05.51:806][433]LightingResults: New page: Lighting Build
[2014.11.24-10.05.51:840][433]LoadErrors: New page: Loading map: LivingRoom.umap
[2014.11.24-10.05.51:840][433]MapCheck: New page: Map Check
[2014.11.24-10.05.51:841][433]LightingResults: New page: Lighting Build
[2014.11.24-10.05.51:871][433]LogParticles: Destroying 0 GPU particle simulations for FXSystem 0x00000000144D4180
[2014.11.24-10.05.51:911][433]LogEditorServer: Finished looking for orphan Actors (0.000 secs)
[2014.11.24-10.05.51:911][433]LogAIModule: Creating AISystem for world LivingRoom
[2014.11.24-10.05.51:953][433]Cmd: MAP CHECKDEP
[2014.11.24-10.05.51:953][433]MapCheck: New page: LivingRoom - Nov 23, 2014, 6:05:51 PM
[2014.11.24-10.05.52:057][433]MapCheck: Info Map check complete: 0 Error(s), 0 Warning(s), took 104.47ms to complete.
[2014.11.24-10.05.52:057][433]LogFileHelpers: Loading map 'LivingRoom' took 0.253
[2014.11.24-10.06.08:346][968]LogFactory: FactoryCreateBinary: StaticMesh with FbxFactory (0 0 ../../../../../../Users/User/Documents/GitHub/Study-Session/Trial_third_person/Content/Character/cat.blend1.fbx)
[2014.11.24-10.06.08:635][968]LogFbx: ItemName: GlobalSettings, ItemCount : 1
[2014.11.24-10.06.08:635][968]LogFbx: ItemName: NodeAttribute, ItemCount : 3
[2014.11.24-10.06.08:635][968]LogFbx: ItemName: Geometry, ItemCount : 4
[2014.11.24-10.06.08:635][968]LogFbx: ItemName: Model, ItemCount : 8
[2014.11.24-10.06.08:635][968]LogFbx: ItemName: Material, ItemCount : 2
[2014.11.24-10.06.08:635][968]LogFbx: ItemName: Texture, ItemCount : 1
[2014.11.24-10.06.08:635][968]LogFbx: ItemName: Video, ItemCount : 1
[2014.11.24-10.06.24:372][968]LogFbx: Loading FBX Scene from ../../../../../../Users/User/Documents/GitHub/Study-Session/Trial_third_person/Content/Character/cat.blend1.fbx
[2014.11.24-10.06.24:473][968]LogFbx: FBX Scene Loaded Succesfully
[2014.11.24-10.06.24:533][968]FBXImport:Warning: Warning Warning: No smoothing group information was found in this FBX scene.  Please make sure to enable the 'Export Smoothing Groups' option in the FBX Exporter plug-in before exporting the file.  Even for tools that don't support smoothing groups, the FBX Exporter will generate appropriate smoothing data at export-time so that correct vertex normals can be inferred while importing. 
[2014.11.24-10.06.24:533][968]FBXImport:Error: Error No triangles were found on mesh  'Mesh' 
[2014.11.24-10.06.24:533][968]FBXImport:Error: Error Import failed. 
[2014.11.24-10.06.29:256][968]LogAssetTools:Warning: Failed to import '../../../../../../Users/User/Documents/GitHub/Study-Session/Trial_third_person/Content/Character/cat.blend1.fbx'. Failed to create asset '/Game/Maps/cat_blend1'
[2014.11.24-10.06.47:351][583]LogFactory: FactoryCreateBinary: StaticMesh with FbxFactory (0 0 ../../../../../../Users/User/Documents/GitHub/Study-Session/Trial_third_person/Content/Character/cat.blend1.fbx)
[2014.11.24-10.06.47:355][583]LogFbx: ItemName: GlobalSettings, ItemCount : 1
[2014.11.24-10.06.47:355][583]LogFbx: ItemName: NodeAttribute, ItemCount : 3
[2014.11.24-10.06.47:355][583]LogFbx: ItemName: Geometry, ItemCount : 4
[2014.11.24-10.06.47:355][583]LogFbx: ItemName: Model, ItemCount : 8
[2014.11.24-10.06.47:356][583]LogFbx: ItemName: Material, ItemCount : 2
[2014.11.24-10.06.47:356][583]LogFbx: ItemName: Texture, ItemCount : 1
[2014.11.24-10.06.47:356][583]LogFbx: ItemName: Video, ItemCount : 1
[2014.11.24-10.06.49:012][583]LogFbx: Loading FBX Scene from ../../../../../../Users/User/Documents/GitHub/Study-Session/Trial_third_person/Content/Character/cat.blend1.fbx
[2014.11.24-10.06.49:089][583]LogFbx: FBX Scene Loaded Succesfully
[2014.11.24-10.06.49:143][583]FBXImport:Warning: Warning Warning: No smoothing group information was found in this FBX scene.  Please make sure to enable the 'Export Smoothing Groups' option in the FBX Exporter plug-in before exporting the file.  Even for tools that don't support smoothing groups, the FBX Exporter will generate appropriate smoothing data at export-time so that correct vertex normals can be inferred while importing. 
[2014.11.24-10.06.49:143][583]FBXImport:Error: Error No triangles were found on mesh  'Mesh' 
[2014.11.24-10.06.49:143][583]FBXImport:Error: Error Import failed. 
[2014.11.24-10.06.50:983][583]LogAssetTools:Warning: Failed to import '../../../../../../Users/User/Documents/GitHub/Study-Session/Trial_third_person/Content/Character/cat.blend1.fbx'. Failed to create asset '/Game/Maps/cat_blend1'
[2014.11.24-10.08.13:693][236]LogFactory: FactoryCreateBinary: StaticMesh with FbxFactory (0 0 ../../../../../../Users/User/Documents/GitHub/Study-Session/Trial_third_person/Content/Character/cat2.fbx)
[2014.11.24-10.08.13:698][236]LogFbx: ItemName: GlobalSettings, ItemCount : 1
[2014.11.24-10.08.13:698][236]LogFbx: ItemName: Geometry, ItemCount : 1
[2014.11.24-10.08.13:698][236]LogFbx: ItemName: Model, ItemCount : 1
[2014.11.24-10.08.13:698][236]LogFbx: ItemName: Material, ItemCount : 2
[2014.11.24-10.08.13:698][236]LogFbx: ItemName: Texture, ItemCount : 1
[2014.11.24-10.08.13:698][236]LogFbx: ItemName: Video, ItemCount : 1
[2014.11.24-10.08.15:681][236]LogFbx: Loading FBX Scene from ../../../../../../Users/User/Documents/GitHub/Study-Session/Trial_third_person/Content/Character/cat2.fbx
[2014.11.24-10.08.15:761][236]LogFbx: FBX Scene Loaded Succesfully
[2014.11.24-10.08.15:798][236]LogFbx:Warning: Triangulating static mesh Sphere.007
[2014.11.24-10.08.46:577][236]LogFbx: == Initial material list:
[2014.11.24-10.08.46:577][236]LogFbx: 0: Material
[2014.11.24-10.08.46:577][236]LogFbx: 1: Material.001
[2014.11.24-10.08.46:597][236]LogFbx: == After sorting:
[2014.11.24-10.08.46:597][236]LogFbx: 0: Material
[2014.11.24-10.08.46:597][236]LogFbx: 1: Material.001
[2014.11.24-10.08.46:597][236]LogFbx: == Mapping table:
[2014.11.24-10.08.46:597][236]LogFbx:   sort 0 -> 0
[2014.11.24-10.08.46:597][236]LogFbx:   sort 1 -> 1
[2014.11.24-10.08.46:764][236]LogStaticMesh: Building static mesh cat2...
[2014.11.24-10.08.47:630][236]LogLayoutUV:Display: FindCharts: 226 ms
[2014.11.24-10.08.47:798][236]LogLayoutUV:Display: PackCharts: 123 ms
[2014.11.24-10.08.47:798][236]LogLayoutUV:Display:   Rasterize: 234860
[2014.11.24-10.08.47:798][236]LogLayoutUV:Display:   Find: 64560
[2014.11.24-10.08.48:082][236]LogLayoutUV:Display: PackCharts: 126 ms
[2014.11.24-10.08.48:083][236]LogLayoutUV:Display:   Rasterize: 236087
[2014.11.24-10.08.48:083][236]LogLayoutUV:Display:   Find: 71598
[2014.11.24-10.08.48:330][236]LogLayoutUV:Display: PackCharts: 124 ms
[2014.11.24-10.08.48:330][236]LogLayoutUV:Display:   Rasterize: 232126
[2014.11.24-10.08.48:330][236]LogLayoutUV:Display:   Find: 70832
[2014.11.24-10.08.48:594][236]LogLayoutUV:Display: PackCharts: 136 ms
[2014.11.24-10.08.48:594][236]LogLayoutUV:Display:   Rasterize: 253795
[2014.11.24-10.08.48:594][236]LogLayoutUV:Display:   Find: 77258
[2014.11.24-10.09.33:991][236]LogStaticMesh: Built static mesh [47228.039063ms] /Game/Maps/cat2.cat2
[2014.11.24-10.09.34:538][236]FBXImport:Warning: Warning Warning: No smoothing group information was found in this FBX scene.  Please make sure to enable the 'Export Smoothing Groups' option in the FBX Exporter plug-in before exporting the file.  Even for tools that don't support smoothing groups, the FBX Exporter will generate appropriate smoothing data at export-time so that correct vertex normals can be inferred while importing. 
[2014.11.24-10.09.35:067][236]LogContentBrowser:Verbose: The content browser source was changed by the sources view to 'None'
[2014.11.24-10.09.35:068][236]LogContentBrowser:Verbose: The content browser source was changed by the sources view to '/Game/Maps'
[2014.11.24-10.10.32:249][423]LogActorFactory: Actor Factory created cat2
[2014.11.24-10.10.33:220][435]LogActorFactory: Actor Factory created cat2
[2014.11.24-10.10.37:812][627]LogWindowsTextInputMethodSystem:Error: Deactivating a context failed while setting focus to the disabled TSF document manager.
[2014.11.24-10.10.37:812][627]LogWindowsTextInputMethodSystem:Error: Deactivating a context failed while setting focus to the disabled TSF document manager.
[2014.11.24-10.10.37:812][627]LogWindowsTextInputMethodSystem:Error: Deactivating a context failed while setting focus to the disabled TSF document manager.
[2014.11.24-10.10.46:717][971]LogWindowsTextInputMethodSystem:Error: Deactivating a context failed while setting focus to the disabled TSF document manager.
[2014.11.24-10.10.46:717][971]LogWindowsTextInputMethodSystem:Error: Deactivating a context failed while setting focus to the disabled TSF document manager.
[2014.11.24-10.10.46:717][971]LogWindowsTextInputMethodSystem:Error: Deactivating a context failed while setting focus to the disabled TSF document manager.
[2014.11.24-10.10.56:006][ 80]LogEditorViewport: Clicking on Actor (context menu): StaticMeshActor (cat2)
[2014.11.24-10.15.49:435][188]LogSavePackage: Save=377.527496ms
[2014.11.24-10.15.49:435][188]LogSavePackage: Moving '../../../../../../Users/User/Documents/GitHub/Study-Session/Trial_third_person/Saved/LivingRoom_Auto12C981B3D48CB1F2DE5CE788498CDDC6E.tmp' to '../../../../../../Users/User/Documents/GitHub/Study-Session/Trial_third_person/Saved/Autosaves/Game/Maps/LivingRoom_Auto1.umap'
[2014.11.24-10.15.49:445][188]LogFileHelpers: Editor autosave (incl. sublevels) for '/Game/Maps/LivingRoom' took 0.497
[2014.11.24-10.15.49:445][188]LogFileHelpers: Editor autosave (incl. sublevels) for all levels took 0.497
[2014.11.24-10.15.49:452][188]OBJ SavePackage: Generating thumbnails for [1] asset(s) in package [/Game/Maps/cat_blend1] ([1] browsable assets)...
[2014.11.24-10.15.49:488][188]OBJ SavePackage:     Rendered thumbnail for [StaticMesh /Game/Maps/cat_blend1.cat_blend1]
[2014.11.24-10.15.49:488][188]OBJ SavePackage: Finished generating thumbnails for package [/Game/Maps/cat_blend1]
[2014.11.24-10.15.49:599][188]LogSavePackage: Save=85.404564ms
[2014.11.24-10.15.49:599][188]LogSavePackage: Moving '../../../../../../Users/User/Documents/GitHub/Study-Session/Trial_third_person/Saved/cat_blend1_Auto169F7B7F84090F866066E90B282F63343.tmp' to '../../../../../../Users/User/Documents/GitHub/Study-Session/Trial_third_person/Saved/Autosaves/Game/Maps/cat_blend1_Auto1.uasset'
[2014.11.24-10.15.49:612][188]OBJ SavePackage: Generating thumbnails for [1] asset(s) in package [/Game/Maps/cat2] ([1] browsable assets)...
[2014.11.24-10.15.49:645][188]OBJ SavePackage:     Rendered thumbnail for [StaticMesh /Game/Maps/cat2.cat2]
[2014.11.24-10.15.49:645][188]OBJ SavePackage: Finished generating thumbnails for package [/Game/Maps/cat2]
[2014.11.24-10.15.49:770][188]LogSavePackage: Save=106.263397ms
[2014.11.24-10.15.49:770][188]LogSavePackage: Moving '../../../../../../Users/User/Documents/GitHub/Study-Session/Trial_third_person/Saved/cat2_Auto13CAC965145EC95510AD85395D2AEF7F5.tmp' to '../../../../../../Users/User/Documents/GitHub/Study-Session/Trial_third_person/Saved/Autosaves/Game/Maps/cat2_Auto1.uasset'
[2014.11.24-10.15.49:778][188]LogFileHelpers: Auto-saving content packages took 0.332
[2014.11.24-10.21.34:149][315]LogEditorViewport: Clicking on Actor (context menu): StaticMeshActor (cat2)
[2014.11.24-10.21.36:758][410]Cmd: DELETE
[2014.11.24-10.21.36:758][410]Cmd: ACTOR DELETE
[2014.11.24-10.21.36:768][410]LogEditorActor: Deleted Actor: StaticMeshActor
[2014.11.24-10.21.36:841][410]LogEditorActor: Deleted 1 Actors (0.083 secs)
[2014.11.24-10.21.40:577][580]LogSavePackage: Save=788.246643ms
[2014.11.24-10.21.40:578][580]LogSavePackage: Moving '../../../../../../Users/User/Documents/GitHub/Study-Session/Trial_third_person/Saved/LivingRoomF31B55E340E6654751DF239E00959472.tmp' to '../../../../../../Users/User/Documents/GitHub/Study-Session/Trial_third_person/Content/Maps/LivingRoom.umap'
[2014.11.24-10.23.28:309][938]Cmd: QUIT_EDITOR
[2014.11.24-10.23.28:939][938]LogExit: Preparing to exit.
[2014.11.24-10.23.29:908][938]LogExit: Editor shut down
[2014.11.24-10.23.29:909][938]LogExit: Transaction tracking system shut down
[2014.11.24-10.23.29:910][938]LogParticles: Destroying 0 GPU particle simulations for FXSystem 0x000000001448DBC0
[2014.11.24-10.23.29:910][938]LogParticles: Destroying 0 GPU particle simulations for FXSystem 0x000000001448DD00
[2014.11.24-10.23.29:912][938]LogParticles: Destroying 0 GPU particle simulations for FXSystem 0x000000002AE25260
[2014.11.24-10.23.29:992][938]LogExit: Object subsystem successfully closed.
[2014.11.24-10.23.30:071][938]LogModuleManager: Shutting down and abandoning module AndroidDeviceDetection (166)
[2014.11.24-10.23.30:071][938]LogModuleManager: Shutting down and abandoning module CrashTracker (165)
[2014.11.24-10.23.30:071][938]LogModuleManager: Shutting down and abandoning module SuperSearch (164)
[2014.11.24-10.23.30:071][938]LogModuleManager: Shutting down and abandoning module SceneOutliner (163)
[2014.11.24-10.23.30:071][938]LogModuleManager: Shutting down and abandoning module EditorWidgets (162)
[2014.11.24-10.23.30:071][938]LogModuleManager: Shutting down and abandoning module CollectionManager (161)
[2014.11.24-10.23.30:071][938]LogModuleManager: Shutting down and abandoning module StatsViewer (160)
[2014.11.24-10.23.30:071][938]LogModuleManager: Shutting down and abandoning module FoliageEdit (159)
[2014.11.24-10.23.30:071][938]LogModuleManager: Shutting down and abandoning module LandscapeEditor (158)
[2014.11.24-10.23.30:071][938]LogModuleManager: Shutting down and abandoning module MeshPaint (157)
[2014.11.24-10.23.30:071][938]LogModuleManager: Shutting down and abandoning module ActorPickerMode (156)
[2014.11.24-10.23.30:071][938]LogModuleManager: Shutting down and abandoning module GeometryMode (155)
[2014.11.24-10.23.30:072][938]LogModuleManager: Shutting down and abandoning module TextureAlignMode (154)
[2014.11.24-10.23.30:072][938]LogModuleManager: Shutting down and abandoning module BspMode (153)
[2014.11.24-10.23.30:072][938]LogModuleManager: Shutting down and abandoning module PlacementMode (152)
[2014.11.24-10.23.30:072][938]LogModuleManager: Shutting down and abandoning module AutomationWorker (151)
[2014.11.24-10.23.30:072][938]LogModuleManager: Shutting down and abandoning module CharacterAI (150)
[2014.11.24-10.23.30:072][938]LogModuleManager: Shutting down and abandoning module GameProjectGeneration (149)
[2014.11.24-10.23.30:072][938]LogModuleManager: Shutting down and abandoning module IntroTutorials (148)
[2014.11.24-10.23.30:072][938]LogModuleManager: Shutting down and abandoning module EditorLiveStreaming (147)
[2014.11.24-10.23.30:072][938]LogModuleManager: Shutting down and abandoning module HardwareTargeting (146)
[2014.11.24-10.23.30:072][938]LogModuleManager: Shutting down and abandoning module BehaviorTreeEditor (145)
[2014.11.24-10.23.30:072][938]LogModuleManager: Shutting down and abandoning module DeviceProfileEditor (144)
[2014.11.24-10.23.30:072][938]LogModuleManager: Shutting down and abandoning module UndoHistory (143)
[2014.11.24-10.23.30:072][938]LogModuleManager: Shutting down and abandoning module GameplayTagsEditor (142)
[2014.11.24-10.23.30:072][938]LogModuleManager: Shutting down and abandoning module UserFeedback (141)
[2014.11.24-10.23.30:072][938]LogModuleManager: Shutting down and abandoning module XmlParser (140)
[2014.11.24-10.23.30:072][938]LogModuleManager: Shutting down and abandoning module Blutility (139)
[2014.11.24-10.23.30:072][938]LogModuleManager: Shutting down and abandoning module IOSPlatformEditor (138)
[2014.11.24-10.23.30:072][938]LogModuleManager: Shutting down and abandoning module IOSRuntimeSettings (137)
[2014.11.24-10.23.30:072][938]LogModuleManager: Shutting down and abandoning module AndroidPlatformEditor (136)
[2014.11.24-10.23.30:072][938]LogModuleManager: Shutting down and abandoning module AndroidRuntimeSettings (135)
[2014.11.24-10.23.30:072][938]LogModuleManager: Shutting down and abandoning module ProjectTargetPlatformEditor (134)
[2014.11.24-10.23.30:072][938]LogModuleManager: Shutting down and abandoning module ProjectSettingsViewer (133)
[2014.11.24-10.23.30:072][938]LogModuleManager: Shutting down and abandoning module InputBindingEditor (132)
[2014.11.24-10.23.30:073][938]LogModuleManager: Shutting down and abandoning module EditorSettingsViewer (131)
[2014.11.24-10.23.30:073][938]LogModuleManager: Shutting down and abandoning module SettingsEditor (130)
[2014.11.24-10.23.30:073][938]LogModuleManager: Shutting down and abandoning module ProjectLauncher (129)
[2014.11.24-10.23.30:073][938]LogModuleManager: Shutting down and abandoning module SessionFrontend (128)
[2014.11.24-10.23.30:073][938]LogModuleManager: Shutting down and abandoning module ProfilerClient (127)
[2014.11.24-10.23.30:073][938]LogModuleManager: Shutting down and abandoning module TargetDeviceServices (126)
[2014.11.24-10.23.30:073][938]LogModuleManager: Shutting down and abandoning module DeviceManager (125)
[2014.11.24-10.23.30:073][938]LogModuleManager: Shutting down and abandoning module AutomationController (124)
[2014.11.24-10.23.30:073][938]LogModuleManager: Shutting down and abandoning module AutomationWindow (123)
[2014.11.24-10.23.30:073][938]LogModuleManager: Shutting down and abandoning module Layers (122)
[2014.11.24-10.23.30:073][938]LogModuleManager: Shutting down and abandoning module ComponentVisualizers (121)
[2014.11.24-10.23.30:073][938]LogModuleManager: Shutting down and abandoning module DetailCustomizations (120)
[2014.11.24-10.23.30:073][938]LogModuleManager: Shutting down and abandoning module PackagesDialog (119)
[2014.11.24-10.23.30:074][938]LogModuleManager: Shutting down and abandoning module AssetRegistry (118)
[2014.11.24-10.23.30:185][938]LogModuleManager: Shutting down and abandoning module Persona (117)
[2014.11.24-10.23.30:185][938]LogModuleManager: Shutting down and abandoning module Kismet (116)
[2014.11.24-10.23.30:185][938]LogModuleManager: Shutting down and abandoning module GraphEditor (115)
[2014.11.24-10.23.30:185][938]LogModuleManager: Shutting down and abandoning module ClassViewer (114)
[2014.11.24-10.23.30:185][938]LogModuleManager: Shutting down and abandoning module Toolbox (113)
[2014.11.24-10.23.30:185][938]LogModuleManager: Shutting down and abandoning module ModuleUI (112)
[2014.11.24-10.23.30:185][938]LogModuleManager: Shutting down and abandoning module MovieSceneTools (111)
[2014.11.24-10.23.30:185][938]LogModuleManager: Shutting down and abandoning module OutputLog (110)
[2014.11.24-10.23.30:186][938]LogModuleManager: Shutting down and abandoning module GammaUI (109)
[2014.11.24-10.23.30:186][938]LogModuleManager: Shutting down and abandoning module Documentation (108)
[2014.11.24-10.23.30:186][938]LogModuleManager: Shutting down and abandoning module GameLiveStreaming (107)
[2014.11.24-10.23.30:186][938]LogModuleManager: Shutting down and abandoning module StreamingPauseRendering (106)
[2014.11.24-10.23.30:186][938]LogModuleManager: Shutting down and abandoning module HTTP (105)
[2014.11.24-10.23.30:186][938]LogModuleManager: Shutting down and abandoning module AnalyticsET (104)
[2014.11.24-10.23.30:186][938]LogModuleManager: Shutting down and abandoning module Analytics (103)
[2014.11.24-10.23.30:186][938]LogModuleManager: Shutting down and abandoning module GameplayDebugger (102)
[2014.11.24-10.23.30:186][938]LogModuleManager: Shutting down and abandoning module AIModule (101)
[2014.11.24-10.23.30:186][938]LogModuleManager: Shutting down and abandoning module ProfilerService (100)
[2014.11.24-10.23.30:339][938]LogModuleManager: Shutting down and abandoning module TaskGraph (99)
[2014.11.24-10.23.30:339][938]LogModuleManager: Shutting down and abandoning module SlateRemote (98)
[2014.11.24-10.23.30:339][938]LogModuleManager: Shutting down and abandoning module ScriptEditorPlugin (97)
[2014.11.24-10.23.30:339][938]LogModuleManager: Shutting down and abandoning module CustomMeshComponent (96)
[2014.11.24-10.23.30:339][938]LogModuleManager: Shutting down and abandoning module CableComponent (95)
[2014.11.24-10.23.30:339][938]LogModuleManager: Shutting down and abandoning module MessagingDebugger (94)
[2014.11.24-10.23.30:339][938]LogModuleManager: Shutting down and abandoning module MediaPlayerEditor (93)
[2014.11.24-10.23.30:339][938]LogModuleManager: Shutting down and abandoning module SpeedTreeImporter (92)
[2014.11.24-10.23.30:339][938]LogModuleManager: Shutting down and abandoning module PluginsEditor (91)
[2014.11.24-10.23.30:339][938]LogModuleManager: Shutting down and abandoning module EpicSurvey (90)
[2014.11.24-10.23.30:339][938]LogModuleManager: Shutting down and abandoning module DesktopPlatform (89)
[2014.11.24-10.23.30:339][938]LogModuleManager: Shutting down and abandoning module VisualStudioSourceCodeAccess (88)
[2014.11.24-10.23.30:339][938]LogModuleManager: Shutting down and abandoning module UObjectPlugin (87)
[2014.11.24-10.23.30:339][938]LogModuleManager: Shutting down and abandoning module SubversionSourceControl (86)
[2014.11.24-10.23.30:339][938]LogModuleManager: Shutting down and abandoning module SourceControl (85)
[2014.11.24-10.23.30:339][938]LogModuleManager: Shutting down and abandoning module PerforceSourceControl (84)
[2014.11.24-10.23.30:339][938]LogModuleManager: Shutting down and abandoning module BlankPlugin (83)
[2014.11.24-10.23.30:339][938]LogModuleManager: Shutting down and abandoning module SlateReflector (82)
[2014.11.24-10.23.30:339][938]LogModuleManager: Shutting down and abandoning module DirectoryWatcher (81)
[2014.11.24-10.23.30:340][938]LogModuleManager: Shutting down and abandoning module HotReload (80)
[2014.11.24-10.23.30:340][938]LogModuleManager: Shutting down and abandoning module MainFrame (79)
[2014.11.24-10.23.30:340][938]LogModuleManager: Shutting down and abandoning module LevelEditor (78)
[2014.11.24-10.23.30:342][938]LogModuleManager: Shutting down and abandoning module ViewportSnapping (77)
[2014.11.24-10.23.30:342][938]LogModuleManager: Shutting down and abandoning module SmartSnapping (76)
[2014.11.24-10.23.30:342][938]LogModuleManager: Shutting down and abandoning module PaperTiledImporter (75)
[2014.11.24-10.23.30:342][938]LogModuleManager: Shutting down and abandoning module PaperJsonImporter (74)
[2014.11.24-10.23.30:342][938]LogModuleManager: Shutting down and abandoning module ContentBrowser (73)
[2014.11.24-10.23.30:342][938]LogModuleManager: Shutting down and abandoning module PropertyEditor (72)
[2014.11.24-10.23.30:342][938]LogModuleManager: Shutting down and abandoning module Paper2DEditor (71)
[2014.11.24-10.23.30:342][938]LogModuleManager: Shutting down and abandoning module ScriptPlugin (70)
[2014.11.24-10.23.30:342][938]LogModuleManager: Shutting down and abandoning module UdpMessaging (69)
[2014.11.24-10.23.30:442][938]LogModuleManager: Shutting down and abandoning module Paper2D (68)
[2014.11.24-10.23.30:442][938]LogModuleManager: Shutting down and abandoning module WindowsMoviePlayer (67)
[2014.11.24-10.23.30:445][938]LogModuleManager: Shutting down and abandoning module Media (66)
[2014.11.24-10.23.30:445][938]LogModuleManager: Shutting down and abandoning module WmfMedia (65)
[2014.11.24-10.23.30:446][938]LogModuleManager: Shutting down and abandoning module OnlineBlueprintSupport (64)
[2014.11.24-10.23.30:446][938]LogModuleManager: Shutting down and abandoning module FunctionalTesting (63)
[2014.11.24-10.23.30:446][938]LogModuleManager: Shutting down and abandoning module CollisionAnalyzer (62)
[2014.11.24-10.23.30:446][938]LogModuleManager: Shutting down and abandoning module WorkspaceMenuStructure (61)
[2014.11.24-10.23.30:446][938]LogModuleManager: Shutting down and abandoning module MessageLog (60)
[2014.11.24-10.23.30:446][938]LogModuleManager: Shutting down and abandoning module Sequencer (59)
[2014.11.24-10.23.30:446][938]LogModuleManager: Shutting down and abandoning module AssetTools (58)
[2014.11.24-10.23.30:446][938]LogModuleManager: Shutting down and abandoning module UMGEditor (57)
[2014.11.24-10.23.30:446][938]LogModuleManager: Shutting down and abandoning module UMG (56)
[2014.11.24-10.23.30:446][938]LogModuleManager: Shutting down and abandoning module Slate (55)
[2014.11.24-10.23.30:446][938]LogModuleManager: Shutting down and abandoning module EditorStyle (54)
[2014.11.24-10.23.30:448][938]LogModuleManager: Shutting down and abandoning module SessionServices (53)
[2014.11.24-10.23.30:449][938]LogModuleManager: Shutting down and abandoning module SourceCodeAccess (52)
[2014.11.24-10.23.30:449][938]LogModuleManager: Shutting down and abandoning module HeadMountedDisplay (51)
[2014.11.24-10.23.30:449][938]LogModuleManager: Shutting down and abandoning module XAudio2 (50)
[2014.11.24-10.23.30:449][938]LogModuleManager: Shutting down and abandoning module Networking (48)
[2014.11.24-10.23.30:449][938]LogModuleManager: Shutting down and abandoning module Core (47)
[2014.11.24-10.23.30:449][938]LogModuleManager: Shutting down and abandoning module KismetCompiler (46)
[2014.11.24-10.23.30:449][938]LogModuleManager: Shutting down and abandoning module PhysXFormats (45)
[2014.11.24-10.23.30:449][938]LogModuleManager: Shutting down and abandoning module MeshUtilities (44)
[2014.11.24-10.23.30:449][938]LogModuleManager: Shutting down and abandoning module DerivedDataCache (43)
[2014.11.24-10.23.30:967][938]LogDerivedDataCache: Shutdown
[2014.11.24-10.23.30:967][938]LogModuleManager: Shutting down and abandoning module ShaderFormatOpenGL (42)
[2014.11.24-10.23.30:967][938]LogModuleManager: Shutting down and abandoning module ShaderFormatD3D (41)
[2014.11.24-10.23.30:967][938]LogModuleManager: Shutting down and abandoning module MetalShaderFormat (40)
[2014.11.24-10.23.30:967][938]LogModuleManager: Shutting down and abandoning module TextureFormatUncompressed (39)
[2014.11.24-10.23.30:967][938]LogModuleManager: Shutting down and abandoning module TextureFormatPVR (38)
[2014.11.24-10.23.30:967][938]LogModuleManager: Shutting down and abandoning module TextureFormatDXT (37)
[2014.11.24-10.23.30:967][938]LogModuleManager: Shutting down and abandoning module TextureFormatAndroid (36)
[2014.11.24-10.23.30:967][938]LogModuleManager: Shutting down and abandoning module AudioFormatOpus (35)
[2014.11.24-10.23.30:967][938]LogModuleManager: Shutting down and abandoning module AudioFormatOgg (34)
[2014.11.24-10.23.30:967][938]LogModuleManager: Shutting down and abandoning module AudioFormatADPCM (33)
[2014.11.24-10.23.30:967][938]LogModuleManager: Shutting down and abandoning module Messaging (32)
[2014.11.24-10.23.30:967][938]LogModuleManager: Shutting down and abandoning module IOSTargetPlatform (31)
[2014.11.24-10.23.30:967][938]LogModuleManager: Shutting down and abandoning module Android_PVRTCTargetPlatform (30)
[2014.11.24-10.23.30:967][938]LogModuleManager: Shutting down and abandoning module Android_ETC2TargetPlatform (29)
[2014.11.24-10.23.30:968][938]LogModuleManager: Shutting down and abandoning module Android_ETC1TargetPlatform (28)
[2014.11.24-10.23.30:968][938]LogModuleManager: Shutting down and abandoning module Android_DXTTargetPlatform (27)
[2014.11.24-10.23.30:968][938]LogModuleManager: Shutting down and abandoning module Android_ATCTargetPlatform (26)
[2014.11.24-10.23.30:968][938]LogModuleManager: Shutting down and abandoning module AndroidTargetPlatform (25)
[2014.11.24-10.23.30:968][938]LogModuleManager: Shutting down and abandoning module WindowsTargetPlatform (24)
[2014.11.24-10.23.30:968][938]LogModuleManager: Shutting down and abandoning module WindowsServerTargetPlatform (23)
[2014.11.24-10.23.30:968][938]LogModuleManager: Shutting down and abandoning module WindowsNoEditorTargetPlatform (22)
[2014.11.24-10.23.30:968][938]LogModuleManager: Shutting down and abandoning module WindowsClientTargetPlatform (21)
[2014.11.24-10.23.30:968][938]LogModuleManager: Shutting down and abandoning module TargetPlatform (20)
[2014.11.24-10.23.30:968][938]LogModuleManager: Shutting down and abandoning module InputCore (19)
[2014.11.24-10.23.30:968][938]LogModuleManager: Shutting down and abandoning module Settings (18)
[2014.11.24-10.23.30:968][938]LogModuleManager: Shutting down and abandoning module ImageWrapper (17)
[2014.11.24-10.23.30:968][938]LogModuleManager: Shutting down and abandoning module OculusRift (14)
[2014.11.24-10.23.30:968][938]LogModuleManager: Shutting down and abandoning module ExampleDeviceProfileSelector (13)
[2014.11.24-10.23.30:968][938]LogModuleManager: Shutting down and abandoning module TextureCompressor (12)
[2014.11.24-10.23.30:968][938]LogModuleManager: Shutting down and abandoning module ShaderCore (11)
[2014.11.24-10.23.30:968][938]LogModuleManager: Shutting down and abandoning module SlateRHIRenderer (10)
[2014.11.24-10.23.30:970][938]LogModuleManager: Shutting down and abandoning module OpenGLDrv (9)
[2014.11.24-10.23.30:970][938]LogModuleManager: Shutting down and abandoning module D3D11RHI (8)
[2014.11.24-10.23.30:970][938]LogModuleManager: Shutting down and abandoning module Renderer (7)
[2014.11.24-10.23.30:970][938]LogModuleManager: Shutting down and abandoning module Engine (6)
[2014.11.24-10.23.30:970][938]LogModuleManager: Shutting down and abandoning module CoreUObject (5)
[2014.11.24-10.23.30:970][938]LogModuleManager: Shutting down and abandoning module NetworkFile (4)
[2014.11.24-10.23.30:970][938]LogModuleManager: Shutting down and abandoning module StreamingFile (3)
[2014.11.24-10.23.30:970][938]LogModuleManager: Shutting down and abandoning module SandboxFile (2)
[2014.11.24-10.23.30:970][938]LogModuleManager: Shutting down and abandoning module PakFile (1)
[2014.11.24-10.23.30:975][938]LogExit: Exiting.
[2014.11.24-10.23.31:024][938]Log file closed, 11/24/14 02:23:31
