Log file open, 12/13/14 13:10:11
LogInit:Display: Running engine for game: Trial_third_person
LogInit: Version: 4.5.1-2336687+++depot+UE4-Releases+4.5
LogInit: API Version: 2326478
LogInit: Compiled (64-bit): Oct 21 2014 22:32:40
LogInit: Compiled with Visual C++: 18.00.21005.01
LogInit: Build Configuration: Development
LogInit: Branch Name: ++depot+UE4-Releases+4.5
LogInit: Command line:  /Temp/Autosaves/Game/Maps/UEDPCSchool -game -PIEVIACONSOLE -ResX=1280 -ResY=720  -Multiprocess 
LogInit: Base directory: C:/Program Files/Epic Games/4.5/Engine/Binaries/Win64/
LogInit: Rocket: 1
[2014.12.13-21.10.11:240][  0]LogTaskGraph: Started task graph with 3 named threads and 4 total threads.
[2014.12.13-21.10.11:271][  0]LogOnline:Warning: No default platform service specified for OnlineSubsystem
[2014.12.13-21.10.11:294][  0]LogInit: Presizing for 0 objects not considered by GC, pre-allocating 0 bytes.
[2014.12.13-21.10.11:308][  0]LogInit: Object subsystem initialized
[2014.12.13-21.10.11:312][  0]LogConsoleResponse:Warning: Skipping Unknown console variable: 'UIScaleRule = ShortestSide'
[2014.12.13-21.10.11:312][  0]LogConsoleResponse:Warning:   Found in ini file 'C:/Users/Jeremy/Documents/GitHub/Study-Session/Trial_third_person/Saved/Config/Windows/Engine.ini', in section '[/Script/Engine.RendererSettings]'
[2014.12.13-21.10.11:312][  0]LogConsoleResponse:Warning: Skipping Unknown console variable: 'UIScaleCurve = (EditorCurveData=(Keys=((Time=480.000000,Value=0.444000),(Time=720.000000,Value=0.666000),(Time=1080.000000,Value=1.000000),(Time=8640.000000,Value=8.000000))),ExternalCurve=None)'
[2014.12.13-21.10.11:312][  0]LogConsoleResponse:Warning:   Found in ini file 'C:/Users/Jeremy/Documents/GitHub/Study-Session/Trial_third_person/Saved/Config/Windows/Engine.ini', in section '[/Script/Engine.RendererSettings]'
[2014.12.13-21.10.11:313][  0]LogInit: Selected Device Profile: [Windows]
[2014.12.13-21.10.11:313][  0]LogInit: Applying CVar settings loaded from the selected device profile: [Windows]
[2014.12.13-21.10.11:323][  0]LogInit: Computer: BRIANA-DESKTOP
[2014.12.13-21.10.11:323][  0]LogInit: User: Jeremy
[2014.12.13-21.10.11:324][  0]LogInit: CPU Page size=4096, Cores=4
[2014.12.13-21.10.11:324][  0]LogInit: High frequency timer resolution =14.318180 MHz
[2014.12.13-21.10.11:324][  0]LogMemory: Memory total: Physical=8.0GB (8GB approx) Virtual=8192.0GB
[2014.12.13-21.10.11:324][  0]LogMemory: Platform Memory Stats for Windows
[2014.12.13-21.10.11:324][  0]LogMemory: Process Physical Memory: 63.13 MB used, 63.13 MB peak
[2014.12.13-21.10.11:324][  0]LogMemory: Process Virtual Memory: 38.55 MB used, 38.55 MB peak
[2014.12.13-21.10.11:324][  0]LogMemory: Physical Memory: 3546.79 MB used, 8183.89 MB total
[2014.12.13-21.10.11:324][  0]LogMemory: Virtual Memory: 271.60 MB used, 8388608.00 MB total
[2014.12.13-21.10.11:375][  0]LogD3D11RHI: Found D3D11 adapter 0: NVIDIA GeForce GTX 550 Ti (Feature Level 11_0)
[2014.12.13-21.10.11:375][  0]LogD3D11RHI: Adapter has 977MB of dedicated video memory, 0MB of dedicated system memory, and 3071MB of shared system memory, 2 output[s]
[2014.12.13-21.10.11:375][  0]LogD3D11RHI: Chosen D3D11 Adapter Id = 0
[2014.12.13-21.10.11:383][  0]LogRHI: Texture pool is 684 MB (70% of 977 MB)
[2014.12.13-21.10.11:393][  0]LogD3D11RHI: Async texture creation enabled
[2014.12.13-21.10.11:441][  0]LogTextLocalizationManager: The requested culture ('en_US') has no localization data; parent culture's ('en') localization data will be used.
[2014.12.13-21.10.11:644][  0]LogContentStreaming: Texture pool size is 1000.000000MB
[2014.12.13-21.10.17:488][  0]LogTargetPlatformManager:Display: Building Assets For Windows
[2014.12.13-21.10.17:980][  0]LogTargetPlatformManager:Display: Building Assets For Windows
[2014.12.13-21.10.18:045][  0]LogDerivedDataCache:Display: Max Cache Size: 512 MB
[2014.12.13-21.10.18:135][  0]LogDerivedDataCache: Loaded boot cache 0.09s 39MB C:/Users/Jeremy/AppData/Local/UnrealEngine/4.5/DerivedDataCache/Boot.ddc.
[2014.12.13-21.10.18:135][  0]LogDerivedDataCache:Display: Loaded Boot cache: C:/Users/Jeremy/AppData/Local/UnrealEngine/4.5/DerivedDataCache/Boot.ddc
[2014.12.13-21.10.18:136][  0]LogDerivedDataCache: FDerivedDataBackendGraph:  Pak pak cache file ../../../../../../Users/Jeremy/Documents/GitHub/Study-Session/Trial_third_person/DerivedDataCache/DDC.ddp not found, will not use a pak cache.
[2014.12.13-21.10.18:136][  0]LogDerivedDataCache: Unable to find inner node Pak for hierarchical cache Hierarchy.
[2014.12.13-21.10.18:223][  0]LogDerivedDataCache:Display: Pak cache opened for reading ../../../Engine/DerivedDataCache/DDC.ddp.
[2014.12.13-21.10.18:235][  0]LogDerivedDataCache: Using Local data cache path C:/Users/Jeremy/AppData/Local/UnrealEngine/Common/DerivedDataCache: Writable
[2014.12.13-21.10.18:475][  0]LogMeshUtilities: No automatic mesh reduction module available
[2014.12.13-21.10.18:475][  0]LogMeshUtilities: No automatic mesh merging module available
[2014.12.13-21.10.18:813][  0]LogLinker:Warning: Asset '../../../Engine/Content/Functions/Engine_MaterialFunctions02/Texturing/FlipBook.uasset' has been saved with empty engine version. The asset will be loaded but may be incompatible.
[2014.12.13-21.10.18:818][  0]LogLinker:Warning: Asset '../../../Engine/Content/Functions/Engine_MaterialFunctions02/ExampleContent/Textures/flipbook.uasset' has been saved with empty engine version. The asset will be loaded but may be incompatible.
[2014.12.13-21.10.18:991][  0]LogInit: WinSock: version 1.1 (2.2), MaxSocks=32767, MaxUdp=65467
[2014.12.13-21.10.20:021][  0]LogWindowsMoviePlayer: Unable to load movie: ../../../../../../Users/Jeremy/Documents/GitHub/Study-Session/Trial_third_person/Content/Movies/Default_Startup.mp4
[2014.12.13-21.10.20:152][  0]SourceControl: Info Source control is disabled
[2014.12.13-21.10.20:152][  0]SourceControl: Info Source control is disabled
[2014.12.13-21.10.20:159][  0]SourceControl: Info Source control is disabled
[2014.12.13-21.10.20:197][  0]LogDirectoryWatcher:Warning: Failed to begin reading directory changes for C:/Users/Jeremy/Documents/GitHub/Study-Session/Trial_third_person/Binaries/Win64. Error: 0
[2014.12.13-21.10.20:240][  0]LogObj: 22484 objects as part of root set at end of initial load.
[2014.12.13-21.10.20:240][  0]LogUObjectAllocator: 4532696 out of 0 bytes used by permanent object pool.
[2014.12.13-21.10.20:318][  0]LogAutomationTest:Warning: ERR: Transient text cannot be serialized "Testing Transient serialization detection".
[2014.12.13-21.10.20:319][  0]LogEngine: Initializing Engine...
[2014.12.13-21.10.23:320][  0]LogHMD:Warning: No Oculus HMD detected! Is Oculus Run-Time installed and service is running?
[2014.12.13-21.10.23:330][  0]LogHMD: Oculus shutdown.
[2014.12.13-21.10.23:506][  0]LogInit: XAudio2 using 'Speakers (Realtek High Definition Audio)' : 2 channels at 48 kHz using 32 bits per sample (channel mask 0x3)
[2014.12.13-21.10.23:523][  0]LogInit: FAudioDevice initialized.
[2014.12.13-21.10.23:533][  0]LogInit: Texture streaming: Enabled
[2014.12.13-21.10.23:633][  0]LogNet: Browse: /Temp/Autosaves/Game/Maps/UEDPCSchool?Name=Player
[2014.12.13-21.10.23:634][  0]LogLoad: LoadMap: /Temp/Autosaves/Game/Maps/UEDPCSchool?Name=Player
[2014.12.13-21.10.23:664][  0]LogMemory: Platform Memory Stats for Windows
[2014.12.13-21.10.23:664][  0]LogMemory: Process Physical Memory: 300.35 MB used, 327.73 MB peak
[2014.12.13-21.10.23:664][  0]LogMemory: Process Virtual Memory: 258.48 MB used, 286.05 MB peak
[2014.12.13-21.10.23:664][  0]LogMemory: Physical Memory: 3705.36 MB used, 8183.89 MB total
[2014.12.13-21.10.23:664][  0]LogMemory: Virtual Memory: 681.13 MB used, 8388608.00 MB total
[2014.12.13-21.10.23:664][  0]LogMemory: 
[2014.12.13-21.10.23:664][  0]Allocator Stats for TBB: (not implemented)
[2014.12.13-21.10.23:976][  0]LogLinker:Warning: Can't find file '/Game/ArchVis/Materials/MI_Couch_NOSSS_Mat_Inst'
[2014.12.13-21.10.23:976][  0]LoadErrors: Info Failed to load /Game/ArchVis/Materials/MI_Couch_NOSSS_Mat_Inst.MI_Couch_NOSSS_Mat_Inst Referenced by SM_Couch_1seat Property /Script/Engine.StaticMesh:Materials
[2014.12.13-21.10.23:976][  0]LogUObjectGlobals:Warning: Failed to load '/Game/ArchVis/Materials/MI_Couch_NOSSS_Mat_Inst': Can't find file '/Game/ArchVis/Materials/MI_Couch_NOSSS_Mat_Inst'
[2014.12.13-21.10.23:976][  0]LogLinker:Warning: Can't find file for asset '/Game/ArchVis/Materials/MI_Couch_NOSSS_Mat_Inst' while loading NULL.
[2014.12.13-21.10.23:976][  0]LoadErrors: Info Failed to load /Game/ArchVis/Materials/MI_Couch_NOSSS_Mat_Inst.MI_Couch_NOSSS_Mat_Inst Referenced by SM_Couch_1seat Property /Script/Engine.StaticMesh:Materials
[2014.12.13-21.10.23:976][  0]LogUObjectGlobals:Warning: Failed to load '/Game/ArchVis/Materials/MI_Couch_NOSSS_Mat_Inst': Can't find file for asset '/Game/ArchVis/Materials/MI_Couch_NOSSS_Mat_Inst' while loading NULL.
[2014.12.13-21.10.23:977][  0]LogLinker:Warning: Can't find file '/Game/ArchVis/Materials/MI_Couch_NOSSS_Mat_Inst'
[2014.12.13-21.10.23:977][  0]LoadErrors: Info Failed to load /Game/ArchVis/Materials/MI_Couch_NOSSS_Mat_Inst.MI_Couch_NOSSS_Mat_Inst Referenced by SM_Couch_1seat Property /Script/Engine.StaticMesh:Materials
[2014.12.13-21.10.23:977][  0]LogUObjectGlobals:Warning: Failed to load '/Game/ArchVis/Materials/MI_Couch_NOSSS_Mat_Inst': Can't find file '/Game/ArchVis/Materials/MI_Couch_NOSSS_Mat_Inst'
[2014.12.13-21.10.23:977][  0]LogLinker:Warning: Can't find file for asset '/Game/ArchVis/Materials/MI_Couch_NOSSS_Mat_Inst' while loading NULL.
[2014.12.13-21.10.23:977][  0]LoadErrors: Info Failed to load /Game/ArchVis/Materials/MI_Couch_NOSSS_Mat_Inst.MI_Couch_NOSSS_Mat_Inst Referenced by SM_Couch_1seat Property /Script/Engine.StaticMesh:Materials
[2014.12.13-21.10.23:977][  0]LogUObjectGlobals:Warning: Failed to load '/Game/ArchVis/Materials/MI_Couch_NOSSS_Mat_Inst': Can't find file for asset '/Game/ArchVis/Materials/MI_Couch_NOSSS_Mat_Inst' while loading NULL.
[2014.12.13-21.10.24:534][  0]LogWorld: Game class is 'MyGame_C'
[2014.12.13-21.10.24:560][  0]LogAIModule: Creating AISystem for world School
[2014.12.13-21.10.24:567][  0]LogWorld: Bringing World /Temp/Autosaves/Game/Maps/UEDPCSchool.School up for play (max tick rate 0) at 2014.12.13-13.10.24
[2014.12.13-21.10.24:569][  0]LogWorld: Bringing up level for play took: 0.008803
[2014.12.13-21.10.24:840][  0]LogInit:Display: Game Engine Initialized.
[2014.12.13-21.10.25:060][  0]LogLoad: Full Startup: 16.04 seconds (BP compile: 0.42 seconds)
[2014.12.13-21.10.25:214][  2]LogRenderer:Warning: Reallocating scene render targets to support 1280x720.
[2014.12.13-21.10.41:245][950]Closing by request
[2014.12.13-21.10.41:245][950]LogWindows: FPlatformMisc::RequestExit(0)
[2014.12.13-21.10.41:317][951]LogExit: Preparing to exit.
[2014.12.13-21.10.41:424][951]LogParticles: Destroying 0 GPU particle simulations for FXSystem 0x000000000E454F40
[2014.12.13-21.10.41:424][951]LogExit: Game engine shut down
[2014.12.13-21.10.41:473][951]LogExit: Object subsystem successfully closed.
[2014.12.13-21.10.41:517][951]LogModuleManager: Shutting down and abandoning module AndroidDeviceDetection (94)
[2014.12.13-21.10.41:517][951]LogModuleManager: Shutting down and abandoning module AutomationWorker (93)
[2014.12.13-21.10.41:517][951]LogModuleManager: Shutting down and abandoning module CharacterAI (92)
[2014.12.13-21.10.41:517][951]LogModuleManager: Shutting down and abandoning module GameplayDebugger (91)
[2014.12.13-21.10.41:517][951]LogModuleManager: Shutting down and abandoning module AIModule (90)
[2014.12.13-21.10.41:517][951]LogModuleManager: Shutting down and abandoning module GameLiveStreaming (89)
[2014.12.13-21.10.41:517][951]LogModuleManager: Shutting down and abandoning module StreamingPauseRendering (88)
[2014.12.13-21.10.41:517][951]LogModuleManager: Shutting down and abandoning module HTTP (87)
[2014.12.13-21.10.41:518][951]LogModuleManager: Shutting down and abandoning module AnalyticsET (86)
[2014.12.13-21.10.41:518][951]LogModuleManager: Shutting down and abandoning module Analytics (85)
[2014.12.13-21.10.41:518][951]LogModuleManager: Shutting down and abandoning module ProfilerService (84)
[2014.12.13-21.10.41:525][951]LogModuleManager: Shutting down and abandoning module TaskGraph (83)
[2014.12.13-21.10.41:525][951]LogModuleManager: Shutting down and abandoning module SlateRemote (82)
[2014.12.13-21.10.41:525][951]LogModuleManager: Shutting down and abandoning module CustomMeshComponent (81)
[2014.12.13-21.10.41:525][951]LogModuleManager: Shutting down and abandoning module CableComponent (80)
[2014.12.13-21.10.41:525][951]LogModuleManager: Shutting down and abandoning module DesktopPlatform (79)
[2014.12.13-21.10.41:525][951]LogModuleManager: Shutting down and abandoning module DirectoryWatcher (78)
[2014.12.13-21.10.41:525][951]LogModuleManager: Shutting down and abandoning module HotReload (77)
[2014.12.13-21.10.41:525][951]LogModuleManager: Shutting down and abandoning module VisualStudioSourceCodeAccess (76)
[2014.12.13-21.10.41:525][951]LogModuleManager: Shutting down and abandoning module UObjectPlugin (75)
[2014.12.13-21.10.41:525][951]LogModuleManager: Shutting down and abandoning module SubversionSourceControl (74)
[2014.12.13-21.10.41:525][951]LogModuleManager: Shutting down and abandoning module SourceControl (73)
[2014.12.13-21.10.41:525][951]LogModuleManager: Shutting down and abandoning module PerforceSourceControl (72)
[2014.12.13-21.10.41:525][951]LogModuleManager: Shutting down and abandoning module BlankPlugin (71)
[2014.12.13-21.10.41:525][951]LogModuleManager: Shutting down and abandoning module ScriptPlugin (70)
[2014.12.13-21.10.41:525][951]LogModuleManager: Shutting down and abandoning module UdpMessaging (69)
[2014.12.13-21.10.41:525][951]LogModuleManager: Shutting down and abandoning module Paper2D (68)
[2014.12.13-21.10.41:525][951]LogModuleManager: Shutting down and abandoning module WindowsMoviePlayer (67)
[2014.12.13-21.10.41:525][951]LogModuleManager: Shutting down and abandoning module Media (66)
[2014.12.13-21.10.41:525][951]LogModuleManager: Shutting down and abandoning module WmfMedia (65)
[2014.12.13-21.10.41:526][951]LogModuleManager: Shutting down and abandoning module OnlineBlueprintSupport (64)
[2014.12.13-21.10.41:526][951]LogModuleManager: Shutting down and abandoning module FunctionalTesting (63)
[2014.12.13-21.10.41:526][951]LogModuleManager: Shutting down and abandoning module CollisionAnalyzer (62)
[2014.12.13-21.10.41:526][951]LogModuleManager: Shutting down and abandoning module WorkspaceMenuStructure (61)
[2014.12.13-21.10.41:526][951]LogModuleManager: Shutting down and abandoning module MessageLog (60)
[2014.12.13-21.10.41:526][951]LogModuleManager: Shutting down and abandoning module Sequencer (59)
[2014.12.13-21.10.41:526][951]LogModuleManager: Shutting down and abandoning module AssetTools (58)
[2014.12.13-21.10.41:526][951]LogModuleManager: Shutting down and abandoning module UMGEditor (57)
[2014.12.13-21.10.41:526][951]LogModuleManager: Shutting down and abandoning module UMG (56)
[2014.12.13-21.10.41:526][951]LogModuleManager: Shutting down and abandoning module Slate (55)
[2014.12.13-21.10.41:526][951]LogModuleManager: Shutting down and abandoning module EditorStyle (54)
[2014.12.13-21.10.41:529][951]LogModuleManager: Shutting down and abandoning module SessionServices (53)
[2014.12.13-21.10.41:529][951]LogModuleManager: Shutting down and abandoning module SourceCodeAccess (52)
[2014.12.13-21.10.41:529][951]LogModuleManager: Shutting down and abandoning module HeadMountedDisplay (51)
[2014.12.13-21.10.41:529][951]LogModuleManager: Shutting down and abandoning module XAudio2 (50)
[2014.12.13-21.10.41:529][951]LogModuleManager: Shutting down and abandoning module Networking (48)
[2014.12.13-21.10.41:529][951]LogModuleManager: Shutting down and abandoning module Core (47)
[2014.12.13-21.10.41:529][951]LogModuleManager: Shutting down and abandoning module KismetCompiler (46)
[2014.12.13-21.10.41:529][951]LogModuleManager: Shutting down and abandoning module PhysXFormats (45)
[2014.12.13-21.10.41:529][951]LogModuleManager: Shutting down and abandoning module MeshUtilities (44)
[2014.12.13-21.10.41:529][951]LogModuleManager: Shutting down and abandoning module DerivedDataCache (43)
[2014.12.13-21.10.41:726][951]LogDerivedDataCache: Shutdown
[2014.12.13-21.10.41:726][951]LogModuleManager: Shutting down and abandoning module ShaderFormatOpenGL (42)
[2014.12.13-21.10.41:726][951]LogModuleManager: Shutting down and abandoning module ShaderFormatD3D (41)
[2014.12.13-21.10.41:726][951]LogModuleManager: Shutting down and abandoning module MetalShaderFormat (40)
[2014.12.13-21.10.41:726][951]LogModuleManager: Shutting down and abandoning module TextureFormatUncompressed (39)
[2014.12.13-21.10.41:726][951]LogModuleManager: Shutting down and abandoning module TextureFormatPVR (38)
[2014.12.13-21.10.41:726][951]LogModuleManager: Shutting down and abandoning module TextureFormatDXT (37)
[2014.12.13-21.10.41:726][951]LogModuleManager: Shutting down and abandoning module TextureFormatAndroid (36)
[2014.12.13-21.10.41:726][951]LogModuleManager: Shutting down and abandoning module AudioFormatOpus (35)
[2014.12.13-21.10.41:726][951]LogModuleManager: Shutting down and abandoning module AudioFormatOgg (34)
[2014.12.13-21.10.41:726][951]LogModuleManager: Shutting down and abandoning module AudioFormatADPCM (33)
[2014.12.13-21.10.41:726][951]LogModuleManager: Shutting down and abandoning module Messaging (32)
[2014.12.13-21.10.41:726][951]LogModuleManager: Shutting down and abandoning module IOSTargetPlatform (31)
[2014.12.13-21.10.41:726][951]LogModuleManager: Shutting down and abandoning module Android_PVRTCTargetPlatform (30)
[2014.12.13-21.10.41:726][951]LogModuleManager: Shutting down and abandoning module Android_ETC2TargetPlatform (29)
[2014.12.13-21.10.41:726][951]LogModuleManager: Shutting down and abandoning module Android_ETC1TargetPlatform (28)
[2014.12.13-21.10.41:726][951]LogModuleManager: Shutting down and abandoning module Android_DXTTargetPlatform (27)
[2014.12.13-21.10.41:726][951]LogModuleManager: Shutting down and abandoning module Android_ATCTargetPlatform (26)
[2014.12.13-21.10.41:726][951]LogModuleManager: Shutting down and abandoning module AndroidTargetPlatform (25)
[2014.12.13-21.10.41:726][951]LogModuleManager: Shutting down and abandoning module WindowsTargetPlatform (24)
[2014.12.13-21.10.41:726][951]LogModuleManager: Shutting down and abandoning module WindowsServerTargetPlatform (23)
[2014.12.13-21.10.41:726][951]LogModuleManager: Shutting down and abandoning module WindowsNoEditorTargetPlatform (22)
[2014.12.13-21.10.41:726][951]LogModuleManager: Shutting down and abandoning module WindowsClientTargetPlatform (21)
[2014.12.13-21.10.41:726][951]LogModuleManager: Shutting down and abandoning module TargetPlatform (20)
[2014.12.13-21.10.41:726][951]LogModuleManager: Shutting down and abandoning module InputCore (19)
[2014.12.13-21.10.41:726][951]LogModuleManager: Shutting down and abandoning module Settings (18)
[2014.12.13-21.10.41:727][951]LogModuleManager: Shutting down and abandoning module ImageWrapper (17)
[2014.12.13-21.10.41:727][951]LogModuleManager: Shutting down and abandoning module OculusRift (14)
[2014.12.13-21.10.41:727][951]LogModuleManager: Shutting down and abandoning module ExampleDeviceProfileSelector (13)
[2014.12.13-21.10.41:727][951]LogModuleManager: Shutting down and abandoning module TextureCompressor (12)
[2014.12.13-21.10.41:727][951]LogModuleManager: Shutting down and abandoning module ShaderCore (11)
[2014.12.13-21.10.41:727][951]LogModuleManager: Shutting down and abandoning module SlateRHIRenderer (10)
[2014.12.13-21.10.41:728][951]LogModuleManager: Shutting down and abandoning module OpenGLDrv (9)
[2014.12.13-21.10.41:728][951]LogModuleManager: Shutting down and abandoning module D3D11RHI (8)
[2014.12.13-21.10.41:728][951]LogModuleManager: Shutting down and abandoning module Renderer (7)
[2014.12.13-21.10.41:728][951]LogModuleManager: Shutting down and abandoning module Engine (6)
[2014.12.13-21.10.41:728][951]LogModuleManager: Shutting down and abandoning module CoreUObject (5)
[2014.12.13-21.10.41:728][951]LogModuleManager: Shutting down and abandoning module NetworkFile (4)
[2014.12.13-21.10.41:728][951]LogModuleManager: Shutting down and abandoning module StreamingFile (3)
[2014.12.13-21.10.41:728][951]LogModuleManager: Shutting down and abandoning module SandboxFile (2)
[2014.12.13-21.10.41:728][951]LogModuleManager: Shutting down and abandoning module PakFile (1)
[2014.12.13-21.10.41:728][951]LogExit: Exiting.
[2014.12.13-21.10.41:730][951]Log file closed, 12/13/14 13:10:41
