Log file open, 12/07/14 01:31:42
LogInit:Display: Running engine for game: Trial_third_person
LogInit: Version: 4.5.1-2336687+++depot+UE4-Releases+4.5
LogInit: API Version: 2326478
LogInit: Compiled (64-bit): Oct 21 2014 22:32:40
LogInit: Compiled with Visual C++: 18.00.21005.01
LogInit: Build Configuration: Development
LogInit: Branch Name: ++depot+UE4-Releases+4.5
LogInit: Command line:  
LogInit: Base directory: C:/Program Files/Epic Games/4.5/Engine/Binaries/Win64/
LogInit: Rocket: 1
[2014.12.07-09.31.42:736][  0]LogTaskGraph: Started task graph with 3 named threads and 4 total threads.
[2014.12.07-09.31.42:764][  0]LogOnline:Warning: No default platform service specified for OnlineSubsystem
[2014.12.07-09.31.42:781][  0]LogInit: Presizing for 0 objects not considered by GC, pre-allocating 0 bytes.
[2014.12.07-09.31.42:791][  0]LogInit: Object subsystem initialized
[2014.12.07-09.31.42:794][  0]LogConsoleResponse:Warning: Skipping Unknown console variable: 'UIScaleRule = ShortestSide'
[2014.12.07-09.31.42:794][  0]LogConsoleResponse:Warning:   Found in ini file 'C:/Users/User/Documents/GitHub/Study-Session/Trial_third_person/Saved/Config/Windows/Engine.ini', in section '[/Script/Engine.RendererSettings]'
[2014.12.07-09.31.42:794][  0]LogConsoleResponse:Warning: Skipping Unknown console variable: 'UIScaleCurve = (EditorCurveData=(Keys=((Time=480.000000,Value=0.444000),(Time=720.000000,Value=0.666000),(Time=1080.000000,Value=1.000000),(Time=8640.000000,Value=8.000000))),ExternalCurve=None)'
[2014.12.07-09.31.42:794][  0]LogConsoleResponse:Warning:   Found in ini file 'C:/Users/User/Documents/GitHub/Study-Session/Trial_third_person/Saved/Config/Windows/Engine.ini', in section '[/Script/Engine.RendererSettings]'
[2014.12.07-09.31.42:795][  0]LogInit: Selected Device Profile: [Windows]
[2014.12.07-09.31.42:795][  0]LogInit: Applying CVar settings loaded from the selected device profile: [Windows]
[2014.12.07-09.31.42:803][  0]LogInit: Computer: USER-PC
[2014.12.07-09.31.42:803][  0]LogInit: User: User
[2014.12.07-09.31.42:803][  0]LogInit: CPU Page size=4096, Cores=2
[2014.12.07-09.31.42:803][  0]LogInit: High frequency timer resolution =2.435947 MHz
[2014.12.07-09.31.42:803][  0]LogMemory: Memory total: Physical=7.8GB (8GB approx) Virtual=8192.0GB
[2014.12.07-09.31.42:804][  0]LogMemory: Platform Memory Stats for Windows
[2014.12.07-09.31.42:804][  0]LogMemory: Process Physical Memory: 63.50 MB used, 63.50 MB peak
[2014.12.07-09.31.42:804][  0]LogMemory: Process Virtual Memory: 38.53 MB used, 38.53 MB peak
[2014.12.07-09.31.42:804][  0]LogMemory: Physical Memory: 2665.99 MB used, 7969.14 MB total
[2014.12.07-09.31.42:804][  0]LogMemory: Virtual Memory: 272.46 MB used, 8388608.00 MB total
[2014.12.07-09.31.42:821][  0]LogD3D11RHI: Found D3D11 adapter 0: Intel(R) HD Graphics 3000 (Feature Level 10_0)
[2014.12.07-09.31.42:821][  0]LogD3D11RHI: Adapter has 192MB of dedicated video memory, 0MB of dedicated system memory, and 1568MB of shared system memory, 1 output[s]
[2014.12.07-09.31.42:821][  0]LogD3D11RHI: Chosen D3D11 Adapter Id = 0
[2014.12.07-09.31.42:827][  0]LogRHI: Texture pool is 683 MB (70% of 976 MB)
[2014.12.07-09.31.42:830][  0]LogD3D11RHI: Async texture creation enabled
[2014.12.07-09.31.42:871][  0]LogTextLocalizationManager: The requested culture ('en_US') has no localization data; parent culture's ('en') localization data will be used.
[2014.12.07-09.31.43:034][  0]LogContentStreaming: Texture pool size is 0.000000MB
[2014.12.07-09.31.48:197][  0]LogTargetPlatformManager:Display: Building Assets For Windows
[2014.12.07-09.31.48:665][  0]LogTargetPlatformManager:Display: Building Assets For Windows
[2014.12.07-09.31.48:719][  0]LogDerivedDataCache:Display: Max Cache Size: 512 MB
[2014.12.07-09.31.48:769][  0]LogDerivedDataCache: Loaded boot cache 0.05s 36MB C:/Users/User/AppData/Local/UnrealEngine/4.5/DerivedDataCache/Boot.ddc.
[2014.12.07-09.31.48:769][  0]LogDerivedDataCache:Display: Loaded Boot cache: C:/Users/User/AppData/Local/UnrealEngine/4.5/DerivedDataCache/Boot.ddc
[2014.12.07-09.31.48:770][  0]LogDerivedDataCache: FDerivedDataBackendGraph:  Pak pak cache file ../../../../../../Users/User/Documents/GitHub/Study-Session/Trial_third_person/DerivedDataCache/DDC.ddp not found, will not use a pak cache.
[2014.12.07-09.31.48:770][  0]LogDerivedDataCache: Unable to find inner node Pak for hierarchical cache Hierarchy.
[2014.12.07-09.31.48:842][  0]LogDerivedDataCache:Display: Pak cache opened for reading ../../../Engine/DerivedDataCache/DDC.ddp.
[2014.12.07-09.31.48:854][  0]LogDerivedDataCache: Using Local data cache path C:/Users/User/AppData/Local/UnrealEngine/Common/DerivedDataCache: Writable
[2014.12.07-09.31.49:039][  0]LogMeshUtilities: No automatic mesh reduction module available
[2014.12.07-09.31.49:039][  0]LogMeshUtilities: No automatic mesh merging module available
[2014.12.07-09.31.49:300][  0]LogLinker:Warning: Asset '../../../Engine/Content/Functions/Engine_MaterialFunctions02/Texturing/FlipBook.uasset' has been saved with empty engine version. The asset will be loaded but may be incompatible.
[2014.12.07-09.31.49:303][  0]LogLinker:Warning: Asset '../../../Engine/Content/Functions/Engine_MaterialFunctions02/ExampleContent/Textures/flipbook.uasset' has been saved with empty engine version. The asset will be loaded but may be incompatible.
[2014.12.07-09.31.49:484][  0]LogInit: WinSock: version 1.1 (2.2), MaxSocks=32767, MaxUdp=65467
[2014.12.07-09.31.50:325][  0]UdpMessaging: Initializing bridge on interface 0.0.0.0:0 to multicast group 230.0.0.1:6666.
[2014.12.07-09.31.50:481][  0]LogDirectoryWatcher:Warning: Failed to begin reading directory changes for C:/Users/User/Documents/GitHub/Study-Session/Trial_third_person/Binaries/Win64. Error: 0
[2014.12.07-09.31.50:621][  0]SourceControl: Info Source control is disabled
[2014.12.07-09.31.50:621][  0]SourceControl: Info Source control is disabled
[2014.12.07-09.31.50:628][  0]SourceControl: Info Source control is disabled
[2014.12.07-09.31.50:734][  0]LogObj: 22915 objects as part of root set at end of initial load.
[2014.12.07-09.31.50:734][  0]LogUObjectAllocator: 4803536 out of 0 bytes used by permanent object pool.
[2014.12.07-09.31.50:791][  0]LogEngine: Initializing Engine...
[2014.12.07-09.31.50:930][  0]LogInit: XAudio2 using 'Speakers (Realtek High Definition Audio)' : 2 channels at 48 kHz using 32 bits per sample (channel mask 0x3)
[2014.12.07-09.31.50:981][  0]LogInit: FAudioDevice initialized.
[2014.12.07-09.31.51:001][  0]LogAIModule: Creating AISystem for world NewWorld
[2014.12.07-09.31.51:040][  0]LogDerivedDataCache: Saved boot cache 0.04s 36MB C:/Users/User/AppData/Local/UnrealEngine/4.5/DerivedDataCache/Boot.ddc.
[2014.12.07-09.31.51:046][  0]LogInit: Texture streaming: Enabled
[2014.12.07-09.31.51:091][  0]LogInit: Transaction tracking system initialized
[2014.12.07-09.31.51:185][  0]BlueprintLog: New page: Editor Load
[2014.12.07-09.31.51:215][  0]LogAssetRegistry: FAssetRegistry took 0.0094 seconds to start up
[2014.12.07-09.31.51:215][  0]LogDirectoryWatcher:Warning: Failed to begin reading directory changes for ../../../Engine/Plugins/Experimental/CharacterAI/Content/. Error: 0
[2014.12.07-09.31.51:833][  0]LogTargetPlatformManager:Display: Building Assets For Windows
[2014.12.07-09.31.52:207][  0]LogTargetPlatformManager:Display: Building Assets For Windows
[2014.12.07-09.31.52:438][  0]LogConsoleResponse:Display: 
[2014.12.07-09.31.52:629][  0]SourceControl: Info Source control is disabled
[2014.12.07-09.31.52:629][  0]Cmd: MAP LOAD FILE="../../../../../../Users/User/Documents/GitHub/Study-Session/Trial_third_person/Content/Maps/Example_Map.umap" TEMPLATE=0 SHOWPROGRESS=1
[2014.12.07-09.31.52:629][  0]LightingResults: New page: Lighting Build
[2014.12.07-09.31.52:638][  0]MapCheck: New page: Map Check
[2014.12.07-09.31.52:638][  0]LightingResults: New page: Lighting Build
[2014.12.07-09.31.52:654][  0]LogParticles: Destroying 0 GPU particle simulations for FXSystem 0x00000000146285E0
[2014.12.07-09.31.52:913][  0]LogEditorServer: Finished looking for orphan Actors (0.000 secs)
[2014.12.07-09.31.52:923][  0]LogAIModule: Creating AISystem for world Example_Map
[2014.12.07-09.31.52:923][  0]Cmd: MAP CHECKDEP
[2014.12.07-09.31.52:923][  0]MapCheck: New page: Example_Map - Dec 6, 2014, 5:31:52 PM
[2014.12.07-09.31.53:013][  0]MapCheck: Info Map check complete: 0 Error(s), 0 Warning(s), took 89.653ms to complete.
[2014.12.07-09.31.53:013][  0]LogFileHelpers: Loading map 'Example_Map' took 0.384
[2014.12.07-09.31.53:087][  0]LogCollectionManager: Loaded 0 collections in 0.001014 seconds
[2014.12.07-09.31.53:201][  0]LogCrashTracker: Crashtracker disabled due to settings.
[2014.12.07-09.31.53:206][  0]LogUObjectGlobals:Warning: Failed to find object 'Class None.'
[2014.12.07-09.31.53:233][  0]LogLoad: Full Startup: 12.67 seconds (BP compile: 0.07 seconds)
[2014.12.07-09.31.53:580][  0]LogContentBrowser:Verbose: The content browser source was changed by the sources view to '/Game/Blueprints'
[2014.12.07-09.31.53:722][  0]LogRenderer:Warning: Reallocating scene render targets to support 688x568.
[2014.12.07-09.31.54:754][  3]LogAssetRegistry: Asset discovery search completed in 3.5475 seconds
[2014.12.07-09.32.41:954][340]LogContentBrowser:Verbose: The content browser source was changed by the sources view to '/Game/Character'
[2014.12.07-09.37.12:630][810]LogFactory: FactoryCreateBinary: StaticMesh with FbxFactory (0 0 ../../../../../../Users/User/Documents/makehuman/v1/exports/MyMainCharacter.fbx)
[2014.12.07-09.37.12:693][810]LogFbx: ItemName: GlobalSettings, ItemCount : 1
[2014.12.07-09.37.12:694][810]LogFbx: ItemName: Model, ItemCount : 10
[2014.12.07-09.37.12:694][810]LogFbx: ItemName: Geometry, ItemCount : 10
[2014.12.07-09.37.12:694][810]LogFbx: ItemName: Deformer, ItemCount : 0
[2014.12.07-09.37.12:694][810]LogFbx: ItemName: Material, ItemCount : 10
[2014.12.07-09.37.12:694][810]LogFbx: ItemName: Texture, ItemCount : 22
[2014.12.07-09.37.12:694][810]LogFbx: ItemName: Video, ItemCount : 12
[2014.12.07-09.38.14:650][810]LogFbx: Loading FBX Scene from ../../../../../../Users/User/Documents/makehuman/v1/exports/MyMainCharacter.fbx
[2014.12.07-09.38.14:803][810]LogFbx: FBX Scene Loaded Succesfully
[2014.12.07-09.38.14:805][810]LogFbx: =================================================
[2014.12.07-09.38.14:805][810]LogFbx: Dumping Node START [male1591Mesh] 
[2014.12.07-09.38.14:805][810]LogFbx: 	Total Deformer Count 677899584.
[2014.12.07-09.38.14:805][810]LogFbx: 	Attribute (male1591) Type (4).
[2014.12.07-09.38.14:805][810]LogFbx: 		[Node Attribute Child 1] male1591Mesh (Type Mesh).
[2014.12.07-09.38.14:805][810]LogFbx: Dumping Node END [male1591Mesh]
[2014.12.07-09.38.14:805][810]LogFbx: =================================================
[2014.12.07-09.38.14:805][810]LogFbx: Dumping Node START [mhair02Mesh] 
[2014.12.07-09.38.14:805][810]LogFbx: 	Total Deformer Count 680680448.
[2014.12.07-09.38.14:805][810]LogFbx: 	Attribute (mhair02) Type (4).
[2014.12.07-09.38.14:805][810]LogFbx: 		[Node Attribute Child 1] mhair02Mesh (Type Mesh).
[2014.12.07-09.38.14:805][810]LogFbx: Dumping Node END [mhair02Mesh]
[2014.12.07-09.38.14:805][810]LogFbx: =================================================
[2014.12.07-09.38.14:805][810]LogFbx: Dumping Node START [low-polyMesh] 
[2014.12.07-09.38.14:805][810]LogFbx: 	Total Deformer Count 677899584.
[2014.12.07-09.38.14:805][810]LogFbx: 	Attribute (low-poly) Type (4).
[2014.12.07-09.38.14:805][810]LogFbx: 		[Node Attribute Child 1] low-polyMesh (Type Mesh).
[2014.12.07-09.38.14:805][810]LogFbx: Dumping Node END [low-polyMesh]
[2014.12.07-09.38.14:805][810]LogFbx: =================================================
[2014.12.07-09.38.14:805][810]LogFbx: Dumping Node START [eyebrow007Mesh] 
[2014.12.07-09.38.14:805][810]LogFbx: 	Total Deformer Count 677899584.
[2014.12.07-09.38.14:805][810]LogFbx: 	Attribute (eyebrow007) Type (4).
[2014.12.07-09.38.14:805][810]LogFbx: 		[Node Attribute Child 1] eyebrow007Mesh (Type Mesh).
[2014.12.07-09.38.14:805][810]LogFbx: Dumping Node END [eyebrow007Mesh]
[2014.12.07-09.38.14:805][810]LogFbx: =================================================
[2014.12.07-09.38.14:805][810]LogFbx: Dumping Node START [eyelashes01Mesh] 
[2014.12.07-09.38.14:805][810]LogFbx: 	Total Deformer Count 677899584.
[2014.12.07-09.38.14:805][810]LogFbx: 	Attribute (eyelashes01) Type (4).
[2014.12.07-09.38.14:805][810]LogFbx: 		[Node Attribute Child 1] eyelashes01Mesh (Type Mesh).
[2014.12.07-09.38.14:805][810]LogFbx: Dumping Node END [eyelashes01Mesh]
[2014.12.07-09.38.14:805][810]LogFbx: =================================================
[2014.12.07-09.38.14:805][810]LogFbx: Dumping Node START [teeth_baseMesh] 
[2014.12.07-09.38.14:805][810]LogFbx: 	Total Deformer Count 677899584.
[2014.12.07-09.38.14:805][810]LogFbx: 	Attribute (teeth_base) Type (4).
[2014.12.07-09.38.14:805][810]LogFbx: 		[Node Attribute Child 1] teeth_baseMesh (Type Mesh).
[2014.12.07-09.38.14:805][810]LogFbx: Dumping Node END [teeth_baseMesh]
[2014.12.07-09.38.14:805][810]LogFbx: =================================================
[2014.12.07-09.38.14:805][810]LogFbx: Dumping Node START [tongue01Mesh] 
[2014.12.07-09.38.14:805][810]LogFbx: 	Total Deformer Count 677899584.
[2014.12.07-09.38.14:806][810]LogFbx: 	Attribute (tongue01) Type (4).
[2014.12.07-09.38.14:806][810]LogFbx: 		[Node Attribute Child 1] tongue01Mesh (Type Mesh).
[2014.12.07-09.38.14:806][810]LogFbx: Dumping Node END [tongue01Mesh]
[2014.12.07-09.38.14:806][810]LogFbx: =================================================
[2014.12.07-09.38.14:806][810]LogFbx: Dumping Node START [jeans01Mesh] 
[2014.12.07-09.38.14:806][810]LogFbx: 	Total Deformer Count 680680448.
[2014.12.07-09.38.14:806][810]LogFbx: 	Attribute (jeans01) Type (4).
[2014.12.07-09.38.14:806][810]LogFbx: 		[Node Attribute Child 1] jeans01Mesh (Type Mesh).
[2014.12.07-09.38.14:806][810]LogFbx: Dumping Node END [jeans01Mesh]
[2014.12.07-09.38.14:806][810]LogFbx: =================================================
[2014.12.07-09.38.14:806][810]LogFbx: Dumping Node START [shoes02Mesh] 
[2014.12.07-09.38.14:806][810]LogFbx: 	Total Deformer Count 680680448.
[2014.12.07-09.38.14:806][810]LogFbx: 	Attribute (shoes02) Type (4).
[2014.12.07-09.38.14:806][810]LogFbx: 		[Node Attribute Child 1] shoes02Mesh (Type Mesh).
[2014.12.07-09.38.14:806][810]LogFbx: Dumping Node END [shoes02Mesh]
[2014.12.07-09.38.14:806][810]LogFbx: =================================================
[2014.12.07-09.38.14:806][810]LogFbx: Dumping Node START [tshirt02Mesh] 
[2014.12.07-09.38.14:806][810]LogFbx: 	Total Deformer Count 677899584.
[2014.12.07-09.38.14:806][810]LogFbx: 	Attribute (tshirt02) Type (4).
[2014.12.07-09.38.14:806][810]LogFbx: 		[Node Attribute Child 1] tshirt02Mesh (Type Mesh).
[2014.12.07-09.38.14:806][810]LogFbx: Dumping Node END [tshirt02Mesh]
[2014.12.07-09.38.14:806][810]LogFbx: =================================================
[2014.12.07-09.38.14:806][810]LogFbx: Dumping Node START [male1591Mesh] 
[2014.12.07-09.38.14:806][810]LogFbx: 	Total Deformer Count 677899584.
[2014.12.07-09.38.14:806][810]LogFbx: 	Attribute (male1591) Type (4).
[2014.12.07-09.38.14:806][810]LogFbx: 		[Node Attribute Child 1] male1591Mesh (Type Mesh).
[2014.12.07-09.38.14:806][810]LogFbx: Dumping Node END [male1591Mesh]
[2014.12.07-09.38.14:806][810]LogFbx: =================================================
[2014.12.07-09.38.14:806][810]LogFbx: Dumping Node START [mhair02Mesh] 
[2014.12.07-09.38.14:806][810]LogFbx: 	Total Deformer Count 680680448.
[2014.12.07-09.38.14:806][810]LogFbx: 	Attribute (mhair02) Type (4).
[2014.12.07-09.38.14:806][810]LogFbx: 		[Node Attribute Child 1] mhair02Mesh (Type Mesh).
[2014.12.07-09.38.14:806][810]LogFbx: Dumping Node END [mhair02Mesh]
[2014.12.07-09.38.14:806][810]LogFbx: =================================================
[2014.12.07-09.38.14:806][810]LogFbx: Dumping Node START [low-polyMesh] 
[2014.12.07-09.38.14:806][810]LogFbx: 	Total Deformer Count 677899584.
[2014.12.07-09.38.14:806][810]LogFbx: 	Attribute (low-poly) Type (4).
[2014.12.07-09.38.14:806][810]LogFbx: 		[Node Attribute Child 1] low-polyMesh (Type Mesh).
[2014.12.07-09.38.14:806][810]LogFbx: Dumping Node END [low-polyMesh]
[2014.12.07-09.38.14:806][810]LogFbx: =================================================
[2014.12.07-09.38.14:806][810]LogFbx: Dumping Node START [eyebrow007Mesh] 
[2014.12.07-09.38.14:806][810]LogFbx: 	Total Deformer Count 677899584.
[2014.12.07-09.38.14:806][810]LogFbx: 	Attribute (eyebrow007) Type (4).
[2014.12.07-09.38.14:806][810]LogFbx: 		[Node Attribute Child 1] eyebrow007Mesh (Type Mesh).
[2014.12.07-09.38.14:806][810]LogFbx: Dumping Node END [eyebrow007Mesh]
[2014.12.07-09.38.14:806][810]LogFbx: =================================================
[2014.12.07-09.38.14:806][810]LogFbx: Dumping Node START [eyelashes01Mesh] 
[2014.12.07-09.38.14:806][810]LogFbx: 	Total Deformer Count 677899584.
[2014.12.07-09.38.14:806][810]LogFbx: 	Attribute (eyelashes01) Type (4).
[2014.12.07-09.38.14:806][810]LogFbx: 		[Node Attribute Child 1] eyelashes01Mesh (Type Mesh).
[2014.12.07-09.38.14:806][810]LogFbx: Dumping Node END [eyelashes01Mesh]
[2014.12.07-09.38.14:806][810]LogFbx: =================================================
[2014.12.07-09.38.14:806][810]LogFbx: Dumping Node START [teeth_baseMesh] 
[2014.12.07-09.38.14:806][810]LogFbx: 	Total Deformer Count 677899584.
[2014.12.07-09.38.14:806][810]LogFbx: 	Attribute (teeth_base) Type (4).
[2014.12.07-09.38.14:806][810]LogFbx: 		[Node Attribute Child 1] teeth_baseMesh (Type Mesh).
[2014.12.07-09.38.14:806][810]LogFbx: Dumping Node END [teeth_baseMesh]
[2014.12.07-09.38.14:806][810]LogFbx: =================================================
[2014.12.07-09.38.14:806][810]LogFbx: Dumping Node START [tongue01Mesh] 
[2014.12.07-09.38.14:806][810]LogFbx: 	Total Deformer Count 677899584.
[2014.12.07-09.38.14:806][810]LogFbx: 	Attribute (tongue01) Type (4).
[2014.12.07-09.38.14:806][810]LogFbx: 		[Node Attribute Child 1] tongue01Mesh (Type Mesh).
[2014.12.07-09.38.14:806][810]LogFbx: Dumping Node END [tongue01Mesh]
[2014.12.07-09.38.14:806][810]LogFbx: =================================================
[2014.12.07-09.38.14:806][810]LogFbx: Dumping Node START [jeans01Mesh] 
[2014.12.07-09.38.14:806][810]LogFbx: 	Total Deformer Count 680680448.
[2014.12.07-09.38.14:806][810]LogFbx: 	Attribute (jeans01) Type (4).
[2014.12.07-09.38.14:806][810]LogFbx: 		[Node Attribute Child 1] jeans01Mesh (Type Mesh).
[2014.12.07-09.38.14:806][810]LogFbx: Dumping Node END [jeans01Mesh]
[2014.12.07-09.38.14:806][810]LogFbx: =================================================
[2014.12.07-09.38.14:806][810]LogFbx: Dumping Node START [shoes02Mesh] 
[2014.12.07-09.38.14:806][810]LogFbx: 	Total Deformer Count 680680448.
[2014.12.07-09.38.14:806][810]LogFbx: 	Attribute (shoes02) Type (4).
[2014.12.07-09.38.14:806][810]LogFbx: 		[Node Attribute Child 1] shoes02Mesh (Type Mesh).
[2014.12.07-09.38.14:806][810]LogFbx: Dumping Node END [shoes02Mesh]
[2014.12.07-09.38.14:806][810]LogFbx: =================================================
[2014.12.07-09.38.14:806][810]LogFbx: Dumping Node START [tshirt02Mesh] 
[2014.12.07-09.38.14:806][810]LogFbx: 	Total Deformer Count 677899584.
[2014.12.07-09.38.14:806][810]LogFbx: 	Attribute (tshirt02) Type (4).
[2014.12.07-09.38.14:806][810]LogFbx: 		[Node Attribute Child 1] tshirt02Mesh (Type Mesh).
[2014.12.07-09.38.14:806][810]LogFbx: Dumping Node END [tshirt02Mesh]
[2014.12.07-09.38.14:810][810]LogLinker:Warning: Can't find file '/Game/Character/male1591'
[2014.12.07-09.38.14:810][810]LogLinker:Warning: Can't find file '/Game/Character/male1591'
[2014.12.07-09.38.14:810][810]LogUObjectGlobals:Warning: Failed to find object 'MaterialInterface /Game/Character/male1591.male1591'
[2014.12.07-09.38.14:813][810]LogLinker:Warning: Can't find file '/Game/Character/young_lightskinned_female_diffuse'
[2014.12.07-09.38.14:813][810]LogLinker:Warning: Can't find file '/Game/Character/young_lightskinned_female_diffuse'
[2014.12.07-09.38.14:813][810]LogUObjectGlobals:Warning: Failed to find object 'Texture /Game/Character/young_lightskinned_female_diffuse.young_lightskinned_female_diffuse'
[2014.12.07-09.38.15:093][810]LogTexture:Display: Building textures: young_lightskinned_female_diffuse (AutoDXT)
[2014.12.07-09.38.20:336][810]LogMaterial: Missing cached shader map for material male1591, compiling.
[2014.12.07-09.38.20:363][810]LogFbx: Triangulating skeletal mesh male1591Mesh
[2014.12.07-09.38.21:254][810]LogFbx:Warning: Bones digested - 1  Depth of hierarchy - 1
[2014.12.07-09.38.21:303][810]LogSkeletalMesh: Chunk 0: 1568 rigid vertices, 0 soft vertices, 1 active bones
[2014.12.07-09.38.21:308][810]LogSkeletalMesh: Section 0: Material=0, Chunk=0, 2414 triangles
[2014.12.07-09.38.21:309][810]LogLinker:Warning: Can't find file '/Game/Character/MyMainCharacter_male1591Mesh_PhysicsAsset'
[2014.12.07-09.38.21:309][810]LogUObjectGlobals:Warning: Failed to find object 'Object /Game/Character/MyMainCharacter_male1591Mesh_PhysicsAsset.MyMainCharacter_male1591Mesh_PhysicsAsset'
[2014.12.07-09.38.21:314][810]LogLinker:Warning: Can't find file '/Game/Character/MyMainCharacter_male1591Mesh_Skeleton'
[2014.12.07-09.38.21:315][810]LogUObjectGlobals:Warning: Failed to find object 'Object /Game/Character/MyMainCharacter_male1591Mesh_Skeleton.MyMainCharacter_male1591Mesh_Skeleton'
[2014.12.07-09.38.21:321][810]LogLinker:Warning: Can't find file '/Game/Character/mhair02'
[2014.12.07-09.38.21:321][810]LogLinker:Warning: Can't find file '/Game/Character/mhair02'
[2014.12.07-09.38.21:321][810]LogUObjectGlobals:Warning: Failed to find object 'MaterialInterface /Game/Character/mhair02.mhair02'
[2014.12.07-09.38.21:324][810]LogLinker:Warning: Can't find file '/Game/Character/male02_diffuse_black'
[2014.12.07-09.38.21:325][810]LogLinker:Warning: Can't find file '/Game/Character/male02_diffuse_black'
[2014.12.07-09.38.21:325][810]LogUObjectGlobals:Warning: Failed to find object 'Texture /Game/Character/male02_diffuse_black.male02_diffuse_black'
[2014.12.07-09.38.21:868][810]LogTexture:Display: Building textures: male02_diffuse_black (AutoDXT)
[2014.12.07-09.38.32:049][810]LogMaterial: Missing cached shader map for material mhair02, compiling.
[2014.12.07-09.38.32:056][810]LogFbx: Triangulating skeletal mesh mhair02Mesh
[2014.12.07-09.38.33:391][810]LogFbx:Warning: Bones digested - 1  Depth of hierarchy - 1
[2014.12.07-09.38.33:470][810]LogSkeletalMesh: Chunk 0: 2351 rigid vertices, 0 soft vertices, 1 active bones
[2014.12.07-09.38.33:477][810]LogSkeletalMesh: Section 0: Material=0, Chunk=0, 3460 triangles
[2014.12.07-09.38.33:479][810]LogLinker:Warning: Can't find file '/Game/Character/MyMainCharacter_mhair02Mesh_PhysicsAsset'
[2014.12.07-09.38.33:479][810]LogUObjectGlobals:Warning: Failed to find object 'Object /Game/Character/MyMainCharacter_mhair02Mesh_PhysicsAsset.MyMainCharacter_mhair02Mesh_PhysicsAsset'
[2014.12.07-09.38.33:484][810]LogLinker:Warning: Can't find file '/Game/Character/MyMainCharacter_mhair02Mesh_Skeleton'
[2014.12.07-09.38.33:484][810]LogUObjectGlobals:Warning: Failed to find object 'Object /Game/Character/MyMainCharacter_mhair02Mesh_Skeleton.MyMainCharacter_mhair02Mesh_Skeleton'
[2014.12.07-09.38.33:490][810]LogLinker:Warning: Can't find file '/Game/Character/low-poly'
[2014.12.07-09.38.33:490][810]LogLinker:Warning: Can't find file '/Game/Character/low-poly'
[2014.12.07-09.38.33:490][810]LogUObjectGlobals:Warning: Failed to find object 'MaterialInterface /Game/Character/low-poly.low-poly'
[2014.12.07-09.38.33:493][810]LogLinker:Warning: Can't find file '/Game/Character/blue_eye'
[2014.12.07-09.38.33:494][810]LogLinker:Warning: Can't find file '/Game/Character/blue_eye'
[2014.12.07-09.38.33:494][810]LogUObjectGlobals:Warning: Failed to find object 'Texture /Game/Character/blue_eye.blue_eye'
[2014.12.07-09.38.33:613][810]LogTexture:Display: Building textures: blue_eye (AutoDXT)
[2014.12.07-09.38.35:988][810]LogMaterial: Missing cached shader map for material low-poly, compiling.
[2014.12.07-09.38.35:995][810]LogFbx: Triangulating skeletal mesh low-polyMesh
[2014.12.07-09.38.36:057][810]LogFbx:Warning: Bones digested - 1  Depth of hierarchy - 1
[2014.12.07-09.38.36:060][810]LogSkeletalMesh: Chunk 0: 96 rigid vertices, 0 soft vertices, 1 active bones
[2014.12.07-09.38.36:060][810]LogSkeletalMesh: Section 0: Material=0, Chunk=0, 172 triangles
[2014.12.07-09.38.36:061][810]LogLinker:Warning: Can't find file '/Game/Character/MyMainCharacter_low-polyMesh_PhysicsAsset'
[2014.12.07-09.38.36:061][810]LogUObjectGlobals:Warning: Failed to find object 'Object /Game/Character/MyMainCharacter_low-polyMesh_PhysicsAsset.MyMainCharacter_low-polyMesh_PhysicsAsset'
[2014.12.07-09.38.36:068][810]LogLinker:Warning: Can't find file '/Game/Character/MyMainCharacter_low-polyMesh_Skeleton'
[2014.12.07-09.38.36:068][810]LogUObjectGlobals:Warning: Failed to find object 'Object /Game/Character/MyMainCharacter_low-polyMesh_Skeleton.MyMainCharacter_low-polyMesh_Skeleton'
[2014.12.07-09.38.36:072][810]LogLinker:Warning: Can't find file '/Game/Character/eyebrow007'
[2014.12.07-09.38.36:073][810]LogLinker:Warning: Can't find file '/Game/Character/eyebrow007'
[2014.12.07-09.38.36:073][810]LogUObjectGlobals:Warning: Failed to find object 'MaterialInterface /Game/Character/eyebrow007.eyebrow007'
[2014.12.07-09.38.36:077][810]LogLinker:Warning: Can't find file '/Game/Character/eyebrow007'
[2014.12.07-09.38.36:077][810]LogLinker:Warning: Can't find file '/Game/Character/eyebrow007'
[2014.12.07-09.38.36:077][810]LogUObjectGlobals:Warning: Failed to find object 'Texture /Game/Character/eyebrow007.eyebrow007'
[2014.12.07-09.38.36:094][810]LogTexture:Display: Building textures: eyebrow0072 (AutoDXT)
[2014.12.07-09.38.36:216][810]LogMaterial: Missing cached shader map for material eyebrow007, compiling.
[2014.12.07-09.38.36:227][810]LogFbx: Triangulating skeletal mesh eyebrow007Mesh
[2014.12.07-09.38.36:310][810]LogFbx:Warning: Bones digested - 1  Depth of hierarchy - 1
[2014.12.07-09.38.36:312][810]LogSkeletalMesh: Chunk 0: 133 rigid vertices, 0 soft vertices, 1 active bones
[2014.12.07-09.38.36:313][810]LogSkeletalMesh: Section 0: Material=0, Chunk=0, 188 triangles
[2014.12.07-09.38.36:316][810]LogLinker:Warning: Can't find file '/Game/Character/MyMainCharacter_eyebrow007Mesh_PhysicsAsset'
[2014.12.07-09.38.36:316][810]LogUObjectGlobals:Warning: Failed to find object 'Object /Game/Character/MyMainCharacter_eyebrow007Mesh_PhysicsAsset.MyMainCharacter_eyebrow007Mesh_PhysicsAsset'
[2014.12.07-09.38.36:323][810]LogLinker:Warning: Can't find file '/Game/Character/MyMainCharacter_eyebrow007Mesh_Skeleton'
[2014.12.07-09.38.36:324][810]LogUObjectGlobals:Warning: Failed to find object 'Object /Game/Character/MyMainCharacter_eyebrow007Mesh_Skeleton.MyMainCharacter_eyebrow007Mesh_Skeleton'
[2014.12.07-09.38.36:364][810]LogLinker:Warning: Can't find file '/Game/Character/eyelashes01'
[2014.12.07-09.38.36:364][810]LogLinker:Warning: Can't find file '/Game/Character/eyelashes01'
[2014.12.07-09.38.36:364][810]LogUObjectGlobals:Warning: Failed to find object 'MaterialInterface /Game/Character/eyelashes01.eyelashes01'
[2014.12.07-09.38.36:377][810]LogLinker:Warning: Can't find file '/Game/Character/eyelashes01'
[2014.12.07-09.38.36:378][810]LogLinker:Warning: Can't find file '/Game/Character/eyelashes01'
[2014.12.07-09.38.36:378][810]LogUObjectGlobals:Warning: Failed to find object 'Texture /Game/Character/eyelashes01.eyelashes01'
[2014.12.07-09.38.36:406][810]LogTexture:Display: Building textures: eyelashes012 (AutoDXT)
[2014.12.07-09.38.36:587][810]LogMaterial: Missing cached shader map for material eyelashes01, compiling.
[2014.12.07-09.38.36:597][810]LogFbx: Triangulating skeletal mesh eyelashes01Mesh
[2014.12.07-09.38.36:750][810]LogFbx:Warning: Bones digested - 1  Depth of hierarchy - 1
[2014.12.07-09.38.36:753][810]LogSkeletalMesh: Chunk 0: 250 rigid vertices, 0 soft vertices, 1 active bones
[2014.12.07-09.38.36:755][810]LogSkeletalMesh: Section 0: Material=0, Chunk=0, 368 triangles
[2014.12.07-09.38.36:759][810]LogLinker:Warning: Can't find file '/Game/Character/MyMainCharacter_eyelashes01Mesh_PhysicsAsset'
[2014.12.07-09.38.36:759][810]LogUObjectGlobals:Warning: Failed to find object 'Object /Game/Character/MyMainCharacter_eyelashes01Mesh_PhysicsAsset.MyMainCharacter_eyelashes01Mesh_PhysicsAsset'
[2014.12.07-09.38.36:764][810]LogLinker:Warning: Can't find file '/Game/Character/MyMainCharacter_eyelashes01Mesh_Skeleton'
[2014.12.07-09.38.36:764][810]LogUObjectGlobals:Warning: Failed to find object 'Object /Game/Character/MyMainCharacter_eyelashes01Mesh_Skeleton.MyMainCharacter_eyelashes01Mesh_Skeleton'
[2014.12.07-09.38.36:771][810]LogLinker:Warning: Can't find file '/Game/Character/teeth_base'
[2014.12.07-09.38.36:771][810]LogLinker:Warning: Can't find file '/Game/Character/teeth_base'
[2014.12.07-09.38.36:772][810]LogUObjectGlobals:Warning: Failed to find object 'MaterialInterface /Game/Character/teeth_base.teeth_base'
[2014.12.07-09.38.36:776][810]LogLinker:Warning: Can't find file '/Game/Character/teeth'
[2014.12.07-09.38.36:777][810]LogLinker:Warning: Can't find file '/Game/Character/teeth'
[2014.12.07-09.38.36:777][810]LogUObjectGlobals:Warning: Failed to find object 'Texture /Game/Character/teeth.teeth'
[2014.12.07-09.38.37:230][810]LogTexture:Display: Building textures: teeth (AutoDXT)
[2014.12.07-09.38.48:324][810]LogMaterial: Missing cached shader map for material teeth_base, compiling.
[2014.12.07-09.38.48:336][810]LogFbx: Triangulating skeletal mesh teeth_baseMesh
[2014.12.07-09.38.51:197][810]LogFbx:Warning: Bones digested - 1  Depth of hierarchy - 1
[2014.12.07-09.38.51:485][810]LogSkeletalMesh: Chunk 0: 4546 rigid vertices, 0 soft vertices, 1 active bones
[2014.12.07-09.38.51:850][810]LogSkeletalMesh: Section 0: Material=0, Chunk=0, 7100 triangles
[2014.12.07-09.38.51:851][810]LogLinker:Warning: Can't find file '/Game/Character/MyMainCharacter_teeth_baseMesh_PhysicsAsset'
[2014.12.07-09.38.51:851][810]LogUObjectGlobals:Warning: Failed to find object 'Object /Game/Character/MyMainCharacter_teeth_baseMesh_PhysicsAsset.MyMainCharacter_teeth_baseMesh_PhysicsAsset'
[2014.12.07-09.38.51:855][810]LogLinker:Warning: Can't find file '/Game/Character/MyMainCharacter_teeth_baseMesh_Skeleton'
[2014.12.07-09.38.51:855][810]LogUObjectGlobals:Warning: Failed to find object 'Object /Game/Character/MyMainCharacter_teeth_baseMesh_Skeleton.MyMainCharacter_teeth_baseMesh_Skeleton'
[2014.12.07-09.38.51:861][810]LogLinker:Warning: Can't find file '/Game/Character/tongue01'
[2014.12.07-09.38.51:861][810]LogLinker:Warning: Can't find file '/Game/Character/tongue01'
[2014.12.07-09.38.51:862][810]LogUObjectGlobals:Warning: Failed to find object 'MaterialInterface /Game/Character/tongue01.tongue01'
[2014.12.07-09.38.51:864][810]LogLinker:Warning: Can't find file '/Game/Character/tongue01_diffuse'
[2014.12.07-09.38.51:865][810]LogLinker:Warning: Can't find file '/Game/Character/tongue01_diffuse'
[2014.12.07-09.38.51:865][810]LogUObjectGlobals:Warning: Failed to find object 'Texture /Game/Character/tongue01_diffuse.tongue01_diffuse'
[2014.12.07-09.38.51:933][810]LogTexture:Display: Building textures: tongue01_diffuse (AutoDXT)
[2014.12.07-09.38.53:002][810]LogMaterial: Missing cached shader map for material tongue01, compiling.
[2014.12.07-09.38.53:008][810]LogFbx: Triangulating skeletal mesh tongue01Mesh
[2014.12.07-09.38.53:192][810]LogFbx:Warning: Bones digested - 1  Depth of hierarchy - 1
[2014.12.07-09.38.53:197][810]LogSkeletalMesh: Chunk 0: 253 rigid vertices, 0 soft vertices, 1 active bones
[2014.12.07-09.38.53:199][810]LogSkeletalMesh: Section 0: Material=0, Chunk=0, 448 triangles
[2014.12.07-09.38.53:200][810]LogLinker:Warning: Can't find file '/Game/Character/MyMainCharacter_tongue01Mesh_PhysicsAsset'
[2014.12.07-09.38.53:200][810]LogUObjectGlobals:Warning: Failed to find object 'Object /Game/Character/MyMainCharacter_tongue01Mesh_PhysicsAsset.MyMainCharacter_tongue01Mesh_PhysicsAsset'
[2014.12.07-09.38.53:208][810]LogLinker:Warning: Can't find file '/Game/Character/MyMainCharacter_tongue01Mesh_Skeleton'
[2014.12.07-09.38.53:208][810]LogUObjectGlobals:Warning: Failed to find object 'Object /Game/Character/MyMainCharacter_tongue01Mesh_Skeleton.MyMainCharacter_tongue01Mesh_Skeleton'
[2014.12.07-09.38.53:218][810]LogLinker:Warning: Can't find file '/Game/Character/jeans01'
[2014.12.07-09.38.53:218][810]LogLinker:Warning: Can't find file '/Game/Character/jeans01'
[2014.12.07-09.38.53:218][810]LogUObjectGlobals:Warning: Failed to find object 'MaterialInterface /Game/Character/jeans01.jeans01'
[2014.12.07-09.38.53:222][810]LogLinker:Warning: Can't find file '/Game/Character/jeans_basic_diffuse'
[2014.12.07-09.38.53:222][810]LogLinker:Warning: Can't find file '/Game/Character/jeans_basic_diffuse'
[2014.12.07-09.38.53:222][810]LogUObjectGlobals:Warning: Failed to find object 'Texture /Game/Character/jeans_basic_diffuse.jeans_basic_diffuse'
[2014.12.07-09.38.53:809][810]LogTexture:Display: Building textures: jeans_basic_diffuse (AutoDXT)
[2014.12.07-09.39.01:504][810]LogLinker:Warning: Can't find file '/Game/Character/jeans01_normals'
[2014.12.07-09.39.01:504][810]LogLinker:Warning: Can't find file '/Game/Character/jeans01_normals'
[2014.12.07-09.39.01:504][810]LogUObjectGlobals:Warning: Failed to find object 'Texture /Game/Character/jeans01_normals.jeans01_normals'
[2014.12.07-09.39.01:812][810]LogTexture:Display: Building textures: jeans01_normals (BC5)
[2014.12.07-09.39.02:806][810]LogMaterial: Missing cached shader map for material jeans01, compiling.
[2014.12.07-09.39.02:815][810]LogFbx: Triangulating skeletal mesh jeans01Mesh
[2014.12.07-09.39.03:463][810]LogFbx:Warning: Bones digested - 1  Depth of hierarchy - 1
[2014.12.07-09.39.03:492][810]LogSkeletalMesh: Chunk 0: 950 rigid vertices, 0 soft vertices, 1 active bones
[2014.12.07-09.39.03:494][810]LogSkeletalMesh: Section 0: Material=0, Chunk=0, 1712 triangles
[2014.12.07-09.39.03:496][810]LogLinker:Warning: Can't find file '/Game/Character/MyMainCharacter_jeans01Mesh_PhysicsAsset'
[2014.12.07-09.39.03:496][810]LogUObjectGlobals:Warning: Failed to find object 'Object /Game/Character/MyMainCharacter_jeans01Mesh_PhysicsAsset.MyMainCharacter_jeans01Mesh_PhysicsAsset'
[2014.12.07-09.39.03:500][810]LogLinker:Warning: Can't find file '/Game/Character/MyMainCharacter_jeans01Mesh_Skeleton'
[2014.12.07-09.39.03:500][810]LogUObjectGlobals:Warning: Failed to find object 'Object /Game/Character/MyMainCharacter_jeans01Mesh_Skeleton.MyMainCharacter_jeans01Mesh_Skeleton'
[2014.12.07-09.39.03:505][810]LogLinker:Warning: Can't find file '/Game/Character/shoes02'
[2014.12.07-09.39.03:505][810]LogLinker:Warning: Can't find file '/Game/Character/shoes02'
[2014.12.07-09.39.03:505][810]LogUObjectGlobals:Warning: Failed to find object 'MaterialInterface /Game/Character/shoes02.shoes02'
[2014.12.07-09.39.03:509][810]LogLinker:Warning: Can't find file '/Game/Character/shoes02_default'
[2014.12.07-09.39.03:510][810]LogLinker:Warning: Can't find file '/Game/Character/shoes02_default'
[2014.12.07-09.39.03:510][810]LogUObjectGlobals:Warning: Failed to find object 'Texture /Game/Character/shoes02_default.shoes02_default'
[2014.12.07-09.39.03:663][810]LogTexture:Display: Building textures: shoes02_default (AutoDXT)
[2014.12.07-09.39.05:821][810]LogMaterial: Missing cached shader map for material shoes02, compiling.
[2014.12.07-09.39.05:827][810]LogFbx: Triangulating skeletal mesh shoes02Mesh
[2014.12.07-09.39.06:779][810]LogFbx:Warning: Bones digested - 1  Depth of hierarchy - 1
[2014.12.07-09.39.06:824][810]LogSkeletalMesh: Chunk 0: 1432 rigid vertices, 0 soft vertices, 1 active bones
[2014.12.07-09.39.06:829][810]LogSkeletalMesh: Section 0: Material=0, Chunk=0, 2560 triangles
[2014.12.07-09.39.06:830][810]LogLinker:Warning: Can't find file '/Game/Character/MyMainCharacter_shoes02Mesh_PhysicsAsset'
[2014.12.07-09.39.06:830][810]LogUObjectGlobals:Warning: Failed to find object 'Object /Game/Character/MyMainCharacter_shoes02Mesh_PhysicsAsset.MyMainCharacter_shoes02Mesh_PhysicsAsset'
[2014.12.07-09.39.06:834][810]LogLinker:Warning: Can't find file '/Game/Character/MyMainCharacter_shoes02Mesh_Skeleton'
[2014.12.07-09.39.06:834][810]LogUObjectGlobals:Warning: Failed to find object 'Object /Game/Character/MyMainCharacter_shoes02Mesh_Skeleton.MyMainCharacter_shoes02Mesh_Skeleton'
[2014.12.07-09.39.06:840][810]LogLinker:Warning: Can't find file '/Game/Character/tshirt02'
[2014.12.07-09.39.06:841][810]LogLinker:Warning: Can't find file '/Game/Character/tshirt02'
[2014.12.07-09.39.06:841][810]LogUObjectGlobals:Warning: Failed to find object 'MaterialInterface /Game/Character/tshirt02.tshirt02'
[2014.12.07-09.39.06:845][810]LogLinker:Warning: Can't find file '/Game/Character/tshirt02_texture'
[2014.12.07-09.39.06:845][810]LogLinker:Warning: Can't find file '/Game/Character/tshirt02_texture'
[2014.12.07-09.39.06:846][810]LogUObjectGlobals:Warning: Failed to find object 'Texture /Game/Character/tshirt02_texture.tshirt02_texture'
[2014.12.07-09.39.06:985][810]LogTexture:Display: Building textures: tshirt02_texture (AutoDXT)
[2014.12.07-09.39.08:320][810]LogLinker:Warning: Can't find file '/Game/Character/tshirt02_normals'
[2014.12.07-09.39.08:321][810]LogLinker:Warning: Can't find file '/Game/Character/tshirt02_normals'
[2014.12.07-09.39.08:321][810]LogUObjectGlobals:Warning: Failed to find object 'Texture /Game/Character/tshirt02_normals.tshirt02_normals'
[2014.12.07-09.39.08:383][810]LogTexture:Display: Building textures: tshirt02_normals (BC5)
[2014.12.07-09.39.08:594][810]LogMaterial: Missing cached shader map for material tshirt02, compiling.
[2014.12.07-09.39.08:602][810]LogFbx: Triangulating skeletal mesh tshirt02Mesh
[2014.12.07-09.39.09:263][810]LogFbx:Warning: Bones digested - 1  Depth of hierarchy - 1
[2014.12.07-09.39.09:304][810]LogSkeletalMesh: Chunk 0: 804 rigid vertices, 0 soft vertices, 1 active bones
[2014.12.07-09.39.09:306][810]LogSkeletalMesh: Section 0: Material=0, Chunk=0, 1407 triangles
[2014.12.07-09.39.09:307][810]LogLinker:Warning: Can't find file '/Game/Character/MyMainCharacter_tshirt02Mesh_PhysicsAsset'
[2014.12.07-09.39.09:308][810]LogUObjectGlobals:Warning: Failed to find object 'Object /Game/Character/MyMainCharacter_tshirt02Mesh_PhysicsAsset.MyMainCharacter_tshirt02Mesh_PhysicsAsset'
[2014.12.07-09.39.09:313][810]LogLinker:Warning: Can't find file '/Game/Character/MyMainCharacter_tshirt02Mesh_Skeleton'
[2014.12.07-09.39.09:313][810]LogUObjectGlobals:Warning: Failed to find object 'Object /Game/Character/MyMainCharacter_tshirt02Mesh_Skeleton.MyMainCharacter_tshirt02Mesh_Skeleton'
[2014.12.07-09.39.09:319][810]FBXImport:Warning: Warning Warning: No smoothing group information was found in this FBX scene.  Please make sure to enable the 'Export Smoothing Groups' option in the FBX Exporter plug-in before exporting the file.  Even for tools that don't support smoothing groups, the FBX Exporter will generate appropriate smoothing data at export-time so that correct vertex normals can be inferred while importing. 
[2014.12.07-09.39.09:319][810]FBXImport:Warning: Warning Could not find the bind pose.  It will use time 0 as bind pose. 
[2014.12.07-09.39.09:319][810]FBXImport:Warning: Warning Could not find the bind pose.  It will use time 0 as bind pose. 
[2014.12.07-09.39.09:319][810]FBXImport:Warning: Warning Could not find the bind pose.  It will use time 0 as bind pose. 
[2014.12.07-09.39.09:319][810]FBXImport:Warning: Warning Could not find the bind pose.  It will use time 0 as bind pose. 
[2014.12.07-09.39.09:319][810]FBXImport:Warning: Warning Could not find the bind pose.  It will use time 0 as bind pose. 
[2014.12.07-09.39.09:319][810]FBXImport:Warning: Warning Could not find the bind pose.  It will use time 0 as bind pose. 
[2014.12.07-09.39.09:320][810]FBXImport:Warning: Warning Could not find the bind pose.  It will use time 0 as bind pose. 
[2014.12.07-09.39.09:320][810]FBXImport:Warning: Warning Could not find the bind pose.  It will use time 0 as bind pose. 
[2014.12.07-09.39.09:320][810]FBXImport:Warning: Warning Could not find the bind pose.  It will use time 0 as bind pose. 
[2014.12.07-09.39.09:320][810]FBXImport:Warning: Warning Could not find the bind pose.  It will use time 0 as bind pose. 
[2014.12.07-09.39.09:329][810]LogContentBrowser:Verbose: The content browser source was changed by the sources view to 'None'
[2014.12.07-09.39.09:330][810]LogContentBrowser:Verbose: The content browser source was changed by the sources view to '/Game/Character'
[2014.12.07-09.39.09:821][811]LogMaterial:Warning: Material /Game/Character/tongue01.tongue01 needed to have new flag set bUsedWithSkeletalMesh !
[2014.12.07-09.39.09:941][811]LogMaterial: Missing cached shader map for material tongue01, compiling.
[2014.12.07-09.39.09:964][811]LogMaterial: 0.000048 seconds spent updating 1 materials, 1 interfaces, 0 instances, 0 with static permutations.
[2014.12.07-09.39.10:110][812]LogMaterial:Warning: Material /Game/Character/teeth_base.teeth_base needed to have new flag set bUsedWithSkeletalMesh !
[2014.12.07-09.39.10:140][812]LogMaterial: Missing cached shader map for material teeth_base, compiling.
[2014.12.07-09.39.10:160][812]LogMaterial: 0.000085 seconds spent updating 1 materials, 1 interfaces, 0 instances, 0 with static permutations.
[2014.12.07-09.39.10:201][813]LogMaterial:Warning: Material /Game/Character/shoes02.shoes02 needed to have new flag set bUsedWithSkeletalMesh !
[2014.12.07-09.39.10:247][813]LogMaterial: Missing cached shader map for material shoes02, compiling.
[2014.12.07-09.39.10:267][813]LogMaterial: 0.000082 seconds spent updating 1 materials, 1 interfaces, 0 instances, 0 with static permutations.
[2014.12.07-09.39.10:310][814]LogMaterial:Warning: Material /Game/Character/mhair02.mhair02 needed to have new flag set bUsedWithSkeletalMesh !
[2014.12.07-09.39.10:335][814]LogMaterial: Missing cached shader map for material mhair02, compiling.
[2014.12.07-09.39.10:357][814]LogMaterial: 0.000167 seconds spent updating 1 materials, 1 interfaces, 0 instances, 0 with static permutations.
[2014.12.07-09.39.10:428][815]LogMaterial:Warning: Material /Game/Character/male1591.male1591 needed to have new flag set bUsedWithSkeletalMesh !
[2014.12.07-09.39.10:430][815]LogMaterial: Missing cached shader map for material male1591, compiling.
[2014.12.07-09.39.10:451][815]LogMaterial: 0.000123 seconds spent updating 1 materials, 1 interfaces, 0 instances, 0 with static permutations.
[2014.12.07-09.39.10:476][816]LogMaterial:Warning: Material /Game/Character/low-poly.low-poly needed to have new flag set bUsedWithSkeletalMesh !
[2014.12.07-09.39.10:494][816]LogMaterial: Missing cached shader map for material low-poly, compiling.
[2014.12.07-09.39.10:515][816]LogMaterial: 0.000129 seconds spent updating 1 materials, 1 interfaces, 0 instances, 0 with static permutations.
[2014.12.07-09.39.10:559][817]LogMaterial:Warning: Material /Game/Character/jeans01.jeans01 needed to have new flag set bUsedWithSkeletalMesh !
[2014.12.07-09.39.10:578][817]LogMaterial: Missing cached shader map for material jeans01, compiling.
[2014.12.07-09.39.10:597][817]LogMaterial: 0.000116 seconds spent updating 1 materials, 1 interfaces, 0 instances, 0 with static permutations.
[2014.12.07-09.39.10:679][818]LogMaterial:Warning: Material /Game/Character/eyelashes01.eyelashes01 needed to have new flag set bUsedWithSkeletalMesh !
[2014.12.07-09.39.10:697][818]LogMaterial: Missing cached shader map for material eyelashes01, compiling.
[2014.12.07-09.39.10:717][818]LogMaterial: 0.000147 seconds spent updating 1 materials, 1 interfaces, 0 instances, 0 with static permutations.
[2014.12.07-09.39.10:750][819]LogMaterial:Warning: Material /Game/Character/eyebrow007.eyebrow007 needed to have new flag set bUsedWithSkeletalMesh !
[2014.12.07-09.39.10:767][819]LogMaterial: Missing cached shader map for material eyebrow007, compiling.
[2014.12.07-09.39.10:789][819]LogMaterial: 0.001217 seconds spent updating 1 materials, 1 interfaces, 0 instances, 0 with static permutations.
[2014.12.07-09.39.10:941][823]LogMaterial:Warning: Material /Game/Character/tshirt02.tshirt02 needed to have new flag set bUsedWithSkeletalMesh !
[2014.12.07-09.39.10:943][823]LogMaterial: Missing cached shader map for material tshirt02, compiling.
[2014.12.07-09.39.10:969][823]LogMaterial: 0.000119 seconds spent updating 1 materials, 1 interfaces, 0 instances, 0 with static permutations.
[2014.12.07-09.40.16:919][898]Cmd: QUIT_EDITOR
[2014.12.07-09.40.17:315][898]LogExit: Preparing to exit.
[2014.12.07-09.40.18:448][898]LogExit: Editor shut down
[2014.12.07-09.40.18:448][898]LogExit: Transaction tracking system shut down
[2014.12.07-09.40.18:449][898]LogParticles: Destroying 0 GPU particle simulations for FXSystem 0x0000000014BC4180
[2014.12.07-09.40.18:488][898]LogParticles: Destroying 0 GPU particle simulations for FXSystem 0x0000000028A88860
[2014.12.07-09.40.18:488][898]LogParticles: Destroying 0 GPU particle simulations for FXSystem 0x0000000028A89080
[2014.12.07-09.40.18:488][898]LogExit: Object subsystem successfully closed.
[2014.12.07-09.40.18:542][898]LogModuleManager: Shutting down and abandoning module AndroidDeviceDetection (166)
[2014.12.07-09.40.18:542][898]LogModuleManager: Shutting down and abandoning module CrashTracker (165)
[2014.12.07-09.40.18:542][898]LogModuleManager: Shutting down and abandoning module SuperSearch (164)
[2014.12.07-09.40.18:542][898]LogModuleManager: Shutting down and abandoning module SceneOutliner (163)
[2014.12.07-09.40.18:542][898]LogModuleManager: Shutting down and abandoning module EditorWidgets (162)
[2014.12.07-09.40.18:542][898]LogModuleManager: Shutting down and abandoning module CollectionManager (161)
[2014.12.07-09.40.18:542][898]LogModuleManager: Shutting down and abandoning module StatsViewer (160)
[2014.12.07-09.40.18:542][898]LogModuleManager: Shutting down and abandoning module FoliageEdit (159)
[2014.12.07-09.40.18:542][898]LogModuleManager: Shutting down and abandoning module LandscapeEditor (158)
[2014.12.07-09.40.18:542][898]LogModuleManager: Shutting down and abandoning module MeshPaint (157)
[2014.12.07-09.40.18:542][898]LogModuleManager: Shutting down and abandoning module ActorPickerMode (156)
[2014.12.07-09.40.18:542][898]LogModuleManager: Shutting down and abandoning module GeometryMode (155)
[2014.12.07-09.40.18:542][898]LogModuleManager: Shutting down and abandoning module TextureAlignMode (154)
[2014.12.07-09.40.18:542][898]LogModuleManager: Shutting down and abandoning module BspMode (153)
[2014.12.07-09.40.18:542][898]LogModuleManager: Shutting down and abandoning module PlacementMode (152)
[2014.12.07-09.40.18:543][898]LogModuleManager: Shutting down and abandoning module AutomationWorker (151)
[2014.12.07-09.40.18:543][898]LogModuleManager: Shutting down and abandoning module CharacterAI (150)
[2014.12.07-09.40.18:543][898]LogModuleManager: Shutting down and abandoning module GameProjectGeneration (149)
[2014.12.07-09.40.18:543][898]LogModuleManager: Shutting down and abandoning module IntroTutorials (148)
[2014.12.07-09.40.18:543][898]LogModuleManager: Shutting down and abandoning module EditorLiveStreaming (147)
[2014.12.07-09.40.18:543][898]LogModuleManager: Shutting down and abandoning module HardwareTargeting (146)
[2014.12.07-09.40.18:543][898]LogModuleManager: Shutting down and abandoning module BehaviorTreeEditor (145)
[2014.12.07-09.40.18:543][898]LogModuleManager: Shutting down and abandoning module DeviceProfileEditor (144)
[2014.12.07-09.40.18:543][898]LogModuleManager: Shutting down and abandoning module UndoHistory (143)
[2014.12.07-09.40.18:543][898]LogModuleManager: Shutting down and abandoning module GameplayTagsEditor (142)
[2014.12.07-09.40.18:543][898]LogModuleManager: Shutting down and abandoning module UserFeedback (141)
[2014.12.07-09.40.18:543][898]LogModuleManager: Shutting down and abandoning module XmlParser (140)
[2014.12.07-09.40.18:543][898]LogModuleManager: Shutting down and abandoning module Blutility (139)
[2014.12.07-09.40.18:543][898]LogModuleManager: Shutting down and abandoning module IOSPlatformEditor (138)
[2014.12.07-09.40.18:543][898]LogModuleManager: Shutting down and abandoning module IOSRuntimeSettings (137)
[2014.12.07-09.40.18:543][898]LogModuleManager: Shutting down and abandoning module AndroidPlatformEditor (136)
[2014.12.07-09.40.18:543][898]LogModuleManager: Shutting down and abandoning module AndroidRuntimeSettings (135)
[2014.12.07-09.40.18:543][898]LogModuleManager: Shutting down and abandoning module ProjectTargetPlatformEditor (134)
[2014.12.07-09.40.18:543][898]LogModuleManager: Shutting down and abandoning module ProjectSettingsViewer (133)
[2014.12.07-09.40.18:543][898]LogModuleManager: Shutting down and abandoning module InputBindingEditor (132)
[2014.12.07-09.40.18:543][898]LogModuleManager: Shutting down and abandoning module EditorSettingsViewer (131)
[2014.12.07-09.40.18:543][898]LogModuleManager: Shutting down and abandoning module SettingsEditor (130)
[2014.12.07-09.40.18:543][898]LogModuleManager: Shutting down and abandoning module ProjectLauncher (129)
[2014.12.07-09.40.18:543][898]LogModuleManager: Shutting down and abandoning module SessionFrontend (128)
[2014.12.07-09.40.18:543][898]LogModuleManager: Shutting down and abandoning module ProfilerClient (127)
[2014.12.07-09.40.18:543][898]LogModuleManager: Shutting down and abandoning module TargetDeviceServices (126)
[2014.12.07-09.40.18:543][898]LogModuleManager: Shutting down and abandoning module DeviceManager (125)
[2014.12.07-09.40.18:543][898]LogModuleManager: Shutting down and abandoning module AutomationController (124)
[2014.12.07-09.40.18:543][898]LogModuleManager: Shutting down and abandoning module AutomationWindow (123)
[2014.12.07-09.40.18:543][898]LogModuleManager: Shutting down and abandoning module Layers (122)
[2014.12.07-09.40.18:543][898]LogModuleManager: Shutting down and abandoning module ComponentVisualizers (121)
[2014.12.07-09.40.18:543][898]LogModuleManager: Shutting down and abandoning module DetailCustomizations (120)
[2014.12.07-09.40.18:543][898]LogModuleManager: Shutting down and abandoning module PackagesDialog (119)
[2014.12.07-09.40.18:545][898]LogModuleManager: Shutting down and abandoning module AssetRegistry (118)
[2014.12.07-09.40.18:643][898]LogModuleManager: Shutting down and abandoning module Persona (117)
[2014.12.07-09.40.18:643][898]LogModuleManager: Shutting down and abandoning module Kismet (116)
[2014.12.07-09.40.18:643][898]LogModuleManager: Shutting down and abandoning module GraphEditor (115)
[2014.12.07-09.40.18:643][898]LogModuleManager: Shutting down and abandoning module ClassViewer (114)
[2014.12.07-09.40.18:643][898]LogModuleManager: Shutting down and abandoning module Toolbox (113)
[2014.12.07-09.40.18:643][898]LogModuleManager: Shutting down and abandoning module ModuleUI (112)
[2014.12.07-09.40.18:643][898]LogModuleManager: Shutting down and abandoning module MovieSceneTools (111)
[2014.12.07-09.40.18:643][898]LogModuleManager: Shutting down and abandoning module OutputLog (110)
[2014.12.07-09.40.18:643][898]LogModuleManager: Shutting down and abandoning module GammaUI (109)
[2014.12.07-09.40.18:643][898]LogModuleManager: Shutting down and abandoning module Documentation (108)
[2014.12.07-09.40.18:644][898]LogModuleManager: Shutting down and abandoning module GameLiveStreaming (107)
[2014.12.07-09.40.18:644][898]LogModuleManager: Shutting down and abandoning module StreamingPauseRendering (106)
[2014.12.07-09.40.18:644][898]LogModuleManager: Shutting down and abandoning module HTTP (105)
[2014.12.07-09.40.18:644][898]LogModuleManager: Shutting down and abandoning module AnalyticsET (104)
[2014.12.07-09.40.18:644][898]LogModuleManager: Shutting down and abandoning module Analytics (103)
[2014.12.07-09.40.18:644][898]LogModuleManager: Shutting down and abandoning module GameplayDebugger (102)
[2014.12.07-09.40.18:644][898]LogModuleManager: Shutting down and abandoning module AIModule (101)
[2014.12.07-09.40.18:644][898]LogModuleManager: Shutting down and abandoning module ProfilerService (100)
[2014.12.07-09.40.18:828][898]LogModuleManager: Shutting down and abandoning module TaskGraph (99)
[2014.12.07-09.40.18:828][898]LogModuleManager: Shutting down and abandoning module SlateRemote (98)
[2014.12.07-09.40.18:828][898]LogModuleManager: Shutting down and abandoning module ScriptEditorPlugin (97)
[2014.12.07-09.40.18:828][898]LogModuleManager: Shutting down and abandoning module CustomMeshComponent (96)
[2014.12.07-09.40.18:828][898]LogModuleManager: Shutting down and abandoning module CableComponent (95)
[2014.12.07-09.40.18:828][898]LogModuleManager: Shutting down and abandoning module MessagingDebugger (94)
[2014.12.07-09.40.18:828][898]LogModuleManager: Shutting down and abandoning module MediaPlayerEditor (93)
[2014.12.07-09.40.18:828][898]LogModuleManager: Shutting down and abandoning module SpeedTreeImporter (92)
[2014.12.07-09.40.18:828][898]LogModuleManager: Shutting down and abandoning module PluginsEditor (91)
[2014.12.07-09.40.18:828][898]LogModuleManager: Shutting down and abandoning module EpicSurvey (90)
[2014.12.07-09.40.18:828][898]LogModuleManager: Shutting down and abandoning module DesktopPlatform (89)
[2014.12.07-09.40.18:828][898]LogModuleManager: Shutting down and abandoning module VisualStudioSourceCodeAccess (88)
[2014.12.07-09.40.18:828][898]LogModuleManager: Shutting down and abandoning module UObjectPlugin (87)
[2014.12.07-09.40.18:828][898]LogModuleManager: Shutting down and abandoning module SubversionSourceControl (86)
[2014.12.07-09.40.18:828][898]LogModuleManager: Shutting down and abandoning module SourceControl (85)
[2014.12.07-09.40.18:828][898]LogModuleManager: Shutting down and abandoning module PerforceSourceControl (84)
[2014.12.07-09.40.18:828][898]LogModuleManager: Shutting down and abandoning module BlankPlugin (83)
[2014.12.07-09.40.18:828][898]LogModuleManager: Shutting down and abandoning module SlateReflector (82)
[2014.12.07-09.40.18:828][898]LogModuleManager: Shutting down and abandoning module DirectoryWatcher (81)
[2014.12.07-09.40.18:829][898]LogModuleManager: Shutting down and abandoning module HotReload (80)
[2014.12.07-09.40.18:829][898]LogModuleManager: Shutting down and abandoning module MainFrame (79)
[2014.12.07-09.40.18:829][898]LogModuleManager: Shutting down and abandoning module LevelEditor (78)
[2014.12.07-09.40.18:830][898]LogModuleManager: Shutting down and abandoning module ViewportSnapping (77)
[2014.12.07-09.40.18:830][898]LogModuleManager: Shutting down and abandoning module SmartSnapping (76)
[2014.12.07-09.40.18:830][898]LogModuleManager: Shutting down and abandoning module PaperTiledImporter (75)
[2014.12.07-09.40.18:830][898]LogModuleManager: Shutting down and abandoning module PaperJsonImporter (74)
[2014.12.07-09.40.18:830][898]LogModuleManager: Shutting down and abandoning module ContentBrowser (73)
[2014.12.07-09.40.18:830][898]LogModuleManager: Shutting down and abandoning module PropertyEditor (72)
[2014.12.07-09.40.18:830][898]LogModuleManager: Shutting down and abandoning module Paper2DEditor (71)
[2014.12.07-09.40.18:830][898]LogModuleManager: Shutting down and abandoning module ScriptPlugin (70)
[2014.12.07-09.40.18:830][898]LogModuleManager: Shutting down and abandoning module UdpMessaging (69)
[2014.12.07-09.40.18:930][898]LogModuleManager: Shutting down and abandoning module Paper2D (68)
[2014.12.07-09.40.18:930][898]LogModuleManager: Shutting down and abandoning module WindowsMoviePlayer (67)
[2014.12.07-09.40.18:932][898]LogModuleManager: Shutting down and abandoning module Media (66)
[2014.12.07-09.40.18:932][898]LogModuleManager: Shutting down and abandoning module WmfMedia (65)
[2014.12.07-09.40.18:933][898]LogModuleManager: Shutting down and abandoning module OnlineBlueprintSupport (64)
[2014.12.07-09.40.18:933][898]LogModuleManager: Shutting down and abandoning module FunctionalTesting (63)
[2014.12.07-09.40.18:933][898]LogModuleManager: Shutting down and abandoning module CollisionAnalyzer (62)
[2014.12.07-09.40.18:933][898]LogModuleManager: Shutting down and abandoning module WorkspaceMenuStructure (61)
[2014.12.07-09.40.18:933][898]LogModuleManager: Shutting down and abandoning module MessageLog (60)
[2014.12.07-09.40.18:933][898]LogModuleManager: Shutting down and abandoning module Sequencer (59)
[2014.12.07-09.40.18:933][898]LogModuleManager: Shutting down and abandoning module AssetTools (58)
[2014.12.07-09.40.18:933][898]LogModuleManager: Shutting down and abandoning module UMGEditor (57)
[2014.12.07-09.40.18:933][898]LogModuleManager: Shutting down and abandoning module UMG (56)
[2014.12.07-09.40.18:933][898]LogModuleManager: Shutting down and abandoning module Slate (55)
[2014.12.07-09.40.18:933][898]LogModuleManager: Shutting down and abandoning module EditorStyle (54)
[2014.12.07-09.40.18:934][898]LogModuleManager: Shutting down and abandoning module SessionServices (53)
[2014.12.07-09.40.18:935][898]LogModuleManager: Shutting down and abandoning module SourceCodeAccess (52)
[2014.12.07-09.40.18:935][898]LogModuleManager: Shutting down and abandoning module HeadMountedDisplay (51)
[2014.12.07-09.40.18:935][898]LogModuleManager: Shutting down and abandoning module XAudio2 (50)
[2014.12.07-09.40.18:935][898]LogModuleManager: Shutting down and abandoning module Networking (48)
[2014.12.07-09.40.18:935][898]LogModuleManager: Shutting down and abandoning module Core (47)
[2014.12.07-09.40.18:935][898]LogModuleManager: Shutting down and abandoning module KismetCompiler (46)
[2014.12.07-09.40.18:935][898]LogModuleManager: Shutting down and abandoning module PhysXFormats (45)
[2014.12.07-09.40.18:935][898]LogModuleManager: Shutting down and abandoning module MeshUtilities (44)
[2014.12.07-09.40.18:935][898]LogModuleManager: Shutting down and abandoning module DerivedDataCache (43)
[2014.12.07-09.40.18:943][898]LogDerivedDataCache: Shutdown
[2014.12.07-09.40.18:943][898]LogModuleManager: Shutting down and abandoning module ShaderFormatOpenGL (42)
[2014.12.07-09.40.18:943][898]LogModuleManager: Shutting down and abandoning module ShaderFormatD3D (41)
[2014.12.07-09.40.18:943][898]LogModuleManager: Shutting down and abandoning module MetalShaderFormat (40)
[2014.12.07-09.40.18:943][898]LogModuleManager: Shutting down and abandoning module TextureFormatUncompressed (39)
[2014.12.07-09.40.18:943][898]LogModuleManager: Shutting down and abandoning module TextureFormatPVR (38)
[2014.12.07-09.40.18:943][898]LogModuleManager: Shutting down and abandoning module TextureFormatDXT (37)
[2014.12.07-09.40.18:943][898]LogModuleManager: Shutting down and abandoning module TextureFormatAndroid (36)
[2014.12.07-09.40.18:943][898]LogModuleManager: Shutting down and abandoning module AudioFormatOpus (35)
[2014.12.07-09.40.18:943][898]LogModuleManager: Shutting down and abandoning module AudioFormatOgg (34)
[2014.12.07-09.40.18:943][898]LogModuleManager: Shutting down and abandoning module AudioFormatADPCM (33)
[2014.12.07-09.40.18:943][898]LogModuleManager: Shutting down and abandoning module Messaging (32)
[2014.12.07-09.40.18:943][898]LogModuleManager: Shutting down and abandoning module IOSTargetPlatform (31)
[2014.12.07-09.40.18:943][898]LogModuleManager: Shutting down and abandoning module Android_PVRTCTargetPlatform (30)
[2014.12.07-09.40.18:943][898]LogModuleManager: Shutting down and abandoning module Android_ETC2TargetPlatform (29)
[2014.12.07-09.40.18:943][898]LogModuleManager: Shutting down and abandoning module Android_ETC1TargetPlatform (28)
[2014.12.07-09.40.18:943][898]LogModuleManager: Shutting down and abandoning module Android_DXTTargetPlatform (27)
[2014.12.07-09.40.18:943][898]LogModuleManager: Shutting down and abandoning module Android_ATCTargetPlatform (26)
[2014.12.07-09.40.18:943][898]LogModuleManager: Shutting down and abandoning module AndroidTargetPlatform (25)
[2014.12.07-09.40.18:943][898]LogModuleManager: Shutting down and abandoning module WindowsTargetPlatform (24)
[2014.12.07-09.40.18:943][898]LogModuleManager: Shutting down and abandoning module WindowsServerTargetPlatform (23)
[2014.12.07-09.40.18:943][898]LogModuleManager: Shutting down and abandoning module WindowsNoEditorTargetPlatform (22)
[2014.12.07-09.40.18:943][898]LogModuleManager: Shutting down and abandoning module WindowsClientTargetPlatform (21)
[2014.12.07-09.40.18:943][898]LogModuleManager: Shutting down and abandoning module TargetPlatform (20)
[2014.12.07-09.40.18:943][898]LogModuleManager: Shutting down and abandoning module InputCore (19)
[2014.12.07-09.40.18:943][898]LogModuleManager: Shutting down and abandoning module Settings (18)
[2014.12.07-09.40.18:943][898]LogModuleManager: Shutting down and abandoning module ImageWrapper (17)
[2014.12.07-09.40.18:943][898]LogModuleManager: Shutting down and abandoning module OculusRift (14)
[2014.12.07-09.40.18:943][898]LogModuleManager: Shutting down and abandoning module ExampleDeviceProfileSelector (13)
[2014.12.07-09.40.18:943][898]LogModuleManager: Shutting down and abandoning module TextureCompressor (12)
[2014.12.07-09.40.18:943][898]LogModuleManager: Shutting down and abandoning module ShaderCore (11)
[2014.12.07-09.40.18:943][898]LogModuleManager: Shutting down and abandoning module SlateRHIRenderer (10)
[2014.12.07-09.40.18:944][898]LogModuleManager: Shutting down and abandoning module OpenGLDrv (9)
[2014.12.07-09.40.18:944][898]LogModuleManager: Shutting down and abandoning module D3D11RHI (8)
[2014.12.07-09.40.18:944][898]LogModuleManager: Shutting down and abandoning module Renderer (7)
[2014.12.07-09.40.18:944][898]LogModuleManager: Shutting down and abandoning module Engine (6)
[2014.12.07-09.40.18:944][898]LogModuleManager: Shutting down and abandoning module CoreUObject (5)
[2014.12.07-09.40.18:944][898]LogModuleManager: Shutting down and abandoning module NetworkFile (4)
[2014.12.07-09.40.18:944][898]LogModuleManager: Shutting down and abandoning module StreamingFile (3)
[2014.12.07-09.40.18:944][898]LogModuleManager: Shutting down and abandoning module SandboxFile (2)
[2014.12.07-09.40.18:944][898]LogModuleManager: Shutting down and abandoning module PakFile (1)
[2014.12.07-09.40.18:945][898]LogExit: Exiting.
[2014.12.07-09.40.18:970][898]Log file closed, 12/07/14 01:40:18
