Log file open, 11/18/14 23:52:50
LogInit:Display: Running engine for game: Trial_third_person
LogInit: Version: 4.5.1-2336687+++depot+UE4-Releases+4.5
LogInit: API Version: 2326478
LogInit: Compiled (64-bit): Oct 21 2014 22:32:40
LogInit: Compiled with Visual C++: 18.00.21005.01
LogInit: Build Configuration: Development
LogInit: Branch Name: ++depot+UE4-Releases+4.5
LogInit: Command line:  
LogInit: Base directory: C:/Program Files/Epic Games/4.5/Engine/Binaries/Win64/
LogInit: Rocket: 1
[2014.11.19-07.52.50:420][  0]LogTaskGraph: Started task graph with 3 named threads and 4 total threads.
[2014.11.19-07.52.50:455][  0]LogOnline:Warning: No default platform service specified for OnlineSubsystem
[2014.11.19-07.52.50:488][  0]LogInit: Presizing for 0 objects not considered by GC, pre-allocating 0 bytes.
[2014.11.19-07.52.50:499][  0]LogInit: Object subsystem initialized
[2014.11.19-07.52.50:503][  0]LogConsoleResponse:Warning: Skipping Unknown console variable: 'UIScaleRule = ShortestSide'
[2014.11.19-07.52.50:503][  0]LogConsoleResponse:Warning:   Found in ini file 'D:/Study-Session/Trial_third_person/Saved/Config/Windows/Engine.ini', in section '[/Script/Engine.RendererSettings]'
[2014.11.19-07.52.50:503][  0]LogConsoleResponse:Warning: Skipping Unknown console variable: 'UIScaleCurve = (EditorCurveData=(Keys=((Time=480.000000,Value=0.444000),(Time=720.000000,Value=0.666000),(Time=1080.000000,Value=1.000000),(Time=8640.000000,Value=8.000000))),ExternalCurve=None)'
[2014.11.19-07.52.50:503][  0]LogConsoleResponse:Warning:   Found in ini file 'D:/Study-Session/Trial_third_person/Saved/Config/Windows/Engine.ini', in section '[/Script/Engine.RendererSettings]'
[2014.11.19-07.52.50:503][  0]LogInit: Selected Device Profile: [Windows]
[2014.11.19-07.52.50:503][  0]LogInit: Applying CVar settings loaded from the selected device profile: [Windows]
[2014.11.19-07.52.50:510][  0]LogInit: Computer: ZEN-MATT
[2014.11.19-07.52.50:510][  0]LogInit: User: Matt
[2014.11.19-07.52.50:511][  0]LogInit: CPU Page size=4096, Cores=2
[2014.11.19-07.52.50:511][  0]LogInit: High frequency timer resolution =2.338593 MHz
[2014.11.19-07.52.50:511][  0]LogMemory: Memory total: Physical=3.9GB (4GB approx) Virtual=8192.0GB
[2014.11.19-07.52.50:512][  0]LogMemory: Platform Memory Stats for Windows
[2014.11.19-07.52.50:512][  0]LogMemory: Process Physical Memory: 63.89 MB used, 63.89 MB peak
[2014.11.19-07.52.50:512][  0]LogMemory: Process Virtual Memory: 39.45 MB used, 39.45 MB peak
[2014.11.19-07.52.50:512][  0]LogMemory: Physical Memory: 2521.49 MB used, 3981.98 MB total
[2014.11.19-07.52.50:512][  0]LogMemory: Virtual Memory: 269.29 MB used, 8388608.00 MB total
[2014.11.19-07.52.50:544][  0]LogD3D11RHI: Found D3D11 adapter 0: Intel(R) HD Graphics 4000 (Feature Level 11_0)
[2014.11.19-07.52.50:544][  0]LogD3D11RHI: Adapter has 64MB of dedicated video memory, 0MB of dedicated system memory, and 1632MB of shared system memory, 1 output[s]
[2014.11.19-07.52.50:544][  0]LogD3D11RHI: Chosen D3D11 Adapter Id = 0
[2014.11.19-07.52.50:551][  0]LogRHI: Texture pool is 616 MB (70% of 880 MB)
[2014.11.19-07.52.50:567][  0]LogD3D11RHI: Async texture creation enabled
[2014.11.19-07.52.50:620][  0]LogTextLocalizationManager: The requested culture ('en_US') has no localization data; parent culture's ('en') localization data will be used.
[2014.11.19-07.52.50:795][  0]LogContentStreaming: Texture pool size is 0.000000MB
[2014.11.19-07.52.56:867][  0]LogTargetPlatformManager:Display: Building Assets For Windows
[2014.11.19-07.52.57:478][  0]LogTargetPlatformManager:Display: Building Assets For Windows
[2014.11.19-07.52.57:569][  0]LogDerivedDataCache:Display: Max Cache Size: 512 MB
[2014.11.19-07.52.57:619][  0]LogDerivedDataCache: Loaded boot cache 0.05s 39MB C:/Users/Matt/AppData/Local/UnrealEngine/4.5/DerivedDataCache/Boot.ddc.
[2014.11.19-07.52.57:619][  0]LogDerivedDataCache:Display: Loaded Boot cache: C:/Users/Matt/AppData/Local/UnrealEngine/4.5/DerivedDataCache/Boot.ddc
[2014.11.19-07.52.57:620][  0]LogDerivedDataCache: FDerivedDataBackendGraph:  Pak pak cache file D:/Study-Session/Trial_third_person/DerivedDataCache/DDC.ddp not found, will not use a pak cache.
[2014.11.19-07.52.57:620][  0]LogDerivedDataCache: Unable to find inner node Pak for hierarchical cache Hierarchy.
[2014.11.19-07.52.57:706][  0]LogDerivedDataCache:Display: Pak cache opened for reading ../../../Engine/DerivedDataCache/DDC.ddp.
[2014.11.19-07.52.57:718][  0]LogDerivedDataCache: Using Local data cache path C:/Users/Matt/AppData/Local/UnrealEngine/Common/DerivedDataCache: Writable
[2014.11.19-07.52.57:957][  0]LogMeshUtilities: No automatic mesh reduction module available
[2014.11.19-07.52.57:957][  0]LogMeshUtilities: No automatic mesh merging module available
[2014.11.19-07.52.58:260][  0]LogLinker:Warning: Asset '../../../Engine/Content/Functions/Engine_MaterialFunctions02/Texturing/FlipBook.uasset' has been saved with empty engine version. The asset will be loaded but may be incompatible.
[2014.11.19-07.52.58:265][  0]LogLinker:Warning: Asset '../../../Engine/Content/Functions/Engine_MaterialFunctions02/ExampleContent/Textures/flipbook.uasset' has been saved with empty engine version. The asset will be loaded but may be incompatible.
[2014.11.19-07.52.58:530][  0]LogInit: WinSock: version 1.1 (2.2), MaxSocks=32767, MaxUdp=65467
[2014.11.19-07.52.59:628][  0]UdpMessaging: Initializing bridge on interface 0.0.0.0:0 to multicast group 230.0.0.1:6666.
[2014.11.19-07.52.59:900][  0]LogDirectoryWatcher:Warning: Failed to begin reading directory changes for D:/Study-Session/Trial_third_person/Binaries/Win64. Error: 0
[2014.11.19-07.53.00:105][  0]SourceControl: Info Source control is disabled
[2014.11.19-07.53.00:105][  0]SourceControl: Info Source control is disabled
[2014.11.19-07.53.00:119][  0]SourceControl: Info Source control is disabled
[2014.11.19-07.53.00:334][  0]LogObj: 22915 objects as part of root set at end of initial load.
[2014.11.19-07.53.00:334][  0]LogUObjectAllocator: 4803536 out of 0 bytes used by permanent object pool.
[2014.11.19-07.53.00:414][  0]LogEngine: Initializing Engine...
[2014.11.19-07.53.00:594][  0]LogInit: XAudio2 using 'Speakers (Realtek High Definition Audio)' : 2 channels at 48 kHz using 32 bits per sample (channel mask 0x3)
[2014.11.19-07.53.00:634][  0]LogInit: FAudioDevice initialized.
[2014.11.19-07.53.00:675][  0]LogAIModule: Creating AISystem for world NewWorld
[2014.11.19-07.53.00:701][  0]LogDerivedDataCache: Saved boot cache 0.02s 39MB C:/Users/Matt/AppData/Local/UnrealEngine/4.5/DerivedDataCache/Boot.ddc.
[2014.11.19-07.53.00:703][  0]LogInit: Texture streaming: Enabled
[2014.11.19-07.53.00:787][  0]LogInit: Transaction tracking system initialized
[2014.11.19-07.53.00:960][  0]BlueprintLog: New page: Editor Load
[2014.11.19-07.53.01:006][  0]LogAssetRegistry: FAssetRegistry took 0.0100 seconds to start up
[2014.11.19-07.53.01:006][  0]LogDirectoryWatcher:Warning: Failed to begin reading directory changes for ../../../Engine/Plugins/Experimental/CharacterAI/Content/. Error: 0
[2014.11.19-07.53.01:824][  0]LogTargetPlatformManager:Display: Building Assets For Windows
[2014.11.19-07.53.02:315][  0]LogTargetPlatformManager:Display: Building Assets For Windows
[2014.11.19-07.53.02:699][  0]LogConsoleResponse:Display: 
[2014.11.19-07.53.03:016][  0]SourceControl: Info Source control is disabled
[2014.11.19-07.53.03:016][  0]Cmd: MAP LOAD FILE="D:/Study-Session/Trial_third_person/Content/Maps/Example_Map.umap" TEMPLATE=0 SHOWPROGRESS=1
[2014.11.19-07.53.03:016][  0]LightingResults: New page: Lighting Build
[2014.11.19-07.53.03:034][  0]MapCheck: New page: Map Check
[2014.11.19-07.53.03:034][  0]LightingResults: New page: Lighting Build
[2014.11.19-07.53.03:062][  0]LogParticles: Destroying 0 GPU particle simulations for FXSystem 0x000000001C4B2840
[2014.11.19-07.53.03:372][  0]LogEditorServer: Finished looking for orphan Actors (0.000 secs)
[2014.11.19-07.53.03:372][  0]LogAIModule: Creating AISystem for world Example_Map
[2014.11.19-07.53.03:373][  0]Cmd: MAP CHECKDEP
[2014.11.19-07.53.03:373][  0]MapCheck: New page: Example_Map - Nov 18, 2014, 3:53:03 PM
[2014.11.19-07.53.03:549][  0]MapCheck: Info Map check complete: 0 Error(s), 0 Warning(s), took 175.998ms to complete.
[2014.11.19-07.53.03:549][  0]LogFileHelpers: Loading map 'Example_Map' took 0.533
[2014.11.19-07.53.03:644][  0]LogCollectionManager: Loaded 0 collections in 0.001050 seconds
[2014.11.19-07.53.03:840][  0]LogCrashTracker: Crashtracker disabled due to settings.
[2014.11.19-07.53.03:861][  0]LogUObjectGlobals:Warning: Failed to find object 'Class None.'
[2014.11.19-07.53.03:899][  0]LogLoad: Full Startup: 16.14 seconds (BP compile: 0.08 seconds)
[2014.11.19-07.53.04:245][  0]LogContentBrowser:Verbose: The content browser source was changed by the sources view to '/Game/StarterContent/Shapes'
[2014.11.19-07.53.04:444][  0]LogRenderer:Warning: Reallocating scene render targets to support 904x896.
[2014.11.19-07.53.06:145][  4]LogAssetRegistry: Asset discovery search completed in 5.1495 seconds
[2014.11.19-07.53.25:957][709]LogContentBrowser:Verbose: The content browser source was changed by the sources view to '/Game'
[2014.11.19-07.53.56:146][485]LogEditor: Attempting to add actor of class 'PhysicsConstraintActor' to level at -160.00,-1320.00,120.00
[2014.11.19-07.53.56:929][501]LogEditor: Attempting to add actor of class 'PhysicsConstraintActor' to level at -640.00,-600.00,130.00
[2014.11.19-07.54.07:387][114]LogContentBrowser:Verbose: The content browser source was changed by the sources view to '/Game/StarterContent/Shapes'
[2014.11.19-07.54.08:932][186]LogActorFactory: Actor Factory created Shape_Cube
[2014.11.19-07.54.10:585][219]LogActorFactory: Actor Factory created Shape_Cube
[2014.11.19-07.54.13:236][352]LogEditorViewport: Clicking on Actor (LMB): PhysicsConstraintActor (PhysicsConstraintActor1)
[2014.11.19-07.55.11:136][154]LogEditorViewport: Clicking on Actor (LMB): PhysicsConstraintActor (PhysicsConstraintActor1)
[2014.11.19-07.55.23:777][872]Cmd: OBJ SAVEPACKAGE PACKAGE="/Game/Maps/Example_Map" FILE="D:/Study-Session/Trial_third_person/Content/Maps/Example_Map.umap" SILENT=true AUTOSAVING=false KEEPDIRTY=false
[2014.11.19-07.55.24:080][872]LogSavePackage: Save=250.028122ms
[2014.11.19-07.55.24:080][872]LogSavePackage: Moving 'D:/Study-Session/Trial_third_person/Saved/Example_MapE69258E04B95A243B5548E84D08617FA.tmp' to 'D:/Study-Session/Trial_third_person/Content/Maps/Example_Map.umap'
[2014.11.19-07.55.24:101][872]LogFileHelpers: Saving map 'Example_Map' took 0.477
[2014.11.19-07.55.25:272][939]LogPlayLevel: PIE:  No blueprints needed recompiling
[2014.11.19-07.55.25:272][939]PIE: New page: PIE session: Example_Map (Nov 18, 2014, 3:55:25 PM)
[2014.11.19-07.55.25:325][939]LogPlayLevel: PIE: StaticDuplicateObject took: (0.052170s)
[2014.11.19-07.55.25:326][939]LogPlayLevel: PIE: World Init took: (0.001172s)
[2014.11.19-07.55.25:326][939]LogPlayLevel: PIE: Created PIE world by copying editor world from /Game/Maps/Example_Map.Example_Map to /Game/Maps/UEDPIE_0_Example_Map.Example_Map (0.053614s)
[2014.11.19-07.55.25:792][939]LogWorld: Game class is 'MyGame_C'
[2014.11.19-07.55.25:794][939]LogAIModule: Creating AISystem for world Example_Map
[2014.11.19-07.55.25:796][939]LogWorld: Bringing World /Game/Maps/UEDPIE_0_Example_Map.Example_Map up for play (max tick rate 60) at 2014.11.18-23.55.25
[2014.11.19-07.55.25:796][939]LogWorld: Bringing up level for play took: 0.001664
[2014.11.19-07.55.25:799][939]PIE: Info Play in editor start time for /Game/Maps/UEDPIE_0_Example_Map 1.394
[2014.11.19-07.55.30:208][131]LogParticles: Destroying 0 GPU particle simulations for FXSystem 0x00000000128CE520
[2014.11.19-07.55.33:386][293]LogEditorViewport: Clicking on Actor (LMB): StaticMeshActor (Shape_Cube)
[2014.11.19-07.55.34:295][332]LogPropertyNode:Warning: UI Min (0.0) >= UI Max () for Ranged Numeric
[2014.11.19-07.55.37:582][490]LogPropertyNode:Warning: UI Min (0.0) >= UI Max () for Ranged Numeric
[2014.11.19-07.55.53:893][424]Cmd: OBJ SAVEPACKAGE PACKAGE="/Game/Maps/Example_Map" FILE="D:/Study-Session/Trial_third_person/Content/Maps/Example_Map.umap" SILENT=true AUTOSAVING=false KEEPDIRTY=false
[2014.11.19-07.55.54:220][424]LogSavePackage: Save=276.528229ms
[2014.11.19-07.55.54:220][424]LogSavePackage: Moving 'D:/Study-Session/Trial_third_person/Saved/Example_Map7E6B6E0F4BF0FB3837E53682E7875DA8.tmp' to 'D:/Study-Session/Trial_third_person/Content/Maps/Example_Map.umap'
[2014.11.19-07.55.54:240][424]LogFileHelpers: Saving map 'Example_Map' took 0.517
[2014.11.19-07.55.56:462][551]LogPlayLevel: PIE:  No blueprints needed recompiling
[2014.11.19-07.55.56:462][551]PIE: New page: PIE session: Example_Map (Nov 18, 2014, 3:55:56 PM)
[2014.11.19-07.55.56:515][551]LogPlayLevel: PIE: StaticDuplicateObject took: (0.052673s)
[2014.11.19-07.55.56:516][551]LogPlayLevel: PIE: World Init took: (0.001143s)
[2014.11.19-07.55.56:516][551]LogPlayLevel: PIE: Created PIE world by copying editor world from /Game/Maps/Example_Map.Example_Map to /Game/Maps/UEDPIE_0_Example_Map.Example_Map (0.054179s)
[2014.11.19-07.55.56:553][551]LogWorld: Game class is 'MyGame_C'
[2014.11.19-07.55.56:554][551]LogAIModule: Creating AISystem for world Example_Map
[2014.11.19-07.55.56:555][551]LogWorld: Bringing World /Game/Maps/UEDPIE_0_Example_Map.Example_Map up for play (max tick rate 60) at 2014.11.18-23.55.56
[2014.11.19-07.55.56:555][551]LogWorld: Bringing up level for play took: 0.001397
[2014.11.19-07.55.56:558][551]PIE: Info Play in editor start time for /Game/Maps/UEDPIE_0_Example_Map 0.15
[2014.11.19-07.56.25:399][771]LogParticles: Destroying 0 GPU particle simulations for FXSystem 0x00000000128CD3A0
[2014.11.19-07.56.55:723][278]LogEditorViewport: Clicking on Actor (LMB): TextRenderActor (TemplateLabel)
[2014.11.19-07.56.57:452][360]Cmd: SELECT NONE
[2014.11.19-07.56.58:057][394]Cmd: SELECT NONE
[2014.11.19-07.57.00:731][482]LogEditorViewport: Clicking on Actor (LMB): PhysicsConstraintActor (PhysicsConstraintActor1)
[2014.11.19-07.57.17:292][401]LogActorComponent: UnregisterComponent: (/Engine/Transient.CharacterMovementComponent_0) Not registered. Aborting.
[2014.11.19-07.57.17:532][401]Cmd: OBJ SAVEPACKAGE PACKAGE="/Game/Maps/Example_Map" FILE="D:/Study-Session/Trial_third_person/Content/Maps/Example_Map.umap" SILENT=true AUTOSAVING=false KEEPDIRTY=false
[2014.11.19-07.57.17:883][401]LogSavePackage: Save=299.284668ms
[2014.11.19-07.57.17:883][401]LogSavePackage: Moving 'D:/Study-Session/Trial_third_person/Saved/Example_Map8C906F6B4C5B529D1F21B7815995CDFD.tmp' to 'D:/Study-Session/Trial_third_person/Content/Maps/Example_Map.umap'
[2014.11.19-07.57.17:903][401]LogFileHelpers: Saving map 'Example_Map' took 0.549
[2014.11.19-07.57.19:966][516]LogPlayLevel: PIE:  No blueprints needed recompiling
[2014.11.19-07.57.19:966][516]PIE: New page: PIE session: Example_Map (Nov 18, 2014, 3:57:19 PM)
[2014.11.19-07.57.20:021][516]LogPlayLevel: PIE: StaticDuplicateObject took: (0.054238s)
[2014.11.19-07.57.20:022][516]LogPlayLevel: PIE: World Init took: (0.001057s)
[2014.11.19-07.57.20:022][516]LogPlayLevel: PIE: Created PIE world by copying editor world from /Game/Maps/Example_Map.Example_Map to /Game/Maps/UEDPIE_0_Example_Map.Example_Map (0.055642s)
[2014.11.19-07.57.20:054][516]LogWorld: Game class is 'MyGame_C'
[2014.11.19-07.57.20:055][516]LogAIModule: Creating AISystem for world Example_Map
[2014.11.19-07.57.20:057][516]LogWorld: Bringing World /Game/Maps/UEDPIE_0_Example_Map.Example_Map up for play (max tick rate 60) at 2014.11.18-23.57.20
[2014.11.19-07.57.20:057][516]LogWorld: Bringing up level for play took: 0.001473
[2014.11.19-07.57.20:060][516]PIE: Info Play in editor start time for /Game/Maps/UEDPIE_0_Example_Map -0.353
[2014.11.19-07.57.54:540][858]LogParticles: Destroying 0 GPU particle simulations for FXSystem 0x0000000011908900
[2014.11.19-07.58.25:273][521]LogEditorViewport: Clicking on Actor (LMB): StaticMeshActor (Shape_Cube)
[2014.11.19-07.58.29:385][710]LogPropertyNode:Warning: UI Min (0.0) >= UI Max () for Ranged Numeric
[2014.11.19-07.58.55:333][903]LogPlayLevel: PIE:  No blueprints needed recompiling
[2014.11.19-07.58.55:334][903]PIE: New page: PIE session: Example_Map (Nov 18, 2014, 3:58:55 PM)
[2014.11.19-07.58.55:401][903]LogPlayLevel: PIE: StaticDuplicateObject took: (0.067227s)
[2014.11.19-07.58.55:402][903]LogPlayLevel: PIE: World Init took: (0.001092s)
[2014.11.19-07.58.55:403][903]LogPlayLevel: PIE: Created PIE world by copying editor world from /Game/Maps/Example_Map.Example_Map to /Game/Maps/UEDPIE_0_Example_Map.Example_Map (0.068726s)
[2014.11.19-07.58.55:438][903]LogWorld: Game class is 'MyGame_C'
[2014.11.19-07.58.55:439][903]LogAIModule: Creating AISystem for world Example_Map
[2014.11.19-07.58.55:440][903]LogWorld: Bringing World /Game/Maps/UEDPIE_0_Example_Map.Example_Map up for play (max tick rate 60) at 2014.11.18-23.58.55
[2014.11.19-07.58.55:440][903]LogWorld: Bringing up level for play took: 0.001528
[2014.11.19-07.58.55:443][903]PIE: Info Play in editor start time for /Game/Maps/UEDPIE_0_Example_Map 1.023
[2014.11.19-07.59.59:793][328]LogParticles: Destroying 0 GPU particle simulations for FXSystem 0x0000000018E0CB80
[2014.11.19-08.00.00:942][374]LogPlayLevel: PIE:  No blueprints needed recompiling
[2014.11.19-08.00.00:943][374]PIE: New page: PIE session: Example_Map (Nov 18, 2014, 4:00:00 PM)
[2014.11.19-08.00.01:014][374]LogPlayLevel: PIE: StaticDuplicateObject took: (0.071557s)
[2014.11.19-08.00.01:015][374]LogPlayLevel: PIE: World Init took: (0.001144s)
[2014.11.19-08.00.01:016][374]LogPlayLevel: PIE: Created PIE world by copying editor world from /Game/Maps/Example_Map.Example_Map to /Game/Maps/UEDPIE_0_Example_Map.Example_Map (0.073092s)
[2014.11.19-08.00.01:050][374]LogWorld: Game class is 'MyGame_C'
[2014.11.19-08.00.01:051][374]LogAIModule: Creating AISystem for world Example_Map
[2014.11.19-08.00.01:053][374]LogWorld: Bringing World /Game/Maps/UEDPIE_0_Example_Map.Example_Map up for play (max tick rate 60) at 2014.11.19-00.00.01
[2014.11.19-08.00.01:053][374]LogWorld: Bringing up level for play took: 0.001641
[2014.11.19-08.00.01:056][374]PIE: Info Play in editor start time for /Game/Maps/UEDPIE_0_Example_Map 0.632
[2014.11.19-08.00.36:907][690]LogParticles: Destroying 0 GPU particle simulations for FXSystem 0x0000000028DE36A0
[2014.11.19-08.00.53:069][330]LogEditorViewport: Clicking on Actor (LMB): StaticMeshActor (Shape_Cube)
[2014.11.19-08.00.54:691][393]Cmd: OBJ SAVEPACKAGE PACKAGE="/Game/Maps/Example_Map" FILE="D:/Study-Session/Trial_third_person/Content/Maps/Example_Map.umap" SILENT=true AUTOSAVING=false KEEPDIRTY=false
[2014.11.19-08.00.55:068][393]LogSavePackage: Save=316.099457ms
[2014.11.19-08.00.55:068][393]LogSavePackage: Moving 'D:/Study-Session/Trial_third_person/Saved/Example_MapEC0E868E47EA78AA6C7898AF4866AF62.tmp' to 'D:/Study-Session/Trial_third_person/Content/Maps/Example_Map.umap'
[2014.11.19-08.00.55:091][393]LogFileHelpers: Saving map 'Example_Map' took 0.640
[2014.11.19-08.01.20:144][690]LogEditorViewport: Clicking on Actor (LMB): PhysicsConstraintActor (PhysicsConstraintActor1)
[2014.11.19-08.01.58:035][759]LogEditorViewport: Clicking on Actor (LMB): StaticMeshActor (Shape_Cube)
[2014.11.19-08.01.58:742][786]LogPropertyNode:Warning: UI Min (0.0) >= UI Max () for Ranged Numeric
[2014.11.19-08.02.26:319][317]LogPropertyNode:Warning: UI Min (0.0) >= UI Max () for Ranged Numeric
[2014.11.19-08.03.12:610][785]LogPropertyNode:Warning: UI Min (0.0) >= UI Max () for Ranged Numeric
[2014.11.19-08.03.20:088][124]LogPropertyNode:Warning: UI Min (0.0) >= UI Max () for Ranged Numeric
[2014.11.19-08.05.45:945][ 78]Cmd: QUIT_EDITOR
[2014.11.19-08.05.46:376][ 78]LogExit: Preparing to exit.
[2014.11.19-08.05.46:795][ 78]LogExit: Editor shut down
[2014.11.19-08.05.46:795][ 78]LogExit: Transaction tracking system shut down
[2014.11.19-08.05.46:796][ 78]LogParticles: Destroying 0 GPU particle simulations for FXSystem 0x00000000127FB240
[2014.11.19-08.05.46:829][ 78]LogParticles: Destroying 0 GPU particle simulations for FXSystem 0x0000000012616F20
[2014.11.19-08.05.46:829][ 78]LogParticles: Destroying 0 GPU particle simulations for FXSystem 0x00000000204500E0
[2014.11.19-08.05.46:829][ 78]LogParticles: Destroying 0 GPU particle simulations for FXSystem 0x0000000027272020
[2014.11.19-08.05.46:829][ 78]LogExit: Object subsystem successfully closed.
[2014.11.19-08.05.46:939][ 78]LogModuleManager: Shutting down and abandoning module AndroidDeviceDetection (166)
[2014.11.19-08.05.46:939][ 78]LogModuleManager: Shutting down and abandoning module CrashTracker (165)
[2014.11.19-08.05.46:939][ 78]LogModuleManager: Shutting down and abandoning module SuperSearch (164)
[2014.11.19-08.05.46:939][ 78]LogModuleManager: Shutting down and abandoning module SceneOutliner (163)
[2014.11.19-08.05.46:939][ 78]LogModuleManager: Shutting down and abandoning module EditorWidgets (162)
[2014.11.19-08.05.46:940][ 78]LogModuleManager: Shutting down and abandoning module CollectionManager (161)
[2014.11.19-08.05.46:940][ 78]LogModuleManager: Shutting down and abandoning module StatsViewer (160)
[2014.11.19-08.05.46:940][ 78]LogModuleManager: Shutting down and abandoning module FoliageEdit (159)
[2014.11.19-08.05.46:940][ 78]LogModuleManager: Shutting down and abandoning module LandscapeEditor (158)
[2014.11.19-08.05.46:940][ 78]LogModuleManager: Shutting down and abandoning module MeshPaint (157)
[2014.11.19-08.05.46:940][ 78]LogModuleManager: Shutting down and abandoning module ActorPickerMode (156)
[2014.11.19-08.05.46:940][ 78]LogModuleManager: Shutting down and abandoning module GeometryMode (155)
[2014.11.19-08.05.46:940][ 78]LogModuleManager: Shutting down and abandoning module TextureAlignMode (154)
[2014.11.19-08.05.46:940][ 78]LogModuleManager: Shutting down and abandoning module BspMode (153)
[2014.11.19-08.05.46:940][ 78]LogModuleManager: Shutting down and abandoning module PlacementMode (152)
[2014.11.19-08.05.46:940][ 78]LogModuleManager: Shutting down and abandoning module AutomationWorker (151)
[2014.11.19-08.05.46:940][ 78]LogModuleManager: Shutting down and abandoning module CharacterAI (150)
[2014.11.19-08.05.46:940][ 78]LogModuleManager: Shutting down and abandoning module GameProjectGeneration (149)
[2014.11.19-08.05.46:940][ 78]LogModuleManager: Shutting down and abandoning module IntroTutorials (148)
[2014.11.19-08.05.46:940][ 78]LogModuleManager: Shutting down and abandoning module EditorLiveStreaming (147)
[2014.11.19-08.05.46:940][ 78]LogModuleManager: Shutting down and abandoning module HardwareTargeting (146)
[2014.11.19-08.05.46:940][ 78]LogModuleManager: Shutting down and abandoning module BehaviorTreeEditor (145)
[2014.11.19-08.05.46:940][ 78]LogModuleManager: Shutting down and abandoning module DeviceProfileEditor (144)
[2014.11.19-08.05.46:940][ 78]LogModuleManager: Shutting down and abandoning module UndoHistory (143)
[2014.11.19-08.05.46:940][ 78]LogModuleManager: Shutting down and abandoning module GameplayTagsEditor (142)
[2014.11.19-08.05.46:940][ 78]LogModuleManager: Shutting down and abandoning module UserFeedback (141)
[2014.11.19-08.05.46:940][ 78]LogModuleManager: Shutting down and abandoning module XmlParser (140)
[2014.11.19-08.05.46:940][ 78]LogModuleManager: Shutting down and abandoning module Blutility (139)
[2014.11.19-08.05.46:940][ 78]LogModuleManager: Shutting down and abandoning module IOSPlatformEditor (138)
[2014.11.19-08.05.46:940][ 78]LogModuleManager: Shutting down and abandoning module IOSRuntimeSettings (137)
[2014.11.19-08.05.46:940][ 78]LogModuleManager: Shutting down and abandoning module AndroidPlatformEditor (136)
[2014.11.19-08.05.46:940][ 78]LogModuleManager: Shutting down and abandoning module AndroidRuntimeSettings (135)
[2014.11.19-08.05.46:940][ 78]LogModuleManager: Shutting down and abandoning module ProjectTargetPlatformEditor (134)
[2014.11.19-08.05.46:941][ 78]LogModuleManager: Shutting down and abandoning module ProjectSettingsViewer (133)
[2014.11.19-08.05.46:941][ 78]LogModuleManager: Shutting down and abandoning module InputBindingEditor (132)
[2014.11.19-08.05.46:941][ 78]LogModuleManager: Shutting down and abandoning module EditorSettingsViewer (131)
[2014.11.19-08.05.46:941][ 78]LogModuleManager: Shutting down and abandoning module SettingsEditor (130)
[2014.11.19-08.05.46:941][ 78]LogModuleManager: Shutting down and abandoning module ProjectLauncher (129)
[2014.11.19-08.05.46:941][ 78]LogModuleManager: Shutting down and abandoning module SessionFrontend (128)
[2014.11.19-08.05.46:941][ 78]LogModuleManager: Shutting down and abandoning module ProfilerClient (127)
[2014.11.19-08.05.46:941][ 78]LogModuleManager: Shutting down and abandoning module TargetDeviceServices (126)
[2014.11.19-08.05.46:941][ 78]LogModuleManager: Shutting down and abandoning module DeviceManager (125)
[2014.11.19-08.05.46:941][ 78]LogModuleManager: Shutting down and abandoning module AutomationController (124)
[2014.11.19-08.05.46:941][ 78]LogModuleManager: Shutting down and abandoning module AutomationWindow (123)
[2014.11.19-08.05.46:941][ 78]LogModuleManager: Shutting down and abandoning module Layers (122)
[2014.11.19-08.05.46:941][ 78]LogModuleManager: Shutting down and abandoning module ComponentVisualizers (121)
[2014.11.19-08.05.46:941][ 78]LogModuleManager: Shutting down and abandoning module DetailCustomizations (120)
[2014.11.19-08.05.46:941][ 78]LogModuleManager: Shutting down and abandoning module PackagesDialog (119)
[2014.11.19-08.05.46:942][ 78]LogModuleManager: Shutting down and abandoning module AssetRegistry (118)
[2014.11.19-08.05.47:043][ 78]LogModuleManager: Shutting down and abandoning module Persona (117)
[2014.11.19-08.05.47:043][ 78]LogModuleManager: Shutting down and abandoning module Kismet (116)
[2014.11.19-08.05.47:043][ 78]LogModuleManager: Shutting down and abandoning module GraphEditor (115)
[2014.11.19-08.05.47:043][ 78]LogModuleManager: Shutting down and abandoning module ClassViewer (114)
[2014.11.19-08.05.47:043][ 78]LogModuleManager: Shutting down and abandoning module Toolbox (113)
[2014.11.19-08.05.47:043][ 78]LogModuleManager: Shutting down and abandoning module ModuleUI (112)
[2014.11.19-08.05.47:043][ 78]LogModuleManager: Shutting down and abandoning module MovieSceneTools (111)
[2014.11.19-08.05.47:043][ 78]LogModuleManager: Shutting down and abandoning module OutputLog (110)
[2014.11.19-08.05.47:043][ 78]LogModuleManager: Shutting down and abandoning module GammaUI (109)
[2014.11.19-08.05.47:043][ 78]LogModuleManager: Shutting down and abandoning module Documentation (108)
[2014.11.19-08.05.47:043][ 78]LogModuleManager: Shutting down and abandoning module GameLiveStreaming (107)
[2014.11.19-08.05.47:043][ 78]LogModuleManager: Shutting down and abandoning module StreamingPauseRendering (106)
[2014.11.19-08.05.47:043][ 78]LogModuleManager: Shutting down and abandoning module HTTP (105)
[2014.11.19-08.05.47:043][ 78]LogModuleManager: Shutting down and abandoning module AnalyticsET (104)
[2014.11.19-08.05.47:043][ 78]LogModuleManager: Shutting down and abandoning module Analytics (103)
[2014.11.19-08.05.47:043][ 78]LogModuleManager: Shutting down and abandoning module GameplayDebugger (102)
[2014.11.19-08.05.47:043][ 78]LogModuleManager: Shutting down and abandoning module AIModule (101)
[2014.11.19-08.05.47:043][ 78]LogModuleManager: Shutting down and abandoning module ProfilerService (100)
[2014.11.19-08.05.47:047][ 78]LogModuleManager: Shutting down and abandoning module TaskGraph (99)
[2014.11.19-08.05.47:047][ 78]LogModuleManager: Shutting down and abandoning module SlateRemote (98)
[2014.11.19-08.05.47:047][ 78]LogModuleManager: Shutting down and abandoning module ScriptEditorPlugin (97)
[2014.11.19-08.05.47:047][ 78]LogModuleManager: Shutting down and abandoning module CustomMeshComponent (96)
[2014.11.19-08.05.47:047][ 78]LogModuleManager: Shutting down and abandoning module CableComponent (95)
[2014.11.19-08.05.47:047][ 78]LogModuleManager: Shutting down and abandoning module MessagingDebugger (94)
[2014.11.19-08.05.47:047][ 78]LogModuleManager: Shutting down and abandoning module MediaPlayerEditor (93)
[2014.11.19-08.05.47:047][ 78]LogModuleManager: Shutting down and abandoning module SpeedTreeImporter (92)
[2014.11.19-08.05.47:047][ 78]LogModuleManager: Shutting down and abandoning module PluginsEditor (91)
[2014.11.19-08.05.47:047][ 78]LogModuleManager: Shutting down and abandoning module EpicSurvey (90)
[2014.11.19-08.05.47:047][ 78]LogModuleManager: Shutting down and abandoning module DesktopPlatform (89)
[2014.11.19-08.05.47:047][ 78]LogModuleManager: Shutting down and abandoning module VisualStudioSourceCodeAccess (88)
[2014.11.19-08.05.47:047][ 78]LogModuleManager: Shutting down and abandoning module UObjectPlugin (87)
[2014.11.19-08.05.47:047][ 78]LogModuleManager: Shutting down and abandoning module SubversionSourceControl (86)
[2014.11.19-08.05.47:047][ 78]LogModuleManager: Shutting down and abandoning module SourceControl (85)
[2014.11.19-08.05.47:047][ 78]LogModuleManager: Shutting down and abandoning module PerforceSourceControl (84)
[2014.11.19-08.05.47:047][ 78]LogModuleManager: Shutting down and abandoning module BlankPlugin (83)
[2014.11.19-08.05.47:047][ 78]LogModuleManager: Shutting down and abandoning module SlateReflector (82)
[2014.11.19-08.05.47:047][ 78]LogModuleManager: Shutting down and abandoning module DirectoryWatcher (81)
[2014.11.19-08.05.47:047][ 78]LogModuleManager: Shutting down and abandoning module HotReload (80)
[2014.11.19-08.05.47:047][ 78]LogModuleManager: Shutting down and abandoning module MainFrame (79)
[2014.11.19-08.05.47:047][ 78]LogModuleManager: Shutting down and abandoning module LevelEditor (78)
[2014.11.19-08.05.47:049][ 78]LogModuleManager: Shutting down and abandoning module ViewportSnapping (77)
[2014.11.19-08.05.47:049][ 78]LogModuleManager: Shutting down and abandoning module SmartSnapping (76)
[2014.11.19-08.05.47:049][ 78]LogModuleManager: Shutting down and abandoning module PaperTiledImporter (75)
[2014.11.19-08.05.47:049][ 78]LogModuleManager: Shutting down and abandoning module PaperJsonImporter (74)
[2014.11.19-08.05.47:049][ 78]LogModuleManager: Shutting down and abandoning module ContentBrowser (73)
[2014.11.19-08.05.47:049][ 78]LogModuleManager: Shutting down and abandoning module PropertyEditor (72)
[2014.11.19-08.05.47:049][ 78]LogModuleManager: Shutting down and abandoning module Paper2DEditor (71)
[2014.11.19-08.05.47:049][ 78]LogModuleManager: Shutting down and abandoning module ScriptPlugin (70)
[2014.11.19-08.05.47:049][ 78]LogModuleManager: Shutting down and abandoning module UdpMessaging (69)
[2014.11.19-08.05.47:149][ 78]LogModuleManager: Shutting down and abandoning module Paper2D (68)
[2014.11.19-08.05.47:149][ 78]LogModuleManager: Shutting down and abandoning module WindowsMoviePlayer (67)
[2014.11.19-08.05.47:152][ 78]LogModuleManager: Shutting down and abandoning module Media (66)
[2014.11.19-08.05.47:152][ 78]LogModuleManager: Shutting down and abandoning module WmfMedia (65)
[2014.11.19-08.05.47:152][ 78]LogModuleManager: Shutting down and abandoning module OnlineBlueprintSupport (64)
[2014.11.19-08.05.47:152][ 78]LogModuleManager: Shutting down and abandoning module FunctionalTesting (63)
[2014.11.19-08.05.47:152][ 78]LogModuleManager: Shutting down and abandoning module CollisionAnalyzer (62)
[2014.11.19-08.05.47:152][ 78]LogModuleManager: Shutting down and abandoning module WorkspaceMenuStructure (61)
[2014.11.19-08.05.47:152][ 78]LogModuleManager: Shutting down and abandoning module MessageLog (60)
[2014.11.19-08.05.47:152][ 78]LogModuleManager: Shutting down and abandoning module Sequencer (59)
[2014.11.19-08.05.47:152][ 78]LogModuleManager: Shutting down and abandoning module AssetTools (58)
[2014.11.19-08.05.47:152][ 78]LogModuleManager: Shutting down and abandoning module UMGEditor (57)
[2014.11.19-08.05.47:152][ 78]LogModuleManager: Shutting down and abandoning module UMG (56)
[2014.11.19-08.05.47:152][ 78]LogModuleManager: Shutting down and abandoning module Slate (55)
[2014.11.19-08.05.47:152][ 78]LogModuleManager: Shutting down and abandoning module EditorStyle (54)
[2014.11.19-08.05.47:155][ 78]LogModuleManager: Shutting down and abandoning module SessionServices (53)
[2014.11.19-08.05.47:155][ 78]LogModuleManager: Shutting down and abandoning module SourceCodeAccess (52)
[2014.11.19-08.05.47:155][ 78]LogModuleManager: Shutting down and abandoning module HeadMountedDisplay (51)
[2014.11.19-08.05.47:155][ 78]LogModuleManager: Shutting down and abandoning module XAudio2 (50)
[2014.11.19-08.05.47:155][ 78]LogModuleManager: Shutting down and abandoning module Networking (48)
[2014.11.19-08.05.47:155][ 78]LogModuleManager: Shutting down and abandoning module Core (47)
[2014.11.19-08.05.47:155][ 78]LogModuleManager: Shutting down and abandoning module KismetCompiler (46)
[2014.11.19-08.05.47:155][ 78]LogModuleManager: Shutting down and abandoning module PhysXFormats (45)
[2014.11.19-08.05.47:155][ 78]LogModuleManager: Shutting down and abandoning module MeshUtilities (44)
[2014.11.19-08.05.47:155][ 78]LogModuleManager: Shutting down and abandoning module DerivedDataCache (43)
[2014.11.19-08.05.47:168][ 78]LogDerivedDataCache: Shutdown
[2014.11.19-08.05.47:168][ 78]LogModuleManager: Shutting down and abandoning module ShaderFormatOpenGL (42)
[2014.11.19-08.05.47:168][ 78]LogModuleManager: Shutting down and abandoning module ShaderFormatD3D (41)
[2014.11.19-08.05.47:168][ 78]LogModuleManager: Shutting down and abandoning module MetalShaderFormat (40)
[2014.11.19-08.05.47:168][ 78]LogModuleManager: Shutting down and abandoning module TextureFormatUncompressed (39)
[2014.11.19-08.05.47:168][ 78]LogModuleManager: Shutting down and abandoning module TextureFormatPVR (38)
[2014.11.19-08.05.47:168][ 78]LogModuleManager: Shutting down and abandoning module TextureFormatDXT (37)
[2014.11.19-08.05.47:168][ 78]LogModuleManager: Shutting down and abandoning module TextureFormatAndroid (36)
[2014.11.19-08.05.47:168][ 78]LogModuleManager: Shutting down and abandoning module AudioFormatOpus (35)
[2014.11.19-08.05.47:168][ 78]LogModuleManager: Shutting down and abandoning module AudioFormatOgg (34)
[2014.11.19-08.05.47:168][ 78]LogModuleManager: Shutting down and abandoning module AudioFormatADPCM (33)
[2014.11.19-08.05.47:168][ 78]LogModuleManager: Shutting down and abandoning module Messaging (32)
[2014.11.19-08.05.47:168][ 78]LogModuleManager: Shutting down and abandoning module IOSTargetPlatform (31)
[2014.11.19-08.05.47:168][ 78]LogModuleManager: Shutting down and abandoning module Android_PVRTCTargetPlatform (30)
[2014.11.19-08.05.47:168][ 78]LogModuleManager: Shutting down and abandoning module Android_ETC2TargetPlatform (29)
[2014.11.19-08.05.47:168][ 78]LogModuleManager: Shutting down and abandoning module Android_ETC1TargetPlatform (28)
[2014.11.19-08.05.47:168][ 78]LogModuleManager: Shutting down and abandoning module Android_DXTTargetPlatform (27)
[2014.11.19-08.05.47:168][ 78]LogModuleManager: Shutting down and abandoning module Android_ATCTargetPlatform (26)
[2014.11.19-08.05.47:168][ 78]LogModuleManager: Shutting down and abandoning module AndroidTargetPlatform (25)
[2014.11.19-08.05.47:168][ 78]LogModuleManager: Shutting down and abandoning module WindowsTargetPlatform (24)
[2014.11.19-08.05.47:168][ 78]LogModuleManager: Shutting down and abandoning module WindowsServerTargetPlatform (23)
[2014.11.19-08.05.47:168][ 78]LogModuleManager: Shutting down and abandoning module WindowsNoEditorTargetPlatform (22)
[2014.11.19-08.05.47:168][ 78]LogModuleManager: Shutting down and abandoning module WindowsClientTargetPlatform (21)
[2014.11.19-08.05.47:168][ 78]LogModuleManager: Shutting down and abandoning module TargetPlatform (20)
[2014.11.19-08.05.47:168][ 78]LogModuleManager: Shutting down and abandoning module InputCore (19)
[2014.11.19-08.05.47:168][ 78]LogModuleManager: Shutting down and abandoning module Settings (18)
[2014.11.19-08.05.47:168][ 78]LogModuleManager: Shutting down and abandoning module ImageWrapper (17)
[2014.11.19-08.05.47:168][ 78]LogModuleManager: Shutting down and abandoning module OculusRift (14)
[2014.11.19-08.05.47:168][ 78]LogModuleManager: Shutting down and abandoning module ExampleDeviceProfileSelector (13)
[2014.11.19-08.05.47:168][ 78]LogModuleManager: Shutting down and abandoning module TextureCompressor (12)
[2014.11.19-08.05.47:168][ 78]LogModuleManager: Shutting down and abandoning module ShaderCore (11)
[2014.11.19-08.05.47:168][ 78]LogModuleManager: Shutting down and abandoning module SlateRHIRenderer (10)
[2014.11.19-08.05.47:169][ 78]LogModuleManager: Shutting down and abandoning module OpenGLDrv (9)
[2014.11.19-08.05.47:169][ 78]LogModuleManager: Shutting down and abandoning module D3D11RHI (8)
[2014.11.19-08.05.47:169][ 78]LogModuleManager: Shutting down and abandoning module Renderer (7)
[2014.11.19-08.05.47:169][ 78]LogModuleManager: Shutting down and abandoning module Engine (6)
[2014.11.19-08.05.47:169][ 78]LogModuleManager: Shutting down and abandoning module CoreUObject (5)
[2014.11.19-08.05.47:169][ 78]LogModuleManager: Shutting down and abandoning module NetworkFile (4)
[2014.11.19-08.05.47:169][ 78]LogModuleManager: Shutting down and abandoning module StreamingFile (3)
[2014.11.19-08.05.47:169][ 78]LogModuleManager: Shutting down and abandoning module SandboxFile (2)
[2014.11.19-08.05.47:169][ 78]LogModuleManager: Shutting down and abandoning module PakFile (1)
[2014.11.19-08.05.47:170][ 78]LogExit: Exiting.
[2014.11.19-08.05.47:175][ 78]Log file closed, 11/19/14 00:05:47
