Log file open, 12/07/14 01:06:07
LogInit:Display: Running engine for game: Trial_third_person
LogInit: Version: 4.5.1-2336687+++depot+UE4-Releases+4.5
LogInit: API Version: 2326478
LogInit: Compiled (64-bit): Oct 21 2014 22:32:40
LogInit: Compiled with Visual C++: 18.00.21005.01
LogInit: Build Configuration: Development
LogInit: Branch Name: ++depot+UE4-Releases+4.5
LogInit: Command line:  
LogInit: Base directory: C:/Program Files/Epic Games/4.5/Engine/Binaries/Win64/
LogInit: Rocket: 1
[2014.12.07-09.06.07:643][  0]LogTaskGraph: Started task graph with 3 named threads and 4 total threads.
[2014.12.07-09.06.07:671][  0]LogOnline:Warning: No default platform service specified for OnlineSubsystem
[2014.12.07-09.06.07:861][  0]LogInit: Presizing for 0 objects not considered by GC, pre-allocating 0 bytes.
[2014.12.07-09.06.07:870][  0]LogInit: Object subsystem initialized
[2014.12.07-09.06.07:874][  0]LogConsoleResponse:Warning: Skipping Unknown console variable: 'UIScaleRule = ShortestSide'
[2014.12.07-09.06.07:874][  0]LogConsoleResponse:Warning:   Found in ini file 'C:/Users/User/Documents/GitHub/Study-Session/Trial_third_person/Saved/Config/Windows/Engine.ini', in section '[/Script/Engine.RendererSettings]'
[2014.12.07-09.06.07:874][  0]LogConsoleResponse:Warning: Skipping Unknown console variable: 'UIScaleCurve = (EditorCurveData=(Keys=((Time=480.000000,Value=0.444000),(Time=720.000000,Value=0.666000),(Time=1080.000000,Value=1.000000),(Time=8640.000000,Value=8.000000))),ExternalCurve=None)'
[2014.12.07-09.06.07:874][  0]LogConsoleResponse:Warning:   Found in ini file 'C:/Users/User/Documents/GitHub/Study-Session/Trial_third_person/Saved/Config/Windows/Engine.ini', in section '[/Script/Engine.RendererSettings]'
[2014.12.07-09.06.07:874][  0]LogInit: Selected Device Profile: [Windows]
[2014.12.07-09.06.07:874][  0]LogInit: Applying CVar settings loaded from the selected device profile: [Windows]
[2014.12.07-09.06.07:901][  0]LogInit: Computer: USER-PC
[2014.12.07-09.06.07:901][  0]LogInit: User: User
[2014.12.07-09.06.07:902][  0]LogInit: CPU Page size=4096, Cores=2
[2014.12.07-09.06.07:902][  0]LogInit: High frequency timer resolution =2.435947 MHz
[2014.12.07-09.06.07:902][  0]LogMemory: Memory total: Physical=7.8GB (8GB approx) Virtual=8192.0GB
[2014.12.07-09.06.07:903][  0]LogMemory: Platform Memory Stats for Windows
[2014.12.07-09.06.07:903][  0]LogMemory: Process Physical Memory: 63.46 MB used, 63.46 MB peak
[2014.12.07-09.06.07:903][  0]LogMemory: Process Virtual Memory: 38.51 MB used, 38.51 MB peak
[2014.12.07-09.06.07:903][  0]LogMemory: Physical Memory: 2376.91 MB used, 7969.14 MB total
[2014.12.07-09.06.07:903][  0]LogMemory: Virtual Memory: 272.46 MB used, 8388608.00 MB total
[2014.12.07-09.06.07:924][  0]LogD3D11RHI: Found D3D11 adapter 0: Intel(R) HD Graphics 3000 (Feature Level 10_0)
[2014.12.07-09.06.07:924][  0]LogD3D11RHI: Adapter has 192MB of dedicated video memory, 0MB of dedicated system memory, and 1568MB of shared system memory, 1 output[s]
[2014.12.07-09.06.07:924][  0]LogD3D11RHI: Chosen D3D11 Adapter Id = 0
[2014.12.07-09.06.07:928][  0]LogRHI: Texture pool is 683 MB (70% of 976 MB)
[2014.12.07-09.06.07:932][  0]LogD3D11RHI: Async texture creation enabled
[2014.12.07-09.06.08:408][  0]LogTextLocalizationManager: The requested culture ('en_US') has no localization data; parent culture's ('en') localization data will be used.
[2014.12.07-09.06.08:588][  0]LogContentStreaming: Texture pool size is 0.000000MB
[2014.12.07-09.06.16:329][  0]LogTargetPlatformManager:Display: Building Assets For Windows
[2014.12.07-09.06.17:409][  0]LogTargetPlatformManager:Display: Building Assets For Windows
[2014.12.07-09.06.17:481][  0]LogDerivedDataCache:Display: Max Cache Size: 512 MB
[2014.12.07-09.06.18:016][  0]LogDerivedDataCache: Loaded boot cache 0.53s 36MB C:/Users/User/AppData/Local/UnrealEngine/4.5/DerivedDataCache/Boot.ddc.
[2014.12.07-09.06.18:016][  0]LogDerivedDataCache:Display: Loaded Boot cache: C:/Users/User/AppData/Local/UnrealEngine/4.5/DerivedDataCache/Boot.ddc
[2014.12.07-09.06.18:017][  0]LogDerivedDataCache: FDerivedDataBackendGraph:  Pak pak cache file ../../../../../../Users/User/Documents/GitHub/Study-Session/Trial_third_person/DerivedDataCache/DDC.ddp not found, will not use a pak cache.
[2014.12.07-09.06.18:017][  0]LogDerivedDataCache: Unable to find inner node Pak for hierarchical cache Hierarchy.
[2014.12.07-09.06.18:189][  0]LogDerivedDataCache:Display: Pak cache opened for reading ../../../Engine/DerivedDataCache/DDC.ddp.
[2014.12.07-09.06.18:201][  0]LogDerivedDataCache: Using Local data cache path C:/Users/User/AppData/Local/UnrealEngine/Common/DerivedDataCache: Writable
[2014.12.07-09.06.25:059][  0]LogMeshUtilities: No automatic mesh reduction module available
[2014.12.07-09.06.25:059][  0]LogMeshUtilities: No automatic mesh merging module available
[2014.12.07-09.06.26:014][  0]LogLinker:Warning: Asset '../../../Engine/Content/Functions/Engine_MaterialFunctions02/Texturing/FlipBook.uasset' has been saved with empty engine version. The asset will be loaded but may be incompatible.
[2014.12.07-09.06.26:090][  0]LogLinker:Warning: Asset '../../../Engine/Content/Functions/Engine_MaterialFunctions02/ExampleContent/Textures/flipbook.uasset' has been saved with empty engine version. The asset will be loaded but may be incompatible.
[2014.12.07-09.06.27:275][  0]LogInit: WinSock: version 1.1 (2.2), MaxSocks=32767, MaxUdp=65467
[2014.12.07-09.06.46:182][  0]UdpMessaging: Initializing bridge on interface 0.0.0.0:0 to multicast group 230.0.0.1:6666.
[2014.12.07-09.06.46:416][  0]LogDirectoryWatcher:Warning: Failed to begin reading directory changes for C:/Users/User/Documents/GitHub/Study-Session/Trial_third_person/Binaries/Win64. Error: 0
[2014.12.07-09.06.47:021][  0]SourceControl: Info Source control is disabled
[2014.12.07-09.06.47:021][  0]SourceControl: Info Source control is disabled
[2014.12.07-09.06.47:028][  0]SourceControl: Info Source control is disabled
[2014.12.07-09.06.47:809][  0]LogObj: 22915 objects as part of root set at end of initial load.
[2014.12.07-09.06.47:809][  0]LogUObjectAllocator: 4803536 out of 0 bytes used by permanent object pool.
[2014.12.07-09.06.47:866][  0]LogEngine: Initializing Engine...
[2014.12.07-09.06.48:419][  0]LogInit: XAudio2 using 'Speakers (Realtek High Definition Audio)' : 2 channels at 48 kHz using 32 bits per sample (channel mask 0x3)
[2014.12.07-09.06.48:484][  0]LogInit: FAudioDevice initialized.
[2014.12.07-09.06.48:503][  0]LogAIModule: Creating AISystem for world NewWorld
[2014.12.07-09.06.48:537][  0]LogDerivedDataCache: Saved boot cache 0.03s 36MB C:/Users/User/AppData/Local/UnrealEngine/4.5/DerivedDataCache/Boot.ddc.
[2014.12.07-09.06.48:544][  0]LogInit: Texture streaming: Enabled
[2014.12.07-09.06.48:591][  0]LogInit: Transaction tracking system initialized
[2014.12.07-09.06.48:701][  0]BlueprintLog: New page: Editor Load
[2014.12.07-09.06.48:729][  0]LogAssetRegistry: FAssetRegistry took 0.0101 seconds to start up
[2014.12.07-09.06.48:729][  0]LogDirectoryWatcher:Warning: Failed to begin reading directory changes for ../../../Engine/Plugins/Experimental/CharacterAI/Content/. Error: 0
[2014.12.07-09.06.49:758][  0]LogTargetPlatformManager:Display: Building Assets For Windows
[2014.12.07-09.06.50:151][  0]LogTargetPlatformManager:Display: Building Assets For Windows
[2014.12.07-09.06.51:219][  0]LogConsoleResponse:Display: 
[2014.12.07-09.06.54:428][  0]SourceControl: Info Source control is disabled
[2014.12.07-09.06.54:428][  0]Cmd: MAP LOAD FILE="../../../../../../Users/User/Documents/GitHub/Study-Session/Trial_third_person/Content/Maps/Example_Map.umap" TEMPLATE=0 SHOWPROGRESS=1
[2014.12.07-09.06.54:483][  0]LightingResults: New page: Lighting Build
[2014.12.07-09.06.54:492][  0]MapCheck: New page: Map Check
[2014.12.07-09.06.54:492][  0]LightingResults: New page: Lighting Build
[2014.12.07-09.06.54:519][  0]LogParticles: Destroying 0 GPU particle simulations for FXSystem 0x00000000158D45E0
[2014.12.07-09.06.57:279][  0]LogEditorServer: Finished looking for orphan Actors (0.000 secs)
[2014.12.07-09.06.57:280][  0]LogAIModule: Creating AISystem for world Example_Map
[2014.12.07-09.06.57:280][  0]Cmd: MAP CHECKDEP
[2014.12.07-09.06.57:280][  0]MapCheck: New page: Example_Map - Dec 6, 2014, 5:06:57 PM
[2014.12.07-09.06.57:380][  0]MapCheck: Info Map check complete: 0 Error(s), 0 Warning(s), took 99.285ms to complete.
[2014.12.07-09.06.57:380][  0]LogFileHelpers: Loading map 'Example_Map' took 2.952
[2014.12.07-09.06.57:500][  0]LogCollectionManager: Loaded 0 collections in 0.000974 seconds
[2014.12.07-09.06.57:777][  0]LogCrashTracker: Crashtracker disabled due to settings.
[2014.12.07-09.07.01:123][  0]LogUObjectGlobals:Warning: Failed to find object 'Class None.'
[2014.12.07-09.07.01:149][  0]LogLoad: Full Startup: 58.30 seconds (BP compile: 0.32 seconds)
[2014.12.07-09.07.01:491][  0]LogContentBrowser:Verbose: The content browser source was changed by the sources view to '/Game/Blueprints'
[2014.12.07-09.07.25:432][ 68]LogAssetRegistry: Asset discovery search completed in 36.7117 seconds
[2014.12.07-09.09.01:192][571]LogRenderer:Warning: Reallocating scene render targets to support 688x568.
[2014.12.07-09.09.03:361][673]LogPlayLevel: PIE:  No blueprints needed recompiling
[2014.12.07-09.09.03:361][673]PIE: New page: PIE session: Example_Map (Dec 6, 2014, 5:09:03 PM)
[2014.12.07-09.09.03:424][673]LogPlayLevel: PIE: StaticDuplicateObject took: (0.062992s)
[2014.12.07-09.09.03:426][673]LogPlayLevel: PIE: World Init took: (0.002427s)
[2014.12.07-09.09.03:427][673]LogPlayLevel: PIE: Created PIE world by copying editor world from /Game/Maps/Example_Map.Example_Map to /Game/Maps/UEDPIE_0_Example_Map.Example_Map (0.065973s)
[2014.12.07-09.09.03:488][673]LogWorld: Game class is 'MyGame_C'
[2014.12.07-09.09.03:490][673]LogAIModule: Creating AISystem for world Example_Map
[2014.12.07-09.09.03:491][673]LogWorld: Bringing World /Game/Maps/UEDPIE_0_Example_Map.Example_Map up for play (max tick rate 60) at 2014.12.07-01.09.03
[2014.12.07-09.09.03:575][673]LogWorld: Bringing up level for play took: 0.084789
[2014.12.07-09.09.03:578][673]PIE: Info Play in editor start time for /Game/Maps/UEDPIE_0_Example_Map -0.099
[2014.12.07-09.09.58:129][675]LogActorComponent: UnregisterComponent: (/Engine/Transient.CharacterMovementComponent_0) Not registered. Aborting.
[2014.12.07-09.09.58:173][675]LogParticles: Destroying 0 GPU particle simulations for FXSystem 0x000000001FE80540
[2014.12.07-09.09.58:174][675]LogParticles: Destroying 0 GPU particle simulations for FXSystem 0x000000002999E480
[2014.12.07-09.10.04:211][975]LogContentBrowser:Verbose: The content browser source was changed by the sources view to '/Game/Character'
[2014.12.07-09.30.16:964][  3]LogFactory: FactoryCreateBinary: StaticMesh with FbxFactory (0 0 ../../../../../../Users/User/Documents/makehuman/v1/exports/MyMainCharacter.fbx)
[2014.12.07-09.30.17:022][  3]LogFbx: ItemName: GlobalSettings, ItemCount : 1
[2014.12.07-09.30.17:022][  3]LogFbx: ItemName: Model, ItemCount : 10
[2014.12.07-09.30.17:022][  3]LogFbx: ItemName: Geometry, ItemCount : 10
[2014.12.07-09.30.17:022][  3]LogFbx: ItemName: Deformer, ItemCount : 0
[2014.12.07-09.30.17:022][  3]LogFbx: ItemName: Material, ItemCount : 10
[2014.12.07-09.30.17:022][  3]LogFbx: ItemName: Texture, ItemCount : 22
[2014.12.07-09.30.17:022][  3]LogFbx: ItemName: Video, ItemCount : 12
[2014.12.07-09.30.47:611][  3]LogFbx: Loading FBX Scene from ../../../../../../Users/User/Documents/makehuman/v1/exports/MyMainCharacter.fbx
[2014.12.07-09.30.48:026][  3]LogFbx: FBX Scene Loaded Succesfully
[2014.12.07-09.30.48:034][  3]LogFbx: =================================================
[2014.12.07-09.30.48:034][  3]LogFbx: Dumping Node START [male1591Mesh] 
[2014.12.07-09.30.48:034][  3]LogFbx: 	Total Deformer Count 676040512.
[2014.12.07-09.30.48:034][  3]LogFbx: 	Attribute (male1591) Type (4).
[2014.12.07-09.30.48:034][  3]LogFbx: 		[Node Attribute Child 1] male1591Mesh (Type Mesh).
[2014.12.07-09.30.48:034][  3]LogFbx: Dumping Node END [male1591Mesh]
[2014.12.07-09.30.48:034][  3]LogFbx: =================================================
[2014.12.07-09.30.48:034][  3]LogFbx: Dumping Node START [mhair02Mesh] 
[2014.12.07-09.30.48:034][  3]LogFbx: 	Total Deformer Count 206318464.
[2014.12.07-09.30.48:034][  3]LogFbx: 	Attribute (mhair02) Type (4).
[2014.12.07-09.30.48:034][  3]LogFbx: 		[Node Attribute Child 1] mhair02Mesh (Type Mesh).
[2014.12.07-09.30.48:034][  3]LogFbx: Dumping Node END [mhair02Mesh]
[2014.12.07-09.30.48:034][  3]LogFbx: =================================================
[2014.12.07-09.30.48:034][  3]LogFbx: Dumping Node START [low-polyMesh] 
[2014.12.07-09.30.48:034][  3]LogFbx: 	Total Deformer Count 676040512.
[2014.12.07-09.30.48:034][  3]LogFbx: 	Attribute (low-poly) Type (4).
[2014.12.07-09.30.48:034][  3]LogFbx: 		[Node Attribute Child 1] low-polyMesh (Type Mesh).
[2014.12.07-09.30.48:034][  3]LogFbx: Dumping Node END [low-polyMesh]
[2014.12.07-09.30.48:034][  3]LogFbx: =================================================
[2014.12.07-09.30.48:034][  3]LogFbx: Dumping Node START [eyebrow007Mesh] 
[2014.12.07-09.30.48:034][  3]LogFbx: 	Total Deformer Count 676040512.
[2014.12.07-09.30.48:034][  3]LogFbx: 	Attribute (eyebrow007) Type (4).
[2014.12.07-09.30.48:034][  3]LogFbx: 		[Node Attribute Child 1] eyebrow007Mesh (Type Mesh).
[2014.12.07-09.30.48:034][  3]LogFbx: Dumping Node END [eyebrow007Mesh]
[2014.12.07-09.30.48:034][  3]LogFbx: =================================================
[2014.12.07-09.30.48:034][  3]LogFbx: Dumping Node START [eyelashes01Mesh] 
[2014.12.07-09.30.48:034][  3]LogFbx: 	Total Deformer Count 676040512.
[2014.12.07-09.30.48:034][  3]LogFbx: 	Attribute (eyelashes01) Type (4).
[2014.12.07-09.30.48:034][  3]LogFbx: 		[Node Attribute Child 1] eyelashes01Mesh (Type Mesh).
[2014.12.07-09.30.48:034][  3]LogFbx: Dumping Node END [eyelashes01Mesh]
[2014.12.07-09.30.48:034][  3]LogFbx: =================================================
[2014.12.07-09.30.48:034][  3]LogFbx: Dumping Node START [teeth_baseMesh] 
[2014.12.07-09.30.48:034][  3]LogFbx: 	Total Deformer Count 676040512.
[2014.12.07-09.30.48:034][  3]LogFbx: 	Attribute (teeth_base) Type (4).
[2014.12.07-09.30.48:034][  3]LogFbx: 		[Node Attribute Child 1] teeth_baseMesh (Type Mesh).
[2014.12.07-09.30.48:034][  3]LogFbx: Dumping Node END [teeth_baseMesh]
[2014.12.07-09.30.48:034][  3]LogFbx: =================================================
[2014.12.07-09.30.48:034][  3]LogFbx: Dumping Node START [tongue01Mesh] 
[2014.12.07-09.30.48:034][  3]LogFbx: 	Total Deformer Count 676040512.
[2014.12.07-09.30.48:034][  3]LogFbx: 	Attribute (tongue01) Type (4).
[2014.12.07-09.30.48:034][  3]LogFbx: 		[Node Attribute Child 1] tongue01Mesh (Type Mesh).
[2014.12.07-09.30.48:034][  3]LogFbx: Dumping Node END [tongue01Mesh]
[2014.12.07-09.30.48:034][  3]LogFbx: =================================================
[2014.12.07-09.30.48:034][  3]LogFbx: Dumping Node START [jeans01Mesh] 
[2014.12.07-09.30.48:034][  3]LogFbx: 	Total Deformer Count 206318464.
[2014.12.07-09.30.48:034][  3]LogFbx: 	Attribute (jeans01) Type (4).
[2014.12.07-09.30.48:034][  3]LogFbx: 		[Node Attribute Child 1] jeans01Mesh (Type Mesh).
[2014.12.07-09.30.48:034][  3]LogFbx: Dumping Node END [jeans01Mesh]
[2014.12.07-09.30.48:034][  3]LogFbx: =================================================
[2014.12.07-09.30.48:034][  3]LogFbx: Dumping Node START [shoes02Mesh] 
[2014.12.07-09.30.48:034][  3]LogFbx: 	Total Deformer Count 206318464.
[2014.12.07-09.30.48:034][  3]LogFbx: 	Attribute (shoes02) Type (4).
[2014.12.07-09.30.48:034][  3]LogFbx: 		[Node Attribute Child 1] shoes02Mesh (Type Mesh).
[2014.12.07-09.30.48:034][  3]LogFbx: Dumping Node END [shoes02Mesh]
[2014.12.07-09.30.48:034][  3]LogFbx: =================================================
[2014.12.07-09.30.48:034][  3]LogFbx: Dumping Node START [tshirt02Mesh] 
[2014.12.07-09.30.48:034][  3]LogFbx: 	Total Deformer Count 676040512.
[2014.12.07-09.30.48:034][  3]LogFbx: 	Attribute (tshirt02) Type (4).
[2014.12.07-09.30.48:034][  3]LogFbx: 		[Node Attribute Child 1] tshirt02Mesh (Type Mesh).
[2014.12.07-09.30.48:034][  3]LogFbx: Dumping Node END [tshirt02Mesh]
[2014.12.07-09.30.48:034][  3]LogFbx: =================================================
[2014.12.07-09.30.48:034][  3]LogFbx: Dumping Node START [male1591Mesh] 
[2014.12.07-09.30.48:034][  3]LogFbx: 	Total Deformer Count 676040512.
[2014.12.07-09.30.48:034][  3]LogFbx: 	Attribute (male1591) Type (4).
[2014.12.07-09.30.48:034][  3]LogFbx: 		[Node Attribute Child 1] male1591Mesh (Type Mesh).
[2014.12.07-09.30.48:034][  3]LogFbx: Dumping Node END [male1591Mesh]
[2014.12.07-09.30.48:034][  3]LogFbx: =================================================
[2014.12.07-09.30.48:034][  3]LogFbx: Dumping Node START [mhair02Mesh] 
[2014.12.07-09.30.48:034][  3]LogFbx: 	Total Deformer Count 206318464.
[2014.12.07-09.30.48:034][  3]LogFbx: 	Attribute (mhair02) Type (4).
[2014.12.07-09.30.48:034][  3]LogFbx: 		[Node Attribute Child 1] mhair02Mesh (Type Mesh).
[2014.12.07-09.30.48:034][  3]LogFbx: Dumping Node END [mhair02Mesh]
[2014.12.07-09.30.48:034][  3]LogFbx: =================================================
[2014.12.07-09.30.48:034][  3]LogFbx: Dumping Node START [low-polyMesh] 
[2014.12.07-09.30.48:034][  3]LogFbx: 	Total Deformer Count 676040512.
[2014.12.07-09.30.48:034][  3]LogFbx: 	Attribute (low-poly) Type (4).
[2014.12.07-09.30.48:034][  3]LogFbx: 		[Node Attribute Child 1] low-polyMesh (Type Mesh).
[2014.12.07-09.30.48:034][  3]LogFbx: Dumping Node END [low-polyMesh]
[2014.12.07-09.30.48:034][  3]LogFbx: =================================================
[2014.12.07-09.30.48:035][  3]LogFbx: Dumping Node START [eyebrow007Mesh] 
[2014.12.07-09.30.48:035][  3]LogFbx: 	Total Deformer Count 676040512.
[2014.12.07-09.30.48:035][  3]LogFbx: 	Attribute (eyebrow007) Type (4).
[2014.12.07-09.30.48:035][  3]LogFbx: 		[Node Attribute Child 1] eyebrow007Mesh (Type Mesh).
[2014.12.07-09.30.48:035][  3]LogFbx: Dumping Node END [eyebrow007Mesh]
[2014.12.07-09.30.48:035][  3]LogFbx: =================================================
[2014.12.07-09.30.48:035][  3]LogFbx: Dumping Node START [eyelashes01Mesh] 
[2014.12.07-09.30.48:035][  3]LogFbx: 	Total Deformer Count 676040512.
[2014.12.07-09.30.48:035][  3]LogFbx: 	Attribute (eyelashes01) Type (4).
[2014.12.07-09.30.48:035][  3]LogFbx: 		[Node Attribute Child 1] eyelashes01Mesh (Type Mesh).
[2014.12.07-09.30.48:035][  3]LogFbx: Dumping Node END [eyelashes01Mesh]
[2014.12.07-09.30.48:035][  3]LogFbx: =================================================
[2014.12.07-09.30.48:035][  3]LogFbx: Dumping Node START [teeth_baseMesh] 
[2014.12.07-09.30.48:035][  3]LogFbx: 	Total Deformer Count 676040512.
[2014.12.07-09.30.48:035][  3]LogFbx: 	Attribute (teeth_base) Type (4).
[2014.12.07-09.30.48:035][  3]LogFbx: 		[Node Attribute Child 1] teeth_baseMesh (Type Mesh).
[2014.12.07-09.30.48:035][  3]LogFbx: Dumping Node END [teeth_baseMesh]
[2014.12.07-09.30.48:035][  3]LogFbx: =================================================
[2014.12.07-09.30.48:035][  3]LogFbx: Dumping Node START [tongue01Mesh] 
[2014.12.07-09.30.48:035][  3]LogFbx: 	Total Deformer Count 676040512.
[2014.12.07-09.30.48:035][  3]LogFbx: 	Attribute (tongue01) Type (4).
[2014.12.07-09.30.48:035][  3]LogFbx: 		[Node Attribute Child 1] tongue01Mesh (Type Mesh).
[2014.12.07-09.30.48:035][  3]LogFbx: Dumping Node END [tongue01Mesh]
[2014.12.07-09.30.48:035][  3]LogFbx: =================================================
[2014.12.07-09.30.48:035][  3]LogFbx: Dumping Node START [jeans01Mesh] 
[2014.12.07-09.30.48:035][  3]LogFbx: 	Total Deformer Count 206318464.
[2014.12.07-09.30.48:035][  3]LogFbx: 	Attribute (jeans01) Type (4).
[2014.12.07-09.30.48:035][  3]LogFbx: 		[Node Attribute Child 1] jeans01Mesh (Type Mesh).
[2014.12.07-09.30.48:035][  3]LogFbx: Dumping Node END [jeans01Mesh]
[2014.12.07-09.30.48:035][  3]LogFbx: =================================================
[2014.12.07-09.30.48:035][  3]LogFbx: Dumping Node START [shoes02Mesh] 
[2014.12.07-09.30.48:035][  3]LogFbx: 	Total Deformer Count 206318464.
[2014.12.07-09.30.48:035][  3]LogFbx: 	Attribute (shoes02) Type (4).
[2014.12.07-09.30.48:035][  3]LogFbx: 		[Node Attribute Child 1] shoes02Mesh (Type Mesh).
[2014.12.07-09.30.48:035][  3]LogFbx: Dumping Node END [shoes02Mesh]
[2014.12.07-09.30.48:035][  3]LogFbx: =================================================
[2014.12.07-09.30.48:035][  3]LogFbx: Dumping Node START [tshirt02Mesh] 
[2014.12.07-09.30.48:035][  3]LogFbx: 	Total Deformer Count 676040512.
[2014.12.07-09.30.48:035][  3]LogFbx: 	Attribute (tshirt02) Type (4).
[2014.12.07-09.30.48:035][  3]LogFbx: 		[Node Attribute Child 1] tshirt02Mesh (Type Mesh).
[2014.12.07-09.30.48:035][  3]LogFbx: Dumping Node END [tshirt02Mesh]
[2014.12.07-09.30.48:049][  3]LogLinker:Warning: Can't find file '/Game/Character/male1591'
[2014.12.07-09.30.48:049][  3]LogLinker:Warning: Can't find file '/Game/Character/male1591'
[2014.12.07-09.30.48:049][  3]LogUObjectGlobals:Warning: Failed to find object 'MaterialInterface /Game/Character/male1591.male1591'
[2014.12.07-09.30.48:066][  3]LogLinker:Warning: Can't find file '/Game/Character/young_lightskinned_female_diffuse'
[2014.12.07-09.30.48:067][  3]LogLinker:Warning: Can't find file '/Game/Character/young_lightskinned_female_diffuse'
[2014.12.07-09.30.48:067][  3]LogUObjectGlobals:Warning: Failed to find object 'Texture /Game/Character/young_lightskinned_female_diffuse.young_lightskinned_female_diffuse'
[2014.12.07-09.30.48:419][  3]LogTexture:Display: Building textures: young_lightskinned_female_diffuse (AutoDXT)
[2014.12.07-09.30.53:665][  3]LogMaterial: Missing cached shader map for material male1591, compiling.
[2014.12.07-09.30.53:858][  3]LogFbx: Triangulating skeletal mesh male1591Mesh
[2014.12.07-09.30.54:561][  3]LogFbx:Warning: Bones digested - 1  Depth of hierarchy - 1
[2014.12.07-09.30.54:606][  3]LogSkeletalMesh: Chunk 0: 1568 rigid vertices, 0 soft vertices, 1 active bones
[2014.12.07-09.30.54:625][  3]LogSkeletalMesh: Section 0: Material=0, Chunk=0, 2414 triangles
[2014.12.07-09.30.54:641][  3]LogLinker:Warning: Can't find file '/Game/Character/MyMainCharacter_male1591Mesh_PhysicsAsset'
[2014.12.07-09.30.54:641][  3]LogUObjectGlobals:Warning: Failed to find object 'Object /Game/Character/MyMainCharacter_male1591Mesh_PhysicsAsset.MyMainCharacter_male1591Mesh_PhysicsAsset'
[2014.12.07-09.31.05:335][  3]LogLinker:Warning: Can't find file '/Game/Character/mhair02'
[2014.12.07-09.31.05:335][  3]LogLinker:Warning: Can't find file '/Game/Character/mhair02'
[2014.12.07-09.31.05:336][  3]LogUObjectGlobals:Warning: Failed to find object 'MaterialInterface /Game/Character/mhair02.mhair02'
[2014.12.07-09.31.05:338][  3]LogLinker:Warning: Can't find file '/Game/Character/male02_diffuse_black'
[2014.12.07-09.31.05:338][  3]LogLinker:Warning: Can't find file '/Game/Character/male02_diffuse_black'
[2014.12.07-09.31.05:338][  3]LogUObjectGlobals:Warning: Failed to find object 'Texture /Game/Character/male02_diffuse_black.male02_diffuse_black'
[2014.12.07-09.31.05:677][  3]LogTexture:Display: Building textures: male02_diffuse_black (AutoDXT)
[2014.12.07-09.31.15:591][  3]LogMaterial: Missing cached shader map for material mhair02, compiling.
[2014.12.07-09.31.15:601][  3]LogFbx: Triangulating skeletal mesh mhair02Mesh
[2014.12.07-09.31.16:946][  3]LogFbx:Warning: Bones digested - 1  Depth of hierarchy - 1
[2014.12.07-09.31.17:024][  3]LogSkeletalMesh: Chunk 0: 2351 rigid vertices, 0 soft vertices, 1 active bones
[2014.12.07-09.31.17:031][  3]LogSkeletalMesh: Section 0: Material=0, Chunk=0, 3460 triangles
[2014.12.07-09.31.17:033][  3]LogLinker:Warning: Can't find file '/Game/Character/MyMainCharacter_mhair02Mesh_PhysicsAsset'
[2014.12.07-09.31.17:033][  3]LogUObjectGlobals:Warning: Failed to find object 'Object /Game/Character/MyMainCharacter_mhair02Mesh_PhysicsAsset.MyMainCharacter_mhair02Mesh_PhysicsAsset'
[2014.12.07-09.31.22:272][  3]LogLinker:Warning: Can't find file '/Game/Character/low-poly'
[2014.12.07-09.31.22:272][  3]LogLinker:Warning: Can't find file '/Game/Character/low-poly'
[2014.12.07-09.31.22:272][  3]LogUObjectGlobals:Warning: Failed to find object 'MaterialInterface /Game/Character/low-poly.low-poly'
[2014.12.07-09.31.22:275][  3]LogLinker:Warning: Can't find file '/Game/Character/blue_eye'
[2014.12.07-09.31.22:275][  3]LogLinker:Warning: Can't find file '/Game/Character/blue_eye'
[2014.12.07-09.31.22:275][  3]LogUObjectGlobals:Warning: Failed to find object 'Texture /Game/Character/blue_eye.blue_eye'
[2014.12.07-09.31.22:365][  3]LogTexture:Display: Building textures: blue_eye (AutoDXT)
[2014.12.07-09.31.24:499][  3]LogMaterial: Missing cached shader map for material low-poly, compiling.
[2014.12.07-09.31.24:505][  3]LogWindows:Error: Windows GetLastError: The operation completed successfully. (0)
[2014.12.07-09.31.24:698][  3]LogCrashTracker: 


[2014.12.07-09.31.29:567][  3]LogCrashTracker: 


[2014.12.07-09.31.29:568][  3]LogWindows: === Critical error: ===
Assertion failed: (Index >= 0) & (Index < ArrayNum) [File:D:\BuildFarm\buildmachine_++depot+UE4-Releases+4.5\Engine\Source\Runtime\Core\Public\Containers\Array.h] [Line: 536] 
Array index out of bounds: 1 from an array of size 1


KERNELBASE.dll!UnknownFunction (0x000007fefd67940d) + 0 bytes [UnknownFile:0]
UE4Editor-Core.dll!UnknownFunction (0x000007fee24971c4) + 0 bytes [UnknownFile:0]
UE4Editor-Core.dll!UnknownFunction (0x000007fee23298c8) + 0 bytes [UnknownFile:0]
UE4Editor-Core.dll!UnknownFunction (0x000007fee230e892) + 0 bytes [UnknownFile:0]
UE4Editor-Engine.dll!UnknownFunction (0x000007fee040f101) + 0 bytes [UnknownFile:0]
UE4Editor-Engine.dll!UnknownFunction (0x000007fee040e323) + 0 bytes [UnknownFile:0]
UE4Editor-Engine.dll!UnknownFunction (0x000007fee03b967b) + 0 bytes [UnknownFile:0]
UE4Editor-Engine.dll!UnknownFunction (0x000007fee03b94b1) + 0 bytes [UnknownFile:0]
UE4Editor-Engine.dll!UnknownFunction (0x000007fee038acb8) + 0 bytes [UnknownFile:0]
UE4Editor-Engine.dll!UnknownFunction (0x000007fee03fc20f) + 0 bytes [UnknownFile:0]
UE4Editor-Engine.dll!UnknownFunction (0x000007fee03fc20f) + 0 bytes [UnknownFile:0]
UE4Editor-Engine.dll!UnknownFunction (0x000007fee03fbe03) + 0 bytes [UnknownFile:0]
UE4Editor-Engine.dll!UnknownFunction (0x000007fee03fc20f) + 0 bytes [UnknownFile:0]
UE4Editor-Engine.dll!UnknownFunction (0x000007fee03a643a) + 0 bytes [UnknownFile:0]
UE4Editor-Engine.dll!UnknownFunction (0x000007fee002b619) + 0 bytes [UnknownFile:0]
UE4Editor-Engine.dll!UnknownFunction (0x000007fee005367f) + 0 bytes [UnknownFile:0]
UE4Editor-Engine.dll!UnknownFunction (0x000007fee005a4a0) + 0 bytes [UnknownFile:0]
UE4Editor-Engine.dll!UnknownFunction (0x000007fee004b934) + 0 bytes [UnknownFile:0]
UE4Editor-Engine.dll!UnknownFunction (0x000007fee0052ebc) + 0 bytes [UnknownFile:0]
UE4Editor-Engine.dll!UnknownFunction (0x000007fedfae2890) + 0 bytes [UnknownFile:0]
UE4Editor-Engine.dll!UnknownFunction (0x000007fedfb0d9b1) + 0 bytes [UnknownFile:0]
UE4Editor-Engine.dll!UnknownFunction (0x000007fedfade837) + 0 bytes [UnknownFile:0]
UE4Editor-Engine.dll!UnknownFunction (0x000007fedfaaf9ba) + 0 bytes [UnknownFile:0]
UE4Editor-UnrealEd.dll!UnknownFunction (0x000007fede38c9a5) + 0 bytes [UnknownFile:0]
UE4Editor-UnrealEd.dll!UnknownFunction (0x000007fede38b1e6) + 0 bytes [UnknownFile:0]
UE4Editor-UnrealEd.dll!UnknownFunction (0x000007fede3ebcf0) + 0 bytes [UnknownFile:0]
UE4Editor-UnrealEd.dll!UnknownFunction (0x000007fede3fe3dc) + 0 bytes [UnknownFile:0]
UE4Editor-UnrealEd.dll!UnknownFunction (0x000007fede39c190) + 0 bytes [UnknownFile:0]
UE4Editor-UnrealEd.dll!UnknownFunction (0x000007fede3bb397) + 0 bytes [UnknownFile:0]
UE4Editor-AssetTools.dll!UnknownFunction (0x000007fed7d04a10) + 0 bytes [UnknownFile:0]
UE4Editor-AssetTools.dll!UnknownFunction (0x000007fed7d035ef) + 0 bytes [UnknownFile:0]
UE4Editor-ContentBrowser.dll!UnknownFunction (0x000007fed6fd1511) + 0 bytes [UnknownFile:0]
UE4Editor-ContentBrowser.dll!UnknownFunction (0x000007fed6f8d1ef) + 0 bytes [UnknownFile:0]
UE4Editor-Slate.dll!UnknownFunction (0x000007fedf3c173a) + 0 bytes [UnknownFile:0]
UE4Editor-Slate.dll!UnknownFunction (0x000007fedf3edfa5) + 0 bytes [UnknownFile:0]
UE4Editor-Slate.dll!UnknownFunction (0x000007fedf288b4c) + 0 bytes [UnknownFile:0]
UE4Editor-Slate.dll!UnknownFunction (0x000007fedf278b26) + 0 bytes [UnknownFile:0]
UE4Editor-Core.dll!UnknownFunction (0x000007fee23f3e99) + 0 bytes [UnknownFile:0]
UE4Editor-Core.dll!UnknownFunction (0x000007fee23e62ab) + 0 bytes [UnknownFile:0]
UE4Editor-Core.dll!UnknownFunction (0x000007fee23f5019) + 0 bytes [UnknownFile:0]
UE4Editor-Core.dll!UnknownFunction (0x000007fee23e3542) + 0 bytes [UnknownFile:0]
USER32.dll!UnknownFunction (0x0000000077499bd1) + 0 bytes [UnknownFile:0]
USER32.dll!UnknownFunction (0x00000000774998da) + 0 bytes [UnknownFile:0]
UE4Editor-Core.dll!UnknownFunction (0x000007fee2492ed6) + 0 bytes [UnknownFile:0]
UE4Editor.exe!FEngineLoop::Tick() (0x000000013f30a752) + 8 bytes [d:\buildfarm\buildmachine_++depot+ue4-releases+4.5\engine\source\runtime\launch\private\launchengineloop.cpp:2111]
UE4Editor.exe!GuardedMain() (0x000000013f2ff9df) + 0 bytes [d:\buildfarm\buildmachine_++depot+ue4-releases+4.5\engine\source\runtime\launch\private\launch.cpp:133]
UE4Editor.exe!GuardedMainWrapper() (0x000000013f2ffa4a) + 5 bytes [d:\buildfarm\buildmachine_++depot+ue4-releases+4.5\engine\source\runtime\launch\private\windows\launchwindows.cpp:125]
UE4Editor.exe!WinMain() (0x000000013f30bf19) + 17 bytes [d:\buildfarm\buildmachine_++depot+ue4-releases+4.5\engine\source\runtime\launch\private\windows\launchwindows.cpp:201]
UE4Editor.exe!__tmainCRTStartup() (0x000000013f30cdc9) + 21 bytes [f:\dd\vctools\crt\crtw32\dllstuff\crtexe.c:618]
kernel32.dll!UnknownFunction (0x00000000773759ed) + 0 bytes [UnknownFile:0]
ntdll.dll!UnknownFunction (0x00000000775ac541) + 0 bytes [UnknownFile:0]
ntdll.dll!UnknownFunction (0x00000000775ac541) + 0 bytes [UnknownFile:0]


[2014.12.07-09.31.29:792][  3]LogExit: Executing StaticShutdownAfterError
[2014.12.07-09.31.29:804][  3]LogWindows: FPlatformMisc::RequestExit(1)
[2014.12.07-09.31.29:804][  3]Log file closed, 12/07/14 01:31:29
