Log file open, 11/19/14 20:36:13
LogInit:Display: Running engine for game: Trial_third_person
LogInit: Version: 4.5.1-2336687+++depot+UE4-Releases+4.5
LogInit: API Version: 2326478
LogInit: Compiled (64-bit): Oct 21 2014 22:32:40
LogInit: Compiled with Visual C++: 18.00.21005.01
LogInit: Build Configuration: Development
LogInit: Branch Name: ++depot+UE4-Releases+4.5
LogInit: Command line:  
LogInit: Base directory: C:/Program Files/Epic Games/4.5/Engine/Binaries/Win64/
LogInit: Rocket: 1
[2014.11.20-04.36.13:544][  0]LogTaskGraph: Started task graph with 3 named threads and 4 total threads.
[2014.11.20-04.36.13:581][  0]LogOnline:Warning: No default platform service specified for OnlineSubsystem
[2014.11.20-04.36.13:637][  0]LogInit: Presizing for 0 objects not considered by GC, pre-allocating 0 bytes.
[2014.11.20-04.36.13:649][  0]LogInit: Object subsystem initialized
[2014.11.20-04.36.13:659][  0]LogConsoleResponse:Warning: Skipping Unknown console variable: 'UIScaleRule = ShortestSide'
[2014.11.20-04.36.13:659][  0]LogConsoleResponse:Warning:   Found in ini file 'D:/Study-Session/Trial_third_person/Saved/Config/Windows/Engine.ini', in section '[/Script/Engine.RendererSettings]'
[2014.11.20-04.36.13:659][  0]LogConsoleResponse:Warning: Skipping Unknown console variable: 'UIScaleCurve = (EditorCurveData=(Keys=((Time=480.000000,Value=0.444000),(Time=720.000000,Value=0.666000),(Time=1080.000000,Value=1.000000),(Time=8640.000000,Value=8.000000))),ExternalCurve=None)'
[2014.11.20-04.36.13:659][  0]LogConsoleResponse:Warning:   Found in ini file 'D:/Study-Session/Trial_third_person/Saved/Config/Windows/Engine.ini', in section '[/Script/Engine.RendererSettings]'
[2014.11.20-04.36.13:660][  0]LogInit: Selected Device Profile: [Windows]
[2014.11.20-04.36.13:660][  0]LogInit: Applying CVar settings loaded from the selected device profile: [Windows]
[2014.11.20-04.36.13:671][  0]LogInit: Computer: ZEN-MATT
[2014.11.20-04.36.13:671][  0]LogInit: User: Matt
[2014.11.20-04.36.13:672][  0]LogInit: CPU Page size=4096, Cores=2
[2014.11.20-04.36.13:672][  0]LogInit: High frequency timer resolution =2.338593 MHz
[2014.11.20-04.36.13:672][  0]LogMemory: Memory total: Physical=3.9GB (4GB approx) Virtual=8192.0GB
[2014.11.20-04.36.13:672][  0]LogMemory: Platform Memory Stats for Windows
[2014.11.20-04.36.13:672][  0]LogMemory: Process Physical Memory: 64.52 MB used, 64.52 MB peak
[2014.11.20-04.36.13:672][  0]LogMemory: Process Virtual Memory: 39.95 MB used, 39.95 MB peak
[2014.11.20-04.36.13:672][  0]LogMemory: Physical Memory: 2461.80 MB used, 3981.98 MB total
[2014.11.20-04.36.13:672][  0]LogMemory: Virtual Memory: 271.23 MB used, 8388608.00 MB total
[2014.11.20-04.36.13:761][  0]LogD3D11RHI: Found D3D11 adapter 0: Intel(R) HD Graphics 4000 (Feature Level 11_0)
[2014.11.20-04.36.13:761][  0]LogD3D11RHI: Adapter has 64MB of dedicated video memory, 0MB of dedicated system memory, and 1632MB of shared system memory, 1 output[s]
[2014.11.20-04.36.13:761][  0]LogD3D11RHI: Chosen D3D11 Adapter Id = 0
[2014.11.20-04.36.13:766][  0]LogRHI: Texture pool is 616 MB (70% of 880 MB)
[2014.11.20-04.36.13:780][  0]LogD3D11RHI: Async texture creation enabled
[2014.11.20-04.36.13:959][  0]LogTextLocalizationManager: The requested culture ('en_US') has no localization data; parent culture's ('en') localization data will be used.
[2014.11.20-04.36.14:128][  0]LogContentStreaming: Texture pool size is 0.000000MB
[2014.11.20-04.36.20:929][  0]LogTargetPlatformManager:Display: Building Assets For Windows
[2014.11.20-04.36.21:662][  0]LogTargetPlatformManager:Display: Building Assets For Windows
[2014.11.20-04.36.21:783][  0]LogDerivedDataCache:Display: Max Cache Size: 512 MB
[2014.11.20-04.36.21:914][  0]LogDerivedDataCache: Loaded boot cache 0.13s 39MB C:/Users/Matt/AppData/Local/UnrealEngine/4.5/DerivedDataCache/Boot.ddc.
[2014.11.20-04.36.21:914][  0]LogDerivedDataCache:Display: Loaded Boot cache: C:/Users/Matt/AppData/Local/UnrealEngine/4.5/DerivedDataCache/Boot.ddc
[2014.11.20-04.36.21:914][  0]LogDerivedDataCache: FDerivedDataBackendGraph:  Pak pak cache file D:/Study-Session/Trial_third_person/DerivedDataCache/DDC.ddp not found, will not use a pak cache.
[2014.11.20-04.36.21:914][  0]LogDerivedDataCache: Unable to find inner node Pak for hierarchical cache Hierarchy.
[2014.11.20-04.36.22:006][  0]LogDerivedDataCache:Display: Pak cache opened for reading ../../../Engine/DerivedDataCache/DDC.ddp.
[2014.11.20-04.36.22:018][  0]LogDerivedDataCache: Using Local data cache path C:/Users/Matt/AppData/Local/UnrealEngine/Common/DerivedDataCache: Writable
[2014.11.20-04.36.22:731][  0]LogMeshUtilities: No automatic mesh reduction module available
[2014.11.20-04.36.22:731][  0]LogMeshUtilities: No automatic mesh merging module available
[2014.11.20-04.36.23:138][  0]LogLinker:Warning: Asset '../../../Engine/Content/Functions/Engine_MaterialFunctions02/Texturing/FlipBook.uasset' has been saved with empty engine version. The asset will be loaded but may be incompatible.
[2014.11.20-04.36.23:149][  0]LogLinker:Warning: Asset '../../../Engine/Content/Functions/Engine_MaterialFunctions02/ExampleContent/Textures/flipbook.uasset' has been saved with empty engine version. The asset will be loaded but may be incompatible.
[2014.11.20-04.36.23:509][  0]LogInit: WinSock: version 1.1 (2.2), MaxSocks=32767, MaxUdp=65467
[2014.11.20-04.36.26:501][  0]UdpMessaging: Initializing bridge on interface 0.0.0.0:0 to multicast group 230.0.0.1:6666.
[2014.11.20-04.36.26:861][  0]LogDirectoryWatcher:Warning: Failed to begin reading directory changes for D:/Study-Session/Trial_third_person/Binaries/Win64. Error: 0
[2014.11.20-04.36.27:157][  0]SourceControl: Info Source control is disabled
[2014.11.20-04.36.27:157][  0]SourceControl: Info Source control is disabled
[2014.11.20-04.36.27:170][  0]SourceControl: Info Source control is disabled
[2014.11.20-04.36.27:482][  0]LogObj: 22915 objects as part of root set at end of initial load.
[2014.11.20-04.36.27:482][  0]LogUObjectAllocator: 4803536 out of 0 bytes used by permanent object pool.
[2014.11.20-04.36.27:613][  0]LogEngine: Initializing Engine...
[2014.11.20-04.36.27:828][  0]LogInit: XAudio2 using 'Speakers (Realtek High Definition Audio)' : 2 channels at 48 kHz using 32 bits per sample (channel mask 0x3)
[2014.11.20-04.36.27:951][  0]LogInit: FAudioDevice initialized.
[2014.11.20-04.36.28:007][  0]LogAIModule: Creating AISystem for world NewWorld
[2014.11.20-04.36.28:035][  0]LogDerivedDataCache: Saved boot cache 0.03s 39MB C:/Users/Matt/AppData/Local/UnrealEngine/4.5/DerivedDataCache/Boot.ddc.
[2014.11.20-04.36.28:038][  0]LogInit: Texture streaming: Enabled
[2014.11.20-04.36.28:131][  0]LogInit: Transaction tracking system initialized
[2014.11.20-04.36.28:382][  0]BlueprintLog: New page: Editor Load
[2014.11.20-04.36.28:456][  0]LogAssetRegistry: FAssetRegistry took 0.0099 seconds to start up
[2014.11.20-04.36.28:456][  0]LogDirectoryWatcher:Warning: Failed to begin reading directory changes for ../../../Engine/Plugins/Experimental/CharacterAI/Content/. Error: 0
[2014.11.20-04.36.29:467][  0]LogTargetPlatformManager:Display: Building Assets For Windows
[2014.11.20-04.36.30:069][  0]LogTargetPlatformManager:Display: Building Assets For Windows
[2014.11.20-04.36.30:713][  0]LogConsoleResponse:Display: 
[2014.11.20-04.36.31:249][  0]SourceControl: Info Source control is disabled
[2014.11.20-04.36.31:251][  0]Cmd: MAP LOAD FILE="D:/Study-Session/Trial_third_person/Content/Maps/Example_Map.umap" TEMPLATE=0 SHOWPROGRESS=1
[2014.11.20-04.36.31:254][  0]LightingResults: New page: Lighting Build
[2014.11.20-04.36.31:280][  0]MapCheck: New page: Map Check
[2014.11.20-04.36.31:280][  0]LightingResults: New page: Lighting Build
[2014.11.20-04.36.31:312][  0]LogParticles: Destroying 0 GPU particle simulations for FXSystem 0x000000001C3CE840
[2014.11.20-04.36.31:749][  0]LogEditorServer: Finished looking for orphan Actors (0.000 secs)
[2014.11.20-04.36.31:750][  0]LogAIModule: Creating AISystem for world Example_Map
[2014.11.20-04.36.31:754][  0]Cmd: MAP CHECKDEP
[2014.11.20-04.36.31:754][  0]MapCheck: New page: Example_Map - Nov 19, 2014, 12:36:31 PM
[2014.11.20-04.36.31:917][  0]MapCheck: Info Map check complete: 0 Error(s), 0 Warning(s), took 163.13ms to complete.
[2014.11.20-04.36.31:917][  0]LogFileHelpers: Loading map 'Example_Map' took 0.668
[2014.11.20-04.36.32:043][  0]LogCollectionManager: Loaded 0 collections in 0.001578 seconds
[2014.11.20-04.36.32:286][  0]LogCrashTracker: Crashtracker disabled due to settings.
[2014.11.20-04.36.32:325][  0]LogUObjectGlobals:Warning: Failed to find object 'Class None.'
[2014.11.20-04.36.32:372][  0]LogLoad: Full Startup: 22.34 seconds (BP compile: 0.08 seconds)
[2014.11.20-04.36.32:715][  0]LogContentBrowser:Verbose: The content browser source was changed by the sources view to '/Game/Blueprints'
[2014.11.20-04.36.32:892][  0]LogRenderer:Warning: Reallocating scene render targets to support 904x896.
[2014.11.20-04.36.34:646][  4]LogAssetRegistry: Asset discovery search completed in 6.2002 seconds
[2014.11.20-04.36.56:684][833]BlueprintLog: New page: Compile MyCharacter
[2014.11.20-04.36.57:071][833]BlueprintEditorCompileResults: Info [0046.87] Compile of MyCharacter successful! [in 96 ms]
[2014.11.20-04.36.59:746][936]BlueprintLog: New page: Pre-PIE auto-recompile
[2014.11.20-04.36.59:746][936]LogPlayLevel: [PIE] Compiling Tutorial_BP_MacroLib before PIE...
[2014.11.20-04.36.59:808][936]LogPlayLevel: [PIE] Compiling GameHUD before PIE...
[2014.11.20-04.36.59:948][936]LogActorComponent: UnregisterComponent: (/Engine/Transient.CharacterMovementComponent_0) Not registered. Aborting.
[2014.11.20-04.37.00:007][936]LogPlayLevel: [PIE] Compiling MyCharacter before PIE...
[2014.11.20-04.37.00:371][936]LogPlayLevel: PIE:  Blueprint regeneration took 625 ms (3 blueprints)
[2014.11.20-04.37.00:372][936]PIE: New page: PIE session: Example_Map (Nov 19, 2014, 12:37:00 PM)
[2014.11.20-04.37.00:429][936]LogPlayLevel: PIE: StaticDuplicateObject took: (0.057051s)
[2014.11.20-04.37.00:430][936]LogPlayLevel: PIE: World Init took: (0.001125s)
[2014.11.20-04.37.00:430][936]LogPlayLevel: PIE: Created PIE world by copying editor world from /Game/Maps/Example_Map.Example_Map to /Game/Maps/UEDPIE_0_Example_Map.Example_Map (0.058545s)
[2014.11.20-04.37.00:504][936]LogWorld: Game class is 'MyGame_C'
[2014.11.20-04.37.00:506][936]LogAIModule: Creating AISystem for world Example_Map
[2014.11.20-04.37.00:508][936]LogWorld: Bringing World /Game/Maps/UEDPIE_0_Example_Map.Example_Map up for play (max tick rate 0) at 2014.11.19-20.37.00
[2014.11.20-04.37.00:508][936]LogWorld: Bringing up level for play took: 0.001949
[2014.11.20-04.37.00:513][936]PIE: Info Play in editor start time for /Game/Maps/UEDPIE_0_Example_Map 0.285
[2014.11.20-04.37.04:523][113]LogBlueprintUserMessages: -613.851746
[2014.11.20-04.37.05:279][146]LogActorComponent: UnregisterComponent: (/Engine/Transient.CharacterMovementComponent_1) Not registered. Aborting.
[2014.11.20-04.37.05:320][146]LogParticles: Destroying 0 GPU particle simulations for FXSystem 0x0000000023E2BD80
[2014.11.20-04.37.12:220][493]Cmd: OBJ SAVEPACKAGE PACKAGE="/Game/Blueprints/MyCharacter" FILE="D:/Study-Session/Trial_third_person/Content/Blueprints/MyCharacter.uasset" SILENT=true
[2014.11.20-04.37.12:650][493]LogSavePackage: Save=407.429596ms
[2014.11.20-04.37.12:650][493]LogSavePackage: Moving 'D:/Study-Session/Trial_third_person/Saved/MyCharacter3F70BBE7467922CA8964448BFF816979.tmp' to 'D:/Study-Session/Trial_third_person/Content/Blueprints/MyCharacter.uasset'
[2014.11.20-04.37.15:507][654]BlueprintLog: New page: Pre-PIE auto-recompile
[2014.11.20-04.37.15:508][654]LogPlayLevel: [PIE] Compiling GameHUD before PIE...
[2014.11.20-04.37.15:676][654]LogActorComponent: UnregisterComponent: (/Engine/Transient.CharacterMovementComponent_2) Not registered. Aborting.
[2014.11.20-04.37.15:743][654]LogPlayLevel: [PIE] Compiling MyCharacter before PIE...
[2014.11.20-04.37.16:189][654]LogPlayLevel: PIE:  Blueprint regeneration took 681 ms (2 blueprints)
[2014.11.20-04.37.16:189][654]PIE: New page: PIE session: Example_Map (Nov 19, 2014, 12:37:16 PM)
[2014.11.20-04.37.16:240][654]LogPlayLevel: PIE: StaticDuplicateObject took: (0.050556s)
[2014.11.20-04.37.16:241][654]LogPlayLevel: PIE: World Init took: (0.001364s)
[2014.11.20-04.37.16:241][654]LogPlayLevel: PIE: Created PIE world by copying editor world from /Game/Maps/Example_Map.Example_Map to /Game/Maps/UEDPIE_0_Example_Map.Example_Map (0.052290s)
[2014.11.20-04.37.16:274][654]LogWorld: Game class is 'MyGame_C'
[2014.11.20-04.37.16:275][654]LogAIModule: Creating AISystem for world Example_Map
[2014.11.20-04.37.16:276][654]LogWorld: Bringing World /Game/Maps/UEDPIE_0_Example_Map.Example_Map up for play (max tick rate 0) at 2014.11.19-20.37.16
[2014.11.20-04.37.16:277][654]LogWorld: Bringing up level for play took: 0.001740
[2014.11.20-04.37.16:280][654]PIE: Info Play in editor start time for /Game/Maps/UEDPIE_0_Example_Map 0.051
[2014.11.20-04.37.19:385][798]LogBlueprintUserMessages: -608.595947
[2014.11.20-04.37.22:379][939]LogBlueprintUserMessages: -1137.254395
[2014.11.20-04.37.22:379][939]LogBlueprintUserMessages: 0.662746
[2014.11.20-04.37.25:364][ 76]LogActorComponent: UnregisterComponent: (/Engine/Transient.CharacterMovementComponent_3) Not registered. Aborting.
[2014.11.20-04.37.25:418][ 76]LogParticles: Destroying 0 GPU particle simulations for FXSystem 0x0000000030BAB1A0
[2014.11.20-04.37.44:340][898]LogActorComponent: UnregisterComponent: (/Engine/Transient.CharacterMovementComponent_4) Not registered. Aborting.
[2014.11.20-04.37.46:140][978]BlueprintLog: New page: Compile MyCharacter
[2014.11.20-04.37.46:571][978]BlueprintEditorCompileResults: Info [0096.35] Compile of MyCharacter successful! [in 98 ms]
[2014.11.20-04.37.49:468][113]BlueprintLog: New page: Pre-PIE auto-recompile
[2014.11.20-04.37.49:468][113]LogPlayLevel: [PIE] Compiling GameHUD before PIE...
[2014.11.20-04.37.49:642][113]LogActorComponent: UnregisterComponent: (/Engine/Transient.CharacterMovementComponent_5) Not registered. Aborting.
[2014.11.20-04.37.49:706][113]LogPlayLevel: [PIE] Compiling MyCharacter before PIE...
[2014.11.20-04.37.50:107][113]LogPlayLevel: PIE:  Blueprint regeneration took 637 ms (2 blueprints)
[2014.11.20-04.37.50:107][113]PIE: New page: PIE session: Example_Map (Nov 19, 2014, 12:37:50 PM)
[2014.11.20-04.37.50:164][113]LogPlayLevel: PIE: StaticDuplicateObject took: (0.056498s)
[2014.11.20-04.37.50:165][113]LogPlayLevel: PIE: World Init took: (0.000977s)
[2014.11.20-04.37.50:165][113]LogPlayLevel: PIE: Created PIE world by copying editor world from /Game/Maps/Example_Map.Example_Map to /Game/Maps/UEDPIE_0_Example_Map.Example_Map (0.057809s)
[2014.11.20-04.37.50:200][113]LogWorld: Game class is 'MyGame_C'
[2014.11.20-04.37.50:201][113]LogAIModule: Creating AISystem for world Example_Map
[2014.11.20-04.37.50:202][113]LogWorld: Bringing World /Game/Maps/UEDPIE_0_Example_Map.Example_Map up for play (max tick rate 0) at 2014.11.19-20.37.50
[2014.11.20-04.37.50:203][113]LogWorld: Bringing up level for play took: 0.001917
[2014.11.20-04.37.50:206][113]PIE: Info Play in editor start time for /Game/Maps/UEDPIE_0_Example_Map -0.025
[2014.11.20-04.37.54:867][327]LogBlueprintUserMessages: -1190.218506
[2014.11.20-04.37.54:867][327]LogBlueprintUserMessages: 0.609782
[2014.11.20-04.37.58:619][496]LogBlueprintUserMessages: -1131.185791
[2014.11.20-04.37.58:619][496]LogBlueprintUserMessages: 0.447594
[2014.11.20-04.38.06:055][800]LogActorComponent: UnregisterComponent: (/Engine/Transient.CharacterMovementComponent_6) Not registered. Aborting.
[2014.11.20-04.38.06:138][800]LogParticles: Destroying 0 GPU particle simulations for FXSystem 0x00000000327439C0
[2014.11.20-04.38.09:909][953]LogActorComponent: UnregisterComponent: (/Engine/Transient.CharacterMovementComponent_7) Not registered. Aborting.
[2014.11.20-04.38.10:003][953]Cmd: OBJ SAVEPACKAGE PACKAGE="/Game/Blueprints/MyCharacter" FILE="D:/Study-Session/Trial_third_person/Content/Blueprints/MyCharacter.uasset" SILENT=true
[2014.11.20-04.38.10:468][953]LogSavePackage: Save=446.347870ms
[2014.11.20-04.38.10:468][953]LogSavePackage: Moving 'D:/Study-Session/Trial_third_person/Saved/MyCharacterC7EE737045A117D2332B0CBAAB4243DF.tmp' to 'D:/Study-Session/Trial_third_person/Content/Blueprints/MyCharacter.uasset'
[2014.11.20-04.38.21:594][425]LogActorComponent: UnregisterComponent: (/Engine/Transient.CharacterMovementComponent_8) Not registered. Aborting.
[2014.11.20-04.38.21:689][425]Cmd: OBJ SAVEPACKAGE PACKAGE="/Game/Blueprints/MyCharacter" FILE="D:/Study-Session/Trial_third_person/Content/Blueprints/MyCharacter.uasset" SILENT=true
[2014.11.20-04.38.21:884][425]LogSavePackage: Save=176.044739ms
[2014.11.20-04.38.21:884][425]LogSavePackage: Moving 'D:/Study-Session/Trial_third_person/Saved/MyCharacter3363812B4B80E40F83886EA39C2CBB2D.tmp' to 'D:/Study-Session/Trial_third_person/Content/Blueprints/MyCharacter.uasset'
[2014.11.20-04.39.29:669][302]LogActorComponent: UnregisterComponent: (/Engine/Transient.CharacterMovementComponent_9) Not registered. Aborting.
[2014.11.20-04.39.29:763][302]Cmd: OBJ SAVEPACKAGE PACKAGE="/Game/Blueprints/MyCharacter" FILE="D:/Study-Session/Trial_third_person/Content/Blueprints/MyCharacter.uasset" SILENT=true
[2014.11.20-04.39.30:247][302]LogSavePackage: Save=462.770569ms
[2014.11.20-04.39.30:247][302]LogSavePackage: Moving 'D:/Study-Session/Trial_third_person/Saved/MyCharacter042322F44C8B874BB056E3AECF27D79F.tmp' to 'D:/Study-Session/Trial_third_person/Content/Blueprints/MyCharacter.uasset'
[2014.11.20-04.39.30:952][351]BlueprintLog: New page: Pre-PIE auto-recompile
[2014.11.20-04.39.31:067][351]LogActorComponent: UnregisterComponent: (/Engine/Transient.CharacterMovementComponent_10) Not registered. Aborting.
[2014.11.20-04.39.31:067][351]LogPlayLevel: [PIE] Compiling MyCharacter before PIE...
[2014.11.20-04.39.31:437][351]LogPlayLevel: [PIE] Compiling GameHUD before PIE...
[2014.11.20-04.39.31:623][351]LogPlayLevel: PIE:  Blueprint regeneration took 671 ms (2 blueprints)
[2014.11.20-04.39.31:623][351]PIE: New page: PIE session: Example_Map (Nov 19, 2014, 12:39:31 PM)
[2014.11.20-04.39.31:671][351]LogPlayLevel: PIE: StaticDuplicateObject took: (0.047288s)
[2014.11.20-04.39.31:672][351]LogPlayLevel: PIE: World Init took: (0.000877s)
[2014.11.20-04.39.31:672][351]LogPlayLevel: PIE: Created PIE world by copying editor world from /Game/Maps/Example_Map.Example_Map to /Game/Maps/UEDPIE_0_Example_Map.Example_Map (0.048632s)
[2014.11.20-04.39.31:713][351]LogWorld: Game class is 'MyGame_C'
[2014.11.20-04.39.31:715][351]LogAIModule: Creating AISystem for world Example_Map
[2014.11.20-04.39.31:716][351]LogWorld: Bringing World /Game/Maps/UEDPIE_0_Example_Map.Example_Map up for play (max tick rate 0) at 2014.11.19-20.39.31
[2014.11.20-04.39.31:716][351]LogWorld: Bringing up level for play took: 0.001509
[2014.11.20-04.39.31:719][351]PIE: Info Play in editor start time for /Game/Maps/UEDPIE_0_Example_Map 1.482
[2014.11.20-04.39.34:971][498]LogBlueprintUserMessages: -604.633789
[2014.11.20-04.39.38:257][643]LogBlueprintUserMessages: -1137.136841
[2014.11.20-04.39.38:257][643]LogBlueprintUserMessages: 0.662863
[2014.11.20-04.39.42:433][816]LogActorComponent: UnregisterComponent: (/Engine/Transient.CharacterMovementComponent_11) Not registered. Aborting.
[2014.11.20-04.39.42:525][816]LogParticles: Destroying 0 GPU particle simulations for FXSystem 0x00000000300F02C0
[2014.11.20-04.39.48:520][ 43]LogActorComponent: UnregisterComponent: (/Engine/Transient.CharacterMovementComponent_12) Not registered. Aborting.
[2014.11.20-04.39.50:479][119]BlueprintLog: New page: Compile MyCharacter
[2014.11.20-04.39.50:942][119]BlueprintEditorCompileResults: Info [0220.70] Compile of MyCharacter successful! [in 106 ms]
[2014.11.20-04.39.53:614][248]BlueprintLog: New page: Pre-PIE auto-recompile
[2014.11.20-04.39.53:614][248]LogPlayLevel: [PIE] Compiling GameHUD before PIE...
[2014.11.20-04.39.53:780][248]LogActorComponent: UnregisterComponent: (/Engine/Transient.CharacterMovementComponent_13) Not registered. Aborting.
[2014.11.20-04.39.53:853][248]LogPlayLevel: [PIE] Compiling MyCharacter before PIE...
[2014.11.20-04.39.54:273][248]LogPlayLevel: PIE:  Blueprint regeneration took 659 ms (2 blueprints)
[2014.11.20-04.39.54:274][248]PIE: New page: PIE session: Example_Map (Nov 19, 2014, 12:39:54 PM)
[2014.11.20-04.39.54:327][248]LogPlayLevel: PIE: StaticDuplicateObject took: (0.052933s)
[2014.11.20-04.39.54:335][248]LogPlayLevel: PIE: World Init took: (0.008332s)
[2014.11.20-04.39.54:336][248]LogPlayLevel: PIE: Created PIE world by copying editor world from /Game/Maps/Example_Map.Example_Map to /Game/Maps/UEDPIE_0_Example_Map.Example_Map (0.061868s)
[2014.11.20-04.39.54:374][248]LogWorld: Game class is 'MyGame_C'
[2014.11.20-04.39.54:375][248]LogAIModule: Creating AISystem for world Example_Map
[2014.11.20-04.39.54:376][248]LogWorld: Bringing World /Game/Maps/UEDPIE_0_Example_Map.Example_Map up for play (max tick rate 0) at 2014.11.19-20.39.54
[2014.11.20-04.39.54:376][248]LogWorld: Bringing up level for play took: 0.001468
[2014.11.20-04.39.54:379][248]PIE: Info Play in editor start time for /Game/Maps/UEDPIE_0_Example_Map 0.14
[2014.11.20-04.40.02:019][577]LogBlueprintUserMessages: -1181.399658
[2014.11.20-04.40.02:020][577]LogBlueprintUserMessages: 0.6186
[2014.11.20-04.40.10:295][903]LogBlueprintUserMessages: -1126.667603
[2014.11.20-04.40.10:295][903]LogBlueprintUserMessages: 0.324538
[2014.11.20-04.40.54:052][646]LogActorComponent: UnregisterComponent: (/Engine/Transient.CharacterMovementComponent_14) Not registered. Aborting.
[2014.11.20-04.41.19:470][595]LogParticles: Destroying 0 GPU particle simulations for FXSystem 0x0000000031DE9D00
[2014.11.20-04.41.30:005][925]Cmd: OBJ SAVEPACKAGE PACKAGE="/Game/Blueprints/MyCharacter" FILE="D:/Study-Session/Trial_third_person/Content/Blueprints/MyCharacter.uasset" SILENT=true
[2014.11.20-04.41.30:463][925]LogSavePackage: Save=438.877136ms
[2014.11.20-04.41.30:463][925]LogSavePackage: Moving 'D:/Study-Session/Trial_third_person/Saved/MyCharacterC8A1431549D08A0BADEBA09733531AA5.tmp' to 'D:/Study-Session/Trial_third_person/Content/Blueprints/MyCharacter.uasset'
[2014.11.20-04.41.32:579][ 21]BlueprintLog: New page: Compile MyCharacter
[2014.11.20-04.41.32:875][ 21]LogActorComponent: UnregisterComponent: (/Engine/Transient.CharacterMovementComponent_15) Not registered. Aborting.
[2014.11.20-04.41.33:020][ 21]BlueprintEditorCompileResults: Info [0322.76] Compile of MyCharacter successful! [in 106 ms]
[2014.11.20-04.41.36:156][187]BlueprintLog: New page: Pre-PIE auto-recompile
[2014.11.20-04.41.36:156][187]LogPlayLevel: [PIE] Compiling GameHUD before PIE...
[2014.11.20-04.41.36:333][187]LogActorComponent: UnregisterComponent: (/Engine/Transient.CharacterMovementComponent_16) Not registered. Aborting.
[2014.11.20-04.41.36:400][187]LogPlayLevel: [PIE] Compiling MyCharacter before PIE...
[2014.11.20-04.41.36:873][187]LogPlayLevel: PIE:  Blueprint regeneration took 716 ms (2 blueprints)
[2014.11.20-04.41.36:873][187]PIE: New page: PIE session: Example_Map (Nov 19, 2014, 12:41:36 PM)
[2014.11.20-04.41.36:934][187]LogPlayLevel: PIE: StaticDuplicateObject took: (0.061140s)
[2014.11.20-04.41.36:936][187]LogPlayLevel: PIE: World Init took: (0.001379s)
[2014.11.20-04.41.36:936][187]LogPlayLevel: PIE: Created PIE world by copying editor world from /Game/Maps/Example_Map.Example_Map to /Game/Maps/UEDPIE_0_Example_Map.Example_Map (0.062952s)
[2014.11.20-04.41.36:970][187]LogWorld: Game class is 'MyGame_C'
[2014.11.20-04.41.36:971][187]LogAIModule: Creating AISystem for world Example_Map
[2014.11.20-04.41.36:972][187]LogWorld: Bringing World /Game/Maps/UEDPIE_0_Example_Map.Example_Map up for play (max tick rate 0) at 2014.11.19-20.41.36
[2014.11.20-04.41.36:972][187]LogWorld: Bringing up level for play took: 0.001516
[2014.11.20-04.41.36:975][187]PIE: Info Play in editor start time for /Game/Maps/UEDPIE_0_Example_Map 0.729
[2014.11.20-04.41.44:127][482]LogBlueprintUserMessages: -1111.669556
[2014.11.20-04.41.44:127][482]LogBlueprintUserMessages: 0.68833
[2014.11.20-04.41.49:471][685]LogActorComponent: UnregisterComponent: (/Engine/Transient.CharacterMovementComponent_17) Not registered. Aborting.
[2014.11.20-04.41.49:555][685]LogParticles: Destroying 0 GPU particle simulations for FXSystem 0x00000000375491C0
[2014.11.20-04.41.54:949][931]LogActorComponent: UnregisterComponent: (/Engine/Transient.CharacterMovementComponent_18) Not registered. Aborting.
[2014.11.20-04.41.55:058][931]Cmd: OBJ SAVEPACKAGE PACKAGE="/Game/Blueprints/MyCharacter" FILE="D:/Study-Session/Trial_third_person/Content/Blueprints/MyCharacter.uasset" SILENT=true
[2014.11.20-04.41.55:560][931]LogSavePackage: Save=483.600189ms
[2014.11.20-04.41.55:560][931]LogSavePackage: Moving 'D:/Study-Session/Trial_third_person/Saved/MyCharacterC4331180495A600FB5040C8F8593B1D7.tmp' to 'D:/Study-Session/Trial_third_person/Content/Blueprints/MyCharacter.uasset'
[2014.11.20-04.41.57:919][ 56]LogActorComponent: UnregisterComponent: (/Engine/Transient.CharacterMovementComponent_19) Not registered. Aborting.
[2014.11.20-04.41.57:962][ 56]LogParticles: Destroying 0 GPU particle simulations for FXSystem 0x00000000185F0180
[2014.11.20-04.41.58:992][ 57]Cmd: QUIT_EDITOR
[2014.11.20-04.41.59:489][ 57]LogExit: Preparing to exit.
[2014.11.20-04.42.00:696][ 57]LogExit: Editor shut down
[2014.11.20-04.42.00:697][ 57]LogExit: Transaction tracking system shut down
[2014.11.20-04.42.00:698][ 57]LogParticles: Destroying 0 GPU particle simulations for FXSystem 0x00000000126E2660
[2014.11.20-04.42.00:698][ 57]LogParticles: Destroying 0 GPU particle simulations for FXSystem 0x0000000011028400
[2014.11.20-04.42.00:698][ 57]LogParticles: Destroying 0 GPU particle simulations for FXSystem 0x00000000119A34C0
[2014.11.20-04.42.00:754][ 57]LogParticles: Destroying 0 GPU particle simulations for FXSystem 0x0000000023EFAC00
[2014.11.20-04.42.00:754][ 57]LogExit: Object subsystem successfully closed.
[2014.11.20-04.42.00:881][ 57]LogModuleManager: Shutting down and abandoning module AndroidDeviceDetection (166)
[2014.11.20-04.42.00:881][ 57]LogModuleManager: Shutting down and abandoning module CrashTracker (165)
[2014.11.20-04.42.00:881][ 57]LogModuleManager: Shutting down and abandoning module SuperSearch (164)
[2014.11.20-04.42.00:881][ 57]LogModuleManager: Shutting down and abandoning module SceneOutliner (163)
[2014.11.20-04.42.00:881][ 57]LogModuleManager: Shutting down and abandoning module EditorWidgets (162)
[2014.11.20-04.42.00:881][ 57]LogModuleManager: Shutting down and abandoning module CollectionManager (161)
[2014.11.20-04.42.00:882][ 57]LogModuleManager: Shutting down and abandoning module StatsViewer (160)
[2014.11.20-04.42.00:882][ 57]LogModuleManager: Shutting down and abandoning module FoliageEdit (159)
[2014.11.20-04.42.00:882][ 57]LogModuleManager: Shutting down and abandoning module LandscapeEditor (158)
[2014.11.20-04.42.00:883][ 57]LogModuleManager: Shutting down and abandoning module MeshPaint (157)
[2014.11.20-04.42.00:883][ 57]LogModuleManager: Shutting down and abandoning module ActorPickerMode (156)
[2014.11.20-04.42.00:883][ 57]LogModuleManager: Shutting down and abandoning module GeometryMode (155)
[2014.11.20-04.42.00:883][ 57]LogModuleManager: Shutting down and abandoning module TextureAlignMode (154)
[2014.11.20-04.42.00:883][ 57]LogModuleManager: Shutting down and abandoning module BspMode (153)
[2014.11.20-04.42.00:883][ 57]LogModuleManager: Shutting down and abandoning module PlacementMode (152)
[2014.11.20-04.42.00:883][ 57]LogModuleManager: Shutting down and abandoning module AutomationWorker (151)
[2014.11.20-04.42.00:883][ 57]LogModuleManager: Shutting down and abandoning module CharacterAI (150)
[2014.11.20-04.42.00:883][ 57]LogModuleManager: Shutting down and abandoning module GameProjectGeneration (149)
[2014.11.20-04.42.00:885][ 57]LogModuleManager: Shutting down and abandoning module IntroTutorials (148)
[2014.11.20-04.42.00:886][ 57]LogModuleManager: Shutting down and abandoning module EditorLiveStreaming (147)
[2014.11.20-04.42.00:886][ 57]LogModuleManager: Shutting down and abandoning module HardwareTargeting (146)
[2014.11.20-04.42.00:886][ 57]LogModuleManager: Shutting down and abandoning module BehaviorTreeEditor (145)
[2014.11.20-04.42.00:888][ 57]LogModuleManager: Shutting down and abandoning module DeviceProfileEditor (144)
[2014.11.20-04.42.00:888][ 57]LogModuleManager: Shutting down and abandoning module UndoHistory (143)
[2014.11.20-04.42.00:888][ 57]LogModuleManager: Shutting down and abandoning module GameplayTagsEditor (142)
[2014.11.20-04.42.00:889][ 57]LogModuleManager: Shutting down and abandoning module UserFeedback (141)
[2014.11.20-04.42.00:889][ 57]LogModuleManager: Shutting down and abandoning module XmlParser (140)
[2014.11.20-04.42.00:889][ 57]LogModuleManager: Shutting down and abandoning module Blutility (139)
[2014.11.20-04.42.00:889][ 57]LogModuleManager: Shutting down and abandoning module IOSPlatformEditor (138)
[2014.11.20-04.42.00:889][ 57]LogModuleManager: Shutting down and abandoning module IOSRuntimeSettings (137)
[2014.11.20-04.42.00:889][ 57]LogModuleManager: Shutting down and abandoning module AndroidPlatformEditor (136)
[2014.11.20-04.42.00:889][ 57]LogModuleManager: Shutting down and abandoning module AndroidRuntimeSettings (135)
[2014.11.20-04.42.00:889][ 57]LogModuleManager: Shutting down and abandoning module ProjectTargetPlatformEditor (134)
[2014.11.20-04.42.00:889][ 57]LogModuleManager: Shutting down and abandoning module ProjectSettingsViewer (133)
[2014.11.20-04.42.00:889][ 57]LogModuleManager: Shutting down and abandoning module InputBindingEditor (132)
[2014.11.20-04.42.00:889][ 57]LogModuleManager: Shutting down and abandoning module EditorSettingsViewer (131)
[2014.11.20-04.42.00:889][ 57]LogModuleManager: Shutting down and abandoning module SettingsEditor (130)
[2014.11.20-04.42.00:890][ 57]LogModuleManager: Shutting down and abandoning module ProjectLauncher (129)
[2014.11.20-04.42.00:890][ 57]LogModuleManager: Shutting down and abandoning module SessionFrontend (128)
[2014.11.20-04.42.00:890][ 57]LogModuleManager: Shutting down and abandoning module ProfilerClient (127)
[2014.11.20-04.42.00:891][ 57]LogModuleManager: Shutting down and abandoning module TargetDeviceServices (126)
[2014.11.20-04.42.00:891][ 57]LogModuleManager: Shutting down and abandoning module DeviceManager (125)
[2014.11.20-04.42.00:891][ 57]LogModuleManager: Shutting down and abandoning module AutomationController (124)
[2014.11.20-04.42.00:891][ 57]LogModuleManager: Shutting down and abandoning module AutomationWindow (123)
[2014.11.20-04.42.00:892][ 57]LogModuleManager: Shutting down and abandoning module Layers (122)
[2014.11.20-04.42.00:893][ 57]LogModuleManager: Shutting down and abandoning module ComponentVisualizers (121)
[2014.11.20-04.42.00:893][ 57]LogModuleManager: Shutting down and abandoning module DetailCustomizations (120)
[2014.11.20-04.42.00:894][ 57]LogModuleManager: Shutting down and abandoning module PackagesDialog (119)
[2014.11.20-04.42.00:894][ 57]LogModuleManager: Shutting down and abandoning module AssetRegistry (118)
[2014.11.20-04.42.00:959][ 57]LogModuleManager: Shutting down and abandoning module Persona (117)
[2014.11.20-04.42.00:963][ 57]LogModuleManager: Shutting down and abandoning module Kismet (116)
[2014.11.20-04.42.00:963][ 57]LogModuleManager: Shutting down and abandoning module GraphEditor (115)
[2014.11.20-04.42.00:963][ 57]LogModuleManager: Shutting down and abandoning module ClassViewer (114)
[2014.11.20-04.42.00:965][ 57]LogModuleManager: Shutting down and abandoning module Toolbox (113)
[2014.11.20-04.42.00:965][ 57]LogModuleManager: Shutting down and abandoning module ModuleUI (112)
[2014.11.20-04.42.00:966][ 57]LogModuleManager: Shutting down and abandoning module MovieSceneTools (111)
[2014.11.20-04.42.00:967][ 57]LogModuleManager: Shutting down and abandoning module OutputLog (110)
[2014.11.20-04.42.00:967][ 57]LogModuleManager: Shutting down and abandoning module GammaUI (109)
[2014.11.20-04.42.00:968][ 57]LogModuleManager: Shutting down and abandoning module Documentation (108)
[2014.11.20-04.42.00:968][ 57]LogModuleManager: Shutting down and abandoning module GameLiveStreaming (107)
[2014.11.20-04.42.00:968][ 57]LogModuleManager: Shutting down and abandoning module StreamingPauseRendering (106)
[2014.11.20-04.42.00:968][ 57]LogModuleManager: Shutting down and abandoning module HTTP (105)
[2014.11.20-04.42.00:968][ 57]LogModuleManager: Shutting down and abandoning module AnalyticsET (104)
[2014.11.20-04.42.00:968][ 57]LogModuleManager: Shutting down and abandoning module Analytics (103)
[2014.11.20-04.42.00:968][ 57]LogModuleManager: Shutting down and abandoning module GameplayDebugger (102)
[2014.11.20-04.42.00:968][ 57]LogModuleManager: Shutting down and abandoning module AIModule (101)
[2014.11.20-04.42.00:969][ 57]LogModuleManager: Shutting down and abandoning module ProfilerService (100)
[2014.11.20-04.42.01:078][ 57]LogModuleManager: Shutting down and abandoning module TaskGraph (99)
[2014.11.20-04.42.01:084][ 57]LogModuleManager: Shutting down and abandoning module SlateRemote (98)
[2014.11.20-04.42.01:084][ 57]LogModuleManager: Shutting down and abandoning module ScriptEditorPlugin (97)
[2014.11.20-04.42.01:084][ 57]LogModuleManager: Shutting down and abandoning module CustomMeshComponent (96)
[2014.11.20-04.42.01:084][ 57]LogModuleManager: Shutting down and abandoning module CableComponent (95)
[2014.11.20-04.42.01:084][ 57]LogModuleManager: Shutting down and abandoning module MessagingDebugger (94)
[2014.11.20-04.42.01:086][ 57]LogModuleManager: Shutting down and abandoning module MediaPlayerEditor (93)
[2014.11.20-04.42.01:086][ 57]LogModuleManager: Shutting down and abandoning module SpeedTreeImporter (92)
[2014.11.20-04.42.01:086][ 57]LogModuleManager: Shutting down and abandoning module PluginsEditor (91)
[2014.11.20-04.42.01:086][ 57]LogModuleManager: Shutting down and abandoning module EpicSurvey (90)
[2014.11.20-04.42.01:087][ 57]LogModuleManager: Shutting down and abandoning module DesktopPlatform (89)
[2014.11.20-04.42.01:087][ 57]LogModuleManager: Shutting down and abandoning module VisualStudioSourceCodeAccess (88)
[2014.11.20-04.42.01:087][ 57]LogModuleManager: Shutting down and abandoning module UObjectPlugin (87)
[2014.11.20-04.42.01:087][ 57]LogModuleManager: Shutting down and abandoning module SubversionSourceControl (86)
[2014.11.20-04.42.01:087][ 57]LogModuleManager: Shutting down and abandoning module SourceControl (85)
[2014.11.20-04.42.01:087][ 57]LogModuleManager: Shutting down and abandoning module PerforceSourceControl (84)
[2014.11.20-04.42.01:087][ 57]LogModuleManager: Shutting down and abandoning module BlankPlugin (83)
[2014.11.20-04.42.01:087][ 57]LogModuleManager: Shutting down and abandoning module SlateReflector (82)
[2014.11.20-04.42.01:087][ 57]LogModuleManager: Shutting down and abandoning module DirectoryWatcher (81)
[2014.11.20-04.42.01:087][ 57]LogModuleManager: Shutting down and abandoning module HotReload (80)
[2014.11.20-04.42.01:087][ 57]LogModuleManager: Shutting down and abandoning module MainFrame (79)
[2014.11.20-04.42.01:087][ 57]LogModuleManager: Shutting down and abandoning module LevelEditor (78)
[2014.11.20-04.42.01:089][ 57]LogModuleManager: Shutting down and abandoning module ViewportSnapping (77)
[2014.11.20-04.42.01:089][ 57]LogModuleManager: Shutting down and abandoning module SmartSnapping (76)
[2014.11.20-04.42.01:089][ 57]LogModuleManager: Shutting down and abandoning module PaperTiledImporter (75)
[2014.11.20-04.42.01:089][ 57]LogModuleManager: Shutting down and abandoning module PaperJsonImporter (74)
[2014.11.20-04.42.01:089][ 57]LogModuleManager: Shutting down and abandoning module ContentBrowser (73)
[2014.11.20-04.42.01:089][ 57]LogModuleManager: Shutting down and abandoning module PropertyEditor (72)
[2014.11.20-04.42.01:089][ 57]LogModuleManager: Shutting down and abandoning module Paper2DEditor (71)
[2014.11.20-04.42.01:090][ 57]LogModuleManager: Shutting down and abandoning module ScriptPlugin (70)
[2014.11.20-04.42.01:091][ 57]LogModuleManager: Shutting down and abandoning module UdpMessaging (69)
[2014.11.20-04.42.01:191][ 57]LogModuleManager: Shutting down and abandoning module Paper2D (68)
[2014.11.20-04.42.01:191][ 57]LogModuleManager: Shutting down and abandoning module WindowsMoviePlayer (67)
[2014.11.20-04.42.01:194][ 57]LogModuleManager: Shutting down and abandoning module Media (66)
[2014.11.20-04.42.01:194][ 57]LogModuleManager: Shutting down and abandoning module WmfMedia (65)
[2014.11.20-04.42.01:194][ 57]LogModuleManager: Shutting down and abandoning module OnlineBlueprintSupport (64)
[2014.11.20-04.42.01:194][ 57]LogModuleManager: Shutting down and abandoning module FunctionalTesting (63)
[2014.11.20-04.42.01:194][ 57]LogModuleManager: Shutting down and abandoning module CollisionAnalyzer (62)
[2014.11.20-04.42.01:196][ 57]LogModuleManager: Shutting down and abandoning module WorkspaceMenuStructure (61)
[2014.11.20-04.42.01:196][ 57]LogModuleManager: Shutting down and abandoning module MessageLog (60)
[2014.11.20-04.42.01:196][ 57]LogModuleManager: Shutting down and abandoning module Sequencer (59)
[2014.11.20-04.42.01:197][ 57]LogModuleManager: Shutting down and abandoning module AssetTools (58)
[2014.11.20-04.42.01:201][ 57]LogModuleManager: Shutting down and abandoning module UMGEditor (57)
[2014.11.20-04.42.01:202][ 57]LogModuleManager: Shutting down and abandoning module UMG (56)
[2014.11.20-04.42.01:202][ 57]LogModuleManager: Shutting down and abandoning module Slate (55)
[2014.11.20-04.42.01:202][ 57]LogModuleManager: Shutting down and abandoning module EditorStyle (54)
[2014.11.20-04.42.01:205][ 57]LogModuleManager: Shutting down and abandoning module SessionServices (53)
[2014.11.20-04.42.01:205][ 57]LogModuleManager: Shutting down and abandoning module SourceCodeAccess (52)
[2014.11.20-04.42.01:205][ 57]LogModuleManager: Shutting down and abandoning module HeadMountedDisplay (51)
[2014.11.20-04.42.01:205][ 57]LogModuleManager: Shutting down and abandoning module XAudio2 (50)
[2014.11.20-04.42.01:205][ 57]LogModuleManager: Shutting down and abandoning module Networking (48)
[2014.11.20-04.42.01:205][ 57]LogModuleManager: Shutting down and abandoning module Core (47)
[2014.11.20-04.42.01:205][ 57]LogModuleManager: Shutting down and abandoning module KismetCompiler (46)
[2014.11.20-04.42.01:205][ 57]LogModuleManager: Shutting down and abandoning module PhysXFormats (45)
[2014.11.20-04.42.01:205][ 57]LogModuleManager: Shutting down and abandoning module MeshUtilities (44)
[2014.11.20-04.42.01:205][ 57]LogModuleManager: Shutting down and abandoning module DerivedDataCache (43)
[2014.11.20-04.42.01:276][ 57]LogDerivedDataCache: Shutdown
[2014.11.20-04.42.01:276][ 57]LogModuleManager: Shutting down and abandoning module ShaderFormatOpenGL (42)
[2014.11.20-04.42.01:277][ 57]LogModuleManager: Shutting down and abandoning module ShaderFormatD3D (41)
[2014.11.20-04.42.01:277][ 57]LogModuleManager: Shutting down and abandoning module MetalShaderFormat (40)
[2014.11.20-04.42.01:277][ 57]LogModuleManager: Shutting down and abandoning module TextureFormatUncompressed (39)
[2014.11.20-04.42.01:277][ 57]LogModuleManager: Shutting down and abandoning module TextureFormatPVR (38)
[2014.11.20-04.42.01:277][ 57]LogModuleManager: Shutting down and abandoning module TextureFormatDXT (37)
[2014.11.20-04.42.01:277][ 57]LogModuleManager: Shutting down and abandoning module TextureFormatAndroid (36)
[2014.11.20-04.42.01:278][ 57]LogModuleManager: Shutting down and abandoning module AudioFormatOpus (35)
[2014.11.20-04.42.01:278][ 57]LogModuleManager: Shutting down and abandoning module AudioFormatOgg (34)
[2014.11.20-04.42.01:278][ 57]LogModuleManager: Shutting down and abandoning module AudioFormatADPCM (33)
[2014.11.20-04.42.01:278][ 57]LogModuleManager: Shutting down and abandoning module Messaging (32)
[2014.11.20-04.42.01:278][ 57]LogModuleManager: Shutting down and abandoning module IOSTargetPlatform (31)
[2014.11.20-04.42.01:278][ 57]LogModuleManager: Shutting down and abandoning module Android_PVRTCTargetPlatform (30)
[2014.11.20-04.42.01:278][ 57]LogModuleManager: Shutting down and abandoning module Android_ETC2TargetPlatform (29)
[2014.11.20-04.42.01:278][ 57]LogModuleManager: Shutting down and abandoning module Android_ETC1TargetPlatform (28)
[2014.11.20-04.42.01:278][ 57]LogModuleManager: Shutting down and abandoning module Android_DXTTargetPlatform (27)
[2014.11.20-04.42.01:278][ 57]LogModuleManager: Shutting down and abandoning module Android_ATCTargetPlatform (26)
[2014.11.20-04.42.01:278][ 57]LogModuleManager: Shutting down and abandoning module AndroidTargetPlatform (25)
[2014.11.20-04.42.01:278][ 57]LogModuleManager: Shutting down and abandoning module WindowsTargetPlatform (24)
[2014.11.20-04.42.01:278][ 57]LogModuleManager: Shutting down and abandoning module WindowsServerTargetPlatform (23)
[2014.11.20-04.42.01:278][ 57]LogModuleManager: Shutting down and abandoning module WindowsNoEditorTargetPlatform (22)
[2014.11.20-04.42.01:278][ 57]LogModuleManager: Shutting down and abandoning module WindowsClientTargetPlatform (21)
[2014.11.20-04.42.01:278][ 57]LogModuleManager: Shutting down and abandoning module TargetPlatform (20)
[2014.11.20-04.42.01:278][ 57]LogModuleManager: Shutting down and abandoning module InputCore (19)
[2014.11.20-04.42.01:278][ 57]LogModuleManager: Shutting down and abandoning module Settings (18)
[2014.11.20-04.42.01:278][ 57]LogModuleManager: Shutting down and abandoning module ImageWrapper (17)
[2014.11.20-04.42.01:278][ 57]LogModuleManager: Shutting down and abandoning module OculusRift (14)
[2014.11.20-04.42.01:278][ 57]LogModuleManager: Shutting down and abandoning module ExampleDeviceProfileSelector (13)
[2014.11.20-04.42.01:278][ 57]LogModuleManager: Shutting down and abandoning module TextureCompressor (12)
[2014.11.20-04.42.01:278][ 57]LogModuleManager: Shutting down and abandoning module ShaderCore (11)
[2014.11.20-04.42.01:278][ 57]LogModuleManager: Shutting down and abandoning module SlateRHIRenderer (10)
[2014.11.20-04.42.01:279][ 57]LogModuleManager: Shutting down and abandoning module OpenGLDrv (9)
[2014.11.20-04.42.01:279][ 57]LogModuleManager: Shutting down and abandoning module D3D11RHI (8)
[2014.11.20-04.42.01:279][ 57]LogModuleManager: Shutting down and abandoning module Renderer (7)
[2014.11.20-04.42.01:279][ 57]LogModuleManager: Shutting down and abandoning module Engine (6)
[2014.11.20-04.42.01:279][ 57]LogModuleManager: Shutting down and abandoning module CoreUObject (5)
[2014.11.20-04.42.01:279][ 57]LogModuleManager: Shutting down and abandoning module NetworkFile (4)
[2014.11.20-04.42.01:279][ 57]LogModuleManager: Shutting down and abandoning module StreamingFile (3)
[2014.11.20-04.42.01:279][ 57]LogModuleManager: Shutting down and abandoning module SandboxFile (2)
[2014.11.20-04.42.01:279][ 57]LogModuleManager: Shutting down and abandoning module PakFile (1)
[2014.11.20-04.42.01:280][ 57]LogExit: Exiting.
[2014.11.20-04.42.01:286][ 57]Log file closed, 11/19/14 20:42:01
