Log file open, 11/09/14 15:53:52
LogInit:Display: Running engine for game: Trial_third_person
LogInit: Version: 4.5.1-2336687+++depot+UE4-Releases+4.5
LogInit: API Version: 2326478
LogInit: Compiled (64-bit): Oct 21 2014 22:32:40
LogInit: Compiled with Visual C++: 18.00.21005.01
LogInit: Build Configuration: Development
LogInit: Branch Name: ++depot+UE4-Releases+4.5
LogInit: Command line:  
LogInit: Base directory: C:/Program Files/Epic Games/4.5/Engine/Binaries/Win64/
LogInit: Rocket: 1
[2014.11.09-23.53.52:441][  0]LogTaskGraph: Started task graph with 3 named threads and 4 total threads.
[2014.11.09-23.53.52:471][  0]LogOnline:Warning: No default platform service specified for OnlineSubsystem
[2014.11.09-23.53.52:940][  0]LogInit: Presizing for 0 objects not considered by GC, pre-allocating 0 bytes.
[2014.11.09-23.53.52:954][  0]LogInit: Object subsystem initialized
[2014.11.09-23.53.52:959][  0]LogConsoleResponse:Warning: Skipping Unknown console variable: 'UIScaleRule = ShortestSide'
[2014.11.09-23.53.52:959][  0]LogConsoleResponse:Warning:   Found in ini file 'C:/Users/Jeremy/Documents/GitHub/Study-Session/Trial_third_person/Saved/Config/Windows/Engine.ini', in section '[/Script/Engine.RendererSettings]'
[2014.11.09-23.53.52:959][  0]LogConsoleResponse:Warning: Skipping Unknown console variable: 'UIScaleCurve = (EditorCurveData=(Keys=((Time=480.000000,Value=0.444000),(Time=720.000000,Value=0.666000),(Time=1080.000000,Value=1.000000),(Time=8640.000000,Value=8.000000))),ExternalCurve=None)'
[2014.11.09-23.53.52:959][  0]LogConsoleResponse:Warning:   Found in ini file 'C:/Users/Jeremy/Documents/GitHub/Study-Session/Trial_third_person/Saved/Config/Windows/Engine.ini', in section '[/Script/Engine.RendererSettings]'
[2014.11.09-23.53.52:959][  0]LogInit: Selected Device Profile: [Windows]
[2014.11.09-23.53.52:959][  0]LogInit: Applying CVar settings loaded from the selected device profile: [Windows]
[2014.11.09-23.53.52:975][  0]LogInit: Computer: BRIANA-DESKTOP
[2014.11.09-23.53.52:975][  0]LogInit: User: Jeremy
[2014.11.09-23.53.52:977][  0]LogInit: CPU Page size=4096, Cores=4
[2014.11.09-23.53.52:977][  0]LogInit: High frequency timer resolution =14.318180 MHz
[2014.11.09-23.53.52:977][  0]LogMemory: Memory total: Physical=8.0GB (8GB approx) Virtual=8192.0GB
[2014.11.09-23.53.52:977][  0]LogMemory: Platform Memory Stats for Windows
[2014.11.09-23.53.52:977][  0]LogMemory: Process Physical Memory: 63.05 MB used, 63.05 MB peak
[2014.11.09-23.53.52:977][  0]LogMemory: Process Virtual Memory: 38.46 MB used, 38.46 MB peak
[2014.11.09-23.53.52:977][  0]LogMemory: Physical Memory: 3347.09 MB used, 8183.89 MB total
[2014.11.09-23.53.52:977][  0]LogMemory: Virtual Memory: 271.60 MB used, 8388608.00 MB total
[2014.11.09-23.53.53:016][  0]LogD3D11RHI: Found D3D11 adapter 0: NVIDIA GeForce GTX 550 Ti (Feature Level 11_0)
[2014.11.09-23.53.53:016][  0]LogD3D11RHI: Adapter has 977MB of dedicated video memory, 0MB of dedicated system memory, and 3071MB of shared system memory, 2 output[s]
[2014.11.09-23.53.53:016][  0]LogD3D11RHI: Chosen D3D11 Adapter Id = 0
[2014.11.09-23.53.53:026][  0]LogRHI: Texture pool is 684 MB (70% of 977 MB)
[2014.11.09-23.53.53:036][  0]LogD3D11RHI: Async texture creation enabled
[2014.11.09-23.53.53:908][  0]LogTextLocalizationManager: The requested culture ('en_US') has no localization data; parent culture's ('en') localization data will be used.
[2014.11.09-23.53.54:114][  0]LogContentStreaming: Texture pool size is 0.000000MB
[2014.11.09-23.54.04:830][  0]LogTargetPlatformManager:Display: Building Assets For Windows
[2014.11.09-23.54.06:919][  0]LogTargetPlatformManager:Display: Building Assets For Windows
[2014.11.09-23.54.07:037][  0]LogDerivedDataCache:Display: Max Cache Size: 512 MB
[2014.11.09-23.54.08:562][  0]LogDerivedDataCache: Loaded boot cache 1.52s 39MB C:/Users/Jeremy/AppData/Local/UnrealEngine/4.5/DerivedDataCache/Boot.ddc.
[2014.11.09-23.54.08:562][  0]LogDerivedDataCache:Display: Loaded Boot cache: C:/Users/Jeremy/AppData/Local/UnrealEngine/4.5/DerivedDataCache/Boot.ddc
[2014.11.09-23.54.08:562][  0]LogDerivedDataCache: FDerivedDataBackendGraph:  Pak pak cache file ../../../../../../Users/Jeremy/Documents/GitHub/Study-Session/Trial_third_person/DerivedDataCache/DDC.ddp not found, will not use a pak cache.
[2014.11.09-23.54.08:562][  0]LogDerivedDataCache: Unable to find inner node Pak for hierarchical cache Hierarchy.
[2014.11.09-23.54.08:693][  0]LogDerivedDataCache:Display: Pak cache opened for reading ../../../Engine/DerivedDataCache/DDC.ddp.
[2014.11.09-23.54.08:705][  0]LogDerivedDataCache: Using Local data cache path C:/Users/Jeremy/AppData/Local/UnrealEngine/Common/DerivedDataCache: Writable
[2014.11.09-23.54.17:850][  0]LogMeshUtilities: No automatic mesh reduction module available
[2014.11.09-23.54.17:850][  0]LogMeshUtilities: No automatic mesh merging module available
[2014.11.09-23.54.18:634][  0]LogLinker:Warning: Asset '../../../Engine/Content/Functions/Engine_MaterialFunctions02/Texturing/FlipBook.uasset' has been saved with empty engine version. The asset will be loaded but may be incompatible.
[2014.11.09-23.54.18:664][  0]LogLinker:Warning: Asset '../../../Engine/Content/Functions/Engine_MaterialFunctions02/ExampleContent/Textures/flipbook.uasset' has been saved with empty engine version. The asset will be loaded but may be incompatible.
[2014.11.09-23.54.19:975][  0]LogInit: WinSock: version 1.1 (2.2), MaxSocks=32767, MaxUdp=65467
[2014.11.09-23.54.22:289][  0]UdpMessaging: Initializing bridge on interface 0.0.0.0:0 to multicast group 230.0.0.1:6666.
[2014.11.09-23.54.22:490][  0]LogDirectoryWatcher:Warning: Failed to begin reading directory changes for C:/Users/Jeremy/Documents/GitHub/Study-Session/Trial_third_person/Binaries/Win64. Error: 0
[2014.11.09-23.54.22:995][  0]SourceControl: Info Source control is disabled
[2014.11.09-23.54.22:995][  0]SourceControl: Info Source control is disabled
[2014.11.09-23.54.23:003][  0]SourceControl: Info Source control is disabled
[2014.11.09-23.54.23:181][  0]LogObj: 22915 objects as part of root set at end of initial load.
[2014.11.09-23.54.23:182][  0]LogUObjectAllocator: 4803536 out of 0 bytes used by permanent object pool.
[2014.11.09-23.54.23:260][  0]LogEngine: Initializing Engine...
[2014.11.09-23.54.23:784][  0]LogInit: XAudio2 using 'Speakers (Realtek High Definition Audio)' : 2 channels at 48 kHz using 32 bits per sample (channel mask 0x3)
[2014.11.09-23.54.23:889][  0]LogInit: FAudioDevice initialized.
[2014.11.09-23.54.23:914][  0]LogAIModule: Creating AISystem for world NewWorld
[2014.11.09-23.54.23:953][  0]LogDerivedDataCache: Saved boot cache 0.04s 39MB C:/Users/Jeremy/AppData/Local/UnrealEngine/4.5/DerivedDataCache/Boot.ddc.
[2014.11.09-23.54.23:969][  0]LogInit: Texture streaming: Enabled
[2014.11.09-23.54.24:025][  0]LogInit: Transaction tracking system initialized
[2014.11.09-23.54.24:138][  0]BlueprintLog: New page: Editor Load
[2014.11.09-23.54.24:169][  0]LogAssetRegistry: FAssetRegistry took 0.0099 seconds to start up
[2014.11.09-23.54.24:169][  0]LogDirectoryWatcher:Warning: Failed to begin reading directory changes for ../../../Engine/Plugins/Experimental/CharacterAI/Content/. Error: 0
[2014.11.09-23.54.24:835][  0]LogTargetPlatformManager:Display: Building Assets For Windows
[2014.11.09-23.54.25:281][  0]LogTargetPlatformManager:Display: Building Assets For Windows
[2014.11.09-23.54.25:538][  0]LogConsoleResponse:Display: 
[2014.11.09-23.54.26:821][  0]SourceControl: Info Source control is disabled
[2014.11.09-23.54.26:821][  0]Cmd: MAP LOAD FILE="../../../../../../Users/Jeremy/Documents/GitHub/Study-Session/Trial_third_person/Content/Maps/Example_Map.umap" TEMPLATE=0 SHOWPROGRESS=1
[2014.11.09-23.54.26:824][  0]LightingResults: New page: Lighting Build
[2014.11.09-23.54.26:836][  0]MapCheck: New page: Map Check
[2014.11.09-23.54.26:836][  0]LightingResults: New page: Lighting Build
[2014.11.09-23.54.26:859][  0]LogParticles: Destroying 0 GPU particle simulations for FXSystem 0x0000000017785A80
[2014.11.09-23.54.28:356][  0]LogEditorServer: Finished looking for orphan Actors (0.000 secs)
[2014.11.09-23.54.28:356][  0]LogAIModule: Creating AISystem for world Example_Map
[2014.11.09-23.54.28:356][  0]Cmd: MAP CHECKDEP
[2014.11.09-23.54.28:357][  0]MapCheck: New page: Example_Map - Nov 9, 2014, 7:54:28 AM
[2014.11.09-23.54.28:472][  0]MapCheck: Info Map check complete: 0 Error(s), 0 Warning(s), took 115.829ms to complete.
[2014.11.09-23.54.28:472][  0]LogFileHelpers: Loading map 'Example_Map' took 1.652
[2014.11.09-23.54.28:569][  0]LogCollectionManager: Loaded 0 collections in 0.001184 seconds
[2014.11.09-23.54.28:777][  0]LogCrashTracker: Crashtracker disabled due to settings.
[2014.11.09-23.54.28:800][  0]LogUObjectGlobals:Warning: Failed to find object 'Class None.'
[2014.11.09-23.54.28:832][  0]LogLoad: Full Startup: 43.06 seconds (BP compile: 0.09 seconds)
[2014.11.09-23.54.29:178][  0]LogContentBrowser:Verbose: The content browser source was changed by the sources view to '/Game/UMG'
[2014.11.09-23.54.29:415][  0]LogRenderer:Warning: Reallocating scene render targets to support 1136x904.
[2014.11.09-23.54.30:604][  4]LogAssetRegistry: Asset discovery search completed in 6.4446 seconds
[2014.11.10-00.07.41:545][257]LogFileHelpers: Editor autosave (incl. sublevels) for '/Game/Maps/Example_Map' took 0.044
[2014.11.10-00.07.41:567][257]OBJ SavePackage: Generating thumbnails for [0] asset(s) in package [/Game/UMG/GameHUD] ([1] browsable assets)...
[2014.11.10-00.07.41:652][257]OBJ SavePackage: Finished generating thumbnails for package [/Game/UMG/GameHUD]
[2014.11.10-00.07.41:803][257]LogSavePackage: Save=42.345116ms
[2014.11.10-00.07.41:803][257]LogSavePackage: Moving '../../../../../../Users/Jeremy/Documents/GitHub/Study-Session/Trial_third_person/Saved/GameHUD_Auto1CDEBE1DD4A79AE3A9E3E33B9324928BC.tmp' to '../../../../../../Users/Jeremy/Documents/GitHub/Study-Session/Trial_third_person/Saved/Autosaves/Game/UMG/GameHUD_Auto1.uasset'
[2014.11.10-00.07.41:812][257]LogFileHelpers: Auto-saving content packages took 0.267
[2014.11.10-00.07.51:257][289]BlueprintLog: New page: Compile GameHUD
[2014.11.10-00.07.51:375][289]BlueprintEditorCompileResults: Info [0845.50] Compile of GameHUD successful! [in 0 ms]
[2014.11.10-00.07.52:006][311]Cmd: OBJ SAVEPACKAGE PACKAGE="/Game/UMG/GameHUD" FILE="../../../../../../Users/Jeremy/Documents/GitHub/Study-Session/Trial_third_person/Content/UMG/GameHUD.uasset" SILENT=true
[2014.11.10-00.07.52:030][311]LogSavePackage: Save=17.269514ms
[2014.11.10-00.07.52:030][311]LogSavePackage: Moving '../../../../../../Users/Jeremy/Documents/GitHub/Study-Session/Trial_third_person/Saved/GameHUDFC790F7340986A1904FE0EBAC9184C34.tmp' to '../../../../../../Users/Jeremy/Documents/GitHub/Study-Session/Trial_third_person/Content/UMG/GameHUD.uasset'
[2014.11.10-00.07.55:828][562]LogContentBrowser:Verbose: The content browser source was changed by the sources view to '/Game/Character'
[2014.11.10-00.08.02:316][ 38]LogContentBrowser:Verbose: The content browser source was changed by the sources view to '/Game/Blueprints'
[2014.11.10-00.10.41:593][506]LogActorComponent: UnregisterComponent: (/Engine/Transient.CharacterMovementComponent_0) Not registered. Aborting.
[2014.11.10-00.10.51:309][873]LogActorComponent: UnregisterComponent: (/Engine/Transient.CharacterMovementComponent_1) Not registered. Aborting.
[2014.11.10-00.10.55:523][ 16]LogActorComponent: UnregisterComponent: (/Engine/Transient.CharacterMovementComponent_2) Not registered. Aborting.
[2014.11.10-00.11.16:341][821]LogActorComponent: UnregisterComponent: (/Engine/Transient.CharacterMovementComponent_3) Not registered. Aborting.
[2014.11.10-00.11.25:608][165]LogActorComponent: UnregisterComponent: (/Engine/Transient.CharacterMovementComponent_4) Not registered. Aborting.
[2014.11.10-00.11.30:984][354]LogActorComponent: UnregisterComponent: (/Engine/Transient.CharacterMovementComponent_5) Not registered. Aborting.
[2014.11.10-00.11.35:472][514]LogActorComponent: UnregisterComponent: (/Engine/Transient.CharacterMovementComponent_6) Not registered. Aborting.
[2014.11.10-00.11.38:079][604]LogActorComponent: UnregisterComponent: (/Engine/Transient.CharacterMovementComponent_7) Not registered. Aborting.
[2014.11.10-00.11.45:537][887]LogActorComponent: UnregisterComponent: (/Engine/Transient.CharacterMovementComponent_8) Not registered. Aborting.
[2014.11.10-00.11.49:800][ 36]BlueprintLog: New page: Compile MyCharacter
[2014.11.10-00.11.49:979][ 36]LogActorComponent: UnregisterComponent: (/Engine/Transient.CharacterMovementComponent_9) Not registered. Aborting.
[2014.11.10-00.11.50:139][ 36]BlueprintEditorCompileResults: Info [1084.15] Compile of MyCharacter successful! [in 75 ms]
[2014.11.10-00.11.54:088][180]Cmd: OBJ SAVEPACKAGE PACKAGE="/Game/Blueprints/MyCharacter" FILE="../../../../../../Users/Jeremy/Documents/GitHub/Study-Session/Trial_third_person/Content/Blueprints/MyCharacter.uasset" SILENT=true
[2014.11.10-00.11.54:511][180]LogSavePackage: Save=411.026550ms
[2014.11.10-00.11.54:511][180]LogSavePackage: Moving '../../../../../../Users/Jeremy/Documents/GitHub/Study-Session/Trial_third_person/Saved/MyCharacter9EFC2F3649E4FC1D0E7106B699843334.tmp' to '../../../../../../Users/Jeremy/Documents/GitHub/Study-Session/Trial_third_person/Content/Blueprints/MyCharacter.uasset'
[2014.11.10-00.12.37:321][848]LogSlate:Warning: GetFontFace failed to load or process 'Roboto-Regular'
[2014.11.10-00.12.37:321][848]LogSlate:Warning: GetFontFace failed to load or process 'Roboto-Regular'
[2014.11.10-00.12.37:329][848]LogSlate:Warning: GetFontFace failed to load or process 'Roboto-Regular'
[2014.11.10-00.12.37:330][848]LogSlate:Warning: GetFontFace failed to load or process 'Roboto-Regular'
[2014.11.10-00.12.37:330][848]LogSlate:Warning: GetFontFace failed to load or process 'Roboto-Regular'
[2014.11.10-00.12.37:330][848]LogSlate:Warning: GetFontFace failed to load or process 'Roboto-Regular'
[2014.11.10-00.12.37:330][848]LogSlate:Warning: GetFontFace failed to load or process 'Roboto-Regular'
[2014.11.10-00.12.37:330][848]LogSlate:Warning: GetFontFace failed to load or process 'Roboto-Regular'
[2014.11.10-00.12.37:330][848]LogSlate:Warning: GetFontFace failed to load or process 'Roboto-Regular'
[2014.11.10-00.12.37:330][848]LogSlate:Warning: GetFontFace failed to load or process 'Roboto-Regular'
[2014.11.10-00.12.37:330][848]LogSlate:Warning: GetFontFace failed to load or process 'Roboto-Regular'
[2014.11.10-00.12.37:330][848]LogSlate:Warning: GetFontFace failed to load or process 'Roboto-Regular'
[2014.11.10-00.12.37:330][848]LogSlate:Warning: GetFontFace failed to load or process 'Roboto-Regular'
[2014.11.10-00.12.37:330][848]LogSlate:Warning: GetFontFace failed to load or process 'Roboto-Regular'
[2014.11.10-00.12.37:331][848]LogSlate:Warning: GetFontFace failed to load or process 'Roboto-Regular'
[2014.11.10-00.12.37:331][848]LogSlate:Warning: GetFontFace failed to load or process 'Roboto-Regular'
[2014.11.10-00.12.37:331][848]LogSlate:Warning: GetFontFace failed to load or process 'Roboto-Regular'
[2014.11.10-00.12.52:954][409]LogActorComponent: UnregisterComponent: (/Engine/Transient.CharacterMovementComponent_10) Not registered. Aborting.
[2014.11.10-00.12.59:299][636]LogActorComponent: UnregisterComponent: (/Engine/Transient.CharacterMovementComponent_11) Not registered. Aborting.
[2014.11.10-00.13.02:797][751]LogActorComponent: UnregisterComponent: (/Engine/Transient.CharacterMovementComponent_12) Not registered. Aborting.
[2014.11.10-00.13.13:059][131]LogSlate:Warning: GetFontFace failed to load or process 'Roboto-Regular'
[2014.11.10-00.13.13:059][131]LogSlate:Warning: GetFontFace failed to load or process 'Roboto-Regular'
[2014.11.10-00.13.13:059][131]LogSlate:Warning: GetFontFace failed to load or process 'Roboto-Regular'
[2014.11.10-00.13.13:059][131]LogSlate:Warning: GetFontFace failed to load or process 'Roboto-Regular'
[2014.11.10-00.13.13:059][131]LogSlate:Warning: GetFontFace failed to load or process 'Roboto-Regular'
[2014.11.10-00.13.13:059][131]LogSlate:Warning: GetFontFace failed to load or process 'Roboto-Regular'
[2014.11.10-00.13.13:059][131]LogSlate:Warning: GetFontFace failed to load or process 'Roboto-Regular'
[2014.11.10-00.13.13:059][131]LogSlate:Warning: GetFontFace failed to load or process 'Roboto-Regular'
[2014.11.10-00.13.13:060][131]LogSlate:Warning: GetFontFace failed to load or process 'Roboto-Regular'
[2014.11.10-00.13.52:612][775]LogSlate:Warning: GetFontFace failed to load or process 'Roboto-Regular'
[2014.11.10-00.13.52:612][775]LogSlate:Warning: GetFontFace failed to load or process 'Roboto-Regular'
[2014.11.10-00.13.52:612][775]LogSlate:Warning: GetFontFace failed to load or process 'Roboto-Regular'
[2014.11.10-00.14.03:653][109]LogActorComponent: UnregisterComponent: (/Engine/Transient.CharacterMovementComponent_13) Not registered. Aborting.
[2014.11.10-00.15.26:457][981]LogSlate:Warning: GetFontFace failed to load or process 'Roboto-Regular'
[2014.11.10-00.17.42:897][795]LogActorComponent: UnregisterComponent: (/Engine/Transient.CharacterMovementComponent_14) Not registered. Aborting.
[2014.11.10-00.17.42:944][795]LogFileHelpers: Editor autosave (incl. sublevels) for '/Game/Maps/Example_Map' took 0.047
[2014.11.10-00.17.42:960][795]OBJ SavePackage: Generating thumbnails for [1] asset(s) in package [/Game/Blueprints/MyCharacter] ([1] browsable assets)...
[2014.11.10-00.17.43:025][795]OBJ SavePackage:     Rendered thumbnail for [Blueprint /Game/Blueprints/MyCharacter.MyCharacter]
[2014.11.10-00.17.43:025][795]OBJ SavePackage: Finished generating thumbnails for package [/Game/Blueprints/MyCharacter]
[2014.11.10-00.17.43:573][795]LogSavePackage: Save=495.539307ms
[2014.11.10-00.17.43:573][795]LogSavePackage: Moving '../../../../../../Users/Jeremy/Documents/GitHub/Study-Session/Trial_third_person/Saved/MyCharacter_Auto27C8C2C93420681D543032DA4128FA21C.tmp' to '../../../../../../Users/Jeremy/Documents/GitHub/Study-Session/Trial_third_person/Saved/Autosaves/Game/Blueprints/MyCharacter_Auto2.uasset'
[2014.11.10-00.17.43:585][795]LogFileHelpers: Auto-saving content packages took 0.642
[2014.11.10-00.19.51:406][918]LogActorComponent: UnregisterComponent: (/Engine/Transient.CharacterMovementComponent_15) Not registered. Aborting.
[2014.11.10-00.19.59:846][185]LogActorComponent: UnregisterComponent: (/Engine/Transient.CharacterMovementComponent_16) Not registered. Aborting.
[2014.11.10-00.21.12:442][591]BlueprintLog: New page: Compile MyCharacter
[2014.11.10-00.21.12:638][591]LogActorComponent: UnregisterComponent: (/Engine/Transient.CharacterMovementComponent_17) Not registered. Aborting.
[2014.11.10-00.21.12:797][591]BlueprintEditorCompileResults: Info [1646.81] Compile of MyCharacter successful! [in 79 ms]
[2014.11.10-00.21.14:565][643]Cmd: OBJ SAVEPACKAGE PACKAGE="/Game/Blueprints/MyCharacter" FILE="../../../../../../Users/Jeremy/Documents/GitHub/Study-Session/Trial_third_person/Content/Blueprints/MyCharacter.uasset" SILENT=true
[2014.11.10-00.21.14:990][643]LogSavePackage: Save=417.973663ms
[2014.11.10-00.21.14:990][643]LogSavePackage: Moving '../../../../../../Users/Jeremy/Documents/GitHub/Study-Session/Trial_third_person/Saved/MyCharacterA26CACC044568BFDBEF16C9CB71F315B.tmp' to '../../../../../../Users/Jeremy/Documents/GitHub/Study-Session/Trial_third_person/Content/Blueprints/MyCharacter.uasset'
[2014.11.10-00.21.20:236][877]BlueprintLog: New page: Pre-PIE auto-recompile
[2014.11.10-00.21.20:236][877]LogPlayLevel: [PIE] Compiling Tutorial_BP_MacroLib before PIE...
[2014.11.10-00.21.20:312][877]LogActorComponent: UnregisterComponent: (/Engine/Transient.CharacterMovementComponent_18) Not registered. Aborting.
[2014.11.10-00.21.20:346][877]LogParticles: Destroying 0 GPU particle simulations for FXSystem 0x000000001F2AC720
[2014.11.10-00.21.20:350][877]LogPlayLevel: PIE:  Blueprint regeneration took 113 ms (1 blueprints)
[2014.11.10-00.21.20:350][877]PIE: New page: PIE session: Example_Map (Nov 9, 2014, 8:21:20 AM)
[2014.11.10-00.21.20:418][877]LogPlayLevel: PIE: StaticDuplicateObject took: (0.068207s)
[2014.11.10-00.21.20:420][877]LogPlayLevel: PIE: World Init took: (0.001304s)
[2014.11.10-00.21.20:420][877]LogPlayLevel: PIE: Created PIE world by copying editor world from /Game/Maps/Example_Map.Example_Map to /Game/Maps/UEDPIE_0_Example_Map.Example_Map (0.069762s)
[2014.11.10-00.21.20:502][877]LogWorld: Game class is 'MyGame_C'
[2014.11.10-00.21.20:506][877]LogAIModule: Creating AISystem for world Example_Map
[2014.11.10-00.21.20:508][877]LogWorld: Bringing World /Game/Maps/UEDPIE_0_Example_Map.Example_Map up for play (max tick rate 0) at 2014.11.09-16.21.20
[2014.11.10-00.21.20:508][877]LogWorld: Bringing up level for play took: 0.001717
[2014.11.10-00.21.20:511][877]PIE: Info Play in editor start time for /Game/Maps/UEDPIE_0_Example_Map 0.205
[2014.11.10-00.21.27:561][146]LogBlueprintUserMessages: -0.475899
[2014.11.10-00.21.32:766][360]LogBlueprintUserMessages: -1.694443
[2014.11.10-00.21.34:835][445]LogBlueprintUserMessages: -2.898098
[2014.11.10-00.21.37:467][554]LogBlueprintUserMessages: -4.126683
[2014.11.10-00.21.41:805][733]LogBlueprintUserMessages: -4.859671
[2014.11.10-00.21.44:371][838]LogBlueprintUserMessages: -6.349553
[2014.11.10-00.21.48:214][996]LogBlueprintUserMessages: -7.573109
[2014.11.10-00.21.52:683][176]LogParticles: Destroying 0 GPU particle simulations for FXSystem 0x00000000268262A0
[2014.11.10-00.22.58:974][461]BlueprintLog: New page: Compile MyCharacter
[2014.11.10-00.22.59:175][461]LogActorComponent: UnregisterComponent: (/Engine/Transient.CharacterMovementComponent_19) Not registered. Aborting.
[2014.11.10-00.22.59:289][461]BlueprintEditorCompileResults: Info [1753.35] Compile of MyCharacter successful! [in 82 ms]
[2014.11.10-00.23.00:748][505]Cmd: OBJ SAVEPACKAGE PACKAGE="/Game/Blueprints/MyCharacter" FILE="../../../../../../Users/Jeremy/Documents/GitHub/Study-Session/Trial_third_person/Content/Blueprints/MyCharacter.uasset" SILENT=true
[2014.11.10-00.23.01:194][505]LogSavePackage: Save=434.696106ms
[2014.11.10-00.23.01:194][505]LogSavePackage: Moving '../../../../../../Users/Jeremy/Documents/GitHub/Study-Session/Trial_third_person/Saved/MyCharacterE739F31843667C9ABBF97BA9E2B8E952.tmp' to '../../../../../../Users/Jeremy/Documents/GitHub/Study-Session/Trial_third_person/Content/Blueprints/MyCharacter.uasset'
[2014.11.10-00.23.05:152][731]LogPlayLevel: PIE:  No blueprints needed recompiling
[2014.11.10-00.23.05:152][731]PIE: New page: PIE session: Example_Map (Nov 9, 2014, 8:23:05 AM)
[2014.11.10-00.23.05:203][731]LogPlayLevel: PIE: StaticDuplicateObject took: (0.050562s)
[2014.11.10-00.23.05:204][731]LogPlayLevel: PIE: World Init took: (0.001222s)
[2014.11.10-00.23.05:204][731]LogPlayLevel: PIE: Created PIE world by copying editor world from /Game/Maps/Example_Map.Example_Map to /Game/Maps/UEDPIE_0_Example_Map.Example_Map (0.052071s)
[2014.11.10-00.23.05:238][731]LogWorld: Game class is 'MyGame_C'
[2014.11.10-00.23.05:241][731]LogAIModule: Creating AISystem for world Example_Map
[2014.11.10-00.23.05:242][731]LogWorld: Bringing World /Game/Maps/UEDPIE_0_Example_Map.Example_Map up for play (max tick rate 0) at 2014.11.09-16.23.05
[2014.11.10-00.23.05:243][731]LogWorld: Bringing up level for play took: 0.001662
[2014.11.10-00.23.05:245][731]PIE: Info Play in editor start time for /Game/Maps/UEDPIE_0_Example_Map 0.942
[2014.11.10-00.23.09:856][908]LogBlueprintUserMessages: NoFallDamage
[2014.11.10-00.23.12:080][998]LogBlueprintUserMessages: NoFallDamage
[2014.11.10-00.23.18:325][253]LogBlueprintUserMessages: -0.573059
[2014.11.10-00.23.22:317][414]LogActorComponent: UnregisterComponent: (/Engine/Transient.CharacterMovementComponent_20) Not registered. Aborting.
[2014.11.10-00.23.22:350][414]LogParticles: Destroying 0 GPU particle simulations for FXSystem 0x0000000019596D40
[2014.11.10-00.23.22:364][414]LogParticles: Destroying 0 GPU particle simulations for FXSystem 0x000000001EDEDD00
[2014.11.10-00.24.42:108][199]BlueprintLog: New page: Compile MyCharacter
[2014.11.10-00.24.42:302][199]LogActorComponent: UnregisterComponent: (/Engine/Transient.CharacterMovementComponent_21) Not registered. Aborting.
[2014.11.10-00.24.42:417][199]BlueprintEditorCompileResults: Info [1856.47] Compile of MyCharacter successful! [in 79 ms]
[2014.11.10-00.24.43:382][224]Cmd: OBJ SAVEPACKAGE PACKAGE="/Game/Blueprints/MyCharacter" FILE="../../../../../../Users/Jeremy/Documents/GitHub/Study-Session/Trial_third_person/Content/Blueprints/MyCharacter.uasset" SILENT=true
[2014.11.10-00.24.43:812][224]LogSavePackage: Save=422.486084ms
[2014.11.10-00.24.43:812][224]LogSavePackage: Moving '../../../../../../Users/Jeremy/Documents/GitHub/Study-Session/Trial_third_person/Saved/MyCharacterA5EB1EEC4E8882C64EFAC2A1A2AD5886.tmp' to '../../../../../../Users/Jeremy/Documents/GitHub/Study-Session/Trial_third_person/Content/Blueprints/MyCharacter.uasset'
[2014.11.10-00.24.48:372][503]LogPlayLevel: PIE:  No blueprints needed recompiling
[2014.11.10-00.24.48:372][503]PIE: New page: PIE session: Example_Map (Nov 9, 2014, 8:24:48 AM)
[2014.11.10-00.24.48:427][503]LogPlayLevel: PIE: StaticDuplicateObject took: (0.054944s)
[2014.11.10-00.24.48:429][503]LogPlayLevel: PIE: World Init took: (0.001773s)
[2014.11.10-00.24.48:429][503]LogPlayLevel: PIE: Created PIE world by copying editor world from /Game/Maps/Example_Map.Example_Map to /Game/Maps/UEDPIE_0_Example_Map.Example_Map (0.056963s)
[2014.11.10-00.24.48:461][503]LogWorld: Game class is 'MyGame_C'
[2014.11.10-00.24.48:464][503]LogAIModule: Creating AISystem for world Example_Map
[2014.11.10-00.24.48:466][503]LogWorld: Bringing World /Game/Maps/UEDPIE_0_Example_Map.Example_Map up for play (max tick rate 0) at 2014.11.09-16.24.48
[2014.11.10-00.24.48:466][503]LogWorld: Bringing up level for play took: 0.001623
[2014.11.10-00.24.48:469][503]PIE: Info Play in editor start time for /Game/Maps/UEDPIE_0_Example_Map 0.165
[2014.11.10-00.24.51:571][631]LogBlueprintUserMessages: NoFallDamage
[2014.11.10-00.24.55:893][812]LogBlueprintUserMessages: 0.984363
[2014.11.10-00.25.05:353][204]LogBlueprintUserMessages: 0.968691
[2014.11.10-00.25.08:444][333]LogBlueprintUserMessages: NoFallDamage
[2014.11.10-00.25.10:394][416]LogBlueprintUserMessages: NoFallDamage
[2014.11.10-00.25.20:386][835]LogBlueprintUserMessages: 0.928504
[2014.11.10-00.25.25:362][ 39]LogActorComponent: UnregisterComponent: (/Engine/Transient.CharacterMovementComponent_22) Not registered. Aborting.
[2014.11.10-00.25.25:398][ 39]LogParticles: Destroying 0 GPU particle simulations for FXSystem 0x000000000CAF5A80
[2014.11.10-00.25.25:411][ 39]LogParticles: Destroying 0 GPU particle simulations for FXSystem 0x000000000CE5C540
[2014.11.10-00.25.40:969][734]BlueprintLog: New page: Compile MyCharacter
[2014.11.10-00.25.41:159][734]LogActorComponent: UnregisterComponent: (/Engine/Transient.CharacterMovementComponent_23) Not registered. Aborting.
[2014.11.10-00.25.41:279][734]BlueprintEditorCompileResults: Info [1915.33] Compile of MyCharacter successful! [in 78 ms]
[2014.11.10-00.25.42:134][755]Cmd: OBJ SAVEPACKAGE PACKAGE="/Game/Blueprints/MyCharacter" FILE="../../../../../../Users/Jeremy/Documents/GitHub/Study-Session/Trial_third_person/Content/Blueprints/MyCharacter.uasset" SILENT=true
[2014.11.10-00.25.42:567][755]LogSavePackage: Save=425.389130ms
[2014.11.10-00.25.42:567][755]LogSavePackage: Moving '../../../../../../Users/Jeremy/Documents/GitHub/Study-Session/Trial_third_person/Saved/MyCharacter01BB6E904FB194F448FADEB226700AF7.tmp' to '../../../../../../Users/Jeremy/Documents/GitHub/Study-Session/Trial_third_person/Content/Blueprints/MyCharacter.uasset'
[2014.11.10-00.25.48:989][ 94]LogPlayLevel: PIE:  No blueprints needed recompiling
[2014.11.10-00.25.48:989][ 94]PIE: New page: PIE session: Example_Map (Nov 9, 2014, 8:25:48 AM)
[2014.11.10-00.25.49:040][ 94]LogPlayLevel: PIE: StaticDuplicateObject took: (0.051006s)
[2014.11.10-00.25.49:042][ 94]LogPlayLevel: PIE: World Init took: (0.002126s)
[2014.11.10-00.25.49:043][ 94]LogPlayLevel: PIE: Created PIE world by copying editor world from /Game/Maps/Example_Map.Example_Map to /Game/Maps/UEDPIE_0_Example_Map.Example_Map (0.053382s)
[2014.11.10-00.25.49:075][ 94]LogWorld: Game class is 'MyGame_C'
[2014.11.10-00.25.49:079][ 94]LogAIModule: Creating AISystem for world Example_Map
[2014.11.10-00.25.49:081][ 94]LogWorld: Bringing World /Game/Maps/UEDPIE_0_Example_Map.Example_Map up for play (max tick rate 0) at 2014.11.09-16.25.49
[2014.11.10-00.25.49:081][ 94]LogWorld: Bringing up level for play took: 0.001585
[2014.11.10-00.25.49:084][ 94]PIE: Info Play in editor start time for /Game/Maps/UEDPIE_0_Example_Map 0.78
[2014.11.10-00.25.55:115][342]LogBlueprintUserMessages: NoFallDamage
[2014.11.10-00.25.58:441][476]LogBlueprintUserMessages: NoFallDamage
[2014.11.10-00.26.00:046][542]LogBlueprintUserMessages: NoFallDamage
[2014.11.10-00.26.02:317][636]LogBlueprintUserMessages: NoFallDamage
[2014.11.10-00.26.03:597][689]LogBlueprintUserMessages: NoFallDamage
[2014.11.10-00.26.07:681][862]LogBlueprintUserMessages: 0.786204
[2014.11.10-00.26.11:977][ 38]LogBlueprintUserMessages: NoFallDamage
[2014.11.10-00.26.15:342][179]LogBlueprintUserMessages: NoFallDamage
[2014.11.10-00.26.22:631][482]LogBlueprintUserMessages: 0.629688
[2014.11.10-00.26.25:714][609]LogBlueprintUserMessages: NoFallDamage
[2014.11.10-00.26.26:845][656]LogBlueprintUserMessages: NoFallDamage
[2014.11.10-00.26.29:196][754]LogBlueprintUserMessages: NoFallDamage
[2014.11.10-00.26.30:247][795]LogActorComponent: UnregisterComponent: (/Engine/Transient.CharacterMovementComponent_24) Not registered. Aborting.
[2014.11.10-00.26.30:284][795]LogParticles: Destroying 0 GPU particle simulations for FXSystem 0x000000001E138400
[2014.11.10-00.26.30:296][795]LogParticles: Destroying 0 GPU particle simulations for FXSystem 0x0000000019C02CA0
[2014.11.10-00.26.41:306][244]BlueprintLog: New page: Compile MyCharacter
[2014.11.10-00.26.41:502][244]LogActorComponent: UnregisterComponent: (/Engine/Transient.CharacterMovementComponent_25) Not registered. Aborting.
[2014.11.10-00.26.41:619][244]BlueprintEditorCompileResults: Info [1975.68] Compile of MyCharacter successful! [in 80 ms]
[2014.11.10-00.26.42:586][269]Cmd: OBJ SAVEPACKAGE PACKAGE="/Game/Blueprints/MyCharacter" FILE="../../../../../../Users/Jeremy/Documents/GitHub/Study-Session/Trial_third_person/Content/Blueprints/MyCharacter.uasset" SILENT=true
[2014.11.10-00.26.43:012][269]LogSavePackage: Save=417.832855ms
[2014.11.10-00.26.43:012][269]LogSavePackage: Moving '../../../../../../Users/Jeremy/Documents/GitHub/Study-Session/Trial_third_person/Saved/MyCharacter80823EEF4D67084CA29FA4AD2DE077E3.tmp' to '../../../../../../Users/Jeremy/Documents/GitHub/Study-Session/Trial_third_person/Content/Blueprints/MyCharacter.uasset'
[2014.11.10-00.26.48:916][576]LogPlayLevel: PIE:  No blueprints needed recompiling
[2014.11.10-00.26.48:917][576]PIE: New page: PIE session: Example_Map (Nov 9, 2014, 8:26:48 AM)
[2014.11.10-00.26.48:969][576]LogPlayLevel: PIE: StaticDuplicateObject took: (0.052639s)
[2014.11.10-00.26.48:971][576]LogPlayLevel: PIE: World Init took: (0.001497s)
[2014.11.10-00.26.48:971][576]LogPlayLevel: PIE: Created PIE world by copying editor world from /Game/Maps/Example_Map.Example_Map to /Game/Maps/UEDPIE_0_Example_Map.Example_Map (0.054371s)
[2014.11.10-00.26.49:005][576]LogWorld: Game class is 'MyGame_C'
[2014.11.10-00.26.49:008][576]LogAIModule: Creating AISystem for world Example_Map
[2014.11.10-00.26.49:010][576]LogWorld: Bringing World /Game/Maps/UEDPIE_0_Example_Map.Example_Map up for play (max tick rate 0) at 2014.11.09-16.26.49
[2014.11.10-00.26.49:010][576]LogWorld: Bringing up level for play took: 0.001691
[2014.11.10-00.26.49:012][576]PIE: Info Play in editor start time for /Game/Maps/UEDPIE_0_Example_Map 0.709
[2014.11.10-00.26.55:917][857]LogBlueprintUserMessages: 0.218371
[2014.11.10-00.26.59:788][ 15]LogBlueprintUserMessages: NoFallDamage
[2014.11.10-00.27.05:748][262]LogBlueprintUserMessages: -0.780095
[2014.11.10-00.27.06:812][303]LogActorComponent: UnregisterComponent: (/Engine/Transient.CharacterMovementComponent_26) Not registered. Aborting.
[2014.11.10-00.27.06:845][303]LogParticles: Destroying 0 GPU particle simulations for FXSystem 0x00000000257C4A40
[2014.11.10-00.27.06:856][303]LogParticles: Destroying 0 GPU particle simulations for FXSystem 0x000000000B700900
[2014.11.10-00.27.16:993][763]BlueprintLog: New page: Compile MyCharacter
[2014.11.10-00.27.17:183][763]LogActorComponent: UnregisterComponent: (/Engine/Transient.CharacterMovementComponent_27) Not registered. Aborting.
[2014.11.10-00.27.17:300][763]BlueprintEditorCompileResults: Info [2011.36] Compile of MyCharacter successful! [in 78 ms]
[2014.11.10-00.27.18:452][794]Cmd: OBJ SAVEPACKAGE PACKAGE="/Game/Blueprints/MyCharacter" FILE="../../../../../../Users/Jeremy/Documents/GitHub/Study-Session/Trial_third_person/Content/Blueprints/MyCharacter.uasset" SILENT=true
[2014.11.10-00.27.18:886][794]LogSavePackage: Save=424.965729ms
[2014.11.10-00.27.18:886][794]LogSavePackage: Moving '../../../../../../Users/Jeremy/Documents/GitHub/Study-Session/Trial_third_person/Saved/MyCharacter080D62CF4FE64E69EC71BC8A446C256B.tmp' to '../../../../../../Users/Jeremy/Documents/GitHub/Study-Session/Trial_third_person/Content/Blueprints/MyCharacter.uasset'
[2014.11.10-00.27.21:834][943]LogPlayLevel: PIE:  No blueprints needed recompiling
[2014.11.10-00.27.21:835][943]PIE: New page: PIE session: Example_Map (Nov 9, 2014, 8:27:21 AM)
[2014.11.10-00.27.21:882][943]LogPlayLevel: PIE: StaticDuplicateObject took: (0.047700s)
[2014.11.10-00.27.21:884][943]LogPlayLevel: PIE: World Init took: (0.001192s)
[2014.11.10-00.27.21:884][943]LogPlayLevel: PIE: Created PIE world by copying editor world from /Game/Maps/Example_Map.Example_Map to /Game/Maps/UEDPIE_0_Example_Map.Example_Map (0.049209s)
[2014.11.10-00.27.21:918][943]LogWorld: Game class is 'MyGame_C'
[2014.11.10-00.27.21:921][943]LogAIModule: Creating AISystem for world Example_Map
[2014.11.10-00.27.21:923][943]LogWorld: Bringing World /Game/Maps/UEDPIE_0_Example_Map.Example_Map up for play (max tick rate 0) at 2014.11.09-16.27.21
[2014.11.10-00.27.21:923][943]LogWorld: Bringing up level for play took: 0.001567
[2014.11.10-00.27.21:926][943]PIE: Info Play in editor start time for /Game/Maps/UEDPIE_0_Example_Map -0.378
[2014.11.10-00.27.28:039][190]LogBlueprintUserMessages: 0.688376
[2014.11.10-00.27.30:280][280]LogBlueprintUserMessages: NoFallDamage
[2014.11.10-00.27.31:061][312]LogBlueprintUserMessages: 0.22566
[2014.11.10-00.27.38:549][624]LogBlueprintUserMessages: 0.088867
[2014.11.10-00.27.41:987][763]LogBlueprintUserMessages: NoFallDamage
[2014.11.10-00.27.43:944][844]LogBlueprintUserMessages: NoFallDamage
[2014.11.10-00.27.46:337][944]LogBlueprintUserMessages: NoFallDamage
[2014.11.10-00.27.46:942][969]LogBlueprintUserMessages: NoFallDamage
[2014.11.10-00.27.50:919][138]LogBlueprintUserMessages: 0.00981
[2014.11.10-00.27.52:436][198]LogActorComponent: UnregisterComponent: (/Engine/Transient.CharacterMovementComponent_28) Not registered. Aborting.
[2014.11.10-00.27.52:472][198]LogParticles: Destroying 0 GPU particle simulations for FXSystem 0x0000000022B85DA0
[2014.11.10-00.27.52:473][198]LogParticles: Destroying 0 GPU particle simulations for FXSystem 0x0000000013C3F2E0
[2014.11.10-00.28.08:102][823]BlueprintLog: New page: Compile MyCharacter
[2014.11.10-00.28.08:301][823]LogActorComponent: UnregisterComponent: (/Engine/Transient.CharacterMovementComponent_29) Not registered. Aborting.
[2014.11.10-00.28.08:415][823]BlueprintEditorCompileResults: Info [2062.47] Compile of MyCharacter successful! [in 84 ms]
[2014.11.10-00.28.12:454][958]Cmd: OBJ SAVEPACKAGE PACKAGE="/Game/Blueprints/MyCharacter" FILE="../../../../../../Users/Jeremy/Documents/GitHub/Study-Session/Trial_third_person/Content/Blueprints/MyCharacter.uasset" SILENT=true
[2014.11.10-00.28.12:896][958]LogSavePackage: Save=428.142059ms
[2014.11.10-00.28.12:896][958]LogSavePackage: Moving '../../../../../../Users/Jeremy/Documents/GitHub/Study-Session/Trial_third_person/Saved/MyCharacter593E54594B2791D3375B4EBE957B106E.tmp' to '../../../../../../Users/Jeremy/Documents/GitHub/Study-Session/Trial_third_person/Content/Blueprints/MyCharacter.uasset'
[2014.11.10-00.28.17:713][169]LogPlayLevel: PIE:  No blueprints needed recompiling
[2014.11.10-00.28.17:713][169]PIE: New page: PIE session: Example_Map (Nov 9, 2014, 8:28:17 AM)
[2014.11.10-00.28.17:884][169]LogPlayLevel: PIE: StaticDuplicateObject took: (0.049910s)
[2014.11.10-00.28.17:885][169]LogPlayLevel: PIE: World Init took: (0.001077s)
[2014.11.10-00.28.17:885][169]LogPlayLevel: PIE: Created PIE world by copying editor world from /Game/Maps/Example_Map.Example_Map to /Game/Maps/UEDPIE_0_Example_Map.Example_Map (0.051318s)
[2014.11.10-00.28.17:921][169]LogWorld: Game class is 'MyGame_C'
[2014.11.10-00.28.17:925][169]LogAIModule: Creating AISystem for world Example_Map
[2014.11.10-00.28.17:927][169]LogWorld: Bringing World /Game/Maps/UEDPIE_0_Example_Map.Example_Map up for play (max tick rate 0) at 2014.11.09-16.28.17
[2014.11.10-00.28.17:928][169]LogWorld: Bringing up level for play took: 0.002461
[2014.11.10-00.28.17:930][169]PIE: Info Play in editor start time for /Game/Maps/UEDPIE_0_Example_Map -0.373
[2014.11.10-00.28.26:041][507]LogBlueprintUserMessages: 0.897377
[2014.11.10-00.28.29:551][650]LogBlueprintUserMessages: NoFallDamage
[2014.11.10-00.28.32:141][756]LogBlueprintUserMessages: NoFallDamage
[2014.11.10-00.28.33:416][809]LogBlueprintUserMessages: NoFallDamage
[2014.11.10-00.28.34:844][869]LogBlueprintUserMessages: NoFallDamage
[2014.11.10-00.28.38:470][ 22]LogBlueprintUserMessages: NoFallDamage
[2014.11.10-00.28.42:279][179]LogBlueprintUserMessages: NoFallDamage
[2014.11.10-00.28.46:157][342]LogBlueprintUserMessages: NoFallDamage
[2014.11.10-00.28.48:844][453]LogBlueprintUserMessages: NoFallDamage
[2014.11.10-00.28.49:987][501]LogBlueprintUserMessages: NoFallDamage
[2014.11.10-00.28.51:316][556]LogBlueprintUserMessages: NoFallDamage
[2014.11.10-00.28.53:343][642]LogBlueprintUserMessages: NoFallDamage
[2014.11.10-00.28.55:746][743]LogBlueprintUserMessages: NoFallDamage
[2014.11.10-00.29.00:253][929]LogBlueprintUserMessages: NoFallDamage
[2014.11.10-00.29.01:852][994]LogBlueprintUserMessages: NoFallDamage
[2014.11.10-00.29.03:043][ 41]LogActorComponent: UnregisterComponent: (/Engine/Transient.CharacterMovementComponent_30) Not registered. Aborting.
[2014.11.10-00.29.03:079][ 41]LogParticles: Destroying 0 GPU particle simulations for FXSystem 0x000000001D5CFBA0
[2014.11.10-00.29.03:080][ 41]LogParticles: Destroying 0 GPU particle simulations for FXSystem 0x000000001672BCE0
[2014.11.10-00.31.26:305][938]LogActorComponent: UnregisterComponent: (/Engine/Transient.CharacterMovementComponent_31) Not registered. Aborting.
[2014.11.10-00.31.26:343][938]LogFileHelpers: Editor autosave (incl. sublevels) for '/Game/Maps/Example_Map' took 0.039
[2014.11.10-00.33.37:032][966]LogContentBrowser:Verbose: The content browser source was changed by the sources view to '/Game/UMG'
[2014.11.10-00.41.26:772][382]LogActorComponent: UnregisterComponent: (/Engine/Transient.CharacterMovementComponent_32) Not registered. Aborting.
[2014.11.10-00.41.26:815][382]LogParticles: Destroying 0 GPU particle simulations for FXSystem 0x0000000027037C40
[2014.11.10-00.41.26:822][382]LogFileHelpers: Editor autosave (incl. sublevels) for '/Game/Maps/Example_Map' took 0.051
[2014.11.10-00.41.26:837][382]OBJ SavePackage: Generating thumbnails for [0] asset(s) in package [/Game/UMG/GameHUD] ([1] browsable assets)...
[2014.11.10-00.41.26:856][382]OBJ SavePackage: Finished generating thumbnails for package [/Game/UMG/GameHUD]
[2014.11.10-00.41.26:959][382]LogSavePackage: Save=37.439117ms
[2014.11.10-00.41.26:959][382]LogSavePackage: Moving '../../../../../../Users/Jeremy/Documents/GitHub/Study-Session/Trial_third_person/Saved/GameHUD_Auto3D9C11F0D414D10DD3019C799ADC8111D.tmp' to '../../../../../../Users/Jeremy/Documents/GitHub/Study-Session/Trial_third_person/Saved/Autosaves/Game/UMG/GameHUD_Auto3.uasset'
[2014.11.10-00.41.26:978][382]LogFileHelpers: Auto-saving content packages took 0.157
[2014.11.10-00.43.33:976][484]LogSlate:Warning: GetFontFace failed to load or process 'Roboto-Regular'
[2014.11.10-00.43.33:976][484]LogSlate:Warning: GetFontFace failed to load or process 'Roboto-Regular'
[2014.11.10-00.44.55:452][900]LogSlate:Warning: GetFontFace failed to load or process 'Roboto-Regular'
[2014.11.10-00.44.55:452][900]LogSlate:Warning: GetFontFace failed to load or process 'Roboto-Regular'
[2014.11.10-00.45.15:119][845]BlueprintLog: New page: Compile GameHUD
[2014.11.10-00.45.15:307][845]BlueprintEditorCompileResults: Info [3089.39] Compile of GameHUD successful! [in 1 ms]
[2014.11.10-00.45.16:222][886]Cmd: OBJ SAVEPACKAGE PACKAGE="/Game/UMG/GameHUD" FILE="../../../../../../Users/Jeremy/Documents/GitHub/Study-Session/Trial_third_person/Content/UMG/GameHUD.uasset" SILENT=true
[2014.11.10-00.45.16:250][886]LogSavePackage: Save=20.732313ms
[2014.11.10-00.45.16:250][886]LogSavePackage: Moving '../../../../../../Users/Jeremy/Documents/GitHub/Study-Session/Trial_third_person/Saved/GameHUD9E46C3B94C00394BD383BE86E8098A87.tmp' to '../../../../../../Users/Jeremy/Documents/GitHub/Study-Session/Trial_third_person/Content/UMG/GameHUD.uasset'
[2014.11.10-00.45.52:012][930]LogContentBrowser:Verbose: The content browser source was changed by the sources view to '/Game/Blueprints'
[2014.11.10-00.46.19:955][134]LogActorComponent: UnregisterComponent: (/Engine/Transient.CharacterMovementComponent_33) Not registered. Aborting.
[2014.11.10-00.47.04:106][847]LogSlate:Warning: GetFontFace failed to load or process 'Roboto-Regular'
[2014.11.10-00.47.04:106][847]LogSlate:Warning: GetFontFace failed to load or process 'Roboto-Regular'
[2014.11.10-00.47.04:106][847]LogSlate:Warning: GetFontFace failed to load or process 'Roboto-Regular'
[2014.11.10-00.47.04:106][847]LogSlate:Warning: GetFontFace failed to load or process 'Roboto-Regular'
[2014.11.10-00.47.04:106][847]LogSlate:Warning: GetFontFace failed to load or process 'Roboto-Regular'
[2014.11.10-00.47.05:762][901]LogActorComponent: UnregisterComponent: (/Engine/Transient.CharacterMovementComponent_34) Not registered. Aborting.
[2014.11.10-00.47.46:327][939]LogActorComponent: UnregisterComponent: (/Engine/Transient.CharacterMovementComponent_35) Not registered. Aborting.
[2014.11.10-00.48.20:311][169]BlueprintLog: New page: Compile MyCharacter
[2014.11.10-00.48.20:521][169]LogActorComponent: UnregisterComponent: (/Engine/Transient.CharacterMovementComponent_36) Not registered. Aborting.
[2014.11.10-00.48.20:654][169]BlueprintEditorCompileResults: Info [3274.70] Compile of MyCharacter successful! [in 84 ms]
[2014.11.10-00.48.21:668][195]Cmd: OBJ SAVEPACKAGE PACKAGE="/Game/Blueprints/MyCharacter" FILE="../../../../../../Users/Jeremy/Documents/GitHub/Study-Session/Trial_third_person/Content/Blueprints/MyCharacter.uasset" SILENT=true
[2014.11.10-00.48.22:140][195]LogSavePackage: Save=457.885559ms
[2014.11.10-00.48.22:140][195]LogSavePackage: Moving '../../../../../../Users/Jeremy/Documents/GitHub/Study-Session/Trial_third_person/Saved/MyCharacterD99424044A33D062A61DDE93EBACC889.tmp' to '../../../../../../Users/Jeremy/Documents/GitHub/Study-Session/Trial_third_person/Content/Blueprints/MyCharacter.uasset'
[2014.11.10-00.48.27:159][410]BlueprintLog: New page: Pre-PIE auto-recompile
[2014.11.10-00.48.27:159][410]LogPlayLevel: [PIE] Compiling GameHUD before PIE...
[2014.11.10-00.48.27:271][410]LogPlayLevel: [PIE] Compiling MyCharacter before PIE...
[2014.11.10-00.48.27:421][410]LogActorComponent: UnregisterComponent: (/Engine/Transient.CharacterMovementComponent_37) Not registered. Aborting.
[2014.11.10-00.48.27:458][410]LogParticles: Destroying 0 GPU particle simulations for FXSystem 0x000000002732AA20
[2014.11.10-00.48.27:464][410]LogPlayLevel: PIE:  Blueprint regeneration took 304 ms (2 blueprints)
[2014.11.10-00.48.27:464][410]PIE: New page: PIE session: Example_Map (Nov 9, 2014, 8:48:27 AM)
[2014.11.10-00.48.27:525][410]LogPlayLevel: PIE: StaticDuplicateObject took: (0.060435s)
[2014.11.10-00.48.27:527][410]LogPlayLevel: PIE: World Init took: (0.002188s)
[2014.11.10-00.48.27:527][410]LogPlayLevel: PIE: Created PIE world by copying editor world from /Game/Maps/Example_Map.Example_Map to /Game/Maps/UEDPIE_0_Example_Map.Example_Map (0.062881s)
[2014.11.10-00.48.27:560][410]LogWorld: Game class is 'MyGame_C'
[2014.11.10-00.48.27:564][410]LogAIModule: Creating AISystem for world Example_Map
[2014.11.10-00.48.27:565][410]LogWorld: Bringing World /Game/Maps/UEDPIE_0_Example_Map.Example_Map up for play (max tick rate 0) at 2014.11.09-16.48.27
[2014.11.10-00.48.27:565][410]LogWorld: Bringing up level for play took: 0.001665
[2014.11.10-00.48.27:569][410]PIE: Info Play in editor start time for /Game/Maps/UEDPIE_0_Example_Map 1.28
[2014.11.10-00.48.33:825][655]LogBlueprintUserMessages: 0.663154
[2014.11.10-00.48.34:553][684]LogBlueprintUserMessages: 0.289891
[2014.11.10-00.48.37:568][805]LogBlueprintUserMessages: NoFallDamage
[2014.11.10-00.48.42:169][990]LogBlueprintUserMessages: -0.464127
[2014.11.10-00.48.44:632][ 91]LogBlueprintUserMessages: NoFallDamage
[2014.11.10-00.48.51:323][365]LogBlueprintUserMessages: NoFallDamage
[2014.11.10-00.48.52:444][408]LogActorComponent: UnregisterComponent: (/Engine/Transient.CharacterMovementComponent_38) Not registered. Aborting.
[2014.11.10-00.48.52:490][408]LogParticles: Destroying 0 GPU particle simulations for FXSystem 0x000000002CA556C0
[2014.11.10-00.49.29:146][565]LogActorComponent: UnregisterComponent: (/Engine/Transient.CharacterMovementComponent_39) Not registered. Aborting.
[2014.11.10-00.49.30:196][598]LogActorComponent: UnregisterComponent: (/Engine/Transient.CharacterMovementComponent_40) Not registered. Aborting.
[2014.11.10-00.49.51:846][296]BlueprintLog: New page: Compile MyCharacter
[2014.11.10-00.49.52:074][296]LogActorComponent: UnregisterComponent: (/Engine/Transient.CharacterMovementComponent_41) Not registered. Aborting.
[2014.11.10-00.49.52:195][296]BlueprintEditorCompileResults: Info [3366.26] Compile of MyCharacter successful! [in 109 ms]
[2014.11.10-00.49.53:194][318]Cmd: OBJ SAVEPACKAGE PACKAGE="/Game/Blueprints/MyCharacter" FILE="../../../../../../Users/Jeremy/Documents/GitHub/Study-Session/Trial_third_person/Content/Blueprints/MyCharacter.uasset" SILENT=true
[2014.11.10-00.49.53:640][318]LogSavePackage: Save=438.455170ms
[2014.11.10-00.49.53:640][318]LogSavePackage: Moving '../../../../../../Users/Jeremy/Documents/GitHub/Study-Session/Trial_third_person/Saved/MyCharacterCBD624964BE35ECC168FACB5BFC427B5.tmp' to '../../../../../../Users/Jeremy/Documents/GitHub/Study-Session/Trial_third_person/Content/Blueprints/MyCharacter.uasset'
[2014.11.10-00.49.56:164][441]BlueprintLog: New page: Pre-PIE auto-recompile
[2014.11.10-00.49.56:164][441]LogPlayLevel: [PIE] Compiling GameHUD before PIE...
[2014.11.10-00.49.56:281][441]LogPlayLevel: [PIE] Compiling MyCharacter before PIE...
[2014.11.10-00.49.56:427][441]LogActorComponent: UnregisterComponent: (/Engine/Transient.CharacterMovementComponent_42) Not registered. Aborting.
[2014.11.10-00.49.56:463][441]LogParticles: Destroying 0 GPU particle simulations for FXSystem 0x0000000016728180
[2014.11.10-00.49.56:468][441]LogPlayLevel: PIE:  Blueprint regeneration took 304 ms (2 blueprints)
[2014.11.10-00.49.56:468][441]PIE: New page: PIE session: Example_Map (Nov 9, 2014, 8:49:56 AM)
[2014.11.10-00.49.56:531][441]LogPlayLevel: PIE: StaticDuplicateObject took: (0.062259s)
[2014.11.10-00.49.56:533][441]LogPlayLevel: PIE: World Init took: (0.001377s)
[2014.11.10-00.49.56:533][441]LogPlayLevel: PIE: Created PIE world by copying editor world from /Game/Maps/Example_Map.Example_Map to /Game/Maps/UEDPIE_0_Example_Map.Example_Map (0.063965s)
[2014.11.10-00.49.56:567][441]LogWorld: Game class is 'MyGame_C'
[2014.11.10-00.49.56:571][441]LogAIModule: Creating AISystem for world Example_Map
[2014.11.10-00.49.56:572][441]LogWorld: Bringing World /Game/Maps/UEDPIE_0_Example_Map.Example_Map up for play (max tick rate 0) at 2014.11.09-16.49.56
[2014.11.10-00.49.56:573][441]LogWorld: Bringing up level for play took: 0.001801
[2014.11.10-00.49.56:575][441]PIE: Info Play in editor start time for /Game/Maps/UEDPIE_0_Example_Map 0.287
[2014.11.10-00.50.18:780][332]LogActorComponent: UnregisterComponent: (/Engine/Transient.CharacterMovementComponent_43) Not registered. Aborting.
[2014.11.10-00.50.18:848][332]LogParticles: Destroying 0 GPU particle simulations for FXSystem 0x00000000249D0AE0
[2014.11.10-01.02.16:535][894]LogActorComponent: UnregisterComponent: (/Engine/Transient.CharacterMovementComponent_44) Not registered. Aborting.
[2014.11.10-01.02.16:587][894]LogFileHelpers: Editor autosave (incl. sublevels) for '/Game/Maps/Example_Map' took 0.052
[2014.11.10-01.02.16:605][894]OBJ SavePackage: Generating thumbnails for [1] asset(s) in package [/Game/Blueprints/MyCharacter] ([1] browsable assets)...
[2014.11.10-01.02.16:681][894]OBJ SavePackage:     Rendered thumbnail for [Blueprint /Game/Blueprints/MyCharacter.MyCharacter]
[2014.11.10-01.02.16:681][894]OBJ SavePackage: Finished generating thumbnails for package [/Game/Blueprints/MyCharacter]
[2014.11.10-01.02.17:215][894]LogSavePackage: Save=444.414246ms
[2014.11.10-01.02.17:215][894]LogSavePackage: Moving '../../../../../../Users/Jeremy/Documents/GitHub/Study-Session/Trial_third_person/Saved/MyCharacter_Auto4597FF97B43E22140BE0C3BBD000136DA.tmp' to '../../../../../../Users/Jeremy/Documents/GitHub/Study-Session/Trial_third_person/Saved/Autosaves/Game/Blueprints/MyCharacter_Auto4.uasset'
[2014.11.10-01.02.17:226][894]LogFileHelpers: Auto-saving content packages took 0.639
[2014.11.10-01.07.49:385][716]BlueprintLog: New page: Compile MyCharacter
[2014.11.10-01.07.49:605][716]LogActorComponent: UnregisterComponent: (/Engine/Transient.CharacterMovementComponent_45) Not registered. Aborting.
[2014.11.10-01.07.49:736][716]BlueprintEditorCompileResults: Info [4443.80] Compile of MyCharacter successful! [in 91 ms]
[2014.11.10-01.07.50:699][738]Cmd: OBJ SAVEPACKAGE PACKAGE="/Game/Blueprints/MyCharacter" FILE="../../../../../../Users/Jeremy/Documents/GitHub/Study-Session/Trial_third_person/Content/Blueprints/MyCharacter.uasset" SILENT=true
[2014.11.10-01.07.51:134][738]LogSavePackage: Save=421.391968ms
[2014.11.10-01.07.51:134][738]LogSavePackage: Moving '../../../../../../Users/Jeremy/Documents/GitHub/Study-Session/Trial_third_person/Saved/MyCharacter2BBC8C6F4A53166B7F390FB07CF0D559.tmp' to '../../../../../../Users/Jeremy/Documents/GitHub/Study-Session/Trial_third_person/Content/Blueprints/MyCharacter.uasset'
[2014.11.10-01.08.02:485][167]BlueprintLog: New page: Pre-PIE auto-recompile
[2014.11.10-01.08.02:485][167]LogPlayLevel: [PIE] Compiling GameHUD before PIE...
[2014.11.10-01.08.02:670][167]LogActorComponent: UnregisterComponent: (/Engine/Transient.CharacterMovementComponent_46) Not registered. Aborting.
[2014.11.10-01.08.02:737][167]LogPlayLevel: [PIE] Compiling MyCharacter before PIE...
[2014.11.10-01.08.03:053][167]LogPlayLevel: PIE:  Blueprint regeneration took 567 ms (2 blueprints)
[2014.11.10-01.08.03:053][167]PIE: New page: PIE session: Example_Map (Nov 9, 2014, 9:08:03 AM)
[2014.11.10-01.08.03:109][167]LogPlayLevel: PIE: StaticDuplicateObject took: (0.055524s)
[2014.11.10-01.08.03:111][167]LogPlayLevel: PIE: World Init took: (0.001772s)
[2014.11.10-01.08.03:111][167]LogPlayLevel: PIE: Created PIE world by copying editor world from /Game/Maps/Example_Map.Example_Map to /Game/Maps/UEDPIE_0_Example_Map.Example_Map (0.057616s)
[2014.11.10-01.08.03:148][167]LogWorld: Game class is 'MyGame_C'
[2014.11.10-01.08.03:151][167]LogAIModule: Creating AISystem for world Example_Map
[2014.11.10-01.08.03:152][167]LogWorld: Bringing World /Game/Maps/UEDPIE_0_Example_Map.Example_Map up for play (max tick rate 0) at 2014.11.09-17.08.03
[2014.11.10-01.08.03:152][167]LogWorld: Bringing up level for play took: 0.001638
[2014.11.10-01.08.03:156][167]PIE: Info Play in editor start time for /Game/Maps/UEDPIE_0_Example_Map 0.881
[2014.11.10-01.08.17:528][671]LogActorComponent: UnregisterComponent: (/Engine/Transient.CharacterMovementComponent_47) Not registered. Aborting.
[2014.11.10-01.08.17:576][671]LogParticles: Destroying 0 GPU particle simulations for FXSystem 0x000000000DE25EE0
[2014.11.10-01.09.22:004][697]BlueprintLog: New page: Compile MyCharacter
[2014.11.10-01.09.22:200][697]LogActorComponent: UnregisterComponent: (/Engine/Transient.CharacterMovementComponent_48) Not registered. Aborting.
[2014.11.10-01.09.22:324][697]BlueprintEditorCompileResults: Info [4536.40] Compile of MyCharacter successful! [in 82 ms]
[2014.11.10-01.09.23:352][719]Cmd: OBJ SAVEPACKAGE PACKAGE="/Game/Blueprints/MyCharacter" FILE="../../../../../../Users/Jeremy/Documents/GitHub/Study-Session/Trial_third_person/Content/Blueprints/MyCharacter.uasset" SILENT=true
[2014.11.10-01.09.23:782][719]LogSavePackage: Save=421.165619ms
[2014.11.10-01.09.23:782][719]LogSavePackage: Moving '../../../../../../Users/Jeremy/Documents/GitHub/Study-Session/Trial_third_person/Saved/MyCharacterE8628CC8474AE851AE024FA16B839229.tmp' to '../../../../../../Users/Jeremy/Documents/GitHub/Study-Session/Trial_third_person/Content/Blueprints/MyCharacter.uasset'
[2014.11.10-01.09.26:295][831]BlueprintLog: New page: Pre-PIE auto-recompile
[2014.11.10-01.09.26:295][831]LogPlayLevel: [PIE] Compiling GameHUD before PIE...
[2014.11.10-01.09.26:406][831]LogPlayLevel: [PIE] Compiling MyCharacter before PIE...
[2014.11.10-01.09.26:545][831]LogActorComponent: UnregisterComponent: (/Engine/Transient.CharacterMovementComponent_49) Not registered. Aborting.
[2014.11.10-01.09.26:581][831]LogParticles: Destroying 0 GPU particle simulations for FXSystem 0x000000000582F060
[2014.11.10-01.09.26:587][831]LogPlayLevel: PIE:  Blueprint regeneration took 291 ms (2 blueprints)
[2014.11.10-01.09.26:587][831]PIE: New page: PIE session: Example_Map (Nov 9, 2014, 9:09:26 AM)
[2014.11.10-01.09.26:640][831]LogPlayLevel: PIE: StaticDuplicateObject took: (0.052881s)
[2014.11.10-01.09.26:642][831]LogPlayLevel: PIE: World Init took: (0.001271s)
[2014.11.10-01.09.26:642][831]LogPlayLevel: PIE: Created PIE world by copying editor world from /Game/Maps/Example_Map.Example_Map to /Game/Maps/UEDPIE_0_Example_Map.Example_Map (0.054418s)
[2014.11.10-01.09.26:677][831]LogWorld: Game class is 'MyGame_C'
[2014.11.10-01.09.26:680][831]LogAIModule: Creating AISystem for world Example_Map
[2014.11.10-01.09.26:681][831]LogWorld: Bringing World /Game/Maps/UEDPIE_0_Example_Map.Example_Map up for play (max tick rate 0) at 2014.11.09-17.09.26
[2014.11.10-01.09.26:682][831]LogWorld: Bringing up level for play took: 0.001848
[2014.11.10-01.09.26:684][831]PIE: Info Play in editor start time for /Game/Maps/UEDPIE_0_Example_Map 0.409
[2014.11.10-01.10.00:529][219]LogActorComponent: UnregisterComponent: (/Engine/Transient.CharacterMovementComponent_50) Not registered. Aborting.
[2014.11.10-01.10.00:581][219]LogParticles: Destroying 0 GPU particle simulations for FXSystem 0x000000003BBB9EE0
[2014.11.10-01.11.17:318][650]BlueprintLog: New page: Compile MyCharacter
[2014.11.10-01.11.17:525][650]LogActorComponent: UnregisterComponent: (/Engine/Transient.CharacterMovementComponent_51) Not registered. Aborting.
[2014.11.10-01.11.17:648][650]BlueprintEditorCompileResults: Info [4651.72] Compile of MyCharacter successful! [in 89 ms]
[2014.11.10-01.11.18:604][670]Cmd: OBJ SAVEPACKAGE PACKAGE="/Game/Blueprints/MyCharacter" FILE="../../../../../../Users/Jeremy/Documents/GitHub/Study-Session/Trial_third_person/Content/Blueprints/MyCharacter.uasset" SILENT=true
[2014.11.10-01.11.19:027][670]LogSavePackage: Save=414.346100ms
[2014.11.10-01.11.19:027][670]LogSavePackage: Moving '../../../../../../Users/Jeremy/Documents/GitHub/Study-Session/Trial_third_person/Saved/MyCharacterF773C36541F53A0887F1CB97F8B6B77B.tmp' to '../../../../../../Users/Jeremy/Documents/GitHub/Study-Session/Trial_third_person/Content/Blueprints/MyCharacter.uasset'
[2014.11.10-01.11.22:940][844]BlueprintLog: New page: Pre-PIE auto-recompile
[2014.11.10-01.11.22:940][844]LogPlayLevel: [PIE] Compiling GameHUD before PIE...
[2014.11.10-01.11.23:053][844]LogPlayLevel: [PIE] Compiling MyCharacter before PIE...
[2014.11.10-01.11.23:197][844]LogActorComponent: UnregisterComponent: (/Engine/Transient.CharacterMovementComponent_52) Not registered. Aborting.
[2014.11.10-01.11.23:236][844]LogParticles: Destroying 0 GPU particle simulations for FXSystem 0x0000000036A4FD80
[2014.11.10-01.11.23:241][844]LogPlayLevel: PIE:  Blueprint regeneration took 301 ms (2 blueprints)
[2014.11.10-01.11.23:242][844]PIE: New page: PIE session: Example_Map (Nov 9, 2014, 9:11:23 AM)
[2014.11.10-01.11.23:299][844]LogPlayLevel: PIE: StaticDuplicateObject took: (0.056997s)
[2014.11.10-01.11.23:300][844]LogPlayLevel: PIE: World Init took: (0.001437s)
[2014.11.10-01.11.23:301][844]LogPlayLevel: PIE: Created PIE world by copying editor world from /Game/Maps/Example_Map.Example_Map to /Game/Maps/UEDPIE_0_Example_Map.Example_Map (0.058721s)
[2014.11.10-01.11.23:335][844]LogWorld: Game class is 'MyGame_C'
[2014.11.10-01.11.23:338][844]LogAIModule: Creating AISystem for world Example_Map
[2014.11.10-01.11.23:339][844]LogWorld: Bringing World /Game/Maps/UEDPIE_0_Example_Map.Example_Map up for play (max tick rate 0) at 2014.11.09-17.11.23
[2014.11.10-01.11.23:340][844]LogWorld: Bringing up level for play took: 0.001542
[2014.11.10-01.11.23:343][844]PIE: Info Play in editor start time for /Game/Maps/UEDPIE_0_Example_Map 1.067
[2014.11.10-01.12.00:149][356]LogActorComponent: UnregisterComponent: (/Engine/Transient.CharacterMovementComponent_53) Not registered. Aborting.
[2014.11.10-01.12.00:196][356]LogParticles: Destroying 0 GPU particle simulations for FXSystem 0x000000002E1B2CA0
[2014.11.10-01.12.23:082][141]LogActorComponent: UnregisterComponent: (/Engine/Transient.CharacterMovementComponent_54) Not registered. Aborting.
[2014.11.10-01.12.25:402][205]BlueprintLog: New page: Compile MyCharacter
[2014.11.10-01.12.25:616][205]LogActorComponent: UnregisterComponent: (/Engine/Transient.CharacterMovementComponent_55) Not registered. Aborting.
[2014.11.10-01.12.25:785][205]BlueprintEditorCompileResults: Info [4719.81] Compile of MyCharacter successful! [in 93 ms]
[2014.11.10-01.12.26:689][222]Cmd: OBJ SAVEPACKAGE PACKAGE="/Game/Blueprints/MyCharacter" FILE="../../../../../../Users/Jeremy/Documents/GitHub/Study-Session/Trial_third_person/Content/Blueprints/MyCharacter.uasset" SILENT=true
[2014.11.10-01.12.27:120][222]LogSavePackage: Save=419.752228ms
[2014.11.10-01.12.27:120][222]LogSavePackage: Moving '../../../../../../Users/Jeremy/Documents/GitHub/Study-Session/Trial_third_person/Saved/MyCharacter4F1B20AD497095D92EE6F5BF88954015.tmp' to '../../../../../../Users/Jeremy/Documents/GitHub/Study-Session/Trial_third_person/Content/Blueprints/MyCharacter.uasset'
[2014.11.10-01.12.30:691][403]BlueprintLog: New page: Pre-PIE auto-recompile
[2014.11.10-01.12.30:691][403]LogPlayLevel: [PIE] Compiling GameHUD before PIE...
[2014.11.10-01.12.30:809][403]LogPlayLevel: [PIE] Compiling MyCharacter before PIE...
[2014.11.10-01.12.30:958][403]LogActorComponent: UnregisterComponent: (/Engine/Transient.CharacterMovementComponent_56) Not registered. Aborting.
[2014.11.10-01.12.30:996][403]LogParticles: Destroying 0 GPU particle simulations for FXSystem 0x0000000034DC7920
[2014.11.10-01.12.31:002][403]LogPlayLevel: PIE:  Blueprint regeneration took 311 ms (2 blueprints)
[2014.11.10-01.12.31:002][403]PIE: New page: PIE session: Example_Map (Nov 9, 2014, 9:12:31 AM)
[2014.11.10-01.12.31:065][403]LogPlayLevel: PIE: StaticDuplicateObject took: (0.062776s)
[2014.11.10-01.12.31:067][403]LogPlayLevel: PIE: World Init took: (0.001428s)
[2014.11.10-01.12.31:067][403]LogPlayLevel: PIE: Created PIE world by copying editor world from /Game/Maps/Example_Map.Example_Map to /Game/Maps/UEDPIE_0_Example_Map.Example_Map (0.064478s)
[2014.11.10-01.12.31:101][403]LogWorld: Game class is 'MyGame_C'
[2014.11.10-01.12.31:105][403]LogAIModule: Creating AISystem for world Example_Map
[2014.11.10-01.12.31:106][403]LogWorld: Bringing World /Game/Maps/UEDPIE_0_Example_Map.Example_Map up for play (max tick rate 0) at 2014.11.09-17.12.31
[2014.11.10-01.12.31:107][403]LogWorld: Bringing up level for play took: 0.001689
[2014.11.10-01.12.31:110][403]PIE: Info Play in editor start time for /Game/Maps/UEDPIE_0_Example_Map 0.835
[2014.11.10-01.12.58:168][511]LogActorComponent: UnregisterComponent: (/Engine/Transient.CharacterMovementComponent_57) Not registered. Aborting.
[2014.11.10-01.12.58:217][511]LogParticles: Destroying 0 GPU particle simulations for FXSystem 0x000000003BBE7E20
[2014.11.10-01.14.07:610][648]BlueprintLog: New page: Compile MyCharacter
[2014.11.10-01.14.07:821][648]LogActorComponent: UnregisterComponent: (/Engine/Transient.CharacterMovementComponent_58) Not registered. Aborting.
[2014.11.10-01.14.07:985][648]BlueprintEditorCompileResults: Info [4822.02] Compile of MyCharacter successful! [in 88 ms]
[2014.11.10-01.14.11:727][740]Cmd: OBJ SAVEPACKAGE PACKAGE="/Game/Blueprints/MyCharacter" FILE="../../../../../../Users/Jeremy/Documents/GitHub/Study-Session/Trial_third_person/Content/Blueprints/MyCharacter.uasset" SILENT=true
[2014.11.10-01.14.12:164][740]LogSavePackage: Save=422.328186ms
[2014.11.10-01.14.12:164][740]LogSavePackage: Moving '../../../../../../Users/Jeremy/Documents/GitHub/Study-Session/Trial_third_person/Saved/MyCharacter9CFE5C5C4B5312733EF824874459E63F.tmp' to '../../../../../../Users/Jeremy/Documents/GitHub/Study-Session/Trial_third_person/Content/Blueprints/MyCharacter.uasset'
[2014.11.10-01.14.20:279][ 27]BlueprintLog: New page: Pre-PIE auto-recompile
[2014.11.10-01.14.20:279][ 27]LogPlayLevel: [PIE] Compiling GameHUD before PIE...
[2014.11.10-01.14.20:394][ 27]LogPlayLevel: [PIE] Compiling MyCharacter before PIE...
[2014.11.10-01.14.20:544][ 27]LogActorComponent: UnregisterComponent: (/Engine/Transient.CharacterMovementComponent_59) Not registered. Aborting.
[2014.11.10-01.14.20:582][ 27]LogParticles: Destroying 0 GPU particle simulations for FXSystem 0x0000000039BFAC00
[2014.11.10-01.14.20:587][ 27]LogPlayLevel: PIE:  Blueprint regeneration took 308 ms (2 blueprints)
[2014.11.10-01.14.20:587][ 27]PIE: New page: PIE session: Example_Map (Nov 9, 2014, 9:14:20 AM)
[2014.11.10-01.14.20:650][ 27]LogPlayLevel: PIE: StaticDuplicateObject took: (0.062480s)
[2014.11.10-01.14.20:652][ 27]LogPlayLevel: PIE: World Init took: (0.001473s)
[2014.11.10-01.14.20:652][ 27]LogPlayLevel: PIE: Created PIE world by copying editor world from /Game/Maps/Example_Map.Example_Map to /Game/Maps/UEDPIE_0_Example_Map.Example_Map (0.064248s)
[2014.11.10-01.14.20:688][ 27]LogWorld: Game class is 'MyGame_C'
[2014.11.10-01.14.20:692][ 27]LogAIModule: Creating AISystem for world Example_Map
[2014.11.10-01.14.20:693][ 27]LogWorld: Bringing World /Game/Maps/UEDPIE_0_Example_Map.Example_Map up for play (max tick rate 0) at 2014.11.09-17.14.20
[2014.11.10-01.14.20:694][ 27]LogWorld: Bringing up level for play took: 0.001667
[2014.11.10-01.14.20:696][ 27]PIE: Info Play in editor start time for /Game/Maps/UEDPIE_0_Example_Map 0.421
[2014.11.10-01.15.17:245][345]LogActorComponent: UnregisterComponent: (/Engine/Transient.CharacterMovementComponent_60) Not registered. Aborting.
[2014.11.10-01.15.17:307][345]LogParticles: Destroying 0 GPU particle simulations for FXSystem 0x000000002181FE20
[2014.11.10-01.15.21:881][645]LogContentBrowser:Verbose: The content browser source was changed by the sources view to '/Game/Maps'
[2014.11.10-01.15.23:362][684]LogActorComponent: UnregisterComponent: (/Engine/Transient.CharacterMovementComponent_61) Not registered. Aborting.
[2014.11.10-01.15.23:416][684]Cmd: MAP LOAD FILE="../../../../../../Users/Jeremy/Documents/GitHub/Study-Session/Trial_third_person/Content/Maps/School.umap" TEMPLATE=0 SHOWPROGRESS=1
[2014.11.10-01.15.23:416][684]LightingResults: New page: Lighting Build
[2014.11.10-01.15.23:465][684]LoadErrors: New page: Loading map: School.umap
[2014.11.10-01.15.23:466][684]MapCheck: New page: Map Check
[2014.11.10-01.15.23:466][684]LightingResults: New page: Lighting Build
[2014.11.10-01.15.23:496][684]LogParticles: Destroying 0 GPU particle simulations for FXSystem 0x000000000B702CA0
[2014.11.10-01.15.23:497][684]LogParticles: Destroying 0 GPU particle simulations for FXSystem 0x000000000EF36E80
[2014.11.10-01.15.23:497][684]LogParticles: Destroying 0 GPU particle simulations for FXSystem 0x000000000D6F0EA0
[2014.11.10-01.15.23:534][684]LogEditorServer: Finished looking for orphan Actors (0.000 secs)
[2014.11.10-01.15.23:534][684]LogAIModule: Creating AISystem for world School
[2014.11.10-01.15.23:687][684]Cmd: MAP CHECKDEP
[2014.11.10-01.15.23:688][684]MapCheck: New page: School - Nov 9, 2014, 9:15:23 AM
[2014.11.10-01.15.23:839][684]MapCheck: Info Map check complete: 0 Error(s), 0 Warning(s), took 151.425ms to complete.
[2014.11.10-01.15.23:839][684]LogFileHelpers: Loading map 'School' took 0.439
[2014.11.10-01.15.25:786][810]BlueprintLog: New page: Pre-PIE auto-recompile
[2014.11.10-01.15.25:786][810]LogPlayLevel: [PIE] Compiling GameHUD before PIE...
[2014.11.10-01.15.25:861][810]LogPlayLevel: [PIE] Compiling MyCharacter before PIE...
[2014.11.10-01.15.26:025][810]LogPlayLevel: PIE:  Blueprint regeneration took 239 ms (2 blueprints)
[2014.11.10-01.15.26:025][810]PIE: New page: PIE session: School (Nov 9, 2014, 9:15:26 AM)
[2014.11.10-01.15.26:065][810]LogPlayLevel: PIE: StaticDuplicateObject took: (0.038147s)
[2014.11.10-01.15.26:066][810]LogPlayLevel: PIE: World Init took: (0.000967s)
[2014.11.10-01.15.26:066][810]LogPlayLevel: PIE: Created PIE world by copying editor world from /Game/Maps/School.School to /Game/Maps/UEDPIE_0_School.School (0.039352s)
[2014.11.10-01.15.26:100][810]LogWorld: Game class is 'MyGame_C'
[2014.11.10-01.15.26:103][810]LogAIModule: Creating AISystem for world School
[2014.11.10-01.15.26:107][810]LogWorld: Bringing World /Game/Maps/UEDPIE_0_School.School up for play (max tick rate 0) at 2014.11.09-17.15.26
[2014.11.10-01.15.26:109][810]LogWorld: Bringing up level for play took: 0.005739
[2014.11.10-01.15.26:110][810]LogGameMode: Warning - PATHS NOT DEFINED or NO PLAYERSTART with positive rating
[2014.11.10-01.15.26:113][810]PIE: Info Play in editor start time for /Game/Maps/UEDPIE_0_School -0.163
[2014.11.10-01.16.59:951][535]LogParticles: Destroying 0 GPU particle simulations for FXSystem 0x000000000B820CC0
[2014.11.10-01.17.06:647][ 14]Cmd: QUIT_EDITOR
[2014.11.10-01.17.07:113][ 14]LogExit: Preparing to exit.
[2014.11.10-01.17.07:840][ 14]LogExit: Editor shut down
[2014.11.10-01.17.07:840][ 14]LogExit: Transaction tracking system shut down
[2014.11.10-01.17.07:843][ 14]LogParticles: Destroying 0 GPU particle simulations for FXSystem 0x000000000EF35D00
[2014.11.10-01.17.07:883][ 14]LogParticles: Destroying 0 GPU particle simulations for FXSystem 0x000000000B700C20
[2014.11.10-01.17.07:883][ 14]LogExit: Object subsystem successfully closed.
[2014.11.10-01.17.07:942][ 14]LogModuleManager: Shutting down and abandoning module SequencerWidgets (167)
[2014.11.10-01.17.07:942][ 14]LogModuleManager: Shutting down and abandoning module AndroidDeviceDetection (166)
[2014.11.10-01.17.07:942][ 14]LogModuleManager: Shutting down and abandoning module CrashTracker (165)
[2014.11.10-01.17.07:942][ 14]LogModuleManager: Shutting down and abandoning module SuperSearch (164)
[2014.11.10-01.17.07:942][ 14]LogModuleManager: Shutting down and abandoning module SceneOutliner (163)
[2014.11.10-01.17.07:942][ 14]LogModuleManager: Shutting down and abandoning module EditorWidgets (162)
[2014.11.10-01.17.07:942][ 14]LogModuleManager: Shutting down and abandoning module CollectionManager (161)
[2014.11.10-01.17.07:942][ 14]LogModuleManager: Shutting down and abandoning module StatsViewer (160)
[2014.11.10-01.17.07:942][ 14]LogModuleManager: Shutting down and abandoning module FoliageEdit (159)
[2014.11.10-01.17.07:942][ 14]LogModuleManager: Shutting down and abandoning module LandscapeEditor (158)
[2014.11.10-01.17.07:942][ 14]LogModuleManager: Shutting down and abandoning module MeshPaint (157)
[2014.11.10-01.17.07:942][ 14]LogModuleManager: Shutting down and abandoning module ActorPickerMode (156)
[2014.11.10-01.17.07:942][ 14]LogModuleManager: Shutting down and abandoning module GeometryMode (155)
[2014.11.10-01.17.07:943][ 14]LogModuleManager: Shutting down and abandoning module TextureAlignMode (154)
[2014.11.10-01.17.07:943][ 14]LogModuleManager: Shutting down and abandoning module BspMode (153)
[2014.11.10-01.17.07:943][ 14]LogModuleManager: Shutting down and abandoning module PlacementMode (152)
[2014.11.10-01.17.07:943][ 14]LogModuleManager: Shutting down and abandoning module AutomationWorker (151)
[2014.11.10-01.17.07:943][ 14]LogModuleManager: Shutting down and abandoning module CharacterAI (150)
[2014.11.10-01.17.07:943][ 14]LogModuleManager: Shutting down and abandoning module GameProjectGeneration (149)
[2014.11.10-01.17.07:943][ 14]LogModuleManager: Shutting down and abandoning module IntroTutorials (148)
[2014.11.10-01.17.07:943][ 14]LogModuleManager: Shutting down and abandoning module EditorLiveStreaming (147)
[2014.11.10-01.17.07:943][ 14]LogModuleManager: Shutting down and abandoning module HardwareTargeting (146)
[2014.11.10-01.17.07:943][ 14]LogModuleManager: Shutting down and abandoning module BehaviorTreeEditor (145)
[2014.11.10-01.17.07:943][ 14]LogModuleManager: Shutting down and abandoning module DeviceProfileEditor (144)
[2014.11.10-01.17.07:943][ 14]LogModuleManager: Shutting down and abandoning module UndoHistory (143)
[2014.11.10-01.17.07:943][ 14]LogModuleManager: Shutting down and abandoning module GameplayTagsEditor (142)
[2014.11.10-01.17.07:943][ 14]LogModuleManager: Shutting down and abandoning module UserFeedback (141)
[2014.11.10-01.17.07:943][ 14]LogModuleManager: Shutting down and abandoning module XmlParser (140)
[2014.11.10-01.17.07:943][ 14]LogModuleManager: Shutting down and abandoning module Blutility (139)
[2014.11.10-01.17.07:943][ 14]LogModuleManager: Shutting down and abandoning module IOSPlatformEditor (138)
[2014.11.10-01.17.07:943][ 14]LogModuleManager: Shutting down and abandoning module IOSRuntimeSettings (137)
[2014.11.10-01.17.07:943][ 14]LogModuleManager: Shutting down and abandoning module AndroidPlatformEditor (136)
[2014.11.10-01.17.07:943][ 14]LogModuleManager: Shutting down and abandoning module AndroidRuntimeSettings (135)
[2014.11.10-01.17.07:943][ 14]LogModuleManager: Shutting down and abandoning module ProjectTargetPlatformEditor (134)
[2014.11.10-01.17.07:943][ 14]LogModuleManager: Shutting down and abandoning module ProjectSettingsViewer (133)
[2014.11.10-01.17.07:943][ 14]LogModuleManager: Shutting down and abandoning module InputBindingEditor (132)
[2014.11.10-01.17.07:943][ 14]LogModuleManager: Shutting down and abandoning module EditorSettingsViewer (131)
[2014.11.10-01.17.07:943][ 14]LogModuleManager: Shutting down and abandoning module SettingsEditor (130)
[2014.11.10-01.17.07:944][ 14]LogModuleManager: Shutting down and abandoning module ProjectLauncher (129)
[2014.11.10-01.17.07:944][ 14]LogModuleManager: Shutting down and abandoning module SessionFrontend (128)
[2014.11.10-01.17.07:944][ 14]LogModuleManager: Shutting down and abandoning module ProfilerClient (127)
[2014.11.10-01.17.07:944][ 14]LogModuleManager: Shutting down and abandoning module TargetDeviceServices (126)
[2014.11.10-01.17.07:944][ 14]LogModuleManager: Shutting down and abandoning module DeviceManager (125)
[2014.11.10-01.17.07:944][ 14]LogModuleManager: Shutting down and abandoning module AutomationController (124)
[2014.11.10-01.17.07:944][ 14]LogModuleManager: Shutting down and abandoning module AutomationWindow (123)
[2014.11.10-01.17.07:944][ 14]LogModuleManager: Shutting down and abandoning module Layers (122)
[2014.11.10-01.17.07:944][ 14]LogModuleManager: Shutting down and abandoning module ComponentVisualizers (121)
[2014.11.10-01.17.07:944][ 14]LogModuleManager: Shutting down and abandoning module DetailCustomizations (120)
[2014.11.10-01.17.07:944][ 14]LogModuleManager: Shutting down and abandoning module PackagesDialog (119)
[2014.11.10-01.17.07:944][ 14]LogModuleManager: Shutting down and abandoning module AssetRegistry (118)
[2014.11.10-01.17.08:075][ 14]LogModuleManager: Shutting down and abandoning module Persona (117)
[2014.11.10-01.17.08:076][ 14]LogModuleManager: Shutting down and abandoning module Kismet (116)
[2014.11.10-01.17.08:076][ 14]LogModuleManager: Shutting down and abandoning module GraphEditor (115)
[2014.11.10-01.17.08:076][ 14]LogModuleManager: Shutting down and abandoning module ClassViewer (114)
[2014.11.10-01.17.08:076][ 14]LogModuleManager: Shutting down and abandoning module Toolbox (113)
[2014.11.10-01.17.08:076][ 14]LogModuleManager: Shutting down and abandoning module ModuleUI (112)
[2014.11.10-01.17.08:076][ 14]LogModuleManager: Shutting down and abandoning module MovieSceneTools (111)
[2014.11.10-01.17.08:076][ 14]LogModuleManager: Shutting down and abandoning module OutputLog (110)
[2014.11.10-01.17.08:076][ 14]LogModuleManager: Shutting down and abandoning module GammaUI (109)
[2014.11.10-01.17.08:076][ 14]LogModuleManager: Shutting down and abandoning module Documentation (108)
[2014.11.10-01.17.08:076][ 14]LogModuleManager: Shutting down and abandoning module GameLiveStreaming (107)
[2014.11.10-01.17.08:076][ 14]LogModuleManager: Shutting down and abandoning module StreamingPauseRendering (106)
[2014.11.10-01.17.08:076][ 14]LogModuleManager: Shutting down and abandoning module HTTP (105)
[2014.11.10-01.17.08:076][ 14]LogModuleManager: Shutting down and abandoning module AnalyticsET (104)
[2014.11.10-01.17.08:076][ 14]LogModuleManager: Shutting down and abandoning module Analytics (103)
[2014.11.10-01.17.08:076][ 14]LogModuleManager: Shutting down and abandoning module GameplayDebugger (102)
[2014.11.10-01.17.08:076][ 14]LogModuleManager: Shutting down and abandoning module AIModule (101)
[2014.11.10-01.17.08:076][ 14]LogModuleManager: Shutting down and abandoning module ProfilerService (100)
[2014.11.10-01.17.08:232][ 14]LogModuleManager: Shutting down and abandoning module TaskGraph (99)
[2014.11.10-01.17.08:232][ 14]LogModuleManager: Shutting down and abandoning module SlateRemote (98)
[2014.11.10-01.17.08:232][ 14]LogModuleManager: Shutting down and abandoning module ScriptEditorPlugin (97)
[2014.11.10-01.17.08:232][ 14]LogModuleManager: Shutting down and abandoning module CustomMeshComponent (96)
[2014.11.10-01.17.08:232][ 14]LogModuleManager: Shutting down and abandoning module CableComponent (95)
[2014.11.10-01.17.08:232][ 14]LogModuleManager: Shutting down and abandoning module MessagingDebugger (94)
[2014.11.10-01.17.08:232][ 14]LogModuleManager: Shutting down and abandoning module MediaPlayerEditor (93)
[2014.11.10-01.17.08:232][ 14]LogModuleManager: Shutting down and abandoning module SpeedTreeImporter (92)
[2014.11.10-01.17.08:232][ 14]LogModuleManager: Shutting down and abandoning module PluginsEditor (91)
[2014.11.10-01.17.08:232][ 14]LogModuleManager: Shutting down and abandoning module EpicSurvey (90)
[2014.11.10-01.17.08:232][ 14]LogModuleManager: Shutting down and abandoning module DesktopPlatform (89)
[2014.11.10-01.17.08:232][ 14]LogModuleManager: Shutting down and abandoning module VisualStudioSourceCodeAccess (88)
[2014.11.10-01.17.08:232][ 14]LogModuleManager: Shutting down and abandoning module UObjectPlugin (87)
[2014.11.10-01.17.08:232][ 14]LogModuleManager: Shutting down and abandoning module SubversionSourceControl (86)
[2014.11.10-01.17.08:232][ 14]LogModuleManager: Shutting down and abandoning module SourceControl (85)
[2014.11.10-01.17.08:232][ 14]LogModuleManager: Shutting down and abandoning module PerforceSourceControl (84)
[2014.11.10-01.17.08:232][ 14]LogModuleManager: Shutting down and abandoning module BlankPlugin (83)
[2014.11.10-01.17.08:232][ 14]LogModuleManager: Shutting down and abandoning module SlateReflector (82)
[2014.11.10-01.17.08:232][ 14]LogModuleManager: Shutting down and abandoning module DirectoryWatcher (81)
[2014.11.10-01.17.08:233][ 14]LogModuleManager: Shutting down and abandoning module HotReload (80)
[2014.11.10-01.17.08:233][ 14]LogModuleManager: Shutting down and abandoning module MainFrame (79)
[2014.11.10-01.17.08:233][ 14]LogModuleManager: Shutting down and abandoning module LevelEditor (78)
[2014.11.10-01.17.08:235][ 14]LogModuleManager: Shutting down and abandoning module ViewportSnapping (77)
[2014.11.10-01.17.08:235][ 14]LogModuleManager: Shutting down and abandoning module SmartSnapping (76)
[2014.11.10-01.17.08:235][ 14]LogModuleManager: Shutting down and abandoning module PaperTiledImporter (75)
[2014.11.10-01.17.08:235][ 14]LogModuleManager: Shutting down and abandoning module PaperJsonImporter (74)
[2014.11.10-01.17.08:235][ 14]LogModuleManager: Shutting down and abandoning module ContentBrowser (73)
[2014.11.10-01.17.08:235][ 14]LogModuleManager: Shutting down and abandoning module PropertyEditor (72)
[2014.11.10-01.17.08:235][ 14]LogModuleManager: Shutting down and abandoning module Paper2DEditor (71)
[2014.11.10-01.17.08:235][ 14]LogModuleManager: Shutting down and abandoning module ScriptPlugin (70)
[2014.11.10-01.17.08:235][ 14]LogModuleManager: Shutting down and abandoning module UdpMessaging (69)
[2014.11.10-01.17.08:335][ 14]LogModuleManager: Shutting down and abandoning module Paper2D (68)
[2014.11.10-01.17.08:335][ 14]LogModuleManager: Shutting down and abandoning module WindowsMoviePlayer (67)
[2014.11.10-01.17.08:339][ 14]LogModuleManager: Shutting down and abandoning module Media (66)
[2014.11.10-01.17.08:339][ 14]LogModuleManager: Shutting down and abandoning module WmfMedia (65)
[2014.11.10-01.17.08:340][ 14]LogModuleManager: Shutting down and abandoning module OnlineBlueprintSupport (64)
[2014.11.10-01.17.08:340][ 14]LogModuleManager: Shutting down and abandoning module FunctionalTesting (63)
[2014.11.10-01.17.08:340][ 14]LogModuleManager: Shutting down and abandoning module CollisionAnalyzer (62)
[2014.11.10-01.17.08:340][ 14]LogModuleManager: Shutting down and abandoning module WorkspaceMenuStructure (61)
[2014.11.10-01.17.08:341][ 14]LogModuleManager: Shutting down and abandoning module MessageLog (60)
[2014.11.10-01.17.08:341][ 14]LogModuleManager: Shutting down and abandoning module Sequencer (59)
[2014.11.10-01.17.08:341][ 14]LogModuleManager: Shutting down and abandoning module AssetTools (58)
[2014.11.10-01.17.08:341][ 14]LogModuleManager: Shutting down and abandoning module UMGEditor (57)
[2014.11.10-01.17.08:341][ 14]LogModuleManager: Shutting down and abandoning module UMG (56)
[2014.11.10-01.17.08:341][ 14]LogModuleManager: Shutting down and abandoning module Slate (55)
[2014.11.10-01.17.08:341][ 14]LogModuleManager: Shutting down and abandoning module EditorStyle (54)
[2014.11.10-01.17.08:344][ 14]LogModuleManager: Shutting down and abandoning module SessionServices (53)
[2014.11.10-01.17.08:344][ 14]LogModuleManager: Shutting down and abandoning module SourceCodeAccess (52)
[2014.11.10-01.17.08:344][ 14]LogModuleManager: Shutting down and abandoning module HeadMountedDisplay (51)
[2014.11.10-01.17.08:344][ 14]LogModuleManager: Shutting down and abandoning module XAudio2 (50)
[2014.11.10-01.17.08:344][ 14]LogModuleManager: Shutting down and abandoning module Networking (48)
[2014.11.10-01.17.08:344][ 14]LogModuleManager: Shutting down and abandoning module Core (47)
[2014.11.10-01.17.08:344][ 14]LogModuleManager: Shutting down and abandoning module KismetCompiler (46)
[2014.11.10-01.17.08:344][ 14]LogModuleManager: Shutting down and abandoning module PhysXFormats (45)
[2014.11.10-01.17.08:344][ 14]LogModuleManager: Shutting down and abandoning module MeshUtilities (44)
[2014.11.10-01.17.08:344][ 14]LogModuleManager: Shutting down and abandoning module DerivedDataCache (43)
[2014.11.10-01.17.08:384][ 14]LogDerivedDataCache: Shutdown
[2014.11.10-01.17.08:384][ 14]LogModuleManager: Shutting down and abandoning module ShaderFormatOpenGL (42)
[2014.11.10-01.17.08:384][ 14]LogModuleManager: Shutting down and abandoning module ShaderFormatD3D (41)
[2014.11.10-01.17.08:384][ 14]LogModuleManager: Shutting down and abandoning module MetalShaderFormat (40)
[2014.11.10-01.17.08:384][ 14]LogModuleManager: Shutting down and abandoning module TextureFormatUncompressed (39)
[2014.11.10-01.17.08:384][ 14]LogModuleManager: Shutting down and abandoning module TextureFormatPVR (38)
[2014.11.10-01.17.08:384][ 14]LogModuleManager: Shutting down and abandoning module TextureFormatDXT (37)
[2014.11.10-01.17.08:384][ 14]LogModuleManager: Shutting down and abandoning module TextureFormatAndroid (36)
[2014.11.10-01.17.08:384][ 14]LogModuleManager: Shutting down and abandoning module AudioFormatOpus (35)
[2014.11.10-01.17.08:384][ 14]LogModuleManager: Shutting down and abandoning module AudioFormatOgg (34)
[2014.11.10-01.17.08:384][ 14]LogModuleManager: Shutting down and abandoning module AudioFormatADPCM (33)
[2014.11.10-01.17.08:384][ 14]LogModuleManager: Shutting down and abandoning module Messaging (32)
[2014.11.10-01.17.08:384][ 14]LogModuleManager: Shutting down and abandoning module IOSTargetPlatform (31)
[2014.11.10-01.17.08:384][ 14]LogModuleManager: Shutting down and abandoning module Android_PVRTCTargetPlatform (30)
[2014.11.10-01.17.08:384][ 14]LogModuleManager: Shutting down and abandoning module Android_ETC2TargetPlatform (29)
[2014.11.10-01.17.08:384][ 14]LogModuleManager: Shutting down and abandoning module Android_ETC1TargetPlatform (28)
[2014.11.10-01.17.08:384][ 14]LogModuleManager: Shutting down and abandoning module Android_DXTTargetPlatform (27)
[2014.11.10-01.17.08:384][ 14]LogModuleManager: Shutting down and abandoning module Android_ATCTargetPlatform (26)
[2014.11.10-01.17.08:384][ 14]LogModuleManager: Shutting down and abandoning module AndroidTargetPlatform (25)
[2014.11.10-01.17.08:384][ 14]LogModuleManager: Shutting down and abandoning module WindowsTargetPlatform (24)
[2014.11.10-01.17.08:384][ 14]LogModuleManager: Shutting down and abandoning module WindowsServerTargetPlatform (23)
[2014.11.10-01.17.08:384][ 14]LogModuleManager: Shutting down and abandoning module WindowsNoEditorTargetPlatform (22)
[2014.11.10-01.17.08:384][ 14]LogModuleManager: Shutting down and abandoning module WindowsClientTargetPlatform (21)
[2014.11.10-01.17.08:385][ 14]LogModuleManager: Shutting down and abandoning module TargetPlatform (20)
[2014.11.10-01.17.08:385][ 14]LogModuleManager: Shutting down and abandoning module InputCore (19)
[2014.11.10-01.17.08:385][ 14]LogModuleManager: Shutting down and abandoning module Settings (18)
[2014.11.10-01.17.08:385][ 14]LogModuleManager: Shutting down and abandoning module ImageWrapper (17)
[2014.11.10-01.17.08:385][ 14]LogModuleManager: Shutting down and abandoning module OculusRift (14)
[2014.11.10-01.17.08:385][ 14]LogModuleManager: Shutting down and abandoning module ExampleDeviceProfileSelector (13)
[2014.11.10-01.17.08:385][ 14]LogModuleManager: Shutting down and abandoning module TextureCompressor (12)
[2014.11.10-01.17.08:385][ 14]LogModuleManager: Shutting down and abandoning module ShaderCore (11)
[2014.11.10-01.17.08:385][ 14]LogModuleManager: Shutting down and abandoning module SlateRHIRenderer (10)
[2014.11.10-01.17.08:391][ 14]LogModuleManager: Shutting down and abandoning module OpenGLDrv (9)
[2014.11.10-01.17.08:391][ 14]LogModuleManager: Shutting down and abandoning module D3D11RHI (8)
[2014.11.10-01.17.08:391][ 14]LogModuleManager: Shutting down and abandoning module Renderer (7)
[2014.11.10-01.17.08:391][ 14]LogModuleManager: Shutting down and abandoning module Engine (6)
[2014.11.10-01.17.08:391][ 14]LogModuleManager: Shutting down and abandoning module CoreUObject (5)
[2014.11.10-01.17.08:391][ 14]LogModuleManager: Shutting down and abandoning module NetworkFile (4)
[2014.11.10-01.17.08:391][ 14]LogModuleManager: Shutting down and abandoning module StreamingFile (3)
[2014.11.10-01.17.08:391][ 14]LogModuleManager: Shutting down and abandoning module SandboxFile (2)
[2014.11.10-01.17.08:391][ 14]LogModuleManager: Shutting down and abandoning module PakFile (1)
[2014.11.10-01.17.08:391][ 14]LogExit: Exiting.
[2014.11.10-01.17.08:398][ 14]Log file closed, 11/09/14 17:17:08
