Log file open, 12/13/14 11:56:07
LogInit:Display: Running engine for game: Trial_third_person
LogInit: Version: 4.5.1-2336687+++depot+UE4-Releases+4.5
LogInit: API Version: 2326478
LogInit: Compiled (64-bit): Oct 21 2014 22:32:40
LogInit: Compiled with Visual C++: 18.00.21005.01
LogInit: Build Configuration: Development
LogInit: Branch Name: ++depot+UE4-Releases+4.5
LogInit: Command line:  
LogInit: Base directory: C:/Program Files/Epic Games/4.5/Engine/Binaries/Win64/
LogInit: Rocket: 1
[2014.12.13-19.56.07:650][  0]LogTaskGraph: Started task graph with 3 named threads and 4 total threads.
[2014.12.13-19.56.07:680][  0]LogOnline:Warning: No default platform service specified for OnlineSubsystem
[2014.12.13-19.56.07:744][  0]LogInit: Presizing for 0 objects not considered by GC, pre-allocating 0 bytes.
[2014.12.13-19.56.07:757][  0]LogInit: Object subsystem initialized
[2014.12.13-19.56.07:761][  0]LogConsoleResponse:Warning: Skipping Unknown console variable: 'UIScaleRule = ShortestSide'
[2014.12.13-19.56.07:761][  0]LogConsoleResponse:Warning:   Found in ini file 'C:/Users/Jeremy/Documents/GitHub/Study-Session/Trial_third_person/Saved/Config/Windows/Engine.ini', in section '[/Script/Engine.RendererSettings]'
[2014.12.13-19.56.07:761][  0]LogConsoleResponse:Warning: Skipping Unknown console variable: 'UIScaleCurve = (EditorCurveData=(Keys=((Time=480.000000,Value=0.444000),(Time=720.000000,Value=0.666000),(Time=1080.000000,Value=1.000000),(Time=8640.000000,Value=8.000000))),ExternalCurve=None)'
[2014.12.13-19.56.07:761][  0]LogConsoleResponse:Warning:   Found in ini file 'C:/Users/Jeremy/Documents/GitHub/Study-Session/Trial_third_person/Saved/Config/Windows/Engine.ini', in section '[/Script/Engine.RendererSettings]'
[2014.12.13-19.56.07:762][  0]LogInit: Selected Device Profile: [Windows]
[2014.12.13-19.56.07:762][  0]LogInit: Applying CVar settings loaded from the selected device profile: [Windows]
[2014.12.13-19.56.07:774][  0]LogInit: Computer: BRIANA-DESKTOP
[2014.12.13-19.56.07:774][  0]LogInit: User: Jeremy
[2014.12.13-19.56.07:775][  0]LogInit: CPU Page size=4096, Cores=4
[2014.12.13-19.56.07:775][  0]LogInit: High frequency timer resolution =14.318180 MHz
[2014.12.13-19.56.07:775][  0]LogMemory: Memory total: Physical=8.0GB (8GB approx) Virtual=8192.0GB
[2014.12.13-19.56.07:776][  0]LogMemory: Platform Memory Stats for Windows
[2014.12.13-19.56.07:776][  0]LogMemory: Process Physical Memory: 63.01 MB used, 63.01 MB peak
[2014.12.13-19.56.07:776][  0]LogMemory: Process Virtual Memory: 38.41 MB used, 38.41 MB peak
[2014.12.13-19.56.07:776][  0]LogMemory: Physical Memory: 2368.79 MB used, 8183.89 MB total
[2014.12.13-19.56.07:776][  0]LogMemory: Virtual Memory: 271.60 MB used, 8388608.00 MB total
[2014.12.13-19.56.09:851][  0]LogD3D11RHI: Found D3D11 adapter 0: NVIDIA GeForce GTX 550 Ti (Feature Level 11_0)
[2014.12.13-19.56.09:851][  0]LogD3D11RHI: Adapter has 977MB of dedicated video memory, 0MB of dedicated system memory, and 3071MB of shared system memory, 2 output[s]
[2014.12.13-19.56.09:851][  0]LogD3D11RHI: Chosen D3D11 Adapter Id = 0
[2014.12.13-19.56.09:857][  0]LogRHI: Texture pool is 684 MB (70% of 977 MB)
[2014.12.13-19.56.09:866][  0]LogD3D11RHI: Async texture creation enabled
[2014.12.13-19.56.10:154][  0]LogTextLocalizationManager: The requested culture ('en_US') has no localization data; parent culture's ('en') localization data will be used.
[2014.12.13-19.56.10:350][  0]LogContentStreaming: Texture pool size is 0.000000MB
[2014.12.13-19.56.16:907][  0]LogTargetPlatformManager:Display: Building Assets For Windows
[2014.12.13-19.56.17:610][  0]LogTargetPlatformManager:Display: Building Assets For Windows
[2014.12.13-19.56.17:686][  0]LogDerivedDataCache:Display: Max Cache Size: 512 MB
[2014.12.13-19.56.17:765][  0]LogDerivedDataCache: Loaded boot cache 0.08s 45MB C:/Users/Jeremy/AppData/Local/UnrealEngine/4.5/DerivedDataCache/Boot.ddc.
[2014.12.13-19.56.17:765][  0]LogDerivedDataCache:Display: Loaded Boot cache: C:/Users/Jeremy/AppData/Local/UnrealEngine/4.5/DerivedDataCache/Boot.ddc
[2014.12.13-19.56.17:766][  0]LogDerivedDataCache: FDerivedDataBackendGraph:  Pak pak cache file ../../../../../../Users/Jeremy/Documents/GitHub/Study-Session/Trial_third_person/DerivedDataCache/DDC.ddp not found, will not use a pak cache.
[2014.12.13-19.56.17:766][  0]LogDerivedDataCache: Unable to find inner node Pak for hierarchical cache Hierarchy.
[2014.12.13-19.56.17:849][  0]LogDerivedDataCache:Display: Pak cache opened for reading ../../../Engine/DerivedDataCache/DDC.ddp.
[2014.12.13-19.56.17:861][  0]LogDerivedDataCache: Using Local data cache path C:/Users/Jeremy/AppData/Local/UnrealEngine/Common/DerivedDataCache: Writable
[2014.12.13-19.56.20:289][  0]LogMeshUtilities: No automatic mesh reduction module available
[2014.12.13-19.56.20:289][  0]LogMeshUtilities: No automatic mesh merging module available
[2014.12.13-19.56.20:611][  0]LogLinker:Warning: Asset '../../../Engine/Content/Functions/Engine_MaterialFunctions02/Texturing/FlipBook.uasset' has been saved with empty engine version. The asset will be loaded but may be incompatible.
[2014.12.13-19.56.20:615][  0]LogLinker:Warning: Asset '../../../Engine/Content/Functions/Engine_MaterialFunctions02/ExampleContent/Textures/flipbook.uasset' has been saved with empty engine version. The asset will be loaded but may be incompatible.
[2014.12.13-19.56.20:840][  0]LogInit: WinSock: version 1.1 (2.2), MaxSocks=32767, MaxUdp=65467
[2014.12.13-19.56.22:810][  0]UdpMessaging: Initializing bridge on interface 0.0.0.0:0 to multicast group 230.0.0.1:6666.
[2014.12.13-19.56.22:987][  0]LogDirectoryWatcher:Warning: Failed to begin reading directory changes for C:/Users/Jeremy/Documents/GitHub/Study-Session/Trial_third_person/Binaries/Win64. Error: 0
[2014.12.13-19.56.23:144][  0]SourceControl: Info Source control is disabled
[2014.12.13-19.56.23:144][  0]SourceControl: Info Source control is disabled
[2014.12.13-19.56.23:151][  0]SourceControl: Info Source control is disabled
[2014.12.13-19.56.23:295][  0]LogObj: 22915 objects as part of root set at end of initial load.
[2014.12.13-19.56.23:295][  0]LogUObjectAllocator: 4803536 out of 0 bytes used by permanent object pool.
[2014.12.13-19.56.23:368][  0]LogEngine: Initializing Engine...
[2014.12.13-19.56.23:557][  0]LogInit: XAudio2 using 'Speakers (Realtek High Definition Audio)' : 2 channels at 48 kHz using 32 bits per sample (channel mask 0x3)
[2014.12.13-19.56.23:593][  0]LogInit: FAudioDevice initialized.
[2014.12.13-19.56.23:616][  0]LogAIModule: Creating AISystem for world NewWorld
[2014.12.13-19.56.23:655][  0]LogDerivedDataCache: Saved boot cache 0.04s 39MB C:/Users/Jeremy/AppData/Local/UnrealEngine/4.5/DerivedDataCache/Boot.ddc.
[2014.12.13-19.56.23:666][  0]LogInit: Texture streaming: Enabled
[2014.12.13-19.56.23:714][  0]LogInit: Transaction tracking system initialized
[2014.12.13-19.56.23:813][  0]BlueprintLog: New page: Editor Load
[2014.12.13-19.56.23:843][  0]LogAssetRegistry: FAssetRegistry took 0.0098 seconds to start up
[2014.12.13-19.56.23:844][  0]LogDirectoryWatcher:Warning: Failed to begin reading directory changes for ../../../Engine/Plugins/Experimental/CharacterAI/Content/. Error: 0
[2014.12.13-19.56.24:396][  0]LogTargetPlatformManager:Display: Building Assets For Windows
[2014.12.13-19.56.24:810][  0]LogTargetPlatformManager:Display: Building Assets For Windows
[2014.12.13-19.56.25:031][  0]LogConsoleResponse:Display: 
[2014.12.13-19.56.25:267][  0]SourceControl: Info Source control is disabled
[2014.12.13-19.56.25:268][  0]Cmd: MAP LOAD FILE="../../../../../../Users/Jeremy/Documents/GitHub/Study-Session/Trial_third_person/Content/Maps/Example_Map.umap" TEMPLATE=0 SHOWPROGRESS=1
[2014.12.13-19.56.25:268][  0]LightingResults: New page: Lighting Build
[2014.12.13-19.56.25:278][  0]MapCheck: New page: Map Check
[2014.12.13-19.56.25:278][  0]LightingResults: New page: Lighting Build
[2014.12.13-19.56.25:299][  0]LogParticles: Destroying 0 GPU particle simulations for FXSystem 0x0000000016D6DA80
[2014.12.13-19.56.26:353][  0]LogEditorServer: Finished looking for orphan Actors (0.000 secs)
[2014.12.13-19.56.26:353][  0]LogAIModule: Creating AISystem for world Example_Map
[2014.12.13-19.56.26:354][  0]Cmd: MAP CHECKDEP
[2014.12.13-19.56.26:354][  0]MapCheck: New page: Example_Map - Dec 13, 2014, 3:56:26 AM
[2014.12.13-19.56.26:465][  0]MapCheck: Info Map check complete: 0 Error(s), 0 Warning(s), took 111.056ms to complete.
[2014.12.13-19.56.26:465][  0]LogFileHelpers: Loading map 'Example_Map' took 1.198
[2014.12.13-19.56.26:571][  0]LogCollectionManager: Loaded 0 collections in 0.001177 seconds
[2014.12.13-19.56.26:715][  0]LogCrashTracker: Crashtracker disabled due to settings.
[2014.12.13-19.56.26:748][  0]LogUObjectGlobals:Warning: Failed to find object 'Class None.'
[2014.12.13-19.56.26:777][  0]LogLoad: Full Startup: 23.95 seconds (BP compile: 0.45 seconds)
[2014.12.13-19.56.27:126][  0]LogContentBrowser:Verbose: The content browser source was changed by the sources view to '/Game/Maps'
[2014.12.13-19.56.27:337][  0]LogRenderer:Warning: Reallocating scene render targets to support 976x880.
[2014.12.13-19.56.28:945][  5]LogAssetRegistry: Asset discovery search completed in 5.1113 seconds
[2014.12.13-19.57.44:477][ 46]LogSavePackage: Save=249.158340ms
[2014.12.13-19.57.44:477][ 46]LogSavePackage: Moving '../../../../../../Users/Jeremy/Documents/GitHub/Study-Session/Trial_third_person/Saved/Example_Map98664173446484452AE4F9AB92FFD767.tmp' to '../../../../../../Users/Jeremy/Documents/GitHub/Study-Session/Trial_third_person/Content/Maps/Example_Map.umap'
[2014.12.13-19.57.46:654][230]MapCheck: New page: Map Check
[2014.12.13-19.57.46:693][230]Cmd: MAP REBUILD ALLVISIBLE
[2014.12.13-19.57.46:693][230]LogEditorServer: Rebuildmap Clear paths rebuilt
[2014.12.13-19.57.46:737][230]LightingResults: New page: Lighting Build - Dec 13, 2014, 3:57:46 AM
[2014.12.13-19.57.51:493][230]LogStaticLightingSystem: Running Lightmass w/ ImmediateImport mode ENABLED
[2014.12.13-19.57.51:493][230]LogStaticLightingSystem: Running Lightmass w/ ImmediateProcess mode ENABLED
[2014.12.13-19.57.51:493][230]LogStaticLightingSystem: Running Lightmass w/ Sorting mode ENABLED
[2014.12.13-19.57.51:493][230]LogStaticLightingSystem: Running Lightmass w/ Mapping paddings ENABLED
[2014.12.13-19.57.51:493][230]LogStaticLightingSystem: Running Lightmass w/ Mapping debug paddings DISABLED
[2014.12.13-19.57.51:601][230]LogEditorBuildUtils: Build time 0:00:04
[2014.12.13-19.57.56:618][583]Job is a success!
[2014.12.13-19.57.57:090][584]LogTexture:Display: Building textures: HQ_Lightmap0_1 (AutoDXT)
[2014.12.13-19.57.57:517][584]LogTexture:Display: Building textures: LQ_Lightmap_0_2 (DXT1)
[2014.12.13-19.57.57:525][584]LogTexture:Display: Building textures: HQ_Lightmap0_2 (AutoDXT)
[2014.12.13-19.57.57:546][584]LogTexture:Display: Building textures: LQ_Lightmap_0_1 (DXT1)
[2014.12.13-19.57.57:897][584]LogTexture:Display: Building textures: ShadowMapTexture2D_0 (BGRA8)
[2014.12.13-19.57.57:948][584]LogTexture:Display: Building textures: ShadowMapTexture2D_1 (BGRA8)
[2014.12.13-19.57.57:978][584]Lightmass on BRIANA-DESKTOP: 5.04 sec total, 587 ms importing, 1 ms setup, 369 ms photons, 4.06 sec processing, 0 ms extra exporting [67/67 mappings]. Threads: 16.2 sec total, 7.13 sec processing.
[2014.12.13-19.57.58:016][584]LogStaticLightingSystem:Warning: Illumination: 11.2 sec (1.08 sec encoding lightmaps)
[2014.12.13-19.57.58:016][584]LogStaticLightingSystem: Lightmap texture memory:  1.3 MB (0.0 MB streaming, 1.3 MB non-streaming), 4 textures
[2014.12.13-19.57.58:016][584]LogStaticLightingSystem: Shadowmap texture memory: 0.0 MB (0.0 MB streaming, 0.0 MB non-streaming), 2 textures
[2014.12.13-19.57.58:499][585]Cmd: MAP CHECK NOTIFYRESULTS
[2014.12.13-19.57.58:500][585]MapCheck: New page: Example_Map - Dec 13, 2014, 3:57:58 AM
[2014.12.13-19.57.58:627][585]MapCheck: Info Map check complete: 0 Error(s), 0 Warning(s), took 126.993ms to complete.
[2014.12.13-20.01.42:223][220]LogSavePackage: Save=324.963989ms
[2014.12.13-20.01.42:223][220]LogSavePackage: Moving '../../../../../../Users/Jeremy/Documents/GitHub/Study-Session/Trial_third_person/Saved/Example_Map92C79DFB42E2CCCF2AF659A44B66ACF6.tmp' to '../../../../../../Users/Jeremy/Documents/GitHub/Study-Session/Trial_third_person/Content/Maps/Example_Map.umap'
[2014.12.13-20.02.06:350][650]Cmd: MAP LOAD FILE="../../../../../../Users/Jeremy/Documents/GitHub/Study-Session/Trial_third_person/Content/Maps/FinalLevel.umap" TEMPLATE=0 SHOWPROGRESS=1
[2014.12.13-20.02.06:350][650]LightingResults: New page: Lighting Build
[2014.12.13-20.02.06:389][650]LoadErrors: New page: Loading map: FinalLevel.umap
[2014.12.13-20.02.06:390][650]MapCheck: New page: Map Check
[2014.12.13-20.02.06:390][650]LightingResults: New page: Lighting Build
[2014.12.13-20.02.06:419][650]LogParticles: Destroying 0 GPU particle simulations for FXSystem 0x000000000D31F600
[2014.12.13-20.02.06:449][650]LogEditorServer: Finished looking for orphan Actors (0.000 secs)
[2014.12.13-20.02.06:449][650]LogAIModule: Creating AISystem for world FinalLevel
[2014.12.13-20.02.06:506][650]Cmd: MAP CHECKDEP
[2014.12.13-20.02.06:507][650]MapCheck: New page: FinalLevel - Dec 13, 2014, 4:02:06 AM
[2014.12.13-20.02.06:654][650]MapCheck: Info Map check complete: 0 Error(s), 0 Warning(s), took 146.971ms to complete.
[2014.12.13-20.02.06:654][650]LogFileHelpers: Loading map 'FinalLevel' took 0.306
[2014.12.13-20.02.10:035][904]BlueprintLog: New page: Pre-PIE auto-recompile
[2014.12.13-20.02.10:035][904]LogPlayLevel: [PIE] Compiling Tutorial_BP_MacroLib before PIE...
[2014.12.13-20.02.10:137][904]LogPlayLevel: PIE:  Blueprint regeneration took 102 ms (1 blueprints)
[2014.12.13-20.02.10:137][904]PIE: New page: PIE session: FinalLevel (Dec 13, 2014, 4:02:10 AM)
[2014.12.13-20.02.10:150][904]LogPlayLevel: PIE: StaticDuplicateObject took: (0.012273s)
[2014.12.13-20.02.10:151][904]LogPlayLevel: PIE: World Init took: (0.000902s)
[2014.12.13-20.02.10:151][904]LogPlayLevel: PIE: Created PIE world by copying editor world from /Game/Maps/FinalLevel.FinalLevel to /Game/Maps/UEDPIE_0_FinalLevel.FinalLevel (0.013423s)
[2014.12.13-20.02.10:193][904]LogWorld: Game class is 'MyGame_C'
[2014.12.13-20.02.10:197][904]LogAIModule: Creating AISystem for world FinalLevel
[2014.12.13-20.02.10:203][904]LogWorld: Bringing World /Game/Maps/UEDPIE_0_FinalLevel.FinalLevel up for play (max tick rate 0) at 2014.12.13-12.02.10
[2014.12.13-20.02.10:204][904]LogWorld: Bringing up level for play took: 0.007468
[2014.12.13-20.02.10:207][904]PIE: Info Play in editor start time for /Game/Maps/UEDPIE_0_FinalLevel 0.518
[2014.12.13-20.02.16:167][ 62]LogCharacterMovement: MyCharacter_C_0 is stuck and failed to move!
[2014.12.13-20.02.18:111][117]LogCharacterMovement: MyCharacter_C_0 is stuck and failed to move!
[2014.12.13-20.02.28:257][397]LogCharacterMovement: MyCharacter_C_0 is stuck and failed to move!
[2014.12.13-20.02.48:734][935]LogCharacterMovement: MyCharacter_C_0 is stuck and failed to move!
[2014.12.13-20.02.48:774][936]LogCharacterMovement: MyCharacter_C_0 is stuck and failed to move!
[2014.12.13-20.02.48:813][937]LogCharacterMovement: MyCharacter_C_0 is stuck and failed to move!
[2014.12.13-20.02.48:852][938]LogCharacterMovement: MyCharacter_C_0 is stuck and failed to move!
[2014.12.13-20.02.54:632][ 86]LogCharacterMovement: MyCharacter_C_0 is stuck and failed to move!
[2014.12.13-20.02.54:671][ 87]LogCharacterMovement: MyCharacter_C_0 is stuck and failed to move!
[2014.12.13-20.02.54:709][ 88]LogCharacterMovement: MyCharacter_C_0 is stuck and failed to move!
[2014.12.13-20.03.16:243][632]LogParticles: Destroying 0 GPU particle simulations for FXSystem 0x00000000201276A0
[2014.12.13-20.06.00:806][963]LogContentBrowser:Verbose: The content browser source was changed by the sources view to '/Game/Maps'
[2014.12.13-20.06.25:054][499]LogSavePackage: Save=19.732046ms
[2014.12.13-20.06.25:054][499]LogSavePackage: Moving '../../../../../../Users/Jeremy/Documents/GitHub/Study-Session/Trial_third_person/Saved/PauseLevelMenu05CF97F645C23D191EF568A75B176C95.tmp' to '../../../../../../Users/Jeremy/Documents/GitHub/Study-Session/Trial_third_person/Content/Maps/PauseLevelMenu.umap'
[2014.12.13-20.06.25:061][499]LogFileHelpers: Saving map 'PauseLevelMenu' took 0.214
[2014.12.13-20.06.25:065][499]Cmd: MAP LOAD FILE="../../../../../../Users/Jeremy/Documents/GitHub/Study-Session/Trial_third_person/Content/Maps/PauseLevelMenu.umap" TEMPLATE=0 SHOWPROGRESS=1
[2014.12.13-20.06.25:065][499]LightingResults: New page: Lighting Build
[2014.12.13-20.06.25:105][499]LoadErrors: New page: Loading map: PauseLevelMenu.umap
[2014.12.13-20.06.25:107][499]MapCheck: New page: Map Check
[2014.12.13-20.06.25:107][499]LightingResults: New page: Lighting Build
[2014.12.13-20.06.25:138][499]LogParticles: Destroying 0 GPU particle simulations for FXSystem 0x0000000019A5AAC0
[2014.12.13-20.06.25:145][499]LogEditorServer: Finished looking for orphan Actors (0.000 secs)
[2014.12.13-20.06.25:145][499]LogAIModule: Creating AISystem for world PauseLevelMenu
[2014.12.13-20.06.25:200][499]Cmd: MAP CHECKDEP
[2014.12.13-20.06.25:200][499]MapCheck: New page: PauseLevelMenu - Dec 13, 2014, 4:06:25 AM
[2014.12.13-20.06.25:346][499]MapCheck: Info Map check complete: 0 Error(s), 0 Warning(s), took 146.255ms to complete.
[2014.12.13-20.06.25:346][499]LogFileHelpers: Loading map 'PauseLevelMenu' took 0.283
[2014.12.13-20.06.31:215][ 68]Cmd: MAP LOAD FILE="../../../../../../Users/Jeremy/Documents/GitHub/Study-Session/Trial_third_person/Content/Maps/StartMenuLevel.umap" TEMPLATE=0 SHOWPROGRESS=1
[2014.12.13-20.06.31:215][ 68]LightingResults: New page: Lighting Build
[2014.12.13-20.06.31:252][ 68]LoadErrors: New page: Loading map: StartMenuLevel.umap
[2014.12.13-20.06.31:253][ 68]MapCheck: New page: Map Check
[2014.12.13-20.06.31:253][ 68]LightingResults: New page: Lighting Build
[2014.12.13-20.06.31:283][ 68]LogParticles: Destroying 0 GPU particle simulations for FXSystem 0x000000001692EE80
[2014.12.13-20.06.31:288][ 68]LogEditorServer: Finished looking for orphan Actors (0.000 secs)
[2014.12.13-20.06.31:288][ 68]LogAIModule: Creating AISystem for world StartMenuLevel
[2014.12.13-20.06.31:342][ 68]Cmd: MAP CHECKDEP
[2014.12.13-20.06.31:342][ 68]MapCheck: New page: StartMenuLevel - Dec 13, 2014, 4:06:31 AM
[2014.12.13-20.06.31:489][ 68]MapCheck: Info Map check complete: 0 Error(s), 0 Warning(s), took 146.889ms to complete.
[2014.12.13-20.06.31:489][ 68]LogFileHelpers: Loading map 'StartMenuLevel' took 0.277
[2014.12.13-20.06.48:134][342]Cmd: MAP LOAD FILE="../../../../../../Users/Jeremy/Documents/GitHub/Study-Session/Trial_third_person/Content/Maps/PauseLevelMenu.umap" TEMPLATE=0 SHOWPROGRESS=1
[2014.12.13-20.06.48:134][342]LightingResults: New page: Lighting Build
[2014.12.13-20.06.48:173][342]LoadErrors: New page: Loading map: PauseLevelMenu.umap
[2014.12.13-20.06.48:173][342]MapCheck: New page: Map Check
[2014.12.13-20.06.48:173][342]LightingResults: New page: Lighting Build
[2014.12.13-20.06.48:202][342]LogParticles: Destroying 0 GPU particle simulations for FXSystem 0x0000000014158180
[2014.12.13-20.06.48:209][342]LogEditorServer: Finished looking for orphan Actors (0.000 secs)
[2014.12.13-20.06.48:209][342]LogAIModule: Creating AISystem for world PauseLevelMenu
[2014.12.13-20.06.48:264][342]Cmd: MAP CHECKDEP
[2014.12.13-20.06.48:265][342]MapCheck: New page: PauseLevelMenu - Dec 13, 2014, 4:06:48 AM
[2014.12.13-20.06.48:413][342]MapCheck: Info Map check complete: 0 Error(s), 0 Warning(s), took 148.602ms to complete.
[2014.12.13-20.06.48:413][342]LogFileHelpers: Loading map 'PauseLevelMenu' took 0.281
[2014.12.13-20.06.54:349][865]LogUObjectGlobals:Warning: Failed to find object 'Object None.'
[2014.12.13-20.06.54:359][865]LogUObjectGlobals:Warning: Failed to find object 'Object None.'
[2014.12.13-20.06.54:359][865]LogUObjectGlobals:Warning: Failed to find object 'Object None.'
[2014.12.13-20.06.54:359][865]LogUObjectGlobals:Warning: Failed to find object 'Object None.'
[2014.12.13-20.06.54:359][865]LogUObjectGlobals:Warning: Failed to find object 'Object None.'
[2014.12.13-20.06.54:379][865]LogProperty:Warning: ObjectProperty /Script/Engine.EdGraphPin:LinkedTo.LinkedTo: unresolved reference to 'EdGraphPin'"K2Node_CreateWidget_13.EdGraphPin_12998"''
[2014.12.13-20.06.54:387][865]LogProperty:Warning: ObjectProperty /Script/Engine.EdGraphPin:LinkedTo.LinkedTo: unresolved reference to 'EdGraphPin'"K2Node_CallFunction_20235.EdGraphPin_12931"''
[2014.12.13-20.06.54:387][865]LogProperty:Warning: ObjectProperty /Script/Engine.EdGraphPin:LinkedTo.LinkedTo: unresolved reference to 'EdGraphPin'"K2Node_CallFunction_20235.EdGraphPin_12929"''
[2014.12.13-20.06.54:388][865]LogProperty:Warning: ObjectProperty /Script/Engine.EdGraphPin:LinkedTo.LinkedTo: unresolved reference to 'EdGraphPin'"K2Node_VariableSet_312.EdGraphPin_12950"''
[2014.12.13-20.06.54:388][865]LogProperty:Warning: ObjectProperty /Script/Engine.EdGraphPin:LinkedTo.LinkedTo: unresolved reference to 'EdGraphPin'"K2Node_VariableSet_312.EdGraphPin_12953"''
[2014.12.13-20.07.08:310][811]BlueprintLog: New page: Compile PauseLevelMenu
[2014.12.13-20.07.08:428][811]BlueprintEditorCompileResults: Info [0665.49] Compile of PauseLevelMenu successful! [in 2 ms]
[2014.12.13-20.07.15:317][344]LogContentBrowser:Verbose: The content browser source was changed by the sources view to '/Game'
[2014.12.13-20.07.24:883][262]LogContentBrowser:Verbose: The content browser source was changed by the sources view to '/Game'
[2014.12.13-20.07.33:476][195]LogSavePackage: Save=30.303782ms
[2014.12.13-20.07.33:477][195]LogSavePackage: Moving '../../../../../../Users/Jeremy/Documents/GitHub/Study-Session/Trial_third_person/Saved/PauseLevelMenu77A5FCFF42A05A5E88B66B969042449C.tmp' to '../../../../../../Users/Jeremy/Documents/GitHub/Study-Session/Trial_third_person/Content/Maps/PauseLevelMenu.umap'
[2014.12.13-20.07.57:767][292]LogParticles: Destroying 0 GPU particle simulations for FXSystem 0x0000000021B9CCC0
[2014.12.13-20.08.17:960][704]LogWindowsTextInputMethodSystem:Error: Deactivating a context failed while setting focus to the disabled TSF document manager.
[2014.12.13-20.08.17:960][704]LogWindowsTextInputMethodSystem:Error: Deactivating a context failed while setting focus to the disabled TSF document manager.
[2014.12.13-20.08.35:139][584]LogWindowsTextInputMethodSystem:Error: Deactivating a context failed while setting focus to the disabled TSF document manager.
[2014.12.13-20.08.35:139][584]LogWindowsTextInputMethodSystem:Error: Deactivating a context failed while setting focus to the disabled TSF document manager.
[2014.12.13-20.08.54:704][497]LogWindows:Error: Windows GetLastError: The operation completed successfully. (0)
[2014.12.13-20.08.54:925][497]LogCrashTracker: 


[2014.12.13-20.08.58:925][497]LogWindows:Error: Error reentered: Cast of NULL to VerticalBoxSlot failed
[2014.12.13-20.08.59:095][497]LogCrashTracker: 


[2014.12.13-20.08.59:095][497]LogWindows: === Critical error: ===
Fatal error: [File:D:\BuildFarm\buildmachine_++depot+UE4-Releases+4.5\Engine\Source\Runtime\CoreUObject\Private\Templates\Casts.cpp] [Line: 11] 
Cast of NULL to VerticalBoxSlot failed




[2014.12.13-20.08.59:315][497]LogExit: Executing StaticShutdownAfterError
[2014.12.13-20.08.59:328][497]LogWindows: FPlatformMisc::RequestExit(1)
[2014.12.13-20.08.59:328][497]Log file closed, 12/13/14 12:08:59
