Log file open, 11/20/14 15:00:50
LogInit:Display: Running engine for game: Trial_third_person
LogInit: Version: 4.5.1-2336687+++depot+UE4-Releases+4.5
LogInit: API Version: 2326478
LogInit: Compiled (64-bit): Oct 21 2014 22:32:40
LogInit: Compiled with Visual C++: 18.00.21005.01
LogInit: Build Configuration: Development
LogInit: Branch Name: ++depot+UE4-Releases+4.5
LogInit: Command line:  
LogInit: Base directory: C:/Program Files/Epic Games/4.5/Engine/Binaries/Win64/
LogInit: Rocket: 1
[2014.11.20-23.00.50:560][  0]LogTaskGraph: Started task graph with 3 named threads and 4 total threads.
[2014.11.20-23.00.50:588][  0]LogOnline:Warning: No default platform service specified for OnlineSubsystem
[2014.11.20-23.00.50:720][  0]LogInit: Presizing for 0 objects not considered by GC, pre-allocating 0 bytes.
[2014.11.20-23.00.50:730][  0]LogInit: Object subsystem initialized
[2014.11.20-23.00.50:733][  0]LogConsoleResponse:Warning: Skipping Unknown console variable: 'UIScaleRule = ShortestSide'
[2014.11.20-23.00.50:733][  0]LogConsoleResponse:Warning:   Found in ini file 'C:/Users/User/Documents/GitHub/Study-Session/Trial_third_person/Saved/Config/Windows/Engine.ini', in section '[/Script/Engine.RendererSettings]'
[2014.11.20-23.00.50:734][  0]LogConsoleResponse:Warning: Skipping Unknown console variable: 'UIScaleCurve = (EditorCurveData=(Keys=((Time=480.000000,Value=0.444000),(Time=720.000000,Value=0.666000),(Time=1080.000000,Value=1.000000),(Time=8640.000000,Value=8.000000))),ExternalCurve=None)'
[2014.11.20-23.00.50:734][  0]LogConsoleResponse:Warning:   Found in ini file 'C:/Users/User/Documents/GitHub/Study-Session/Trial_third_person/Saved/Config/Windows/Engine.ini', in section '[/Script/Engine.RendererSettings]'
[2014.11.20-23.00.50:734][  0]LogInit: Selected Device Profile: [Windows]
[2014.11.20-23.00.50:734][  0]LogInit: Applying CVar settings loaded from the selected device profile: [Windows]
[2014.11.20-23.00.50:758][  0]LogInit: Computer: USER-PC
[2014.11.20-23.00.50:758][  0]LogInit: User: User
[2014.11.20-23.00.50:759][  0]LogInit: CPU Page size=4096, Cores=2
[2014.11.20-23.00.50:759][  0]LogInit: High frequency timer resolution =2.435917 MHz
[2014.11.20-23.00.50:759][  0]LogMemory: Memory total: Physical=7.8GB (8GB approx) Virtual=8192.0GB
[2014.11.20-23.00.50:759][  0]LogMemory: Platform Memory Stats for Windows
[2014.11.20-23.00.50:759][  0]LogMemory: Process Physical Memory: 63.33 MB used, 63.33 MB peak
[2014.11.20-23.00.50:759][  0]LogMemory: Process Virtual Memory: 38.54 MB used, 38.54 MB peak
[2014.11.20-23.00.50:759][  0]LogMemory: Physical Memory: 2348.54 MB used, 7969.14 MB total
[2014.11.20-23.00.50:759][  0]LogMemory: Virtual Memory: 268.54 MB used, 8388608.00 MB total
[2014.11.20-23.00.50:812][  0]LogD3D11RHI: Found D3D11 adapter 0: Intel(R) HD Graphics 3000 (Feature Level 10_0)
[2014.11.20-23.00.50:812][  0]LogD3D11RHI: Adapter has 192MB of dedicated video memory, 0MB of dedicated system memory, and 1568MB of shared system memory, 1 output[s]
[2014.11.20-23.00.50:812][  0]LogD3D11RHI: Chosen D3D11 Adapter Id = 0
[2014.11.20-23.00.50:816][  0]LogRHI: Texture pool is 683 MB (70% of 976 MB)
[2014.11.20-23.00.50:819][  0]LogD3D11RHI: Async texture creation enabled
[2014.11.20-23.00.51:297][  0]LogTextLocalizationManager: The requested culture ('en_US') has no localization data; parent culture's ('en') localization data will be used.
[2014.11.20-23.00.51:452][  0]LogContentStreaming: Texture pool size is 0.000000MB
[2014.11.20-23.01.00:601][  0]LogTargetPlatformManager:Display: Building Assets For Windows
[2014.11.20-23.01.01:637][  0]LogTargetPlatformManager:Display: Building Assets For Windows
[2014.11.20-23.01.01:822][  0]LogDerivedDataCache:Display: Max Cache Size: 512 MB
[2014.11.20-23.01.02:487][  0]LogDerivedDataCache: Loaded boot cache 0.66s 36MB C:/Users/User/AppData/Local/UnrealEngine/4.5/DerivedDataCache/Boot.ddc.
[2014.11.20-23.01.02:487][  0]LogDerivedDataCache:Display: Loaded Boot cache: C:/Users/User/AppData/Local/UnrealEngine/4.5/DerivedDataCache/Boot.ddc
[2014.11.20-23.01.02:487][  0]LogDerivedDataCache: FDerivedDataBackendGraph:  Pak pak cache file ../../../../../../Users/User/Documents/GitHub/Study-Session/Trial_third_person/DerivedDataCache/DDC.ddp not found, will not use a pak cache.
[2014.11.20-23.01.02:487][  0]LogDerivedDataCache: Unable to find inner node Pak for hierarchical cache Hierarchy.
[2014.11.20-23.01.02:621][  0]LogDerivedDataCache:Display: Pak cache opened for reading ../../../Engine/DerivedDataCache/DDC.ddp.
[2014.11.20-23.01.02:633][  0]LogDerivedDataCache: Using Local data cache path C:/Users/User/AppData/Local/UnrealEngine/Common/DerivedDataCache: Writable
[2014.11.20-23.01.12:452][  0]LogMeshUtilities: No automatic mesh reduction module available
[2014.11.20-23.01.12:452][  0]LogMeshUtilities: No automatic mesh merging module available
[2014.11.20-23.01.14:236][  0]LogLinker:Warning: Asset '../../../Engine/Content/Functions/Engine_MaterialFunctions02/Texturing/FlipBook.uasset' has been saved with empty engine version. The asset will be loaded but may be incompatible.
[2014.11.20-23.01.14:272][  0]LogLinker:Warning: Asset '../../../Engine/Content/Functions/Engine_MaterialFunctions02/ExampleContent/Textures/flipbook.uasset' has been saved with empty engine version. The asset will be loaded but may be incompatible.
[2014.11.20-23.01.16:678][  0]LogInit: WinSock: version 1.1 (2.2), MaxSocks=32767, MaxUdp=65467
[2014.11.20-23.01.35:692][  0]UdpMessaging: Initializing bridge on interface 0.0.0.0:0 to multicast group 230.0.0.1:6666.
[2014.11.20-23.01.36:318][  0]LogDirectoryWatcher:Warning: Failed to begin reading directory changes for C:/Users/User/Documents/GitHub/Study-Session/Trial_third_person/Binaries/Win64. Error: 0
[2014.11.20-23.01.37:149][  0]SourceControl: Info Source control is disabled
[2014.11.20-23.01.37:155][  0]SourceControl: Info Source control is disabled
[2014.11.20-23.01.37:172][  0]SourceControl: Info Source control is disabled
[2014.11.20-23.01.37:722][  0]LogObj: 22915 objects as part of root set at end of initial load.
[2014.11.20-23.01.37:722][  0]LogUObjectAllocator: 4803536 out of 0 bytes used by permanent object pool.
[2014.11.20-23.01.38:243][  0]LogEngine: Initializing Engine...
[2014.11.20-23.01.38:894][  0]LogInit: XAudio2 using 'Speakers (Realtek High Definition Audio)' : 2 channels at 48 kHz using 32 bits per sample (channel mask 0x3)
[2014.11.20-23.01.38:942][  0]LogInit: FAudioDevice initialized.
[2014.11.20-23.01.39:308][  0]LogAIModule: Creating AISystem for world NewWorld
[2014.11.20-23.01.39:459][  0]LogDerivedDataCache: Saved boot cache 0.02s 36MB C:/Users/User/AppData/Local/UnrealEngine/4.5/DerivedDataCache/Boot.ddc.
[2014.11.20-23.01.39:465][  0]LogInit: Texture streaming: Enabled
[2014.11.20-23.01.39:586][  0]LogInit: Transaction tracking system initialized
[2014.11.20-23.01.39:787][  0]BlueprintLog: New page: Editor Load
[2014.11.20-23.01.40:061][  0]LogAssetRegistry: FAssetRegistry took 0.0101 seconds to start up
[2014.11.20-23.01.40:061][  0]LogDirectoryWatcher:Warning: Failed to begin reading directory changes for ../../../Engine/Plugins/Experimental/CharacterAI/Content/. Error: 0
[2014.11.20-23.01.42:128][  0]LogTargetPlatformManager:Display: Building Assets For Windows
[2014.11.20-23.01.42:556][  0]LogTargetPlatformManager:Display: Building Assets For Windows
[2014.11.20-23.01.43:551][  0]LogConsoleResponse:Display: 
[2014.11.20-23.01.46:660][  0]SourceControl: Info Source control is disabled
[2014.11.20-23.01.46:670][  0]Cmd: MAP LOAD FILE="../../../../../../Users/User/Documents/GitHub/Study-Session/Trial_third_person/Content/Maps/Example_Map.umap" TEMPLATE=0 SHOWPROGRESS=1
[2014.11.20-23.01.46:713][  0]LightingResults: New page: Lighting Build
[2014.11.20-23.01.46:754][  0]MapCheck: New page: Map Check
[2014.11.20-23.01.46:754][  0]LightingResults: New page: Lighting Build
[2014.11.20-23.01.46:779][  0]LogParticles: Destroying 0 GPU particle simulations for FXSystem 0x0000000010D645E0
[2014.11.20-23.01.48:727][  0]LogEditorServer: Finished looking for orphan Actors (0.000 secs)
[2014.11.20-23.01.48:745][  0]LogAIModule: Creating AISystem for world Example_Map
[2014.11.20-23.01.48:787][  0]Cmd: MAP CHECKDEP
[2014.11.20-23.01.48:808][  0]MapCheck: New page: Example_Map - Nov 20, 2014, 7:01:48 AM
[2014.11.20-23.01.48:994][  0]MapCheck: Info Map check complete: 0 Error(s), 0 Warning(s), took 195.736ms to complete.
[2014.11.20-23.01.48:994][  0]LogFileHelpers: Loading map 'Example_Map' took 2.329
[2014.11.20-23.01.50:290][  0]LogCollectionManager: Loaded 0 collections in 0.001452 seconds
[2014.11.20-23.01.50:861][  0]LogCrashTracker: Crashtracker disabled due to settings.
[2014.11.20-23.01.51:118][  0]LogUObjectGlobals:Warning: Failed to find object 'Class None.'
[2014.11.20-23.01.51:185][  0]LogLoad: Full Startup: 65.12 seconds (BP compile: 0.49 seconds)
[2014.11.20-23.01.51:530][  0]LogContentBrowser:Verbose: The content browser source was changed by the sources view to '/Game/Maps'
[2014.11.20-23.01.52:113][  0]LogRenderer:Warning: Reallocating scene render targets to support 696x592.
[2014.11.20-23.01.53:374][  3]LogAssetRegistry: Asset discovery search completed in 13.3242 seconds
[2014.11.21-02.22.21:161][142]Cmd: EDCALLBACK SURFPROPS
[2014.11.21-02.22.26:178][208]LogEditorViewport: Clicking on Actor (LMB): PhysicsConstraintActor (PhysicsConstraintActor1)
[2014.11.21-02.22.26:942][212]LogEditorViewport: Clicking on Actor (LMB): PhysicsConstraintActor (PhysicsConstraintActor1)
[2014.11.21-02.22.30:170][338]LogEditorViewport: Clicking on Actor (LMB): StaticMeshActor (Shape_Cube)
[2014.11.21-02.22.36:369][485]LogEditorViewport: Clicking on Actor (LMB): StaticMeshActor (MaterialSphere_2)
[2014.11.21-02.22.38:860][609]LogPlayLevel: PIE:  No blueprints needed recompiling
[2014.11.21-02.22.38:888][609]PIE: New page: PIE session: Example_Map (Nov 20, 2014, 10:22:38 AM)
[2014.11.21-02.22.39:356][609]LogPlayLevel: PIE: StaticDuplicateObject took: (0.468239s)
[2014.11.21-02.22.39:357][609]LogPlayLevel: PIE: World Init took: (0.000874s)
[2014.11.21-02.22.39:357][609]LogPlayLevel: PIE: Created PIE world by copying editor world from /Game/Maps/Example_Map.Example_Map to /Game/Maps/UEDPIE_0_Example_Map.Example_Map (0.469336s)
[2014.11.21-02.22.41:490][609]LogWorld: Game class is 'MyGame_C'
[2014.11.21-02.22.41:953][609]LogAIModule: Creating AISystem for world Example_Map
[2014.11.21-02.22.41:967][609]LogWorld: Bringing World /Game/Maps/UEDPIE_0_Example_Map.Example_Map up for play (max tick rate 60) at 2014.11.20-18.22.41
[2014.11.21-02.22.42:126][609]LogWorld: Bringing up level for play took: 0.173387
[2014.11.21-02.22.42:902][609]PIE: Info Play in editor start time for /Game/Maps/UEDPIE_0_Example_Map 4.591
[2014.11.21-02.23.15:521][816]LogBlueprintUserMessages: -1181.827515
[2014.11.21-02.23.15:522][816]LogBlueprintUserMessages: 0.618172
[2014.11.21-02.23.18:812][944]LogBlueprintUserMessages: -1186.828857
[2014.11.21-02.23.18:812][944]LogBlueprintUserMessages: 0.250547
[2014.11.21-02.23.22:628][ 91]LogBlueprintUserMessages: -1184.648804
[2014.11.21-02.23.22:628][ 91]LogBlueprintUserMessages: -0.112053
[2014.11.21-02.23.25:885][216]LogBlueprintUserMessages: -1191.025146
[2014.11.21-02.23.25:885][216]LogBlueprintUserMessages: -0.484328
[2014.11.21-02.23.37:158][670]LogParticles: Destroying 0 GPU particle simulations for FXSystem 0x000000002166B060
[2014.11.21-02.23.39:496][779]LogContentBrowser:Verbose: The content browser source was changed by the sources view to '/Game/Blueprints'
[2014.11.21-02.23.45:315][ 45]LogContentBrowser:Verbose: The content browser source was changed by the sources view to '/Game/Animations'
[2014.11.21-02.23.46:495][ 78]LogContentBrowser:Verbose: The content browser source was changed by the sources view to '/Game/Character'
[2014.11.21-02.23.46:999][ 81]LogActorComponent: UnregisterComponent: (/Engine/Transient.CharacterMovementComponent_0) Not registered. Aborting.
[2014.11.21-02.23.47:758][ 81]LogSavePackage: Save=424.260345ms
[2014.11.21-02.23.47:759][ 81]LogSavePackage: Moving '../../../../../../Users/User/Documents/GitHub/Study-Session/Trial_third_person/Saved/Example_Map_Auto12FB02B78494947282389029610DE3C76.tmp' to '../../../../../../Users/User/Documents/GitHub/Study-Session/Trial_third_person/Saved/Autosaves/Game/Maps/Example_Map_Auto1.umap'
[2014.11.21-02.23.47:787][ 81]LogFileHelpers: Editor autosave (incl. sublevels) for '/Game/Maps/Example_Map' took 0.788
[2014.11.21-02.23.47:787][ 81]LogFileHelpers: Editor autosave (incl. sublevels) for all levels took 0.788
[2014.11.21-02.23.51:242][180]LogContentBrowser:Verbose: The content browser source was changed by the sources view to '/Game/StarterContent'
[2014.11.21-02.23.51:755][202]LogContentBrowser:Verbose: The content browser source was changed by the sources view to '/Game/Maps'
[2014.11.21-02.23.52:801][258]LogContentBrowser:Verbose: The content browser source was changed by the sources view to '/Game/UMG'
[2014.11.21-02.23.53:386][293]LogContentBrowser:Verbose: The content browser source was changed by the sources view to '/Game/StarterContent'
[2014.11.21-02.23.53:998][329]LogContentBrowser:Verbose: The content browser source was changed by the sources view to '/Game/Maps'
[2014.11.21-02.23.54:940][385]LogContentBrowser:Verbose: The content browser source was changed by the sources view to '/Game/UMG'
[2014.11.21-02.23.55:575][423]LogContentBrowser:Verbose: The content browser source was changed by the sources view to '/Game/StarterContent'
[2014.11.21-02.23.56:670][488]LogContentBrowser:Verbose: The content browser source was changed by the sources view to '/Game/UMG'
[2014.11.21-02.23.57:322][527]LogContentBrowser:Verbose: The content browser source was changed by the sources view to '/Game/StarterContent'
[2014.11.21-02.23.58:000][567]LogContentBrowser:Verbose: The content browser source was changed by the sources view to '/Game/UMG'
[2014.11.21-02.23.59:435][653]LogContentBrowser:Verbose: The content browser source was changed by the sources view to '/Game/StarterContent'
[2014.11.21-02.24.01:542][778]LogContentBrowser:Verbose: The content browser source was changed by the sources view to '/Game/StarterContent/Audio'
[2014.11.21-02.25.13:409][475]LogSavePackage: Save=251.988876ms
[2014.11.21-02.25.13:410][475]LogSavePackage: Moving '../../../../../../Users/User/Documents/GitHub/Study-Session/Trial_third_person/Saved/Example_Map18032DCC48910C8A307262B9BE6A27AE.tmp' to '../../../../../../Users/User/Documents/GitHub/Study-Session/Trial_third_person/Content/Maps/Example_Map.umap'
[2014.11.21-02.25.13:538][475]LogFileHelpers: Saving map 'Example_Map' took 0.547
[2014.11.21-02.25.22:236][771]LogEditorViewport: Clicking on Actor (LMB): TextRenderActor (TemplateLabel)
[2014.11.21-02.25.38:542][661]LogTexture:Display: Building textures: Texture2D_2 (G8)
[2014.11.21-02.25.55:278][852]LogSavePackage: Save=58.811115ms
[2014.11.21-02.25.55:278][852]LogSavePackage: Moving '../../../../../../Users/User/Documents/GitHub/Study-Session/Trial_third_person/Saved/Example_Map2A514C744052E2F9146D4C9A0E3392A6.tmp' to '../../../../../../Users/User/Documents/GitHub/Study-Session/Trial_third_person/Content/Maps/Example_Map.umap'
[2014.11.21-02.25.55:403][852]LogFileHelpers: Saving map 'Example_Map' took 0.358
[2014.11.21-02.25.56:414][853]Cmd: QUIT_EDITOR
[2014.11.21-02.25.56:425][853]LogActorComponent: UnregisterComponent: (/Engine/Transient.StaticMeshComponent_17) Not registered. Aborting.
[2014.11.21-02.25.56:996][853]LogExit: Preparing to exit.
[2014.11.21-02.25.57:782][853]LogExit: Editor shut down
[2014.11.21-02.25.57:782][853]LogExit: Transaction tracking system shut down
[2014.11.21-02.25.57:783][853]LogParticles: Destroying 0 GPU particle simulations for FXSystem 0x0000000015506520
[2014.11.21-02.25.57:783][853]LogParticles: Destroying 0 GPU particle simulations for FXSystem 0x000000000C9BFE20
[2014.11.21-02.25.57:783][853]LogParticles: Destroying 0 GPU particle simulations for FXSystem 0x000000000C9BFBA0
[2014.11.21-02.25.57:784][853]LogParticles: Destroying 0 GPU particle simulations for FXSystem 0x00000000213FCB80
[2014.11.21-02.25.57:784][853]LogParticles: Destroying 0 GPU particle simulations for FXSystem 0x000000000C932CA0
[2014.11.21-02.25.58:797][853]LogParticles: Destroying 0 GPU particle simulations for FXSystem 0x000000000C932F20
[2014.11.21-02.25.58:797][853]LogParticles: Destroying 0 GPU particle simulations for FXSystem 0x00000000213FD580
[2014.11.21-02.25.58:797][853]LogParticles: Destroying 0 GPU particle simulations for FXSystem 0x000000002AE819E0
[2014.11.21-02.25.58:797][853]LogExit: Object subsystem successfully closed.
[2014.11.21-02.25.59:353][853]LogModuleManager: Shutting down and abandoning module SoundCueEditor (167)
[2014.11.21-02.25.59:353][853]LogModuleManager: Shutting down and abandoning module AndroidDeviceDetection (166)
[2014.11.21-02.25.59:353][853]LogModuleManager: Shutting down and abandoning module CrashTracker (165)
[2014.11.21-02.25.59:353][853]LogModuleManager: Shutting down and abandoning module SuperSearch (164)
[2014.11.21-02.25.59:353][853]LogModuleManager: Shutting down and abandoning module SceneOutliner (163)
[2014.11.21-02.25.59:353][853]LogModuleManager: Shutting down and abandoning module EditorWidgets (162)
[2014.11.21-02.25.59:353][853]LogModuleManager: Shutting down and abandoning module CollectionManager (161)
[2014.11.21-02.25.59:371][853]LogModuleManager: Shutting down and abandoning module StatsViewer (160)
[2014.11.21-02.25.59:380][853]LogModuleManager: Shutting down and abandoning module FoliageEdit (159)
[2014.11.21-02.25.59:380][853]LogModuleManager: Shutting down and abandoning module LandscapeEditor (158)
[2014.11.21-02.25.59:380][853]LogModuleManager: Shutting down and abandoning module MeshPaint (157)
[2014.11.21-02.25.59:380][853]LogModuleManager: Shutting down and abandoning module ActorPickerMode (156)
[2014.11.21-02.25.59:380][853]LogModuleManager: Shutting down and abandoning module GeometryMode (155)
[2014.11.21-02.25.59:380][853]LogModuleManager: Shutting down and abandoning module TextureAlignMode (154)
[2014.11.21-02.25.59:380][853]LogModuleManager: Shutting down and abandoning module BspMode (153)
[2014.11.21-02.25.59:380][853]LogModuleManager: Shutting down and abandoning module PlacementMode (152)
[2014.11.21-02.25.59:380][853]LogModuleManager: Shutting down and abandoning module AutomationWorker (151)
[2014.11.21-02.25.59:380][853]LogModuleManager: Shutting down and abandoning module CharacterAI (150)
[2014.11.21-02.25.59:380][853]LogModuleManager: Shutting down and abandoning module GameProjectGeneration (149)
[2014.11.21-02.25.59:396][853]LogModuleManager: Shutting down and abandoning module IntroTutorials (148)
[2014.11.21-02.25.59:418][853]LogModuleManager: Shutting down and abandoning module EditorLiveStreaming (147)
[2014.11.21-02.25.59:418][853]LogModuleManager: Shutting down and abandoning module HardwareTargeting (146)
[2014.11.21-02.25.59:418][853]LogModuleManager: Shutting down and abandoning module BehaviorTreeEditor (145)
[2014.11.21-02.25.59:430][853]LogModuleManager: Shutting down and abandoning module DeviceProfileEditor (144)
[2014.11.21-02.25.59:437][853]LogModuleManager: Shutting down and abandoning module UndoHistory (143)
[2014.11.21-02.25.59:437][853]LogModuleManager: Shutting down and abandoning module GameplayTagsEditor (142)
[2014.11.21-02.25.59:450][853]LogModuleManager: Shutting down and abandoning module UserFeedback (141)
[2014.11.21-02.25.59:450][853]LogModuleManager: Shutting down and abandoning module XmlParser (140)
[2014.11.21-02.25.59:457][853]LogModuleManager: Shutting down and abandoning module Blutility (139)
[2014.11.21-02.25.59:467][853]LogModuleManager: Shutting down and abandoning module IOSPlatformEditor (138)
[2014.11.21-02.25.59:467][853]LogModuleManager: Shutting down and abandoning module IOSRuntimeSettings (137)
[2014.11.21-02.25.59:467][853]LogModuleManager: Shutting down and abandoning module AndroidPlatformEditor (136)
[2014.11.21-02.25.59:467][853]LogModuleManager: Shutting down and abandoning module AndroidRuntimeSettings (135)
[2014.11.21-02.25.59:467][853]LogModuleManager: Shutting down and abandoning module ProjectTargetPlatformEditor (134)
[2014.11.21-02.25.59:468][853]LogModuleManager: Shutting down and abandoning module ProjectSettingsViewer (133)
[2014.11.21-02.25.59:468][853]LogModuleManager: Shutting down and abandoning module InputBindingEditor (132)
[2014.11.21-02.25.59:478][853]LogModuleManager: Shutting down and abandoning module EditorSettingsViewer (131)
[2014.11.21-02.25.59:478][853]LogModuleManager: Shutting down and abandoning module SettingsEditor (130)
[2014.11.21-02.25.59:493][853]LogModuleManager: Shutting down and abandoning module ProjectLauncher (129)
[2014.11.21-02.25.59:502][853]LogModuleManager: Shutting down and abandoning module SessionFrontend (128)
[2014.11.21-02.25.59:512][853]LogModuleManager: Shutting down and abandoning module ProfilerClient (127)
[2014.11.21-02.25.59:526][853]LogModuleManager: Shutting down and abandoning module TargetDeviceServices (126)
[2014.11.21-02.25.59:541][853]LogModuleManager: Shutting down and abandoning module DeviceManager (125)
[2014.11.21-02.25.59:554][853]LogModuleManager: Shutting down and abandoning module AutomationController (124)
[2014.11.21-02.25.59:562][853]LogModuleManager: Shutting down and abandoning module AutomationWindow (123)
[2014.11.21-02.25.59:572][853]LogModuleManager: Shutting down and abandoning module Layers (122)
[2014.11.21-02.25.59:586][853]LogModuleManager: Shutting down and abandoning module ComponentVisualizers (121)
[2014.11.21-02.25.59:586][853]LogModuleManager: Shutting down and abandoning module DetailCustomizations (120)
[2014.11.21-02.25.59:586][853]LogModuleManager: Shutting down and abandoning module PackagesDialog (119)
[2014.11.21-02.25.59:587][853]LogModuleManager: Shutting down and abandoning module AssetRegistry (118)
[2014.11.21-02.25.59:614][853]LogModuleManager: Shutting down and abandoning module Persona (117)
[2014.11.21-02.25.59:710][853]LogModuleManager: Shutting down and abandoning module Kismet (116)
[2014.11.21-02.25.59:762][853]LogModuleManager: Shutting down and abandoning module GraphEditor (115)
[2014.11.21-02.25.59:762][853]LogModuleManager: Shutting down and abandoning module ClassViewer (114)
[2014.11.21-02.25.59:762][853]LogModuleManager: Shutting down and abandoning module Toolbox (113)
[2014.11.21-02.25.59:762][853]LogModuleManager: Shutting down and abandoning module ModuleUI (112)
[2014.11.21-02.25.59:785][853]LogModuleManager: Shutting down and abandoning module MovieSceneTools (111)
[2014.11.21-02.25.59:864][853]LogModuleManager: Shutting down and abandoning module OutputLog (110)
[2014.11.21-02.25.59:864][853]LogModuleManager: Shutting down and abandoning module GammaUI (109)
[2014.11.21-02.25.59:885][853]LogModuleManager: Shutting down and abandoning module Documentation (108)
[2014.11.21-02.25.59:886][853]LogModuleManager: Shutting down and abandoning module GameLiveStreaming (107)
[2014.11.21-02.25.59:886][853]LogModuleManager: Shutting down and abandoning module StreamingPauseRendering (106)
[2014.11.21-02.25.59:886][853]LogModuleManager: Shutting down and abandoning module HTTP (105)
[2014.11.21-02.25.59:886][853]LogModuleManager: Shutting down and abandoning module AnalyticsET (104)
[2014.11.21-02.25.59:886][853]LogModuleManager: Shutting down and abandoning module Analytics (103)
[2014.11.21-02.25.59:886][853]LogModuleManager: Shutting down and abandoning module GameplayDebugger (102)
[2014.11.21-02.25.59:886][853]LogModuleManager: Shutting down and abandoning module AIModule (101)
[2014.11.21-02.25.59:901][853]LogModuleManager: Shutting down and abandoning module ProfilerService (100)
[2014.11.21-02.26.00:075][853]LogModuleManager: Shutting down and abandoning module TaskGraph (99)
[2014.11.21-02.26.00:088][853]LogModuleManager: Shutting down and abandoning module SlateRemote (98)
[2014.11.21-02.26.00:088][853]LogModuleManager: Shutting down and abandoning module ScriptEditorPlugin (97)
[2014.11.21-02.26.00:088][853]LogModuleManager: Shutting down and abandoning module CustomMeshComponent (96)
[2014.11.21-02.26.00:088][853]LogModuleManager: Shutting down and abandoning module CableComponent (95)
[2014.11.21-02.26.00:088][853]LogModuleManager: Shutting down and abandoning module MessagingDebugger (94)
[2014.11.21-02.26.00:110][853]LogModuleManager: Shutting down and abandoning module MediaPlayerEditor (93)
[2014.11.21-02.26.00:127][853]LogModuleManager: Shutting down and abandoning module SpeedTreeImporter (92)
[2014.11.21-02.26.00:127][853]LogModuleManager: Shutting down and abandoning module PluginsEditor (91)
[2014.11.21-02.26.00:141][853]LogModuleManager: Shutting down and abandoning module EpicSurvey (90)
[2014.11.21-02.26.00:141][853]LogModuleManager: Shutting down and abandoning module DesktopPlatform (89)
[2014.11.21-02.26.00:150][853]LogModuleManager: Shutting down and abandoning module VisualStudioSourceCodeAccess (88)
[2014.11.21-02.26.00:154][853]LogModuleManager: Shutting down and abandoning module UObjectPlugin (87)
[2014.11.21-02.26.00:154][853]LogModuleManager: Shutting down and abandoning module SubversionSourceControl (86)
[2014.11.21-02.26.00:162][853]LogModuleManager: Shutting down and abandoning module SourceControl (85)
[2014.11.21-02.26.00:162][853]LogModuleManager: Shutting down and abandoning module PerforceSourceControl (84)
[2014.11.21-02.26.00:198][853]LogModuleManager: Shutting down and abandoning module BlankPlugin (83)
[2014.11.21-02.26.00:198][853]LogModuleManager: Shutting down and abandoning module SlateReflector (82)
[2014.11.21-02.26.00:217][853]LogModuleManager: Shutting down and abandoning module DirectoryWatcher (81)
[2014.11.21-02.26.00:217][853]LogModuleManager: Shutting down and abandoning module HotReload (80)
[2014.11.21-02.26.00:227][853]LogModuleManager: Shutting down and abandoning module MainFrame (79)
[2014.11.21-02.26.00:227][853]LogModuleManager: Shutting down and abandoning module LevelEditor (78)
[2014.11.21-02.26.00:228][853]LogModuleManager: Shutting down and abandoning module ViewportSnapping (77)
[2014.11.21-02.26.00:228][853]LogModuleManager: Shutting down and abandoning module SmartSnapping (76)
[2014.11.21-02.26.00:228][853]LogModuleManager: Shutting down and abandoning module PaperTiledImporter (75)
[2014.11.21-02.26.00:228][853]LogModuleManager: Shutting down and abandoning module PaperJsonImporter (74)
[2014.11.21-02.26.00:232][853]LogModuleManager: Shutting down and abandoning module ContentBrowser (73)
[2014.11.21-02.26.00:232][853]LogModuleManager: Shutting down and abandoning module PropertyEditor (72)
[2014.11.21-02.26.00:232][853]LogModuleManager: Shutting down and abandoning module Paper2DEditor (71)
[2014.11.21-02.26.00:254][853]LogModuleManager: Shutting down and abandoning module ScriptPlugin (70)
[2014.11.21-02.26.00:260][853]LogModuleManager: Shutting down and abandoning module UdpMessaging (69)
[2014.11.21-02.26.00:360][853]LogModuleManager: Shutting down and abandoning module Paper2D (68)
[2014.11.21-02.26.00:369][853]LogModuleManager: Shutting down and abandoning module WindowsMoviePlayer (67)
[2014.11.21-02.26.00:385][853]LogModuleManager: Shutting down and abandoning module Media (66)
[2014.11.21-02.26.00:385][853]LogModuleManager: Shutting down and abandoning module WmfMedia (65)
[2014.11.21-02.26.00:434][853]LogModuleManager: Shutting down and abandoning module OnlineBlueprintSupport (64)
[2014.11.21-02.26.00:434][853]LogModuleManager: Shutting down and abandoning module FunctionalTesting (63)
[2014.11.21-02.26.00:434][853]LogModuleManager: Shutting down and abandoning module CollisionAnalyzer (62)
[2014.11.21-02.26.00:445][853]LogModuleManager: Shutting down and abandoning module WorkspaceMenuStructure (61)
[2014.11.21-02.26.00:445][853]LogModuleManager: Shutting down and abandoning module MessageLog (60)
[2014.11.21-02.26.00:445][853]LogModuleManager: Shutting down and abandoning module Sequencer (59)
[2014.11.21-02.26.00:466][853]LogModuleManager: Shutting down and abandoning module AssetTools (58)
[2014.11.21-02.26.00:499][853]LogModuleManager: Shutting down and abandoning module UMGEditor (57)
[2014.11.21-02.26.00:514][853]LogModuleManager: Shutting down and abandoning module UMG (56)
[2014.11.21-02.26.00:514][853]LogModuleManager: Shutting down and abandoning module Slate (55)
[2014.11.21-02.26.00:514][853]LogModuleManager: Shutting down and abandoning module EditorStyle (54)
[2014.11.21-02.26.00:554][853]LogModuleManager: Shutting down and abandoning module SessionServices (53)
[2014.11.21-02.26.00:554][853]LogModuleManager: Shutting down and abandoning module SourceCodeAccess (52)
[2014.11.21-02.26.00:554][853]LogModuleManager: Shutting down and abandoning module HeadMountedDisplay (51)
[2014.11.21-02.26.00:554][853]LogModuleManager: Shutting down and abandoning module XAudio2 (50)
[2014.11.21-02.26.00:554][853]LogModuleManager: Shutting down and abandoning module Networking (48)
[2014.11.21-02.26.00:554][853]LogModuleManager: Shutting down and abandoning module Core (47)
[2014.11.21-02.26.00:554][853]LogModuleManager: Shutting down and abandoning module KismetCompiler (46)
[2014.11.21-02.26.00:554][853]LogModuleManager: Shutting down and abandoning module PhysXFormats (45)
[2014.11.21-02.26.00:554][853]LogModuleManager: Shutting down and abandoning module MeshUtilities (44)
[2014.11.21-02.26.00:577][853]LogModuleManager: Shutting down and abandoning module DerivedDataCache (43)
[2014.11.21-02.26.00:599][853]LogDerivedDataCache: Shutdown
[2014.11.21-02.26.00:599][853]LogModuleManager: Shutting down and abandoning module ShaderFormatOpenGL (42)
[2014.11.21-02.26.00:623][853]LogModuleManager: Shutting down and abandoning module ShaderFormatD3D (41)
[2014.11.21-02.26.00:644][853]LogModuleManager: Shutting down and abandoning module MetalShaderFormat (40)
[2014.11.21-02.26.00:657][853]LogModuleManager: Shutting down and abandoning module TextureFormatUncompressed (39)
[2014.11.21-02.26.00:657][853]LogModuleManager: Shutting down and abandoning module TextureFormatPVR (38)
[2014.11.21-02.26.00:666][853]LogModuleManager: Shutting down and abandoning module TextureFormatDXT (37)
[2014.11.21-02.26.00:670][853]LogModuleManager: Shutting down and abandoning module TextureFormatAndroid (36)
[2014.11.21-02.26.00:670][853]LogModuleManager: Shutting down and abandoning module AudioFormatOpus (35)
[2014.11.21-02.26.00:675][853]LogModuleManager: Shutting down and abandoning module AudioFormatOgg (34)
[2014.11.21-02.26.00:675][853]LogModuleManager: Shutting down and abandoning module AudioFormatADPCM (33)
[2014.11.21-02.26.00:675][853]LogModuleManager: Shutting down and abandoning module Messaging (32)
[2014.11.21-02.26.00:675][853]LogModuleManager: Shutting down and abandoning module IOSTargetPlatform (31)
[2014.11.21-02.26.00:675][853]LogModuleManager: Shutting down and abandoning module Android_PVRTCTargetPlatform (30)
[2014.11.21-02.26.00:675][853]LogModuleManager: Shutting down and abandoning module Android_ETC2TargetPlatform (29)
[2014.11.21-02.26.00:675][853]LogModuleManager: Shutting down and abandoning module Android_ETC1TargetPlatform (28)
[2014.11.21-02.26.00:675][853]LogModuleManager: Shutting down and abandoning module Android_DXTTargetPlatform (27)
[2014.11.21-02.26.00:675][853]LogModuleManager: Shutting down and abandoning module Android_ATCTargetPlatform (26)
[2014.11.21-02.26.00:675][853]LogModuleManager: Shutting down and abandoning module AndroidTargetPlatform (25)
[2014.11.21-02.26.00:675][853]LogModuleManager: Shutting down and abandoning module WindowsTargetPlatform (24)
[2014.11.21-02.26.00:675][853]LogModuleManager: Shutting down and abandoning module WindowsServerTargetPlatform (23)
[2014.11.21-02.26.00:675][853]LogModuleManager: Shutting down and abandoning module WindowsNoEditorTargetPlatform (22)
[2014.11.21-02.26.00:675][853]LogModuleManager: Shutting down and abandoning module WindowsClientTargetPlatform (21)
[2014.11.21-02.26.00:675][853]LogModuleManager: Shutting down and abandoning module TargetPlatform (20)
[2014.11.21-02.26.00:675][853]LogModuleManager: Shutting down and abandoning module InputCore (19)
[2014.11.21-02.26.00:675][853]LogModuleManager: Shutting down and abandoning module Settings (18)
[2014.11.21-02.26.00:675][853]LogModuleManager: Shutting down and abandoning module ImageWrapper (17)
[2014.11.21-02.26.00:675][853]LogModuleManager: Shutting down and abandoning module OculusRift (14)
[2014.11.21-02.26.00:687][853]LogModuleManager: Shutting down and abandoning module ExampleDeviceProfileSelector (13)
[2014.11.21-02.26.00:687][853]LogModuleManager: Shutting down and abandoning module TextureCompressor (12)
[2014.11.21-02.26.00:687][853]LogModuleManager: Shutting down and abandoning module ShaderCore (11)
[2014.11.21-02.26.00:687][853]LogModuleManager: Shutting down and abandoning module SlateRHIRenderer (10)
[2014.11.21-02.26.00:695][853]LogModuleManager: Shutting down and abandoning module OpenGLDrv (9)
[2014.11.21-02.26.00:695][853]LogModuleManager: Shutting down and abandoning module D3D11RHI (8)
[2014.11.21-02.26.00:695][853]LogModuleManager: Shutting down and abandoning module Renderer (7)
[2014.11.21-02.26.00:695][853]LogModuleManager: Shutting down and abandoning module Engine (6)
[2014.11.21-02.26.00:695][853]LogModuleManager: Shutting down and abandoning module CoreUObject (5)
[2014.11.21-02.26.00:695][853]LogModuleManager: Shutting down and abandoning module NetworkFile (4)
[2014.11.21-02.26.00:702][853]LogModuleManager: Shutting down and abandoning module StreamingFile (3)
[2014.11.21-02.26.00:715][853]LogModuleManager: Shutting down and abandoning module SandboxFile (2)
[2014.11.21-02.26.00:723][853]LogModuleManager: Shutting down and abandoning module PakFile (1)
[2014.11.21-02.26.00:752][853]LogExit: Exiting.
[2014.11.21-02.26.00:772][853]Log file closed, 11/20/14 18:26:00
