Log file open, 12/05/14 13:56:57
LogInit:Display: Running engine for game: Trial_third_person
LogInit: Version: 4.5.1-2336687+++depot+UE4-Releases+4.5
LogInit: API Version: 2326478
LogInit: Compiled (64-bit): Oct 21 2014 22:32:40
LogInit: Compiled with Visual C++: 18.00.21005.01
LogInit: Build Configuration: Development
LogInit: Branch Name: ++depot+UE4-Releases+4.5
LogInit: Command line:  
LogInit: Base directory: C:/Program Files/Epic Games/4.5/Engine/Binaries/Win64/
LogInit: Rocket: 1
[2014.12.05-21.56.57:933][  0]LogTaskGraph: Started task graph with 3 named threads and 4 total threads.
[2014.12.05-21.56.58:009][  0]LogOnline:Warning: No default platform service specified for OnlineSubsystem
[2014.12.05-21.56.58:125][  0]LogInit: Presizing for 0 objects not considered by GC, pre-allocating 0 bytes.
[2014.12.05-21.56.58:137][  0]LogInit: Object subsystem initialized
[2014.12.05-21.56.58:141][  0]LogConsoleResponse:Warning: Skipping Unknown console variable: 'UIScaleRule = ShortestSide'
[2014.12.05-21.56.58:141][  0]LogConsoleResponse:Warning:   Found in ini file 'D:/Study-Session/Trial_third_person/Saved/Config/Windows/Engine.ini', in section '[/Script/Engine.RendererSettings]'
[2014.12.05-21.56.58:141][  0]LogConsoleResponse:Warning: Skipping Unknown console variable: 'UIScaleCurve = (EditorCurveData=(Keys=((Time=480.000000,Value=0.444000),(Time=720.000000,Value=0.666000),(Time=1080.000000,Value=1.000000),(Time=8640.000000,Value=8.000000))),ExternalCurve=None)'
[2014.12.05-21.56.58:141][  0]LogConsoleResponse:Warning:   Found in ini file 'D:/Study-Session/Trial_third_person/Saved/Config/Windows/Engine.ini', in section '[/Script/Engine.RendererSettings]'
[2014.12.05-21.56.58:141][  0]LogInit: Selected Device Profile: [Windows]
[2014.12.05-21.56.58:141][  0]LogInit: Applying CVar settings loaded from the selected device profile: [Windows]
[2014.12.05-21.56.58:152][  0]LogInit: Computer: ZEN-MATT
[2014.12.05-21.56.58:152][  0]LogInit: User: Matt
[2014.12.05-21.56.58:157][  0]LogInit: CPU Page size=4096, Cores=2
[2014.12.05-21.56.58:157][  0]LogInit: High frequency timer resolution =2.338554 MHz
[2014.12.05-21.56.58:157][  0]LogMemory: Memory total: Physical=3.9GB (4GB approx) Virtual=8192.0GB
[2014.12.05-21.56.58:157][  0]LogMemory: Platform Memory Stats for Windows
[2014.12.05-21.56.58:157][  0]LogMemory: Process Physical Memory: 65.39 MB used, 65.39 MB peak
[2014.12.05-21.56.58:157][  0]LogMemory: Process Virtual Memory: 40.30 MB used, 40.30 MB peak
[2014.12.05-21.56.58:157][  0]LogMemory: Physical Memory: 2475.82 MB used, 3981.98 MB total
[2014.12.05-21.56.58:157][  0]LogMemory: Virtual Memory: 272.19 MB used, 8388608.00 MB total
[2014.12.05-21.56.58:234][  0]LogD3D11RHI: Found D3D11 adapter 0: Intel(R) HD Graphics 4000 (Feature Level 11_0)
[2014.12.05-21.56.58:234][  0]LogD3D11RHI: Adapter has 64MB of dedicated video memory, 0MB of dedicated system memory, and 1632MB of shared system memory, 1 output[s]
[2014.12.05-21.56.58:234][  0]LogD3D11RHI: Chosen D3D11 Adapter Id = 0
[2014.12.05-21.56.58:260][  0]LogRHI: Texture pool is 616 MB (70% of 880 MB)
[2014.12.05-21.56.58:346][  0]LogD3D11RHI: Async texture creation enabled
[2014.12.05-21.56.58:417][  0]LogTextLocalizationManager: The requested culture ('en_US') has no localization data; parent culture's ('en') localization data will be used.
[2014.12.05-21.56.58:587][  0]LogContentStreaming: Texture pool size is 0.000000MB
[2014.12.05-21.57.04:461][  0]LogTargetPlatformManager:Display: Building Assets For Windows
[2014.12.05-21.57.05:097][  0]LogTargetPlatformManager:Display: Building Assets For Windows
[2014.12.05-21.57.05:178][  0]LogDerivedDataCache:Display: Max Cache Size: 512 MB
[2014.12.05-21.57.05:257][  0]LogDerivedDataCache: Loaded boot cache 0.08s 39MB C:/Users/Matt/AppData/Local/UnrealEngine/4.5/DerivedDataCache/Boot.ddc.
[2014.12.05-21.57.05:257][  0]LogDerivedDataCache:Display: Loaded Boot cache: C:/Users/Matt/AppData/Local/UnrealEngine/4.5/DerivedDataCache/Boot.ddc
[2014.12.05-21.57.05:257][  0]LogDerivedDataCache: FDerivedDataBackendGraph:  Pak pak cache file D:/Study-Session/Trial_third_person/DerivedDataCache/DDC.ddp not found, will not use a pak cache.
[2014.12.05-21.57.05:257][  0]LogDerivedDataCache: Unable to find inner node Pak for hierarchical cache Hierarchy.
[2014.12.05-21.57.05:341][  0]LogDerivedDataCache:Display: Pak cache opened for reading ../../../Engine/DerivedDataCache/DDC.ddp.
[2014.12.05-21.57.05:353][  0]LogDerivedDataCache: Using Local data cache path C:/Users/Matt/AppData/Local/UnrealEngine/Common/DerivedDataCache: Writable
[2014.12.05-21.57.05:579][  0]LogMeshUtilities: No automatic mesh reduction module available
[2014.12.05-21.57.05:579][  0]LogMeshUtilities: No automatic mesh merging module available
[2014.12.05-21.57.05:873][  0]LogLinker:Warning: Asset '../../../Engine/Content/Functions/Engine_MaterialFunctions02/Texturing/FlipBook.uasset' has been saved with empty engine version. The asset will be loaded but may be incompatible.
[2014.12.05-21.57.05:877][  0]LogLinker:Warning: Asset '../../../Engine/Content/Functions/Engine_MaterialFunctions02/ExampleContent/Textures/flipbook.uasset' has been saved with empty engine version. The asset will be loaded but may be incompatible.
[2014.12.05-21.57.06:111][  0]LogInit: WinSock: version 1.1 (2.2), MaxSocks=32767, MaxUdp=65467
[2014.12.05-21.57.07:138][  0]UdpMessaging: Initializing bridge on interface 0.0.0.0:0 to multicast group 230.0.0.1:6666.
[2014.12.05-21.57.07:384][  0]LogDirectoryWatcher:Warning: Failed to begin reading directory changes for D:/Study-Session/Trial_third_person/Binaries/Win64. Error: 0
[2014.12.05-21.57.07:602][  0]SourceControl: Info Source control is disabled
[2014.12.05-21.57.07:602][  0]SourceControl: Info Source control is disabled
[2014.12.05-21.57.07:619][  0]SourceControl: Info Source control is disabled
[2014.12.05-21.57.07:853][  0]LogObj: 22915 objects as part of root set at end of initial load.
[2014.12.05-21.57.07:853][  0]LogUObjectAllocator: 4803536 out of 0 bytes used by permanent object pool.
[2014.12.05-21.57.07:929][  0]LogEngine: Initializing Engine...
[2014.12.05-21.57.08:102][  0]LogInit: XAudio2 using 'Speakers (Realtek High Definition Audio)' : 2 channels at 48 kHz using 32 bits per sample (channel mask 0x3)
[2014.12.05-21.57.08:151][  0]LogInit: FAudioDevice initialized.
[2014.12.05-21.57.08:186][  0]LogAIModule: Creating AISystem for world NewWorld
[2014.12.05-21.57.08:213][  0]LogDerivedDataCache: Saved boot cache 0.03s 39MB C:/Users/Matt/AppData/Local/UnrealEngine/4.5/DerivedDataCache/Boot.ddc.
[2014.12.05-21.57.08:216][  0]LogInit: Texture streaming: Enabled
[2014.12.05-21.57.08:296][  0]LogInit: Transaction tracking system initialized
[2014.12.05-21.57.08:461][  0]BlueprintLog: New page: Editor Load
[2014.12.05-21.57.08:504][  0]LogAssetRegistry: FAssetRegistry took 0.0094 seconds to start up
[2014.12.05-21.57.08:504][  0]LogDirectoryWatcher:Warning: Failed to begin reading directory changes for ../../../Engine/Plugins/Experimental/CharacterAI/Content/. Error: 0
[2014.12.05-21.57.09:286][  0]LogTargetPlatformManager:Display: Building Assets For Windows
[2014.12.05-21.57.09:767][  0]LogTargetPlatformManager:Display: Building Assets For Windows
[2014.12.05-21.57.10:128][  0]LogConsoleResponse:Display: 
[2014.12.05-21.57.10:423][  0]SourceControl: Info Source control is disabled
[2014.12.05-21.57.10:423][  0]Cmd: MAP LOAD FILE="D:/Study-Session/Trial_third_person/Content/Maps/Example_Map.umap" TEMPLATE=0 SHOWPROGRESS=1
[2014.12.05-21.57.10:423][  0]LightingResults: New page: Lighting Build
[2014.12.05-21.57.10:439][  0]MapCheck: New page: Map Check
[2014.12.05-21.57.10:439][  0]LightingResults: New page: Lighting Build
[2014.12.05-21.57.10:455][  0]LogParticles: Destroying 0 GPU particle simulations for FXSystem 0x000000001C5367A0
[2014.12.05-21.57.10:793][  0]LogEditorServer: Finished looking for orphan Actors (0.000 secs)
[2014.12.05-21.57.10:793][  0]LogAIModule: Creating AISystem for world Example_Map
[2014.12.05-21.57.10:793][  0]Cmd: MAP CHECKDEP
[2014.12.05-21.57.10:794][  0]MapCheck: New page: Example_Map - Dec 5, 2014, 5:57:10 AM
[2014.12.05-21.57.10:929][  0]MapCheck: Info Map check complete: 0 Error(s), 0 Warning(s), took 135.359ms to complete.
[2014.12.05-21.57.10:929][  0]LogFileHelpers: Loading map 'Example_Map' took 0.506
[2014.12.05-21.57.11:040][  0]LogCollectionManager: Loaded 0 collections in 0.001291 seconds
[2014.12.05-21.57.11:272][  0]LogCrashTracker: Crashtracker disabled due to settings.
[2014.12.05-21.57.11:291][  0]LogUObjectGlobals:Warning: Failed to find object 'Class None.'
[2014.12.05-21.57.11:333][  0]LogLoad: Full Startup: 16.34 seconds (BP compile: 0.07 seconds)
[2014.12.05-21.57.11:776][  0]LogContentBrowser:Verbose: The content browser source was changed by the sources view to '/Game/Blueprints'
[2014.12.05-21.57.12:246][  0]LogRenderer:Warning: Reallocating scene render targets to support 976x872.
[2014.12.05-21.57.15:330][  7]LogAssetRegistry: Asset discovery search completed in 6.8359 seconds
[2014.12.05-21.58.04:343][479]LogSlate:Warning: GetFontFace failed to load or process 'Roboto-Regular'
[2014.12.05-21.58.04:343][479]LogSlate:Warning: GetFontFace failed to load or process 'Roboto-Regular'
[2014.12.05-21.58.04:360][479]LogSlate:Warning: GetFontFace failed to load or process 'Roboto-Regular'
[2014.12.05-21.58.04:360][479]LogSlate:Warning: GetFontFace failed to load or process 'Roboto-Regular'
[2014.12.05-21.58.04:361][479]LogSlate:Warning: GetFontFace failed to load or process 'Roboto-Regular'
[2014.12.05-21.58.04:361][479]LogSlate:Warning: GetFontFace failed to load or process 'Roboto-Regular'
[2014.12.05-21.58.04:361][479]LogSlate:Warning: GetFontFace failed to load or process 'Roboto-Regular'
[2014.12.05-21.58.04:361][479]LogSlate:Warning: GetFontFace failed to load or process 'Roboto-Regular'
[2014.12.05-21.58.04:361][479]LogSlate:Warning: GetFontFace failed to load or process 'Roboto-Regular'
[2014.12.05-21.58.04:361][479]LogSlate:Warning: GetFontFace failed to load or process 'Roboto-Regular'
[2014.12.05-21.58.04:361][479]LogSlate:Warning: GetFontFace failed to load or process 'Roboto-Regular'
[2014.12.05-21.58.04:362][479]LogSlate:Warning: GetFontFace failed to load or process 'Roboto-Regular'
[2014.12.05-21.58.04:362][479]LogSlate:Warning: GetFontFace failed to load or process 'Roboto-Regular'
[2014.12.05-21.58.04:362][479]LogSlate:Warning: GetFontFace failed to load or process 'Roboto-Regular'
[2014.12.05-21.58.04:362][479]LogSlate:Warning: GetFontFace failed to load or process 'Roboto-Regular'
[2014.12.05-21.58.04:362][479]LogSlate:Warning: GetFontFace failed to load or process 'Roboto-Regular'
[2014.12.05-21.58.04:362][479]LogSlate:Warning: GetFontFace failed to load or process 'Roboto-Regular'
[2014.12.05-21.58.36:044][332]LogSlate:Warning: GetFontFace failed to load or process 'Roboto-Regular'
[2014.12.05-21.58.36:045][332]LogSlate:Warning: GetFontFace failed to load or process 'Roboto-Regular'
[2014.12.05-21.58.36:045][332]LogSlate:Warning: GetFontFace failed to load or process 'Roboto-Regular'
[2014.12.05-21.58.36:045][332]LogSlate:Warning: GetFontFace failed to load or process 'Roboto-Regular'
[2014.12.05-21.58.36:045][332]LogSlate:Warning: GetFontFace failed to load or process 'Roboto-Regular'
[2014.12.05-21.58.36:046][332]LogSlate:Warning: GetFontFace failed to load or process 'Roboto-Regular'
[2014.12.05-21.58.36:046][332]LogSlate:Warning: GetFontFace failed to load or process 'Roboto-Regular'
[2014.12.05-21.58.36:046][332]LogSlate:Warning: GetFontFace failed to load or process 'Roboto-Regular'
[2014.12.05-21.58.36:046][332]LogSlate:Warning: GetFontFace failed to load or process 'Roboto-Regular'
[2014.12.05-22.00.23:836][326]LogSlate:Warning: GetFontFace failed to load or process 'Roboto-Regular'
[2014.12.05-22.00.32:336][621]Cmd: OBJ SAVEPACKAGE PACKAGE="/Game/Blueprints/MyCharacter" FILE="D:/Study-Session/Trial_third_person/Content/Blueprints/MyCharacter.uasset" SILENT=true
[2014.12.05-22.00.32:697][621]LogSavePackage: Save=346.564148ms
[2014.12.05-22.00.32:697][621]LogSavePackage: Moving 'D:/Study-Session/Trial_third_person/Saved/MyCharacterED8E68E7438E60E4936D4F9B135EF7B7.tmp' to 'D:/Study-Session/Trial_third_person/Content/Blueprints/MyCharacter.uasset'
[2014.12.05-22.04.12:450][737]LogSlate:Warning: GetFontFace failed to load or process 'Roboto-Regular'
[2014.12.05-22.04.12:451][737]LogSlate:Warning: GetFontFace failed to load or process 'Roboto-Regular'
[2014.12.05-22.04.21:097][987]LogSlate:Warning: GetFontFace failed to load or process 'Roboto-Regular'
[2014.12.05-22.04.21:097][987]LogSlate:Warning: GetFontFace failed to load or process 'Roboto-Regular'
[2014.12.05-22.04.21:097][987]LogSlate:Warning: GetFontFace failed to load or process 'Roboto-Regular'
[2014.12.05-22.04.21:097][987]LogSlate:Warning: GetFontFace failed to load or process 'Roboto-Regular'
[2014.12.05-22.04.50:148][971]LogActorComponent: UnregisterComponent: (/Engine/Transient.CharacterMovementComponent_0) Not registered. Aborting.
[2014.12.05-22.04.50:262][971]Cmd: OBJ SAVEPACKAGE PACKAGE="/Game/Blueprints/MyCharacter" FILE="D:/Study-Session/Trial_third_person/Content/Blueprints/MyCharacter.uasset" SILENT=true
[2014.12.05-22.04.50:655][971]LogSavePackage: Save=380.822937ms
[2014.12.05-22.04.50:655][971]LogSavePackage: Moving 'D:/Study-Session/Trial_third_person/Saved/MyCharacter058C16DB44818BCD6A55E48727F73916.tmp' to 'D:/Study-Session/Trial_third_person/Content/Blueprints/MyCharacter.uasset'
[2014.12.05-22.05.25:172][176]LogActorComponent: UnregisterComponent: (/Engine/Transient.CharacterMovementComponent_1) Not registered. Aborting.
[2014.12.05-22.05.25:269][176]Cmd: OBJ SAVEPACKAGE PACKAGE="/Game/Blueprints/MyCharacter" FILE="D:/Study-Session/Trial_third_person/Content/Blueprints/MyCharacter.uasset" SILENT=true
[2014.12.05-22.05.25:457][176]LogSavePackage: Save=173.377228ms
[2014.12.05-22.05.25:457][176]LogSavePackage: Moving 'D:/Study-Session/Trial_third_person/Saved/MyCharacterBD02431248B148040D44F2B58DEBB4BA.tmp' to 'D:/Study-Session/Trial_third_person/Content/Blueprints/MyCharacter.uasset'
[2014.12.05-22.05.41:269][721]Cmd: OBJ SAVEPACKAGE PACKAGE="/Game/Blueprints/MyCharacter" FILE="D:/Study-Session/Trial_third_person/Content/Blueprints/MyCharacter.uasset" SILENT=true
[2014.12.05-22.05.41:466][721]LogSavePackage: Save=180.146362ms
[2014.12.05-22.05.41:466][721]LogSavePackage: Moving 'D:/Study-Session/Trial_third_person/Saved/MyCharacterBC3D007644B2BA1F4166D6A05E3A7266.tmp' to 'D:/Study-Session/Trial_third_person/Content/Blueprints/MyCharacter.uasset'
[2014.12.05-22.05.59:713][239]LogSlate:Warning: GetFontFace failed to load or process 'Roboto-Regular'
[2014.12.05-22.05.59:713][239]LogSlate:Warning: GetFontFace failed to load or process 'Roboto-Regular'
[2014.12.05-22.07.12:971][375]LogFileHelpers: Editor autosave (incl. sublevels) for '/Game/Maps/Example_Map' took 0.026
[2014.12.05-22.07.12:983][375]OBJ SavePackage: Generating thumbnails for [1] asset(s) in package [/Game/Blueprints/MyCharacter] ([1] browsable assets)...
[2014.12.05-22.07.13:022][375]OBJ SavePackage:     Rendered thumbnail for [Blueprint /Game/Blueprints/MyCharacter.MyCharacter]
[2014.12.05-22.07.13:022][375]OBJ SavePackage: Finished generating thumbnails for package [/Game/Blueprints/MyCharacter]
[2014.12.05-22.07.13:026][375]Cmd: OBJ SAVEPACKAGE PACKAGE="/Game/Blueprints/MyCharacter" FILE="D:/Study-Session/Trial_third_person/Saved/Autosaves/Game/Blueprints/MyCharacter_Auto1.uasset" SILENT=false AUTOSAVING=true
[2014.12.05-22.07.13:416][375]LogSavePackage: Save=369.572815ms
[2014.12.05-22.07.13:416][375]LogSavePackage: Moving 'D:/Study-Session/Trial_third_person/Saved/MyCharacter_Auto12C98CF2E4FAF9061A85A78B5C7C609D3.tmp' to 'D:/Study-Session/Trial_third_person/Saved/Autosaves/Game/Blueprints/MyCharacter_Auto1.uasset'
[2014.12.05-22.07.13:425][375]LogFileHelpers: Auto-saving content packages took 0.454
[2014.12.05-22.09.42:027][225]LogActorComponent: UnregisterComponent: (/Engine/Transient.CharacterMovementComponent_2) Not registered. Aborting.
[2014.12.05-22.09.42:155][225]Cmd: OBJ SAVEPACKAGE PACKAGE="/Game/Blueprints/MyCharacter" FILE="D:/Study-Session/Trial_third_person/Content/Blueprints/MyCharacter.uasset" SILENT=true
[2014.12.05-22.09.42:529][225]LogSavePackage: Save=361.488770ms
[2014.12.05-22.09.42:529][225]LogSavePackage: Moving 'D:/Study-Session/Trial_third_person/Saved/MyCharacter07DDCD6441D804233B0E3EB4F2AA89CA.tmp' to 'D:/Study-Session/Trial_third_person/Content/Blueprints/MyCharacter.uasset'
[2014.12.05-22.09.44:669][292]BlueprintLog: New page: Compile MyCharacter
[2014.12.05-22.09.44:944][292]LogActorComponent: UnregisterComponent: (/Engine/Transient.CharacterMovementComponent_3) Not registered. Aborting.
[2014.12.05-22.09.45:048][292]BlueprintEditorCompileResults: Info [0769.88] Compile of MyCharacter successful! [in 97 ms]
[2014.12.05-22.09.48:972][470]BlueprintLog: New page: Pre-PIE auto-recompile
[2014.12.05-22.09.48:972][470]LogPlayLevel: [PIE] Compiling Tutorial_BP_MacroLib before PIE...
[2014.12.05-22.09.49:033][470]LogPlayLevel: [PIE] Compiling GameHUD before PIE...
[2014.12.05-22.09.49:159][470]LogActorComponent: UnregisterComponent: (/Engine/Transient.CharacterMovementComponent_4) Not registered. Aborting.
[2014.12.05-22.09.49:211][470]LogPlayLevel: [PIE] Compiling MyCharacter before PIE...
[2014.12.05-22.09.49:521][470]LogPlayLevel: PIE:  Blueprint regeneration took 548 ms (3 blueprints)
[2014.12.05-22.09.49:521][470]PIE: New page: PIE session: Example_Map (Dec 5, 2014, 6:09:49 AM)
[2014.12.05-22.09.49:570][470]LogPlayLevel: PIE: StaticDuplicateObject took: (0.048677s)
[2014.12.05-22.09.49:574][470]LogPlayLevel: PIE: World Init took: (0.003616s)
[2014.12.05-22.09.49:574][470]LogPlayLevel: PIE: Created PIE world by copying editor world from /Game/Maps/Example_Map.Example_Map to /Game/Maps/UEDPIE_0_Example_Map.Example_Map (0.052546s)
[2014.12.05-22.09.49:656][470]LogWorld: Game class is 'MyGame_C'
[2014.12.05-22.09.49:658][470]LogAIModule: Creating AISystem for world Example_Map
[2014.12.05-22.09.49:659][470]LogWorld: Bringing World /Game/Maps/UEDPIE_0_Example_Map.Example_Map up for play (max tick rate 0) at 2014.12.05-14.09.49
[2014.12.05-22.09.49:660][470]LogWorld: Bringing up level for play took: 0.001750
[2014.12.05-22.09.49:663][470]PIE: Info Play in editor start time for /Game/Maps/UEDPIE_0_Example_Map 0.388
[2014.12.05-22.10.09:713][ 48]LogActorComponent: UnregisterComponent: (/Engine/Transient.CharacterMovementComponent_5) Not registered. Aborting.
[2014.12.05-22.10.09:780][ 49]LogParticles: Destroying 0 GPU particle simulations for FXSystem 0x000000003716B880
[2014.12.05-22.10.24:807][566]BlueprintLog: New page: Pre-PIE auto-recompile
[2014.12.05-22.10.24:972][566]LogActorComponent: UnregisterComponent: (/Engine/Transient.CharacterMovementComponent_6) Not registered. Aborting.
[2014.12.05-22.10.24:972][566]LogPlayLevel: [PIE] Compiling MyCharacter before PIE...
[2014.12.05-22.10.25:260][566]LogPlayLevel: [PIE] Compiling GameHUD before PIE...
[2014.12.05-22.10.25:399][566]LogPlayLevel: PIE:  Blueprint regeneration took 591 ms (2 blueprints)
[2014.12.05-22.10.25:399][566]PIE: New page: PIE session: Example_Map (Dec 5, 2014, 6:10:25 AM)
[2014.12.05-22.10.25:458][566]LogPlayLevel: PIE: StaticDuplicateObject took: (0.059302s)
[2014.12.05-22.10.25:460][566]LogPlayLevel: PIE: World Init took: (0.001903s)
[2014.12.05-22.10.25:460][566]LogPlayLevel: PIE: Created PIE world by copying editor world from /Game/Maps/Example_Map.Example_Map to /Game/Maps/UEDPIE_0_Example_Map.Example_Map (0.061436s)
[2014.12.05-22.10.25:505][566]LogWorld: Game class is 'MyGame_C'
[2014.12.05-22.10.25:506][566]LogAIModule: Creating AISystem for world Example_Map
[2014.12.05-22.10.25:507][566]LogWorld: Bringing World /Game/Maps/UEDPIE_0_Example_Map.Example_Map up for play (max tick rate 0) at 2014.12.05-14.10.25
[2014.12.05-22.10.25:508][566]LogWorld: Bringing up level for play took: 0.001984
[2014.12.05-22.10.25:511][566]PIE: Info Play in editor start time for /Game/Maps/UEDPIE_0_Example_Map 0.234
[2014.12.05-22.10.38:686][981]LogActorComponent: UnregisterComponent: (/Engine/Transient.CharacterMovementComponent_7) Not registered. Aborting.
[2014.12.05-22.10.38:760][981]LogParticles: Destroying 0 GPU particle simulations for FXSystem 0x000000003017C7C0
[2014.12.05-22.10.46:151][203]Cmd: OBJ SAVEPACKAGE PACKAGE="/Game/Blueprints/MyCharacter" FILE="D:/Study-Session/Trial_third_person/Content/Blueprints/MyCharacter.uasset" SILENT=true
[2014.12.05-22.10.46:519][203]LogSavePackage: Save=354.301849ms
[2014.12.05-22.10.46:519][203]LogSavePackage: Moving 'D:/Study-Session/Trial_third_person/Saved/MyCharacter84DD854A40F8B4BE2ABCA19752B80DA5.tmp' to 'D:/Study-Session/Trial_third_person/Content/Blueprints/MyCharacter.uasset'
[2014.12.05-22.10.48:129][257]BlueprintLog: New page: Compile MyCharacter
[2014.12.05-22.10.48:395][257]LogActorComponent: UnregisterComponent: (/Engine/Transient.CharacterMovementComponent_8) Not registered. Aborting.
[2014.12.05-22.10.48:498][257]BlueprintEditorCompileResults: Info [0833.32] Compile of MyCharacter successful! [in 86 ms]
[2014.12.05-22.10.51:280][371]BlueprintLog: New page: Pre-PIE auto-recompile
[2014.12.05-22.10.51:280][371]LogPlayLevel: [PIE] Compiling GameHUD before PIE...
[2014.12.05-22.10.51:477][371]LogActorComponent: UnregisterComponent: (/Engine/Transient.CharacterMovementComponent_9) Not registered. Aborting.
[2014.12.05-22.10.51:531][371]LogPlayLevel: [PIE] Compiling MyCharacter before PIE...
[2014.12.05-22.10.51:851][371]LogPlayLevel: PIE:  Blueprint regeneration took 571 ms (2 blueprints)
[2014.12.05-22.10.51:851][371]PIE: New page: PIE session: Example_Map (Dec 5, 2014, 6:10:51 AM)
[2014.12.05-22.10.51:896][371]LogPlayLevel: PIE: StaticDuplicateObject took: (0.044286s)
[2014.12.05-22.10.51:908][371]LogPlayLevel: PIE: World Init took: (0.012260s)
[2014.12.05-22.10.51:909][371]LogPlayLevel: PIE: Created PIE world by copying editor world from /Game/Maps/Example_Map.Example_Map to /Game/Maps/UEDPIE_0_Example_Map.Example_Map (0.056947s)
[2014.12.05-22.10.51:942][371]LogWorld: Game class is 'MyGame_C'
[2014.12.05-22.10.51:943][371]LogAIModule: Creating AISystem for world Example_Map
[2014.12.05-22.10.51:945][371]LogWorld: Bringing World /Game/Maps/UEDPIE_0_Example_Map.Example_Map up for play (max tick rate 60) at 2014.12.05-14.10.51
[2014.12.05-22.10.51:946][371]LogWorld: Bringing up level for play took: 0.002010
[2014.12.05-22.10.51:948][371]PIE: Info Play in editor start time for /Game/Maps/UEDPIE_0_Example_Map 0.67
[2014.12.05-22.11.06:237][749]LogActorComponent: UnregisterComponent: (/Engine/Transient.CharacterMovementComponent_10) Not registered. Aborting.
[2014.12.05-22.11.06:335][750]LogParticles: Destroying 0 GPU particle simulations for FXSystem 0x0000000004978400
[2014.12.05-22.11.08:333][816]Cmd: OBJ SAVEPACKAGE PACKAGE="/Game/Blueprints/MyCharacter" FILE="D:/Study-Session/Trial_third_person/Content/Blueprints/MyCharacter.uasset" SILENT=true
[2014.12.05-22.11.08:718][816]LogSavePackage: Save=370.750458ms
[2014.12.05-22.11.08:718][816]LogSavePackage: Moving 'D:/Study-Session/Trial_third_person/Saved/MyCharacter91C43B99419C3EB5EF7AF2A29A3BE928.tmp' to 'D:/Study-Session/Trial_third_person/Content/Blueprints/MyCharacter.uasset'
[2014.12.05-22.11.11:394][905]LogActorComponent: UnregisterComponent: (/Engine/Transient.CharacterMovementComponent_11) Not registered. Aborting.
[2014.12.05-22.11.23:647][421]LogEditorViewport: Clicking on Actor (LMB): StaticMeshActor (MaterialSphere)
[2014.12.05-22.11.24:683][435]BlueprintLog: New page: Pre-PIE auto-recompile
[2014.12.05-22.11.24:772][435]LogActorComponent: UnregisterComponent: (/Engine/Transient.CharacterMovementComponent_12) Not registered. Aborting.
[2014.12.05-22.11.24:772][435]LogPlayLevel: [PIE] Compiling MyCharacter before PIE...
[2014.12.05-22.11.25:060][435]LogPlayLevel: [PIE] Compiling GameHUD before PIE...
[2014.12.05-22.11.25:194][435]LogPlayLevel: PIE:  Blueprint regeneration took 511 ms (2 blueprints)
[2014.12.05-22.11.25:194][435]PIE: New page: PIE session: Example_Map (Dec 5, 2014, 6:11:25 AM)
[2014.12.05-22.11.25:240][435]LogPlayLevel: PIE: StaticDuplicateObject took: (0.046135s)
[2014.12.05-22.11.25:241][435]LogPlayLevel: PIE: World Init took: (0.000803s)
[2014.12.05-22.11.25:242][435]LogPlayLevel: PIE: Created PIE world by copying editor world from /Game/Maps/Example_Map.Example_Map to /Game/Maps/UEDPIE_0_Example_Map.Example_Map (0.047238s)
[2014.12.05-22.11.25:296][435]LogWorld: Game class is 'MyGame_C'
[2014.12.05-22.11.25:297][435]LogAIModule: Creating AISystem for world Example_Map
[2014.12.05-22.11.25:299][435]LogWorld: Bringing World /Game/Maps/UEDPIE_0_Example_Map.Example_Map up for play (max tick rate 60) at 2014.12.05-14.11.25
[2014.12.05-22.11.25:299][435]LogWorld: Bringing up level for play took: 0.001541
[2014.12.05-22.11.25:301][435]PIE: Info Play in editor start time for /Game/Maps/UEDPIE_0_Example_Map 0.021
[2014.12.05-22.11.33:354][693]LogActor:Warning: MaterialSphere_3 is outside the world bounds!
[2014.12.05-22.11.35:197][752]LogActorComponent: UnregisterComponent: (/Engine/Transient.CharacterMovementComponent_13) Not registered. Aborting.
[2014.12.05-22.11.35:242][752]LogParticles: Destroying 0 GPU particle simulations for FXSystem 0x000000003A12B2E0
[2014.12.05-22.11.41:144][921]Cmd: OBJ SAVEPACKAGE PACKAGE="/Game/Blueprints/MyCharacter" FILE="D:/Study-Session/Trial_third_person/Content/Blueprints/MyCharacter.uasset" SILENT=true
[2014.12.05-22.11.41:580][921]LogSavePackage: Save=412.619080ms
[2014.12.05-22.11.41:580][921]LogSavePackage: Moving 'D:/Study-Session/Trial_third_person/Saved/MyCharacterC94EC1C541CA378607ABD28C3288DE08.tmp' to 'D:/Study-Session/Trial_third_person/Content/Blueprints/MyCharacter.uasset'
[2014.12.05-22.11.45:781][ 69]BlueprintLog: New page: Compile MyCharacter
[2014.12.05-22.11.46:074][ 69]LogActorComponent: UnregisterComponent: (/Engine/Transient.CharacterMovementComponent_14) Not registered. Aborting.
[2014.12.05-22.11.46:175][ 69]BlueprintEditorCompileResults: Info [0891.00] Compile of MyCharacter successful! [in 95 ms]
[2014.12.05-22.11.54:283][355]BlueprintLog: New page: Pre-PIE auto-recompile
[2014.12.05-22.11.54:283][355]LogPlayLevel: [PIE] Compiling GameHUD before PIE...
[2014.12.05-22.11.54:420][355]LogActorComponent: UnregisterComponent: (/Engine/Transient.CharacterMovementComponent_15) Not registered. Aborting.
[2014.12.05-22.11.54:474][355]LogPlayLevel: [PIE] Compiling MyCharacter before PIE...
[2014.12.05-22.11.54:786][355]LogPlayLevel: PIE:  Blueprint regeneration took 503 ms (2 blueprints)
[2014.12.05-22.11.54:787][355]PIE: New page: PIE session: Example_Map (Dec 5, 2014, 6:11:54 AM)
[2014.12.05-22.11.54:842][355]LogPlayLevel: PIE: StaticDuplicateObject took: (0.055544s)
[2014.12.05-22.11.54:855][355]LogPlayLevel: PIE: World Init took: (0.012629s)
[2014.12.05-22.11.54:855][355]LogPlayLevel: PIE: Created PIE world by copying editor world from /Game/Maps/Example_Map.Example_Map to /Game/Maps/UEDPIE_0_Example_Map.Example_Map (0.068494s)
[2014.12.05-22.11.54:890][355]LogWorld: Game class is 'MyGame_C'
[2014.12.05-22.11.54:892][355]LogAIModule: Creating AISystem for world Example_Map
[2014.12.05-22.11.54:893][355]LogWorld: Bringing World /Game/Maps/UEDPIE_0_Example_Map.Example_Map up for play (max tick rate 60) at 2014.12.05-14.11.54
[2014.12.05-22.11.54:894][355]LogWorld: Bringing up level for play took: 0.001756
[2014.12.05-22.11.54:896][355]PIE: Info Play in editor start time for /Game/Maps/UEDPIE_0_Example_Map -0.385
[2014.12.05-22.12.16:785][995]LogActorComponent: UnregisterComponent: (/Engine/Transient.CharacterMovementComponent_16) Not registered. Aborting.
[2014.12.05-22.12.16:851][996]LogParticles: Destroying 0 GPU particle simulations for FXSystem 0x000000003DBA63E0
[2014.12.05-22.12.18:416][ 57]Cmd: OBJ SAVEPACKAGE PACKAGE="/Game/Blueprints/MyCharacter" FILE="D:/Study-Session/Trial_third_person/Content/Blueprints/MyCharacter.uasset" SILENT=true
[2014.12.05-22.12.18:794][ 57]LogSavePackage: Save=364.789948ms
[2014.12.05-22.12.18:794][ 57]LogSavePackage: Moving 'D:/Study-Session/Trial_third_person/Saved/MyCharacter4BEC855446DDF10FE637E68295997775.tmp' to 'D:/Study-Session/Trial_third_person/Content/Blueprints/MyCharacter.uasset'
[2014.12.05-22.12.31:848][477]LogActorComponent: UnregisterComponent: (/Engine/Transient.CharacterMovementComponent_17) Not registered. Aborting.
[2014.12.05-22.12.33:773][536]BlueprintLog: New page: Pre-PIE auto-recompile
[2014.12.05-22.12.33:885][536]LogPlayLevel: [PIE] Compiling MyCharacter before PIE...
[2014.12.05-22.12.34:206][536]LogPlayLevel: [PIE] Compiling GameHUD before PIE...
[2014.12.05-22.12.34:348][536]LogPlayLevel: PIE:  Blueprint regeneration took 575 ms (2 blueprints)
[2014.12.05-22.12.34:349][536]PIE: New page: PIE session: Example_Map (Dec 5, 2014, 6:12:34 AM)
[2014.12.05-22.12.34:417][536]LogPlayLevel: PIE: StaticDuplicateObject took: (0.068413s)
[2014.12.05-22.12.34:418][536]LogPlayLevel: PIE: World Init took: (0.001051s)
[2014.12.05-22.12.34:419][536]LogPlayLevel: PIE: Created PIE world by copying editor world from /Game/Maps/Example_Map.Example_Map to /Game/Maps/UEDPIE_0_Example_Map.Example_Map (0.069819s)
[2014.12.05-22.12.34:464][536]LogWorld: Game class is 'MyGame_C'
[2014.12.05-22.12.34:465][536]LogAIModule: Creating AISystem for world Example_Map
[2014.12.05-22.12.34:467][536]LogWorld: Bringing World /Game/Maps/UEDPIE_0_Example_Map.Example_Map up for play (max tick rate 60) at 2014.12.05-14.12.34
[2014.12.05-22.12.34:467][536]LogWorld: Bringing up level for play took: 0.001695
[2014.12.05-22.12.34:472][536]PIE: Info Play in editor start time for /Game/Maps/UEDPIE_0_Example_Map 1.188
[2014.12.05-22.12.50:426][854]LogParticles: Destroying 0 GPU particle simulations for FXSystem 0x000000003A117380
[2014.12.05-22.12.51:853][897]Cmd: OBJ SAVEPACKAGE PACKAGE="/Game/Blueprints/MyCharacter" FILE="D:/Study-Session/Trial_third_person/Content/Blueprints/MyCharacter.uasset" SILENT=true
[2014.12.05-22.12.52:236][897]LogSavePackage: Save=362.987122ms
[2014.12.05-22.12.52:236][897]LogSavePackage: Moving 'D:/Study-Session/Trial_third_person/Saved/MyCharacterE26023C445914DDB35D29AA85641A44C.tmp' to 'D:/Study-Session/Trial_third_person/Content/Blueprints/MyCharacter.uasset'
[2014.12.05-22.12.58:626][113]LogActorComponent: UnregisterComponent: (/Engine/Transient.CharacterMovementComponent_18) Not registered. Aborting.
[2014.12.05-22.13.00:391][174]BlueprintLog: New page: Compile MyCharacter
[2014.12.05-22.13.00:787][174]BlueprintEditorCompileResults: Info [0965.60] Compile of MyCharacter successful! [in 95 ms]
[2014.12.05-22.13.04:813][318]BlueprintLog: New page: Pre-PIE auto-recompile
[2014.12.05-22.13.04:813][318]LogPlayLevel: [PIE] Compiling GameHUD before PIE...
[2014.12.05-22.13.04:946][318]LogActorComponent: UnregisterComponent: (/Engine/Transient.CharacterMovementComponent_19) Not registered. Aborting.
[2014.12.05-22.13.04:998][318]LogPlayLevel: [PIE] Compiling MyCharacter before PIE...
[2014.12.05-22.13.05:318][318]LogPlayLevel: PIE:  Blueprint regeneration took 504 ms (2 blueprints)
[2014.12.05-22.13.05:318][318]PIE: New page: PIE session: Example_Map (Dec 5, 2014, 6:13:05 AM)
[2014.12.05-22.13.05:361][318]LogPlayLevel: PIE: StaticDuplicateObject took: (0.043362s)
[2014.12.05-22.13.05:375][318]LogPlayLevel: PIE: World Init took: (0.013429s)
[2014.12.05-22.13.05:375][318]LogPlayLevel: PIE: Created PIE world by copying editor world from /Game/Maps/Example_Map.Example_Map to /Game/Maps/UEDPIE_0_Example_Map.Example_Map (0.057113s)
[2014.12.05-22.13.05:411][318]LogWorld: Game class is 'MyGame_C'
[2014.12.05-22.13.05:412][318]LogAIModule: Creating AISystem for world Example_Map
[2014.12.05-22.13.05:413][318]LogWorld: Bringing World /Game/Maps/UEDPIE_0_Example_Map.Example_Map up for play (max tick rate 60) at 2014.12.05-14.13.05
[2014.12.05-22.13.05:414][318]LogWorld: Bringing up level for play took: 0.001736
[2014.12.05-22.13.05:416][318]PIE: Info Play in editor start time for /Game/Maps/UEDPIE_0_Example_Map 0.132
[2014.12.05-22.13.24:905][818]LogActorComponent: UnregisterComponent: (/Engine/Transient.CharacterMovementComponent_20) Not registered. Aborting.
[2014.12.05-22.13.24:988][819]LogParticles: Destroying 0 GPU particle simulations for FXSystem 0x0000000045B2A340
[2014.12.05-22.13.27:312][885]Cmd: OBJ SAVEPACKAGE PACKAGE="/Game/Blueprints/MyCharacter" FILE="D:/Study-Session/Trial_third_person/Content/Blueprints/MyCharacter.uasset" SILENT=true
[2014.12.05-22.13.27:702][885]LogSavePackage: Save=373.367462ms
[2014.12.05-22.13.27:702][885]LogSavePackage: Moving 'D:/Study-Session/Trial_third_person/Saved/MyCharacter200E841D4A5C72E5F7B039B706676CAA.tmp' to 'D:/Study-Session/Trial_third_person/Content/Blueprints/MyCharacter.uasset'
[2014.12.05-22.13.35:709][129]LogActorComponent: UnregisterComponent: (/Engine/Transient.CharacterMovementComponent_21) Not registered. Aborting.
[2014.12.05-22.13.35:815][129]Cmd: OBJ SAVEPACKAGE PACKAGE="/Game/Blueprints/MyCharacter" FILE="D:/Study-Session/Trial_third_person/Content/Blueprints/MyCharacter.uasset" SILENT=true
[2014.12.05-22.13.36:188][129]LogSavePackage: Save=357.415314ms
[2014.12.05-22.13.36:188][129]LogSavePackage: Moving 'D:/Study-Session/Trial_third_person/Saved/MyCharacter757DAAC14082E1339C0B838E8A142D48.tmp' to 'D:/Study-Session/Trial_third_person/Content/Blueprints/MyCharacter.uasset'
[2014.12.05-22.13.37:313][167]BlueprintLog: New page: Compile MyCharacter
[2014.12.05-22.13.37:589][167]LogActorComponent: UnregisterComponent: (/Engine/Transient.CharacterMovementComponent_22) Not registered. Aborting.
[2014.12.05-22.13.37:691][167]BlueprintEditorCompileResults: Info [1002.51] Compile of MyCharacter successful! [in 85 ms]
[2014.12.05-22.13.41:741][323]BlueprintLog: New page: Pre-PIE auto-recompile
[2014.12.05-22.13.41:741][323]LogPlayLevel: [PIE] Compiling GameHUD before PIE...
[2014.12.05-22.13.41:878][323]LogActorComponent: UnregisterComponent: (/Engine/Transient.CharacterMovementComponent_23) Not registered. Aborting.
[2014.12.05-22.13.41:932][323]LogPlayLevel: [PIE] Compiling MyCharacter before PIE...
[2014.12.05-22.13.42:255][323]LogPlayLevel: PIE:  Blueprint regeneration took 513 ms (2 blueprints)
[2014.12.05-22.13.42:255][323]PIE: New page: PIE session: Example_Map (Dec 5, 2014, 6:13:42 AM)
[2014.12.05-22.13.42:298][323]LogPlayLevel: PIE: StaticDuplicateObject took: (0.043461s)
[2014.12.05-22.13.42:313][323]LogPlayLevel: PIE: World Init took: (0.014308s)
[2014.12.05-22.13.42:313][323]LogPlayLevel: PIE: Created PIE world by copying editor world from /Game/Maps/Example_Map.Example_Map to /Game/Maps/UEDPIE_0_Example_Map.Example_Map (0.058098s)
[2014.12.05-22.13.42:347][323]LogWorld: Game class is 'MyGame_C'
[2014.12.05-22.13.42:349][323]LogAIModule: Creating AISystem for world Example_Map
[2014.12.05-22.13.42:351][323]LogWorld: Bringing World /Game/Maps/UEDPIE_0_Example_Map.Example_Map up for play (max tick rate 60) at 2014.12.05-14.13.42
[2014.12.05-22.13.42:352][323]LogWorld: Bringing up level for play took: 0.002371
[2014.12.05-22.13.42:356][323]PIE: Info Play in editor start time for /Game/Maps/UEDPIE_0_Example_Map 1.069
[2014.12.05-22.14.05:588][ 44]LogActorComponent: UnregisterComponent: (/Engine/Transient.CharacterMovementComponent_24) Not registered. Aborting.
[2014.12.05-22.14.05:639][ 44]LogParticles: Destroying 0 GPU particle simulations for FXSystem 0x000000003DF816C0
[2014.12.05-22.14.40:578][  7]Cmd: OBJ SAVEPACKAGE PACKAGE="/Game/Blueprints/MyCharacter" FILE="D:/Study-Session/Trial_third_person/Content/Blueprints/MyCharacter.uasset" SILENT=true
[2014.12.05-22.14.40:947][  7]LogSavePackage: Save=354.953949ms
[2014.12.05-22.14.40:947][  7]LogSavePackage: Moving 'D:/Study-Session/Trial_third_person/Saved/MyCharacter7871E08F4C515C7E298FA494669624F5.tmp' to 'D:/Study-Session/Trial_third_person/Content/Blueprints/MyCharacter.uasset'
[2014.12.05-22.14.42:689][ 56]BlueprintLog: New page: Compile MyCharacter
[2014.12.05-22.14.42:944][ 56]LogActorComponent: UnregisterComponent: (/Engine/Transient.CharacterMovementComponent_25) Not registered. Aborting.
[2014.12.05-22.14.43:051][ 56]BlueprintEditorCompileResults: Info [1067.86] Compile of MyCharacter successful! [in 89 ms]
[2014.12.05-22.14.46:286][109]Cmd: QUIT_EDITOR
[2014.12.05-22.14.46:790][109]LogExit: Preparing to exit.
[2014.12.05-22.14.47:643][109]LogExit: Editor shut down
[2014.12.05-22.14.47:644][109]LogExit: Transaction tracking system shut down
[2014.12.05-22.14.47:648][109]LogParticles: Destroying 0 GPU particle simulations for FXSystem 0x0000000015BDA660
[2014.12.05-22.14.47:650][109]LogParticles: Destroying 0 GPU particle simulations for FXSystem 0x0000000028288180
[2014.12.05-22.14.47:651][109]LogParticles: Destroying 0 GPU particle simulations for FXSystem 0x000000000497AC00
[2014.12.05-22.14.47:854][109]LogParticles: Destroying 0 GPU particle simulations for FXSystem 0x0000000004979580
[2014.12.05-22.14.47:854][109]LogParticles: Destroying 0 GPU particle simulations for FXSystem 0x000000003FBB2700
[2014.12.05-22.14.47:854][109]LogParticles: Destroying 0 GPU particle simulations for FXSystem 0x000000003FBB2A20
[2014.12.05-22.14.47:854][109]LogParticles: Destroying 0 GPU particle simulations for FXSystem 0x000000003FBB2D40
[2014.12.05-22.14.47:854][109]LogParticles: Destroying 0 GPU particle simulations for FXSystem 0x000000003FBB2E80
[2014.12.05-22.14.47:854][109]LogParticles: Destroying 0 GPU particle simulations for FXSystem 0x00000000186F9760
[2014.12.05-22.14.47:854][109]LogExit: Object subsystem successfully closed.
[2014.12.05-22.14.48:343][109]LogModuleManager: Shutting down and abandoning module AndroidDeviceDetection (166)
[2014.12.05-22.14.48:343][109]LogModuleManager: Shutting down and abandoning module CrashTracker (165)
[2014.12.05-22.14.48:343][109]LogModuleManager: Shutting down and abandoning module SuperSearch (164)
[2014.12.05-22.14.48:343][109]LogModuleManager: Shutting down and abandoning module SceneOutliner (163)
[2014.12.05-22.14.48:343][109]LogModuleManager: Shutting down and abandoning module EditorWidgets (162)
[2014.12.05-22.14.48:343][109]LogModuleManager: Shutting down and abandoning module CollectionManager (161)
[2014.12.05-22.14.48:347][109]LogModuleManager: Shutting down and abandoning module StatsViewer (160)
[2014.12.05-22.14.48:353][109]LogModuleManager: Shutting down and abandoning module FoliageEdit (159)
[2014.12.05-22.14.48:354][109]LogModuleManager: Shutting down and abandoning module LandscapeEditor (158)
[2014.12.05-22.14.48:364][109]LogModuleManager: Shutting down and abandoning module MeshPaint (157)
[2014.12.05-22.14.48:365][109]LogModuleManager: Shutting down and abandoning module ActorPickerMode (156)
[2014.12.05-22.14.48:366][109]LogModuleManager: Shutting down and abandoning module GeometryMode (155)
[2014.12.05-22.14.48:366][109]LogModuleManager: Shutting down and abandoning module TextureAlignMode (154)
[2014.12.05-22.14.48:366][109]LogModuleManager: Shutting down and abandoning module BspMode (153)
[2014.12.05-22.14.48:366][109]LogModuleManager: Shutting down and abandoning module PlacementMode (152)
[2014.12.05-22.14.48:366][109]LogModuleManager: Shutting down and abandoning module AutomationWorker (151)
[2014.12.05-22.14.48:366][109]LogModuleManager: Shutting down and abandoning module CharacterAI (150)
[2014.12.05-22.14.48:367][109]LogModuleManager: Shutting down and abandoning module GameProjectGeneration (149)
[2014.12.05-22.14.48:377][109]LogModuleManager: Shutting down and abandoning module IntroTutorials (148)
[2014.12.05-22.14.48:387][109]LogModuleManager: Shutting down and abandoning module EditorLiveStreaming (147)
[2014.12.05-22.14.48:387][109]LogModuleManager: Shutting down and abandoning module HardwareTargeting (146)
[2014.12.05-22.14.48:387][109]LogModuleManager: Shutting down and abandoning module BehaviorTreeEditor (145)
[2014.12.05-22.14.48:397][109]LogModuleManager: Shutting down and abandoning module DeviceProfileEditor (144)
[2014.12.05-22.14.48:398][109]LogModuleManager: Shutting down and abandoning module UndoHistory (143)
[2014.12.05-22.14.48:398][109]LogModuleManager: Shutting down and abandoning module GameplayTagsEditor (142)
[2014.12.05-22.14.48:406][109]LogModuleManager: Shutting down and abandoning module UserFeedback (141)
[2014.12.05-22.14.48:406][109]LogModuleManager: Shutting down and abandoning module XmlParser (140)
[2014.12.05-22.14.48:410][109]LogModuleManager: Shutting down and abandoning module Blutility (139)
[2014.12.05-22.14.48:416][109]LogModuleManager: Shutting down and abandoning module IOSPlatformEditor (138)
[2014.12.05-22.14.48:417][109]LogModuleManager: Shutting down and abandoning module IOSRuntimeSettings (137)
[2014.12.05-22.14.48:417][109]LogModuleManager: Shutting down and abandoning module AndroidPlatformEditor (136)
[2014.12.05-22.14.48:417][109]LogModuleManager: Shutting down and abandoning module AndroidRuntimeSettings (135)
[2014.12.05-22.14.48:417][109]LogModuleManager: Shutting down and abandoning module ProjectTargetPlatformEditor (134)
[2014.12.05-22.14.48:418][109]LogModuleManager: Shutting down and abandoning module ProjectSettingsViewer (133)
[2014.12.05-22.14.48:418][109]LogModuleManager: Shutting down and abandoning module InputBindingEditor (132)
[2014.12.05-22.14.48:423][109]LogModuleManager: Shutting down and abandoning module EditorSettingsViewer (131)
[2014.12.05-22.14.48:423][109]LogModuleManager: Shutting down and abandoning module SettingsEditor (130)
[2014.12.05-22.14.48:427][109]LogModuleManager: Shutting down and abandoning module ProjectLauncher (129)
[2014.12.05-22.14.48:428][109]LogModuleManager: Shutting down and abandoning module SessionFrontend (128)
[2014.12.05-22.14.48:432][109]LogModuleManager: Shutting down and abandoning module ProfilerClient (127)
[2014.12.05-22.14.48:441][109]LogModuleManager: Shutting down and abandoning module TargetDeviceServices (126)
[2014.12.05-22.14.48:445][109]LogModuleManager: Shutting down and abandoning module DeviceManager (125)
[2014.12.05-22.14.48:447][109]LogModuleManager: Shutting down and abandoning module AutomationController (124)
[2014.12.05-22.14.48:448][109]LogModuleManager: Shutting down and abandoning module AutomationWindow (123)
[2014.12.05-22.14.48:450][109]LogModuleManager: Shutting down and abandoning module Layers (122)
[2014.12.05-22.14.48:461][109]LogModuleManager: Shutting down and abandoning module ComponentVisualizers (121)
[2014.12.05-22.14.48:461][109]LogModuleManager: Shutting down and abandoning module DetailCustomizations (120)
[2014.12.05-22.14.48:463][109]LogModuleManager: Shutting down and abandoning module PackagesDialog (119)
[2014.12.05-22.14.48:465][109]LogModuleManager: Shutting down and abandoning module AssetRegistry (118)
[2014.12.05-22.14.48:539][109]LogModuleManager: Shutting down and abandoning module Persona (117)
[2014.12.05-22.14.48:542][109]LogModuleManager: Shutting down and abandoning module Kismet (116)
[2014.12.05-22.14.48:543][109]LogModuleManager: Shutting down and abandoning module GraphEditor (115)
[2014.12.05-22.14.48:543][109]LogModuleManager: Shutting down and abandoning module ClassViewer (114)
[2014.12.05-22.14.48:543][109]LogModuleManager: Shutting down and abandoning module Toolbox (113)
[2014.12.05-22.14.48:543][109]LogModuleManager: Shutting down and abandoning module ModuleUI (112)
[2014.12.05-22.14.48:544][109]LogModuleManager: Shutting down and abandoning module MovieSceneTools (111)
[2014.12.05-22.14.48:550][109]LogModuleManager: Shutting down and abandoning module OutputLog (110)
[2014.12.05-22.14.48:550][109]LogModuleManager: Shutting down and abandoning module GammaUI (109)
[2014.12.05-22.14.48:551][109]LogModuleManager: Shutting down and abandoning module Documentation (108)
[2014.12.05-22.14.48:551][109]LogModuleManager: Shutting down and abandoning module GameLiveStreaming (107)
[2014.12.05-22.14.48:552][109]LogModuleManager: Shutting down and abandoning module StreamingPauseRendering (106)
[2014.12.05-22.14.48:552][109]LogModuleManager: Shutting down and abandoning module HTTP (105)
[2014.12.05-22.14.48:553][109]LogModuleManager: Shutting down and abandoning module AnalyticsET (104)
[2014.12.05-22.14.48:553][109]LogModuleManager: Shutting down and abandoning module Analytics (103)
[2014.12.05-22.14.48:553][109]LogModuleManager: Shutting down and abandoning module GameplayDebugger (102)
[2014.12.05-22.14.48:554][109]LogModuleManager: Shutting down and abandoning module AIModule (101)
[2014.12.05-22.14.48:555][109]LogModuleManager: Shutting down and abandoning module ProfilerService (100)
[2014.12.05-22.14.48:631][109]LogModuleManager: Shutting down and abandoning module TaskGraph (99)
[2014.12.05-22.14.48:633][109]LogModuleManager: Shutting down and abandoning module SlateRemote (98)
[2014.12.05-22.14.48:633][109]LogModuleManager: Shutting down and abandoning module ScriptEditorPlugin (97)
[2014.12.05-22.14.48:633][109]LogModuleManager: Shutting down and abandoning module CustomMeshComponent (96)
[2014.12.05-22.14.48:633][109]LogModuleManager: Shutting down and abandoning module CableComponent (95)
[2014.12.05-22.14.48:633][109]LogModuleManager: Shutting down and abandoning module MessagingDebugger (94)
[2014.12.05-22.14.48:636][109]LogModuleManager: Shutting down and abandoning module MediaPlayerEditor (93)
[2014.12.05-22.14.48:638][109]LogModuleManager: Shutting down and abandoning module SpeedTreeImporter (92)
[2014.12.05-22.14.48:638][109]LogModuleManager: Shutting down and abandoning module PluginsEditor (91)
[2014.12.05-22.14.48:639][109]LogModuleManager: Shutting down and abandoning module EpicSurvey (90)
[2014.12.05-22.14.48:639][109]LogModuleManager: Shutting down and abandoning module DesktopPlatform (89)
[2014.12.05-22.14.48:641][109]LogModuleManager: Shutting down and abandoning module VisualStudioSourceCodeAccess (88)
[2014.12.05-22.14.48:641][109]LogModuleManager: Shutting down and abandoning module UObjectPlugin (87)
[2014.12.05-22.14.48:641][109]LogModuleManager: Shutting down and abandoning module SubversionSourceControl (86)
[2014.12.05-22.14.48:642][109]LogModuleManager: Shutting down and abandoning module SourceControl (85)
[2014.12.05-22.14.48:642][109]LogModuleManager: Shutting down and abandoning module PerforceSourceControl (84)
[2014.12.05-22.14.48:645][109]LogModuleManager: Shutting down and abandoning module BlankPlugin (83)
[2014.12.05-22.14.48:645][109]LogModuleManager: Shutting down and abandoning module SlateReflector (82)
[2014.12.05-22.14.48:646][109]LogModuleManager: Shutting down and abandoning module DirectoryWatcher (81)
[2014.12.05-22.14.48:646][109]LogModuleManager: Shutting down and abandoning module HotReload (80)
[2014.12.05-22.14.48:647][109]LogModuleManager: Shutting down and abandoning module MainFrame (79)
[2014.12.05-22.14.48:647][109]LogModuleManager: Shutting down and abandoning module LevelEditor (78)
[2014.12.05-22.14.48:648][109]LogModuleManager: Shutting down and abandoning module ViewportSnapping (77)
[2014.12.05-22.14.48:648][109]LogModuleManager: Shutting down and abandoning module SmartSnapping (76)
[2014.12.05-22.14.48:648][109]LogModuleManager: Shutting down and abandoning module PaperTiledImporter (75)
[2014.12.05-22.14.48:648][109]LogModuleManager: Shutting down and abandoning module PaperJsonImporter (74)
[2014.12.05-22.14.48:649][109]LogModuleManager: Shutting down and abandoning module ContentBrowser (73)
[2014.12.05-22.14.48:649][109]LogModuleManager: Shutting down and abandoning module PropertyEditor (72)
[2014.12.05-22.14.48:649][109]LogModuleManager: Shutting down and abandoning module Paper2DEditor (71)
[2014.12.05-22.14.48:652][109]LogModuleManager: Shutting down and abandoning module ScriptPlugin (70)
[2014.12.05-22.14.48:653][109]LogModuleManager: Shutting down and abandoning module UdpMessaging (69)
[2014.12.05-22.14.48:766][109]LogModuleManager: Shutting down and abandoning module Paper2D (68)
[2014.12.05-22.14.48:768][109]LogModuleManager: Shutting down and abandoning module WindowsMoviePlayer (67)
[2014.12.05-22.14.48:836][109]LogModuleManager: Shutting down and abandoning module Media (66)
[2014.12.05-22.14.48:836][109]LogModuleManager: Shutting down and abandoning module WmfMedia (65)
[2014.12.05-22.14.48:840][109]LogModuleManager: Shutting down and abandoning module OnlineBlueprintSupport (64)
[2014.12.05-22.14.48:840][109]LogModuleManager: Shutting down and abandoning module FunctionalTesting (63)
[2014.12.05-22.14.48:840][109]LogModuleManager: Shutting down and abandoning module CollisionAnalyzer (62)
[2014.12.05-22.14.48:842][109]LogModuleManager: Shutting down and abandoning module WorkspaceMenuStructure (61)
[2014.12.05-22.14.48:842][109]LogModuleManager: Shutting down and abandoning module MessageLog (60)
[2014.12.05-22.14.48:842][109]LogModuleManager: Shutting down and abandoning module Sequencer (59)
[2014.12.05-22.14.48:845][109]LogModuleManager: Shutting down and abandoning module AssetTools (58)
[2014.12.05-22.14.48:941][109]LogModuleManager: Shutting down and abandoning module UMGEditor (57)
[2014.12.05-22.14.48:948][109]LogModuleManager: Shutting down and abandoning module UMG (56)
[2014.12.05-22.14.48:948][109]LogModuleManager: Shutting down and abandoning module Slate (55)
[2014.12.05-22.14.48:948][109]LogModuleManager: Shutting down and abandoning module EditorStyle (54)
[2014.12.05-22.14.48:951][109]LogModuleManager: Shutting down and abandoning module SessionServices (53)
[2014.12.05-22.14.48:951][109]LogModuleManager: Shutting down and abandoning module SourceCodeAccess (52)
[2014.12.05-22.14.48:951][109]LogModuleManager: Shutting down and abandoning module HeadMountedDisplay (51)
[2014.12.05-22.14.48:951][109]LogModuleManager: Shutting down and abandoning module XAudio2 (50)
[2014.12.05-22.14.48:951][109]LogModuleManager: Shutting down and abandoning module Networking (48)
[2014.12.05-22.14.48:951][109]LogModuleManager: Shutting down and abandoning module Core (47)
[2014.12.05-22.14.48:951][109]LogModuleManager: Shutting down and abandoning module KismetCompiler (46)
[2014.12.05-22.14.48:951][109]LogModuleManager: Shutting down and abandoning module PhysXFormats (45)
[2014.12.05-22.14.48:951][109]LogModuleManager: Shutting down and abandoning module MeshUtilities (44)
[2014.12.05-22.14.48:957][109]LogModuleManager: Shutting down and abandoning module DerivedDataCache (43)
[2014.12.05-22.14.48:975][109]LogDerivedDataCache: Shutdown
[2014.12.05-22.14.48:976][109]LogModuleManager: Shutting down and abandoning module ShaderFormatOpenGL (42)
[2014.12.05-22.14.48:976][109]LogModuleManager: Shutting down and abandoning module ShaderFormatD3D (41)
[2014.12.05-22.14.48:977][109]LogModuleManager: Shutting down and abandoning module MetalShaderFormat (40)
[2014.12.05-22.14.48:977][109]LogModuleManager: Shutting down and abandoning module TextureFormatUncompressed (39)
[2014.12.05-22.14.48:977][109]LogModuleManager: Shutting down and abandoning module TextureFormatPVR (38)
[2014.12.05-22.14.48:978][109]LogModuleManager: Shutting down and abandoning module TextureFormatDXT (37)
[2014.12.05-22.14.48:978][109]LogModuleManager: Shutting down and abandoning module TextureFormatAndroid (36)
[2014.12.05-22.14.48:978][109]LogModuleManager: Shutting down and abandoning module AudioFormatOpus (35)
[2014.12.05-22.14.48:979][109]LogModuleManager: Shutting down and abandoning module AudioFormatOgg (34)
[2014.12.05-22.14.48:979][109]LogModuleManager: Shutting down and abandoning module AudioFormatADPCM (33)
[2014.12.05-22.14.48:979][109]LogModuleManager: Shutting down and abandoning module Messaging (32)
[2014.12.05-22.14.48:979][109]LogModuleManager: Shutting down and abandoning module IOSTargetPlatform (31)
[2014.12.05-22.14.48:979][109]LogModuleManager: Shutting down and abandoning module Android_PVRTCTargetPlatform (30)
[2014.12.05-22.14.48:979][109]LogModuleManager: Shutting down and abandoning module Android_ETC2TargetPlatform (29)
[2014.12.05-22.14.48:979][109]LogModuleManager: Shutting down and abandoning module Android_ETC1TargetPlatform (28)
[2014.12.05-22.14.48:979][109]LogModuleManager: Shutting down and abandoning module Android_DXTTargetPlatform (27)
[2014.12.05-22.14.48:979][109]LogModuleManager: Shutting down and abandoning module Android_ATCTargetPlatform (26)
[2014.12.05-22.14.48:979][109]LogModuleManager: Shutting down and abandoning module AndroidTargetPlatform (25)
[2014.12.05-22.14.48:979][109]LogModuleManager: Shutting down and abandoning module WindowsTargetPlatform (24)
[2014.12.05-22.14.48:979][109]LogModuleManager: Shutting down and abandoning module WindowsServerTargetPlatform (23)
[2014.12.05-22.14.48:979][109]LogModuleManager: Shutting down and abandoning module WindowsNoEditorTargetPlatform (22)
[2014.12.05-22.14.48:979][109]LogModuleManager: Shutting down and abandoning module WindowsClientTargetPlatform (21)
[2014.12.05-22.14.48:979][109]LogModuleManager: Shutting down and abandoning module TargetPlatform (20)
[2014.12.05-22.14.48:979][109]LogModuleManager: Shutting down and abandoning module InputCore (19)
[2014.12.05-22.14.48:979][109]LogModuleManager: Shutting down and abandoning module Settings (18)
[2014.12.05-22.14.48:979][109]LogModuleManager: Shutting down and abandoning module ImageWrapper (17)
[2014.12.05-22.14.48:979][109]LogModuleManager: Shutting down and abandoning module OculusRift (14)
[2014.12.05-22.14.48:981][109]LogModuleManager: Shutting down and abandoning module ExampleDeviceProfileSelector (13)
[2014.12.05-22.14.48:981][109]LogModuleManager: Shutting down and abandoning module TextureCompressor (12)
[2014.12.05-22.14.48:982][109]LogModuleManager: Shutting down and abandoning module ShaderCore (11)
[2014.12.05-22.14.48:982][109]LogModuleManager: Shutting down and abandoning module SlateRHIRenderer (10)
[2014.12.05-22.14.48:986][109]LogModuleManager: Shutting down and abandoning module OpenGLDrv (9)
[2014.12.05-22.14.48:986][109]LogModuleManager: Shutting down and abandoning module D3D11RHI (8)
[2014.12.05-22.14.48:986][109]LogModuleManager: Shutting down and abandoning module Renderer (7)
[2014.12.05-22.14.48:986][109]LogModuleManager: Shutting down and abandoning module Engine (6)
[2014.12.05-22.14.48:986][109]LogModuleManager: Shutting down and abandoning module CoreUObject (5)
[2014.12.05-22.14.48:986][109]LogModuleManager: Shutting down and abandoning module NetworkFile (4)
[2014.12.05-22.14.48:987][109]LogModuleManager: Shutting down and abandoning module StreamingFile (3)
[2014.12.05-22.14.48:987][109]LogModuleManager: Shutting down and abandoning module SandboxFile (2)
[2014.12.05-22.14.48:988][109]LogModuleManager: Shutting down and abandoning module PakFile (1)
[2014.12.05-22.14.48:989][109]LogExit: Exiting.
[2014.12.05-22.14.48:995][109]Log file closed, 12/05/14 14:14:48
