Log file open, 11/08/14 19:34:06
LogInit:Display: Running engine for game: Trial_third_person
LogInit: Version: 4.5.1-2336687+++depot+UE4-Releases+4.5
LogInit: API Version: 2326478
LogInit: Compiled (64-bit): Oct 21 2014 22:32:40
LogInit: Compiled with Visual C++: 18.00.21005.01
LogInit: Build Configuration: Development
LogInit: Branch Name: ++depot+UE4-Releases+4.5
LogInit: Command line:  
LogInit: Base directory: C:/Program Files/Epic Games/4.5/Engine/Binaries/Win64/
LogInit: Rocket: 1
[2014.11.09-03.34.06:743][  0]LogTaskGraph: Started task graph with 3 named threads and 4 total threads.
[2014.11.09-03.34.06:776][  0]LogOnline:Warning: No default platform service specified for OnlineSubsystem
[2014.11.09-03.34.07:558][  0]LogInit: Presizing for 0 objects not considered by GC, pre-allocating 0 bytes.
[2014.11.09-03.34.08:652][  0]LogInit: Object subsystem initialized
[2014.11.09-03.34.09:090][  0]LogConsoleResponse:Warning: Skipping Unknown console variable: 'UIScaleRule = ShortestSide'
[2014.11.09-03.34.09:090][  0]LogConsoleResponse:Warning:   Found in ini file 'C:/Users/Jeremy/Documents/GitHub/Study-Session/Trial_third_person/Saved/Config/Windows/Engine.ini', in section '[/Script/Engine.RendererSettings]'
[2014.11.09-03.34.09:090][  0]LogConsoleResponse:Warning: Skipping Unknown console variable: 'UIScaleCurve = (EditorCurveData=(Keys=((Time=480.000000,Value=0.444000),(Time=720.000000,Value=0.666000),(Time=1080.000000,Value=1.000000),(Time=8640.000000,Value=8.000000))),ExternalCurve=None)'
[2014.11.09-03.34.09:090][  0]LogConsoleResponse:Warning:   Found in ini file 'C:/Users/Jeremy/Documents/GitHub/Study-Session/Trial_third_person/Saved/Config/Windows/Engine.ini', in section '[/Script/Engine.RendererSettings]'
[2014.11.09-03.34.09:153][  0]LogInit: Selected Device Profile: [Windows]
[2014.11.09-03.34.09:153][  0]LogInit: Applying CVar settings loaded from the selected device profile: [Windows]
[2014.11.09-03.34.09:349][  0]LogInit: Computer: BRIANA-DESKTOP
[2014.11.09-03.34.09:349][  0]LogInit: User: Jeremy
[2014.11.09-03.34.09:352][  0]LogInit: CPU Page size=4096, Cores=4
[2014.11.09-03.34.09:353][  0]LogInit: High frequency timer resolution =14.318180 MHz
[2014.11.09-03.34.09:353][  0]LogMemory: Memory total: Physical=8.0GB (8GB approx) Virtual=8192.0GB
[2014.11.09-03.34.09:354][  0]LogMemory: Platform Memory Stats for Windows
[2014.11.09-03.34.09:354][  0]LogMemory: Process Physical Memory: 63.02 MB used, 63.02 MB peak
[2014.11.09-03.34.09:354][  0]LogMemory: Process Virtual Memory: 38.45 MB used, 38.45 MB peak
[2014.11.09-03.34.09:354][  0]LogMemory: Physical Memory: 3985.00 MB used, 8183.89 MB total
[2014.11.09-03.34.09:354][  0]LogMemory: Virtual Memory: 271.60 MB used, 8388608.00 MB total
[2014.11.09-03.34.09:954][  0]LogD3D11RHI: Found D3D11 adapter 0: NVIDIA GeForce GTX 550 Ti (Feature Level 11_0)
[2014.11.09-03.34.09:954][  0]LogD3D11RHI: Adapter has 977MB of dedicated video memory, 0MB of dedicated system memory, and 3071MB of shared system memory, 2 output[s]
[2014.11.09-03.34.09:955][  0]LogD3D11RHI: Chosen D3D11 Adapter Id = 0
[2014.11.09-03.34.09:962][  0]LogRHI: Texture pool is 684 MB (70% of 977 MB)
[2014.11.09-03.34.09:972][  0]LogD3D11RHI: Async texture creation enabled
[2014.11.09-03.34.12:224][  0]LogTextLocalizationManager: The requested culture ('en_US') has no localization data; parent culture's ('en') localization data will be used.
[2014.11.09-03.34.12:752][  0]LogContentStreaming: Texture pool size is 0.000000MB
[2014.11.09-03.34.30:895][  0]LogTargetPlatformManager:Display: Building Assets For Windows
[2014.11.09-03.34.32:233][  0]LogTargetPlatformManager:Display: Building Assets For Windows
[2014.11.09-03.34.32:398][  0]LogDerivedDataCache:Display: Max Cache Size: 512 MB
[2014.11.09-03.34.33:004][  0]LogDerivedDataCache: Loaded boot cache 0.61s 39MB C:/Users/Jeremy/AppData/Local/UnrealEngine/4.5/DerivedDataCache/Boot.ddc.
[2014.11.09-03.34.33:005][  0]LogDerivedDataCache:Display: Loaded Boot cache: C:/Users/Jeremy/AppData/Local/UnrealEngine/4.5/DerivedDataCache/Boot.ddc
[2014.11.09-03.34.33:005][  0]LogDerivedDataCache: FDerivedDataBackendGraph:  Pak pak cache file ../../../../../../Users/Jeremy/Documents/GitHub/Study-Session/Trial_third_person/DerivedDataCache/DDC.ddp not found, will not use a pak cache.
[2014.11.09-03.34.33:005][  0]LogDerivedDataCache: Unable to find inner node Pak for hierarchical cache Hierarchy.
[2014.11.09-03.34.33:117][  0]LogDerivedDataCache:Display: Pak cache opened for reading ../../../Engine/DerivedDataCache/DDC.ddp.
[2014.11.09-03.34.33:144][  0]LogDerivedDataCache: Using Local data cache path C:/Users/Jeremy/AppData/Local/UnrealEngine/Common/DerivedDataCache: Writable
[2014.11.09-03.34.43:680][  0]LogMeshUtilities: No automatic mesh reduction module available
[2014.11.09-03.34.43:681][  0]LogMeshUtilities: No automatic mesh merging module available
[2014.11.09-03.34.46:356][  0]LogLinker:Warning: Asset '../../../Engine/Content/Functions/Engine_MaterialFunctions02/Texturing/FlipBook.uasset' has been saved with empty engine version. The asset will be loaded but may be incompatible.
[2014.11.09-03.34.46:433][  0]LogLinker:Warning: Asset '../../../Engine/Content/Functions/Engine_MaterialFunctions02/ExampleContent/Textures/flipbook.uasset' has been saved with empty engine version. The asset will be loaded but may be incompatible.
[2014.11.09-03.34.50:103][  0]LogInit: WinSock: version 1.1 (2.2), MaxSocks=32767, MaxUdp=65467
[2014.11.09-03.35.21:086][  0]UdpMessaging: Initializing bridge on interface 0.0.0.0:0 to multicast group 230.0.0.1:6666.
[2014.11.09-03.35.22:319][  0]LogDirectoryWatcher:Warning: Failed to begin reading directory changes for C:/Users/Jeremy/Documents/GitHub/Study-Session/Trial_third_person/Binaries/Win64. Error: 0
[2014.11.09-03.35.23:751][  0]SourceControl: Info Source control is disabled
[2014.11.09-03.35.23:751][  0]SourceControl: Info Source control is disabled
[2014.11.09-03.35.23:758][  0]SourceControl: Info Source control is disabled
[2014.11.09-03.35.23:928][  0]LogObj: 22915 objects as part of root set at end of initial load.
[2014.11.09-03.35.23:928][  0]LogUObjectAllocator: 4803536 out of 0 bytes used by permanent object pool.
[2014.11.09-03.35.24:366][  0]LogEngine: Initializing Engine...
[2014.11.09-03.35.25:384][  0]LogInit: XAudio2 using 'Speakers (Realtek High Definition Audio)' : 2 channels at 48 kHz using 32 bits per sample (channel mask 0x3)
[2014.11.09-03.35.25:539][  0]LogInit: FAudioDevice initialized.
[2014.11.09-03.35.26:072][  0]LogAIModule: Creating AISystem for world NewWorld
[2014.11.09-03.35.26:190][  0]LogDerivedDataCache: Saved boot cache 0.06s 39MB C:/Users/Jeremy/AppData/Local/UnrealEngine/4.5/DerivedDataCache/Boot.ddc.
[2014.11.09-03.35.26:203][  0]LogInit: Texture streaming: Enabled
[2014.11.09-03.35.26:447][  0]LogInit: Transaction tracking system initialized
[2014.11.09-03.35.28:719][  0]BlueprintLog: New page: Editor Load
[2014.11.09-03.35.34:557][  0]LogAssetRegistry: FAssetRegistry took 0.1273 seconds to start up
[2014.11.09-03.35.34:559][  0]LogDirectoryWatcher:Warning: Failed to begin reading directory changes for ../../../Engine/Plugins/Experimental/CharacterAI/Content/. Error: 0
[2014.11.09-03.35.36:952][  0]LogTargetPlatformManager:Display: Building Assets For Windows
[2014.11.09-03.35.37:439][  0]LogTargetPlatformManager:Display: Building Assets For Windows
[2014.11.09-03.35.39:282][  0]LogConsoleResponse:Display: 
[2014.11.09-03.35.42:784][  0]SourceControl: Info Source control is disabled
[2014.11.09-03.35.42:808][  0]Cmd: MAP LOAD FILE="../../../../../../Users/Jeremy/Documents/GitHub/Study-Session/Trial_third_person/Content/Maps/Example_Map.umap" TEMPLATE=0 SHOWPROGRESS=1
[2014.11.09-03.35.42:844][  0]LightingResults: New page: Lighting Build
[2014.11.09-03.35.42:972][  0]MapCheck: New page: Map Check
[2014.11.09-03.35.42:972][  0]LightingResults: New page: Lighting Build
[2014.11.09-03.35.43:060][  0]LogParticles: Destroying 0 GPU particle simulations for FXSystem 0x0000000017665A80
[2014.11.09-03.35.52:150][  0]LogEditorServer: Finished looking for orphan Actors (0.000 secs)
[2014.11.09-03.35.52:182][  0]LogAIModule: Creating AISystem for world Example_Map
[2014.11.09-03.35.52:235][  0]Cmd: MAP CHECKDEP
[2014.11.09-03.35.52:257][  0]MapCheck: New page: Example_Map - Nov 8, 2014, 11:35:52 AM
[2014.11.09-03.35.52:437][  0]MapCheck: Info Map check complete: 0 Error(s), 0 Warning(s), took 201.979ms to complete.
[2014.11.09-03.35.52:437][  0]LogFileHelpers: Loading map 'Example_Map' took 9.630
[2014.11.09-03.35.53:923][  0]LogCollectionManager: Loaded 0 collections in 0.004508 seconds
[2014.11.09-03.35.55:931][  0]LogCrashTracker: Crashtracker disabled due to settings.
[2014.11.09-03.35.56:149][  0]LogUObjectGlobals:Warning: Failed to find object 'Class None.'
[2014.11.09-03.35.56:196][  0]LogLoad: Full Startup: 123.06 seconds (BP compile: 0.42 seconds)
[2014.11.09-03.35.56:944][  0]LogContentBrowser:Verbose: The content browser source was changed by the sources view to '/Game/Maps'
[2014.11.09-03.35.59:124][  0]LogRenderer:Warning: Reallocating scene render targets to support 1136x904.
[2014.11.09-03.36.00:841][  5]LogAssetRegistry: Asset discovery search completed in 26.4131 seconds
[2014.11.09-03.37.53:865][677]LogContentBrowser:Verbose: The content browser source was changed by the sources view to '/Game'
[2014.11.09-03.38.09:991][392]LogContentBrowser:Verbose: The content browser source was changed by the sources view to '/Game'
[2014.11.09-03.38.20:968][600]LogContentBrowser:Verbose: The content browser source was changed by the sources view to '/Game/UMG'
[2014.11.09-03.38.28:124][289]LogContentBrowser:Verbose: The content browser source was changed by the sources view to '/Game/UMG'
[2014.11.09-03.38.55:156][314]LogContentBrowser:Verbose: The content browser source was changed by the sources view to '/Game/Blueprints'
[2014.11.09-03.39.26:241][ 24]LogActorComponent: UnregisterComponent: (/Engine/Transient.CharacterMovementComponent_0) Not registered. Aborting.
[2014.11.09-03.39.34:695][416]LogActorComponent: UnregisterComponent: (/Engine/Transient.CharacterMovementComponent_1) Not registered. Aborting.
[2014.11.09-03.39.56:744][595]LogActorComponent: UnregisterComponent: (/Engine/Transient.CharacterMovementComponent_2) Not registered. Aborting.
[2014.11.09-03.40.09:822][221]LogActorComponent: UnregisterComponent: (/Engine/Transient.CharacterMovementComponent_3) Not registered. Aborting.
[2014.11.09-03.40.25:289][966]LogActorComponent: UnregisterComponent: (/Engine/Transient.CharacterMovementComponent_4) Not registered. Aborting.
[2014.11.09-03.40.43:450][889]LogActorComponent: UnregisterComponent: (/Engine/Transient.CharacterMovementComponent_5) Not registered. Aborting.
[2014.11.09-03.40.59:527][699]LogActorComponent: UnregisterComponent: (/Engine/Transient.CharacterMovementComponent_6) Not registered. Aborting.
[2014.11.09-03.41.04:385][937]LogActorComponent: UnregisterComponent: (/Engine/Transient.CharacterMovementComponent_7) Not registered. Aborting.
[2014.11.09-03.41.09:290][175]LogActorComponent: UnregisterComponent: (/Engine/Transient.CharacterMovementComponent_8) Not registered. Aborting.
[2014.11.09-03.41.14:851][451]LogActorComponent: UnregisterComponent: (/Engine/Transient.CharacterMovementComponent_9) Not registered. Aborting.
[2014.11.09-03.41.55:831][566]LogActorComponent: UnregisterComponent: (/Engine/Transient.CharacterMovementComponent_10) Not registered. Aborting.
[2014.11.09-03.41.59:274][733]LogActorComponent: UnregisterComponent: (/Engine/Transient.CharacterMovementComponent_11) Not registered. Aborting.
[2014.11.09-03.43.48:543][671]MapCheck: New page: Map Check
[2014.11.09-03.43.48:622][671]Cmd: MAP REBUILD ALLVISIBLE
[2014.11.09-03.43.48:622][671]LogEditorServer: Rebuildmap Clear paths rebuilt
[2014.11.09-03.43.48:817][671]LightingResults: New page: Lighting Build - Nov 8, 2014, 11:43:48 AM
[2014.11.09-03.44.08:800][671]LogStaticLightingSystem: Running Lightmass w/ ImmediateImport mode ENABLED
[2014.11.09-03.44.08:800][671]LogStaticLightingSystem: Running Lightmass w/ ImmediateProcess mode ENABLED
[2014.11.09-03.44.08:800][671]LogStaticLightingSystem: Running Lightmass w/ Sorting mode ENABLED
[2014.11.09-03.44.08:800][671]LogStaticLightingSystem: Running Lightmass w/ Mapping paddings ENABLED
[2014.11.09-03.44.08:800][671]LogStaticLightingSystem: Running Lightmass w/ Mapping debug paddings DISABLED
[2014.11.09-03.44.09:240][671]LogEditorBuildUtils: Build time 0:00:20
[2014.11.09-03.44.09:256][671]LogMaterial: Missing cached shader map for material FLightmassMaterialRenderer MaterialInstanceDynamic_31, compiling.
[2014.11.09-03.44.09:273][671]LogMaterial: Missing cached shader map for material FLightmassMaterialRenderer MaterialInstanceDynamic_31, compiling.
[2014.11.09-03.44.09:363][672]LogMaterial: Missing cached shader map for material FLightmassMaterialRenderer MI_Template_BaseGray, compiling.
[2014.11.09-03.44.09:366][672]LogMaterial: Missing cached shader map for material FLightmassMaterialRenderer MI_Template_BaseGray, compiling.
[2014.11.09-03.44.09:390][673]LogMaterial: Incomplete cached shader map for material FLightmassMaterialRenderer MI_Template_BaseGray_03_Metal, compiling.
[2014.11.09-03.44.09:393][673]LogMaterial: Incomplete cached shader map for material FLightmassMaterialRenderer MI_Template_BaseGray_03_Metal, compiling.
[2014.11.09-03.44.09:912][674]LogMaterial: Missing cached shader map for material FLightmassMaterialRenderer WorldGridMaterial, compiling.
[2014.11.09-03.44.09:916][674]LogMaterial: Missing cached shader map for material FLightmassMaterialRenderer WorldGridMaterial, compiling.
[2014.11.09-03.44.16:345][685]LogActorComponent: UnregisterComponent: (/Engine/Transient.CharacterMovementComponent_12) Not registered. Aborting.
[2014.11.09-03.44.23:401][900]Job is a success!
[2014.11.09-03.44.24:127][901]LogTexture:Display: Building textures: HQ_Lightmap0_1 (AutoDXT)
[2014.11.09-03.44.24:783][901]LogTexture:Display: Building textures: LQ_Lightmap_1_2 (DXT1)
[2014.11.09-03.44.24:801][901]LogTexture:Display: Building textures: HQ_Lightmap1_2 (AutoDXT)
[2014.11.09-03.44.24:813][901]LogTexture:Display: Building textures: LQ_Lightmap_0_1 (DXT1)
[2014.11.09-03.44.25:188][901]LogTexture:Display: Building textures: ShadowMapTexture2D_0 (BGRA8)
[2014.11.09-03.44.25:248][901]LogTexture:Display: Building textures: ShadowMapTexture2D_2 (BGRA8)
[2014.11.09-03.44.25:932][901]Lightmass on BRIANA-DESKTOP: 5.85 sec total, 189 ms importing, 1 ms setup, 463 ms photons, 4.71 sec processing, 0 ms extra exporting [59/59 mappings]. Threads: 18.8 sec total, 7.11 sec processing.
[2014.11.09-03.44.25:997][901]LogStaticLightingSystem:Warning: Illumination: 37.1 sec (1.33 sec encoding lightmaps)
[2014.11.09-03.44.25:997][901]LogStaticLightingSystem: Lightmap texture memory:  1.3 MB (0.0 MB streaming, 1.3 MB non-streaming), 4 textures
[2014.11.09-03.44.25:997][901]LogStaticLightingSystem: Shadowmap texture memory: 0.0 MB (0.0 MB streaming, 0.0 MB non-streaming), 2 textures
[2014.11.09-03.44.26:766][902]Cmd: MAP CHECK NOTIFYRESULTS
[2014.11.09-03.44.26:767][902]MapCheck: New page: Example_Map - Nov 8, 2014, 11:44:26 AM
[2014.11.09-03.44.27:067][902]MapCheck: Info Map check complete: 0 Error(s), 0 Warning(s), took 300.51ms to complete.
[2014.11.09-03.46.00:488][367]LogSavePackage: Save=294.384003ms
[2014.11.09-03.46.00:488][367]LogSavePackage: Moving '../../../../../../Users/Jeremy/Documents/GitHub/Study-Session/Trial_third_person/Saved/Example_Map_Auto1F6FC811C4BB1CF324C60EEB4D8E15774.tmp' to '../../../../../../Users/Jeremy/Documents/GitHub/Study-Session/Trial_third_person/Saved/Autosaves/Game/Maps/Example_Map_Auto1.umap'
[2014.11.09-03.46.00:500][367]LogFileHelpers: Editor autosave (incl. sublevels) for '/Game/Maps/Example_Map' took 0.418
[2014.11.09-03.46.00:500][367]LogFileHelpers: Editor autosave (incl. sublevels) for all levels took 0.418
[2014.11.09-03.46.00:514][367]OBJ SavePackage: Generating thumbnails for [0] asset(s) in package [/Game/UMG/GameHUD] ([1] browsable assets)...
[2014.11.09-03.46.00:532][367]OBJ SavePackage: Finished generating thumbnails for package [/Game/UMG/GameHUD]
[2014.11.09-03.46.00:584][367]LogSavePackage: Save=17.300802ms
[2014.11.09-03.46.00:584][367]LogSavePackage: Moving '../../../../../../Users/Jeremy/Documents/GitHub/Study-Session/Trial_third_person/Saved/GameHUD_Auto150282CA349D40EE311A67998C3487429.tmp' to '../../../../../../Users/Jeremy/Documents/GitHub/Study-Session/Trial_third_person/Saved/Autosaves/Game/UMG/GameHUD_Auto1.uasset'
[2014.11.09-03.46.00:607][367]OBJ SavePackage: Generating thumbnails for [1] asset(s) in package [/Game/Blueprints/MyCharacter] ([1] browsable assets)...
[2014.11.09-03.46.00:712][367]OBJ SavePackage:     Rendered thumbnail for [Blueprint /Game/Blueprints/MyCharacter.MyCharacter]
[2014.11.09-03.46.00:712][367]OBJ SavePackage: Finished generating thumbnails for package [/Game/Blueprints/MyCharacter]
[2014.11.09-03.46.01:143][367]LogSavePackage: Save=386.511200ms
[2014.11.09-03.46.01:143][367]LogSavePackage: Moving '../../../../../../Users/Jeremy/Documents/GitHub/Study-Session/Trial_third_person/Saved/MyCharacter_Auto13FF1758442C23B80DB44BA82A09606EA.tmp' to '../../../../../../Users/Jeremy/Documents/GitHub/Study-Session/Trial_third_person/Saved/Autosaves/Game/Blueprints/MyCharacter_Auto1.uasset'
[2014.11.09-03.46.01:152][367]LogFileHelpers: Auto-saving content packages took 0.652
[2014.11.09-03.46.11:755][777]BlueprintLog: New page: Compile MyCharacter
[2014.11.09-03.46.11:983][777]LogActorComponent: UnregisterComponent: (/Engine/Transient.CharacterMovementComponent_13) Not registered. Aborting.
[2014.11.09-03.46.12:076][777]BlueprintEditorCompileResults: Info [0738.72] Compile of MyCharacter successful! [in 69 ms]
[2014.11.09-03.46.44:939][996]LogActorComponent: UnregisterComponent: (/Engine/Transient.CharacterMovementComponent_14) Not registered. Aborting.
[2014.11.09-03.48.34:148][115]LogSlate:Warning: GetFontFace failed to load or process 'Roboto-Regular'
[2014.11.09-03.48.34:148][115]LogSlate:Warning: GetFontFace failed to load or process 'Roboto-Regular'
[2014.11.09-03.48.34:237][115]LogSlate:Warning: GetFontFace failed to load or process 'Roboto-Regular'
[2014.11.09-03.48.34:237][115]LogSlate:Warning: GetFontFace failed to load or process 'Roboto-Regular'
[2014.11.09-03.48.34:238][115]LogSlate:Warning: GetFontFace failed to load or process 'Roboto-Regular'
[2014.11.09-03.48.34:238][115]LogSlate:Warning: GetFontFace failed to load or process 'Roboto-Regular'
[2014.11.09-03.48.34:238][115]LogSlate:Warning: GetFontFace failed to load or process 'Roboto-Regular'
[2014.11.09-03.48.34:238][115]LogSlate:Warning: GetFontFace failed to load or process 'Roboto-Regular'
[2014.11.09-03.48.34:239][115]LogSlate:Warning: GetFontFace failed to load or process 'Roboto-Regular'
[2014.11.09-03.48.34:239][115]LogSlate:Warning: GetFontFace failed to load or process 'Roboto-Regular'
[2014.11.09-03.48.34:239][115]LogSlate:Warning: GetFontFace failed to load or process 'Roboto-Regular'
[2014.11.09-03.48.34:240][115]LogSlate:Warning: GetFontFace failed to load or process 'Roboto-Regular'
[2014.11.09-03.48.34:240][115]LogSlate:Warning: GetFontFace failed to load or process 'Roboto-Regular'
[2014.11.09-03.48.34:240][115]LogSlate:Warning: GetFontFace failed to load or process 'Roboto-Regular'
[2014.11.09-03.48.34:240][115]LogSlate:Warning: GetFontFace failed to load or process 'Roboto-Regular'
[2014.11.09-03.48.34:241][115]LogSlate:Warning: GetFontFace failed to load or process 'Roboto-Regular'
[2014.11.09-03.48.34:241][115]LogSlate:Warning: GetFontFace failed to load or process 'Roboto-Regular'
[2014.11.09-03.48.34:241][115]LogSlate:Warning: GetFontFace failed to load or process 'Roboto-Regular'
[2014.11.09-03.48.34:242][115]LogSlate:Warning: GetFontFace failed to load or process 'Roboto-Regular'
[2014.11.09-03.50.46:228][ 20]LogSlate:Warning: GetFontFace failed to load or process 'Roboto-Regular'
[2014.11.09-03.50.46:229][ 20]LogSlate:Warning: GetFontFace failed to load or process 'Roboto-Regular'
[2014.11.09-03.50.46:229][ 20]LogSlate:Warning: GetFontFace failed to load or process 'Roboto-Regular'
[2014.11.09-03.50.46:229][ 20]LogSlate:Warning: GetFontFace failed to load or process 'Roboto-Regular'
[2014.11.09-03.50.46:229][ 20]LogSlate:Warning: GetFontFace failed to load or process 'Roboto-Regular'
[2014.11.09-03.50.46:229][ 20]LogSlate:Warning: GetFontFace failed to load or process 'Roboto-Regular'
[2014.11.09-03.51.46:464][758]LogSlate:Warning: GetFontFace failed to load or process 'Roboto-Regular'
[2014.11.09-03.51.46:464][758]LogSlate:Warning: GetFontFace failed to load or process 'Roboto-Regular'
[2014.11.09-03.53.34:574][298]BlueprintLog: New page: Compile MyCharacter
[2014.11.09-03.53.34:756][298]LogActorComponent: UnregisterComponent: (/Engine/Transient.CharacterMovementComponent_15) Not registered. Aborting.
[2014.11.09-03.53.34:873][298]BlueprintEditorCompileResults: Info [1181.56] Compile of MyCharacter successful! [in 90 ms]
[2014.11.09-03.53.39:075][470]Cmd: OBJ SAVEPACKAGE PACKAGE="/Game/Blueprints/MyCharacter" FILE="../../../../../../Users/Jeremy/Documents/GitHub/Study-Session/Trial_third_person/Content/Blueprints/MyCharacter.uasset" SILENT=true
[2014.11.09-03.53.39:481][470]LogSavePackage: Save=367.774048ms
[2014.11.09-03.53.39:481][470]LogSavePackage: Moving '../../../../../../Users/Jeremy/Documents/GitHub/Study-Session/Trial_third_person/Saved/MyCharacter71BD642C4C5C5653C3EF0BA7320D82C4.tmp' to '../../../../../../Users/Jeremy/Documents/GitHub/Study-Session/Trial_third_person/Content/Blueprints/MyCharacter.uasset'
[2014.11.09-03.53.44:820][714]LogContentBrowser:Verbose: The content browser source was changed by the sources view to '/Game/UMG'
[2014.11.09-03.56.02:512][ 48]LogActorComponent: UnregisterComponent: (/Engine/Transient.CharacterMovementComponent_16) Not registered. Aborting.
[2014.11.09-03.56.02:541][ 48]LogParticles: Destroying 0 GPU particle simulations for FXSystem 0x00000000146F85E0
[2014.11.09-03.56.02:711][ 48]LogFileHelpers: Editor autosave (incl. sublevels) for '/Game/Maps/Example_Map' took 0.199
[2014.11.09-03.56.02:728][ 48]OBJ SavePackage: Generating thumbnails for [0] asset(s) in package [/Game/UMG/GameHUD] ([1] browsable assets)...
[2014.11.09-03.56.02:759][ 48]OBJ SavePackage: Finished generating thumbnails for package [/Game/UMG/GameHUD]
[2014.11.09-03.56.02:933][ 48]LogSavePackage: Save=133.135712ms
[2014.11.09-03.56.02:935][ 48]LogSavePackage: Moving '../../../../../../Users/Jeremy/Documents/GitHub/Study-Session/Trial_third_person/Saved/GameHUD_Auto29FB4ED254E973EDBD13AAF829B0ACF77.tmp' to '../../../../../../Users/Jeremy/Documents/GitHub/Study-Session/Trial_third_person/Saved/Autosaves/Game/UMG/GameHUD_Auto2.uasset'
[2014.11.09-03.56.02:958][ 48]LogFileHelpers: Auto-saving content packages took 0.247
[2014.11.09-03.58.59:675][574]LogCrashTracker: 


[2014.11.09-03.59.04:840][574]LogCrashTracker: 


[2014.11.09-03.59.04:841][574]LogWindows: === Critical error: ===
Fatal error!

Unhandled Exception: EXCEPTION_ACCESS_VIOLATION reading address 0x646e6997

UE4Editor-UMG.dll!UnknownFunction (0x000007fed8dceddc) + 0 bytes [UnknownFile:0]
UE4Editor-UMG.dll!UnknownFunction (0x000007fed8e0ce7e) + 0 bytes [UnknownFile:0]
UE4Editor-UMGEditor.dll!UnknownFunction (0x000007fed8bfa585) + 0 bytes [UnknownFile:0]
UE4Editor-UMGEditor.dll!UnknownFunction (0x000007fed8bdd5f4) + 0 bytes [UnknownFile:0]
UE4Editor-Slate.dll!UnknownFunction (0x000007fee3eda0c7) + 0 bytes [UnknownFile:0]
UE4Editor-Slate.dll!UnknownFunction (0x000007fee3ef2211) + 0 bytes [UnknownFile:0]
UE4Editor-Slate.dll!UnknownFunction (0x000007fee3ef3852) + 0 bytes [UnknownFile:0]
UE4Editor.exe!FEngineLoop::Tick() (0x000000013f4aa979) + 0 bytes [d:\buildfarm\buildmachine_++depot+ue4-releases+4.5\engine\source\runtime\launch\private\launchengineloop.cpp:2154]
UE4Editor.exe!GuardedMain() (0x000000013f49f9df) + 0 bytes [d:\buildfarm\buildmachine_++depot+ue4-releases+4.5\engine\source\runtime\launch\private\launch.cpp:133]
UE4Editor.exe!GuardedMainWrapper() (0x000000013f49fa4a) + 5 bytes [d:\buildfarm\buildmachine_++depot+ue4-releases+4.5\engine\source\runtime\launch\private\windows\launchwindows.cpp:125]
UE4Editor.exe!WinMain() (0x000000013f4abf19) + 17 bytes [d:\buildfarm\buildmachine_++depot+ue4-releases+4.5\engine\source\runtime\launch\private\windows\launchwindows.cpp:201]
UE4Editor.exe!__tmainCRTStartup() (0x000000013f4acdc9) + 21 bytes [f:\dd\vctools\crt\crtw32\dllstuff\crtexe.c:618]
kernel32.dll!UnknownFunction (0x0000000077af59ed) + 0 bytes [UnknownFile:0]
ntdll.dll!UnknownFunction (0x0000000077c2c541) + 0 bytes [UnknownFile:0]
ntdll.dll!UnknownFunction (0x0000000077c2c541) + 0 bytes [UnknownFile:0]


[2014.11.09-03.59.05:057][574]LogExit: Executing StaticShutdownAfterError
[2014.11.09-03.59.05:320][574]LogWindows: FPlatformMisc::RequestExit(1)
[2014.11.09-03.59.05:320][574]Log file closed, 11/08/14 19:59:05
