Log file open, 11/24/14 02:52:38
LogInit:Display: Running engine for game: Trial_third_person
LogInit: Version: 4.5.1-2336687+++depot+UE4-Releases+4.5
LogInit: API Version: 2326478
LogInit: Compiled (64-bit): Oct 21 2014 22:32:40
LogInit: Compiled with Visual C++: 18.00.21005.01
LogInit: Build Configuration: Development
LogInit: Branch Name: ++depot+UE4-Releases+4.5
LogInit: Command line:  
LogInit: Base directory: C:/Program Files/Epic Games/4.5/Engine/Binaries/Win64/
LogInit: Rocket: 1
[2014.11.24-10.52.38:110][  0]LogTaskGraph: Started task graph with 3 named threads and 4 total threads.
[2014.11.24-10.52.38:138][  0]LogOnline:Warning: No default platform service specified for OnlineSubsystem
[2014.11.24-10.52.38:156][  0]LogInit: Presizing for 0 objects not considered by GC, pre-allocating 0 bytes.
[2014.11.24-10.52.38:166][  0]LogInit: Object subsystem initialized
[2014.11.24-10.52.38:169][  0]LogConsoleResponse:Warning: Skipping Unknown console variable: 'UIScaleRule = ShortestSide'
[2014.11.24-10.52.38:169][  0]LogConsoleResponse:Warning:   Found in ini file 'C:/Users/User/Documents/GitHub/Study-Session/Trial_third_person/Saved/Config/Windows/Engine.ini', in section '[/Script/Engine.RendererSettings]'
[2014.11.24-10.52.38:169][  0]LogConsoleResponse:Warning: Skipping Unknown console variable: 'UIScaleCurve = (EditorCurveData=(Keys=((Time=480.000000,Value=0.444000),(Time=720.000000,Value=0.666000),(Time=1080.000000,Value=1.000000),(Time=8640.000000,Value=8.000000))),ExternalCurve=None)'
[2014.11.24-10.52.38:169][  0]LogConsoleResponse:Warning:   Found in ini file 'C:/Users/User/Documents/GitHub/Study-Session/Trial_third_person/Saved/Config/Windows/Engine.ini', in section '[/Script/Engine.RendererSettings]'
[2014.11.24-10.52.38:170][  0]LogInit: Selected Device Profile: [Windows]
[2014.11.24-10.52.38:170][  0]LogInit: Applying CVar settings loaded from the selected device profile: [Windows]
[2014.11.24-10.52.38:176][  0]LogInit: Computer: USER-PC
[2014.11.24-10.52.38:176][  0]LogInit: User: User
[2014.11.24-10.52.38:177][  0]LogInit: CPU Page size=4096, Cores=2
[2014.11.24-10.52.38:177][  0]LogInit: High frequency timer resolution =2.435947 MHz
[2014.11.24-10.52.38:177][  0]LogMemory: Memory total: Physical=7.8GB (8GB approx) Virtual=8192.0GB
[2014.11.24-10.52.38:177][  0]LogMemory: Platform Memory Stats for Windows
[2014.11.24-10.52.38:177][  0]LogMemory: Process Physical Memory: 64.32 MB used, 64.32 MB peak
[2014.11.24-10.52.38:177][  0]LogMemory: Process Virtual Memory: 39.66 MB used, 39.66 MB peak
[2014.11.24-10.52.38:177][  0]LogMemory: Physical Memory: 2909.61 MB used, 7969.14 MB total
[2014.11.24-10.52.38:177][  0]LogMemory: Virtual Memory: 274.40 MB used, 8388608.00 MB total
[2014.11.24-10.52.38:196][  0]LogD3D11RHI: Found D3D11 adapter 0: Intel(R) HD Graphics 3000 (Feature Level 10_0)
[2014.11.24-10.52.38:196][  0]LogD3D11RHI: Adapter has 192MB of dedicated video memory, 0MB of dedicated system memory, and 1568MB of shared system memory, 1 output[s]
[2014.11.24-10.52.38:196][  0]LogD3D11RHI: Chosen D3D11 Adapter Id = 0
[2014.11.24-10.52.38:201][  0]LogRHI: Texture pool is 683 MB (70% of 976 MB)
[2014.11.24-10.52.38:204][  0]LogD3D11RHI: Async texture creation enabled
[2014.11.24-10.52.38:243][  0]LogTextLocalizationManager: The requested culture ('en_US') has no localization data; parent culture's ('en') localization data will be used.
[2014.11.24-10.52.38:393][  0]LogContentStreaming: Texture pool size is 0.000000MB
[2014.11.24-10.52.43:546][  0]LogTargetPlatformManager:Display: Building Assets For Windows
[2014.11.24-10.52.43:982][  0]LogTargetPlatformManager:Display: Building Assets For Windows
[2014.11.24-10.52.44:033][  0]LogDerivedDataCache:Display: Max Cache Size: 512 MB
[2014.11.24-10.52.44:084][  0]LogDerivedDataCache: Loaded boot cache 0.05s 36MB C:/Users/User/AppData/Local/UnrealEngine/4.5/DerivedDataCache/Boot.ddc.
[2014.11.24-10.52.44:084][  0]LogDerivedDataCache:Display: Loaded Boot cache: C:/Users/User/AppData/Local/UnrealEngine/4.5/DerivedDataCache/Boot.ddc
[2014.11.24-10.52.44:084][  0]LogDerivedDataCache: FDerivedDataBackendGraph:  Pak pak cache file ../../../../../../Users/User/Documents/GitHub/Study-Session/Trial_third_person/DerivedDataCache/DDC.ddp not found, will not use a pak cache.
[2014.11.24-10.52.44:084][  0]LogDerivedDataCache: Unable to find inner node Pak for hierarchical cache Hierarchy.
[2014.11.24-10.52.44:159][  0]LogDerivedDataCache:Display: Pak cache opened for reading ../../../Engine/DerivedDataCache/DDC.ddp.
[2014.11.24-10.52.44:170][  0]LogDerivedDataCache: Using Local data cache path C:/Users/User/AppData/Local/UnrealEngine/Common/DerivedDataCache: Writable
[2014.11.24-10.52.44:351][  0]LogMeshUtilities: No automatic mesh reduction module available
[2014.11.24-10.52.44:351][  0]LogMeshUtilities: No automatic mesh merging module available
[2014.11.24-10.52.44:610][  0]LogLinker:Warning: Asset '../../../Engine/Content/Functions/Engine_MaterialFunctions02/Texturing/FlipBook.uasset' has been saved with empty engine version. The asset will be loaded but may be incompatible.
[2014.11.24-10.52.44:613][  0]LogLinker:Warning: Asset '../../../Engine/Content/Functions/Engine_MaterialFunctions02/ExampleContent/Textures/flipbook.uasset' has been saved with empty engine version. The asset will be loaded but may be incompatible.
[2014.11.24-10.52.44:786][  0]LogInit: WinSock: version 1.1 (2.2), MaxSocks=32767, MaxUdp=65467
[2014.11.24-10.52.45:586][  0]UdpMessaging: Initializing bridge on interface 0.0.0.0:0 to multicast group 230.0.0.1:6666.
[2014.11.24-10.52.45:738][  0]LogDirectoryWatcher:Warning: Failed to begin reading directory changes for C:/Users/User/Documents/GitHub/Study-Session/Trial_third_person/Binaries/Win64. Error: 0
[2014.11.24-10.52.45:865][  0]SourceControl: Info Source control is disabled
[2014.11.24-10.52.45:865][  0]SourceControl: Info Source control is disabled
[2014.11.24-10.52.45:872][  0]SourceControl: Info Source control is disabled
[2014.11.24-10.52.45:979][  0]LogObj: 22915 objects as part of root set at end of initial load.
[2014.11.24-10.52.45:979][  0]LogUObjectAllocator: 4803536 out of 0 bytes used by permanent object pool.
[2014.11.24-10.52.46:033][  0]LogEngine: Initializing Engine...
[2014.11.24-10.52.46:163][  0]LogInit: XAudio2 using 'Speakers (Realtek High Definition Audio)' : 2 channels at 48 kHz using 32 bits per sample (channel mask 0x3)
[2014.11.24-10.52.46:204][  0]LogInit: FAudioDevice initialized.
[2014.11.24-10.52.46:223][  0]LogAIModule: Creating AISystem for world NewWorld
[2014.11.24-10.52.46:254][  0]LogDerivedDataCache: Saved boot cache 0.03s 36MB C:/Users/User/AppData/Local/UnrealEngine/4.5/DerivedDataCache/Boot.ddc.
[2014.11.24-10.52.46:260][  0]LogInit: Texture streaming: Enabled
[2014.11.24-10.52.46:299][  0]LogInit: Transaction tracking system initialized
[2014.11.24-10.52.46:385][  0]BlueprintLog: New page: Editor Load
[2014.11.24-10.52.46:413][  0]LogAssetRegistry: FAssetRegistry took 0.0093 seconds to start up
[2014.11.24-10.52.46:413][  0]LogDirectoryWatcher:Warning: Failed to begin reading directory changes for ../../../Engine/Plugins/Experimental/CharacterAI/Content/. Error: 0
[2014.11.24-10.52.46:967][  0]LogTargetPlatformManager:Display: Building Assets For Windows
[2014.11.24-10.52.47:385][  0]LogTargetPlatformManager:Display: Building Assets For Windows
[2014.11.24-10.52.47:625][  0]LogConsoleResponse:Display: 
[2014.11.24-10.52.47:810][  0]SourceControl: Info Source control is disabled
[2014.11.24-10.52.47:810][  0]Cmd: MAP LOAD FILE="../../../../../../Users/User/Documents/GitHub/Study-Session/Trial_third_person/Content/Maps/Example_Map.umap" TEMPLATE=0 SHOWPROGRESS=1
[2014.11.24-10.52.47:811][  0]LightingResults: New page: Lighting Build
[2014.11.24-10.52.47:819][  0]MapCheck: New page: Map Check
[2014.11.24-10.52.47:819][  0]LightingResults: New page: Lighting Build
[2014.11.24-10.52.47:836][  0]LogParticles: Destroying 0 GPU particle simulations for FXSystem 0x0000000010A0C5E0
[2014.11.24-10.52.48:103][  0]LogEditorServer: Finished looking for orphan Actors (0.000 secs)
[2014.11.24-10.52.48:104][  0]LogAIModule: Creating AISystem for world Example_Map
[2014.11.24-10.52.48:104][  0]Cmd: MAP CHECKDEP
[2014.11.24-10.52.48:104][  0]MapCheck: New page: Example_Map - Nov 23, 2014, 6:52:48 PM
[2014.11.24-10.52.48:208][  0]MapCheck: Info Map check complete: 0 Error(s), 0 Warning(s), took 103.866ms to complete.
[2014.11.24-10.52.48:208][  0]LogFileHelpers: Loading map 'Example_Map' took 0.398
[2014.11.24-10.52.48:285][  0]LogCollectionManager: Loaded 0 collections in 0.001081 seconds
[2014.11.24-10.52.48:394][  0]LogCrashTracker: Crashtracker disabled due to settings.
[2014.11.24-10.52.48:421][  0]LogUObjectGlobals:Warning: Failed to find object 'Class None.'
[2014.11.24-10.52.48:448][  0]LogLoad: Full Startup: 12.56 seconds (BP compile: 0.07 seconds)
[2014.11.24-10.52.48:792][  0]LogContentBrowser:Verbose: The content browser source was changed by the sources view to '/Game/Character'
[2014.11.24-10.52.48:934][  0]LogRenderer:Warning: Reallocating scene render targets to support 688x592.
[2014.11.24-10.52.50:001][  3]LogAssetRegistry: Asset discovery search completed in 3.5982 seconds
[2014.11.24-10.52.56:678][124]LogFactory: FactoryCreateBinary: StaticMesh with FbxFactory (0 0 ../../../../../../Users/User/Documents/GitHub/Study-Session/Trial_third_person/Content/Character/CATS/cat2.fbx)
[2014.11.24-10.52.56:683][124]LogFbx: ItemName: GlobalSettings, ItemCount : 1
[2014.11.24-10.52.56:683][124]LogFbx: ItemName: Geometry, ItemCount : 1
[2014.11.24-10.52.56:683][124]LogFbx: ItemName: Model, ItemCount : 1
[2014.11.24-10.52.56:683][124]LogFbx: ItemName: Material, ItemCount : 2
[2014.11.24-10.52.56:683][124]LogFbx: ItemName: Texture, ItemCount : 1
[2014.11.24-10.52.56:683][124]LogFbx: ItemName: Video, ItemCount : 1
[2014.11.24-10.53.05:459][124]LogFbx: Loading FBX Scene from ../../../../../../Users/User/Documents/GitHub/Study-Session/Trial_third_person/Content/Character/CATS/cat2.fbx
[2014.11.24-10.53.05:501][124]LogFbx: FBX Scene Loaded Succesfully
[2014.11.24-10.53.05:510][124]LogLinker:Warning: Can't find file '/Game/Character/Material'
[2014.11.24-10.53.05:510][124]LogLinker:Warning: Can't find file '/Game/Character/Material'
[2014.11.24-10.53.05:510][124]LogUObjectGlobals:Warning: Failed to find object 'MaterialInterface /Game/Character/Material.Material'
[2014.11.24-10.53.05:542][124]LogMaterial: Missing cached shader map for material Material, compiling.
[2014.11.24-10.53.05:570][124]LogLinker:Warning: Can't find file '/Game/Character/Material_001'
[2014.11.24-10.53.05:571][124]LogLinker:Warning: Can't find file '/Game/Character/Material_001'
[2014.11.24-10.53.05:571][124]LogUObjectGlobals:Warning: Failed to find object 'MaterialInterface /Game/Character/Material_001.Material_001'
[2014.11.24-10.53.05:577][124]LogLinker:Warning: Can't find file '/Game/Character/CATS'
[2014.11.24-10.53.05:577][124]LogLinker:Warning: Can't find file '/Game/Character/CATS'
[2014.11.24-10.53.05:578][124]LogUObjectGlobals:Warning: Failed to find object 'Texture /Game/Character/CATS.CATS'
[2014.11.24-10.53.05:578][124]LogStreaming:Warning: Failed to read file 'C:\Users\User\Documents\GitHub\Study-Session\Trial_third_person\Content\Character\CATS' error.
[2014.11.24-10.53.05:578][124]LogStreaming:Warning: Failed to read file '../../../../../../Users/User/Documents/GitHub/Study-Session/Trial_third_person/Content/Character/CATS/.' error.
[2014.11.24-10.53.05:578][124]LogStreaming:Warning: Failed to read file '../../../../../../Users/User/Documents/GitHub/Study-Session/Trial_third_person/Content/Character/CATS/.' error.
[2014.11.24-10.53.05:578][124]LogFbxMaterialImport:Warning: Unable to find TEXTure file .. Tried:
 - C:\Users\User\Documents\GitHub\Study-Session\Trial_third_person\Content\Character\CATS
 - ../../../../../../Users/User/Documents/GitHub/Study-Session/Trial_third_person/Content/Character/CATS/.
 - ../../../../../../Users/User/Documents/GitHub/Study-Session/Trial_third_person/Content/Character/CATS/.
[2014.11.24-10.53.05:581][124]LogMaterial: Missing cached shader map for material Material_001, compiling.
[2014.11.24-10.53.05:589][124]LogFbx:Warning: Triangulating static mesh Sphere.007
[2014.11.24-10.53.40:012][124]LogFbx: == Initial material list:
[2014.11.24-10.53.40:012][124]LogFbx: 0: Material
[2014.11.24-10.53.40:012][124]LogFbx: 1: Material.001
[2014.11.24-10.53.40:012][124]LogFbx: == After sorting:
[2014.11.24-10.53.40:012][124]LogFbx: 0: Material
[2014.11.24-10.53.40:012][124]LogFbx: 1: Material.001
[2014.11.24-10.53.40:012][124]LogFbx: == Mapping table:
[2014.11.24-10.53.40:012][124]LogFbx:   sort 0 -> 0
[2014.11.24-10.53.40:012][124]LogFbx:   sort 1 -> 1
[2014.11.24-10.53.40:066][124]LogStaticMesh: Building static mesh cat2...
[2014.11.24-10.53.42:489][124]LogLayoutUV:Display: FindCharts: 285 ms
[2014.11.24-10.53.42:687][124]LogLayoutUV:Display: PackCharts: 137 ms
[2014.11.24-10.53.42:687][124]LogLayoutUV:Display:   Rasterize: 265755
[2014.11.24-10.53.42:687][124]LogLayoutUV:Display:   Find: 67583
[2014.11.24-10.53.43:016][124]LogLayoutUV:Display: PackCharts: 154 ms
[2014.11.24-10.53.43:016][124]LogLayoutUV:Display:   Rasterize: 290725
[2014.11.24-10.53.43:016][124]LogLayoutUV:Display:   Find: 83046
[2014.11.24-10.53.43:299][124]LogLayoutUV:Display: PackCharts: 150 ms
[2014.11.24-10.53.43:299][124]LogLayoutUV:Display:   Rasterize: 281178
[2014.11.24-10.53.43:299][124]LogLayoutUV:Display:   Find: 83391
[2014.11.24-10.53.43:568][124]LogLayoutUV:Display: PackCharts: 140 ms
[2014.11.24-10.53.43:568][124]LogLayoutUV:Display:   Rasterize: 264531
[2014.11.24-10.53.43:568][124]LogLayoutUV:Display:   Find: 75079
[2014.11.24-10.54.22:656][124]LogStaticMesh: Built static mesh [42590.226563ms] /Game/Character/cat2.cat2
[2014.11.24-10.54.24:985][124]LogContentBrowser:Verbose: The content browser source was changed by the sources view to 'None'
[2014.11.24-10.54.24:985][124]LogContentBrowser:Verbose: The content browser source was changed by the sources view to '/Game/Character'
[2014.11.24-10.54.48:011][291]LogActorFactory: Actor Factory created cat2
[2014.11.24-10.54.49:022][306]LogActorFactory: Actor Factory created cat2
[2014.11.24-10.54.53:860][562]LogPlayLevel: PIE:  No blueprints needed recompiling
[2014.11.24-10.54.53:861][562]PIE: New page: PIE session: Example_Map (Nov 23, 2014, 6:54:53 PM)
[2014.11.24-10.54.53:905][562]LogPlayLevel: PIE: StaticDuplicateObject took: (0.044379s)
[2014.11.24-10.54.53:914][562]LogPlayLevel: PIE: World Init took: (0.009267s)
[2014.11.24-10.54.53:915][562]LogPlayLevel: PIE: Created PIE world by copying editor world from /Game/Maps/Example_Map.Example_Map to /Game/Maps/UEDPIE_0_Example_Map.Example_Map (0.054101s)
[2014.11.24-10.54.54:537][562]LogWorld: Game class is 'MyGame_C'
[2014.11.24-10.54.54:540][562]LogAIModule: Creating AISystem for world Example_Map
[2014.11.24-10.54.54:541][562]LogWorld: Bringing World /Game/Maps/UEDPIE_0_Example_Map.Example_Map up for play (max tick rate 60) at 2014.11.24-02.54.54
[2014.11.24-10.54.54:603][562]LogWorld: Bringing up level for play took: 0.063109
[2014.11.24-10.54.54:606][562]PIE: Info Play in editor start time for /Game/Maps/UEDPIE_0_Example_Map -0.067
[2014.11.24-10.55.03:313][857]LogParticles: Destroying 0 GPU particle simulations for FXSystem 0x000000000CD6F740
[2014.11.24-10.55.08:210][115]LogEditorViewport: Clicking on Actor (context menu): StaticMeshActor (cat2)
[2014.11.24-10.55.47:001][758]LogRenderer:Warning: Reallocating scene render targets to support 1016x592.
[2014.11.24-10.56.38:623][973]LogPhysics:Warning: PHYSX: ..\..\PhysXCooking\src\convex\ConvexHullBuilder.cpp (1486) 32 : ConvexHullBuilder: convex hull has more than 255 polygons!
[2014.11.24-10.56.38:623][973]LogPhysics:Warning: PHYSX: ..\..\PhysXCooking\src\convex\ConvexMeshBuilder.cpp (266) 32 : Gu::ConvexMesh::loadConvexHull: convex hull init failed! Try to use the PxConvexFlag::eINFLATE_CONVEX flag. (see PxToolkit::createConvexMeshSafe)
[2014.11.24-10.56.38:623][973]LogPhysics:Warning: Failed to cook convex: /Game/Character/cat2.cat2 8 (FlipX:0). The remaining elements will not get cooked.
[2014.11.24-10.56.38:636][973]LogPhysics:Warning: PHYSX: ..\..\PhysXCooking\src\convex\ConvexHullBuilder.cpp (1486) 32 : ConvexHullBuilder: convex hull has more than 255 polygons!
[2014.11.24-10.56.38:636][973]LogPhysics:Warning: PHYSX: ..\..\PhysXCooking\src\convex\ConvexMeshBuilder.cpp (266) 32 : Gu::ConvexMesh::loadConvexHull: convex hull init failed! Try to use the PxConvexFlag::eINFLATE_CONVEX flag. (see PxToolkit::createConvexMeshSafe)
[2014.11.24-10.56.38:636][973]LogPhysics:Warning: Failed to cook convex: /Game/Character/cat2.cat2 10 (FlipX:0). The remaining elements will not get cooked.
[2014.11.24-10.56.38:646][973]LogPhysics:Warning: PHYSX: ..\..\PhysXCooking\src\convex\ConvexHullBuilder.cpp (1486) 32 : ConvexHullBuilder: convex hull has more than 255 polygons!
[2014.11.24-10.56.38:646][973]LogPhysics:Warning: PHYSX: ..\..\PhysXCooking\src\convex\ConvexMeshBuilder.cpp (266) 32 : Gu::ConvexMesh::loadConvexHull: convex hull init failed! Try to use the PxConvexFlag::eINFLATE_CONVEX flag. (see PxToolkit::createConvexMeshSafe)
[2014.11.24-10.56.38:646][973]LogPhysics:Warning: Failed to cook convex: /Game/Character/cat2.cat2 13 (FlipX:0). The remaining elements will not get cooked.
[2014.11.24-10.56.38:660][973]LogPhysics:Warning: PHYSX: ..\..\PhysXCooking\src\convex\ConvexHullBuilder.cpp (1486) 32 : ConvexHullBuilder: convex hull has more than 255 polygons!
[2014.11.24-10.56.38:660][973]LogPhysics:Warning: PHYSX: ..\..\PhysXCooking\src\convex\ConvexMeshBuilder.cpp (266) 32 : Gu::ConvexMesh::loadConvexHull: convex hull init failed! Try to use the PxConvexFlag::eINFLATE_CONVEX flag. (see PxToolkit::createConvexMeshSafe)
[2014.11.24-10.56.38:660][973]LogPhysics:Warning: Failed to cook convex: /Game/Character/cat2.cat2 16 (FlipX:0). The remaining elements will not get cooked.
[2014.11.24-10.56.38:664][973]LogPhysics:Warning: PHYSX: ..\..\PhysXCooking\src\convex\ConvexHullBuilder.cpp (1486) 32 : ConvexHullBuilder: convex hull has more than 255 polygons!
[2014.11.24-10.56.38:664][973]LogPhysics:Warning: PHYSX: ..\..\PhysXCooking\src\convex\ConvexMeshBuilder.cpp (266) 32 : Gu::ConvexMesh::loadConvexHull: convex hull init failed! Try to use the PxConvexFlag::eINFLATE_CONVEX flag. (see PxToolkit::createConvexMeshSafe)
[2014.11.24-10.56.38:664][973]LogPhysics:Warning: Failed to cook convex: /Game/Character/cat2.cat2 17 (FlipX:0). The remaining elements will not get cooked.
[2014.11.24-10.56.38:667][973]LogPhysics:Warning: PHYSX: ..\..\PhysXCooking\src\convex\ConvexHullBuilder.cpp (1486) 32 : ConvexHullBuilder: convex hull has more than 255 polygons!
[2014.11.24-10.56.38:667][973]LogPhysics:Warning: PHYSX: ..\..\PhysXCooking\src\convex\ConvexMeshBuilder.cpp (266) 32 : Gu::ConvexMesh::loadConvexHull: convex hull init failed! Try to use the PxConvexFlag::eINFLATE_CONVEX flag. (see PxToolkit::createConvexMeshSafe)
[2014.11.24-10.56.38:667][973]LogPhysics:Warning: Failed to cook convex: /Game/Character/cat2.cat2 18 (FlipX:0). The remaining elements will not get cooked.
[2014.11.24-10.56.38:675][973]LogPhysics:Warning: PHYSX: ..\..\PhysXCooking\src\convex\ConvexHullBuilder.cpp (1486) 32 : ConvexHullBuilder: convex hull has more than 255 polygons!
[2014.11.24-10.56.38:675][973]LogPhysics:Warning: PHYSX: ..\..\PhysXCooking\src\convex\ConvexMeshBuilder.cpp (266) 32 : Gu::ConvexMesh::loadConvexHull: convex hull init failed! Try to use the PxConvexFlag::eINFLATE_CONVEX flag. (see PxToolkit::createConvexMeshSafe)
[2014.11.24-10.56.38:675][973]LogPhysics:Warning: Failed to cook convex: /Game/Character/cat2.cat2 8 (FlipX:1). The remaining elements will not get cooked.
[2014.11.24-10.56.38:684][973]LogPhysics:Warning: PHYSX: ..\..\PhysXCooking\src\convex\ConvexHullBuilder.cpp (1486) 32 : ConvexHullBuilder: convex hull has more than 255 polygons!
[2014.11.24-10.56.38:684][973]LogPhysics:Warning: PHYSX: ..\..\PhysXCooking\src\convex\ConvexMeshBuilder.cpp (266) 32 : Gu::ConvexMesh::loadConvexHull: convex hull init failed! Try to use the PxConvexFlag::eINFLATE_CONVEX flag. (see PxToolkit::createConvexMeshSafe)
[2014.11.24-10.56.38:684][973]LogPhysics:Warning: Failed to cook convex: /Game/Character/cat2.cat2 10 (FlipX:1). The remaining elements will not get cooked.
[2014.11.24-10.56.38:693][973]LogPhysics:Warning: PHYSX: ..\..\PhysXCooking\src\convex\ConvexHullBuilder.cpp (1486) 32 : ConvexHullBuilder: convex hull has more than 255 polygons!
[2014.11.24-10.56.38:693][973]LogPhysics:Warning: PHYSX: ..\..\PhysXCooking\src\convex\ConvexMeshBuilder.cpp (266) 32 : Gu::ConvexMesh::loadConvexHull: convex hull init failed! Try to use the PxConvexFlag::eINFLATE_CONVEX flag. (see PxToolkit::createConvexMeshSafe)
[2014.11.24-10.56.38:693][973]LogPhysics:Warning: Failed to cook convex: /Game/Character/cat2.cat2 13 (FlipX:1). The remaining elements will not get cooked.
[2014.11.24-10.56.38:708][973]LogPhysics:Warning: PHYSX: ..\..\PhysXCooking\src\convex\ConvexHullBuilder.cpp (1486) 32 : ConvexHullBuilder: convex hull has more than 255 polygons!
[2014.11.24-10.56.38:708][973]LogPhysics:Warning: PHYSX: ..\..\PhysXCooking\src\convex\ConvexMeshBuilder.cpp (266) 32 : Gu::ConvexMesh::loadConvexHull: convex hull init failed! Try to use the PxConvexFlag::eINFLATE_CONVEX flag. (see PxToolkit::createConvexMeshSafe)
[2014.11.24-10.56.38:708][973]LogPhysics:Warning: Failed to cook convex: /Game/Character/cat2.cat2 16 (FlipX:1). The remaining elements will not get cooked.
[2014.11.24-10.56.38:714][973]LogPhysics:Warning: PHYSX: ..\..\PhysXCooking\src\convex\ConvexHullBuilder.cpp (1486) 32 : ConvexHullBuilder: convex hull has more than 255 polygons!
[2014.11.24-10.56.38:714][973]LogPhysics:Warning: PHYSX: ..\..\PhysXCooking\src\convex\ConvexMeshBuilder.cpp (266) 32 : Gu::ConvexMesh::loadConvexHull: convex hull init failed! Try to use the PxConvexFlag::eINFLATE_CONVEX flag. (see PxToolkit::createConvexMeshSafe)
[2014.11.24-10.56.38:714][973]LogPhysics:Warning: Failed to cook convex: /Game/Character/cat2.cat2 17 (FlipX:1). The remaining elements will not get cooked.
[2014.11.24-10.56.38:718][973]LogPhysics:Warning: PHYSX: ..\..\PhysXCooking\src\convex\ConvexHullBuilder.cpp (1486) 32 : ConvexHullBuilder: convex hull has more than 255 polygons!
[2014.11.24-10.56.38:718][973]LogPhysics:Warning: PHYSX: ..\..\PhysXCooking\src\convex\ConvexMeshBuilder.cpp (266) 32 : Gu::ConvexMesh::loadConvexHull: convex hull init failed! Try to use the PxConvexFlag::eINFLATE_CONVEX flag. (see PxToolkit::createConvexMeshSafe)
[2014.11.24-10.56.38:718][973]LogPhysics:Warning: Failed to cook convex: /Game/Character/cat2.cat2 18 (FlipX:1). The remaining elements will not get cooked.
[2014.11.24-10.56.39:809][973]LogPhysics:Warning: AddShapesToRigidActor: ConvexElem is missing ConvexMesh (8: /Game/Character/cat2.cat2:BodySetup_3)
[2014.11.24-10.56.39:810][973]LogPhysics:Warning: AddShapesToRigidActor: ConvexElem is missing ConvexMesh (10: /Game/Character/cat2.cat2:BodySetup_3)
[2014.11.24-10.56.39:810][973]LogPhysics:Warning: AddShapesToRigidActor: ConvexElem is missing ConvexMesh (13: /Game/Character/cat2.cat2:BodySetup_3)
[2014.11.24-10.56.39:810][973]LogPhysics:Warning: AddShapesToRigidActor: ConvexElem is missing ConvexMesh (16: /Game/Character/cat2.cat2:BodySetup_3)
[2014.11.24-10.56.39:810][973]LogPhysics:Warning: AddShapesToRigidActor: ConvexElem is missing ConvexMesh (17: /Game/Character/cat2.cat2:BodySetup_3)
[2014.11.24-10.56.39:810][973]LogPhysics:Warning: AddShapesToRigidActor: ConvexElem is missing ConvexMesh (18: /Game/Character/cat2.cat2:BodySetup_3)
[2014.11.24-10.56.39:810][973]LogPhysics:Warning: AddShapesToRigidActor: ConvexElem is missing ConvexMesh (8: /Game/Character/cat2.cat2:BodySetup_3)
[2014.11.24-10.56.39:810][973]LogPhysics:Warning: AddShapesToRigidActor: ConvexElem is missing ConvexMesh (10: /Game/Character/cat2.cat2:BodySetup_3)
[2014.11.24-10.56.39:810][973]LogPhysics:Warning: AddShapesToRigidActor: ConvexElem is missing ConvexMesh (13: /Game/Character/cat2.cat2:BodySetup_3)
[2014.11.24-10.56.39:810][973]LogPhysics:Warning: AddShapesToRigidActor: ConvexElem is missing ConvexMesh (16: /Game/Character/cat2.cat2:BodySetup_3)
[2014.11.24-10.56.39:810][973]LogPhysics:Warning: AddShapesToRigidActor: ConvexElem is missing ConvexMesh (17: /Game/Character/cat2.cat2:BodySetup_3)
[2014.11.24-10.56.39:810][973]LogPhysics:Warning: AddShapesToRigidActor: ConvexElem is missing ConvexMesh (18: /Game/Character/cat2.cat2:BodySetup_3)
[2014.11.24-10.57.36:438][141]LogPhysics:Warning: PHYSX: ..\..\PhysXCooking\src\convex\ConvexHullBuilder.cpp (1486) 32 : ConvexHullBuilder: convex hull has more than 255 polygons!
[2014.11.24-10.57.36:438][141]LogPhysics:Warning: PHYSX: ..\..\PhysXCooking\src\convex\ConvexMeshBuilder.cpp (266) 32 : Gu::ConvexMesh::loadConvexHull: convex hull init failed! Try to use the PxConvexFlag::eINFLATE_CONVEX flag. (see PxToolkit::createConvexMeshSafe)
[2014.11.24-10.57.36:438][141]LogPhysics:Warning: Failed to cook convex: /Game/Character/cat2.cat2 8 (FlipX:0). The remaining elements will not get cooked.
[2014.11.24-10.57.36:447][141]LogPhysics:Warning: PHYSX: ..\..\PhysXCooking\src\convex\ConvexHullBuilder.cpp (1486) 32 : ConvexHullBuilder: convex hull has more than 255 polygons!
[2014.11.24-10.57.36:447][141]LogPhysics:Warning: PHYSX: ..\..\PhysXCooking\src\convex\ConvexMeshBuilder.cpp (266) 32 : Gu::ConvexMesh::loadConvexHull: convex hull init failed! Try to use the PxConvexFlag::eINFLATE_CONVEX flag. (see PxToolkit::createConvexMeshSafe)
[2014.11.24-10.57.36:447][141]LogPhysics:Warning: Failed to cook convex: /Game/Character/cat2.cat2 10 (FlipX:0). The remaining elements will not get cooked.
[2014.11.24-10.57.36:457][141]LogPhysics:Warning: PHYSX: ..\..\PhysXCooking\src\convex\ConvexHullBuilder.cpp (1486) 32 : ConvexHullBuilder: convex hull has more than 255 polygons!
[2014.11.24-10.57.36:457][141]LogPhysics:Warning: PHYSX: ..\..\PhysXCooking\src\convex\ConvexMeshBuilder.cpp (266) 32 : Gu::ConvexMesh::loadConvexHull: convex hull init failed! Try to use the PxConvexFlag::eINFLATE_CONVEX flag. (see PxToolkit::createConvexMeshSafe)
[2014.11.24-10.57.36:457][141]LogPhysics:Warning: Failed to cook convex: /Game/Character/cat2.cat2 13 (FlipX:0). The remaining elements will not get cooked.
[2014.11.24-10.57.36:470][141]LogPhysics:Warning: PHYSX: ..\..\PhysXCooking\src\convex\ConvexHullBuilder.cpp (1486) 32 : ConvexHullBuilder: convex hull has more than 255 polygons!
[2014.11.24-10.57.36:470][141]LogPhysics:Warning: PHYSX: ..\..\PhysXCooking\src\convex\ConvexMeshBuilder.cpp (266) 32 : Gu::ConvexMesh::loadConvexHull: convex hull init failed! Try to use the PxConvexFlag::eINFLATE_CONVEX flag. (see PxToolkit::createConvexMeshSafe)
[2014.11.24-10.57.36:471][141]LogPhysics:Warning: Failed to cook convex: /Game/Character/cat2.cat2 16 (FlipX:0). The remaining elements will not get cooked.
[2014.11.24-10.57.36:475][141]LogPhysics:Warning: PHYSX: ..\..\PhysXCooking\src\convex\ConvexHullBuilder.cpp (1486) 32 : ConvexHullBuilder: convex hull has more than 255 polygons!
[2014.11.24-10.57.36:475][141]LogPhysics:Warning: PHYSX: ..\..\PhysXCooking\src\convex\ConvexMeshBuilder.cpp (266) 32 : Gu::ConvexMesh::loadConvexHull: convex hull init failed! Try to use the PxConvexFlag::eINFLATE_CONVEX flag. (see PxToolkit::createConvexMeshSafe)
[2014.11.24-10.57.36:475][141]LogPhysics:Warning: Failed to cook convex: /Game/Character/cat2.cat2 17 (FlipX:0). The remaining elements will not get cooked.
[2014.11.24-10.57.36:478][141]LogPhysics:Warning: PHYSX: ..\..\PhysXCooking\src\convex\ConvexHullBuilder.cpp (1486) 32 : ConvexHullBuilder: convex hull has more than 255 polygons!
[2014.11.24-10.57.36:478][141]LogPhysics:Warning: PHYSX: ..\..\PhysXCooking\src\convex\ConvexMeshBuilder.cpp (266) 32 : Gu::ConvexMesh::loadConvexHull: convex hull init failed! Try to use the PxConvexFlag::eINFLATE_CONVEX flag. (see PxToolkit::createConvexMeshSafe)
[2014.11.24-10.57.36:478][141]LogPhysics:Warning: Failed to cook convex: /Game/Character/cat2.cat2 18 (FlipX:0). The remaining elements will not get cooked.
[2014.11.24-10.57.36:486][141]LogPhysics:Warning: PHYSX: ..\..\PhysXCooking\src\convex\ConvexHullBuilder.cpp (1486) 32 : ConvexHullBuilder: convex hull has more than 255 polygons!
[2014.11.24-10.57.36:487][141]LogPhysics:Warning: PHYSX: ..\..\PhysXCooking\src\convex\ConvexMeshBuilder.cpp (266) 32 : Gu::ConvexMesh::loadConvexHull: convex hull init failed! Try to use the PxConvexFlag::eINFLATE_CONVEX flag. (see PxToolkit::createConvexMeshSafe)
[2014.11.24-10.57.36:487][141]LogPhysics:Warning: Failed to cook convex: /Game/Character/cat2.cat2 8 (FlipX:1). The remaining elements will not get cooked.
[2014.11.24-10.57.36:495][141]LogPhysics:Warning: PHYSX: ..\..\PhysXCooking\src\convex\ConvexHullBuilder.cpp (1486) 32 : ConvexHullBuilder: convex hull has more than 255 polygons!
[2014.11.24-10.57.36:495][141]LogPhysics:Warning: PHYSX: ..\..\PhysXCooking\src\convex\ConvexMeshBuilder.cpp (266) 32 : Gu::ConvexMesh::loadConvexHull: convex hull init failed! Try to use the PxConvexFlag::eINFLATE_CONVEX flag. (see PxToolkit::createConvexMeshSafe)
[2014.11.24-10.57.36:495][141]LogPhysics:Warning: Failed to cook convex: /Game/Character/cat2.cat2 10 (FlipX:1). The remaining elements will not get cooked.
[2014.11.24-10.57.36:504][141]LogPhysics:Warning: PHYSX: ..\..\PhysXCooking\src\convex\ConvexHullBuilder.cpp (1486) 32 : ConvexHullBuilder: convex hull has more than 255 polygons!
[2014.11.24-10.57.36:504][141]LogPhysics:Warning: PHYSX: ..\..\PhysXCooking\src\convex\ConvexMeshBuilder.cpp (266) 32 : Gu::ConvexMesh::loadConvexHull: convex hull init failed! Try to use the PxConvexFlag::eINFLATE_CONVEX flag. (see PxToolkit::createConvexMeshSafe)
[2014.11.24-10.57.36:504][141]LogPhysics:Warning: Failed to cook convex: /Game/Character/cat2.cat2 13 (FlipX:1). The remaining elements will not get cooked.
[2014.11.24-10.57.36:518][141]LogPhysics:Warning: PHYSX: ..\..\PhysXCooking\src\convex\ConvexHullBuilder.cpp (1486) 32 : ConvexHullBuilder: convex hull has more than 255 polygons!
[2014.11.24-10.57.36:518][141]LogPhysics:Warning: PHYSX: ..\..\PhysXCooking\src\convex\ConvexMeshBuilder.cpp (266) 32 : Gu::ConvexMesh::loadConvexHull: convex hull init failed! Try to use the PxConvexFlag::eINFLATE_CONVEX flag. (see PxToolkit::createConvexMeshSafe)
[2014.11.24-10.57.36:518][141]LogPhysics:Warning: Failed to cook convex: /Game/Character/cat2.cat2 16 (FlipX:1). The remaining elements will not get cooked.
[2014.11.24-10.57.36:522][141]LogPhysics:Warning: PHYSX: ..\..\PhysXCooking\src\convex\ConvexHullBuilder.cpp (1486) 32 : ConvexHullBuilder: convex hull has more than 255 polygons!
[2014.11.24-10.57.36:522][141]LogPhysics:Warning: PHYSX: ..\..\PhysXCooking\src\convex\ConvexMeshBuilder.cpp (266) 32 : Gu::ConvexMesh::loadConvexHull: convex hull init failed! Try to use the PxConvexFlag::eINFLATE_CONVEX flag. (see PxToolkit::createConvexMeshSafe)
[2014.11.24-10.57.36:522][141]LogPhysics:Warning: Failed to cook convex: /Game/Character/cat2.cat2 17 (FlipX:1). The remaining elements will not get cooked.
[2014.11.24-10.57.36:525][141]LogPhysics:Warning: PHYSX: ..\..\PhysXCooking\src\convex\ConvexHullBuilder.cpp (1486) 32 : ConvexHullBuilder: convex hull has more than 255 polygons!
[2014.11.24-10.57.36:525][141]LogPhysics:Warning: PHYSX: ..\..\PhysXCooking\src\convex\ConvexMeshBuilder.cpp (266) 32 : Gu::ConvexMesh::loadConvexHull: convex hull init failed! Try to use the PxConvexFlag::eINFLATE_CONVEX flag. (see PxToolkit::createConvexMeshSafe)
[2014.11.24-10.57.36:525][141]LogPhysics:Warning: Failed to cook convex: /Game/Character/cat2.cat2 18 (FlipX:1). The remaining elements will not get cooked.
[2014.11.24-10.57.51:692][468]LogExportMeshUtils: Fbx LOD loading
[2014.11.24-10.57.51:701][468]LogFbx: Loading FBX Scene from ../../../../../../Users/User/Documents/GitHub/Study-Session/Trial_third_person/Content/Character/CATS/cat2.fbx
[2014.11.24-10.57.51:747][468]LogFbx: FBX Scene Loaded Succesfully
[2014.11.24-10.57.51:755][468]LogFbx:Warning: Triangulating static mesh Sphere.007
[2014.11.24-10.58.20:340][468]LogFbx: == Initial material list:
[2014.11.24-10.58.20:340][468]LogFbx: 0: Material
[2014.11.24-10.58.20:340][468]LogFbx: 1: Material.001
[2014.11.24-10.58.20:340][468]LogFbx: == After sorting:
[2014.11.24-10.58.20:340][468]LogFbx: 0: Material
[2014.11.24-10.58.20:340][468]LogFbx: 1: Material.001
[2014.11.24-10.58.20:340][468]LogFbx: == Mapping table:
[2014.11.24-10.58.20:340][468]LogFbx:   sort 0 -> 0
[2014.11.24-10.58.20:340][468]LogFbx:   sort 1 -> 1
[2014.11.24-10.58.20:451][468]LogStaticMesh: Building static mesh cat2...
[2014.11.24-10.58.22:358][468]LogLayoutUV:Display: FindCharts: 245 ms
[2014.11.24-10.58.22:528][468]LogLayoutUV:Display: PackCharts: 126 ms
[2014.11.24-10.58.22:528][468]LogLayoutUV:Display:   Rasterize: 243078
[2014.11.24-10.58.22:528][468]LogLayoutUV:Display:   Find: 63530
[2014.11.24-10.58.22:810][468]LogLayoutUV:Display: PackCharts: 127 ms
[2014.11.24-10.58.22:810][468]LogLayoutUV:Display:   Rasterize: 238660
[2014.11.24-10.58.22:810][468]LogLayoutUV:Display:   Find: 70432
[2014.11.24-10.58.23:050][468]LogLayoutUV:Display: PackCharts: 124 ms
[2014.11.24-10.58.23:050][468]LogLayoutUV:Display:   Rasterize: 231341
[2014.11.24-10.58.23:050][468]LogLayoutUV:Display:   Find: 70800
[2014.11.24-10.58.23:292][468]LogLayoutUV:Display: PackCharts: 124 ms
[2014.11.24-10.58.23:292][468]LogLayoutUV:Display:   Rasterize: 231098
[2014.11.24-10.58.23:292][468]LogLayoutUV:Display:   Find: 71036
[2014.11.24-10.58.25:127][468]LogLayoutUV:Display: FindCharts: 216 ms
[2014.11.24-10.58.25:291][468]LogLayoutUV:Display: PackCharts: 120 ms
[2014.11.24-10.58.25:291][468]LogLayoutUV:Display:   Rasterize: 230186
[2014.11.24-10.58.25:291][468]LogLayoutUV:Display:   Find: 61758
[2014.11.24-10.58.25:576][468]LogLayoutUV:Display: PackCharts: 132 ms
[2014.11.24-10.58.25:577][468]LogLayoutUV:Display:   Rasterize: 248683
[2014.11.24-10.58.25:577][468]LogLayoutUV:Display:   Find: 72642
[2014.11.24-10.58.25:817][468]LogLayoutUV:Display: PackCharts: 124 ms
[2014.11.24-10.58.25:817][468]LogLayoutUV:Display:   Rasterize: 231289
[2014.11.24-10.58.25:817][468]LogLayoutUV:Display:   Find: 70557
[2014.11.24-10.58.26:058][468]LogLayoutUV:Display: PackCharts: 124 ms
[2014.11.24-10.58.26:058][468]LogLayoutUV:Display:   Rasterize: 230562
[2014.11.24-10.58.26:058][468]LogLayoutUV:Display:   Find: 70159
[2014.11.24-10.59.38:546][468]LogStaticMesh: Built static mesh [78126.140625ms] /Game/Character/cat2.cat2
[2014.11.24-10.59.38:584][468]LogPhysics:Warning: PHYSX: ..\..\PhysXCooking\src\convex\ConvexHullBuilder.cpp (1486) 32 : ConvexHullBuilder: convex hull has more than 255 polygons!
[2014.11.24-10.59.38:584][468]LogPhysics:Warning: PHYSX: ..\..\PhysXCooking\src\convex\ConvexMeshBuilder.cpp (266) 32 : Gu::ConvexMesh::loadConvexHull: convex hull init failed! Try to use the PxConvexFlag::eINFLATE_CONVEX flag. (see PxToolkit::createConvexMeshSafe)
[2014.11.24-10.59.38:584][468]LogPhysics:Warning: Failed to cook convex: /Game/Character/cat2.cat2 8 (FlipX:0). The remaining elements will not get cooked.
[2014.11.24-10.59.38:595][468]LogPhysics:Warning: PHYSX: ..\..\PhysXCooking\src\convex\ConvexHullBuilder.cpp (1486) 32 : ConvexHullBuilder: convex hull has more than 255 polygons!
[2014.11.24-10.59.38:595][468]LogPhysics:Warning: PHYSX: ..\..\PhysXCooking\src\convex\ConvexMeshBuilder.cpp (266) 32 : Gu::ConvexMesh::loadConvexHull: convex hull init failed! Try to use the PxConvexFlag::eINFLATE_CONVEX flag. (see PxToolkit::createConvexMeshSafe)
[2014.11.24-10.59.38:595][468]LogPhysics:Warning: Failed to cook convex: /Game/Character/cat2.cat2 10 (FlipX:0). The remaining elements will not get cooked.
[2014.11.24-10.59.38:611][468]LogPhysics:Warning: PHYSX: ..\..\PhysXCooking\src\convex\ConvexHullBuilder.cpp (1486) 32 : ConvexHullBuilder: convex hull has more than 255 polygons!
[2014.11.24-10.59.38:611][468]LogPhysics:Warning: PHYSX: ..\..\PhysXCooking\src\convex\ConvexMeshBuilder.cpp (266) 32 : Gu::ConvexMesh::loadConvexHull: convex hull init failed! Try to use the PxConvexFlag::eINFLATE_CONVEX flag. (see PxToolkit::createConvexMeshSafe)
[2014.11.24-10.59.38:611][468]LogPhysics:Warning: Failed to cook convex: /Game/Character/cat2.cat2 13 (FlipX:0). The remaining elements will not get cooked.
[2014.11.24-10.59.38:635][468]LogPhysics:Warning: PHYSX: ..\..\PhysXCooking\src\convex\ConvexHullBuilder.cpp (1486) 32 : ConvexHullBuilder: convex hull has more than 255 polygons!
[2014.11.24-10.59.38:635][468]LogPhysics:Warning: PHYSX: ..\..\PhysXCooking\src\convex\ConvexMeshBuilder.cpp (266) 32 : Gu::ConvexMesh::loadConvexHull: convex hull init failed! Try to use the PxConvexFlag::eINFLATE_CONVEX flag. (see PxToolkit::createConvexMeshSafe)
[2014.11.24-10.59.38:635][468]LogPhysics:Warning: Failed to cook convex: /Game/Character/cat2.cat2 16 (FlipX:0). The remaining elements will not get cooked.
[2014.11.24-10.59.38:643][468]LogPhysics:Warning: PHYSX: ..\..\PhysXCooking\src\convex\ConvexHullBuilder.cpp (1486) 32 : ConvexHullBuilder: convex hull has more than 255 polygons!
[2014.11.24-10.59.38:643][468]LogPhysics:Warning: PHYSX: ..\..\PhysXCooking\src\convex\ConvexMeshBuilder.cpp (266) 32 : Gu::ConvexMesh::loadConvexHull: convex hull init failed! Try to use the PxConvexFlag::eINFLATE_CONVEX flag. (see PxToolkit::createConvexMeshSafe)
[2014.11.24-10.59.38:643][468]LogPhysics:Warning: Failed to cook convex: /Game/Character/cat2.cat2 17 (FlipX:0). The remaining elements will not get cooked.
[2014.11.24-10.59.38:647][468]LogPhysics:Warning: PHYSX: ..\..\PhysXCooking\src\convex\ConvexHullBuilder.cpp (1486) 32 : ConvexHullBuilder: convex hull has more than 255 polygons!
[2014.11.24-10.59.38:647][468]LogPhysics:Warning: PHYSX: ..\..\PhysXCooking\src\convex\ConvexMeshBuilder.cpp (266) 32 : Gu::ConvexMesh::loadConvexHull: convex hull init failed! Try to use the PxConvexFlag::eINFLATE_CONVEX flag. (see PxToolkit::createConvexMeshSafe)
[2014.11.24-10.59.38:647][468]LogPhysics:Warning: Failed to cook convex: /Game/Character/cat2.cat2 18 (FlipX:0). The remaining elements will not get cooked.
[2014.11.24-10.59.38:660][468]LogPhysics:Warning: PHYSX: ..\..\PhysXCooking\src\convex\ConvexHullBuilder.cpp (1486) 32 : ConvexHullBuilder: convex hull has more than 255 polygons!
[2014.11.24-10.59.38:660][468]LogPhysics:Warning: PHYSX: ..\..\PhysXCooking\src\convex\ConvexMeshBuilder.cpp (266) 32 : Gu::ConvexMesh::loadConvexHull: convex hull init failed! Try to use the PxConvexFlag::eINFLATE_CONVEX flag. (see PxToolkit::createConvexMeshSafe)
[2014.11.24-10.59.38:660][468]LogPhysics:Warning: Failed to cook convex: /Game/Character/cat2.cat2 8 (FlipX:1). The remaining elements will not get cooked.
[2014.11.24-10.59.38:669][468]LogPhysics:Warning: PHYSX: ..\..\PhysXCooking\src\convex\ConvexHullBuilder.cpp (1486) 32 : ConvexHullBuilder: convex hull has more than 255 polygons!
[2014.11.24-10.59.38:669][468]LogPhysics:Warning: PHYSX: ..\..\PhysXCooking\src\convex\ConvexMeshBuilder.cpp (266) 32 : Gu::ConvexMesh::loadConvexHull: convex hull init failed! Try to use the PxConvexFlag::eINFLATE_CONVEX flag. (see PxToolkit::createConvexMeshSafe)
[2014.11.24-10.59.38:669][468]LogPhysics:Warning: Failed to cook convex: /Game/Character/cat2.cat2 10 (FlipX:1). The remaining elements will not get cooked.
[2014.11.24-10.59.38:679][468]LogPhysics:Warning: PHYSX: ..\..\PhysXCooking\src\convex\ConvexHullBuilder.cpp (1486) 32 : ConvexHullBuilder: convex hull has more than 255 polygons!
[2014.11.24-10.59.38:679][468]LogPhysics:Warning: PHYSX: ..\..\PhysXCooking\src\convex\ConvexMeshBuilder.cpp (266) 32 : Gu::ConvexMesh::loadConvexHull: convex hull init failed! Try to use the PxConvexFlag::eINFLATE_CONVEX flag. (see PxToolkit::createConvexMeshSafe)
[2014.11.24-10.59.38:679][468]LogPhysics:Warning: Failed to cook convex: /Game/Character/cat2.cat2 13 (FlipX:1). The remaining elements will not get cooked.
[2014.11.24-10.59.38:693][468]LogPhysics:Warning: PHYSX: ..\..\PhysXCooking\src\convex\ConvexHullBuilder.cpp (1486) 32 : ConvexHullBuilder: convex hull has more than 255 polygons!
[2014.11.24-10.59.38:693][468]LogPhysics:Warning: PHYSX: ..\..\PhysXCooking\src\convex\ConvexMeshBuilder.cpp (266) 32 : Gu::ConvexMesh::loadConvexHull: convex hull init failed! Try to use the PxConvexFlag::eINFLATE_CONVEX flag. (see PxToolkit::createConvexMeshSafe)
[2014.11.24-10.59.38:693][468]LogPhysics:Warning: Failed to cook convex: /Game/Character/cat2.cat2 16 (FlipX:1). The remaining elements will not get cooked.
[2014.11.24-10.59.38:698][468]LogPhysics:Warning: PHYSX: ..\..\PhysXCooking\src\convex\ConvexHullBuilder.cpp (1486) 32 : ConvexHullBuilder: convex hull has more than 255 polygons!
[2014.11.24-10.59.38:698][468]LogPhysics:Warning: PHYSX: ..\..\PhysXCooking\src\convex\ConvexMeshBuilder.cpp (266) 32 : Gu::ConvexMesh::loadConvexHull: convex hull init failed! Try to use the PxConvexFlag::eINFLATE_CONVEX flag. (see PxToolkit::createConvexMeshSafe)
[2014.11.24-10.59.38:698][468]LogPhysics:Warning: Failed to cook convex: /Game/Character/cat2.cat2 17 (FlipX:1). The remaining elements will not get cooked.
[2014.11.24-10.59.38:700][468]LogPhysics:Warning: PHYSX: ..\..\PhysXCooking\src\convex\ConvexHullBuilder.cpp (1486) 32 : ConvexHullBuilder: convex hull has more than 255 polygons!
[2014.11.24-10.59.38:700][468]LogPhysics:Warning: PHYSX: ..\..\PhysXCooking\src\convex\ConvexMeshBuilder.cpp (266) 32 : Gu::ConvexMesh::loadConvexHull: convex hull init failed! Try to use the PxConvexFlag::eINFLATE_CONVEX flag. (see PxToolkit::createConvexMeshSafe)
[2014.11.24-10.59.38:700][468]LogPhysics:Warning: Failed to cook convex: /Game/Character/cat2.cat2 18 (FlipX:1). The remaining elements will not get cooked.
[2014.11.24-10.59.39:876][468]LogPhysics:Warning: PHYSX: ..\..\PhysXCooking\src\convex\ConvexHullBuilder.cpp (1486) 32 : ConvexHullBuilder: convex hull has more than 255 polygons!
[2014.11.24-10.59.39:876][468]LogPhysics:Warning: PHYSX: ..\..\PhysXCooking\src\convex\ConvexMeshBuilder.cpp (266) 32 : Gu::ConvexMesh::loadConvexHull: convex hull init failed! Try to use the PxConvexFlag::eINFLATE_CONVEX flag. (see PxToolkit::createConvexMeshSafe)
[2014.11.24-10.59.39:876][468]LogPhysics:Warning: Failed to cook convex: /Game/Character/cat2.cat2 8 (FlipX:0). The remaining elements will not get cooked.
[2014.11.24-10.59.39:886][468]LogPhysics:Warning: PHYSX: ..\..\PhysXCooking\src\convex\ConvexHullBuilder.cpp (1486) 32 : ConvexHullBuilder: convex hull has more than 255 polygons!
[2014.11.24-10.59.39:886][468]LogPhysics:Warning: PHYSX: ..\..\PhysXCooking\src\convex\ConvexMeshBuilder.cpp (266) 32 : Gu::ConvexMesh::loadConvexHull: convex hull init failed! Try to use the PxConvexFlag::eINFLATE_CONVEX flag. (see PxToolkit::createConvexMeshSafe)
[2014.11.24-10.59.39:886][468]LogPhysics:Warning: Failed to cook convex: /Game/Character/cat2.cat2 10 (FlipX:0). The remaining elements will not get cooked.
[2014.11.24-10.59.39:896][468]LogPhysics:Warning: PHYSX: ..\..\PhysXCooking\src\convex\ConvexHullBuilder.cpp (1486) 32 : ConvexHullBuilder: convex hull has more than 255 polygons!
[2014.11.24-10.59.39:897][468]LogPhysics:Warning: PHYSX: ..\..\PhysXCooking\src\convex\ConvexMeshBuilder.cpp (266) 32 : Gu::ConvexMesh::loadConvexHull: convex hull init failed! Try to use the PxConvexFlag::eINFLATE_CONVEX flag. (see PxToolkit::createConvexMeshSafe)
[2014.11.24-10.59.39:897][468]LogPhysics:Warning: Failed to cook convex: /Game/Character/cat2.cat2 13 (FlipX:0). The remaining elements will not get cooked.
[2014.11.24-10.59.39:911][468]LogPhysics:Warning: PHYSX: ..\..\PhysXCooking\src\convex\ConvexHullBuilder.cpp (1486) 32 : ConvexHullBuilder: convex hull has more than 255 polygons!
[2014.11.24-10.59.39:911][468]LogPhysics:Warning: PHYSX: ..\..\PhysXCooking\src\convex\ConvexMeshBuilder.cpp (266) 32 : Gu::ConvexMesh::loadConvexHull: convex hull init failed! Try to use the PxConvexFlag::eINFLATE_CONVEX flag. (see PxToolkit::createConvexMeshSafe)
[2014.11.24-10.59.39:911][468]LogPhysics:Warning: Failed to cook convex: /Game/Character/cat2.cat2 16 (FlipX:0). The remaining elements will not get cooked.
[2014.11.24-10.59.39:915][468]LogPhysics:Warning: PHYSX: ..\..\PhysXCooking\src\convex\ConvexHullBuilder.cpp (1486) 32 : ConvexHullBuilder: convex hull has more than 255 polygons!
[2014.11.24-10.59.39:915][468]LogPhysics:Warning: PHYSX: ..\..\PhysXCooking\src\convex\ConvexMeshBuilder.cpp (266) 32 : Gu::ConvexMesh::loadConvexHull: convex hull init failed! Try to use the PxConvexFlag::eINFLATE_CONVEX flag. (see PxToolkit::createConvexMeshSafe)
[2014.11.24-10.59.39:916][468]LogPhysics:Warning: Failed to cook convex: /Game/Character/cat2.cat2 17 (FlipX:0). The remaining elements will not get cooked.
[2014.11.24-10.59.39:918][468]LogPhysics:Warning: PHYSX: ..\..\PhysXCooking\src\convex\ConvexHullBuilder.cpp (1486) 32 : ConvexHullBuilder: convex hull has more than 255 polygons!
[2014.11.24-10.59.39:918][468]LogPhysics:Warning: PHYSX: ..\..\PhysXCooking\src\convex\ConvexMeshBuilder.cpp (266) 32 : Gu::ConvexMesh::loadConvexHull: convex hull init failed! Try to use the PxConvexFlag::eINFLATE_CONVEX flag. (see PxToolkit::createConvexMeshSafe)
[2014.11.24-10.59.39:918][468]LogPhysics:Warning: Failed to cook convex: /Game/Character/cat2.cat2 18 (FlipX:0). The remaining elements will not get cooked.
[2014.11.24-10.59.39:926][468]LogPhysics:Warning: PHYSX: ..\..\PhysXCooking\src\convex\ConvexHullBuilder.cpp (1486) 32 : ConvexHullBuilder: convex hull has more than 255 polygons!
[2014.11.24-10.59.39:926][468]LogPhysics:Warning: PHYSX: ..\..\PhysXCooking\src\convex\ConvexMeshBuilder.cpp (266) 32 : Gu::ConvexMesh::loadConvexHull: convex hull init failed! Try to use the PxConvexFlag::eINFLATE_CONVEX flag. (see PxToolkit::createConvexMeshSafe)
[2014.11.24-10.59.39:926][468]LogPhysics:Warning: Failed to cook convex: /Game/Character/cat2.cat2 8 (FlipX:1). The remaining elements will not get cooked.
[2014.11.24-10.59.39:935][468]LogPhysics:Warning: PHYSX: ..\..\PhysXCooking\src\convex\ConvexHullBuilder.cpp (1486) 32 : ConvexHullBuilder: convex hull has more than 255 polygons!
[2014.11.24-10.59.39:935][468]LogPhysics:Warning: PHYSX: ..\..\PhysXCooking\src\convex\ConvexMeshBuilder.cpp (266) 32 : Gu::ConvexMesh::loadConvexHull: convex hull init failed! Try to use the PxConvexFlag::eINFLATE_CONVEX flag. (see PxToolkit::createConvexMeshSafe)
[2014.11.24-10.59.39:935][468]LogPhysics:Warning: Failed to cook convex: /Game/Character/cat2.cat2 10 (FlipX:1). The remaining elements will not get cooked.
[2014.11.24-10.59.39:944][468]LogPhysics:Warning: PHYSX: ..\..\PhysXCooking\src\convex\ConvexHullBuilder.cpp (1486) 32 : ConvexHullBuilder: convex hull has more than 255 polygons!
[2014.11.24-10.59.39:944][468]LogPhysics:Warning: PHYSX: ..\..\PhysXCooking\src\convex\ConvexMeshBuilder.cpp (266) 32 : Gu::ConvexMesh::loadConvexHull: convex hull init failed! Try to use the PxConvexFlag::eINFLATE_CONVEX flag. (see PxToolkit::createConvexMeshSafe)
[2014.11.24-10.59.39:944][468]LogPhysics:Warning: Failed to cook convex: /Game/Character/cat2.cat2 13 (FlipX:1). The remaining elements will not get cooked.
[2014.11.24-10.59.39:958][468]LogPhysics:Warning: PHYSX: ..\..\PhysXCooking\src\convex\ConvexHullBuilder.cpp (1486) 32 : ConvexHullBuilder: convex hull has more than 255 polygons!
[2014.11.24-10.59.39:958][468]LogPhysics:Warning: PHYSX: ..\..\PhysXCooking\src\convex\ConvexMeshBuilder.cpp (266) 32 : Gu::ConvexMesh::loadConvexHull: convex hull init failed! Try to use the PxConvexFlag::eINFLATE_CONVEX flag. (see PxToolkit::createConvexMeshSafe)
[2014.11.24-10.59.39:959][468]LogPhysics:Warning: Failed to cook convex: /Game/Character/cat2.cat2 16 (FlipX:1). The remaining elements will not get cooked.
[2014.11.24-10.59.39:963][468]LogPhysics:Warning: PHYSX: ..\..\PhysXCooking\src\convex\ConvexHullBuilder.cpp (1486) 32 : ConvexHullBuilder: convex hull has more than 255 polygons!
[2014.11.24-10.59.39:963][468]LogPhysics:Warning: PHYSX: ..\..\PhysXCooking\src\convex\ConvexMeshBuilder.cpp (266) 32 : Gu::ConvexMesh::loadConvexHull: convex hull init failed! Try to use the PxConvexFlag::eINFLATE_CONVEX flag. (see PxToolkit::createConvexMeshSafe)
[2014.11.24-10.59.39:963][468]LogPhysics:Warning: Failed to cook convex: /Game/Character/cat2.cat2 17 (FlipX:1). The remaining elements will not get cooked.
[2014.11.24-10.59.39:966][468]LogPhysics:Warning: PHYSX: ..\..\PhysXCooking\src\convex\ConvexHullBuilder.cpp (1486) 32 : ConvexHullBuilder: convex hull has more than 255 polygons!
[2014.11.24-10.59.39:966][468]LogPhysics:Warning: PHYSX: ..\..\PhysXCooking\src\convex\ConvexMeshBuilder.cpp (266) 32 : Gu::ConvexMesh::loadConvexHull: convex hull init failed! Try to use the PxConvexFlag::eINFLATE_CONVEX flag. (see PxToolkit::createConvexMeshSafe)
[2014.11.24-10.59.39:966][468]LogPhysics:Warning: Failed to cook convex: /Game/Character/cat2.cat2 18 (FlipX:1). The remaining elements will not get cooked.
[2014.11.24-10.59.40:935][468]LogPhysics:Warning: AddShapesToRigidActor: ConvexElem is missing ConvexMesh (8: /Game/Character/cat2.cat2:BodySetup_3)
[2014.11.24-10.59.40:935][468]LogPhysics:Warning: AddShapesToRigidActor: ConvexElem is missing ConvexMesh (10: /Game/Character/cat2.cat2:BodySetup_3)
[2014.11.24-10.59.40:935][468]LogPhysics:Warning: AddShapesToRigidActor: ConvexElem is missing ConvexMesh (13: /Game/Character/cat2.cat2:BodySetup_3)
[2014.11.24-10.59.40:935][468]LogPhysics:Warning: AddShapesToRigidActor: ConvexElem is missing ConvexMesh (16: /Game/Character/cat2.cat2:BodySetup_3)
[2014.11.24-10.59.40:935][468]LogPhysics:Warning: AddShapesToRigidActor: ConvexElem is missing ConvexMesh (17: /Game/Character/cat2.cat2:BodySetup_3)
[2014.11.24-10.59.40:935][468]LogPhysics:Warning: AddShapesToRigidActor: ConvexElem is missing ConvexMesh (18: /Game/Character/cat2.cat2:BodySetup_3)
[2014.11.24-11.00.19:003][ 66]LogEditorViewport: Clicking on Actor (context menu): StaticMeshActor (cat2)
[2014.11.24-11.00.27:149][537]LogContentBrowser:Verbose: The content browser source was changed by the sources view to '/Game/StarterContent'
[2014.11.24-11.00.29:619][676]LogContentBrowser:Verbose: The content browser source was changed by the sources view to '/Game/StarterContent/Materials'
[2014.11.24-11.00.42:400][303]LogMaterial: Missing cached shader map for material PreviewMaterial_0, compiling.
[2014.11.24-11.00.42:411][303]LogActorComponent: UnregisterComponent: (/Engine/Transient.SkeletalMeshComponent_0) Not registered. Aborting.
[2014.11.24-11.00.42:476][303]LogActorComponent: UnregisterComponent: (/Engine/Transient.SkeletalMeshComponent_0) Not registered. Aborting.
[2014.11.24-11.00.42:476][303]LogActorComponent: RegisterComponentWithWorld: (/Engine/Transient.MaterialEditorMeshComponent_0) Already registered. Aborting.
[2014.11.24-11.00.42:476][303]LogActorComponent: UnregisterComponent: (/Engine/Transient.SkeletalMeshComponent_0) Not registered. Aborting.
[2014.11.24-11.00.42:476][303]LogActorComponent: RegisterComponentWithWorld: (/Engine/Transient.MaterialEditorMeshComponent_0) Already registered. Aborting.
[2014.11.24-11.00.42:493][303]LogMaterial: Missing cached shader map for material PreviewMaterial_0, compiling.
[2014.11.24-11.00.42:555][303]LogMaterial: Missing cached shader map for material FMatExpressionPreview MaterialExpressionVectorParameter_1, compiling.
[2014.11.24-11.00.46:991][463]LogPhysics:Warning: AddShapesToRigidActor: ConvexElem is missing ConvexMesh (8: /Game/Character/cat2.cat2:BodySetup_3)
[2014.11.24-11.00.46:991][463]LogPhysics:Warning: AddShapesToRigidActor: ConvexElem is missing ConvexMesh (10: /Game/Character/cat2.cat2:BodySetup_3)
[2014.11.24-11.00.46:991][463]LogPhysics:Warning: AddShapesToRigidActor: ConvexElem is missing ConvexMesh (13: /Game/Character/cat2.cat2:BodySetup_3)
[2014.11.24-11.00.46:991][463]LogPhysics:Warning: AddShapesToRigidActor: ConvexElem is missing ConvexMesh (16: /Game/Character/cat2.cat2:BodySetup_3)
[2014.11.24-11.00.46:991][463]LogPhysics:Warning: AddShapesToRigidActor: ConvexElem is missing ConvexMesh (17: /Game/Character/cat2.cat2:BodySetup_3)
[2014.11.24-11.00.46:991][463]LogPhysics:Warning: AddShapesToRigidActor: ConvexElem is missing ConvexMesh (18: /Game/Character/cat2.cat2:BodySetup_3)
[2014.11.24-11.00.49:450][600]LogPhysics:Warning: AddShapesToRigidActor: ConvexElem is missing ConvexMesh (8: /Game/Character/cat2.cat2:BodySetup_3)
[2014.11.24-11.00.49:450][600]LogPhysics:Warning: AddShapesToRigidActor: ConvexElem is missing ConvexMesh (10: /Game/Character/cat2.cat2:BodySetup_3)
[2014.11.24-11.00.49:450][600]LogPhysics:Warning: AddShapesToRigidActor: ConvexElem is missing ConvexMesh (13: /Game/Character/cat2.cat2:BodySetup_3)
[2014.11.24-11.00.49:450][600]LogPhysics:Warning: AddShapesToRigidActor: ConvexElem is missing ConvexMesh (16: /Game/Character/cat2.cat2:BodySetup_3)
[2014.11.24-11.00.49:450][600]LogPhysics:Warning: AddShapesToRigidActor: ConvexElem is missing ConvexMesh (17: /Game/Character/cat2.cat2:BodySetup_3)
[2014.11.24-11.00.49:450][600]LogPhysics:Warning: AddShapesToRigidActor: ConvexElem is missing ConvexMesh (18: /Game/Character/cat2.cat2:BodySetup_3)
[2014.11.24-11.01.00:035][975]LogPhysics:Warning: AddShapesToRigidActor: ConvexElem is missing ConvexMesh (8: /Game/Character/cat2.cat2:BodySetup_3)
[2014.11.24-11.01.00:035][975]LogPhysics:Warning: AddShapesToRigidActor: ConvexElem is missing ConvexMesh (10: /Game/Character/cat2.cat2:BodySetup_3)
[2014.11.24-11.01.00:035][975]LogPhysics:Warning: AddShapesToRigidActor: ConvexElem is missing ConvexMesh (13: /Game/Character/cat2.cat2:BodySetup_3)
[2014.11.24-11.01.00:035][975]LogPhysics:Warning: AddShapesToRigidActor: ConvexElem is missing ConvexMesh (16: /Game/Character/cat2.cat2:BodySetup_3)
[2014.11.24-11.01.00:035][975]LogPhysics:Warning: AddShapesToRigidActor: ConvexElem is missing ConvexMesh (17: /Game/Character/cat2.cat2:BodySetup_3)
[2014.11.24-11.01.00:035][975]LogPhysics:Warning: AddShapesToRigidActor: ConvexElem is missing ConvexMesh (18: /Game/Character/cat2.cat2:BodySetup_3)
[2014.11.24-11.01.37:325][352]LogMaterial: Missing cached shader map for material PreviewMaterial_1, compiling.
[2014.11.24-11.01.37:335][352]LogActorComponent: UnregisterComponent: (/Engine/Transient.SkeletalMeshComponent_1) Not registered. Aborting.
[2014.11.24-11.01.37:421][352]LogActorComponent: UnregisterComponent: (/Engine/Transient.SkeletalMeshComponent_1) Not registered. Aborting.
[2014.11.24-11.01.37:421][352]LogActorComponent: RegisterComponentWithWorld: (/Engine/Transient.MaterialEditorMeshComponent_1) Already registered. Aborting.
[2014.11.24-11.01.37:422][352]LogActorComponent: UnregisterComponent: (/Engine/Transient.SkeletalMeshComponent_1) Not registered. Aborting.
[2014.11.24-11.01.37:422][352]LogActorComponent: RegisterComponentWithWorld: (/Engine/Transient.MaterialEditorMeshComponent_1) Already registered. Aborting.
[2014.11.24-11.01.37:428][352]LogMaterial: Missing cached shader map for material PreviewMaterial_1, compiling.
[2014.11.24-11.01.37:546][352]LogMaterial: Missing cached shader map for material FMatExpressionPreview MaterialExpressionTextureSample_26, compiling.
[2014.11.24-11.01.37:549][352]LogMaterial: Missing cached shader map for material FMatExpressionPreview MaterialExpressionTextureSample_27, compiling.
[2014.11.24-11.01.37:551][352]LogMaterial: Missing cached shader map for material FMatExpressionPreview MaterialExpressionTextureSample_28, compiling.
[2014.11.24-11.01.37:573][352]LogMaterial: Missing cached shader map for material FMatExpressionPreview MaterialExpressionConstant3Vector_6, compiling.
[2014.11.24-11.01.37:577][352]LogMaterial: Missing cached shader map for material FMatExpressionPreview MaterialExpressionTextureSample_29, compiling.
[2014.11.24-11.01.51:461][771]LogParticles: Destroying 0 GPU particle simulations for FXSystem 0x0000000011048680
[2014.11.24-11.01.51:461][771]LogParticles: Destroying 0 GPU particle simulations for FXSystem 0x000000002A5A3E20
[2014.11.24-11.01.51:467][771]LogParticles: Destroying 0 GPU particle simulations for FXSystem 0x00000000147D76A0
[2014.11.24-11.01.53:628][772]Cmd: QUIT_EDITOR
[2014.11.24-11.01.53:979][772]LogExit: Preparing to exit.
[2014.11.24-11.01.54:752][772]LogExit: Editor shut down
[2014.11.24-11.01.54:752][772]LogExit: Transaction tracking system shut down
[2014.11.24-11.01.54:754][772]LogParticles: Destroying 0 GPU particle simulations for FXSystem 0x000000000D56C180
[2014.11.24-11.01.54:755][772]LogParticles: Destroying 0 GPU particle simulations for FXSystem 0x00000000292FB9C0
[2014.11.24-11.01.54:755][772]LogParticles: Destroying 0 GPU particle simulations for FXSystem 0x00000000292FACA0
[2014.11.24-11.01.54:757][772]LogParticles: Destroying 0 GPU particle simulations for FXSystem 0x000000002B25A3E0
[2014.11.24-11.01.54:797][772]LogParticles: Destroying 0 GPU particle simulations for FXSystem 0x000000002B2585E0
[2014.11.24-11.01.54:797][772]LogParticles: Destroying 0 GPU particle simulations for FXSystem 0x000000002B25A840
[2014.11.24-11.01.54:797][772]LogExit: Object subsystem successfully closed.
[2014.11.24-11.01.54:860][772]LogModuleManager: Shutting down and abandoning module MaterialEditor (168)
[2014.11.24-11.01.54:860][772]LogModuleManager: Shutting down and abandoning module StaticMeshEditor (167)
[2014.11.24-11.01.54:860][772]LogModuleManager: Shutting down and abandoning module AndroidDeviceDetection (166)
[2014.11.24-11.01.54:860][772]LogModuleManager: Shutting down and abandoning module CrashTracker (165)
[2014.11.24-11.01.54:860][772]LogModuleManager: Shutting down and abandoning module SuperSearch (164)
[2014.11.24-11.01.54:860][772]LogModuleManager: Shutting down and abandoning module SceneOutliner (163)
[2014.11.24-11.01.54:860][772]LogModuleManager: Shutting down and abandoning module EditorWidgets (162)
[2014.11.24-11.01.54:860][772]LogModuleManager: Shutting down and abandoning module CollectionManager (161)
[2014.11.24-11.01.54:860][772]LogModuleManager: Shutting down and abandoning module StatsViewer (160)
[2014.11.24-11.01.54:860][772]LogModuleManager: Shutting down and abandoning module FoliageEdit (159)
[2014.11.24-11.01.54:860][772]LogModuleManager: Shutting down and abandoning module LandscapeEditor (158)
[2014.11.24-11.01.54:860][772]LogModuleManager: Shutting down and abandoning module MeshPaint (157)
[2014.11.24-11.01.54:860][772]LogModuleManager: Shutting down and abandoning module ActorPickerMode (156)
[2014.11.24-11.01.54:860][772]LogModuleManager: Shutting down and abandoning module GeometryMode (155)
[2014.11.24-11.01.54:860][772]LogModuleManager: Shutting down and abandoning module TextureAlignMode (154)
[2014.11.24-11.01.54:860][772]LogModuleManager: Shutting down and abandoning module BspMode (153)
[2014.11.24-11.01.54:860][772]LogModuleManager: Shutting down and abandoning module PlacementMode (152)
[2014.11.24-11.01.54:861][772]LogModuleManager: Shutting down and abandoning module AutomationWorker (151)
[2014.11.24-11.01.54:861][772]LogModuleManager: Shutting down and abandoning module CharacterAI (150)
[2014.11.24-11.01.54:861][772]LogModuleManager: Shutting down and abandoning module GameProjectGeneration (149)
[2014.11.24-11.01.54:861][772]LogModuleManager: Shutting down and abandoning module IntroTutorials (148)
[2014.11.24-11.01.54:861][772]LogModuleManager: Shutting down and abandoning module EditorLiveStreaming (147)
[2014.11.24-11.01.54:861][772]LogModuleManager: Shutting down and abandoning module HardwareTargeting (146)
[2014.11.24-11.01.54:861][772]LogModuleManager: Shutting down and abandoning module BehaviorTreeEditor (145)
[2014.11.24-11.01.54:861][772]LogModuleManager: Shutting down and abandoning module DeviceProfileEditor (144)
[2014.11.24-11.01.54:861][772]LogModuleManager: Shutting down and abandoning module UndoHistory (143)
[2014.11.24-11.01.54:861][772]LogModuleManager: Shutting down and abandoning module GameplayTagsEditor (142)
[2014.11.24-11.01.54:861][772]LogModuleManager: Shutting down and abandoning module UserFeedback (141)
[2014.11.24-11.01.54:861][772]LogModuleManager: Shutting down and abandoning module XmlParser (140)
[2014.11.24-11.01.54:861][772]LogModuleManager: Shutting down and abandoning module Blutility (139)
[2014.11.24-11.01.54:861][772]LogModuleManager: Shutting down and abandoning module IOSPlatformEditor (138)
[2014.11.24-11.01.54:861][772]LogModuleManager: Shutting down and abandoning module IOSRuntimeSettings (137)
[2014.11.24-11.01.54:861][772]LogModuleManager: Shutting down and abandoning module AndroidPlatformEditor (136)
[2014.11.24-11.01.54:861][772]LogModuleManager: Shutting down and abandoning module AndroidRuntimeSettings (135)
[2014.11.24-11.01.54:861][772]LogModuleManager: Shutting down and abandoning module ProjectTargetPlatformEditor (134)
[2014.11.24-11.01.54:861][772]LogModuleManager: Shutting down and abandoning module ProjectSettingsViewer (133)
[2014.11.24-11.01.54:861][772]LogModuleManager: Shutting down and abandoning module InputBindingEditor (132)
[2014.11.24-11.01.54:861][772]LogModuleManager: Shutting down and abandoning module EditorSettingsViewer (131)
[2014.11.24-11.01.54:861][772]LogModuleManager: Shutting down and abandoning module SettingsEditor (130)
[2014.11.24-11.01.54:861][772]LogModuleManager: Shutting down and abandoning module ProjectLauncher (129)
[2014.11.24-11.01.54:861][772]LogModuleManager: Shutting down and abandoning module SessionFrontend (128)
[2014.11.24-11.01.54:861][772]LogModuleManager: Shutting down and abandoning module ProfilerClient (127)
[2014.11.24-11.01.54:861][772]LogModuleManager: Shutting down and abandoning module TargetDeviceServices (126)
[2014.11.24-11.01.54:862][772]LogModuleManager: Shutting down and abandoning module DeviceManager (125)
[2014.11.24-11.01.54:862][772]LogModuleManager: Shutting down and abandoning module AutomationController (124)
[2014.11.24-11.01.54:862][772]LogModuleManager: Shutting down and abandoning module AutomationWindow (123)
[2014.11.24-11.01.54:862][772]LogModuleManager: Shutting down and abandoning module Layers (122)
[2014.11.24-11.01.54:862][772]LogModuleManager: Shutting down and abandoning module ComponentVisualizers (121)
[2014.11.24-11.01.54:862][772]LogModuleManager: Shutting down and abandoning module DetailCustomizations (120)
[2014.11.24-11.01.54:862][772]LogModuleManager: Shutting down and abandoning module PackagesDialog (119)
[2014.11.24-11.01.54:862][772]LogModuleManager: Shutting down and abandoning module AssetRegistry (118)
[2014.11.24-11.01.54:975][772]LogModuleManager: Shutting down and abandoning module Persona (117)
[2014.11.24-11.01.54:975][772]LogModuleManager: Shutting down and abandoning module Kismet (116)
[2014.11.24-11.01.54:975][772]LogModuleManager: Shutting down and abandoning module GraphEditor (115)
[2014.11.24-11.01.54:975][772]LogModuleManager: Shutting down and abandoning module ClassViewer (114)
[2014.11.24-11.01.54:975][772]LogModuleManager: Shutting down and abandoning module Toolbox (113)
[2014.11.24-11.01.54:975][772]LogModuleManager: Shutting down and abandoning module ModuleUI (112)
[2014.11.24-11.01.54:975][772]LogModuleManager: Shutting down and abandoning module MovieSceneTools (111)
[2014.11.24-11.01.54:975][772]LogModuleManager: Shutting down and abandoning module OutputLog (110)
[2014.11.24-11.01.54:975][772]LogModuleManager: Shutting down and abandoning module GammaUI (109)
[2014.11.24-11.01.54:975][772]LogModuleManager: Shutting down and abandoning module Documentation (108)
[2014.11.24-11.01.54:975][772]LogModuleManager: Shutting down and abandoning module GameLiveStreaming (107)
[2014.11.24-11.01.54:976][772]LogModuleManager: Shutting down and abandoning module StreamingPauseRendering (106)
[2014.11.24-11.01.54:976][772]LogModuleManager: Shutting down and abandoning module HTTP (105)
[2014.11.24-11.01.54:976][772]LogModuleManager: Shutting down and abandoning module AnalyticsET (104)
[2014.11.24-11.01.54:976][772]LogModuleManager: Shutting down and abandoning module Analytics (103)
[2014.11.24-11.01.54:976][772]LogModuleManager: Shutting down and abandoning module GameplayDebugger (102)
[2014.11.24-11.01.54:976][772]LogModuleManager: Shutting down and abandoning module AIModule (101)
[2014.11.24-11.01.54:976][772]LogModuleManager: Shutting down and abandoning module ProfilerService (100)
[2014.11.24-11.01.55:052][772]LogModuleManager: Shutting down and abandoning module TaskGraph (99)
[2014.11.24-11.01.55:052][772]LogModuleManager: Shutting down and abandoning module SlateRemote (98)
[2014.11.24-11.01.55:052][772]LogModuleManager: Shutting down and abandoning module ScriptEditorPlugin (97)
[2014.11.24-11.01.55:052][772]LogModuleManager: Shutting down and abandoning module CustomMeshComponent (96)
[2014.11.24-11.01.55:052][772]LogModuleManager: Shutting down and abandoning module CableComponent (95)
[2014.11.24-11.01.55:052][772]LogModuleManager: Shutting down and abandoning module MessagingDebugger (94)
[2014.11.24-11.01.55:052][772]LogModuleManager: Shutting down and abandoning module MediaPlayerEditor (93)
[2014.11.24-11.01.55:052][772]LogModuleManager: Shutting down and abandoning module SpeedTreeImporter (92)
[2014.11.24-11.01.55:052][772]LogModuleManager: Shutting down and abandoning module PluginsEditor (91)
[2014.11.24-11.01.55:052][772]LogModuleManager: Shutting down and abandoning module EpicSurvey (90)
[2014.11.24-11.01.55:052][772]LogModuleManager: Shutting down and abandoning module DesktopPlatform (89)
[2014.11.24-11.01.55:052][772]LogModuleManager: Shutting down and abandoning module VisualStudioSourceCodeAccess (88)
[2014.11.24-11.01.55:052][772]LogModuleManager: Shutting down and abandoning module UObjectPlugin (87)
[2014.11.24-11.01.55:052][772]LogModuleManager: Shutting down and abandoning module SubversionSourceControl (86)
[2014.11.24-11.01.55:052][772]LogModuleManager: Shutting down and abandoning module SourceControl (85)
[2014.11.24-11.01.55:052][772]LogModuleManager: Shutting down and abandoning module PerforceSourceControl (84)
[2014.11.24-11.01.55:052][772]LogModuleManager: Shutting down and abandoning module BlankPlugin (83)
[2014.11.24-11.01.55:052][772]LogModuleManager: Shutting down and abandoning module SlateReflector (82)
[2014.11.24-11.01.55:052][772]LogModuleManager: Shutting down and abandoning module DirectoryWatcher (81)
[2014.11.24-11.01.55:052][772]LogModuleManager: Shutting down and abandoning module HotReload (80)
[2014.11.24-11.01.55:052][772]LogModuleManager: Shutting down and abandoning module MainFrame (79)
[2014.11.24-11.01.55:052][772]LogModuleManager: Shutting down and abandoning module LevelEditor (78)
[2014.11.24-11.01.55:053][772]LogModuleManager: Shutting down and abandoning module ViewportSnapping (77)
[2014.11.24-11.01.55:053][772]LogModuleManager: Shutting down and abandoning module SmartSnapping (76)
[2014.11.24-11.01.55:053][772]LogModuleManager: Shutting down and abandoning module PaperTiledImporter (75)
[2014.11.24-11.01.55:053][772]LogModuleManager: Shutting down and abandoning module PaperJsonImporter (74)
[2014.11.24-11.01.55:053][772]LogModuleManager: Shutting down and abandoning module ContentBrowser (73)
[2014.11.24-11.01.55:053][772]LogModuleManager: Shutting down and abandoning module PropertyEditor (72)
[2014.11.24-11.01.55:053][772]LogModuleManager: Shutting down and abandoning module Paper2DEditor (71)
[2014.11.24-11.01.55:054][772]LogModuleManager: Shutting down and abandoning module ScriptPlugin (70)
[2014.11.24-11.01.55:054][772]LogModuleManager: Shutting down and abandoning module UdpMessaging (69)
[2014.11.24-11.01.55:154][772]LogModuleManager: Shutting down and abandoning module Paper2D (68)
[2014.11.24-11.01.55:154][772]LogModuleManager: Shutting down and abandoning module WindowsMoviePlayer (67)
[2014.11.24-11.01.55:156][772]LogModuleManager: Shutting down and abandoning module Media (66)
[2014.11.24-11.01.55:156][772]LogModuleManager: Shutting down and abandoning module WmfMedia (65)
[2014.11.24-11.01.55:156][772]LogModuleManager: Shutting down and abandoning module OnlineBlueprintSupport (64)
[2014.11.24-11.01.55:156][772]LogModuleManager: Shutting down and abandoning module FunctionalTesting (63)
[2014.11.24-11.01.55:156][772]LogModuleManager: Shutting down and abandoning module CollisionAnalyzer (62)
[2014.11.24-11.01.55:156][772]LogModuleManager: Shutting down and abandoning module WorkspaceMenuStructure (61)
[2014.11.24-11.01.55:157][772]LogModuleManager: Shutting down and abandoning module MessageLog (60)
[2014.11.24-11.01.55:157][772]LogModuleManager: Shutting down and abandoning module Sequencer (59)
[2014.11.24-11.01.55:157][772]LogModuleManager: Shutting down and abandoning module AssetTools (58)
[2014.11.24-11.01.55:157][772]LogModuleManager: Shutting down and abandoning module UMGEditor (57)
[2014.11.24-11.01.55:157][772]LogModuleManager: Shutting down and abandoning module UMG (56)
[2014.11.24-11.01.55:157][772]LogModuleManager: Shutting down and abandoning module Slate (55)
[2014.11.24-11.01.55:157][772]LogModuleManager: Shutting down and abandoning module EditorStyle (54)
[2014.11.24-11.01.55:158][772]LogModuleManager: Shutting down and abandoning module SessionServices (53)
[2014.11.24-11.01.55:158][772]LogModuleManager: Shutting down and abandoning module SourceCodeAccess (52)
[2014.11.24-11.01.55:158][772]LogModuleManager: Shutting down and abandoning module HeadMountedDisplay (51)
[2014.11.24-11.01.55:158][772]LogModuleManager: Shutting down and abandoning module XAudio2 (50)
[2014.11.24-11.01.55:158][772]LogModuleManager: Shutting down and abandoning module Networking (48)
[2014.11.24-11.01.55:158][772]LogModuleManager: Shutting down and abandoning module Core (47)
[2014.11.24-11.01.55:158][772]LogModuleManager: Shutting down and abandoning module KismetCompiler (46)
[2014.11.24-11.01.55:158][772]LogModuleManager: Shutting down and abandoning module PhysXFormats (45)
[2014.11.24-11.01.55:158][772]LogModuleManager: Shutting down and abandoning module MeshUtilities (44)
[2014.11.24-11.01.55:158][772]LogModuleManager: Shutting down and abandoning module DerivedDataCache (43)
[2014.11.24-11.01.55:228][772]LogDerivedDataCache: Shutdown
[2014.11.24-11.01.55:228][772]LogModuleManager: Shutting down and abandoning module ShaderFormatOpenGL (42)
[2014.11.24-11.01.55:228][772]LogModuleManager: Shutting down and abandoning module ShaderFormatD3D (41)
[2014.11.24-11.01.55:228][772]LogModuleManager: Shutting down and abandoning module MetalShaderFormat (40)
[2014.11.24-11.01.55:228][772]LogModuleManager: Shutting down and abandoning module TextureFormatUncompressed (39)
[2014.11.24-11.01.55:228][772]LogModuleManager: Shutting down and abandoning module TextureFormatPVR (38)
[2014.11.24-11.01.55:228][772]LogModuleManager: Shutting down and abandoning module TextureFormatDXT (37)
[2014.11.24-11.01.55:228][772]LogModuleManager: Shutting down and abandoning module TextureFormatAndroid (36)
[2014.11.24-11.01.55:228][772]LogModuleManager: Shutting down and abandoning module AudioFormatOpus (35)
[2014.11.24-11.01.55:228][772]LogModuleManager: Shutting down and abandoning module AudioFormatOgg (34)
[2014.11.24-11.01.55:228][772]LogModuleManager: Shutting down and abandoning module AudioFormatADPCM (33)
[2014.11.24-11.01.55:228][772]LogModuleManager: Shutting down and abandoning module Messaging (32)
[2014.11.24-11.01.55:228][772]LogModuleManager: Shutting down and abandoning module IOSTargetPlatform (31)
[2014.11.24-11.01.55:228][772]LogModuleManager: Shutting down and abandoning module Android_PVRTCTargetPlatform (30)
[2014.11.24-11.01.55:228][772]LogModuleManager: Shutting down and abandoning module Android_ETC2TargetPlatform (29)
[2014.11.24-11.01.55:228][772]LogModuleManager: Shutting down and abandoning module Android_ETC1TargetPlatform (28)
[2014.11.24-11.01.55:228][772]LogModuleManager: Shutting down and abandoning module Android_DXTTargetPlatform (27)
[2014.11.24-11.01.55:228][772]LogModuleManager: Shutting down and abandoning module Android_ATCTargetPlatform (26)
[2014.11.24-11.01.55:228][772]LogModuleManager: Shutting down and abandoning module AndroidTargetPlatform (25)
[2014.11.24-11.01.55:228][772]LogModuleManager: Shutting down and abandoning module WindowsTargetPlatform (24)
[2014.11.24-11.01.55:228][772]LogModuleManager: Shutting down and abandoning module WindowsServerTargetPlatform (23)
[2014.11.24-11.01.55:228][772]LogModuleManager: Shutting down and abandoning module WindowsNoEditorTargetPlatform (22)
[2014.11.24-11.01.55:228][772]LogModuleManager: Shutting down and abandoning module WindowsClientTargetPlatform (21)
[2014.11.24-11.01.55:228][772]LogModuleManager: Shutting down and abandoning module TargetPlatform (20)
[2014.11.24-11.01.55:228][772]LogModuleManager: Shutting down and abandoning module InputCore (19)
[2014.11.24-11.01.55:228][772]LogModuleManager: Shutting down and abandoning module Settings (18)
[2014.11.24-11.01.55:228][772]LogModuleManager: Shutting down and abandoning module ImageWrapper (17)
[2014.11.24-11.01.55:228][772]LogModuleManager: Shutting down and abandoning module OculusRift (14)
[2014.11.24-11.01.55:228][772]LogModuleManager: Shutting down and abandoning module ExampleDeviceProfileSelector (13)
[2014.11.24-11.01.55:228][772]LogModuleManager: Shutting down and abandoning module TextureCompressor (12)
[2014.11.24-11.01.55:228][772]LogModuleManager: Shutting down and abandoning module ShaderCore (11)
[2014.11.24-11.01.55:228][772]LogModuleManager: Shutting down and abandoning module SlateRHIRenderer (10)
[2014.11.24-11.01.55:230][772]LogModuleManager: Shutting down and abandoning module OpenGLDrv (9)
[2014.11.24-11.01.55:230][772]LogModuleManager: Shutting down and abandoning module D3D11RHI (8)
[2014.11.24-11.01.55:230][772]LogModuleManager: Shutting down and abandoning module Renderer (7)
[2014.11.24-11.01.55:230][772]LogModuleManager: Shutting down and abandoning module Engine (6)
[2014.11.24-11.01.55:230][772]LogModuleManager: Shutting down and abandoning module CoreUObject (5)
[2014.11.24-11.01.55:230][772]LogModuleManager: Shutting down and abandoning module NetworkFile (4)
[2014.11.24-11.01.55:230][772]LogModuleManager: Shutting down and abandoning module StreamingFile (3)
[2014.11.24-11.01.55:230][772]LogModuleManager: Shutting down and abandoning module SandboxFile (2)
[2014.11.24-11.01.55:230][772]LogModuleManager: Shutting down and abandoning module PakFile (1)
[2014.11.24-11.01.55:230][772]LogExit: Exiting.
[2014.11.24-11.01.55:259][772]Log file closed, 11/24/14 03:01:55
