Log file open, 12/04/14 13:17:20
LogInit:Display: Running engine for game: Trial_third_person
LogInit: Version: 4.5.1-2336687+++depot+UE4-Releases+4.5
LogInit: API Version: 2326478
LogInit: Compiled (64-bit): Oct 21 2014 22:32:40
LogInit: Compiled with Visual C++: 18.00.21005.01
LogInit: Build Configuration: Development
LogInit: Branch Name: ++depot+UE4-Releases+4.5
LogInit: Command line:  
LogInit: Base directory: C:/Program Files/Epic Games/4.5/Engine/Binaries/Win64/
LogInit: Rocket: 1
[2014.12.04-21.17.20:196][  0]LogTaskGraph: Started task graph with 3 named threads and 4 total threads.
[2014.12.04-21.17.20:278][  0]LogOnline:Warning: No default platform service specified for OnlineSubsystem
[2014.12.04-21.17.20:479][  0]LogInit: Presizing for 0 objects not considered by GC, pre-allocating 0 bytes.
[2014.12.04-21.17.20:531][  0]LogInit: Object subsystem initialized
[2014.12.04-21.17.20:562][  0]LogConsoleResponse:Warning: Skipping Unknown console variable: 'UIScaleRule = ShortestSide'
[2014.12.04-21.17.20:562][  0]LogConsoleResponse:Warning:   Found in ini file 'D:/Study-Session/Trial_third_person/Saved/Config/Windows/Engine.ini', in section '[/Script/Engine.RendererSettings]'
[2014.12.04-21.17.20:562][  0]LogConsoleResponse:Warning: Skipping Unknown console variable: 'UIScaleCurve = (EditorCurveData=(Keys=((Time=480.000000,Value=0.444000),(Time=720.000000,Value=0.666000),(Time=1080.000000,Value=1.000000),(Time=8640.000000,Value=8.000000))),ExternalCurve=None)'
[2014.12.04-21.17.20:562][  0]LogConsoleResponse:Warning:   Found in ini file 'D:/Study-Session/Trial_third_person/Saved/Config/Windows/Engine.ini', in section '[/Script/Engine.RendererSettings]'
[2014.12.04-21.17.20:574][  0]LogInit: Selected Device Profile: [Windows]
[2014.12.04-21.17.20:574][  0]LogInit: Applying CVar settings loaded from the selected device profile: [Windows]
[2014.12.04-21.17.20:629][  0]LogInit: Computer: ZEN-MATT
[2014.12.04-21.17.20:629][  0]LogInit: User: Matt
[2014.12.04-21.17.20:635][  0]LogInit: CPU Page size=4096, Cores=2
[2014.12.04-21.17.20:635][  0]LogInit: High frequency timer resolution =2.338554 MHz
[2014.12.04-21.17.20:635][  0]LogMemory: Memory total: Physical=3.9GB (4GB approx) Virtual=8192.0GB
[2014.12.04-21.17.20:636][  0]LogMemory: Platform Memory Stats for Windows
[2014.12.04-21.17.20:636][  0]LogMemory: Process Physical Memory: 65.41 MB used, 65.41 MB peak
[2014.12.04-21.17.20:636][  0]LogMemory: Process Virtual Memory: 40.29 MB used, 40.29 MB peak
[2014.12.04-21.17.20:636][  0]LogMemory: Physical Memory: 3064.82 MB used, 3981.98 MB total
[2014.12.04-21.17.20:636][  0]LogMemory: Virtual Memory: 273.19 MB used, 8388608.00 MB total
[2014.12.04-21.17.20:855][  0]LogD3D11RHI: Found D3D11 adapter 0: Intel(R) HD Graphics 4000 (Feature Level 11_0)
[2014.12.04-21.17.20:855][  0]LogD3D11RHI: Adapter has 64MB of dedicated video memory, 0MB of dedicated system memory, and 1632MB of shared system memory, 1 output[s]
[2014.12.04-21.17.20:855][  0]LogD3D11RHI: Chosen D3D11 Adapter Id = 0
[2014.12.04-21.17.20:878][  0]LogRHI: Texture pool is 616 MB (70% of 880 MB)
[2014.12.04-21.17.20:925][  0]LogD3D11RHI: Async texture creation enabled
[2014.12.04-21.17.21:302][  0]LogTextLocalizationManager: The requested culture ('en_US') has no localization data; parent culture's ('en') localization data will be used.
[2014.12.04-21.17.21:777][  0]LogContentStreaming: Texture pool size is 0.000000MB
[2014.12.04-21.17.29:047][  0]LogTargetPlatformManager:Display: Building Assets For Windows
[2014.12.04-21.17.29:759][  0]LogTargetPlatformManager:Display: Building Assets For Windows
[2014.12.04-21.17.29:882][  0]LogDerivedDataCache:Display: Max Cache Size: 512 MB
[2014.12.04-21.17.30:022][  0]LogDerivedDataCache: Loaded boot cache 0.14s 39MB C:/Users/Matt/AppData/Local/UnrealEngine/4.5/DerivedDataCache/Boot.ddc.
[2014.12.04-21.17.30:022][  0]LogDerivedDataCache:Display: Loaded Boot cache: C:/Users/Matt/AppData/Local/UnrealEngine/4.5/DerivedDataCache/Boot.ddc
[2014.12.04-21.17.30:022][  0]LogDerivedDataCache: FDerivedDataBackendGraph:  Pak pak cache file D:/Study-Session/Trial_third_person/DerivedDataCache/DDC.ddp not found, will not use a pak cache.
[2014.12.04-21.17.30:022][  0]LogDerivedDataCache: Unable to find inner node Pak for hierarchical cache Hierarchy.
[2014.12.04-21.17.30:108][  0]LogDerivedDataCache:Display: Pak cache opened for reading ../../../Engine/DerivedDataCache/DDC.ddp.
[2014.12.04-21.17.30:121][  0]LogDerivedDataCache: Using Local data cache path C:/Users/Matt/AppData/Local/UnrealEngine/Common/DerivedDataCache: Writable
[2014.12.04-21.17.31:287][  0]LogMeshUtilities: No automatic mesh reduction module available
[2014.12.04-21.17.31:287][  0]LogMeshUtilities: No automatic mesh merging module available
[2014.12.04-21.17.32:278][  0]LogLinker:Warning: Asset '../../../Engine/Content/Functions/Engine_MaterialFunctions02/Texturing/FlipBook.uasset' has been saved with empty engine version. The asset will be loaded but may be incompatible.
[2014.12.04-21.17.32:291][  0]LogLinker:Warning: Asset '../../../Engine/Content/Functions/Engine_MaterialFunctions02/ExampleContent/Textures/flipbook.uasset' has been saved with empty engine version. The asset will be loaded but may be incompatible.
[2014.12.04-21.17.33:155][  0]LogInit: WinSock: version 1.1 (2.2), MaxSocks=32767, MaxUdp=65467
[2014.12.04-21.17.41:199][  0]UdpMessaging: Initializing bridge on interface 0.0.0.0:0 to multicast group 230.0.0.1:6666.
[2014.12.04-21.17.42:038][  0]LogDirectoryWatcher:Warning: Failed to begin reading directory changes for D:/Study-Session/Trial_third_person/Binaries/Win64. Error: 0
[2014.12.04-21.17.42:465][  0]SourceControl: Info Source control is disabled
[2014.12.04-21.17.42:465][  0]SourceControl: Info Source control is disabled
[2014.12.04-21.17.42:516][  0]SourceControl: Info Source control is disabled
[2014.12.04-21.17.43:201][  0]LogObj: 22915 objects as part of root set at end of initial load.
[2014.12.04-21.17.43:201][  0]LogUObjectAllocator: 4803536 out of 0 bytes used by permanent object pool.
[2014.12.04-21.17.43:338][  0]LogEngine: Initializing Engine...
[2014.12.04-21.17.43:579][  0]LogInit: XAudio2 using 'Speakers (Realtek High Definition Audio)' : 2 channels at 48 kHz using 32 bits per sample (channel mask 0x3)
[2014.12.04-21.17.43:726][  0]LogInit: FAudioDevice initialized.
[2014.12.04-21.17.44:136][  0]LogAIModule: Creating AISystem for world NewWorld
[2014.12.04-21.17.44:171][  0]LogDerivedDataCache: Saved boot cache 0.02s 39MB C:/Users/Matt/AppData/Local/UnrealEngine/4.5/DerivedDataCache/Boot.ddc.
[2014.12.04-21.17.44:173][  0]LogInit: Texture streaming: Enabled
[2014.12.04-21.17.44:263][  0]LogInit: Transaction tracking system initialized
[2014.12.04-21.17.44:488][  0]BlueprintLog: New page: Editor Load
[2014.12.04-21.17.44:561][  0]LogAssetRegistry: FAssetRegistry took 0.0129 seconds to start up
[2014.12.04-21.17.44:561][  0]LogDirectoryWatcher:Warning: Failed to begin reading directory changes for ../../../Engine/Plugins/Experimental/CharacterAI/Content/. Error: 0
[2014.12.04-21.17.45:482][  0]LogTargetPlatformManager:Display: Building Assets For Windows
[2014.12.04-21.17.46:038][  0]LogTargetPlatformManager:Display: Building Assets For Windows
[2014.12.04-21.17.46:682][  0]LogConsoleResponse:Display: 
[2014.12.04-21.17.47:260][  0]SourceControl: Info Source control is disabled
[2014.12.04-21.17.47:263][  0]Cmd: MAP LOAD FILE="D:/Study-Session/Trial_third_person/Content/Maps/Example_Map.umap" TEMPLATE=0 SHOWPROGRESS=1
[2014.12.04-21.17.47:264][  0]LightingResults: New page: Lighting Build
[2014.12.04-21.17.47:304][  0]MapCheck: New page: Map Check
[2014.12.04-21.17.47:304][  0]LightingResults: New page: Lighting Build
[2014.12.04-21.17.47:354][  0]LogParticles: Destroying 0 GPU particle simulations for FXSystem 0x0000000017E7A7A0
[2014.12.04-21.17.47:909][  0]LogEditorServer: Finished looking for orphan Actors (0.000 secs)
[2014.12.04-21.17.47:913][  0]LogAIModule: Creating AISystem for world Example_Map
[2014.12.04-21.17.47:917][  0]Cmd: MAP CHECKDEP
[2014.12.04-21.17.47:918][  0]MapCheck: New page: Example_Map - Dec 4, 2014, 5:17:47 AM
[2014.12.04-21.17.48:530][  0]MapCheck: Info Map check complete: 0 Error(s), 0 Warning(s), took 612.75ms to complete.
[2014.12.04-21.17.48:530][  0]LogFileHelpers: Loading map 'Example_Map' took 1.267
[2014.12.04-21.17.48:737][  0]LogCollectionManager: Loaded 0 collections in 0.001361 seconds
[2014.12.04-21.17.49:076][  0]LogCrashTracker: Crashtracker disabled due to settings.
[2014.12.04-21.17.49:127][  0]LogUObjectGlobals:Warning: Failed to find object 'Class None.'
[2014.12.04-21.17.49:181][  0]LogLoad: Full Startup: 34.43 seconds (BP compile: 0.13 seconds)
[2014.12.04-21.17.50:076][  0]LogRenderer:Warning: Reallocating scene render targets to support 976x896.
[2014.12.04-21.17.51:306][  1]LogContentBrowser:Verbose: The content browser source was changed by the sources view to '/Game/Maps'
[2014.12.04-21.17.53:649][  8]LogAssetRegistry: Asset discovery search completed in 9.1006 seconds
[2014.12.04-21.18.36:019][159]Cmd: MAP LOAD FILE="D:/Study-Session/Trial_third_person/Content/Maps/LivingRoom.umap" TEMPLATE=0 SHOWPROGRESS=1
[2014.12.04-21.18.36:020][159]LightingResults: New page: Lighting Build
[2014.12.04-21.18.36:240][159]LoadErrors: New page: Loading map: LivingRoom.umap
[2014.12.04-21.18.36:245][159]MapCheck: New page: Map Check
[2014.12.04-21.18.36:245][159]LightingResults: New page: Lighting Build
[2014.12.04-21.18.36:383][159]LogParticles: Destroying 0 GPU particle simulations for FXSystem 0x0000000015AFA660
[2014.12.04-21.18.36:541][159]LogLinker:Warning: Can't find file '/Game/ArchVis/Textures/T_Shelving_M'
[2014.12.04-21.18.36:542][159]LogLinker:Warning: Can't find file for asset '/Game/ArchVis/Textures/T_Shelving_M' while loading D:/Study-Session/Trial_third_person/Content/StarterContent/Materials/Materials/M_Shelving.uasset.
[2014.12.04-21.18.36:543][159]LoadErrors:Error: Error /Game/StarterContent/Materials/Materials/M_Shelving : Can't find file for asset. /Game/ArchVis/Textures/T_Shelving_M
[2014.12.04-21.18.36:543][159]LogLinker:Warning: Can't find file '/Game/ArchVis/Textures/T_Shelving_N'
[2014.12.04-21.18.36:543][159]LogLinker:Warning: Can't find file for asset '/Game/ArchVis/Textures/T_Shelving_N' while loading D:/Study-Session/Trial_third_person/Content/StarterContent/Materials/Materials/M_Shelving.uasset.
[2014.12.04-21.18.36:543][159]LoadErrors:Error: Error /Game/StarterContent/Materials/Materials/M_Shelving : Can't find file for asset. /Game/ArchVis/Textures/T_Shelving_N
[2014.12.04-21.18.36:544][159]LogLinker:Warning: Can't find file '/Game/ArchVis/Textures/T_Wood'
[2014.12.04-21.18.36:544][159]LogLinker:Warning: Can't find file for asset '/Game/ArchVis/Textures/T_Wood' while loading D:/Study-Session/Trial_third_person/Content/StarterContent/Materials/Materials/M_Shelving.uasset.
[2014.12.04-21.18.36:544][159]LoadErrors:Error: Error /Game/StarterContent/Materials/Materials/M_Shelving : Can't find file for asset. /Game/ArchVis/Textures/T_Wood
[2014.12.04-21.18.36:544][159]LogLinker:Warning: Can't find file '/Game/ArchVis/Textures/T_Wood_S'
[2014.12.04-21.18.36:544][159]LogLinker:Warning: Can't find file for asset '/Game/ArchVis/Textures/T_Wood_S' while loading D:/Study-Session/Trial_third_person/Content/StarterContent/Materials/Materials/M_Shelving.uasset.
[2014.12.04-21.18.36:545][159]LoadErrors:Error: Error /Game/StarterContent/Materials/Materials/M_Shelving : Can't find file for asset. /Game/ArchVis/Textures/T_Wood_S
[2014.12.04-21.18.36:545][159]LogLinker:Warning: Can't find file '/Game/ArchVis/Textures/T_Shelving_M'
[2014.12.04-21.18.36:545][159]LogLinker:Warning: Can't find file for asset '/Game/ArchVis/Textures/T_Shelving_M' while loading D:/Study-Session/Trial_third_person/Content/StarterContent/Materials/Materials/M_Shelving.uasset.
[2014.12.04-21.18.36:546][159]LogLinker:Warning: Can't find file '/Game/ArchVis/Textures/T_Shelving_N'
[2014.12.04-21.18.36:546][159]LogLinker:Warning: Can't find file for asset '/Game/ArchVis/Textures/T_Shelving_N' while loading D:/Study-Session/Trial_third_person/Content/StarterContent/Materials/Materials/M_Shelving.uasset.
[2014.12.04-21.18.36:547][159]LogLinker:Warning: Can't find file '/Game/ArchVis/Textures/T_Wood'
[2014.12.04-21.18.36:547][159]LogLinker:Warning: Can't find file for asset '/Game/ArchVis/Textures/T_Wood' while loading D:/Study-Session/Trial_third_person/Content/StarterContent/Materials/Materials/M_Shelving.uasset.
[2014.12.04-21.18.36:547][159]LogLinker:Warning: Can't find file '/Game/ArchVis/Textures/T_Wood_S'
[2014.12.04-21.18.36:548][159]LogLinker:Warning: Can't find file for asset '/Game/ArchVis/Textures/T_Wood_S' while loading D:/Study-Session/Trial_third_person/Content/StarterContent/Materials/Materials/M_Shelving.uasset.
[2014.12.04-21.18.36:631][159]LogLinker:Warning: Can't find file '/Game/ArchVis/Materials/M_CoffeTable_MAT_Inst'
[2014.12.04-21.18.36:631][159]LogLinker:Warning: Can't find file for asset '/Game/ArchVis/Materials/M_CoffeTable_MAT_Inst' while loading D:/Study-Session/Trial_third_person/Content/StarterContent/Mesh/SM_CoffeeTable.uasset.
[2014.12.04-21.18.36:632][159]LoadErrors:Error: Error /Game/StarterContent/Mesh/SM_CoffeeTable : Can't find file for asset. /Game/ArchVis/Materials/M_CoffeTable_MAT_Inst
[2014.12.04-21.18.36:632][159]LogLinker:Warning: Can't find file '/Game/ArchVis/Materials/M_CoffeTable_MAT_Inst'
[2014.12.04-21.18.36:632][159]LogLinker:Warning: Can't find file for asset '/Game/ArchVis/Materials/M_CoffeTable_MAT_Inst' while loading D:/Study-Session/Trial_third_person/Content/StarterContent/Mesh/SM_CoffeeTable.uasset.
[2014.12.04-21.18.36:637][159]LogLinker:Warning: Can't find file '/Game/ArchVis/Materials/M_Curtain_MAT_Inst'
[2014.12.04-21.18.36:637][159]LogLinker:Warning: Can't find file for asset '/Game/ArchVis/Materials/M_Curtain_MAT_Inst' while loading D:/Study-Session/Trial_third_person/Content/StarterContent/Mesh/SM_Curtain.uasset.
[2014.12.04-21.18.36:637][159]LoadErrors:Error: Error /Game/StarterContent/Mesh/SM_Curtain : Can't find file for asset. /Game/ArchVis/Materials/M_Curtain_MAT_Inst
[2014.12.04-21.18.36:638][159]LogLinker:Warning: Can't find file '/Game/ArchVis/Materials/M_Curtain_MAT_Inst'
[2014.12.04-21.18.36:638][159]LogLinker:Warning: Can't find file for asset '/Game/ArchVis/Materials/M_Curtain_MAT_Inst' while loading D:/Study-Session/Trial_third_person/Content/StarterContent/Mesh/SM_Curtain.uasset.
[2014.12.04-21.18.36:642][159]LogLinker:Warning: Can't find file '/Game/ArchVis/Materials/M_FloorLamp_Mat_Inst'
[2014.12.04-21.18.36:642][159]LogLinker:Warning: Can't find file for asset '/Game/ArchVis/Materials/M_FloorLamp_Mat_Inst' while loading D:/Study-Session/Trial_third_person/Content/StarterContent/Mesh/SM_FloorLamp.uasset.
[2014.12.04-21.18.36:642][159]LoadErrors:Error: Error /Game/StarterContent/Mesh/SM_FloorLamp : Can't find file for asset. /Game/ArchVis/Materials/M_FloorLamp_Mat_Inst
[2014.12.04-21.18.36:642][159]LogLinker:Warning: Can't find file '/Game/ArchVis/Materials/M_FloorLamp_Mat_Inst'
[2014.12.04-21.18.36:643][159]LogLinker:Warning: Can't find file for asset '/Game/ArchVis/Materials/M_FloorLamp_Mat_Inst' while loading D:/Study-Session/Trial_third_person/Content/StarterContent/Mesh/SM_FloorLamp.uasset.
[2014.12.04-21.18.36:647][159]LogLinker:Warning: Can't find file '/Game/ArchVis/Materials/M_Shelving_Inst'
[2014.12.04-21.18.36:647][159]LogLinker:Warning: Can't find file for asset '/Game/ArchVis/Materials/M_Shelving_Inst' while loading D:/Study-Session/Trial_third_person/Content/StarterContent/Mesh/SM_Shelving.uasset.
[2014.12.04-21.18.36:647][159]LoadErrors:Error: Error /Game/StarterContent/Mesh/SM_Shelving : Can't find file for asset. /Game/ArchVis/Materials/M_Shelving_Inst
[2014.12.04-21.18.36:648][159]LogLinker:Warning: Can't find file '/Game/ArchVis/Materials/M_Shelving_Inst'
[2014.12.04-21.18.36:648][159]LogLinker:Warning: Can't find file for asset '/Game/ArchVis/Materials/M_Shelving_Inst' while loading D:/Study-Session/Trial_third_person/Content/StarterContent/Mesh/SM_Shelving.uasset.
[2014.12.04-21.18.36:650][159]LogLinker:Warning: Can't find file '/Game/ArchVis/Materials/M_TV_Inst'
[2014.12.04-21.18.36:650][159]LogLinker:Warning: Can't find file for asset '/Game/ArchVis/Materials/M_TV_Inst' while loading D:/Study-Session/Trial_third_person/Content/StarterContent/Mesh/SM_TV.uasset.
[2014.12.04-21.18.36:650][159]LoadErrors:Error: Error /Game/StarterContent/Mesh/SM_TV : Can't find file for asset. /Game/ArchVis/Materials/M_TV_Inst
[2014.12.04-21.18.36:650][159]LogLinker:Warning: Can't find file '/Game/ArchVis/Materials/M_TV_Inst'
[2014.12.04-21.18.36:651][159]LogLinker:Warning: Can't find file for asset '/Game/ArchVis/Materials/M_TV_Inst' while loading D:/Study-Session/Trial_third_person/Content/StarterContent/Mesh/SM_TV.uasset.
[2014.12.04-21.18.36:653][159]LogLinker:Warning: Can't find file '/Game/ArchVis/Materials/M_Statue_Inst'
[2014.12.04-21.18.36:653][159]LogLinker:Warning: Can't find file for asset '/Game/ArchVis/Materials/M_Statue_Inst' while loading D:/Study-Session/Trial_third_person/Content/StarterContent/Mesh/Statue.uasset.
[2014.12.04-21.18.36:653][159]LoadErrors:Error: Error /Game/StarterContent/Mesh/Statue : Can't find file for asset. /Game/ArchVis/Materials/M_Statue_Inst
[2014.12.04-21.18.36:653][159]LogLinker:Warning: Can't find file '/Game/ArchVis/Materials/M_Statue_Inst'
[2014.12.04-21.18.36:653][159]LogLinker:Warning: Can't find file for asset '/Game/ArchVis/Materials/M_Statue_Inst' while loading D:/Study-Session/Trial_third_person/Content/StarterContent/Mesh/Statue.uasset.
[2014.12.04-21.18.36:755][159]LogLinker:Warning: Can't find file '/Game/ArchVis/Textures/T_Shelving_N'
[2014.12.04-21.18.36:757][159]LoadErrors: Info Failed to load /Game/ArchVis/Textures/T_Shelving_N.T_Shelving_N Referenced by M_Shelving
[2014.12.04-21.18.36:757][159]LogLinker:Warning: Can't find file for asset '/Game/ArchVis/Textures/T_Shelving_N' while loading NULL.
[2014.12.04-21.18.36:757][159]LogLinker:Warning: Can't find file '/Game/ArchVis/Textures/T_Wood'
[2014.12.04-21.18.36:758][159]LoadErrors: Info Failed to load /Game/ArchVis/Textures/T_Wood.T_Wood Referenced by M_Shelving
[2014.12.04-21.18.36:758][159]LogLinker:Warning: Can't find file for asset '/Game/ArchVis/Textures/T_Wood' while loading NULL.
[2014.12.04-21.18.36:758][159]LogLinker:Warning: Can't find file '/Game/ArchVis/Textures/T_Shelving_M'
[2014.12.04-21.18.36:758][159]LoadErrors: Info Failed to load /Game/ArchVis/Textures/T_Shelving_M.T_Shelving_M Referenced by M_Shelving
[2014.12.04-21.18.36:759][159]LogLinker:Warning: Can't find file for asset '/Game/ArchVis/Textures/T_Shelving_M' while loading NULL.
[2014.12.04-21.18.36:759][159]LogLinker:Warning: Can't find file '/Game/ArchVis/Textures/T_Wood_S'
[2014.12.04-21.18.36:759][159]LoadErrors: Info Failed to load /Game/ArchVis/Textures/T_Wood_S.T_Wood_S Referenced by M_Shelving
[2014.12.04-21.18.36:759][159]LogLinker:Warning: Can't find file for asset '/Game/ArchVis/Textures/T_Wood_S' while loading NULL.
[2014.12.04-21.18.36:760][159]LogLinker:Warning: Can't find file '/Game/ArchVis/Textures/T_Shelving_N'
[2014.12.04-21.18.36:760][159]LoadErrors: Info Failed to load /Game/ArchVis/Textures/T_Shelving_N.T_Shelving_N Referenced by MaterialExpressionTextureSample_0 Property /Script/Engine.MaterialExpressionTextureBase:Texture
[2014.12.04-21.18.36:760][159]LogLinker:Warning: Can't find file for asset '/Game/ArchVis/Textures/T_Shelving_N' while loading NULL.
[2014.12.04-21.18.36:761][159]LogLinker:Warning: Can't find file '/Game/ArchVis/Textures/T_Shelving_M'
[2014.12.04-21.18.36:761][159]LoadErrors: Info Failed to load /Game/ArchVis/Textures/T_Shelving_M.T_Shelving_M Referenced by MaterialExpressionTextureSample_1 Property /Script/Engine.MaterialExpressionTextureBase:Texture
[2014.12.04-21.18.36:761][159]LogLinker:Warning: Can't find file for asset '/Game/ArchVis/Textures/T_Shelving_M' while loading NULL.
[2014.12.04-21.18.36:762][159]LogLinker:Warning: Can't find file '/Game/ArchVis/Textures/T_Wood'
[2014.12.04-21.18.36:762][159]LoadErrors: Info Failed to load /Game/ArchVis/Textures/T_Wood.T_Wood Referenced by MaterialExpressionTextureSample_4 Property /Script/Engine.MaterialExpressionTextureBase:Texture
[2014.12.04-21.18.36:762][159]LogLinker:Warning: Can't find file for asset '/Game/ArchVis/Textures/T_Wood' while loading NULL.
[2014.12.04-21.18.36:763][159]LogLinker:Warning: Can't find file '/Game/ArchVis/Textures/T_Wood_S'
[2014.12.04-21.18.36:763][159]LoadErrors: Info Failed to load /Game/ArchVis/Textures/T_Wood_S.T_Wood_S Referenced by MaterialExpressionTextureSample_5 Property /Script/Engine.MaterialExpressionTextureBase:Texture
[2014.12.04-21.18.36:763][159]LogLinker:Warning: Can't find file for asset '/Game/ArchVis/Textures/T_Wood_S' while loading NULL.
[2014.12.04-21.18.36:774][159]LogLinker:Warning: Can't find file '/Game/ArchVis/Materials/M_CoffeTable_MAT_Inst'
[2014.12.04-21.18.36:774][159]LoadErrors: Info Failed to load /Game/ArchVis/Materials/M_CoffeTable_MAT_Inst.M_CoffeTable_MAT_Inst Referenced by SM_CoffeeTable Property /Script/Engine.StaticMesh:Materials
[2014.12.04-21.18.36:774][159]LogLinker:Warning: Can't find file for asset '/Game/ArchVis/Materials/M_CoffeTable_MAT_Inst' while loading NULL.
[2014.12.04-21.18.36:775][159]LogLinker:Warning: Can't find file '/Game/ArchVis/Materials/M_Curtain_MAT_Inst'
[2014.12.04-21.18.36:776][159]LoadErrors: Info Failed to load /Game/ArchVis/Materials/M_Curtain_MAT_Inst.M_Curtain_MAT_Inst Referenced by SM_Curtain Property /Script/Engine.StaticMesh:Materials
[2014.12.04-21.18.36:776][159]LogLinker:Warning: Can't find file for asset '/Game/ArchVis/Materials/M_Curtain_MAT_Inst' while loading NULL.
[2014.12.04-21.18.36:777][159]LogLinker:Warning: Can't find file '/Game/ArchVis/Materials/M_Shelving_Inst'
[2014.12.04-21.18.36:777][159]LoadErrors: Info Failed to load /Game/ArchVis/Materials/M_Shelving_Inst.M_Shelving_Inst Referenced by SM_Shelving Property /Script/Engine.StaticMesh:Materials
[2014.12.04-21.18.36:777][159]LogLinker:Warning: Can't find file for asset '/Game/ArchVis/Materials/M_Shelving_Inst' while loading NULL.
[2014.12.04-21.18.36:778][159]LogLinker:Warning: Can't find file '/Game/ArchVis/Materials/M_TV_Inst'
[2014.12.04-21.18.36:778][159]LoadErrors: Info Failed to load /Game/ArchVis/Materials/M_TV_Inst.M_TV_Inst Referenced by SM_TV Property /Script/Engine.StaticMesh:Materials
[2014.12.04-21.18.36:779][159]LogLinker:Warning: Can't find file for asset '/Game/ArchVis/Materials/M_TV_Inst' while loading NULL.
[2014.12.04-21.18.36:779][159]LogLinker:Warning: Can't find file '/Game/ArchVis/Materials/M_Statue_Inst'
[2014.12.04-21.18.36:780][159]LoadErrors: Info Failed to load /Game/ArchVis/Materials/M_Statue_Inst.M_Statue_Inst Referenced by Statue Property /Script/Engine.StaticMesh:Materials
[2014.12.04-21.18.36:780][159]LogLinker:Warning: Can't find file for asset '/Game/ArchVis/Materials/M_Statue_Inst' while loading NULL.
[2014.12.04-21.18.36:782][159]LogLinker:Warning: Can't find file '/Game/ArchVis/Materials/M_FloorLamp_Mat_Inst'
[2014.12.04-21.18.36:782][159]LoadErrors: Info Failed to load /Game/ArchVis/Materials/M_FloorLamp_Mat_Inst.M_FloorLamp_Mat_Inst Referenced by SM_FloorLamp Property /Script/Engine.StaticMesh:Materials
[2014.12.04-21.18.36:783][159]LogLinker:Warning: Can't find file for asset '/Game/ArchVis/Materials/M_FloorLamp_Mat_Inst' while loading NULL.
[2014.12.04-21.18.37:013][159]LogTexture:Display: Building textures: T_Carpet_M (DXT1)
[2014.12.04-21.18.42:185][159]LogTexture:Display: Building textures: T_Carpet_N (BC5)
[2014.12.04-21.18.43:417][159]LogTexture:Display: Building textures: T_Carpet_D (DXT1)
[2014.12.04-21.18.51:500][159]LogMaterial: Missing cached shader map for material M_Carptet_Mat, compiling.
[2014.12.04-21.18.51:732][159]LogTexture:Display: Building textures: book_normals (BC5)
[2014.12.04-21.18.52:792][159]LogTexture:Display: Building textures: book_occlusion (DXT1)
[2014.12.04-21.18.54:002][159]LogMaterial: Missing cached shader map for material M_Book_Mat, compiling.
[2014.12.04-21.18.54:037][159]LogMaterial: Missing cached shader map for material M_Shelving, compiling.
[2014.12.04-21.18.54:037][159]LogMaterial:Warning: Failed to compile Material /Game/StarterContent/Materials/Materials/M_Shelving.M_Shelving for platform PCD3D_SM5, Default Material will be used in game.
[2014.12.04-21.18.54:037][159]LogMaterial:Warning: 	(Node TextureSample) TextureSample> Missing input texture
[2014.12.04-21.18.54:084][159]LogTexture:Display: Building textures: T_Anisotrophic_M (DXT1)
[2014.12.04-21.18.57:058][159]LogTexture:Display: Building textures: T_Anisotrophic_N (BC5)
[2014.12.04-21.18.57:963][159]LogTexture:Display: Building textures: T_Door_AOMask (DXT1)
[2014.12.04-21.19.01:311][159]LogTexture:Display: Building textures: T_Door_M (DXT1)
[2014.12.04-21.19.02:541][159]LogTexture:Display: Building textures: T_Door_N (BC5)
[2014.12.04-21.19.03:916][159]LogMaterial: Missing cached shader map for material M_Door_MAT, compiling.
[2014.12.04-21.19.04:111][159]LogTexture:Display: Building textures: T_FloorLamp_AO (DXT1)
[2014.12.04-21.19.08:108][159]LogTexture:Display: Building textures: T_FloorLamp_M (DXT1)
[2014.12.04-21.19.10:417][159]LogTexture:Display: Building textures: T_FloorLamp_N (BC5)
[2014.12.04-21.19.11:468][159]LogMaterial: Missing cached shader map for material M_FloorLamp_Mat, compiling.
[2014.12.04-21.19.11:718][159]LogTexture:Display: Building textures: T_PaintedWall_N (BC5)
[2014.12.04-21.19.13:210][159]LogMaterial: Missing cached shader map for material M_WallPainInterior_MAT, compiling.
[2014.12.04-21.19.13:271][159]LogStaticMesh: Building static mesh mouse...
[2014.12.04-21.19.13:294][159]LogLayoutUV:Display: FindCharts: 1 ms
[2014.12.04-21.19.13:295][159]LogLayoutUV:Display: PackCharts: 0 ms
[2014.12.04-21.19.13:295][159]LogLayoutUV:Display:   Rasterize: 1812
[2014.12.04-21.19.13:295][159]LogLayoutUV:Display:   Find: 93
[2014.12.04-21.19.13:296][159]LogLayoutUV:Display: PackCharts: 0 ms
[2014.12.04-21.19.13:296][159]LogLayoutUV:Display:   Rasterize: 1761
[2014.12.04-21.19.13:296][159]LogLayoutUV:Display:   Find: 91
[2014.12.04-21.19.13:297][159]LogLayoutUV:Display: PackCharts: 0 ms
[2014.12.04-21.19.13:297][159]LogLayoutUV:Display:   Rasterize: 1770
[2014.12.04-21.19.13:297][159]LogLayoutUV:Display:   Find: 94
[2014.12.04-21.19.13:298][159]LogLayoutUV:Display: PackCharts: 0 ms
[2014.12.04-21.19.13:298][159]LogLayoutUV:Display:   Rasterize: 1762
[2014.12.04-21.19.13:298][159]LogLayoutUV:Display:   Find: 92
[2014.12.04-21.19.13:299][159]LogLayoutUV:Display: PackCharts: 0 ms
[2014.12.04-21.19.13:299][159]LogLayoutUV:Display:   Rasterize: 1769
[2014.12.04-21.19.13:299][159]LogLayoutUV:Display:   Find: 90
[2014.12.04-21.19.13:300][159]LogLayoutUV:Display: PackCharts: 0 ms
[2014.12.04-21.19.13:300][159]LogLayoutUV:Display:   Rasterize: 1763
[2014.12.04-21.19.13:300][159]LogLayoutUV:Display:   Find: 88
[2014.12.04-21.19.13:301][159]LogLayoutUV:Display: PackCharts: 0 ms
[2014.12.04-21.19.13:301][159]LogLayoutUV:Display:   Rasterize: 1759
[2014.12.04-21.19.13:301][159]LogLayoutUV:Display:   Find: 89
[2014.12.04-21.19.13:305][159]LogLayoutUV:Display: PackCharts: 0 ms
[2014.12.04-21.19.13:305][159]LogLayoutUV:Display:   Rasterize: 1767
[2014.12.04-21.19.13:305][159]LogLayoutUV:Display:   Find: 161
[2014.12.04-21.19.13:325][159]LogStaticMesh: Built static mesh [57.839588ms] /Game/Character/mouse.mouse
[2014.12.04-21.19.13:363][159]LogStaticMesh: Building static mesh newcatcauseoldcatsucks...
[2014.12.04-21.19.13:410][159]LogLayoutUV:Display: FindCharts: 7 ms
[2014.12.04-21.19.13:415][159]LogLayoutUV:Display: PackCharts: 4 ms
[2014.12.04-21.19.13:415][159]LogLayoutUV:Display:   Rasterize: 10939
[2014.12.04-21.19.13:415][159]LogLayoutUV:Display:   Find: 81
[2014.12.04-21.19.13:420][159]LogLayoutUV:Display: PackCharts: 4 ms
[2014.12.04-21.19.13:420][159]LogLayoutUV:Display:   Rasterize: 10811
[2014.12.04-21.19.13:420][159]LogLayoutUV:Display:   Find: 77
[2014.12.04-21.19.13:425][159]LogLayoutUV:Display: PackCharts: 4 ms
[2014.12.04-21.19.13:425][159]LogLayoutUV:Display:   Rasterize: 11037
[2014.12.04-21.19.13:425][159]LogLayoutUV:Display:   Find: 70
[2014.12.04-21.19.13:429][159]LogLayoutUV:Display: PackCharts: 4 ms
[2014.12.04-21.19.13:429][159]LogLayoutUV:Display:   Rasterize: 10772
[2014.12.04-21.19.13:429][159]LogLayoutUV:Display:   Find: 76
[2014.12.04-21.19.13:434][159]LogLayoutUV:Display: PackCharts: 4 ms
[2014.12.04-21.19.13:434][159]LogLayoutUV:Display:   Rasterize: 10786
[2014.12.04-21.19.13:434][159]LogLayoutUV:Display:   Find: 74
[2014.12.04-21.19.13:439][159]LogLayoutUV:Display: PackCharts: 4 ms
[2014.12.04-21.19.13:439][159]LogLayoutUV:Display:   Rasterize: 11049
[2014.12.04-21.19.13:439][159]LogLayoutUV:Display:   Find: 68
[2014.12.04-21.19.13:444][159]LogLayoutUV:Display: PackCharts: 4 ms
[2014.12.04-21.19.13:444][159]LogLayoutUV:Display:   Rasterize: 10821
[2014.12.04-21.19.13:444][159]LogLayoutUV:Display:   Find: 77
[2014.12.04-21.19.13:449][159]LogLayoutUV:Display: PackCharts: 4 ms
[2014.12.04-21.19.13:449][159]LogLayoutUV:Display:   Rasterize: 10805
[2014.12.04-21.19.13:449][159]LogLayoutUV:Display:   Find: 76
[2014.12.04-21.19.13:495][159]LogLayoutUV:Display: FindCharts: 9 ms
[2014.12.04-21.19.13:500][159]LogLayoutUV:Display: PackCharts: 4 ms
[2014.12.04-21.19.13:500][159]LogLayoutUV:Display:   Rasterize: 10991
[2014.12.04-21.19.13:500][159]LogLayoutUV:Display:   Find: 74
[2014.12.04-21.19.13:505][159]LogLayoutUV:Display: PackCharts: 4 ms
[2014.12.04-21.19.13:505][159]LogLayoutUV:Display:   Rasterize: 10799
[2014.12.04-21.19.13:505][159]LogLayoutUV:Display:   Find: 75
[2014.12.04-21.19.13:510][159]LogLayoutUV:Display: PackCharts: 4 ms
[2014.12.04-21.19.13:510][159]LogLayoutUV:Display:   Rasterize: 10812
[2014.12.04-21.19.13:510][159]LogLayoutUV:Display:   Find: 70
[2014.12.04-21.19.13:515][159]LogLayoutUV:Display: PackCharts: 4 ms
[2014.12.04-21.19.13:515][159]LogLayoutUV:Display:   Rasterize: 10900
[2014.12.04-21.19.13:515][159]LogLayoutUV:Display:   Find: 73
[2014.12.04-21.19.13:520][159]LogLayoutUV:Display: PackCharts: 4 ms
[2014.12.04-21.19.13:520][159]LogLayoutUV:Display:   Rasterize: 10969
[2014.12.04-21.19.13:520][159]LogLayoutUV:Display:   Find: 76
[2014.12.04-21.19.13:524][159]LogLayoutUV:Display: PackCharts: 4 ms
[2014.12.04-21.19.13:524][159]LogLayoutUV:Display:   Rasterize: 10780
[2014.12.04-21.19.13:524][159]LogLayoutUV:Display:   Find: 75
[2014.12.04-21.19.13:529][159]LogLayoutUV:Display: PackCharts: 4 ms
[2014.12.04-21.19.13:529][159]LogLayoutUV:Display:   Rasterize: 10804
[2014.12.04-21.19.13:529][159]LogLayoutUV:Display:   Find: 74
[2014.12.04-21.19.13:534][159]LogLayoutUV:Display: PackCharts: 4 ms
[2014.12.04-21.19.13:534][159]LogLayoutUV:Display:   Rasterize: 10914
[2014.12.04-21.19.13:534][159]LogLayoutUV:Display:   Find: 74
[2014.12.04-21.19.13:696][159]LogStaticMesh: Built static mesh [336.668732ms] /Game/Character/newcatcauseoldcatsucks.newcatcauseoldcatsucks
[2014.12.04-21.19.13:734][159]LogPhysics:Warning: PHYSX: ..\..\PhysXCooking\src\convex\ConvexHullBuilder.cpp (1486) 32 : ConvexHullBuilder: convex hull has more than 255 polygons!
[2014.12.04-21.19.13:734][159]LogPhysics:Warning: PHYSX: ..\..\PhysXCooking\src\convex\ConvexMeshBuilder.cpp (266) 32 : Gu::ConvexMesh::loadConvexHull: convex hull init failed! Try to use the PxConvexFlag::eINFLATE_CONVEX flag. (see PxToolkit::createConvexMeshSafe)
[2014.12.04-21.19.13:734][159]LogPhysics:Warning: Failed to cook convex: /Game/Character/newcatcauseoldcatsucks.newcatcauseoldcatsucks 11 (FlipX:0). The remaining elements will not get cooked.
[2014.12.04-21.19.13:801][159]LogAudioDerivedData:Display: Building compressed audio format OGG wave LivingRoomMusic...
[2014.12.04-21.19.20:986][159]LogStaticMesh: Building static mesh BookLP...
[2014.12.04-21.19.20:997][159]LogStaticMesh: Built static mesh [14.342624ms] /Game/StarterContent/Mesh/BookLP.BookLP
[2014.12.04-21.19.21:006][159]LogStaticMesh: Building static mesh CoatHook...
[2014.12.04-21.19.21:016][159]LogStaticMesh: Built static mesh [12.426482ms] /Game/StarterContent/Mesh/CoatHook.CoatHook
[2014.12.04-21.19.21:023][159]LogStaticMesh: Building static mesh CoatHookBacking...
[2014.12.04-21.19.21:032][159]LogStaticMesh: Built static mesh [10.962330ms] /Game/StarterContent/Mesh/CoatHookBacking.CoatHookBacking
[2014.12.04-21.19.21:037][159]LogStaticMesh: Building static mesh Mug...
[2014.12.04-21.19.21:067][159]LogStaticMesh: Built static mesh [32.368721ms] /Game/StarterContent/Mesh/Mug.Mug
[2014.12.04-21.19.21:079][159]LogStaticMesh: Building static mesh SM_Carpet...
[2014.12.04-21.19.21:153][159]LogStaticMesh: Built static mesh [76.902649ms] /Game/StarterContent/Mesh/SM_Carpet.SM_Carpet
[2014.12.04-21.19.21:188][159]LogStaticMesh: Building static mesh SM_CoffeeTable...
[2014.12.04-21.19.21:198][159]LogStaticMesh: Built static mesh [11.988605ms] /Game/StarterContent/Mesh/SM_CoffeeTable.SM_CoffeeTable
[2014.12.04-21.19.21:206][159]LogStaticMesh: Building static mesh SM_Couch...
[2014.12.04-21.19.21:303][159]LogStaticMesh: Built static mesh [100.070389ms] /Game/StarterContent/Mesh/SM_Couch.SM_Couch
[2014.12.04-21.19.21:342][159]LogStaticMesh: Building static mesh SM_Curtain...
[2014.12.04-21.19.21:346][159]LogStaticMesh: Built static mesh [6.134132ms] /Game/StarterContent/Mesh/SM_Curtain.SM_Curtain
[2014.12.04-21.19.21:370][159]LogStaticMesh: Building static mesh Statue...
[2014.12.04-21.19.21:471][159]LogStaticMesh: Built static mesh [103.082504ms] /Game/StarterContent/Mesh/Statue.Statue
[2014.12.04-21.19.21:494][159]LogStaticMesh: Building static mesh SM_FloorLamp...
[2014.12.04-21.19.21:523][159]LogStaticMesh: Built static mesh [31.577206ms] /Game/StarterContent/Mesh/SM_FloorLamp.SM_FloorLamp
[2014.12.04-21.19.21:537][159]LogStaticMesh: Building static mesh SM_Frame_1...
[2014.12.04-21.19.21:547][159]LogStaticMesh: Built static mesh [11.434417ms] /Game/StarterContent/Mesh/SM_Frame_1.SM_Frame_1
[2014.12.04-21.19.21:554][159]LogStaticMesh: Building static mesh SM_Shelving...
[2014.12.04-21.19.21:569][159]LogStaticMesh: Built static mesh [16.691938ms] /Game/StarterContent/Mesh/SM_Shelving.SM_Shelving
[2014.12.04-21.19.21:575][159]LogStaticMesh: Building static mesh SM_TV...
[2014.12.04-21.19.21:582][159]LogStaticMesh: Built static mesh [8.730181ms] /Game/StarterContent/Mesh/SM_TV.SM_TV
[2014.12.04-21.19.21:718][159]LogTexture:Display: Building textures: HQ_Lightmap0_10 (AutoDXT)
[2014.12.04-21.19.21:782][159]LogTexture:Display: Building textures: HQ_Lightmap0_11 (AutoDXT)
[2014.12.04-21.19.21:804][159]LogTexture:Display: Building textures: HQ_Lightmap0_13 (AutoDXT)
[2014.12.04-21.19.21:812][159]LogTexture:Display: Building textures: HQ_Lightmap0_4 (AutoDXT)
[2014.12.04-21.19.22:067][159]LogTexture:Display: Building textures: HQ_Lightmap0_5 (AutoDXT)
[2014.12.04-21.19.22:273][159]LogTexture:Display: Building textures: HQ_Lightmap0_7 (AutoDXT)
[2014.12.04-21.19.22:325][159]LogTexture:Display: Building textures: HQ_Lightmap0_8 (AutoDXT)
[2014.12.04-21.19.22:379][159]LogTexture:Display: Building textures: HQ_Lightmap0_9 (AutoDXT)
[2014.12.04-21.19.22:403][159]LogTexture:Display: Building textures: LQ_Lightmap_0_10 (DXT1)
[2014.12.04-21.19.22:422][159]LogTexture:Display: Building textures: LQ_Lightmap_0_11 (DXT1)
[2014.12.04-21.19.22:438][159]LogTexture:Display: Building textures: LQ_Lightmap_0_13 (DXT1)
[2014.12.04-21.19.22:445][159]LogTexture:Display: Building textures: LQ_Lightmap_0_4 (DXT1)
[2014.12.04-21.19.22:561][159]LogTexture:Display: Building textures: LQ_Lightmap_0_5 (DXT1)
[2014.12.04-21.19.22:654][159]LogTexture:Display: Building textures: LQ_Lightmap_0_7 (DXT1)
[2014.12.04-21.19.22:684][159]LogTexture:Display: Building textures: LQ_Lightmap_0_8 (DXT1)
[2014.12.04-21.19.22:725][159]LogTexture:Display: Building textures: LQ_Lightmap_0_9 (DXT1)
[2014.12.04-21.19.22:752][159]LogTexture:Display: Building textures: ShadowMapTexture2D_72 (BGRA8)
[2014.12.04-21.19.22:762][159]LogTexture:Display: Building textures: ShadowMapTexture2D_73 (BGRA8)
[2014.12.04-21.19.22:771][159]LogTexture:Display: Building textures: ShadowMapTexture2D_75 (BGRA8)
[2014.12.04-21.19.22:776][159]LogTexture:Display: Building textures: ShadowMapTexture2D_76 (BGRA8)
[2014.12.04-21.19.22:780][159]LogTexture:Display: Building textures: ShadowMapTexture2D_77 (BGRA8)
[2014.12.04-21.19.22:783][159]LogTexture:Display: Building textures: ShadowMapTexture2D_78 (BGRA8)
[2014.12.04-21.19.22:787][159]LogTexture:Display: Building textures: ShadowMapTexture2D_79 (BGRA8)
[2014.12.04-21.19.22:790][159]LogTexture:Display: Building textures: ShadowMapTexture2D_80 (BGRA8)
[2014.12.04-21.19.22:986][159]LogPhysics:Warning: AddShapesToRigidActor: ConvexElem is missing ConvexMesh (11: /Game/Character/newcatcauseoldcatsucks.newcatcauseoldcatsucks:BodySetup_3)
[2014.12.04-21.19.23:178][159]LogEditorServer: Finished looking for orphan Actors (0.000 secs)
[2014.12.04-21.19.23:180][159]LogAIModule: Creating AISystem for world LivingRoom
[2014.12.04-21.19.23:237][159]Cmd: MAP CHECKDEP
[2014.12.04-21.19.23:238][159]MapCheck: New page: LivingRoom - Dec 4, 2014, 5:19:23 AM
[2014.12.04-21.19.23:462][159]MapCheck: Info Map check complete: 0 Error(s), 0 Warning(s), took 224.517ms to complete.
[2014.12.04-21.19.23:462][159]LogFileHelpers: Loading map 'LivingRoom' took 47.444
[2014.12.04-21.21.52:975][714]LogEditorViewport: Clicking on Actor (LMB): StaticMeshActor (mouse)
[2014.12.04-21.21.55:904][808]LogPropertyNode:Warning: UI Min (0.0) >= UI Max () for Ranged Numeric
[2014.12.04-21.22.18:818][850]LogContentBrowser:Verbose: The content browser source was changed by the sources view to '/Game/Character'
[2014.12.04-21.22.26:513][161]LogWindowsTextInputMethodSystem:Error: Deactivating a context failed while setting focus to the disabled TSF document manager.
[2014.12.04-21.22.28:145][161]LogWindowsTextInputMethodSystem:Error: Deactivating a context failed while setting focus to the disabled TSF document manager.
[2014.12.04-21.22.45:836][161]LogWindowsTextInputMethodSystem:Error: Deactivating a context failed while setting focus to the disabled TSF document manager.
[2014.12.04-21.22.54:821][323]LogRenderer:Warning: Reallocating scene render targets to support 1616x896.
[2014.12.04-21.25.41:513][302]Cmd: OBJ SAVEPACKAGE PACKAGE="/Game/Blueprints/mouse_pickup" FILE="D:/Study-Session/Trial_third_person/Content/Blueprints/mouse_pickup.uasset" SILENT=true
[2014.12.04-21.25.41:703][302]LogSavePackage: Save=182.770630ms
[2014.12.04-21.25.41:703][302]LogSavePackage: Moving 'D:/Study-Session/Trial_third_person/Saved/mouse_pickup6EEB49AD4F13ADFC955FFA8DDA760C2A.tmp' to 'D:/Study-Session/Trial_third_person/Content/Blueprints/mouse_pickup.uasset'
[2014.12.04-21.25.44:496][359]BlueprintLog: New page: Compile mouse_pickup
[2014.12.04-21.25.44:975][359]BlueprintEditorCompileResults: Info [0509.74] Compile of mouse_pickup successful! [in 4 ms]
[2014.12.04-21.26.22:127][449]LogContentBrowser:Verbose: The content browser source was changed by the sources view to '/Game/Blueprints'
[2014.12.04-21.26.23:076][482]LogParticles: Destroying 0 GPU particle simulations for FXSystem 0x000000003701FCE0
[2014.12.04-21.26.26:639][633]Cmd: QUIT_EDITOR
[2014.12.04-21.26.27:291][633]LogExit: Preparing to exit.
[2014.12.04-21.26.28:550][633]LogExit: Editor shut down
[2014.12.04-21.26.28:550][633]LogExit: Transaction tracking system shut down
[2014.12.04-21.26.28:554][633]LogParticles: Destroying 0 GPU particle simulations for FXSystem 0x000000001E3E1A80
[2014.12.04-21.26.28:554][633]LogParticles: Destroying 0 GPU particle simulations for FXSystem 0x000000001E3E2E80
[2014.12.04-21.26.28:560][633]LogParticles: Destroying 0 GPU particle simulations for FXSystem 0x00000000270CDD00
[2014.12.04-21.26.28:564][633]LogParticles: Destroying 0 GPU particle simulations for FXSystem 0x0000000011E11A80
[2014.12.04-21.26.28:685][633]LogExit: Object subsystem successfully closed.
[2014.12.04-21.26.29:040][633]LogModuleManager: Shutting down and abandoning module AndroidDeviceDetection (166)
[2014.12.04-21.26.29:040][633]LogModuleManager: Shutting down and abandoning module CrashTracker (165)
[2014.12.04-21.26.29:040][633]LogModuleManager: Shutting down and abandoning module SuperSearch (164)
[2014.12.04-21.26.29:040][633]LogModuleManager: Shutting down and abandoning module SceneOutliner (163)
[2014.12.04-21.26.29:040][633]LogModuleManager: Shutting down and abandoning module EditorWidgets (162)
[2014.12.04-21.26.29:040][633]LogModuleManager: Shutting down and abandoning module CollectionManager (161)
[2014.12.04-21.26.29:042][633]LogModuleManager: Shutting down and abandoning module StatsViewer (160)
[2014.12.04-21.26.29:045][633]LogModuleManager: Shutting down and abandoning module FoliageEdit (159)
[2014.12.04-21.26.29:046][633]LogModuleManager: Shutting down and abandoning module LandscapeEditor (158)
[2014.12.04-21.26.29:048][633]LogModuleManager: Shutting down and abandoning module MeshPaint (157)
[2014.12.04-21.26.29:049][633]LogModuleManager: Shutting down and abandoning module ActorPickerMode (156)
[2014.12.04-21.26.29:049][633]LogModuleManager: Shutting down and abandoning module GeometryMode (155)
[2014.12.04-21.26.29:049][633]LogModuleManager: Shutting down and abandoning module TextureAlignMode (154)
[2014.12.04-21.26.29:049][633]LogModuleManager: Shutting down and abandoning module BspMode (153)
[2014.12.04-21.26.29:049][633]LogModuleManager: Shutting down and abandoning module PlacementMode (152)
[2014.12.04-21.26.29:049][633]LogModuleManager: Shutting down and abandoning module AutomationWorker (151)
[2014.12.04-21.26.29:050][633]LogModuleManager: Shutting down and abandoning module CharacterAI (150)
[2014.12.04-21.26.29:050][633]LogModuleManager: Shutting down and abandoning module GameProjectGeneration (149)
[2014.12.04-21.26.29:051][633]LogModuleManager: Shutting down and abandoning module IntroTutorials (148)
[2014.12.04-21.26.29:055][633]LogModuleManager: Shutting down and abandoning module EditorLiveStreaming (147)
[2014.12.04-21.26.29:055][633]LogModuleManager: Shutting down and abandoning module HardwareTargeting (146)
[2014.12.04-21.26.29:055][633]LogModuleManager: Shutting down and abandoning module BehaviorTreeEditor (145)
[2014.12.04-21.26.29:059][633]LogModuleManager: Shutting down and abandoning module DeviceProfileEditor (144)
[2014.12.04-21.26.29:060][633]LogModuleManager: Shutting down and abandoning module UndoHistory (143)
[2014.12.04-21.26.29:060][633]LogModuleManager: Shutting down and abandoning module GameplayTagsEditor (142)
[2014.12.04-21.26.29:063][633]LogModuleManager: Shutting down and abandoning module UserFeedback (141)
[2014.12.04-21.26.29:063][633]LogModuleManager: Shutting down and abandoning module XmlParser (140)
[2014.12.04-21.26.29:064][633]LogModuleManager: Shutting down and abandoning module Blutility (139)
[2014.12.04-21.26.29:064][633]LogModuleManager: Shutting down and abandoning module IOSPlatformEditor (138)
[2014.12.04-21.26.29:065][633]LogModuleManager: Shutting down and abandoning module IOSRuntimeSettings (137)
[2014.12.04-21.26.29:065][633]LogModuleManager: Shutting down and abandoning module AndroidPlatformEditor (136)
[2014.12.04-21.26.29:065][633]LogModuleManager: Shutting down and abandoning module AndroidRuntimeSettings (135)
[2014.12.04-21.26.29:065][633]LogModuleManager: Shutting down and abandoning module ProjectTargetPlatformEditor (134)
[2014.12.04-21.26.29:065][633]LogModuleManager: Shutting down and abandoning module ProjectSettingsViewer (133)
[2014.12.04-21.26.29:065][633]LogModuleManager: Shutting down and abandoning module InputBindingEditor (132)
[2014.12.04-21.26.29:068][633]LogModuleManager: Shutting down and abandoning module EditorSettingsViewer (131)
[2014.12.04-21.26.29:068][633]LogModuleManager: Shutting down and abandoning module SettingsEditor (130)
[2014.12.04-21.26.29:069][633]LogModuleManager: Shutting down and abandoning module ProjectLauncher (129)
[2014.12.04-21.26.29:070][633]LogModuleManager: Shutting down and abandoning module SessionFrontend (128)
[2014.12.04-21.26.29:071][633]LogModuleManager: Shutting down and abandoning module ProfilerClient (127)
[2014.12.04-21.26.29:072][633]LogModuleManager: Shutting down and abandoning module TargetDeviceServices (126)
[2014.12.04-21.26.29:072][633]LogModuleManager: Shutting down and abandoning module DeviceManager (125)
[2014.12.04-21.26.29:074][633]LogModuleManager: Shutting down and abandoning module AutomationController (124)
[2014.12.04-21.26.29:075][633]LogModuleManager: Shutting down and abandoning module AutomationWindow (123)
[2014.12.04-21.26.29:076][633]LogModuleManager: Shutting down and abandoning module Layers (122)
[2014.12.04-21.26.29:081][633]LogModuleManager: Shutting down and abandoning module ComponentVisualizers (121)
[2014.12.04-21.26.29:081][633]LogModuleManager: Shutting down and abandoning module DetailCustomizations (120)
[2014.12.04-21.26.29:081][633]LogModuleManager: Shutting down and abandoning module PackagesDialog (119)
[2014.12.04-21.26.29:084][633]LogModuleManager: Shutting down and abandoning module AssetRegistry (118)
[2014.12.04-21.26.29:252][633]LogModuleManager: Shutting down and abandoning module Persona (117)
[2014.12.04-21.26.29:255][633]LogModuleManager: Shutting down and abandoning module Kismet (116)
[2014.12.04-21.26.29:255][633]LogModuleManager: Shutting down and abandoning module GraphEditor (115)
[2014.12.04-21.26.29:256][633]LogModuleManager: Shutting down and abandoning module ClassViewer (114)
[2014.12.04-21.26.29:256][633]LogModuleManager: Shutting down and abandoning module Toolbox (113)
[2014.12.04-21.26.29:256][633]LogModuleManager: Shutting down and abandoning module ModuleUI (112)
[2014.12.04-21.26.29:257][633]LogModuleManager: Shutting down and abandoning module MovieSceneTools (111)
[2014.12.04-21.26.29:261][633]LogModuleManager: Shutting down and abandoning module OutputLog (110)
[2014.12.04-21.26.29:261][633]LogModuleManager: Shutting down and abandoning module GammaUI (109)
[2014.12.04-21.26.29:262][633]LogModuleManager: Shutting down and abandoning module Documentation (108)
[2014.12.04-21.26.29:262][633]LogModuleManager: Shutting down and abandoning module GameLiveStreaming (107)
[2014.12.04-21.26.29:263][633]LogModuleManager: Shutting down and abandoning module StreamingPauseRendering (106)
[2014.12.04-21.26.29:263][633]LogModuleManager: Shutting down and abandoning module HTTP (105)
[2014.12.04-21.26.29:264][633]LogModuleManager: Shutting down and abandoning module AnalyticsET (104)
[2014.12.04-21.26.29:264][633]LogModuleManager: Shutting down and abandoning module Analytics (103)
[2014.12.04-21.26.29:265][633]LogModuleManager: Shutting down and abandoning module GameplayDebugger (102)
[2014.12.04-21.26.29:265][633]LogModuleManager: Shutting down and abandoning module AIModule (101)
[2014.12.04-21.26.29:266][633]LogModuleManager: Shutting down and abandoning module ProfilerService (100)
[2014.12.04-21.26.29:373][633]LogModuleManager: Shutting down and abandoning module TaskGraph (99)
[2014.12.04-21.26.29:376][633]LogModuleManager: Shutting down and abandoning module SlateRemote (98)
[2014.12.04-21.26.29:376][633]LogModuleManager: Shutting down and abandoning module ScriptEditorPlugin (97)
[2014.12.04-21.26.29:376][633]LogModuleManager: Shutting down and abandoning module CustomMeshComponent (96)
[2014.12.04-21.26.29:376][633]LogModuleManager: Shutting down and abandoning module CableComponent (95)
[2014.12.04-21.26.29:376][633]LogModuleManager: Shutting down and abandoning module MessagingDebugger (94)
[2014.12.04-21.26.29:380][633]LogModuleManager: Shutting down and abandoning module MediaPlayerEditor (93)
[2014.12.04-21.26.29:382][633]LogModuleManager: Shutting down and abandoning module SpeedTreeImporter (92)
[2014.12.04-21.26.29:382][633]LogModuleManager: Shutting down and abandoning module PluginsEditor (91)
[2014.12.04-21.26.29:384][633]LogModuleManager: Shutting down and abandoning module EpicSurvey (90)
[2014.12.04-21.26.29:384][633]LogModuleManager: Shutting down and abandoning module DesktopPlatform (89)
[2014.12.04-21.26.29:386][633]LogModuleManager: Shutting down and abandoning module VisualStudioSourceCodeAccess (88)
[2014.12.04-21.26.29:387][633]LogModuleManager: Shutting down and abandoning module UObjectPlugin (87)
[2014.12.04-21.26.29:387][633]LogModuleManager: Shutting down and abandoning module SubversionSourceControl (86)
[2014.12.04-21.26.29:389][633]LogModuleManager: Shutting down and abandoning module SourceControl (85)
[2014.12.04-21.26.29:390][633]LogModuleManager: Shutting down and abandoning module PerforceSourceControl (84)
[2014.12.04-21.26.29:393][633]LogModuleManager: Shutting down and abandoning module BlankPlugin (83)
[2014.12.04-21.26.29:393][633]LogModuleManager: Shutting down and abandoning module SlateReflector (82)
[2014.12.04-21.26.29:395][633]LogModuleManager: Shutting down and abandoning module DirectoryWatcher (81)
[2014.12.04-21.26.29:404][633]LogModuleManager: Shutting down and abandoning module HotReload (80)
[2014.12.04-21.26.29:404][633]LogModuleManager: Shutting down and abandoning module MainFrame (79)
[2014.12.04-21.26.29:404][633]LogModuleManager: Shutting down and abandoning module LevelEditor (78)
[2014.12.04-21.26.29:408][633]LogModuleManager: Shutting down and abandoning module ViewportSnapping (77)
[2014.12.04-21.26.29:408][633]LogModuleManager: Shutting down and abandoning module SmartSnapping (76)
[2014.12.04-21.26.29:408][633]LogModuleManager: Shutting down and abandoning module PaperTiledImporter (75)
[2014.12.04-21.26.29:408][633]LogModuleManager: Shutting down and abandoning module PaperJsonImporter (74)
[2014.12.04-21.26.29:409][633]LogModuleManager: Shutting down and abandoning module ContentBrowser (73)
[2014.12.04-21.26.29:409][633]LogModuleManager: Shutting down and abandoning module PropertyEditor (72)
[2014.12.04-21.26.29:409][633]LogModuleManager: Shutting down and abandoning module Paper2DEditor (71)
[2014.12.04-21.26.29:412][633]LogModuleManager: Shutting down and abandoning module ScriptPlugin (70)
[2014.12.04-21.26.29:413][633]LogModuleManager: Shutting down and abandoning module UdpMessaging (69)
[2014.12.04-21.26.29:513][633]LogModuleManager: Shutting down and abandoning module Paper2D (68)
[2014.12.04-21.26.29:514][633]LogModuleManager: Shutting down and abandoning module WindowsMoviePlayer (67)
[2014.12.04-21.26.29:525][633]LogModuleManager: Shutting down and abandoning module Media (66)
[2014.12.04-21.26.29:525][633]LogModuleManager: Shutting down and abandoning module WmfMedia (65)
[2014.12.04-21.26.29:529][633]LogModuleManager: Shutting down and abandoning module OnlineBlueprintSupport (64)
[2014.12.04-21.26.29:529][633]LogModuleManager: Shutting down and abandoning module FunctionalTesting (63)
[2014.12.04-21.26.29:529][633]LogModuleManager: Shutting down and abandoning module CollisionAnalyzer (62)
[2014.12.04-21.26.29:531][633]LogModuleManager: Shutting down and abandoning module WorkspaceMenuStructure (61)
[2014.12.04-21.26.29:531][633]LogModuleManager: Shutting down and abandoning module MessageLog (60)
[2014.12.04-21.26.29:531][633]LogModuleManager: Shutting down and abandoning module Sequencer (59)
[2014.12.04-21.26.29:535][633]LogModuleManager: Shutting down and abandoning module AssetTools (58)
[2014.12.04-21.26.29:537][633]LogModuleManager: Shutting down and abandoning module UMGEditor (57)
[2014.12.04-21.26.29:539][633]LogModuleManager: Shutting down and abandoning module UMG (56)
[2014.12.04-21.26.29:540][633]LogModuleManager: Shutting down and abandoning module Slate (55)
[2014.12.04-21.26.29:540][633]LogModuleManager: Shutting down and abandoning module EditorStyle (54)
[2014.12.04-21.26.29:549][633]LogModuleManager: Shutting down and abandoning module SessionServices (53)
[2014.12.04-21.26.29:549][633]LogModuleManager: Shutting down and abandoning module SourceCodeAccess (52)
[2014.12.04-21.26.29:549][633]LogModuleManager: Shutting down and abandoning module HeadMountedDisplay (51)
[2014.12.04-21.26.29:550][633]LogModuleManager: Shutting down and abandoning module XAudio2 (50)
[2014.12.04-21.26.29:550][633]LogModuleManager: Shutting down and abandoning module Networking (48)
[2014.12.04-21.26.29:550][633]LogModuleManager: Shutting down and abandoning module Core (47)
[2014.12.04-21.26.29:550][633]LogModuleManager: Shutting down and abandoning module KismetCompiler (46)
[2014.12.04-21.26.29:550][633]LogModuleManager: Shutting down and abandoning module PhysXFormats (45)
[2014.12.04-21.26.29:550][633]LogModuleManager: Shutting down and abandoning module MeshUtilities (44)
[2014.12.04-21.26.29:551][633]LogModuleManager: Shutting down and abandoning module DerivedDataCache (43)
[2014.12.04-21.26.29:596][633]LogDerivedDataCache: Shutdown
[2014.12.04-21.26.29:596][633]LogModuleManager: Shutting down and abandoning module ShaderFormatOpenGL (42)
[2014.12.04-21.26.29:597][633]LogModuleManager: Shutting down and abandoning module ShaderFormatD3D (41)
[2014.12.04-21.26.29:598][633]LogModuleManager: Shutting down and abandoning module MetalShaderFormat (40)
[2014.12.04-21.26.29:599][633]LogModuleManager: Shutting down and abandoning module TextureFormatUncompressed (39)
[2014.12.04-21.26.29:599][633]LogModuleManager: Shutting down and abandoning module TextureFormatPVR (38)
[2014.12.04-21.26.29:600][633]LogModuleManager: Shutting down and abandoning module TextureFormatDXT (37)
[2014.12.04-21.26.29:600][633]LogModuleManager: Shutting down and abandoning module TextureFormatAndroid (36)
[2014.12.04-21.26.29:600][633]LogModuleManager: Shutting down and abandoning module AudioFormatOpus (35)
[2014.12.04-21.26.29:601][633]LogModuleManager: Shutting down and abandoning module AudioFormatOgg (34)
[2014.12.04-21.26.29:601][633]LogModuleManager: Shutting down and abandoning module AudioFormatADPCM (33)
[2014.12.04-21.26.29:601][633]LogModuleManager: Shutting down and abandoning module Messaging (32)
[2014.12.04-21.26.29:601][633]LogModuleManager: Shutting down and abandoning module IOSTargetPlatform (31)
[2014.12.04-21.26.29:601][633]LogModuleManager: Shutting down and abandoning module Android_PVRTCTargetPlatform (30)
[2014.12.04-21.26.29:601][633]LogModuleManager: Shutting down and abandoning module Android_ETC2TargetPlatform (29)
[2014.12.04-21.26.29:601][633]LogModuleManager: Shutting down and abandoning module Android_ETC1TargetPlatform (28)
[2014.12.04-21.26.29:601][633]LogModuleManager: Shutting down and abandoning module Android_DXTTargetPlatform (27)
[2014.12.04-21.26.29:601][633]LogModuleManager: Shutting down and abandoning module Android_ATCTargetPlatform (26)
[2014.12.04-21.26.29:601][633]LogModuleManager: Shutting down and abandoning module AndroidTargetPlatform (25)
[2014.12.04-21.26.29:601][633]LogModuleManager: Shutting down and abandoning module WindowsTargetPlatform (24)
[2014.12.04-21.26.29:601][633]LogModuleManager: Shutting down and abandoning module WindowsServerTargetPlatform (23)
[2014.12.04-21.26.29:601][633]LogModuleManager: Shutting down and abandoning module WindowsNoEditorTargetPlatform (22)
[2014.12.04-21.26.29:601][633]LogModuleManager: Shutting down and abandoning module WindowsClientTargetPlatform (21)
[2014.12.04-21.26.29:601][633]LogModuleManager: Shutting down and abandoning module TargetPlatform (20)
[2014.12.04-21.26.29:601][633]LogModuleManager: Shutting down and abandoning module InputCore (19)
[2014.12.04-21.26.29:601][633]LogModuleManager: Shutting down and abandoning module Settings (18)
[2014.12.04-21.26.29:602][633]LogModuleManager: Shutting down and abandoning module ImageWrapper (17)
[2014.12.04-21.26.29:602][633]LogModuleManager: Shutting down and abandoning module OculusRift (14)
[2014.12.04-21.26.29:604][633]LogModuleManager: Shutting down and abandoning module ExampleDeviceProfileSelector (13)
[2014.12.04-21.26.29:604][633]LogModuleManager: Shutting down and abandoning module TextureCompressor (12)
[2014.12.04-21.26.29:604][633]LogModuleManager: Shutting down and abandoning module ShaderCore (11)
[2014.12.04-21.26.29:604][633]LogModuleManager: Shutting down and abandoning module SlateRHIRenderer (10)
[2014.12.04-21.26.29:610][633]LogModuleManager: Shutting down and abandoning module OpenGLDrv (9)
[2014.12.04-21.26.29:610][633]LogModuleManager: Shutting down and abandoning module D3D11RHI (8)
[2014.12.04-21.26.29:610][633]LogModuleManager: Shutting down and abandoning module Renderer (7)
[2014.12.04-21.26.29:610][633]LogModuleManager: Shutting down and abandoning module Engine (6)
[2014.12.04-21.26.29:610][633]LogModuleManager: Shutting down and abandoning module CoreUObject (5)
[2014.12.04-21.26.29:610][633]LogModuleManager: Shutting down and abandoning module NetworkFile (4)
[2014.12.04-21.26.29:612][633]LogModuleManager: Shutting down and abandoning module StreamingFile (3)
[2014.12.04-21.26.29:614][633]LogModuleManager: Shutting down and abandoning module SandboxFile (2)
[2014.12.04-21.26.29:614][633]LogModuleManager: Shutting down and abandoning module PakFile (1)
[2014.12.04-21.26.29:616][633]LogExit: Exiting.
[2014.12.04-21.26.29:663][633]Log file closed, 12/04/14 13:26:29
