Log file open, 11/24/14 02:28:36
LogInit:Display: Running engine for game: Trial_third_person
LogInit: Version: 4.5.1-2336687+++depot+UE4-Releases+4.5
LogInit: API Version: 2326478
LogInit: Compiled (64-bit): Oct 21 2014 22:32:40
LogInit: Compiled with Visual C++: 18.00.21005.01
LogInit: Build Configuration: Development
LogInit: Branch Name: ++depot+UE4-Releases+4.5
LogInit: Command line:  
LogInit: Base directory: C:/Program Files/Epic Games/4.5/Engine/Binaries/Win64/
LogInit: Rocket: 1
[2014.11.24-10.28.36:946][  0]LogTaskGraph: Started task graph with 3 named threads and 4 total threads.
[2014.11.24-10.28.36:976][  0]LogOnline:Warning: No default platform service specified for OnlineSubsystem
[2014.11.24-10.28.36:993][  0]LogInit: Presizing for 0 objects not considered by GC, pre-allocating 0 bytes.
[2014.11.24-10.28.37:003][  0]LogInit: Object subsystem initialized
[2014.11.24-10.28.37:006][  0]LogConsoleResponse:Warning: Skipping Unknown console variable: 'UIScaleRule = ShortestSide'
[2014.11.24-10.28.37:006][  0]LogConsoleResponse:Warning:   Found in ini file 'C:/Users/User/Documents/GitHub/Study-Session/Trial_third_person/Saved/Config/Windows/Engine.ini', in section '[/Script/Engine.RendererSettings]'
[2014.11.24-10.28.37:007][  0]LogConsoleResponse:Warning: Skipping Unknown console variable: 'UIScaleCurve = (EditorCurveData=(Keys=((Time=480.000000,Value=0.444000),(Time=720.000000,Value=0.666000),(Time=1080.000000,Value=1.000000),(Time=8640.000000,Value=8.000000))),ExternalCurve=None)'
[2014.11.24-10.28.37:007][  0]LogConsoleResponse:Warning:   Found in ini file 'C:/Users/User/Documents/GitHub/Study-Session/Trial_third_person/Saved/Config/Windows/Engine.ini', in section '[/Script/Engine.RendererSettings]'
[2014.11.24-10.28.37:007][  0]LogInit: Selected Device Profile: [Windows]
[2014.11.24-10.28.37:007][  0]LogInit: Applying CVar settings loaded from the selected device profile: [Windows]
[2014.11.24-10.28.37:015][  0]LogInit: Computer: USER-PC
[2014.11.24-10.28.37:015][  0]LogInit: User: User
[2014.11.24-10.28.37:015][  0]LogInit: CPU Page size=4096, Cores=2
[2014.11.24-10.28.37:015][  0]LogInit: High frequency timer resolution =2.435947 MHz
[2014.11.24-10.28.37:015][  0]LogMemory: Memory total: Physical=7.8GB (8GB approx) Virtual=8192.0GB
[2014.11.24-10.28.37:016][  0]LogMemory: Platform Memory Stats for Windows
[2014.11.24-10.28.37:016][  0]LogMemory: Process Physical Memory: 63.39 MB used, 63.39 MB peak
[2014.11.24-10.28.37:016][  0]LogMemory: Process Virtual Memory: 38.48 MB used, 38.48 MB peak
[2014.11.24-10.28.37:016][  0]LogMemory: Physical Memory: 3024.65 MB used, 7969.14 MB total
[2014.11.24-10.28.37:016][  0]LogMemory: Virtual Memory: 272.46 MB used, 8388608.00 MB total
[2014.11.24-10.28.37:033][  0]LogD3D11RHI: Found D3D11 adapter 0: Intel(R) HD Graphics 3000 (Feature Level 10_0)
[2014.11.24-10.28.37:033][  0]LogD3D11RHI: Adapter has 192MB of dedicated video memory, 0MB of dedicated system memory, and 1568MB of shared system memory, 1 output[s]
[2014.11.24-10.28.37:033][  0]LogD3D11RHI: Chosen D3D11 Adapter Id = 0
[2014.11.24-10.28.37:038][  0]LogRHI: Texture pool is 683 MB (70% of 976 MB)
[2014.11.24-10.28.37:041][  0]LogD3D11RHI: Async texture creation enabled
[2014.11.24-10.28.37:080][  0]LogTextLocalizationManager: The requested culture ('en_US') has no localization data; parent culture's ('en') localization data will be used.
[2014.11.24-10.28.37:223][  0]LogContentStreaming: Texture pool size is 0.000000MB
[2014.11.24-10.28.42:461][  0]LogTargetPlatformManager:Display: Building Assets For Windows
[2014.11.24-10.28.42:899][  0]LogTargetPlatformManager:Display: Building Assets For Windows
[2014.11.24-10.28.42:950][  0]LogDerivedDataCache:Display: Max Cache Size: 512 MB
[2014.11.24-10.28.42:994][  0]LogDerivedDataCache: Loaded boot cache 0.04s 36MB C:/Users/User/AppData/Local/UnrealEngine/4.5/DerivedDataCache/Boot.ddc.
[2014.11.24-10.28.42:994][  0]LogDerivedDataCache:Display: Loaded Boot cache: C:/Users/User/AppData/Local/UnrealEngine/4.5/DerivedDataCache/Boot.ddc
[2014.11.24-10.28.42:994][  0]LogDerivedDataCache: FDerivedDataBackendGraph:  Pak pak cache file ../../../../../../Users/User/Documents/GitHub/Study-Session/Trial_third_person/DerivedDataCache/DDC.ddp not found, will not use a pak cache.
[2014.11.24-10.28.42:994][  0]LogDerivedDataCache: Unable to find inner node Pak for hierarchical cache Hierarchy.
[2014.11.24-10.28.43:067][  0]LogDerivedDataCache:Display: Pak cache opened for reading ../../../Engine/DerivedDataCache/DDC.ddp.
[2014.11.24-10.28.43:079][  0]LogDerivedDataCache: Using Local data cache path C:/Users/User/AppData/Local/UnrealEngine/Common/DerivedDataCache: Writable
[2014.11.24-10.28.43:267][  0]LogMeshUtilities: No automatic mesh reduction module available
[2014.11.24-10.28.43:267][  0]LogMeshUtilities: No automatic mesh merging module available
[2014.11.24-10.28.43:534][  0]LogLinker:Warning: Asset '../../../Engine/Content/Functions/Engine_MaterialFunctions02/Texturing/FlipBook.uasset' has been saved with empty engine version. The asset will be loaded but may be incompatible.
[2014.11.24-10.28.43:538][  0]LogLinker:Warning: Asset '../../../Engine/Content/Functions/Engine_MaterialFunctions02/ExampleContent/Textures/flipbook.uasset' has been saved with empty engine version. The asset will be loaded but may be incompatible.
[2014.11.24-10.28.43:714][  0]LogInit: WinSock: version 1.1 (2.2), MaxSocks=32767, MaxUdp=65467
[2014.11.24-10.28.44:544][  0]UdpMessaging: Initializing bridge on interface 0.0.0.0:0 to multicast group 230.0.0.1:6666.
[2014.11.24-10.28.44:710][  0]LogDirectoryWatcher:Warning: Failed to begin reading directory changes for C:/Users/User/Documents/GitHub/Study-Session/Trial_third_person/Binaries/Win64. Error: 0
[2014.11.24-10.28.44:843][  0]SourceControl: Info Source control is disabled
[2014.11.24-10.28.44:843][  0]SourceControl: Info Source control is disabled
[2014.11.24-10.28.44:850][  0]SourceControl: Info Source control is disabled
[2014.11.24-10.28.44:961][  0]LogObj: 22915 objects as part of root set at end of initial load.
[2014.11.24-10.28.44:961][  0]LogUObjectAllocator: 4803536 out of 0 bytes used by permanent object pool.
[2014.11.24-10.28.45:017][  0]LogEngine: Initializing Engine...
[2014.11.24-10.28.45:161][  0]LogInit: XAudio2 using 'Speakers (Realtek High Definition Audio)' : 2 channels at 48 kHz using 32 bits per sample (channel mask 0x3)
[2014.11.24-10.28.45:189][  0]LogInit: FAudioDevice initialized.
[2014.11.24-10.28.45:211][  0]LogAIModule: Creating AISystem for world NewWorld
[2014.11.24-10.28.45:234][  0]LogDerivedDataCache: Saved boot cache 0.02s 36MB C:/Users/User/AppData/Local/UnrealEngine/4.5/DerivedDataCache/Boot.ddc.
[2014.11.24-10.28.45:240][  0]LogInit: Texture streaming: Enabled
[2014.11.24-10.28.45:283][  0]LogInit: Transaction tracking system initialized
[2014.11.24-10.28.45:374][  0]BlueprintLog: New page: Editor Load
[2014.11.24-10.28.45:402][  0]LogAssetRegistry: FAssetRegistry took 0.0097 seconds to start up
[2014.11.24-10.28.45:402][  0]LogDirectoryWatcher:Warning: Failed to begin reading directory changes for ../../../Engine/Plugins/Experimental/CharacterAI/Content/. Error: 0
[2014.11.24-10.28.45:982][  0]LogTargetPlatformManager:Display: Building Assets For Windows
[2014.11.24-10.28.46:421][  0]LogTargetPlatformManager:Display: Building Assets For Windows
[2014.11.24-10.28.46:667][  0]LogConsoleResponse:Display: 
[2014.11.24-10.28.46:867][  0]SourceControl: Info Source control is disabled
[2014.11.24-10.28.46:867][  0]Cmd: MAP LOAD FILE="../../../../../../Users/User/Documents/GitHub/Study-Session/Trial_third_person/Content/Maps/Example_Map.umap" TEMPLATE=0 SHOWPROGRESS=1
[2014.11.24-10.28.46:867][  0]LightingResults: New page: Lighting Build
[2014.11.24-10.28.46:876][  0]MapCheck: New page: Map Check
[2014.11.24-10.28.46:876][  0]LightingResults: New page: Lighting Build
[2014.11.24-10.28.46:902][  0]LogParticles: Destroying 0 GPU particle simulations for FXSystem 0x00000000146085E0
[2014.11.24-10.28.47:185][  0]LogEditorServer: Finished looking for orphan Actors (0.000 secs)
[2014.11.24-10.28.47:185][  0]LogAIModule: Creating AISystem for world Example_Map
[2014.11.24-10.28.47:185][  0]Cmd: MAP CHECKDEP
[2014.11.24-10.28.47:186][  0]MapCheck: New page: Example_Map - Nov 23, 2014, 6:28:47 PM
[2014.11.24-10.28.47:296][  0]MapCheck: Info Map check complete: 0 Error(s), 0 Warning(s), took 110.743ms to complete.
[2014.11.24-10.28.47:296][  0]LogFileHelpers: Loading map 'Example_Map' took 0.430
[2014.11.24-10.28.47:370][  0]LogCollectionManager: Loaded 0 collections in 0.001053 seconds
[2014.11.24-10.28.47:481][  0]LogCrashTracker: Crashtracker disabled due to settings.
[2014.11.24-10.28.47:511][  0]LogUObjectGlobals:Warning: Failed to find object 'Class None.'
[2014.11.24-10.28.47:539][  0]LogLoad: Full Startup: 12.78 seconds (BP compile: 0.07 seconds)
[2014.11.24-10.28.47:883][  0]LogContentBrowser:Verbose: The content browser source was changed by the sources view to '/Game/Maps'
[2014.11.24-10.28.48:023][  0]LogRenderer:Warning: Reallocating scene render targets to support 688x592.
[2014.11.24-10.28.48:699][  3]LogAssetRegistry: Asset discovery search completed in 3.3077 seconds
[2014.11.24-10.28.58:077][288]LogContentBrowser:Verbose: The content browser source was changed by the sources view to '/Game/Character'
[2014.11.24-10.28.58:869][335]LogContentBrowser:Verbose: The content browser source was changed by the sources view to '/Game/Blueprints'
[2014.11.24-10.29.00:359][422]LogContentBrowser:Verbose: The content browser source was changed by the sources view to '/Game/Character'
[2014.11.24-10.29.06:375][530]LogFactory: FactoryCreateBinary: StaticMesh with FbxFactory (0 0 ../../../../../../Users/User/Documents/GitHub/Study-Session/Trial_third_person/Content/Character/CATS/cat2.fbx)
[2014.11.24-10.29.06:382][530]LogFbx: ItemName: GlobalSettings, ItemCount : 1
[2014.11.24-10.29.06:382][530]LogFbx: ItemName: Geometry, ItemCount : 1
[2014.11.24-10.29.06:382][530]LogFbx: ItemName: Model, ItemCount : 1
[2014.11.24-10.29.06:382][530]LogFbx: ItemName: Material, ItemCount : 2
[2014.11.24-10.29.06:382][530]LogFbx: ItemName: Texture, ItemCount : 1
[2014.11.24-10.29.06:382][530]LogFbx: ItemName: Video, ItemCount : 1
[2014.11.24-10.29.14:518][530]LogFbx: Loading FBX Scene from ../../../../../../Users/User/Documents/GitHub/Study-Session/Trial_third_person/Content/Character/CATS/cat2.fbx
[2014.11.24-10.29.14:593][530]LogFbx: FBX Scene Loaded Succesfully
[2014.11.24-10.29.14:601][530]LogFbx:Warning: Triangulating static mesh Sphere.007
[2014.11.24-10.29.43:433][530]LogFbx: == Initial material list:
[2014.11.24-10.29.43:433][530]LogFbx: 0: Material
[2014.11.24-10.29.43:433][530]LogFbx: 1: Material.001
[2014.11.24-10.29.43:433][530]LogFbx: == After sorting:
[2014.11.24-10.29.43:433][530]LogFbx: 0: Material
[2014.11.24-10.29.43:434][530]LogFbx: 1: Material.001
[2014.11.24-10.29.43:434][530]LogFbx: == Mapping table:
[2014.11.24-10.29.43:434][530]LogFbx:   sort 0 -> 0
[2014.11.24-10.29.43:434][530]LogFbx:   sort 1 -> 1
[2014.11.24-10.29.43:521][530]LogStaticMesh: Building static mesh cat2...
[2014.11.24-10.29.44:285][530]LogLayoutUV:Display: FindCharts: 214 ms
[2014.11.24-10.29.44:450][530]LogLayoutUV:Display: PackCharts: 121 ms
[2014.11.24-10.29.44:450][530]LogLayoutUV:Display:   Rasterize: 232867
[2014.11.24-10.29.44:450][530]LogLayoutUV:Display:   Find: 62470
[2014.11.24-10.29.44:724][530]LogLayoutUV:Display: PackCharts: 123 ms
[2014.11.24-10.29.44:724][530]LogLayoutUV:Display:   Rasterize: 229580
[2014.11.24-10.29.44:724][530]LogLayoutUV:Display:   Find: 69843
[2014.11.24-10.29.44:967][530]LogLayoutUV:Display: PackCharts: 127 ms
[2014.11.24-10.29.44:967][530]LogLayoutUV:Display:   Rasterize: 237633
[2014.11.24-10.29.44:967][530]LogLayoutUV:Display:   Find: 72618
[2014.11.24-10.29.45:214][530]LogLayoutUV:Display: PackCharts: 128 ms
[2014.11.24-10.29.45:214][530]LogLayoutUV:Display:   Rasterize: 238536
[2014.11.24-10.29.45:214][530]LogLayoutUV:Display:   Find: 71791
[2014.11.24-10.30.26:709][530]LogStaticMesh: Built static mesh [43188.753906ms] /Game/Character/cat2.cat2
[2014.11.24-10.30.27:216][530]FBXImport:Warning: Warning Warning: No smoothing group information was found in this FBX scene.  Please make sure to enable the 'Export Smoothing Groups' option in the FBX Exporter plug-in before exporting the file.  Even for tools that don't support smoothing groups, the FBX Exporter will generate appropriate smoothing data at export-time so that correct vertex normals can be inferred while importing. 
[2014.11.24-10.30.27:983][530]LogContentBrowser:Verbose: The content browser source was changed by the sources view to 'None'
[2014.11.24-10.30.27:983][530]LogContentBrowser:Verbose: The content browser source was changed by the sources view to '/Game/Character'
[2014.11.24-10.32.35:197][702]LogFactory: FactoryCreateBinary: StaticMesh with FbxFactory (0 0 ../../../../../../Users/User/Documents/GitHub/Study-Session/Trial_third_person/Content/Character/newCharachter.fbx)
[2014.11.24-10.32.35:230][702]LogFbx: ItemName: GlobalSettings, ItemCount : 1
[2014.11.24-10.32.35:230][702]LogFbx: ItemName: NodeAttribute, ItemCount : 6
[2014.11.24-10.32.35:231][702]LogFbx: ItemName: Geometry, ItemCount : 1
[2014.11.24-10.32.35:231][702]LogFbx: ItemName: Model, ItemCount : 8
[2014.11.24-10.32.42:471][702]LogFbx: Loading FBX Scene from ../../../../../../Users/User/Documents/GitHub/Study-Session/Trial_third_person/Content/Character/newCharachter.fbx
[2014.11.24-10.32.42:487][702]LogFbx: FBX Scene Loaded Succesfully
[2014.11.24-10.32.42:490][702]LogFbx: =================================================
[2014.11.24-10.32.42:490][702]LogFbx: Dumping Node START [Sphere] 
[2014.11.24-10.32.42:490][702]LogFbx: 	Total Deformer Count 733853280.
[2014.11.24-10.32.42:490][702]LogFbx: 	Attribute (Sphere.001) Type (4).
[2014.11.24-10.32.42:490][702]LogFbx: 		[Node Attribute Child 1] Sphere (Type Mesh).
[2014.11.24-10.32.42:490][702]LogFbx: Dumping Node END [Sphere]
[2014.11.24-10.32.42:490][702]LogFbx: =================================================
[2014.11.24-10.32.42:490][702]LogFbx: Dumping Node START [Sphere] 
[2014.11.24-10.32.42:490][702]LogFbx: 	Total Deformer Count 733840344.
[2014.11.24-10.32.42:490][702]LogFbx: 	Attribute (Sphere.001) Type (4).
[2014.11.24-10.32.42:490][702]LogFbx: 		[Node Attribute Child 1] Sphere (Type Mesh).
[2014.11.24-10.32.42:490][702]LogFbx: Dumping Node END [Sphere]
[2014.11.24-10.32.42:524][702]LogFbx: Triangulating skeletal mesh Sphere
[2014.11.24-10.32.43:533][702]LogFbx:Warning: Bones digested - 1  Depth of hierarchy - 1
[2014.11.24-10.32.43:651][702]LogSkeletalMesh: Chunk 0: 2436 rigid vertices, 0 soft vertices, 1 active bones
[2014.11.24-10.32.43:836][702]LogSkeletalMesh: Section 0: Material=0, Chunk=0, 4780 triangles
[2014.11.24-10.32.43:849][702]LogLinker:Warning: Can't find file '/Game/Character/newCharachter_PhysicsAsset'
[2014.11.24-10.32.43:849][702]LogUObjectGlobals:Warning: Failed to find object 'Object /Game/Character/newCharachter_PhysicsAsset.newCharachter_PhysicsAsset'
[2014.11.24-10.32.43:895][702]LogLinker:Warning: Can't find file '/Game/Character/newCharachter_Skeleton'
[2014.11.24-10.32.43:896][702]LogUObjectGlobals:Warning: Failed to find object 'Object /Game/Character/newCharachter_Skeleton.newCharachter_Skeleton'
[2014.11.24-10.32.43:907][702]FBXImport:Warning: Warning Warning: No smoothing group information was found in this FBX scene.  Please make sure to enable the 'Export Smoothing Groups' option in the FBX Exporter plug-in before exporting the file.  Even for tools that don't support smoothing groups, the FBX Exporter will generate appropriate smoothing data at export-time so that correct vertex normals can be inferred while importing. 
[2014.11.24-10.32.43:907][702]FBXImport:Warning: Warning Could not find the bind pose.  It will use time 0 as bind pose. 
[2014.11.24-10.32.43:907][702]FBXImport:Warning: Warning Mesh 'Sphere' has no UV set. Creating a default set. 
[2014.11.24-10.32.43:919][702]LogContentBrowser:Verbose: The content browser source was changed by the sources view to 'None'
[2014.11.24-10.32.43:920][702]LogContentBrowser:Verbose: The content browser source was changed by the sources view to '/Game/Character'
[2014.11.24-10.33.00:820][168]LogSkeletalMesh: InitArticulated: Bodies already created (/Engine/Transient.DebugSkelMeshComponent_0) - call TermArticulated first.
[2014.11.24-10.33.29:264][951]LogEditorViewport: Clicking on Actor (LMB): StaticMeshActor (MaterialSphere_2)
[2014.11.24-10.33.30:514][  5]LogActorFactory: Actor Factory created cat2
[2014.11.24-10.33.31:411][ 18]LogActorFactory: Actor Factory created cat2
[2014.11.24-10.34.04:170][182]LogParticles: Destroying 0 GPU particle simulations for FXSystem 0x000000002BBD2DE0
[2014.11.24-10.34.04:170][182]LogParticles: Destroying 0 GPU particle simulations for FXSystem 0x000000002BBEFE20
[2014.11.24-10.34.06:558][183]Cmd: QUIT_EDITOR
[2014.11.24-10.34.06:940][183]LogExit: Preparing to exit.
[2014.11.24-10.34.07:690][183]LogExit: Editor shut down
[2014.11.24-10.34.07:690][183]LogExit: Transaction tracking system shut down
[2014.11.24-10.34.07:722][183]LogParticles: Destroying 0 GPU particle simulations for FXSystem 0x0000000010DAC180
[2014.11.24-10.34.07:722][183]LogParticles: Destroying 0 GPU particle simulations for FXSystem 0x000000002904F6A0
[2014.11.24-10.34.07:722][183]LogParticles: Destroying 0 GPU particle simulations for FXSystem 0x000000002BBEC4A0
[2014.11.24-10.34.07:722][183]LogParticles: Destroying 0 GPU particle simulations for FXSystem 0x0000000029184D60
[2014.11.24-10.34.07:722][183]LogExit: Object subsystem successfully closed.
[2014.11.24-10.34.07:776][183]LogModuleManager: Shutting down and abandoning module StaticMeshEditor (167)
[2014.11.24-10.34.07:776][183]LogModuleManager: Shutting down and abandoning module AndroidDeviceDetection (166)
[2014.11.24-10.34.07:776][183]LogModuleManager: Shutting down and abandoning module CrashTracker (165)
[2014.11.24-10.34.07:776][183]LogModuleManager: Shutting down and abandoning module SuperSearch (164)
[2014.11.24-10.34.07:776][183]LogModuleManager: Shutting down and abandoning module SceneOutliner (163)
[2014.11.24-10.34.07:776][183]LogModuleManager: Shutting down and abandoning module EditorWidgets (162)
[2014.11.24-10.34.07:776][183]LogModuleManager: Shutting down and abandoning module CollectionManager (161)
[2014.11.24-10.34.07:776][183]LogModuleManager: Shutting down and abandoning module StatsViewer (160)
[2014.11.24-10.34.07:776][183]LogModuleManager: Shutting down and abandoning module FoliageEdit (159)
[2014.11.24-10.34.07:776][183]LogModuleManager: Shutting down and abandoning module LandscapeEditor (158)
[2014.11.24-10.34.07:776][183]LogModuleManager: Shutting down and abandoning module MeshPaint (157)
[2014.11.24-10.34.07:776][183]LogModuleManager: Shutting down and abandoning module ActorPickerMode (156)
[2014.11.24-10.34.07:776][183]LogModuleManager: Shutting down and abandoning module GeometryMode (155)
[2014.11.24-10.34.07:776][183]LogModuleManager: Shutting down and abandoning module TextureAlignMode (154)
[2014.11.24-10.34.07:776][183]LogModuleManager: Shutting down and abandoning module BspMode (153)
[2014.11.24-10.34.07:776][183]LogModuleManager: Shutting down and abandoning module PlacementMode (152)
[2014.11.24-10.34.07:776][183]LogModuleManager: Shutting down and abandoning module AutomationWorker (151)
[2014.11.24-10.34.07:776][183]LogModuleManager: Shutting down and abandoning module CharacterAI (150)
[2014.11.24-10.34.07:776][183]LogModuleManager: Shutting down and abandoning module GameProjectGeneration (149)
[2014.11.24-10.34.07:776][183]LogModuleManager: Shutting down and abandoning module IntroTutorials (148)
[2014.11.24-10.34.07:776][183]LogModuleManager: Shutting down and abandoning module EditorLiveStreaming (147)
[2014.11.24-10.34.07:776][183]LogModuleManager: Shutting down and abandoning module HardwareTargeting (146)
[2014.11.24-10.34.07:776][183]LogModuleManager: Shutting down and abandoning module BehaviorTreeEditor (145)
[2014.11.24-10.34.07:776][183]LogModuleManager: Shutting down and abandoning module DeviceProfileEditor (144)
[2014.11.24-10.34.07:776][183]LogModuleManager: Shutting down and abandoning module UndoHistory (143)
[2014.11.24-10.34.07:776][183]LogModuleManager: Shutting down and abandoning module GameplayTagsEditor (142)
[2014.11.24-10.34.07:776][183]LogModuleManager: Shutting down and abandoning module UserFeedback (141)
[2014.11.24-10.34.07:776][183]LogModuleManager: Shutting down and abandoning module XmlParser (140)
[2014.11.24-10.34.07:776][183]LogModuleManager: Shutting down and abandoning module Blutility (139)
[2014.11.24-10.34.07:776][183]LogModuleManager: Shutting down and abandoning module IOSPlatformEditor (138)
[2014.11.24-10.34.07:776][183]LogModuleManager: Shutting down and abandoning module IOSRuntimeSettings (137)
[2014.11.24-10.34.07:776][183]LogModuleManager: Shutting down and abandoning module AndroidPlatformEditor (136)
[2014.11.24-10.34.07:776][183]LogModuleManager: Shutting down and abandoning module AndroidRuntimeSettings (135)
[2014.11.24-10.34.07:776][183]LogModuleManager: Shutting down and abandoning module ProjectTargetPlatformEditor (134)
[2014.11.24-10.34.07:776][183]LogModuleManager: Shutting down and abandoning module ProjectSettingsViewer (133)
[2014.11.24-10.34.07:776][183]LogModuleManager: Shutting down and abandoning module InputBindingEditor (132)
[2014.11.24-10.34.07:777][183]LogModuleManager: Shutting down and abandoning module EditorSettingsViewer (131)
[2014.11.24-10.34.07:777][183]LogModuleManager: Shutting down and abandoning module SettingsEditor (130)
[2014.11.24-10.34.07:777][183]LogModuleManager: Shutting down and abandoning module ProjectLauncher (129)
[2014.11.24-10.34.07:777][183]LogModuleManager: Shutting down and abandoning module SessionFrontend (128)
[2014.11.24-10.34.07:777][183]LogModuleManager: Shutting down and abandoning module ProfilerClient (127)
[2014.11.24-10.34.07:777][183]LogModuleManager: Shutting down and abandoning module TargetDeviceServices (126)
[2014.11.24-10.34.07:777][183]LogModuleManager: Shutting down and abandoning module DeviceManager (125)
[2014.11.24-10.34.07:777][183]LogModuleManager: Shutting down and abandoning module AutomationController (124)
[2014.11.24-10.34.07:777][183]LogModuleManager: Shutting down and abandoning module AutomationWindow (123)
[2014.11.24-10.34.07:777][183]LogModuleManager: Shutting down and abandoning module Layers (122)
[2014.11.24-10.34.07:777][183]LogModuleManager: Shutting down and abandoning module ComponentVisualizers (121)
[2014.11.24-10.34.07:777][183]LogModuleManager: Shutting down and abandoning module DetailCustomizations (120)
[2014.11.24-10.34.07:777][183]LogModuleManager: Shutting down and abandoning module PackagesDialog (119)
[2014.11.24-10.34.07:777][183]LogModuleManager: Shutting down and abandoning module AssetRegistry (118)
[2014.11.24-10.34.07:863][183]LogModuleManager: Shutting down and abandoning module Persona (117)
[2014.11.24-10.34.07:863][183]LogModuleManager: Shutting down and abandoning module Kismet (116)
[2014.11.24-10.34.07:863][183]LogModuleManager: Shutting down and abandoning module GraphEditor (115)
[2014.11.24-10.34.07:863][183]LogModuleManager: Shutting down and abandoning module ClassViewer (114)
[2014.11.24-10.34.07:863][183]LogModuleManager: Shutting down and abandoning module Toolbox (113)
[2014.11.24-10.34.07:864][183]LogModuleManager: Shutting down and abandoning module ModuleUI (112)
[2014.11.24-10.34.07:864][183]LogModuleManager: Shutting down and abandoning module MovieSceneTools (111)
[2014.11.24-10.34.07:864][183]LogModuleManager: Shutting down and abandoning module OutputLog (110)
[2014.11.24-10.34.07:864][183]LogModuleManager: Shutting down and abandoning module GammaUI (109)
[2014.11.24-10.34.07:864][183]LogModuleManager: Shutting down and abandoning module Documentation (108)
[2014.11.24-10.34.07:864][183]LogModuleManager: Shutting down and abandoning module GameLiveStreaming (107)
[2014.11.24-10.34.07:864][183]LogModuleManager: Shutting down and abandoning module StreamingPauseRendering (106)
[2014.11.24-10.34.07:864][183]LogModuleManager: Shutting down and abandoning module HTTP (105)
[2014.11.24-10.34.07:864][183]LogModuleManager: Shutting down and abandoning module AnalyticsET (104)
[2014.11.24-10.34.07:864][183]LogModuleManager: Shutting down and abandoning module Analytics (103)
[2014.11.24-10.34.07:864][183]LogModuleManager: Shutting down and abandoning module GameplayDebugger (102)
[2014.11.24-10.34.07:864][183]LogModuleManager: Shutting down and abandoning module AIModule (101)
[2014.11.24-10.34.07:864][183]LogModuleManager: Shutting down and abandoning module ProfilerService (100)
[2014.11.24-10.34.08:047][183]LogModuleManager: Shutting down and abandoning module TaskGraph (99)
[2014.11.24-10.34.08:047][183]LogModuleManager: Shutting down and abandoning module SlateRemote (98)
[2014.11.24-10.34.08:047][183]LogModuleManager: Shutting down and abandoning module ScriptEditorPlugin (97)
[2014.11.24-10.34.08:047][183]LogModuleManager: Shutting down and abandoning module CustomMeshComponent (96)
[2014.11.24-10.34.08:047][183]LogModuleManager: Shutting down and abandoning module CableComponent (95)
[2014.11.24-10.34.08:047][183]LogModuleManager: Shutting down and abandoning module MessagingDebugger (94)
[2014.11.24-10.34.08:047][183]LogModuleManager: Shutting down and abandoning module MediaPlayerEditor (93)
[2014.11.24-10.34.08:047][183]LogModuleManager: Shutting down and abandoning module SpeedTreeImporter (92)
[2014.11.24-10.34.08:047][183]LogModuleManager: Shutting down and abandoning module PluginsEditor (91)
[2014.11.24-10.34.08:047][183]LogModuleManager: Shutting down and abandoning module EpicSurvey (90)
[2014.11.24-10.34.08:047][183]LogModuleManager: Shutting down and abandoning module DesktopPlatform (89)
[2014.11.24-10.34.08:047][183]LogModuleManager: Shutting down and abandoning module VisualStudioSourceCodeAccess (88)
[2014.11.24-10.34.08:047][183]LogModuleManager: Shutting down and abandoning module UObjectPlugin (87)
[2014.11.24-10.34.08:047][183]LogModuleManager: Shutting down and abandoning module SubversionSourceControl (86)
[2014.11.24-10.34.08:047][183]LogModuleManager: Shutting down and abandoning module SourceControl (85)
[2014.11.24-10.34.08:047][183]LogModuleManager: Shutting down and abandoning module PerforceSourceControl (84)
[2014.11.24-10.34.08:047][183]LogModuleManager: Shutting down and abandoning module BlankPlugin (83)
[2014.11.24-10.34.08:047][183]LogModuleManager: Shutting down and abandoning module SlateReflector (82)
[2014.11.24-10.34.08:047][183]LogModuleManager: Shutting down and abandoning module DirectoryWatcher (81)
[2014.11.24-10.34.08:047][183]LogModuleManager: Shutting down and abandoning module HotReload (80)
[2014.11.24-10.34.08:047][183]LogModuleManager: Shutting down and abandoning module MainFrame (79)
[2014.11.24-10.34.08:048][183]LogModuleManager: Shutting down and abandoning module LevelEditor (78)
[2014.11.24-10.34.08:048][183]LogModuleManager: Shutting down and abandoning module ViewportSnapping (77)
[2014.11.24-10.34.08:048][183]LogModuleManager: Shutting down and abandoning module SmartSnapping (76)
[2014.11.24-10.34.08:048][183]LogModuleManager: Shutting down and abandoning module PaperTiledImporter (75)
[2014.11.24-10.34.08:048][183]LogModuleManager: Shutting down and abandoning module PaperJsonImporter (74)
[2014.11.24-10.34.08:048][183]LogModuleManager: Shutting down and abandoning module ContentBrowser (73)
[2014.11.24-10.34.08:049][183]LogModuleManager: Shutting down and abandoning module PropertyEditor (72)
[2014.11.24-10.34.08:049][183]LogModuleManager: Shutting down and abandoning module Paper2DEditor (71)
[2014.11.24-10.34.08:049][183]LogModuleManager: Shutting down and abandoning module ScriptPlugin (70)
[2014.11.24-10.34.08:049][183]LogModuleManager: Shutting down and abandoning module UdpMessaging (69)
[2014.11.24-10.34.08:149][183]LogModuleManager: Shutting down and abandoning module Paper2D (68)
[2014.11.24-10.34.08:149][183]LogModuleManager: Shutting down and abandoning module WindowsMoviePlayer (67)
[2014.11.24-10.34.08:151][183]LogModuleManager: Shutting down and abandoning module Media (66)
[2014.11.24-10.34.08:151][183]LogModuleManager: Shutting down and abandoning module WmfMedia (65)
[2014.11.24-10.34.08:152][183]LogModuleManager: Shutting down and abandoning module OnlineBlueprintSupport (64)
[2014.11.24-10.34.08:152][183]LogModuleManager: Shutting down and abandoning module FunctionalTesting (63)
[2014.11.24-10.34.08:152][183]LogModuleManager: Shutting down and abandoning module CollisionAnalyzer (62)
[2014.11.24-10.34.08:152][183]LogModuleManager: Shutting down and abandoning module WorkspaceMenuStructure (61)
[2014.11.24-10.34.08:152][183]LogModuleManager: Shutting down and abandoning module MessageLog (60)
[2014.11.24-10.34.08:152][183]LogModuleManager: Shutting down and abandoning module Sequencer (59)
[2014.11.24-10.34.08:152][183]LogModuleManager: Shutting down and abandoning module AssetTools (58)
[2014.11.24-10.34.08:152][183]LogModuleManager: Shutting down and abandoning module UMGEditor (57)
[2014.11.24-10.34.08:152][183]LogModuleManager: Shutting down and abandoning module UMG (56)
[2014.11.24-10.34.08:152][183]LogModuleManager: Shutting down and abandoning module Slate (55)
[2014.11.24-10.34.08:152][183]LogModuleManager: Shutting down and abandoning module EditorStyle (54)
[2014.11.24-10.34.08:154][183]LogModuleManager: Shutting down and abandoning module SessionServices (53)
[2014.11.24-10.34.08:154][183]LogModuleManager: Shutting down and abandoning module SourceCodeAccess (52)
[2014.11.24-10.34.08:154][183]LogModuleManager: Shutting down and abandoning module HeadMountedDisplay (51)
[2014.11.24-10.34.08:154][183]LogModuleManager: Shutting down and abandoning module XAudio2 (50)
[2014.11.24-10.34.08:154][183]LogModuleManager: Shutting down and abandoning module Networking (48)
[2014.11.24-10.34.08:154][183]LogModuleManager: Shutting down and abandoning module Core (47)
[2014.11.24-10.34.08:154][183]LogModuleManager: Shutting down and abandoning module KismetCompiler (46)
[2014.11.24-10.34.08:154][183]LogModuleManager: Shutting down and abandoning module PhysXFormats (45)
[2014.11.24-10.34.08:154][183]LogModuleManager: Shutting down and abandoning module MeshUtilities (44)
[2014.11.24-10.34.08:154][183]LogModuleManager: Shutting down and abandoning module DerivedDataCache (43)
[2014.11.24-10.34.08:186][183]LogDerivedDataCache: Shutdown
[2014.11.24-10.34.08:186][183]LogModuleManager: Shutting down and abandoning module ShaderFormatOpenGL (42)
[2014.11.24-10.34.08:186][183]LogModuleManager: Shutting down and abandoning module ShaderFormatD3D (41)
[2014.11.24-10.34.08:186][183]LogModuleManager: Shutting down and abandoning module MetalShaderFormat (40)
[2014.11.24-10.34.08:186][183]LogModuleManager: Shutting down and abandoning module TextureFormatUncompressed (39)
[2014.11.24-10.34.08:186][183]LogModuleManager: Shutting down and abandoning module TextureFormatPVR (38)
[2014.11.24-10.34.08:186][183]LogModuleManager: Shutting down and abandoning module TextureFormatDXT (37)
[2014.11.24-10.34.08:186][183]LogModuleManager: Shutting down and abandoning module TextureFormatAndroid (36)
[2014.11.24-10.34.08:186][183]LogModuleManager: Shutting down and abandoning module AudioFormatOpus (35)
[2014.11.24-10.34.08:186][183]LogModuleManager: Shutting down and abandoning module AudioFormatOgg (34)
[2014.11.24-10.34.08:186][183]LogModuleManager: Shutting down and abandoning module AudioFormatADPCM (33)
[2014.11.24-10.34.08:186][183]LogModuleManager: Shutting down and abandoning module Messaging (32)
[2014.11.24-10.34.08:186][183]LogModuleManager: Shutting down and abandoning module IOSTargetPlatform (31)
[2014.11.24-10.34.08:186][183]LogModuleManager: Shutting down and abandoning module Android_PVRTCTargetPlatform (30)
[2014.11.24-10.34.08:186][183]LogModuleManager: Shutting down and abandoning module Android_ETC2TargetPlatform (29)
[2014.11.24-10.34.08:186][183]LogModuleManager: Shutting down and abandoning module Android_ETC1TargetPlatform (28)
[2014.11.24-10.34.08:186][183]LogModuleManager: Shutting down and abandoning module Android_DXTTargetPlatform (27)
[2014.11.24-10.34.08:186][183]LogModuleManager: Shutting down and abandoning module Android_ATCTargetPlatform (26)
[2014.11.24-10.34.08:186][183]LogModuleManager: Shutting down and abandoning module AndroidTargetPlatform (25)
[2014.11.24-10.34.08:186][183]LogModuleManager: Shutting down and abandoning module WindowsTargetPlatform (24)
[2014.11.24-10.34.08:186][183]LogModuleManager: Shutting down and abandoning module WindowsServerTargetPlatform (23)
[2014.11.24-10.34.08:186][183]LogModuleManager: Shutting down and abandoning module WindowsNoEditorTargetPlatform (22)
[2014.11.24-10.34.08:186][183]LogModuleManager: Shutting down and abandoning module WindowsClientTargetPlatform (21)
[2014.11.24-10.34.08:186][183]LogModuleManager: Shutting down and abandoning module TargetPlatform (20)
[2014.11.24-10.34.08:186][183]LogModuleManager: Shutting down and abandoning module InputCore (19)
[2014.11.24-10.34.08:186][183]LogModuleManager: Shutting down and abandoning module Settings (18)
[2014.11.24-10.34.08:186][183]LogModuleManager: Shutting down and abandoning module ImageWrapper (17)
[2014.11.24-10.34.08:186][183]LogModuleManager: Shutting down and abandoning module OculusRift (14)
[2014.11.24-10.34.08:186][183]LogModuleManager: Shutting down and abandoning module ExampleDeviceProfileSelector (13)
[2014.11.24-10.34.08:186][183]LogModuleManager: Shutting down and abandoning module TextureCompressor (12)
[2014.11.24-10.34.08:186][183]LogModuleManager: Shutting down and abandoning module ShaderCore (11)
[2014.11.24-10.34.08:186][183]LogModuleManager: Shutting down and abandoning module SlateRHIRenderer (10)
[2014.11.24-10.34.08:187][183]LogModuleManager: Shutting down and abandoning module OpenGLDrv (9)
[2014.11.24-10.34.08:187][183]LogModuleManager: Shutting down and abandoning module D3D11RHI (8)
[2014.11.24-10.34.08:188][183]LogModuleManager: Shutting down and abandoning module Renderer (7)
[2014.11.24-10.34.08:188][183]LogModuleManager: Shutting down and abandoning module Engine (6)
[2014.11.24-10.34.08:188][183]LogModuleManager: Shutting down and abandoning module CoreUObject (5)
[2014.11.24-10.34.08:188][183]LogModuleManager: Shutting down and abandoning module NetworkFile (4)
[2014.11.24-10.34.08:188][183]LogModuleManager: Shutting down and abandoning module StreamingFile (3)
[2014.11.24-10.34.08:188][183]LogModuleManager: Shutting down and abandoning module SandboxFile (2)
[2014.11.24-10.34.08:188][183]LogModuleManager: Shutting down and abandoning module PakFile (1)
[2014.11.24-10.34.08:188][183]LogExit: Exiting.
[2014.11.24-10.34.08:211][183]Log file closed, 11/24/14 02:34:08
