Log file open, 12/07/14 01:45:33
LogInit:Display: Running engine for game: Trial_third_person
LogInit: Version: 4.5.1-2336687+++depot+UE4-Releases+4.5
LogInit: API Version: 2326478
LogInit: Compiled (64-bit): Oct 21 2014 22:32:40
LogInit: Compiled with Visual C++: 18.00.21005.01
LogInit: Build Configuration: Development
LogInit: Branch Name: ++depot+UE4-Releases+4.5
LogInit: Command line:  
LogInit: Base directory: C:/Program Files/Epic Games/4.5/Engine/Binaries/Win64/
LogInit: Rocket: 1
[2014.12.07-09.45.33:166][  0]LogTaskGraph: Started task graph with 3 named threads and 4 total threads.
[2014.12.07-09.45.33:199][  0]LogOnline:Warning: No default platform service specified for OnlineSubsystem
[2014.12.07-09.45.33:222][  0]LogInit: Presizing for 0 objects not considered by GC, pre-allocating 0 bytes.
[2014.12.07-09.45.33:233][  0]LogInit: Object subsystem initialized
[2014.12.07-09.45.33:237][  0]LogConsoleResponse:Warning: Skipping Unknown console variable: 'UIScaleRule = ShortestSide'
[2014.12.07-09.45.33:237][  0]LogConsoleResponse:Warning:   Found in ini file 'C:/Users/User/Documents/GitHub/Study-Session/Trial_third_person/Saved/Config/Windows/Engine.ini', in section '[/Script/Engine.RendererSettings]'
[2014.12.07-09.45.33:237][  0]LogConsoleResponse:Warning: Skipping Unknown console variable: 'UIScaleCurve = (EditorCurveData=(Keys=((Time=480.000000,Value=0.444000),(Time=720.000000,Value=0.666000),(Time=1080.000000,Value=1.000000),(Time=8640.000000,Value=8.000000))),ExternalCurve=None)'
[2014.12.07-09.45.33:237][  0]LogConsoleResponse:Warning:   Found in ini file 'C:/Users/User/Documents/GitHub/Study-Session/Trial_third_person/Saved/Config/Windows/Engine.ini', in section '[/Script/Engine.RendererSettings]'
[2014.12.07-09.45.33:238][  0]LogInit: Selected Device Profile: [Windows]
[2014.12.07-09.45.33:238][  0]LogInit: Applying CVar settings loaded from the selected device profile: [Windows]
[2014.12.07-09.45.33:245][  0]LogInit: Computer: USER-PC
[2014.12.07-09.45.33:245][  0]LogInit: User: User
[2014.12.07-09.45.33:245][  0]LogInit: CPU Page size=4096, Cores=2
[2014.12.07-09.45.33:245][  0]LogInit: High frequency timer resolution =2.435947 MHz
[2014.12.07-09.45.33:246][  0]LogMemory: Memory total: Physical=7.8GB (8GB approx) Virtual=8192.0GB
[2014.12.07-09.45.33:246][  0]LogMemory: Platform Memory Stats for Windows
[2014.12.07-09.45.33:246][  0]LogMemory: Process Physical Memory: 63.50 MB used, 63.50 MB peak
[2014.12.07-09.45.33:246][  0]LogMemory: Process Virtual Memory: 38.52 MB used, 38.52 MB peak
[2014.12.07-09.45.33:246][  0]LogMemory: Physical Memory: 2620.57 MB used, 7969.14 MB total
[2014.12.07-09.45.33:246][  0]LogMemory: Virtual Memory: 272.46 MB used, 8388608.00 MB total
[2014.12.07-09.45.33:270][  0]LogD3D11RHI: Found D3D11 adapter 0: Intel(R) HD Graphics 3000 (Feature Level 10_0)
[2014.12.07-09.45.33:270][  0]LogD3D11RHI: Adapter has 192MB of dedicated video memory, 0MB of dedicated system memory, and 1568MB of shared system memory, 1 output[s]
[2014.12.07-09.45.33:270][  0]LogD3D11RHI: Chosen D3D11 Adapter Id = 0
[2014.12.07-09.45.33:275][  0]LogRHI: Texture pool is 683 MB (70% of 976 MB)
[2014.12.07-09.45.33:279][  0]LogD3D11RHI: Async texture creation enabled
[2014.12.07-09.45.33:321][  0]LogTextLocalizationManager: The requested culture ('en_US') has no localization data; parent culture's ('en') localization data will be used.
[2014.12.07-09.45.33:471][  0]LogContentStreaming: Texture pool size is 0.000000MB
[2014.12.07-09.45.38:912][  0]LogTargetPlatformManager:Display: Building Assets For Windows
[2014.12.07-09.45.39:406][  0]LogTargetPlatformManager:Display: Building Assets For Windows
[2014.12.07-09.45.39:460][  0]LogDerivedDataCache:Display: Max Cache Size: 512 MB
[2014.12.07-09.45.39:502][  0]LogDerivedDataCache: Loaded boot cache 0.04s 36MB C:/Users/User/AppData/Local/UnrealEngine/4.5/DerivedDataCache/Boot.ddc.
[2014.12.07-09.45.39:502][  0]LogDerivedDataCache:Display: Loaded Boot cache: C:/Users/User/AppData/Local/UnrealEngine/4.5/DerivedDataCache/Boot.ddc
[2014.12.07-09.45.39:502][  0]LogDerivedDataCache: FDerivedDataBackendGraph:  Pak pak cache file ../../../../../../Users/User/Documents/GitHub/Study-Session/Trial_third_person/DerivedDataCache/DDC.ddp not found, will not use a pak cache.
[2014.12.07-09.45.39:502][  0]LogDerivedDataCache: Unable to find inner node Pak for hierarchical cache Hierarchy.
[2014.12.07-09.45.39:578][  0]LogDerivedDataCache:Display: Pak cache opened for reading ../../../Engine/DerivedDataCache/DDC.ddp.
[2014.12.07-09.45.39:590][  0]LogDerivedDataCache: Using Local data cache path C:/Users/User/AppData/Local/UnrealEngine/Common/DerivedDataCache: Writable
[2014.12.07-09.45.39:791][  0]LogMeshUtilities: No automatic mesh reduction module available
[2014.12.07-09.45.39:791][  0]LogMeshUtilities: No automatic mesh merging module available
[2014.12.07-09.45.40:075][  0]LogLinker:Warning: Asset '../../../Engine/Content/Functions/Engine_MaterialFunctions02/Texturing/FlipBook.uasset' has been saved with empty engine version. The asset will be loaded but may be incompatible.
[2014.12.07-09.45.40:078][  0]LogLinker:Warning: Asset '../../../Engine/Content/Functions/Engine_MaterialFunctions02/ExampleContent/Textures/flipbook.uasset' has been saved with empty engine version. The asset will be loaded but may be incompatible.
[2014.12.07-09.45.40:259][  0]LogInit: WinSock: version 1.1 (2.2), MaxSocks=32767, MaxUdp=65467
[2014.12.07-09.45.41:103][  0]UdpMessaging: Initializing bridge on interface 0.0.0.0:0 to multicast group 230.0.0.1:6666.
[2014.12.07-09.45.41:282][  0]LogDirectoryWatcher:Warning: Failed to begin reading directory changes for C:/Users/User/Documents/GitHub/Study-Session/Trial_third_person/Binaries/Win64. Error: 0
[2014.12.07-09.45.41:455][  0]SourceControl: Info Source control is disabled
[2014.12.07-09.45.41:455][  0]SourceControl: Info Source control is disabled
[2014.12.07-09.45.41:462][  0]SourceControl: Info Source control is disabled
[2014.12.07-09.45.41:594][  0]LogObj: 22915 objects as part of root set at end of initial load.
[2014.12.07-09.45.41:594][  0]LogUObjectAllocator: 4803536 out of 0 bytes used by permanent object pool.
[2014.12.07-09.45.41:666][  0]LogEngine: Initializing Engine...
[2014.12.07-09.45.41:796][  0]LogInit: XAudio2 using 'Speakers (Realtek High Definition Audio)' : 2 channels at 48 kHz using 32 bits per sample (channel mask 0x3)
[2014.12.07-09.45.41:866][  0]LogInit: FAudioDevice initialized.
[2014.12.07-09.45.41:886][  0]LogAIModule: Creating AISystem for world NewWorld
[2014.12.07-09.45.41:908][  0]LogDerivedDataCache: Saved boot cache 0.02s 36MB C:/Users/User/AppData/Local/UnrealEngine/4.5/DerivedDataCache/Boot.ddc.
[2014.12.07-09.45.41:914][  0]LogInit: Texture streaming: Enabled
[2014.12.07-09.45.41:955][  0]LogInit: Transaction tracking system initialized
[2014.12.07-09.45.42:041][  0]BlueprintLog: New page: Editor Load
[2014.12.07-09.45.42:069][  0]LogAssetRegistry: FAssetRegistry took 0.0093 seconds to start up
[2014.12.07-09.45.42:069][  0]LogDirectoryWatcher:Warning: Failed to begin reading directory changes for ../../../Engine/Plugins/Experimental/CharacterAI/Content/. Error: 0
[2014.12.07-09.45.42:599][  0]LogTargetPlatformManager:Display: Building Assets For Windows
[2014.12.07-09.45.42:994][  0]LogTargetPlatformManager:Display: Building Assets For Windows
[2014.12.07-09.45.43:239][  0]LogConsoleResponse:Display: 
[2014.12.07-09.45.43:434][  0]SourceControl: Info Source control is disabled
[2014.12.07-09.45.43:434][  0]Cmd: MAP LOAD FILE="../../../../../../Users/User/Documents/GitHub/Study-Session/Trial_third_person/Content/Maps/Example_Map.umap" TEMPLATE=0 SHOWPROGRESS=1
[2014.12.07-09.45.43:435][  0]LightingResults: New page: Lighting Build
[2014.12.07-09.45.43:444][  0]MapCheck: New page: Map Check
[2014.12.07-09.45.43:444][  0]LightingResults: New page: Lighting Build
[2014.12.07-09.45.43:464][  0]LogParticles: Destroying 0 GPU particle simulations for FXSystem 0x00000000145605E0
[2014.12.07-09.45.43:763][  0]LogEditorServer: Finished looking for orphan Actors (0.000 secs)
[2014.12.07-09.45.43:763][  0]LogAIModule: Creating AISystem for world Example_Map
[2014.12.07-09.45.43:764][  0]Cmd: MAP CHECKDEP
[2014.12.07-09.45.43:764][  0]MapCheck: New page: Example_Map - Dec 6, 2014, 5:45:43 PM
[2014.12.07-09.45.43:866][  0]MapCheck: Info Map check complete: 0 Error(s), 0 Warning(s), took 101.733ms to complete.
[2014.12.07-09.45.43:866][  0]LogFileHelpers: Loading map 'Example_Map' took 0.432
[2014.12.07-09.45.43:940][  0]LogCollectionManager: Loaded 0 collections in 0.000979 seconds
[2014.12.07-09.45.44:053][  0]LogCrashTracker: Crashtracker disabled due to settings.
[2014.12.07-09.45.44:090][  0]LogUObjectGlobals:Warning: Failed to find object 'Class None.'
[2014.12.07-09.45.44:122][  0]LogLoad: Full Startup: 13.17 seconds (BP compile: 0.08 seconds)
[2014.12.07-09.45.44:466][  0]LogContentBrowser:Verbose: The content browser source was changed by the sources view to '/Game/Character'
[2014.12.07-09.45.44:611][  0]LogRenderer:Warning: Reallocating scene render targets to support 688x568.
[2014.12.07-09.45.45:692][  3]LogAssetRegistry: Asset discovery search completed in 3.6326 seconds
[2014.12.07-09.50.47:759][ 38]LogContentBrowser:Verbose: The content browser source was changed by the sources view to '/Game/Maps'
[2014.12.07-09.54.02:921][291]LogMaterial:Warning: Material /Game/StarterContent/Props/Materials/M_MaterialSphere_Plain.M_MaterialSphere_Plain needed to have new flag set bUsedWithStaticLighting !
[2014.12.07-09.54.03:220][291]LogMaterial: Missing cached shader map for material M_MaterialSphere_Plain, compiling.
[2014.12.07-09.54.03:262][291]LogMaterial: 0.000406 seconds spent updating 1 materials, 1 interfaces, 0 instances, 0 with static permutations.
[2014.12.07-09.54.03:262][291]LogMaterial:Warning: Material /Game/StarterContent/Props/Materials/M_MaterialSphere.M_MaterialSphere needed to have new flag set bUsedWithStaticLighting !
[2014.12.07-09.54.03:278][291]LogMaterial: Missing cached shader map for material M_MaterialSphere, compiling.
[2014.12.07-09.54.03:288][291]LogMaterial: 0.000283 seconds spent updating 1 materials, 1 interfaces, 0 instances, 0 with static permutations.
[2014.12.07-09.54.03:452][291]Cmd: MAP LOAD FILE="../../../../../../Users/User/Documents/GitHub/Study-Session/Trial_third_person/Content/Maps/Forest_Level_1.umap" TEMPLATE=0 SHOWPROGRESS=1
[2014.12.07-09.54.03:452][291]LightingResults: New page: Lighting Build
[2014.12.07-09.54.03:504][291]LoadErrors: New page: Loading map: Forest_Level_1.umap
[2014.12.07-09.54.03:505][291]MapCheck: New page: Map Check
[2014.12.07-09.54.03:505][291]LightingResults: New page: Lighting Build
[2014.12.07-09.54.03:549][291]LogParticles: Destroying 0 GPU particle simulations for FXSystem 0x000000000DA08180
[2014.12.07-09.54.03:924][291]LogEditorServer: Finished looking for orphan Actors (0.000 secs)
[2014.12.07-09.54.03:924][291]LogAIModule: Creating AISystem for world Forest_Level_1
[2014.12.07-09.54.03:989][291]Cmd: MAP CHECKDEP
[2014.12.07-09.54.03:989][291]MapCheck: New page: Forest_Level_1 - Dec 6, 2014, 5:54:03 PM
[2014.12.07-09.54.04:160][291]MapCheck: Info Map check complete: 0 Error(s), 0 Warning(s), took 171.286ms to complete.
[2014.12.07-09.54.04:160][291]LogFileHelpers: Loading map 'Forest_Level_1' took 0.712
[2014.12.07-09.54.04:203][292]Cmd: UpdateLandscapeEditorData -warnings
[2014.12.07-09.54.04:610][292]Cmd: UpdateLandscapeEditorData
[2014.12.07-09.54.04:653][293]LogHttp:Warning: Timeout processing Http request. 000000000C51A240 url=http://et2.epicgames.com/ET2/CollectData.1?SessionID=%7BF33C872F-4E69-61D3-FC23-98B255D02AA1%7D&AppID=Rocket.Release&AppVersion=4.5.1-2336687%2B%2B%2Bdepot%2BUE4-Releases%2B4.5&UserID=0866978cc22eeab8f242ed74f3324b12&IsEditor=1
[2014.12.07-09.54.05:225][294]LogHttp:Warning: InternetStatusCallbackWinInet: on invalid request 000000000C51A240. 
[2014.12.07-09.54.05:225][294]LogHttp:Warning: InternetStatusCallbackWinInet: on invalid request 000000000C51A240. 
[2014.12.07-09.54.05:225][294]LogHttp:Warning: InternetStatusCallbackWinInet: on invalid request 000000000C51A240. 
[2014.12.07-09.54.32:211][370]LogEditorViewport: Clicking on Actor (LMB): Landscape (Landscape)
[2014.12.07-09.54.52:631][  8]Cmd: MAP LOAD FILE="../../../../../../Users/User/Documents/GitHub/Study-Session/Trial_third_person/Content/Maps/Mansion.umap" TEMPLATE=0 SHOWPROGRESS=1
[2014.12.07-09.54.52:631][  8]LightingResults: New page: Lighting Build
[2014.12.07-09.54.52:661][  8]LoadErrors: New page: Loading map: Mansion.umap
[2014.12.07-09.54.52:676][  8]MapCheck: New page: Map Check
[2014.12.07-09.54.52:676][  8]LightingResults: New page: Lighting Build
[2014.12.07-09.54.52:770][  8]LogParticles: Destroying 0 GPU particle simulations for FXSystem 0x0000000010F3B240
[2014.12.07-09.54.52:816][  8]LogEditorServer: Finished looking for orphan Actors (0.000 secs)
[2014.12.07-09.54.52:816][  8]LogAIModule: Creating AISystem for world Mansion
[2014.12.07-09.54.52:858][  8]Cmd: MAP CHECKDEP
[2014.12.07-09.54.52:858][  8]MapCheck: New page: Mansion - Dec 6, 2014, 5:54:52 PM
[2014.12.07-09.54.52:967][  8]MapCheck: Info Map check complete: 0 Error(s), 0 Warning(s), took 109.051ms to complete.
[2014.12.07-09.54.52:967][  8]LogFileHelpers: Loading map 'Mansion' took 0.338
[2014.12.07-09.54.52:991][  9]Cmd: UpdateLandscapeEditorData
[2014.12.07-09.54.56:869][ 93]Cmd: UpdateLandscapeEditorData -warnings
[2014.12.07-09.55.08:386][555]LogLinker:Warning: Can't find file '/Game/ArchVis/Textures/T_Shelving_M'
[2014.12.07-09.55.08:386][555]LogLinker:Warning: Can't find file for asset '/Game/ArchVis/Textures/T_Shelving_M' while loading ../../../../../../Users/User/Documents/GitHub/Study-Session/Trial_third_person/Content/StarterContent/Materials/Materials/M_Shelving.uasset.
[2014.12.07-09.55.08:387][555]LoadErrors:Error: Error /Game/StarterContent/Materials/Materials/M_Shelving : Can't find file for asset. /Game/ArchVis/Textures/T_Shelving_M
[2014.12.07-09.55.08:387][555]LogLinker:Warning: Can't find file '/Game/ArchVis/Textures/T_Shelving_N'
[2014.12.07-09.55.08:387][555]LogLinker:Warning: Can't find file for asset '/Game/ArchVis/Textures/T_Shelving_N' while loading ../../../../../../Users/User/Documents/GitHub/Study-Session/Trial_third_person/Content/StarterContent/Materials/Materials/M_Shelving.uasset.
[2014.12.07-09.55.08:387][555]LoadErrors:Error: Error /Game/StarterContent/Materials/Materials/M_Shelving : Can't find file for asset. /Game/ArchVis/Textures/T_Shelving_N
[2014.12.07-09.55.08:387][555]LogLinker:Warning: Can't find file '/Game/ArchVis/Textures/T_Wood'
[2014.12.07-09.55.08:388][555]LogLinker:Warning: Can't find file for asset '/Game/ArchVis/Textures/T_Wood' while loading ../../../../../../Users/User/Documents/GitHub/Study-Session/Trial_third_person/Content/StarterContent/Materials/Materials/M_Shelving.uasset.
[2014.12.07-09.55.08:388][555]LoadErrors:Error: Error /Game/StarterContent/Materials/Materials/M_Shelving : Can't find file for asset. /Game/ArchVis/Textures/T_Wood
[2014.12.07-09.55.08:388][555]LogLinker:Warning: Can't find file '/Game/ArchVis/Textures/T_Wood_S'
[2014.12.07-09.55.08:388][555]LogLinker:Warning: Can't find file for asset '/Game/ArchVis/Textures/T_Wood_S' while loading ../../../../../../Users/User/Documents/GitHub/Study-Session/Trial_third_person/Content/StarterContent/Materials/Materials/M_Shelving.uasset.
[2014.12.07-09.55.08:388][555]LoadErrors:Error: Error /Game/StarterContent/Materials/Materials/M_Shelving : Can't find file for asset. /Game/ArchVis/Textures/T_Wood_S
[2014.12.07-09.55.08:388][555]LogLinker:Warning: Can't find file '/Game/ArchVis/Textures/T_Shelving_M'
[2014.12.07-09.55.08:389][555]LogLinker:Warning: Can't find file for asset '/Game/ArchVis/Textures/T_Shelving_M' while loading ../../../../../../Users/User/Documents/GitHub/Study-Session/Trial_third_person/Content/StarterContent/Materials/Materials/M_Shelving.uasset.
[2014.12.07-09.55.08:389][555]LogLinker:Warning: Can't find file '/Game/ArchVis/Textures/T_Shelving_N'
[2014.12.07-09.55.08:389][555]LogLinker:Warning: Can't find file for asset '/Game/ArchVis/Textures/T_Shelving_N' while loading ../../../../../../Users/User/Documents/GitHub/Study-Session/Trial_third_person/Content/StarterContent/Materials/Materials/M_Shelving.uasset.
[2014.12.07-09.55.08:389][555]LogLinker:Warning: Can't find file '/Game/ArchVis/Textures/T_Wood'
[2014.12.07-09.55.08:390][555]LogLinker:Warning: Can't find file for asset '/Game/ArchVis/Textures/T_Wood' while loading ../../../../../../Users/User/Documents/GitHub/Study-Session/Trial_third_person/Content/StarterContent/Materials/Materials/M_Shelving.uasset.
[2014.12.07-09.55.08:390][555]LogLinker:Warning: Can't find file '/Game/ArchVis/Textures/T_Wood_S'
[2014.12.07-09.55.08:390][555]LogLinker:Warning: Can't find file for asset '/Game/ArchVis/Textures/T_Wood_S' while loading ../../../../../../Users/User/Documents/GitHub/Study-Session/Trial_third_person/Content/StarterContent/Materials/Materials/M_Shelving.uasset.
[2014.12.07-09.55.08:456][555]LogLinker:Warning: Can't find file '/Game/ArchVis/Materials/M_CoffeTable_MAT_Inst'
[2014.12.07-09.55.08:456][555]LogLinker:Warning: Can't find file for asset '/Game/ArchVis/Materials/M_CoffeTable_MAT_Inst' while loading ../../../../../../Users/User/Documents/GitHub/Study-Session/Trial_third_person/Content/StarterContent/Mesh/SM_CoffeeTable.uasset.
[2014.12.07-09.55.08:456][555]LoadErrors:Error: Error /Game/StarterContent/Mesh/SM_CoffeeTable : Can't find file for asset. /Game/ArchVis/Materials/M_CoffeTable_MAT_Inst
[2014.12.07-09.55.08:456][555]LogLinker:Warning: Can't find file '/Game/ArchVis/Materials/M_CoffeTable_MAT_Inst'
[2014.12.07-09.55.08:457][555]LogLinker:Warning: Can't find file for asset '/Game/ArchVis/Materials/M_CoffeTable_MAT_Inst' while loading ../../../../../../Users/User/Documents/GitHub/Study-Session/Trial_third_person/Content/StarterContent/Mesh/SM_CoffeeTable.uasset.
[2014.12.07-09.55.08:462][555]LogLinker:Warning: Can't find file '/Game/ArchVis/Materials/M_Curtain_MAT_Inst'
[2014.12.07-09.55.08:462][555]LogLinker:Warning: Can't find file for asset '/Game/ArchVis/Materials/M_Curtain_MAT_Inst' while loading ../../../../../../Users/User/Documents/GitHub/Study-Session/Trial_third_person/Content/StarterContent/Mesh/SM_Curtain.uasset.
[2014.12.07-09.55.08:463][555]LoadErrors:Error: Error /Game/StarterContent/Mesh/SM_Curtain : Can't find file for asset. /Game/ArchVis/Materials/M_Curtain_MAT_Inst
[2014.12.07-09.55.08:463][555]LogLinker:Warning: Can't find file '/Game/ArchVis/Materials/M_Curtain_MAT_Inst'
[2014.12.07-09.55.08:463][555]LogLinker:Warning: Can't find file for asset '/Game/ArchVis/Materials/M_Curtain_MAT_Inst' while loading ../../../../../../Users/User/Documents/GitHub/Study-Session/Trial_third_person/Content/StarterContent/Mesh/SM_Curtain.uasset.
[2014.12.07-09.55.08:468][555]LogLinker:Warning: Can't find file '/Game/ArchVis/Materials/M_FloorLamp_Mat_Inst'
[2014.12.07-09.55.08:469][555]LogLinker:Warning: Can't find file for asset '/Game/ArchVis/Materials/M_FloorLamp_Mat_Inst' while loading ../../../../../../Users/User/Documents/GitHub/Study-Session/Trial_third_person/Content/StarterContent/Mesh/SM_FloorLamp.uasset.
[2014.12.07-09.55.08:469][555]LoadErrors:Error: Error /Game/StarterContent/Mesh/SM_FloorLamp : Can't find file for asset. /Game/ArchVis/Materials/M_FloorLamp_Mat_Inst
[2014.12.07-09.55.08:469][555]LogLinker:Warning: Can't find file '/Game/ArchVis/Materials/M_FloorLamp_Mat_Inst'
[2014.12.07-09.55.08:469][555]LogLinker:Warning: Can't find file for asset '/Game/ArchVis/Materials/M_FloorLamp_Mat_Inst' while loading ../../../../../../Users/User/Documents/GitHub/Study-Session/Trial_third_person/Content/StarterContent/Mesh/SM_FloorLamp.uasset.
[2014.12.07-09.55.08:475][555]LogLinker:Warning: Can't find file '/Game/ArchVis/Materials/M_Shelving_Inst'
[2014.12.07-09.55.08:475][555]LogLinker:Warning: Can't find file for asset '/Game/ArchVis/Materials/M_Shelving_Inst' while loading ../../../../../../Users/User/Documents/GitHub/Study-Session/Trial_third_person/Content/StarterContent/Mesh/SM_Shelving.uasset.
[2014.12.07-09.55.08:475][555]LoadErrors:Error: Error /Game/StarterContent/Mesh/SM_Shelving : Can't find file for asset. /Game/ArchVis/Materials/M_Shelving_Inst
[2014.12.07-09.55.08:476][555]LogLinker:Warning: Can't find file '/Game/ArchVis/Materials/M_Shelving_Inst'
[2014.12.07-09.55.08:476][555]LogLinker:Warning: Can't find file for asset '/Game/ArchVis/Materials/M_Shelving_Inst' while loading ../../../../../../Users/User/Documents/GitHub/Study-Session/Trial_third_person/Content/StarterContent/Mesh/SM_Shelving.uasset.
[2014.12.07-09.55.08:479][555]LogLinker:Warning: Can't find file '/Game/ArchVis/Materials/M_TV_Inst'
[2014.12.07-09.55.08:479][555]LogLinker:Warning: Can't find file for asset '/Game/ArchVis/Materials/M_TV_Inst' while loading ../../../../../../Users/User/Documents/GitHub/Study-Session/Trial_third_person/Content/StarterContent/Mesh/SM_TV.uasset.
[2014.12.07-09.55.08:479][555]LoadErrors:Error: Error /Game/StarterContent/Mesh/SM_TV : Can't find file for asset. /Game/ArchVis/Materials/M_TV_Inst
[2014.12.07-09.55.08:479][555]LogLinker:Warning: Can't find file '/Game/ArchVis/Materials/M_TV_Inst'
[2014.12.07-09.55.08:480][555]LogLinker:Warning: Can't find file for asset '/Game/ArchVis/Materials/M_TV_Inst' while loading ../../../../../../Users/User/Documents/GitHub/Study-Session/Trial_third_person/Content/StarterContent/Mesh/SM_TV.uasset.
[2014.12.07-09.55.08:483][555]LogLinker:Warning: Can't find file '/Game/ArchVis/Materials/M_Statue_Inst'
[2014.12.07-09.55.08:483][555]LogLinker:Warning: Can't find file for asset '/Game/ArchVis/Materials/M_Statue_Inst' while loading ../../../../../../Users/User/Documents/GitHub/Study-Session/Trial_third_person/Content/StarterContent/Mesh/Statue.uasset.
[2014.12.07-09.55.08:483][555]LoadErrors:Error: Error /Game/StarterContent/Mesh/Statue : Can't find file for asset. /Game/ArchVis/Materials/M_Statue_Inst
[2014.12.07-09.55.08:483][555]LogLinker:Warning: Can't find file '/Game/ArchVis/Materials/M_Statue_Inst'
[2014.12.07-09.55.08:483][555]LogLinker:Warning: Can't find file for asset '/Game/ArchVis/Materials/M_Statue_Inst' while loading ../../../../../../Users/User/Documents/GitHub/Study-Session/Trial_third_person/Content/StarterContent/Mesh/Statue.uasset.
[2014.12.07-09.55.08:552][555]LogLinker:Warning: Can't find file '/Game/ArchVis/Textures/T_Shelving_N'
[2014.12.07-09.55.08:552][555]LoadErrors: Info Failed to load /Game/ArchVis/Textures/T_Shelving_N.T_Shelving_N Referenced by M_Shelving
[2014.12.07-09.55.08:552][555]LogLinker:Warning: Can't find file for asset '/Game/ArchVis/Textures/T_Shelving_N' while loading NULL.
[2014.12.07-09.55.08:552][555]LogLinker:Warning: Can't find file '/Game/ArchVis/Textures/T_Wood'
[2014.12.07-09.55.08:553][555]LoadErrors: Info Failed to load /Game/ArchVis/Textures/T_Wood.T_Wood Referenced by M_Shelving
[2014.12.07-09.55.08:553][555]LogLinker:Warning: Can't find file for asset '/Game/ArchVis/Textures/T_Wood' while loading NULL.
[2014.12.07-09.55.08:553][555]LogLinker:Warning: Can't find file '/Game/ArchVis/Textures/T_Shelving_M'
[2014.12.07-09.55.08:553][555]LoadErrors: Info Failed to load /Game/ArchVis/Textures/T_Shelving_M.T_Shelving_M Referenced by M_Shelving
[2014.12.07-09.55.08:553][555]LogLinker:Warning: Can't find file for asset '/Game/ArchVis/Textures/T_Shelving_M' while loading NULL.
[2014.12.07-09.55.08:554][555]LogLinker:Warning: Can't find file '/Game/ArchVis/Textures/T_Wood_S'
[2014.12.07-09.55.08:554][555]LoadErrors: Info Failed to load /Game/ArchVis/Textures/T_Wood_S.T_Wood_S Referenced by M_Shelving
[2014.12.07-09.55.08:554][555]LogLinker:Warning: Can't find file for asset '/Game/ArchVis/Textures/T_Wood_S' while loading NULL.
[2014.12.07-09.55.08:554][555]LogLinker:Warning: Can't find file '/Game/ArchVis/Textures/T_Shelving_N'
[2014.12.07-09.55.08:554][555]LoadErrors: Info Failed to load /Game/ArchVis/Textures/T_Shelving_N.T_Shelving_N Referenced by MaterialExpressionTextureSample_0 Property /Script/Engine.MaterialExpressionTextureBase:Texture
[2014.12.07-09.55.08:555][555]LogLinker:Warning: Can't find file for asset '/Game/ArchVis/Textures/T_Shelving_N' while loading NULL.
[2014.12.07-09.55.08:555][555]LogLinker:Warning: Can't find file '/Game/ArchVis/Textures/T_Wood'
[2014.12.07-09.55.08:555][555]LoadErrors: Info Failed to load /Game/ArchVis/Textures/T_Wood.T_Wood Referenced by MaterialExpressionTextureSample_4 Property /Script/Engine.MaterialExpressionTextureBase:Texture
[2014.12.07-09.55.08:555][555]LogLinker:Warning: Can't find file for asset '/Game/ArchVis/Textures/T_Wood' while loading NULL.
[2014.12.07-09.55.08:556][555]LogLinker:Warning: Can't find file '/Game/ArchVis/Textures/T_Wood_S'
[2014.12.07-09.55.08:556][555]LoadErrors: Info Failed to load /Game/ArchVis/Textures/T_Wood_S.T_Wood_S Referenced by MaterialExpressionTextureSample_5 Property /Script/Engine.MaterialExpressionTextureBase:Texture
[2014.12.07-09.55.08:556][555]LogLinker:Warning: Can't find file for asset '/Game/ArchVis/Textures/T_Wood_S' while loading NULL.
[2014.12.07-09.55.08:556][555]LogLinker:Warning: Can't find file '/Game/ArchVis/Textures/T_Shelving_M'
[2014.12.07-09.55.08:557][555]LoadErrors: Info Failed to load /Game/ArchVis/Textures/T_Shelving_M.T_Shelving_M Referenced by MaterialExpressionTextureSample_1 Property /Script/Engine.MaterialExpressionTextureBase:Texture
[2014.12.07-09.55.08:557][555]LogLinker:Warning: Can't find file for asset '/Game/ArchVis/Textures/T_Shelving_M' while loading NULL.
[2014.12.07-09.55.08:578][555]LogLinker:Warning: Can't find file '/Game/ArchVis/Materials/M_CoffeTable_MAT_Inst'
[2014.12.07-09.55.08:578][555]LoadErrors: Info Failed to load /Game/ArchVis/Materials/M_CoffeTable_MAT_Inst.M_CoffeTable_MAT_Inst Referenced by SM_CoffeeTable Property /Script/Engine.StaticMesh:Materials
[2014.12.07-09.55.08:578][555]LogLinker:Warning: Can't find file for asset '/Game/ArchVis/Materials/M_CoffeTable_MAT_Inst' while loading NULL.
[2014.12.07-09.55.08:579][555]LogLinker:Warning: Can't find file '/Game/ArchVis/Materials/M_Curtain_MAT_Inst'
[2014.12.07-09.55.08:579][555]LoadErrors: Info Failed to load /Game/ArchVis/Materials/M_Curtain_MAT_Inst.M_Curtain_MAT_Inst Referenced by SM_Curtain Property /Script/Engine.StaticMesh:Materials
[2014.12.07-09.55.08:579][555]LogLinker:Warning: Can't find file for asset '/Game/ArchVis/Materials/M_Curtain_MAT_Inst' while loading NULL.
[2014.12.07-09.55.08:579][555]LogLinker:Warning: Can't find file '/Game/ArchVis/Materials/M_FloorLamp_Mat_Inst'
[2014.12.07-09.55.08:580][555]LoadErrors: Info Failed to load /Game/ArchVis/Materials/M_FloorLamp_Mat_Inst.M_FloorLamp_Mat_Inst Referenced by SM_FloorLamp Property /Script/Engine.StaticMesh:Materials
[2014.12.07-09.55.08:580][555]LogLinker:Warning: Can't find file for asset '/Game/ArchVis/Materials/M_FloorLamp_Mat_Inst' while loading NULL.
[2014.12.07-09.55.08:580][555]LogLinker:Warning: Can't find file '/Game/ArchVis/Materials/M_Shelving_Inst'
[2014.12.07-09.55.08:580][555]LoadErrors: Info Failed to load /Game/ArchVis/Materials/M_Shelving_Inst.M_Shelving_Inst Referenced by SM_Shelving Property /Script/Engine.StaticMesh:Materials
[2014.12.07-09.55.08:581][555]LogLinker:Warning: Can't find file for asset '/Game/ArchVis/Materials/M_Shelving_Inst' while loading NULL.
[2014.12.07-09.55.08:581][555]LogLinker:Warning: Can't find file '/Game/ArchVis/Materials/M_TV_Inst'
[2014.12.07-09.55.08:581][555]LoadErrors: Info Failed to load /Game/ArchVis/Materials/M_TV_Inst.M_TV_Inst Referenced by SM_TV Property /Script/Engine.StaticMesh:Materials
[2014.12.07-09.55.08:581][555]LogLinker:Warning: Can't find file for asset '/Game/ArchVis/Materials/M_TV_Inst' while loading NULL.
[2014.12.07-09.55.08:582][555]LogLinker:Warning: Can't find file '/Game/ArchVis/Materials/M_Statue_Inst'
[2014.12.07-09.55.08:582][555]LoadErrors: Info Failed to load /Game/ArchVis/Materials/M_Statue_Inst.M_Statue_Inst Referenced by Statue Property /Script/Engine.StaticMesh:Materials
[2014.12.07-09.55.08:582][555]LogLinker:Warning: Can't find file for asset '/Game/ArchVis/Materials/M_Statue_Inst' while loading NULL.
[2014.12.07-09.55.09:547][555]LogMaterial: Missing cached shader map for material M_Shelving, compiling.
[2014.12.07-09.55.09:547][555]LogMaterial:Warning: Failed to compile Material /Game/StarterContent/Materials/Materials/M_Shelving.M_Shelving for platform PCD3D_SM4, Default Material will be used in game.
[2014.12.07-09.55.09:547][555]LogMaterial:Warning: 	(Node TextureSample) TextureSample> Missing input texture
[2014.12.07-09.55.15:165][555]Cmd: MAP LOAD FILE="../../../../../../Users/User/Documents/GitHub/Study-Session/Trial_third_person/Content/Maps/LivingRoom.umap" TEMPLATE=0 SHOWPROGRESS=1
[2014.12.07-09.55.15:165][555]LightingResults: New page: Lighting Build
[2014.12.07-09.55.15:200][555]LoadErrors: New page: Loading map: LivingRoom.umap
[2014.12.07-09.55.15:201][555]MapCheck: New page: Map Check
[2014.12.07-09.55.15:201][555]LightingResults: New page: Lighting Build
[2014.12.07-09.55.15:224][555]LogParticles: Destroying 0 GPU particle simulations for FXSystem 0x000000003395E020
[2014.12.07-09.55.15:250][555]LogPhysics:Warning: AddShapesToRigidActor: ConvexElem is missing ConvexMesh (11: /Game/Character/newcatcauseoldcatsucks.newcatcauseoldcatsucks:BodySetup_3)
[2014.12.07-09.55.15:275][555]LogEditorServer: Finished looking for orphan Actors (0.000 secs)
[2014.12.07-09.55.15:276][555]LogAIModule: Creating AISystem for world LivingRoom
[2014.12.07-09.55.15:319][555]Cmd: MAP CHECKDEP
[2014.12.07-09.55.15:320][555]MapCheck: New page: LivingRoom - Dec 6, 2014, 5:55:15 PM
[2014.12.07-09.55.15:462][555]MapCheck: Info Map check complete: 0 Error(s), 0 Warning(s), took 142.285ms to complete.
[2014.12.07-09.55.15:462][555]LogFileHelpers: Loading map 'LivingRoom' took 0.299
[2014.12.07-09.55.55:467][571]LogPlayLevel: PIE:  No blueprints needed recompiling
[2014.12.07-09.55.55:467][571]PIE: New page: PIE session: LivingRoom (Dec 6, 2014, 5:55:55 PM)
[2014.12.07-09.55.55:544][571]LogPlayLevel: PIE: StaticDuplicateObject took: (0.076985s)
[2014.12.07-09.55.55:545][571]LogPlayLevel: PIE: World Init took: (0.000779s)
[2014.12.07-09.55.55:545][571]LogPlayLevel: PIE: Created PIE world by copying editor world from /Game/Maps/LivingRoom.LivingRoom to /Game/Maps/UEDPIE_0_LivingRoom.LivingRoom (0.078038s)
[2014.12.07-09.55.55:991][571]LogWorld: Game class is 'MyGame_C'
[2014.12.07-09.55.56:024][571]LogAIModule: Creating AISystem for world LivingRoom
[2014.12.07-09.55.56:040][571]LogPhysics:Warning: AddShapesToRigidActor: ConvexElem is missing ConvexMesh (11: /Game/Character/newcatcauseoldcatsucks.newcatcauseoldcatsucks:BodySetup_3)
[2014.12.07-09.55.56:041][571]LogWorld: Bringing World /Game/Maps/UEDPIE_0_LivingRoom.LivingRoom up for play (max tick rate 60) at 2014.12.07-01.55.56
[2014.12.07-09.55.56:042][571]LogWorld: Bringing up level for play took: 0.018649
[2014.12.07-09.55.56:086][571]PIE: Info Play in editor start time for /Game/Maps/UEDPIE_0_LivingRoom 0.324
[2014.12.07-09.56.44:158][ 69]LogParticles: Destroying 0 GPU particle simulations for FXSystem 0x0000000022998220
[2014.12.07-09.56.55:073][718]LogContentBrowser:Verbose: The content browser source was changed by the sources view to '/Game/Character'
[2014.12.07-09.58.19:787][642]LogContentBrowser:Verbose: The majority of assets in the view are of type: AnimSequence
[2014.12.07-09.58.19:852][643]LogRenderer:Warning: Reallocating scene render targets to support 688x584.
[2014.12.07-09.59.22:852][242]LogEditorFactories: Performing atomic reimport of [C:/Users/User/Documents/makehuman/v1/exports/MyMainCharacter.fbx]
[2014.12.07-09.59.22:914][242]LogFbx: Loading FBX Scene from C:/Users/User/Documents/makehuman/v1/exports/MyMainCharacter.fbx
[2014.12.07-09.59.23:054][242]LogFbx: FBX Scene Loaded Succesfully
[2014.12.07-09.59.23:057][242]LogFbx: =================================================
[2014.12.07-09.59.23:057][242]LogFbx: Dumping Node START [male1591Mesh] 
[2014.12.07-09.59.23:057][242]LogFbx: 	Total Deformer Count 615115856.
[2014.12.07-09.59.23:057][242]LogFbx: 	Attribute (male1591) Type (4).
[2014.12.07-09.59.23:057][242]LogFbx: 		[Node Attribute Child 1] male1591Mesh (Type Mesh).
[2014.12.07-09.59.23:057][242]LogFbx: Dumping Node END [male1591Mesh]
[2014.12.07-09.59.23:057][242]LogFbx: =================================================
[2014.12.07-09.59.23:057][242]LogFbx: Dumping Node START [mhair02Mesh] 
[2014.12.07-09.59.23:057][242]LogFbx: 	Total Deformer Count 1346086400.
[2014.12.07-09.59.23:057][242]LogFbx: 	Attribute (mhair02) Type (4).
[2014.12.07-09.59.23:057][242]LogFbx: 		[Node Attribute Child 1] mhair02Mesh (Type Mesh).
[2014.12.07-09.59.23:057][242]LogFbx: Dumping Node END [mhair02Mesh]
[2014.12.07-09.59.23:057][242]LogFbx: =================================================
[2014.12.07-09.59.23:057][242]LogFbx: Dumping Node START [low-polyMesh] 
[2014.12.07-09.59.23:057][242]LogFbx: 	Total Deformer Count 615115856.
[2014.12.07-09.59.23:057][242]LogFbx: 	Attribute (low-poly) Type (4).
[2014.12.07-09.59.23:057][242]LogFbx: 		[Node Attribute Child 1] low-polyMesh (Type Mesh).
[2014.12.07-09.59.23:057][242]LogFbx: Dumping Node END [low-polyMesh]
[2014.12.07-09.59.23:057][242]LogFbx: =================================================
[2014.12.07-09.59.23:057][242]LogFbx: Dumping Node START [eyebrow007Mesh] 
[2014.12.07-09.59.23:057][242]LogFbx: 	Total Deformer Count 615115856.
[2014.12.07-09.59.23:057][242]LogFbx: 	Attribute (eyebrow007) Type (4).
[2014.12.07-09.59.23:057][242]LogFbx: 		[Node Attribute Child 1] eyebrow007Mesh (Type Mesh).
[2014.12.07-09.59.23:057][242]LogFbx: Dumping Node END [eyebrow007Mesh]
[2014.12.07-09.59.23:057][242]LogFbx: =================================================
[2014.12.07-09.59.23:057][242]LogFbx: Dumping Node START [eyelashes01Mesh] 
[2014.12.07-09.59.23:057][242]LogFbx: 	Total Deformer Count 615115856.
[2014.12.07-09.59.23:057][242]LogFbx: 	Attribute (eyelashes01) Type (4).
[2014.12.07-09.59.23:057][242]LogFbx: 		[Node Attribute Child 1] eyelashes01Mesh (Type Mesh).
[2014.12.07-09.59.23:057][242]LogFbx: Dumping Node END [eyelashes01Mesh]
[2014.12.07-09.59.23:057][242]LogFbx: =================================================
[2014.12.07-09.59.23:057][242]LogFbx: Dumping Node START [teeth_baseMesh] 
[2014.12.07-09.59.23:057][242]LogFbx: 	Total Deformer Count 615115856.
[2014.12.07-09.59.23:057][242]LogFbx: 	Attribute (teeth_base) Type (4).
[2014.12.07-09.59.23:057][242]LogFbx: 		[Node Attribute Child 1] teeth_baseMesh (Type Mesh).
[2014.12.07-09.59.23:057][242]LogFbx: Dumping Node END [teeth_baseMesh]
[2014.12.07-09.59.23:057][242]LogFbx: =================================================
[2014.12.07-09.59.23:057][242]LogFbx: Dumping Node START [tongue01Mesh] 
[2014.12.07-09.59.23:057][242]LogFbx: 	Total Deformer Count 615115856.
[2014.12.07-09.59.23:057][242]LogFbx: 	Attribute (tongue01) Type (4).
[2014.12.07-09.59.23:057][242]LogFbx: 		[Node Attribute Child 1] tongue01Mesh (Type Mesh).
[2014.12.07-09.59.23:057][242]LogFbx: Dumping Node END [tongue01Mesh]
[2014.12.07-09.59.23:057][242]LogFbx: =================================================
[2014.12.07-09.59.23:057][242]LogFbx: Dumping Node START [jeans01Mesh] 
[2014.12.07-09.59.23:057][242]LogFbx: 	Total Deformer Count 1346086400.
[2014.12.07-09.59.23:057][242]LogFbx: 	Attribute (jeans01) Type (4).
[2014.12.07-09.59.23:057][242]LogFbx: 		[Node Attribute Child 1] jeans01Mesh (Type Mesh).
[2014.12.07-09.59.23:057][242]LogFbx: Dumping Node END [jeans01Mesh]
[2014.12.07-09.59.23:057][242]LogFbx: =================================================
[2014.12.07-09.59.23:058][242]LogFbx: Dumping Node START [shoes02Mesh] 
[2014.12.07-09.59.23:058][242]LogFbx: 	Total Deformer Count 1346086400.
[2014.12.07-09.59.23:058][242]LogFbx: 	Attribute (shoes02) Type (4).
[2014.12.07-09.59.23:058][242]LogFbx: 		[Node Attribute Child 1] shoes02Mesh (Type Mesh).
[2014.12.07-09.59.23:058][242]LogFbx: Dumping Node END [shoes02Mesh]
[2014.12.07-09.59.23:058][242]LogFbx: =================================================
[2014.12.07-09.59.23:058][242]LogFbx: Dumping Node START [tshirt02Mesh] 
[2014.12.07-09.59.23:058][242]LogFbx: 	Total Deformer Count 615115856.
[2014.12.07-09.59.23:058][242]LogFbx: 	Attribute (tshirt02) Type (4).
[2014.12.07-09.59.23:058][242]LogFbx: 		[Node Attribute Child 1] tshirt02Mesh (Type Mesh).
[2014.12.07-09.59.23:058][242]LogFbx: Dumping Node END [tshirt02Mesh]
[2014.12.07-09.59.23:058][242]LogFbx: =================================================
[2014.12.07-09.59.23:058][242]LogFbx: Dumping Node START [male1591Mesh] 
[2014.12.07-09.59.23:058][242]LogFbx: 	Total Deformer Count 615115856.
[2014.12.07-09.59.23:058][242]LogFbx: 	Attribute (male1591) Type (4).
[2014.12.07-09.59.23:058][242]LogFbx: 		[Node Attribute Child 1] male1591Mesh (Type Mesh).
[2014.12.07-09.59.23:058][242]LogFbx: Dumping Node END [male1591Mesh]
[2014.12.07-09.59.23:058][242]LogFbx: =================================================
[2014.12.07-09.59.23:058][242]LogFbx: Dumping Node START [mhair02Mesh] 
[2014.12.07-09.59.23:058][242]LogFbx: 	Total Deformer Count 1346086400.
[2014.12.07-09.59.23:058][242]LogFbx: 	Attribute (mhair02) Type (4).
[2014.12.07-09.59.23:058][242]LogFbx: 		[Node Attribute Child 1] mhair02Mesh (Type Mesh).
[2014.12.07-09.59.23:058][242]LogFbx: Dumping Node END [mhair02Mesh]
[2014.12.07-09.59.23:058][242]LogFbx: =================================================
[2014.12.07-09.59.23:058][242]LogFbx: Dumping Node START [low-polyMesh] 
[2014.12.07-09.59.23:058][242]LogFbx: 	Total Deformer Count 615115856.
[2014.12.07-09.59.23:058][242]LogFbx: 	Attribute (low-poly) Type (4).
[2014.12.07-09.59.23:058][242]LogFbx: 		[Node Attribute Child 1] low-polyMesh (Type Mesh).
[2014.12.07-09.59.23:058][242]LogFbx: Dumping Node END [low-polyMesh]
[2014.12.07-09.59.23:058][242]LogFbx: =================================================
[2014.12.07-09.59.23:058][242]LogFbx: Dumping Node START [eyebrow007Mesh] 
[2014.12.07-09.59.23:058][242]LogFbx: 	Total Deformer Count 615115856.
[2014.12.07-09.59.23:058][242]LogFbx: 	Attribute (eyebrow007) Type (4).
[2014.12.07-09.59.23:058][242]LogFbx: 		[Node Attribute Child 1] eyebrow007Mesh (Type Mesh).
[2014.12.07-09.59.23:058][242]LogFbx: Dumping Node END [eyebrow007Mesh]
[2014.12.07-09.59.23:058][242]LogFbx: =================================================
[2014.12.07-09.59.23:058][242]LogFbx: Dumping Node START [eyelashes01Mesh] 
[2014.12.07-09.59.23:058][242]LogFbx: 	Total Deformer Count 615115856.
[2014.12.07-09.59.23:058][242]LogFbx: 	Attribute (eyelashes01) Type (4).
[2014.12.07-09.59.23:058][242]LogFbx: 		[Node Attribute Child 1] eyelashes01Mesh (Type Mesh).
[2014.12.07-09.59.23:058][242]LogFbx: Dumping Node END [eyelashes01Mesh]
[2014.12.07-09.59.23:058][242]LogFbx: =================================================
[2014.12.07-09.59.23:058][242]LogFbx: Dumping Node START [teeth_baseMesh] 
[2014.12.07-09.59.23:058][242]LogFbx: 	Total Deformer Count 615115856.
[2014.12.07-09.59.23:058][242]LogFbx: 	Attribute (teeth_base) Type (4).
[2014.12.07-09.59.23:058][242]LogFbx: 		[Node Attribute Child 1] teeth_baseMesh (Type Mesh).
[2014.12.07-09.59.23:058][242]LogFbx: Dumping Node END [teeth_baseMesh]
[2014.12.07-09.59.23:058][242]LogFbx: =================================================
[2014.12.07-09.59.23:058][242]LogFbx: Dumping Node START [tongue01Mesh] 
[2014.12.07-09.59.23:058][242]LogFbx: 	Total Deformer Count 615115856.
[2014.12.07-09.59.23:058][242]LogFbx: 	Attribute (tongue01) Type (4).
[2014.12.07-09.59.23:058][242]LogFbx: 		[Node Attribute Child 1] tongue01Mesh (Type Mesh).
[2014.12.07-09.59.23:058][242]LogFbx: Dumping Node END [tongue01Mesh]
[2014.12.07-09.59.23:058][242]LogFbx: =================================================
[2014.12.07-09.59.23:058][242]LogFbx: Dumping Node START [jeans01Mesh] 
[2014.12.07-09.59.23:058][242]LogFbx: 	Total Deformer Count 1346086400.
[2014.12.07-09.59.23:058][242]LogFbx: 	Attribute (jeans01) Type (4).
[2014.12.07-09.59.23:058][242]LogFbx: 		[Node Attribute Child 1] jeans01Mesh (Type Mesh).
[2014.12.07-09.59.23:058][242]LogFbx: Dumping Node END [jeans01Mesh]
[2014.12.07-09.59.23:058][242]LogFbx: =================================================
[2014.12.07-09.59.23:058][242]LogFbx: Dumping Node START [shoes02Mesh] 
[2014.12.07-09.59.23:058][242]LogFbx: 	Total Deformer Count 1346086400.
[2014.12.07-09.59.23:058][242]LogFbx: 	Attribute (shoes02) Type (4).
[2014.12.07-09.59.23:058][242]LogFbx: 		[Node Attribute Child 1] shoes02Mesh (Type Mesh).
[2014.12.07-09.59.23:058][242]LogFbx: Dumping Node END [shoes02Mesh]
[2014.12.07-09.59.23:058][242]LogFbx: =================================================
[2014.12.07-09.59.23:058][242]LogFbx: Dumping Node START [tshirt02Mesh] 
[2014.12.07-09.59.23:058][242]LogFbx: 	Total Deformer Count 615115856.
[2014.12.07-09.59.23:058][242]LogFbx: 	Attribute (tshirt02) Type (4).
[2014.12.07-09.59.23:058][242]LogFbx: 		[Node Attribute Child 1] tshirt02Mesh (Type Mesh).
[2014.12.07-09.59.23:058][242]LogFbx: Dumping Node END [tshirt02Mesh]
[2014.12.07-09.59.23:059][242]LogFbx:Warning: Warning Warning: No smoothing group information was found in this FBX scene.  Please make sure to enable the 'Export Smoothing Groups' option in the FBX Exporter plug-in before exporting the file.  Even for tools that don't support smoothing groups, the FBX Exporter will generate appropriate smoothing data at export-time so that correct vertex normals can be inferred while importing.
[2014.12.07-09.59.23:062][242]LogFbx:Warning: Warning Could not find the bind pose.  It will use time 0 as bind pose.
[2014.12.07-09.59.23:062][242]LogFbx: Triangulating skeletal mesh male1591Mesh
[2014.12.07-09.59.23:630][242]LogFbx:Warning: Bones digested - 1  Depth of hierarchy - 1
[2014.12.07-09.59.23:671][242]LogSkeletalMesh: Chunk 0: 1568 rigid vertices, 0 soft vertices, 1 active bones
[2014.12.07-09.59.23:675][242]LogSkeletalMesh: Section 0: Material=0, Chunk=0, 2414 triangles
[2014.12.07-09.59.34:795][242]LogEditorFactories: -- imported successfully
[2014.12.07-09.59.55:694][647]BlueprintLog: New page: Pre-PIE auto-recompile
[2014.12.07-09.59.55:694][647]LogPlayLevel: [PIE] Compiling Tutorial_BP_MacroLib before PIE...
[2014.12.07-09.59.55:806][647]LogParticles: Destroying 0 GPU particle simulations for FXSystem 0x000000003B3C8900
[2014.12.07-09.59.55:809][647]LogParticles: Destroying 0 GPU particle simulations for FXSystem 0x0000000014B38400
[2014.12.07-09.59.55:809][647]LogPlayLevel: PIE:  Blueprint regeneration took 114 ms (1 blueprints)
[2014.12.07-09.59.55:809][647]PIE: New page: PIE session: LivingRoom (Dec 6, 2014, 5:59:55 PM)
[2014.12.07-09.59.55:855][647]LogPlayLevel: PIE: StaticDuplicateObject took: (0.046353s)
[2014.12.07-09.59.55:856][647]LogPlayLevel: PIE: World Init took: (0.000775s)
[2014.12.07-09.59.55:856][647]LogPlayLevel: PIE: Created PIE world by copying editor world from /Game/Maps/LivingRoom.LivingRoom to /Game/Maps/UEDPIE_0_LivingRoom.LivingRoom (0.047375s)
[2014.12.07-09.59.55:885][647]LogWorld: Game class is 'MyGame_C'
[2014.12.07-09.59.55:886][647]LogAIModule: Creating AISystem for world LivingRoom
[2014.12.07-09.59.55:910][647]LogPhysics:Warning: AddShapesToRigidActor: ConvexElem is missing ConvexMesh (11: /Game/Character/newcatcauseoldcatsucks.newcatcauseoldcatsucks:BodySetup_3)
[2014.12.07-09.59.55:911][647]LogWorld: Bringing World /Game/Maps/UEDPIE_0_LivingRoom.LivingRoom up for play (max tick rate 60) at 2014.12.07-01.59.55
[2014.12.07-09.59.55:912][647]LogWorld: Bringing up level for play took: 0.025582
[2014.12.07-09.59.55:913][647]LogWindows:Error: Windows GetLastError: The operation completed successfully. (0)
[2014.12.07-09.59.55:913][647]LogCrashTracker: 


[2014.12.07-09.59.56:965][647]LogCrashTracker: 


[2014.12.07-09.59.56:965][647]LogWindows: === Critical error: ===
Assertion failed: (Index >= 0) & (Index < ArrayNum) [File:D:\BuildFarm\buildmachine_++depot+UE4-Releases+4.5\Engine\Source\Runtime\Core\Public\Containers\Array.h] [Line: 536] 
Array index out of bounds: 1 from an array of size 1


KERNELBASE.dll!UnknownFunction (0x000007fefd67940d) + 0 bytes [UnknownFile:0]
UE4Editor-Core.dll!UnknownFunction (0x000007fee1b371c4) + 0 bytes [UnknownFile:0]
UE4Editor-Core.dll!UnknownFunction (0x000007fee19c98c8) + 0 bytes [UnknownFile:0]
UE4Editor-Core.dll!UnknownFunction (0x000007fee19ae892) + 0 bytes [UnknownFile:0]
UE4Editor-Engine.dll!UnknownFunction (0x000007fedfaaf101) + 0 bytes [UnknownFile:0]
UE4Editor-Engine.dll!UnknownFunction (0x000007fedfaae323) + 0 bytes [UnknownFile:0]
UE4Editor-Engine.dll!UnknownFunction (0x000007fedfa5967b) + 0 bytes [UnknownFile:0]
UE4Editor-Engine.dll!UnknownFunction (0x000007fedfa594b1) + 0 bytes [UnknownFile:0]
UE4Editor-Engine.dll!UnknownFunction (0x000007fedfa2acb8) + 0 bytes [UnknownFile:0]
UE4Editor-Engine.dll!UnknownFunction (0x000007fedfa9c20f) + 0 bytes [UnknownFile:0]
UE4Editor-Engine.dll!UnknownFunction (0x000007fedfa9c20f) + 0 bytes [UnknownFile:0]
UE4Editor-Engine.dll!UnknownFunction (0x000007fedfa9be03) + 0 bytes [UnknownFile:0]
UE4Editor-Engine.dll!UnknownFunction (0x000007fedfa9c20f) + 0 bytes [UnknownFile:0]
UE4Editor-Engine.dll!UnknownFunction (0x000007fedfa4643a) + 0 bytes [UnknownFile:0]
UE4Editor-Engine.dll!UnknownFunction (0x000007fedf6cb619) + 0 bytes [UnknownFile:0]
UE4Editor-Engine.dll!UnknownFunction (0x000007fedf6f367f) + 0 bytes [UnknownFile:0]
UE4Editor-Engine.dll!UnknownFunction (0x000007fedf6fa4a0) + 0 bytes [UnknownFile:0]
UE4Editor-Engine.dll!UnknownFunction (0x000007fedf6eb934) + 0 bytes [UnknownFile:0]
UE4Editor-Engine.dll!UnknownFunction (0x000007fedf6f2ebc) + 0 bytes [UnknownFile:0]
UE4Editor-Engine.dll!UnknownFunction (0x000007fedf182890) + 0 bytes [UnknownFile:0]
UE4Editor-Engine.dll!UnknownFunction (0x000007fedf1aeeb7) + 0 bytes [UnknownFile:0]
UE4Editor-Engine.dll!UnknownFunction (0x000007fedf19f13d) + 0 bytes [UnknownFile:0]
UE4Editor-Engine.dll!UnknownFunction (0x000007fedf1ae99b) + 0 bytes [UnknownFile:0]
UE4Editor-Engine.dll!UnknownFunction (0x000007fedf1aae69) + 0 bytes [UnknownFile:0]
UE4Editor-Engine.dll!UnknownFunction (0x000007fedf4c9feb) + 0 bytes [UnknownFile:0]
UE4Editor-Engine.dll!UnknownFunction (0x000007fedf3a392b) + 0 bytes [UnknownFile:0]
UE4Editor-Engine.dll!UnknownFunction (0x000007fedf39f953) + 0 bytes [UnknownFile:0]
UE4Editor-Engine.dll!UnknownFunction (0x000007fedf388450) + 0 bytes [UnknownFile:0]
UE4Editor-Engine.dll!UnknownFunction (0x000007fedf3a1b1d) + 0 bytes [UnknownFile:0]
UE4Editor-Engine.dll!UnknownFunction (0x000007fedf3a4333) + 0 bytes [UnknownFile:0]
UE4Editor-Engine.dll!UnknownFunction (0x000007fedf3a4baa) + 0 bytes [UnknownFile:0]
UE4Editor-UnrealEd.dll!UnknownFunction (0x000007fede093f57) + 0 bytes [UnknownFile:0]
UE4Editor-UnrealEd.dll!UnknownFunction (0x000007fede0d9750) + 0 bytes [UnknownFile:0]
UE4Editor-UnrealEd.dll!UnknownFunction (0x000007fede0f10b6) + 0 bytes [UnknownFile:0]
UE4Editor-UnrealEd.dll!UnknownFunction (0x000007fedde6e3d1) + 0 bytes [UnknownFile:0]
UE4Editor-UnrealEd.dll!UnknownFunction (0x000007fede2cf966) + 0 bytes [UnknownFile:0]
UE4Editor.exe!FEngineLoop::Tick() (0x000000013fdfa8f4) + 0 bytes [d:\buildfarm\buildmachine_++depot+ue4-releases+4.5\engine\source\runtime\launch\private\launchengineloop.cpp:2129]
UE4Editor.exe!GuardedMain() (0x000000013fdef9df) + 0 bytes [d:\buildfarm\buildmachine_++depot+ue4-releases+4.5\engine\source\runtime\launch\private\launch.cpp:133]
UE4Editor.exe!GuardedMainWrapper() (0x000000013fdefa4a) + 5 bytes [d:\buildfarm\buildmachine_++depot+ue4-releases+4.5\engine\source\runtime\launch\private\windows\launchwindows.cpp:125]
UE4Editor.exe!WinMain() (0x000000013fdfbf19) + 17 bytes [d:\buildfarm\buildmachine_++depot+ue4-releases+4.5\engine\source\runtime\launch\private\windows\launchwindows.cpp:201]
UE4Editor.exe!__tmainCRTStartup() (0x000000013fdfcdc9) + 21 bytes [f:\dd\vctools\crt\crtw32\dllstuff\crtexe.c:618]
kernel32.dll!UnknownFunction (0x00000000773759ed) + 0 bytes [UnknownFile:0]
ntdll.dll!UnknownFunction (0x00000000775ac541) + 0 bytes [UnknownFile:0]
ntdll.dll!UnknownFunction (0x00000000775ac541) + 0 bytes [UnknownFile:0]


[2014.12.07-09.59.57:149][647]LogExit: Executing StaticShutdownAfterError
[2014.12.07-09.59.57:182][647]LogWindows: FPlatformMisc::RequestExit(1)
[2014.12.07-09.59.57:182][647]Log file closed, 12/07/14 01:59:57
