Log file open, 11/18/14 22:34:05
LogInit:Display: Running engine for game: Trial_third_person
LogInit: Version: 4.5.1-2336687+++depot+UE4-Releases+4.5
LogInit: API Version: 2326478
LogInit: Compiled (64-bit): Oct 21 2014 22:32:40
LogInit: Compiled with Visual C++: 18.00.21005.01
LogInit: Build Configuration: Development
LogInit: Branch Name: ++depot+UE4-Releases+4.5
LogInit: Command line:  
LogInit: Base directory: C:/Program Files/Epic Games/4.5/Engine/Binaries/Win64/
LogInit: Rocket: 1
[2014.11.19-06.34.05:824][  0]LogTaskGraph: Started task graph with 3 named threads and 4 total threads.
[2014.11.19-06.34.05:860][  0]LogOnline:Warning: No default platform service specified for OnlineSubsystem
[2014.11.19-06.34.05:910][  0]LogInit: Presizing for 0 objects not considered by GC, pre-allocating 0 bytes.
[2014.11.19-06.34.05:924][  0]LogInit: Object subsystem initialized
[2014.11.19-06.34.05:933][  0]LogConsoleResponse:Warning: Skipping Unknown console variable: 'UIScaleRule = ShortestSide'
[2014.11.19-06.34.05:933][  0]LogConsoleResponse:Warning:   Found in ini file 'D:/Study-Session/Trial_third_person/Saved/Config/Windows/Engine.ini', in section '[/Script/Engine.RendererSettings]'
[2014.11.19-06.34.05:933][  0]LogConsoleResponse:Warning: Skipping Unknown console variable: 'UIScaleCurve = (EditorCurveData=(Keys=((Time=480.000000,Value=0.444000),(Time=720.000000,Value=0.666000),(Time=1080.000000,Value=1.000000),(Time=8640.000000,Value=8.000000))),ExternalCurve=None)'
[2014.11.19-06.34.05:933][  0]LogConsoleResponse:Warning:   Found in ini file 'D:/Study-Session/Trial_third_person/Saved/Config/Windows/Engine.ini', in section '[/Script/Engine.RendererSettings]'
[2014.11.19-06.34.05:935][  0]LogInit: Selected Device Profile: [Windows]
[2014.11.19-06.34.05:935][  0]LogInit: Applying CVar settings loaded from the selected device profile: [Windows]
[2014.11.19-06.34.05:944][  0]LogInit: Computer: ZEN-MATT
[2014.11.19-06.34.05:944][  0]LogInit: User: Matt
[2014.11.19-06.34.05:946][  0]LogInit: CPU Page size=4096, Cores=2
[2014.11.19-06.34.05:946][  0]LogInit: High frequency timer resolution =2.338593 MHz
[2014.11.19-06.34.05:946][  0]LogMemory: Memory total: Physical=3.9GB (4GB approx) Virtual=8192.0GB
[2014.11.19-06.34.05:946][  0]LogMemory: Platform Memory Stats for Windows
[2014.11.19-06.34.05:946][  0]LogMemory: Process Physical Memory: 63.79 MB used, 63.79 MB peak
[2014.11.19-06.34.05:946][  0]LogMemory: Process Virtual Memory: 39.38 MB used, 39.38 MB peak
[2014.11.19-06.34.05:946][  0]LogMemory: Physical Memory: 2371.07 MB used, 3981.98 MB total
[2014.11.19-06.34.05:946][  0]LogMemory: Virtual Memory: 269.22 MB used, 8388608.00 MB total
[2014.11.19-06.34.06:050][  0]LogD3D11RHI: Found D3D11 adapter 0: Intel(R) HD Graphics 4000 (Feature Level 11_0)
[2014.11.19-06.34.06:050][  0]LogD3D11RHI: Adapter has 64MB of dedicated video memory, 0MB of dedicated system memory, and 1632MB of shared system memory, 1 output[s]
[2014.11.19-06.34.06:050][  0]LogD3D11RHI: Chosen D3D11 Adapter Id = 0
[2014.11.19-06.34.06:058][  0]LogRHI: Texture pool is 616 MB (70% of 880 MB)
[2014.11.19-06.34.06:082][  0]LogD3D11RHI: Async texture creation enabled
[2014.11.19-06.34.06:196][  0]LogTextLocalizationManager: The requested culture ('en_US') has no localization data; parent culture's ('en') localization data will be used.
[2014.11.19-06.34.06:391][  0]LogContentStreaming: Texture pool size is 0.000000MB
[2014.11.19-06.34.13:218][  0]LogTargetPlatformManager:Display: Building Assets For Windows
[2014.11.19-06.34.13:871][  0]LogTargetPlatformManager:Display: Building Assets For Windows
[2014.11.19-06.34.13:965][  0]LogDerivedDataCache:Display: Max Cache Size: 512 MB
[2014.11.19-06.34.14:095][  0]LogDerivedDataCache: Loaded boot cache 0.13s 39MB C:/Users/Matt/AppData/Local/UnrealEngine/4.5/DerivedDataCache/Boot.ddc.
[2014.11.19-06.34.14:095][  0]LogDerivedDataCache:Display: Loaded Boot cache: C:/Users/Matt/AppData/Local/UnrealEngine/4.5/DerivedDataCache/Boot.ddc
[2014.11.19-06.34.14:095][  0]LogDerivedDataCache: FDerivedDataBackendGraph:  Pak pak cache file D:/Study-Session/Trial_third_person/DerivedDataCache/DDC.ddp not found, will not use a pak cache.
[2014.11.19-06.34.14:095][  0]LogDerivedDataCache: Unable to find inner node Pak for hierarchical cache Hierarchy.
[2014.11.19-06.34.14:178][  0]LogDerivedDataCache:Display: Pak cache opened for reading ../../../Engine/DerivedDataCache/DDC.ddp.
[2014.11.19-06.34.14:189][  0]LogDerivedDataCache: Using Local data cache path C:/Users/Matt/AppData/Local/UnrealEngine/Common/DerivedDataCache: Writable
[2014.11.19-06.34.14:883][  0]LogMeshUtilities: No automatic mesh reduction module available
[2014.11.19-06.34.14:883][  0]LogMeshUtilities: No automatic mesh merging module available
[2014.11.19-06.34.15:221][  0]LogLinker:Warning: Asset '../../../Engine/Content/Functions/Engine_MaterialFunctions02/Texturing/FlipBook.uasset' has been saved with empty engine version. The asset will be loaded but may be incompatible.
[2014.11.19-06.34.15:225][  0]LogLinker:Warning: Asset '../../../Engine/Content/Functions/Engine_MaterialFunctions02/ExampleContent/Textures/flipbook.uasset' has been saved with empty engine version. The asset will be loaded but may be incompatible.
[2014.11.19-06.34.15:505][  0]LogInit: WinSock: version 1.1 (2.2), MaxSocks=32767, MaxUdp=65467
[2014.11.19-06.34.18:101][  0]UdpMessaging: Initializing bridge on interface 0.0.0.0:0 to multicast group 230.0.0.1:6666.
[2014.11.19-06.34.18:409][  0]LogDirectoryWatcher:Warning: Failed to begin reading directory changes for D:/Study-Session/Trial_third_person/Binaries/Win64. Error: 0
[2014.11.19-06.34.18:658][  0]SourceControl: Info Source control is disabled
[2014.11.19-06.34.18:658][  0]SourceControl: Info Source control is disabled
[2014.11.19-06.34.18:673][  0]SourceControl: Info Source control is disabled
[2014.11.19-06.34.18:944][  0]LogObj: 22915 objects as part of root set at end of initial load.
[2014.11.19-06.34.18:944][  0]LogUObjectAllocator: 4803536 out of 0 bytes used by permanent object pool.
[2014.11.19-06.34.19:059][  0]LogEngine: Initializing Engine...
[2014.11.19-06.34.19:241][  0]LogInit: XAudio2 using 'Speakers (Realtek High Definition Audio)' : 2 channels at 48 kHz using 32 bits per sample (channel mask 0x3)
[2014.11.19-06.34.19:296][  0]LogInit: FAudioDevice initialized.
[2014.11.19-06.34.19:346][  0]LogAIModule: Creating AISystem for world NewWorld
[2014.11.19-06.34.19:373][  0]LogDerivedDataCache: Saved boot cache 0.02s 39MB C:/Users/Matt/AppData/Local/UnrealEngine/4.5/DerivedDataCache/Boot.ddc.
[2014.11.19-06.34.19:375][  0]LogInit: Texture streaming: Enabled
[2014.11.19-06.34.19:455][  0]LogInit: Transaction tracking system initialized
[2014.11.19-06.34.19:640][  0]BlueprintLog: New page: Editor Load
[2014.11.19-06.34.19:696][  0]LogAssetRegistry: FAssetRegistry took 0.0093 seconds to start up
[2014.11.19-06.34.19:697][  0]LogDirectoryWatcher:Warning: Failed to begin reading directory changes for ../../../Engine/Plugins/Experimental/CharacterAI/Content/. Error: 0
[2014.11.19-06.34.20:547][  0]LogTargetPlatformManager:Display: Building Assets For Windows
[2014.11.19-06.34.21:028][  0]LogTargetPlatformManager:Display: Building Assets For Windows
[2014.11.19-06.34.21:470][  0]LogConsoleResponse:Display: 
[2014.11.19-06.34.21:862][  0]SourceControl: Info Source control is disabled
[2014.11.19-06.34.21:863][  0]Cmd: MAP LOAD FILE="D:/Study-Session/Trial_third_person/Content/Maps/Example_Map.umap" TEMPLATE=0 SHOWPROGRESS=1
[2014.11.19-06.34.21:864][  0]LightingResults: New page: Lighting Build
[2014.11.19-06.34.21:883][  0]MapCheck: New page: Map Check
[2014.11.19-06.34.21:883][  0]LightingResults: New page: Lighting Build
[2014.11.19-06.34.21:911][  0]LogParticles: Destroying 0 GPU particle simulations for FXSystem 0x00000000155C6840
[2014.11.19-06.34.22:301][  0]LogEditorServer: Finished looking for orphan Actors (0.000 secs)
[2014.11.19-06.34.22:302][  0]LogAIModule: Creating AISystem for world Example_Map
[2014.11.19-06.34.22:303][  0]Cmd: MAP CHECKDEP
[2014.11.19-06.34.22:303][  0]MapCheck: New page: Example_Map - Nov 18, 2014, 2:34:22 PM
[2014.11.19-06.34.22:457][  0]MapCheck: Info Map check complete: 0 Error(s), 0 Warning(s), took 154.479ms to complete.
[2014.11.19-06.34.22:457][  0]LogFileHelpers: Loading map 'Example_Map' took 0.594
[2014.11.19-06.34.22:590][  0]LogCollectionManager: Loaded 0 collections in 0.001708 seconds
[2014.11.19-06.34.22:822][  0]LogCrashTracker: Crashtracker disabled due to settings.
[2014.11.19-06.34.22:839][  0]LogUObjectGlobals:Warning: Failed to find object 'Class None.'
[2014.11.19-06.34.22:893][  0]LogLoad: Full Startup: 20.42 seconds (BP compile: 0.08 seconds)
[2014.11.19-06.34.23:237][  0]LogContentBrowser:Verbose: The content browser source was changed by the sources view to '/Game/Maps'
[2014.11.19-06.34.23:411][  0]LogRenderer:Warning: Reallocating scene render targets to support 1016x896.
[2014.11.19-06.34.25:010][  4]LogAssetRegistry: Asset discovery search completed in 5.3234 seconds
[2014.11.19-06.35.41:203][635]LogContentBrowser:Verbose: The content browser source was changed by the sources view to '/Game/Blueprints'
[2014.11.19-06.40.06:667][907]LogRenderer:Warning: Reallocating scene render targets to support 1616x896.
[2014.11.19-06.41.04:071][215]LogContentBrowser:Verbose: The content browser source was changed by the sources view to 'None'
[2014.11.19-06.41.04:072][215]LogContentBrowser:Verbose: The content browser source was changed by the sources view to '/Game/Blueprints'
[2014.11.19-06.44.25:248][ 17]LogActorComponent: UnregisterComponent: (/Engine/Transient.CharacterMovementComponent_0) Not registered. Aborting.
[2014.11.19-06.44.25:331][ 17]LogFileHelpers: Editor autosave (incl. sublevels) for '/Game/Maps/Example_Map' took 0.084
[2014.11.19-06.44.25:343][ 17]OBJ SavePackage: Generating thumbnails for [1] asset(s) in package [/Game/Blueprints/MyCharacter] ([1] browsable assets)...
[2014.11.19-06.44.25:384][ 17]OBJ SavePackage:     Rendered thumbnail for [Blueprint /Game/Blueprints/MyCharacter.MyCharacter]
[2014.11.19-06.44.25:384][ 17]OBJ SavePackage: Finished generating thumbnails for package [/Game/Blueprints/MyCharacter]
[2014.11.19-06.44.25:387][ 17]Cmd: OBJ SAVEPACKAGE PACKAGE="/Game/Blueprints/MyCharacter" FILE="D:/Study-Session/Trial_third_person/Saved/Autosaves/Game/Blueprints/MyCharacter_Auto1.uasset" SILENT=false AUTOSAVING=true
[2014.11.19-06.44.25:805][ 17]LogSavePackage: Save=393.758972ms
[2014.11.19-06.44.25:805][ 17]LogSavePackage: Moving 'D:/Study-Session/Trial_third_person/Saved/MyCharacter_Auto135AE8649426D4D15FC79FF9A6EC6D87B.tmp' to 'D:/Study-Session/Trial_third_person/Saved/Autosaves/Game/Blueprints/MyCharacter_Auto1.uasset'
[2014.11.19-06.44.25:813][ 17]LogFileHelpers: Auto-saving content packages took 0.482
[2014.11.19-06.44.59:082][954]LogActorComponent: UnregisterComponent: (/Engine/Transient.CharacterMovementComponent_1) Not registered. Aborting.
[2014.11.19-06.45.54:920][750]BlueprintLog: New page: Compile MyCharacter
[2014.11.19-06.45.55:352][750]BlueprintEditorCompileResults: Info [0712.59] Compile of MyCharacter successful! [in 98 ms]
[2014.11.19-06.47.50:674][813]LogSlate:Warning: GetFontFace failed to load or process 'Roboto-Regular'
[2014.11.19-06.47.50:674][813]LogSlate:Warning: GetFontFace failed to load or process 'Roboto-Regular'
[2014.11.19-06.47.50:688][813]LogSlate:Warning: GetFontFace failed to load or process 'Roboto-Regular'
[2014.11.19-06.47.50:688][813]LogSlate:Warning: GetFontFace failed to load or process 'Roboto-Regular'
[2014.11.19-06.47.50:688][813]LogSlate:Warning: GetFontFace failed to load or process 'Roboto-Regular'
[2014.11.19-06.47.50:688][813]LogSlate:Warning: GetFontFace failed to load or process 'Roboto-Regular'
[2014.11.19-06.47.50:689][813]LogSlate:Warning: GetFontFace failed to load or process 'Roboto-Regular'
[2014.11.19-06.47.50:689][813]LogSlate:Warning: GetFontFace failed to load or process 'Roboto-Regular'
[2014.11.19-06.47.50:689][813]LogSlate:Warning: GetFontFace failed to load or process 'Roboto-Regular'
[2014.11.19-06.47.50:689][813]LogSlate:Warning: GetFontFace failed to load or process 'Roboto-Regular'
[2014.11.19-06.47.50:689][813]LogSlate:Warning: GetFontFace failed to load or process 'Roboto-Regular'
[2014.11.19-06.47.50:689][813]LogSlate:Warning: GetFontFace failed to load or process 'Roboto-Regular'
[2014.11.19-06.47.50:690][813]LogSlate:Warning: GetFontFace failed to load or process 'Roboto-Regular'
[2014.11.19-06.47.50:690][813]LogSlate:Warning: GetFontFace failed to load or process 'Roboto-Regular'
[2014.11.19-06.47.50:690][813]LogSlate:Warning: GetFontFace failed to load or process 'Roboto-Regular'
[2014.11.19-06.47.50:690][813]LogSlate:Warning: GetFontFace failed to load or process 'Roboto-Regular'
[2014.11.19-06.47.50:690][813]LogSlate:Warning: GetFontFace failed to load or process 'Roboto-Regular'
[2014.11.19-06.47.50:691][813]LogSlate:Warning: GetFontFace failed to load or process 'Roboto-Regular'
[2014.11.19-06.47.50:691][813]LogSlate:Warning: GetFontFace failed to load or process 'Roboto-Regular'
[2014.11.19-06.49.46:752][260]LogActorComponent: UnregisterComponent: (/Engine/Transient.CharacterMovementComponent_2) Not registered. Aborting.
[2014.11.19-06.52.25:543][441]LogSlate:Warning: GetFontFace failed to load or process 'Roboto-Regular'
[2014.11.19-06.52.25:543][441]LogSlate:Warning: GetFontFace failed to load or process 'Roboto-Regular'
[2014.11.19-06.52.25:544][441]LogSlate:Warning: GetFontFace failed to load or process 'Roboto-Regular'
[2014.11.19-06.52.25:544][441]LogSlate:Warning: GetFontFace failed to load or process 'Roboto-Regular'
[2014.11.19-06.52.25:544][441]LogSlate:Warning: GetFontFace failed to load or process 'Roboto-Regular'
[2014.11.19-06.52.25:544][441]LogSlate:Warning: GetFontFace failed to load or process 'Roboto-Regular'
[2014.11.19-06.52.25:545][441]LogSlate:Warning: GetFontFace failed to load or process 'Roboto-Regular'
[2014.11.19-06.52.25:545][441]LogSlate:Warning: GetFontFace failed to load or process 'Roboto-Regular'
[2014.11.19-06.52.25:545][441]LogSlate:Warning: GetFontFace failed to load or process 'Roboto-Regular'
[2014.11.19-06.52.25:546][441]LogSlate:Warning: GetFontFace failed to load or process 'Roboto-Regular'
[2014.11.19-06.54.19:820][362]LogFileHelpers: Editor autosave (incl. sublevels) for '/Game/Maps/Example_Map' took 0.061
[2014.11.19-06.54.19:833][362]OBJ SavePackage: Generating thumbnails for [1] asset(s) in package [/Game/Blueprints/MyCharacter] ([1] browsable assets)...
[2014.11.19-06.54.19:868][362]OBJ SavePackage:     Rendered thumbnail for [Blueprint /Game/Blueprints/MyCharacter.MyCharacter]
[2014.11.19-06.54.19:868][362]OBJ SavePackage: Finished generating thumbnails for package [/Game/Blueprints/MyCharacter]
[2014.11.19-06.54.19:871][362]Cmd: OBJ SAVEPACKAGE PACKAGE="/Game/Blueprints/MyCharacter" FILE="D:/Study-Session/Trial_third_person/Saved/Autosaves/Game/Blueprints/MyCharacter_Auto2.uasset" SILENT=false AUTOSAVING=true
[2014.11.19-06.54.20:242][362]LogSavePackage: Save=344.691437ms
[2014.11.19-06.54.20:242][362]LogSavePackage: Moving 'D:/Study-Session/Trial_third_person/Saved/MyCharacter_Auto23533A8624B9246148527389C25D9D095.tmp' to 'D:/Study-Session/Trial_third_person/Saved/Autosaves/Game/Blueprints/MyCharacter_Auto2.uasset'
[2014.11.19-06.54.20:249][362]LogFileHelpers: Auto-saving content packages took 0.429
[2014.11.19-06.54.28:631][617]LogUObjectGlobals:Warning: Failed to find object 'Object None.'
[2014.11.19-06.55.05:169][153]LogActorComponent: UnregisterComponent: (/Engine/Transient.CharacterMovementComponent_3) Not registered. Aborting.
[2014.11.19-06.55.05:284][153]Cmd: OBJ SAVEPACKAGE PACKAGE="/Game/Blueprints/MyCharacter" FILE="D:/Study-Session/Trial_third_person/Content/Blueprints/MyCharacter.uasset" SILENT=true
[2014.11.19-06.55.05:638][153]LogSavePackage: Save=343.402222ms
[2014.11.19-06.55.05:638][153]LogSavePackage: Moving 'D:/Study-Session/Trial_third_person/Saved/MyCharacter64E7EB4145587ED0E3869F95F28981EA.tmp' to 'D:/Study-Session/Trial_third_person/Content/Blueprints/MyCharacter.uasset'
[2014.11.19-06.55.07:862][266]BlueprintLog: New page: Compile MyCharacter
[2014.11.19-06.55.08:136][266]LogActorComponent: UnregisterComponent: (/Engine/Transient.CharacterMovementComponent_4) Not registered. Aborting.
[2014.11.19-06.55.08:278][266]BlueprintEditorCompileResults: Info [1265.49] Compile of MyCharacter successful! [in 92 ms]
[2014.11.19-06.55.33:434][313]Cmd: OBJ SAVEPACKAGE PACKAGE="/Game/Blueprints/MyCharacter" FILE="D:/Study-Session/Trial_third_person/Content/Blueprints/MyCharacter.uasset" SILENT=true
[2014.11.19-06.55.33:792][313]LogSavePackage: Save=345.327728ms
[2014.11.19-06.55.33:792][313]LogSavePackage: Moving 'D:/Study-Session/Trial_third_person/Saved/MyCharacterCA30402F422B2A7A506AB59988CFC0A3.tmp' to 'D:/Study-Session/Trial_third_person/Content/Blueprints/MyCharacter.uasset'
[2014.11.19-06.55.48:033][ 39]LogPropertyNode:Warning: UI Min (0) >= UI Max () for Ranged Numeric
[2014.11.19-06.55.48:315][ 56]LogPropertyNode:Warning: UI Min (0) >= UI Max () for Ranged Numeric
[2014.11.19-06.55.48:350][ 58]LogPropertyNode:Warning: UI Min (0) >= UI Max () for Ranged Numeric
[2014.11.19-06.55.48:351][ 58]LogPropertyNode:Warning: UI Min (0) >= UI Max () for Ranged Numeric
[2014.11.19-06.55.48:366][ 59]LogPropertyNode:Warning: UI Min (0) >= UI Max () for Ranged Numeric
[2014.11.19-06.55.48:367][ 59]LogPropertyNode:Warning: UI Min (0) >= UI Max () for Ranged Numeric
[2014.11.19-06.55.48:368][ 59]LogPropertyNode:Warning: UI Min (0) >= UI Max () for Ranged Numeric
[2014.11.19-06.55.48:369][ 59]LogPropertyNode:Warning: UI Min (0) >= UI Max () for Ranged Numeric
[2014.11.19-06.55.48:382][ 60]LogPropertyNode:Warning: UI Min (0) >= UI Max () for Ranged Numeric
[2014.11.19-06.55.48:384][ 60]LogPropertyNode:Warning: UI Min (0) >= UI Max () for Ranged Numeric
[2014.11.19-06.55.48:699][ 79]LogPropertyNode:Warning: UI Min (0) >= UI Max () for Ranged Numeric
[2014.11.19-06.55.48:700][ 79]LogPropertyNode:Warning: UI Min (0) >= UI Max () for Ranged Numeric
[2014.11.19-06.55.48:733][ 81]LogPropertyNode:Warning: UI Min (0) >= UI Max () for Ranged Numeric
[2014.11.19-06.55.48:749][ 82]LogPropertyNode:Warning: UI Min (0) >= UI Max () for Ranged Numeric
[2014.11.19-06.55.48:750][ 82]LogPropertyNode:Warning: UI Min (0) >= UI Max () for Ranged Numeric
[2014.11.19-06.55.48:751][ 82]LogPropertyNode:Warning: UI Min (0) >= UI Max () for Ranged Numeric
[2014.11.19-06.55.48:766][ 83]LogPropertyNode:Warning: UI Min (0) >= UI Max () for Ranged Numeric
[2014.11.19-06.55.48:767][ 83]LogPropertyNode:Warning: UI Min (0) >= UI Max () for Ranged Numeric
[2014.11.19-06.55.48:799][ 85]LogPropertyNode:Warning: UI Min (0) >= UI Max () for Ranged Numeric
[2014.11.19-06.55.54:567][431]LogPropertyNode:Warning: UI Min (0) >= UI Max () for Ranged Numeric
[2014.11.19-06.55.54:648][436]LogPropertyNode:Warning: UI Min (0) >= UI Max () for Ranged Numeric
[2014.11.19-06.55.54:650][436]LogPropertyNode:Warning: UI Min (0) >= UI Max () for Ranged Numeric
[2014.11.19-06.55.54:682][438]LogPropertyNode:Warning: UI Min (0) >= UI Max () for Ranged Numeric
[2014.11.19-06.55.54:815][446]LogPropertyNode:Warning: UI Min (0) >= UI Max () for Ranged Numeric
[2014.11.19-06.55.55:332][477]LogPropertyNode:Warning: UI Min (0) >= UI Max () for Ranged Numeric
[2014.11.19-06.55.55:333][477]LogPropertyNode:Warning: UI Min (0) >= UI Max () for Ranged Numeric
[2014.11.19-06.55.55:398][481]LogPropertyNode:Warning: UI Min (0) >= UI Max () for Ranged Numeric
[2014.11.19-06.55.55:449][484]LogPropertyNode:Warning: UI Min (0) >= UI Max () for Ranged Numeric
[2014.11.19-06.55.55:450][484]LogPropertyNode:Warning: UI Min (0) >= UI Max () for Ranged Numeric
[2014.11.19-06.55.55:498][487]LogPropertyNode:Warning: UI Min (0) >= UI Max () for Ranged Numeric
[2014.11.19-06.55.55:532][489]LogPropertyNode:Warning: UI Min (0) >= UI Max () for Ranged Numeric
[2014.11.19-06.55.55:582][492]LogPropertyNode:Warning: UI Min (0) >= UI Max () for Ranged Numeric
[2014.11.19-06.55.55:583][492]LogPropertyNode:Warning: UI Min (0) >= UI Max () for Ranged Numeric
[2014.11.19-06.55.55:665][497]LogPropertyNode:Warning: UI Min (0) >= UI Max () for Ranged Numeric
[2014.11.19-06.55.55:782][504]LogPropertyNode:Warning: UI Min (0) >= UI Max () for Ranged Numeric
[2014.11.19-06.55.56:265][533]LogPropertyNode:Warning: UI Min (0) >= UI Max () for Ranged Numeric
[2014.11.19-06.55.56:517][548]LogPropertyNode:Warning: UI Min (0) >= UI Max () for Ranged Numeric
[2014.11.19-06.55.56:699][559]LogPropertyNode:Warning: UI Min (0) >= UI Max () for Ranged Numeric
[2014.11.19-06.56.36:145][224]BlueprintLog: New page: Compile MyCharacter
[2014.11.19-06.56.36:411][224]LogActorComponent: UnregisterComponent: (/Engine/Transient.CharacterMovementComponent_5) Not registered. Aborting.
[2014.11.19-06.56.36:555][224]BlueprintEditorCompileResults: Info [1353.76] Compile of MyCharacter successful! [in 89 ms]
[2014.11.19-06.58.56:968][277]LogActorComponent: UnregisterComponent: (/Engine/Transient.CharacterMovementComponent_6) Not registered. Aborting.
[2014.11.19-06.59.22:929][420]Cmd: OBJ SAVEPACKAGE PACKAGE="/Game/Blueprints/MyCharacter" FILE="D:/Study-Session/Trial_third_person/Content/Blueprints/MyCharacter.uasset" SILENT=true
[2014.11.19-06.59.23:333][420]LogSavePackage: Save=389.421326ms
[2014.11.19-06.59.23:333][420]LogSavePackage: Moving 'D:/Study-Session/Trial_third_person/Saved/MyCharacter92DEDE654DA3274FAAE85F9B01381167.tmp' to 'D:/Study-Session/Trial_third_person/Content/Blueprints/MyCharacter.uasset'
[2014.11.19-06.59.25:613][535]BlueprintLog: New page: Compile MyCharacter
[2014.11.19-06.59.25:742][535]LogBlueprint:Error: [compiler] Error This blueprint (self) is not a CharacterMovementComponent, therefore ' Target ' must have a connection
[2014.11.19-06.59.25:744][535]LogBlueprint:Error: [compiler] Error Variable node  Set MaxWalkSpeed  uses an invalid target.  It may depend on a node that is not connected to the execution chain, and got purged.
[2014.11.19-06.59.25:806][535]LogBlueprint:Warning: [compiler] Warning [1523.23] Compile of MyCharacter failed. 2 Fatal Issue(s) 0 Warning(s) [in 92 ms]
[2014.11.19-06.59.25:998][535]LogActorComponent: UnregisterComponent: (/Engine/Transient.CharacterMovementComponent_7) Not registered. Aborting.
[2014.11.19-06.59.26:138][535]BlueprintEditorCompileResults:Error: Error This blueprint (self) is not a CharacterMovementComponent, therefore ' Target ' must have a connection
[2014.11.19-06.59.26:138][535]BlueprintEditorCompileResults:Error: Error Variable node  Set MaxWalkSpeed  uses an invalid target.  It may depend on a node that is not connected to the execution chain, and got purged.
[2014.11.19-06.59.26:138][535]BlueprintEditorCompileResults:Warning: Warning [1523.23] Compile of MyCharacter failed. 2 Fatal Issue(s) 0 Warning(s) [in 92 ms]
[2014.11.19-06.59.42:829][324]Cmd: OBJ SAVEPACKAGE PACKAGE="/Game/Blueprints/MyCharacter" FILE="D:/Study-Session/Trial_third_person/Content/Blueprints/MyCharacter.uasset" SILENT=true
[2014.11.19-06.59.43:186][324]LogSavePackage: Save=343.810150ms
[2014.11.19-06.59.43:186][324]LogSavePackage: Moving 'D:/Study-Session/Trial_third_person/Saved/MyCharacter10044A084637C642FC10D19718F1546D.tmp' to 'D:/Study-Session/Trial_third_person/Content/Blueprints/MyCharacter.uasset'
[2014.11.19-06.59.44:240][376]BlueprintLog: New page: Compile MyCharacter
[2014.11.19-06.59.44:525][376]LogActorComponent: UnregisterComponent: (/Engine/Transient.CharacterMovementComponent_8) Not registered. Aborting.
[2014.11.19-06.59.44:671][376]BlueprintEditorCompileResults: Info [1541.86] Compile of MyCharacter successful! [in 98 ms]
[2014.11.19-06.59.47:265][490]BlueprintLog: New page: Pre-PIE auto-recompile
[2014.11.19-06.59.47:265][490]LogPlayLevel: [PIE] Compiling Tutorial_BP_MacroLib before PIE...
[2014.11.19-06.59.47:366][490]LogPlayLevel: [PIE] Compiling GameHUD before PIE...
[2014.11.19-06.59.47:585][490]LogActorComponent: UnregisterComponent: (/Engine/Transient.CharacterMovementComponent_9) Not registered. Aborting.
[2014.11.19-06.59.47:665][490]LogPlayLevel: [PIE] Compiling MyCharacter before PIE...
[2014.11.19-06.59.48:109][490]LogPlayLevel: PIE:  Blueprint regeneration took 843 ms (3 blueprints)
[2014.11.19-06.59.48:109][490]PIE: New page: PIE session: Example_Map (Nov 18, 2014, 2:59:48 PM)
[2014.11.19-06.59.48:173][490]LogPlayLevel: PIE: StaticDuplicateObject took: (0.063967s)
[2014.11.19-06.59.48:174][490]LogPlayLevel: PIE: World Init took: (0.001008s)
[2014.11.19-06.59.48:175][490]LogPlayLevel: PIE: Created PIE world by copying editor world from /Game/Maps/Example_Map.Example_Map to /Game/Maps/UEDPIE_0_Example_Map.Example_Map (0.065319s)
[2014.11.19-06.59.48:245][490]LogWorld: Game class is 'MyGame_C'
[2014.11.19-06.59.48:261][490]LogAIModule: Creating AISystem for world Example_Map
[2014.11.19-06.59.48:263][490]LogWorld: Bringing World /Game/Maps/UEDPIE_0_Example_Map.Example_Map up for play (max tick rate 60) at 2014.11.18-22.59.48
[2014.11.19-06.59.48:263][490]LogWorld: Bringing up level for play took: 0.001399
[2014.11.19-06.59.48:292][490]LogCrashTracker: 


[2014.11.19-06.59.49:361][490]LogCrashTracker: 


[2014.11.19-06.59.49:361][490]LogWindows: === Critical error: ===
Fatal error!

Unhandled Exception: EXCEPTION_ACCESS_VIOLATION reading address 0x000000bc

UE4Editor-GameplayDebugger.dll!UnknownFunction (0x000007fedfc1c726) + 0 bytes [UnknownFile:0]
UE4Editor-Engine.dll!UnknownFunction (0x000007fedc9ba13b) + 0 bytes [UnknownFile:0]
UE4Editor-Engine.dll!UnknownFunction (0x000007fedc3e84a0) + 0 bytes [UnknownFile:0]
UE4Editor-Engine.dll!UnknownFunction (0x000007fedc401b1d) + 0 bytes [UnknownFile:0]
UE4Editor-Engine.dll!UnknownFunction (0x000007fedc404333) + 0 bytes [UnknownFile:0]
UE4Editor-Engine.dll!UnknownFunction (0x000007fedc404baa) + 0 bytes [UnknownFile:0]
UE4Editor-UnrealEd.dll!UnknownFunction (0x000007fee5853f57) + 0 bytes [UnknownFile:0]
UE4Editor-UnrealEd.dll!UnknownFunction (0x000007fee5899750) + 0 bytes [UnknownFile:0]
UE4Editor-UnrealEd.dll!UnknownFunction (0x000007fee58b10b6) + 0 bytes [UnknownFile:0]
UE4Editor-UnrealEd.dll!UnknownFunction (0x000007fee562e3d1) + 0 bytes [UnknownFile:0]
UE4Editor-UnrealEd.dll!UnknownFunction (0x000007fee5a8f966) + 0 bytes [UnknownFile:0]
UE4Editor.exe!FEngineLoop::Tick() (0x000000013f2fa8f4) + 0 bytes [d:\buildfarm\buildmachine_++depot+ue4-releases+4.5\engine\source\runtime\launch\private\launchengineloop.cpp:2129]
UE4Editor.exe!GuardedMain() (0x000000013f2ef9df) + 0 bytes [d:\buildfarm\buildmachine_++depot+ue4-releases+4.5\engine\source\runtime\launch\private\launch.cpp:133]
UE4Editor.exe!GuardedMainWrapper() (0x000000013f2efa4a) + 5 bytes [d:\buildfarm\buildmachine_++depot+ue4-releases+4.5\engine\source\runtime\launch\private\windows\launchwindows.cpp:125]
UE4Editor.exe!WinMain() (0x000000013f2fbf19) + 17 bytes [d:\buildfarm\buildmachine_++depot+ue4-releases+4.5\engine\source\runtime\launch\private\windows\launchwindows.cpp:201]
UE4Editor.exe!__tmainCRTStartup() (0x000000013f2fcdc9) + 21 bytes [f:\dd\vctools\crt\crtw32\dllstuff\crtexe.c:618]
kernel32.dll!UnknownFunction (0x00000000772959ed) + 0 bytes [UnknownFile:0]
ntdll.dll!UnknownFunction (0x00000000774cc541) + 0 bytes [UnknownFile:0]
ntdll.dll!UnknownFunction (0x00000000774cc541) + 0 bytes [UnknownFile:0]


[2014.11.19-06.59.49:583][490]LogExit: Executing StaticShutdownAfterError
[2014.11.19-06.59.49:598][490]LogWindows: FPlatformMisc::RequestExit(1)
[2014.11.19-06.59.49:598][490]Log file closed, 11/18/14 22:59:49
