Log file open, 12/11/14 02:45:45
LogInit:Display: Running engine for game: Trial_third_person
LogInit: Version: 4.5.1-2336687+++depot+UE4-Releases+4.5
LogInit: API Version: 2326478
LogInit: Compiled (64-bit): Oct 21 2014 22:32:40
LogInit: Compiled with Visual C++: 18.00.21005.01
LogInit: Build Configuration: Development
LogInit: Branch Name: ++depot+UE4-Releases+4.5
LogInit: Command line:  
LogInit: Base directory: C:/Program Files/Epic Games/4.5/Engine/Binaries/Win64/
LogInit: Rocket: 1
[2014.12.11-10.45.45:766][  0]LogTaskGraph: Started task graph with 3 named threads and 4 total threads.
[2014.12.11-10.45.45:795][  0]LogOnline:Warning: No default platform service specified for OnlineSubsystem
[2014.12.11-10.45.46:017][  0]LogInit: Presizing for 0 objects not considered by GC, pre-allocating 0 bytes.
[2014.12.11-10.45.46:027][  0]LogInit: Object subsystem initialized
[2014.12.11-10.45.46:030][  0]LogConsoleResponse:Warning: Skipping Unknown console variable: 'UIScaleRule = ShortestSide'
[2014.12.11-10.45.46:030][  0]LogConsoleResponse:Warning:   Found in ini file 'C:/Users/User/Documents/GitHub/Study-Session/Trial_third_person/Saved/Config/Windows/Engine.ini', in section '[/Script/Engine.RendererSettings]'
[2014.12.11-10.45.46:030][  0]LogConsoleResponse:Warning: Skipping Unknown console variable: 'UIScaleCurve = (EditorCurveData=(Keys=((Time=480.000000,Value=0.444000),(Time=720.000000,Value=0.666000),(Time=1080.000000,Value=1.000000),(Time=8640.000000,Value=8.000000))),ExternalCurve=None)'
[2014.12.11-10.45.46:030][  0]LogConsoleResponse:Warning:   Found in ini file 'C:/Users/User/Documents/GitHub/Study-Session/Trial_third_person/Saved/Config/Windows/Engine.ini', in section '[/Script/Engine.RendererSettings]'
[2014.12.11-10.45.46:031][  0]LogInit: Selected Device Profile: [Windows]
[2014.12.11-10.45.46:031][  0]LogInit: Applying CVar settings loaded from the selected device profile: [Windows]
[2014.12.11-10.45.46:042][  0]LogInit: Computer: USER-PC
[2014.12.11-10.45.46:042][  0]LogInit: User: User
[2014.12.11-10.45.46:043][  0]LogInit: CPU Page size=4096, Cores=2
[2014.12.11-10.45.46:043][  0]LogInit: High frequency timer resolution =2.435947 MHz
[2014.12.11-10.45.46:043][  0]LogMemory: Memory total: Physical=7.8GB (8GB approx) Virtual=8192.0GB
[2014.12.11-10.45.46:043][  0]LogMemory: Platform Memory Stats for Windows
[2014.12.11-10.45.46:043][  0]LogMemory: Process Physical Memory: 63.51 MB used, 63.51 MB peak
[2014.12.11-10.45.46:043][  0]LogMemory: Process Virtual Memory: 38.54 MB used, 38.54 MB peak
[2014.12.11-10.45.46:043][  0]LogMemory: Physical Memory: 2960.92 MB used, 7969.14 MB total
[2014.12.11-10.45.46:043][  0]LogMemory: Virtual Memory: 272.46 MB used, 8388608.00 MB total
[2014.12.11-10.45.46:097][  0]LogD3D11RHI: Found D3D11 adapter 0: Intel(R) HD Graphics 3000 (Feature Level 10_0)
[2014.12.11-10.45.46:097][  0]LogD3D11RHI: Adapter has 192MB of dedicated video memory, 0MB of dedicated system memory, and 1568MB of shared system memory, 1 output[s]
[2014.12.11-10.45.46:097][  0]LogD3D11RHI: Chosen D3D11 Adapter Id = 0
[2014.12.11-10.45.46:102][  0]LogRHI: Texture pool is 683 MB (70% of 976 MB)
[2014.12.11-10.45.46:106][  0]LogD3D11RHI: Async texture creation enabled
[2014.12.11-10.45.46:613][  0]LogTextLocalizationManager: The requested culture ('en_US') has no localization data; parent culture's ('en') localization data will be used.
[2014.12.11-10.45.46:766][  0]LogContentStreaming: Texture pool size is 0.000000MB
[2014.12.11-10.45.53:588][  0]LogTargetPlatformManager:Display: Building Assets For Windows
[2014.12.11-10.45.54:637][  0]LogTargetPlatformManager:Display: Building Assets For Windows
[2014.12.11-10.45.54:710][  0]LogDerivedDataCache:Display: Max Cache Size: 512 MB
[2014.12.11-10.45.55:411][  0]LogDerivedDataCache: Loaded boot cache 0.70s 36MB C:/Users/User/AppData/Local/UnrealEngine/4.5/DerivedDataCache/Boot.ddc.
[2014.12.11-10.45.55:411][  0]LogDerivedDataCache:Display: Loaded Boot cache: C:/Users/User/AppData/Local/UnrealEngine/4.5/DerivedDataCache/Boot.ddc
[2014.12.11-10.45.55:411][  0]LogDerivedDataCache: FDerivedDataBackendGraph:  Pak pak cache file ../../../../../../Users/User/Documents/GitHub/Study-Session/Trial_third_person/DerivedDataCache/DDC.ddp not found, will not use a pak cache.
[2014.12.11-10.45.55:411][  0]LogDerivedDataCache: Unable to find inner node Pak for hierarchical cache Hierarchy.
[2014.12.11-10.45.55:586][  0]LogDerivedDataCache:Display: Pak cache opened for reading ../../../Engine/DerivedDataCache/DDC.ddp.
[2014.12.11-10.45.55:597][  0]LogDerivedDataCache: Using Local data cache path C:/Users/User/AppData/Local/UnrealEngine/Common/DerivedDataCache: Writable
[2014.12.11-10.46.03:762][  0]LogMeshUtilities: No automatic mesh reduction module available
[2014.12.11-10.46.03:763][  0]LogMeshUtilities: No automatic mesh merging module available
[2014.12.11-10.46.04:868][  0]LogLinker:Warning: Asset '../../../Engine/Content/Functions/Engine_MaterialFunctions02/Texturing/FlipBook.uasset' has been saved with empty engine version. The asset will be loaded but may be incompatible.
[2014.12.11-10.46.04:892][  0]LogLinker:Warning: Asset '../../../Engine/Content/Functions/Engine_MaterialFunctions02/ExampleContent/Textures/flipbook.uasset' has been saved with empty engine version. The asset will be loaded but may be incompatible.
[2014.12.11-10.46.06:468][  0]LogInit: WinSock: version 1.1 (2.2), MaxSocks=32767, MaxUdp=65467
[2014.12.11-10.46.26:718][  0]UdpMessaging: Initializing bridge on interface 0.0.0.0:0 to multicast group 230.0.0.1:6666.
[2014.12.11-10.46.27:131][  0]LogDirectoryWatcher:Warning: Failed to begin reading directory changes for C:/Users/User/Documents/GitHub/Study-Session/Trial_third_person/Binaries/Win64. Error: 0
[2014.12.11-10.46.27:763][  0]SourceControl: Info Source control is disabled
[2014.12.11-10.46.27:763][  0]SourceControl: Info Source control is disabled
[2014.12.11-10.46.27:779][  0]SourceControl: Info Source control is disabled
[2014.12.11-10.46.28:775][  0]LogObj: 22915 objects as part of root set at end of initial load.
[2014.12.11-10.46.28:775][  0]LogUObjectAllocator: 4803536 out of 0 bytes used by permanent object pool.
[2014.12.11-10.46.29:185][  0]LogEngine: Initializing Engine...
[2014.12.11-10.46.29:861][  0]LogInit: XAudio2 using 'Speakers (Realtek High Definition Audio)' : 2 channels at 48 kHz using 32 bits per sample (channel mask 0x3)
[2014.12.11-10.46.29:944][  0]LogInit: FAudioDevice initialized.
[2014.12.11-10.46.30:156][  0]LogAIModule: Creating AISystem for world NewWorld
[2014.12.11-10.46.30:203][  0]LogDerivedDataCache: Saved boot cache 0.03s 36MB C:/Users/User/AppData/Local/UnrealEngine/4.5/DerivedDataCache/Boot.ddc.
[2014.12.11-10.46.30:211][  0]LogInit: Texture streaming: Enabled
[2014.12.11-10.46.30:299][  0]LogInit: Transaction tracking system initialized
[2014.12.11-10.46.30:489][  0]BlueprintLog: New page: Editor Load
[2014.12.11-10.46.30:606][  0]LogAssetRegistry: FAssetRegistry took 0.0100 seconds to start up
[2014.12.11-10.46.30:606][  0]LogDirectoryWatcher:Warning: Failed to begin reading directory changes for ../../../Engine/Plugins/Experimental/CharacterAI/Content/. Error: 0
[2014.12.11-10.46.31:697][  0]LogTargetPlatformManager:Display: Building Assets For Windows
[2014.12.11-10.46.32:190][  0]LogTargetPlatformManager:Display: Building Assets For Windows
[2014.12.11-10.46.33:527][  0]LogConsoleResponse:Display: 
[2014.12.11-10.46.38:002][  0]SourceControl: Info Source control is disabled
[2014.12.11-10.46.38:021][  0]Cmd: MAP LOAD FILE="../../../../../../Users/User/Documents/GitHub/Study-Session/Trial_third_person/Content/Maps/Example_Map.umap" TEMPLATE=0 SHOWPROGRESS=1
[2014.12.11-10.46.38:107][  0]LightingResults: New page: Lighting Build
[2014.12.11-10.46.38:160][  0]MapCheck: New page: Map Check
[2014.12.11-10.46.38:160][  0]LightingResults: New page: Lighting Build
[2014.12.11-10.46.38:194][  0]LogParticles: Destroying 0 GPU particle simulations for FXSystem 0x00000000111C85E0
[2014.12.11-10.46.44:361][  0]LogEditorServer: Finished looking for orphan Actors (0.000 secs)
[2014.12.11-10.46.44:457][  0]LogAIModule: Creating AISystem for world Example_Map
[2014.12.11-10.46.44:457][  0]Cmd: MAP CHECKDEP
[2014.12.11-10.46.44:458][  0]MapCheck: New page: Example_Map - Dec 10, 2014, 6:46:44 PM
[2014.12.11-10.46.44:564][  0]MapCheck: Info Map check complete: 0 Error(s), 0 Warning(s), took 105.891ms to complete.
[2014.12.11-10.46.44:564][  0]LogFileHelpers: Loading map 'Example_Map' took 6.543
[2014.12.11-10.46.44:968][  0]LogCollectionManager: Loaded 0 collections in 0.001266 seconds
[2014.12.11-10.46.45:666][  0]LogCrashTracker: Crashtracker disabled due to settings.
[2014.12.11-10.46.45:762][  0]LogUObjectGlobals:Warning: Failed to find object 'Class None.'
[2014.12.11-10.46.45:885][  0]LogLoad: Full Startup: 64.49 seconds (BP compile: 1.01 seconds)
[2014.12.11-10.46.46:238][  0]LogContentBrowser:Verbose: The content browser source was changed by the sources view to '/Game/StarterContent/Props'
[2014.12.11-10.46.46:954][  0]LogRenderer:Warning: Reallocating scene render targets to support 688x568.
[2014.12.11-10.47.09:715][ 66]LogAssetRegistry: Asset discovery search completed in 39.1172 seconds
[2014.12.11-10.48.28:406][703]LogContentBrowser:Verbose: The content browser source was changed by the sources view to '/Game/Maps'
[2014.12.11-10.48.34:341][ 24]LogActorComponent: UnregisterComponent: (/Engine/Transient.CharacterMovementComponent_0) Not registered. Aborting.
[2014.12.11-10.48.34:341][ 24]LogActorComponent: UnregisterComponent: (/Engine/Transient.PawnSensingComponent_0) Not registered. Aborting.
[2014.12.11-10.48.34:401][ 24]Cmd: MAP LOAD FILE="../../../../../../Users/User/Documents/GitHub/Study-Session/Trial_third_person/Content/Maps/Mansion.umap" TEMPLATE=0 SHOWPROGRESS=1
[2014.12.11-10.48.34:401][ 24]LightingResults: New page: Lighting Build
[2014.12.11-10.48.34:439][ 24]LoadErrors: New page: Loading map: Mansion.umap
[2014.12.11-10.48.34:439][ 24]MapCheck: New page: Map Check
[2014.12.11-10.48.34:440][ 24]LightingResults: New page: Lighting Build
[2014.12.11-10.48.34:474][ 24]LogParticles: Destroying 0 GPU particle simulations for FXSystem 0x000000000CDBC5E0
[2014.12.11-10.48.34:502][ 24]LogEditorServer: Finished looking for orphan Actors (0.000 secs)
[2014.12.11-10.48.34:502][ 24]LogAIModule: Creating AISystem for world Mansion
[2014.12.11-10.48.34:548][ 24]Cmd: MAP CHECKDEP
[2014.12.11-10.48.34:548][ 24]MapCheck: New page: Mansion - Dec 10, 2014, 6:48:34 PM
[2014.12.11-10.48.34:679][ 24]MapCheck: Info Map check complete: 0 Error(s), 0 Warning(s), took 130.602ms to complete.
[2014.12.11-10.48.34:679][ 24]LogFileHelpers: Loading map 'Mansion' took 0.280
[2014.12.11-10.48.47:701][879]LogContentBrowser:Verbose: The content browser source was changed by the sources view to '/Game/Maps/StarterContent'
[2014.12.11-10.48.48:737][946]LogContentBrowser:Verbose: The content browser source was changed by the sources view to '/Game/Maps/StarterContent/Props'
[2014.12.11-10.48.49:782][ 11]LogContentBrowser:Verbose: The content browser source was changed by the sources view to '/Game/Maps/StarterContent/Props/Materials'
[2014.12.11-10.48.51:285][109]LogContentBrowser:Verbose: The content browser source was changed by the sources view to '/Game/Maps/StarterContent/Textures'
[2014.12.11-10.48.52:497][176]LogContentBrowser:Verbose: The content browser source was changed by the sources view to '/Game/Maps/StarterContent/Materials'
[2014.12.11-10.48.52:819][196]LogContentBrowser:Verbose: The content browser source was changed by the sources view to 'None'
[2014.12.11-10.48.52:959][199]LogMaterial: Missing cached shader map for material Material_0, compiling.
[2014.12.11-10.48.58:331][523]LogContentBrowser:Verbose: The content browser source was changed by the sources view to '/Game/Maps'
[2014.12.11-10.49.10:033][214]LogContentBrowser:Verbose: The content browser source was changed by the sources view to '/Game/StarterContent'
[2014.12.11-10.49.11:904][337]LogContentBrowser:Verbose: The content browser source was changed by the sources view to '/Game/StarterContent/Mesh'
[2014.12.11-10.49.12:767][382]LogContentBrowser:Verbose: The content browser source was changed by the sources view to '/Game/StarterContent/Materials'
[2014.12.11-10.49.13:677][414]LogContentBrowser:Verbose: The content browser source was changed by the sources view to '/Game/StarterContent/HDRI'
[2014.12.11-10.49.15:125][509]LogContentBrowser:Verbose: The content browser source was changed by the sources view to '/Game/StarterContent/Blueprints'
[2014.12.11-10.49.16:359][588]LogContentBrowser:Verbose: The content browser source was changed by the sources view to '/Game/StarterContent/Audio'
[2014.12.11-10.49.17:899][690]LogContentBrowser:Verbose: The content browser source was changed by the sources view to '/Game/StarterContent/Architecture'
[2014.12.11-10.49.19:473][792]LogContentBrowser:Verbose: The content browser source was changed by the sources view to '/Game/StarterContent/Textures'
[2014.12.11-10.49.20:070][811]LogContentBrowser:Verbose: The content browser source was changed by the sources view to '/Game/StarterContent/Props'
[2014.12.11-10.49.21:137][854]LogContentBrowser:Verbose: The content browser source was changed by the sources view to '/Game/StarterContent/Particles'
[2014.12.11-10.49.23:498][ 30]LogContentBrowser:Verbose: The content browser source was changed by the sources view to '/Game/StarterContent/Mesh'
[2014.12.11-10.49.25:307][159]LogContentBrowser:Verbose: The content browser source was changed by the sources view to '/Game/UMG'
[2014.12.11-10.49.29:247][428]LogContentBrowser:Verbose: The content browser source was changed by the sources view to '/Game/Character'
[2014.12.11-10.49.30:497][459]LogContentBrowser:Verbose: The content browser source was changed by the sources view to '/Game/Animations'
[2014.12.11-10.49.32:183][504]LogContentBrowser:Verbose: The content browser source was changed by the sources view to '/Game/Blueprints'
[2014.12.11-10.50.10:808][962]LogActorComponent: UnregisterComponent: (/Engine/Transient.CharacterMovementComponent_1) Not registered. Aborting.
[2014.12.11-10.50.10:808][962]LogActorComponent: UnregisterComponent: (/Engine/Transient.PawnSensingComponent_1) Not registered. Aborting.
[2014.12.11-10.50.10:808][962]LogActorComponent: UnregisterComponent: (/Engine/Transient.CharacterMovementComponent_2) Not registered. Aborting.
[2014.12.11-10.50.13:188][963]Cmd: QUIT_EDITOR
[2014.12.11-10.50.13:706][963]LogExit: Preparing to exit.
[2014.12.11-10.50.15:179][963]LogExit: Editor shut down
[2014.12.11-10.50.15:179][963]LogExit: Transaction tracking system shut down
[2014.12.11-10.50.15:180][963]LogParticles: Destroying 0 GPU particle simulations for FXSystem 0x000000000D78AD40
[2014.12.11-10.50.15:181][963]LogParticles: Destroying 0 GPU particle simulations for FXSystem 0x000000000D79D800
[2014.12.11-10.50.15:181][963]LogParticles: Destroying 0 GPU particle simulations for FXSystem 0x000000000D79F2E0
[2014.12.11-10.50.15:181][963]LogParticles: Destroying 0 GPU particle simulations for FXSystem 0x000000000D79CB80
[2014.12.11-10.50.15:181][963]LogParticles: Destroying 0 GPU particle simulations for FXSystem 0x000000000D789440
[2014.12.11-10.50.15:181][963]LogParticles: Destroying 0 GPU particle simulations for FXSystem 0x0000000028B93240
[2014.12.11-10.50.15:181][963]LogParticles: Destroying 0 GPU particle simulations for FXSystem 0x000000002901B560
[2014.12.11-10.50.15:181][963]LogParticles: Destroying 0 GPU particle simulations for FXSystem 0x000000000D61E3E0
[2014.12.11-10.50.15:181][963]LogParticles: Destroying 0 GPU particle simulations for FXSystem 0x000000000CD48900
[2014.12.11-10.50.16:114][963]LogExit: Object subsystem successfully closed.
[2014.12.11-10.50.16:721][963]LogModuleManager: Shutting down and abandoning module AndroidDeviceDetection (166)
[2014.12.11-10.50.16:731][963]LogModuleManager: Shutting down and abandoning module CrashTracker (165)
[2014.12.11-10.50.16:731][963]LogModuleManager: Shutting down and abandoning module SuperSearch (164)
[2014.12.11-10.50.16:731][963]LogModuleManager: Shutting down and abandoning module SceneOutliner (163)
[2014.12.11-10.50.16:731][963]LogModuleManager: Shutting down and abandoning module EditorWidgets (162)
[2014.12.11-10.50.16:731][963]LogModuleManager: Shutting down and abandoning module CollectionManager (161)
[2014.12.11-10.50.16:731][963]LogModuleManager: Shutting down and abandoning module StatsViewer (160)
[2014.12.11-10.50.16:743][963]LogModuleManager: Shutting down and abandoning module FoliageEdit (159)
[2014.12.11-10.50.16:753][963]LogModuleManager: Shutting down and abandoning module LandscapeEditor (158)
[2014.12.11-10.50.16:768][963]LogModuleManager: Shutting down and abandoning module MeshPaint (157)
[2014.12.11-10.50.16:779][963]LogModuleManager: Shutting down and abandoning module ActorPickerMode (156)
[2014.12.11-10.50.16:779][963]LogModuleManager: Shutting down and abandoning module GeometryMode (155)
[2014.12.11-10.50.16:779][963]LogModuleManager: Shutting down and abandoning module TextureAlignMode (154)
[2014.12.11-10.50.16:779][963]LogModuleManager: Shutting down and abandoning module BspMode (153)
[2014.12.11-10.50.16:779][963]LogModuleManager: Shutting down and abandoning module PlacementMode (152)
[2014.12.11-10.50.16:779][963]LogModuleManager: Shutting down and abandoning module AutomationWorker (151)
[2014.12.11-10.50.16:779][963]LogModuleManager: Shutting down and abandoning module CharacterAI (150)
[2014.12.11-10.50.16:779][963]LogModuleManager: Shutting down and abandoning module GameProjectGeneration (149)
[2014.12.11-10.50.16:794][963]LogModuleManager: Shutting down and abandoning module IntroTutorials (148)
[2014.12.11-10.50.16:843][963]LogModuleManager: Shutting down and abandoning module EditorLiveStreaming (147)
[2014.12.11-10.50.16:843][963]LogModuleManager: Shutting down and abandoning module HardwareTargeting (146)
[2014.12.11-10.50.16:843][963]LogModuleManager: Shutting down and abandoning module BehaviorTreeEditor (145)
[2014.12.11-10.50.16:843][963]LogModuleManager: Shutting down and abandoning module DeviceProfileEditor (144)
[2014.12.11-10.50.16:843][963]LogModuleManager: Shutting down and abandoning module UndoHistory (143)
[2014.12.11-10.50.16:843][963]LogModuleManager: Shutting down and abandoning module GameplayTagsEditor (142)
[2014.12.11-10.50.16:863][963]LogModuleManager: Shutting down and abandoning module UserFeedback (141)
[2014.12.11-10.50.16:863][963]LogModuleManager: Shutting down and abandoning module XmlParser (140)
[2014.12.11-10.50.16:869][963]LogModuleManager: Shutting down and abandoning module Blutility (139)
[2014.12.11-10.50.16:876][963]LogModuleManager: Shutting down and abandoning module IOSPlatformEditor (138)
[2014.12.11-10.50.16:876][963]LogModuleManager: Shutting down and abandoning module IOSRuntimeSettings (137)
[2014.12.11-10.50.16:876][963]LogModuleManager: Shutting down and abandoning module AndroidPlatformEditor (136)
[2014.12.11-10.50.16:876][963]LogModuleManager: Shutting down and abandoning module AndroidRuntimeSettings (135)
[2014.12.11-10.50.16:876][963]LogModuleManager: Shutting down and abandoning module ProjectTargetPlatformEditor (134)
[2014.12.11-10.50.16:876][963]LogModuleManager: Shutting down and abandoning module ProjectSettingsViewer (133)
[2014.12.11-10.50.16:876][963]LogModuleManager: Shutting down and abandoning module InputBindingEditor (132)
[2014.12.11-10.50.16:890][963]LogModuleManager: Shutting down and abandoning module EditorSettingsViewer (131)
[2014.12.11-10.50.16:890][963]LogModuleManager: Shutting down and abandoning module SettingsEditor (130)
[2014.12.11-10.50.16:897][963]LogModuleManager: Shutting down and abandoning module ProjectLauncher (129)
[2014.12.11-10.50.16:906][963]LogModuleManager: Shutting down and abandoning module SessionFrontend (128)
[2014.12.11-10.50.16:906][963]LogModuleManager: Shutting down and abandoning module ProfilerClient (127)
[2014.12.11-10.50.16:919][963]LogModuleManager: Shutting down and abandoning module TargetDeviceServices (126)
[2014.12.11-10.50.16:919][963]LogModuleManager: Shutting down and abandoning module DeviceManager (125)
[2014.12.11-10.50.16:931][963]LogModuleManager: Shutting down and abandoning module AutomationController (124)
[2014.12.11-10.50.16:931][963]LogModuleManager: Shutting down and abandoning module AutomationWindow (123)
[2014.12.11-10.50.16:948][963]LogModuleManager: Shutting down and abandoning module Layers (122)
[2014.12.11-10.50.16:971][963]LogModuleManager: Shutting down and abandoning module ComponentVisualizers (121)
[2014.12.11-10.50.16:971][963]LogModuleManager: Shutting down and abandoning module DetailCustomizations (120)
[2014.12.11-10.50.16:981][963]LogModuleManager: Shutting down and abandoning module PackagesDialog (119)
[2014.12.11-10.50.16:989][963]LogModuleManager: Shutting down and abandoning module AssetRegistry (118)
[2014.12.11-10.50.17:042][963]LogModuleManager: Shutting down and abandoning module Persona (117)
[2014.12.11-10.50.17:064][963]LogModuleManager: Shutting down and abandoning module Kismet (116)
[2014.12.11-10.50.17:064][963]LogModuleManager: Shutting down and abandoning module GraphEditor (115)
[2014.12.11-10.50.17:064][963]LogModuleManager: Shutting down and abandoning module ClassViewer (114)
[2014.12.11-10.50.17:064][963]LogModuleManager: Shutting down and abandoning module Toolbox (113)
[2014.12.11-10.50.17:064][963]LogModuleManager: Shutting down and abandoning module ModuleUI (112)
[2014.12.11-10.50.17:075][963]LogModuleManager: Shutting down and abandoning module MovieSceneTools (111)
[2014.12.11-10.50.17:100][963]LogModuleManager: Shutting down and abandoning module OutputLog (110)
[2014.12.11-10.50.17:100][963]LogModuleManager: Shutting down and abandoning module GammaUI (109)
[2014.12.11-10.50.17:112][963]LogModuleManager: Shutting down and abandoning module Documentation (108)
[2014.12.11-10.50.17:112][963]LogModuleManager: Shutting down and abandoning module GameLiveStreaming (107)
[2014.12.11-10.50.17:118][963]LogModuleManager: Shutting down and abandoning module StreamingPauseRendering (106)
[2014.12.11-10.50.17:118][963]LogModuleManager: Shutting down and abandoning module HTTP (105)
[2014.12.11-10.50.17:118][963]LogModuleManager: Shutting down and abandoning module AnalyticsET (104)
[2014.12.11-10.50.17:118][963]LogModuleManager: Shutting down and abandoning module Analytics (103)
[2014.12.11-10.50.17:118][963]LogModuleManager: Shutting down and abandoning module GameplayDebugger (102)
[2014.12.11-10.50.17:118][963]LogModuleManager: Shutting down and abandoning module AIModule (101)
[2014.12.11-10.50.17:118][963]LogModuleManager: Shutting down and abandoning module ProfilerService (100)
[2014.12.11-10.50.17:146][963]LogModuleManager: Shutting down and abandoning module TaskGraph (99)
[2014.12.11-10.50.17:157][963]LogModuleManager: Shutting down and abandoning module SlateRemote (98)
[2014.12.11-10.50.17:157][963]LogModuleManager: Shutting down and abandoning module ScriptEditorPlugin (97)
[2014.12.11-10.50.17:157][963]LogModuleManager: Shutting down and abandoning module CustomMeshComponent (96)
[2014.12.11-10.50.17:157][963]LogModuleManager: Shutting down and abandoning module CableComponent (95)
[2014.12.11-10.50.17:157][963]LogModuleManager: Shutting down and abandoning module MessagingDebugger (94)
[2014.12.11-10.50.17:204][963]LogModuleManager: Shutting down and abandoning module MediaPlayerEditor (93)
[2014.12.11-10.50.17:220][963]LogModuleManager: Shutting down and abandoning module SpeedTreeImporter (92)
[2014.12.11-10.50.17:220][963]LogModuleManager: Shutting down and abandoning module PluginsEditor (91)
[2014.12.11-10.50.17:350][963]LogModuleManager: Shutting down and abandoning module EpicSurvey (90)
[2014.12.11-10.50.17:350][963]LogModuleManager: Shutting down and abandoning module DesktopPlatform (89)
[2014.12.11-10.50.17:374][963]LogModuleManager: Shutting down and abandoning module VisualStudioSourceCodeAccess (88)
[2014.12.11-10.50.17:374][963]LogModuleManager: Shutting down and abandoning module UObjectPlugin (87)
[2014.12.11-10.50.17:374][963]LogModuleManager: Shutting down and abandoning module SubversionSourceControl (86)
[2014.12.11-10.50.17:383][963]LogModuleManager: Shutting down and abandoning module SourceControl (85)
[2014.12.11-10.50.17:383][963]LogModuleManager: Shutting down and abandoning module PerforceSourceControl (84)
[2014.12.11-10.50.17:396][963]LogModuleManager: Shutting down and abandoning module BlankPlugin (83)
[2014.12.11-10.50.17:396][963]LogModuleManager: Shutting down and abandoning module SlateReflector (82)
[2014.12.11-10.50.17:396][963]LogModuleManager: Shutting down and abandoning module DirectoryWatcher (81)
[2014.12.11-10.50.17:396][963]LogModuleManager: Shutting down and abandoning module HotReload (80)
[2014.12.11-10.50.17:408][963]LogModuleManager: Shutting down and abandoning module MainFrame (79)
[2014.12.11-10.50.17:408][963]LogModuleManager: Shutting down and abandoning module LevelEditor (78)
[2014.12.11-10.50.17:409][963]LogModuleManager: Shutting down and abandoning module ViewportSnapping (77)
[2014.12.11-10.50.17:409][963]LogModuleManager: Shutting down and abandoning module SmartSnapping (76)
[2014.12.11-10.50.17:409][963]LogModuleManager: Shutting down and abandoning module PaperTiledImporter (75)
[2014.12.11-10.50.17:409][963]LogModuleManager: Shutting down and abandoning module PaperJsonImporter (74)
[2014.12.11-10.50.17:409][963]LogModuleManager: Shutting down and abandoning module ContentBrowser (73)
[2014.12.11-10.50.17:409][963]LogModuleManager: Shutting down and abandoning module PropertyEditor (72)
[2014.12.11-10.50.17:409][963]LogModuleManager: Shutting down and abandoning module Paper2DEditor (71)
[2014.12.11-10.50.17:436][963]LogModuleManager: Shutting down and abandoning module ScriptPlugin (70)
[2014.12.11-10.50.17:447][963]LogModuleManager: Shutting down and abandoning module UdpMessaging (69)
[2014.12.11-10.50.17:547][963]LogModuleManager: Shutting down and abandoning module Paper2D (68)
[2014.12.11-10.50.17:547][963]LogModuleManager: Shutting down and abandoning module WindowsMoviePlayer (67)
[2014.12.11-10.50.17:549][963]LogModuleManager: Shutting down and abandoning module Media (66)
[2014.12.11-10.50.17:549][963]LogModuleManager: Shutting down and abandoning module WmfMedia (65)
[2014.12.11-10.50.17:549][963]LogModuleManager: Shutting down and abandoning module OnlineBlueprintSupport (64)
[2014.12.11-10.50.17:549][963]LogModuleManager: Shutting down and abandoning module FunctionalTesting (63)
[2014.12.11-10.50.17:550][963]LogModuleManager: Shutting down and abandoning module CollisionAnalyzer (62)
[2014.12.11-10.50.17:577][963]LogModuleManager: Shutting down and abandoning module WorkspaceMenuStructure (61)
[2014.12.11-10.50.17:578][963]LogModuleManager: Shutting down and abandoning module MessageLog (60)
[2014.12.11-10.50.17:578][963]LogModuleManager: Shutting down and abandoning module Sequencer (59)
[2014.12.11-10.50.17:591][963]LogModuleManager: Shutting down and abandoning module AssetTools (58)
[2014.12.11-10.50.17:608][963]LogModuleManager: Shutting down and abandoning module UMGEditor (57)
[2014.12.11-10.50.17:627][963]LogModuleManager: Shutting down and abandoning module UMG (56)
[2014.12.11-10.50.17:627][963]LogModuleManager: Shutting down and abandoning module Slate (55)
[2014.12.11-10.50.17:627][963]LogModuleManager: Shutting down and abandoning module EditorStyle (54)
[2014.12.11-10.50.17:628][963]LogModuleManager: Shutting down and abandoning module SessionServices (53)
[2014.12.11-10.50.17:628][963]LogModuleManager: Shutting down and abandoning module SourceCodeAccess (52)
[2014.12.11-10.50.17:628][963]LogModuleManager: Shutting down and abandoning module HeadMountedDisplay (51)
[2014.12.11-10.50.17:628][963]LogModuleManager: Shutting down and abandoning module XAudio2 (50)
[2014.12.11-10.50.17:628][963]LogModuleManager: Shutting down and abandoning module Networking (48)
[2014.12.11-10.50.17:628][963]LogModuleManager: Shutting down and abandoning module Core (47)
[2014.12.11-10.50.17:628][963]LogModuleManager: Shutting down and abandoning module KismetCompiler (46)
[2014.12.11-10.50.17:628][963]LogModuleManager: Shutting down and abandoning module PhysXFormats (45)
[2014.12.11-10.50.17:628][963]LogModuleManager: Shutting down and abandoning module MeshUtilities (44)
[2014.12.11-10.50.17:640][963]LogModuleManager: Shutting down and abandoning module DerivedDataCache (43)
[2014.12.11-10.50.17:727][963]LogDerivedDataCache: Shutdown
[2014.12.11-10.50.17:727][963]LogModuleManager: Shutting down and abandoning module ShaderFormatOpenGL (42)
[2014.12.11-10.50.17:738][963]LogModuleManager: Shutting down and abandoning module ShaderFormatD3D (41)
[2014.12.11-10.50.17:738][963]LogModuleManager: Shutting down and abandoning module MetalShaderFormat (40)
[2014.12.11-10.50.17:747][963]LogModuleManager: Shutting down and abandoning module TextureFormatUncompressed (39)
[2014.12.11-10.50.17:747][963]LogModuleManager: Shutting down and abandoning module TextureFormatPVR (38)
[2014.12.11-10.50.17:747][963]LogModuleManager: Shutting down and abandoning module TextureFormatDXT (37)
[2014.12.11-10.50.17:747][963]LogModuleManager: Shutting down and abandoning module TextureFormatAndroid (36)
[2014.12.11-10.50.17:747][963]LogModuleManager: Shutting down and abandoning module AudioFormatOpus (35)
[2014.12.11-10.50.17:755][963]LogModuleManager: Shutting down and abandoning module AudioFormatOgg (34)
[2014.12.11-10.50.17:755][963]LogModuleManager: Shutting down and abandoning module AudioFormatADPCM (33)
[2014.12.11-10.50.17:755][963]LogModuleManager: Shutting down and abandoning module Messaging (32)
[2014.12.11-10.50.17:755][963]LogModuleManager: Shutting down and abandoning module IOSTargetPlatform (31)
[2014.12.11-10.50.17:755][963]LogModuleManager: Shutting down and abandoning module Android_PVRTCTargetPlatform (30)
[2014.12.11-10.50.17:755][963]LogModuleManager: Shutting down and abandoning module Android_ETC2TargetPlatform (29)
[2014.12.11-10.50.17:755][963]LogModuleManager: Shutting down and abandoning module Android_ETC1TargetPlatform (28)
[2014.12.11-10.50.17:755][963]LogModuleManager: Shutting down and abandoning module Android_DXTTargetPlatform (27)
[2014.12.11-10.50.17:755][963]LogModuleManager: Shutting down and abandoning module Android_ATCTargetPlatform (26)
[2014.12.11-10.50.17:755][963]LogModuleManager: Shutting down and abandoning module AndroidTargetPlatform (25)
[2014.12.11-10.50.17:755][963]LogModuleManager: Shutting down and abandoning module WindowsTargetPlatform (24)
[2014.12.11-10.50.17:755][963]LogModuleManager: Shutting down and abandoning module WindowsServerTargetPlatform (23)
[2014.12.11-10.50.17:755][963]LogModuleManager: Shutting down and abandoning module WindowsNoEditorTargetPlatform (22)
[2014.12.11-10.50.17:755][963]LogModuleManager: Shutting down and abandoning module WindowsClientTargetPlatform (21)
[2014.12.11-10.50.17:755][963]LogModuleManager: Shutting down and abandoning module TargetPlatform (20)
[2014.12.11-10.50.17:755][963]LogModuleManager: Shutting down and abandoning module InputCore (19)
[2014.12.11-10.50.17:755][963]LogModuleManager: Shutting down and abandoning module Settings (18)
[2014.12.11-10.50.17:755][963]LogModuleManager: Shutting down and abandoning module ImageWrapper (17)
[2014.12.11-10.50.17:755][963]LogModuleManager: Shutting down and abandoning module OculusRift (14)
[2014.12.11-10.50.17:755][963]LogModuleManager: Shutting down and abandoning module ExampleDeviceProfileSelector (13)
[2014.12.11-10.50.17:755][963]LogModuleManager: Shutting down and abandoning module TextureCompressor (12)
[2014.12.11-10.50.17:755][963]LogModuleManager: Shutting down and abandoning module ShaderCore (11)
[2014.12.11-10.50.17:755][963]LogModuleManager: Shutting down and abandoning module SlateRHIRenderer (10)
[2014.12.11-10.50.17:772][963]LogModuleManager: Shutting down and abandoning module OpenGLDrv (9)
[2014.12.11-10.50.17:772][963]LogModuleManager: Shutting down and abandoning module D3D11RHI (8)
[2014.12.11-10.50.17:772][963]LogModuleManager: Shutting down and abandoning module Renderer (7)
[2014.12.11-10.50.17:772][963]LogModuleManager: Shutting down and abandoning module Engine (6)
[2014.12.11-10.50.17:772][963]LogModuleManager: Shutting down and abandoning module CoreUObject (5)
[2014.12.11-10.50.17:772][963]LogModuleManager: Shutting down and abandoning module NetworkFile (4)
[2014.12.11-10.50.17:772][963]LogModuleManager: Shutting down and abandoning module StreamingFile (3)
[2014.12.11-10.50.17:772][963]LogModuleManager: Shutting down and abandoning module SandboxFile (2)
[2014.12.11-10.50.17:772][963]LogModuleManager: Shutting down and abandoning module PakFile (1)
[2014.12.11-10.50.17:782][963]LogExit: Exiting.
[2014.12.11-10.50.17:787][963]Log file closed, 12/11/14 02:50:17
