Log file open, 12/05/14 13:40:04
LogInit:Display: Running engine for game: Trial_third_person
LogInit: Version: 4.5.1-2336687+++depot+UE4-Releases+4.5
LogInit: API Version: 2326478
LogInit: Compiled (64-bit): Oct 21 2014 22:32:40
LogInit: Compiled with Visual C++: 18.00.21005.01
LogInit: Build Configuration: Development
LogInit: Branch Name: ++depot+UE4-Releases+4.5
LogInit: Command line:  
LogInit: Base directory: C:/Program Files/Epic Games/4.5/Engine/Binaries/Win64/
LogInit: Rocket: 1
[2014.12.05-21.40.04:630][  0]LogTaskGraph: Started task graph with 3 named threads and 4 total threads.
[2014.12.05-21.40.04:708][  0]LogOnline:Warning: No default platform service specified for OnlineSubsystem
[2014.12.05-21.40.04:845][  0]LogInit: Presizing for 0 objects not considered by GC, pre-allocating 0 bytes.
[2014.12.05-21.40.04:882][  0]LogInit: Object subsystem initialized
[2014.12.05-21.40.04:894][  0]LogConsoleResponse:Warning: Skipping Unknown console variable: 'UIScaleRule = ShortestSide'
[2014.12.05-21.40.04:894][  0]LogConsoleResponse:Warning:   Found in ini file 'D:/Study-Session/Trial_third_person/Saved/Config/Windows/Engine.ini', in section '[/Script/Engine.RendererSettings]'
[2014.12.05-21.40.04:894][  0]LogConsoleResponse:Warning: Skipping Unknown console variable: 'UIScaleCurve = (EditorCurveData=(Keys=((Time=480.000000,Value=0.444000),(Time=720.000000,Value=0.666000),(Time=1080.000000,Value=1.000000),(Time=8640.000000,Value=8.000000))),ExternalCurve=None)'
[2014.12.05-21.40.04:894][  0]LogConsoleResponse:Warning:   Found in ini file 'D:/Study-Session/Trial_third_person/Saved/Config/Windows/Engine.ini', in section '[/Script/Engine.RendererSettings]'
[2014.12.05-21.40.04:896][  0]LogInit: Selected Device Profile: [Windows]
[2014.12.05-21.40.04:896][  0]LogInit: Applying CVar settings loaded from the selected device profile: [Windows]
[2014.12.05-21.40.04:922][  0]LogInit: Computer: ZEN-MATT
[2014.12.05-21.40.04:922][  0]LogInit: User: Matt
[2014.12.05-21.40.04:930][  0]LogInit: CPU Page size=4096, Cores=2
[2014.12.05-21.40.04:930][  0]LogInit: High frequency timer resolution =2.338554 MHz
[2014.12.05-21.40.04:930][  0]LogMemory: Memory total: Physical=3.9GB (4GB approx) Virtual=8192.0GB
[2014.12.05-21.40.04:931][  0]LogMemory: Platform Memory Stats for Windows
[2014.12.05-21.40.04:931][  0]LogMemory: Process Physical Memory: 65.40 MB used, 65.40 MB peak
[2014.12.05-21.40.04:931][  0]LogMemory: Process Virtual Memory: 40.32 MB used, 40.32 MB peak
[2014.12.05-21.40.04:931][  0]LogMemory: Physical Memory: 2514.40 MB used, 3981.98 MB total
[2014.12.05-21.40.04:931][  0]LogMemory: Virtual Memory: 273.19 MB used, 8388608.00 MB total
[2014.12.05-21.40.05:112][  0]LogD3D11RHI: Found D3D11 adapter 0: Intel(R) HD Graphics 4000 (Feature Level 11_0)
[2014.12.05-21.40.05:112][  0]LogD3D11RHI: Adapter has 64MB of dedicated video memory, 0MB of dedicated system memory, and 1632MB of shared system memory, 1 output[s]
[2014.12.05-21.40.05:112][  0]LogD3D11RHI: Chosen D3D11 Adapter Id = 0
[2014.12.05-21.40.05:127][  0]LogRHI: Texture pool is 616 MB (70% of 880 MB)
[2014.12.05-21.40.05:141][  0]LogD3D11RHI: Async texture creation enabled
[2014.12.05-21.40.05:212][  0]LogTextLocalizationManager: The requested culture ('en_US') has no localization data; parent culture's ('en') localization data will be used.
[2014.12.05-21.40.05:528][  0]LogContentStreaming: Texture pool size is 0.000000MB
[2014.12.05-21.40.13:246][  0]LogTargetPlatformManager:Display: Building Assets For Windows
[2014.12.05-21.40.14:024][  0]LogTargetPlatformManager:Display: Building Assets For Windows
[2014.12.05-21.40.14:111][  0]LogDerivedDataCache:Display: Max Cache Size: 512 MB
[2014.12.05-21.40.14:252][  0]LogDerivedDataCache: Loaded boot cache 0.14s 39MB C:/Users/Matt/AppData/Local/UnrealEngine/4.5/DerivedDataCache/Boot.ddc.
[2014.12.05-21.40.14:252][  0]LogDerivedDataCache:Display: Loaded Boot cache: C:/Users/Matt/AppData/Local/UnrealEngine/4.5/DerivedDataCache/Boot.ddc
[2014.12.05-21.40.14:253][  0]LogDerivedDataCache: FDerivedDataBackendGraph:  Pak pak cache file D:/Study-Session/Trial_third_person/DerivedDataCache/DDC.ddp not found, will not use a pak cache.
[2014.12.05-21.40.14:253][  0]LogDerivedDataCache: Unable to find inner node Pak for hierarchical cache Hierarchy.
[2014.12.05-21.40.14:343][  0]LogDerivedDataCache:Display: Pak cache opened for reading ../../../Engine/DerivedDataCache/DDC.ddp.
[2014.12.05-21.40.14:355][  0]LogDerivedDataCache: Using Local data cache path C:/Users/Matt/AppData/Local/UnrealEngine/Common/DerivedDataCache: Writable
[2014.12.05-21.40.15:365][  0]LogMeshUtilities: No automatic mesh reduction module available
[2014.12.05-21.40.15:365][  0]LogMeshUtilities: No automatic mesh merging module available
[2014.12.05-21.40.15:685][  0]LogLinker:Warning: Asset '../../../Engine/Content/Functions/Engine_MaterialFunctions02/Texturing/FlipBook.uasset' has been saved with empty engine version. The asset will be loaded but may be incompatible.
[2014.12.05-21.40.15:689][  0]LogLinker:Warning: Asset '../../../Engine/Content/Functions/Engine_MaterialFunctions02/ExampleContent/Textures/flipbook.uasset' has been saved with empty engine version. The asset will be loaded but may be incompatible.
[2014.12.05-21.40.15:936][  0]LogInit: WinSock: version 1.1 (2.2), MaxSocks=32767, MaxUdp=65467
[2014.12.05-21.40.20:015][  0]UdpMessaging: Initializing bridge on interface 0.0.0.0:0 to multicast group 230.0.0.1:6666.
[2014.12.05-21.40.20:296][  0]LogDirectoryWatcher:Warning: Failed to begin reading directory changes for D:/Study-Session/Trial_third_person/Binaries/Win64. Error: 0
[2014.12.05-21.40.20:496][  0]SourceControl: Info Source control is disabled
[2014.12.05-21.40.20:496][  0]SourceControl: Info Source control is disabled
[2014.12.05-21.40.20:509][  0]SourceControl: Info Source control is disabled
[2014.12.05-21.40.20:768][  0]LogObj: 22915 objects as part of root set at end of initial load.
[2014.12.05-21.40.20:768][  0]LogUObjectAllocator: 4803536 out of 0 bytes used by permanent object pool.
[2014.12.05-21.40.20:846][  0]LogEngine: Initializing Engine...
[2014.12.05-21.40.21:014][  0]LogInit: XAudio2 using 'Speakers (Realtek High Definition Audio)' : 2 channels at 48 kHz using 32 bits per sample (channel mask 0x3)
[2014.12.05-21.40.21:165][  0]LogInit: FAudioDevice initialized.
[2014.12.05-21.40.21:203][  0]LogAIModule: Creating AISystem for world NewWorld
[2014.12.05-21.40.21:228][  0]LogDerivedDataCache: Saved boot cache 0.02s 39MB C:/Users/Matt/AppData/Local/UnrealEngine/4.5/DerivedDataCache/Boot.ddc.
[2014.12.05-21.40.21:231][  0]LogInit: Texture streaming: Enabled
[2014.12.05-21.40.21:313][  0]LogInit: Transaction tracking system initialized
[2014.12.05-21.40.21:503][  0]BlueprintLog: New page: Editor Load
[2014.12.05-21.40.21:556][  0]LogAssetRegistry: FAssetRegistry took 0.0102 seconds to start up
[2014.12.05-21.40.21:556][  0]LogDirectoryWatcher:Warning: Failed to begin reading directory changes for ../../../Engine/Plugins/Experimental/CharacterAI/Content/. Error: 0
[2014.12.05-21.40.22:431][  0]LogTargetPlatformManager:Display: Building Assets For Windows
[2014.12.05-21.40.22:986][  0]LogTargetPlatformManager:Display: Building Assets For Windows
[2014.12.05-21.40.23:393][  0]LogConsoleResponse:Display: 
[2014.12.05-21.40.23:798][  0]SourceControl: Info Source control is disabled
[2014.12.05-21.40.23:799][  0]Cmd: MAP LOAD FILE="D:/Study-Session/Trial_third_person/Content/Maps/Example_Map.umap" TEMPLATE=0 SHOWPROGRESS=1
[2014.12.05-21.40.23:801][  0]LightingResults: New page: Lighting Build
[2014.12.05-21.40.23:825][  0]MapCheck: New page: Map Check
[2014.12.05-21.40.23:826][  0]LightingResults: New page: Lighting Build
[2014.12.05-21.40.23:852][  0]LogParticles: Destroying 0 GPU particle simulations for FXSystem 0x000000001C74E7A0
[2014.12.05-21.40.24:213][  0]LogEditorServer: Finished looking for orphan Actors (0.000 secs)
[2014.12.05-21.40.24:213][  0]LogAIModule: Creating AISystem for world Example_Map
[2014.12.05-21.40.24:214][  0]Cmd: MAP CHECKDEP
[2014.12.05-21.40.24:214][  0]MapCheck: New page: Example_Map - Dec 5, 2014, 5:40:24 AM
[2014.12.05-21.40.24:380][  0]MapCheck: Info Map check complete: 0 Error(s), 0 Warning(s), took 166.323ms to complete.
[2014.12.05-21.40.24:380][  0]LogFileHelpers: Loading map 'Example_Map' took 0.582
[2014.12.05-21.40.24:486][  0]LogCollectionManager: Loaded 0 collections in 0.001920 seconds
[2014.12.05-21.40.24:677][  0]LogCrashTracker: Crashtracker disabled due to settings.
[2014.12.05-21.40.26:398][  0]LogUObjectGlobals:Warning: Failed to find object 'Class None.'
[2014.12.05-21.40.26:463][  0]LogLoad: Full Startup: 25.20 seconds (BP compile: 0.37 seconds)
[2014.12.05-21.40.26:809][  0]LogContentBrowser:Verbose: The content browser source was changed by the sources view to '/Game/Blueprints'
[2014.12.05-21.40.30:141][ 10]LogAssetRegistry: Asset discovery search completed in 8.5952 seconds
[2014.12.05-21.40.35:179][228]LogRenderer:Warning: Reallocating scene render targets to support 32x32.
[2014.12.05-21.40.35:494][228]LogRenderer:Warning: Reallocating scene render targets to support 256x256.
[2014.12.05-21.40.35:625][228]LogRenderer:Warning: Reallocating scene render targets to support 976x872.
[2014.12.05-21.40.37:090][289]LogPlayLevel: PIE:  No blueprints needed recompiling
[2014.12.05-21.40.37:091][289]PIE: New page: PIE session: Example_Map (Dec 5, 2014, 5:40:37 AM)
[2014.12.05-21.40.37:151][289]LogPlayLevel: PIE: StaticDuplicateObject took: (0.060246s)
[2014.12.05-21.40.37:152][289]LogPlayLevel: PIE: World Init took: (0.001323s)
[2014.12.05-21.40.37:153][289]LogPlayLevel: PIE: Created PIE world by copying editor world from /Game/Maps/Example_Map.Example_Map to /Game/Maps/UEDPIE_0_Example_Map.Example_Map (0.061956s)
[2014.12.05-21.40.37:202][289]LogWorld: Game class is 'MyGame_C'
[2014.12.05-21.40.37:204][289]LogAIModule: Creating AISystem for world Example_Map
[2014.12.05-21.40.37:205][289]LogWorld: Bringing World /Game/Maps/UEDPIE_0_Example_Map.Example_Map up for play (max tick rate 0) at 2014.12.05-13.40.37
[2014.12.05-21.40.37:210][289]LogWorld: Bringing up level for play took: 0.006217
[2014.12.05-21.40.37:213][289]PIE: Info Play in editor start time for /Game/Maps/UEDPIE_0_Example_Map 0.025
[2014.12.05-21.40.38:042][318]LogActorComponent: UnregisterComponent: (/Engine/Transient.CharacterMovementComponent_0) Not registered. Aborting.
[2014.12.05-21.40.38:083][318]LogParticles: Destroying 0 GPU particle simulations for FXSystem 0x0000000024D77740
[2014.12.05-21.41.20:707][894]LogContentBrowser:Verbose: The content browser source was changed by the sources view to '/Game/Character'
[2014.12.05-21.41.26:559][ 96]LogContentBrowser:Verbose: The content browser source was changed by the sources view to '/Game/Maps'
[2014.12.05-21.41.29:702][238]LogContentBrowser:Verbose: The content browser source was changed by the sources view to '/Game/StarterContent'
[2014.12.05-21.41.30:789][294]LogContentBrowser:Verbose: The content browser source was changed by the sources view to '/Game/UMG'
[2014.12.05-21.41.34:396][486]LogContentBrowser:Verbose: The content browser source was changed by the sources view to '/Game/Animations'
[2014.12.05-21.41.35:864][532]LogContentBrowser:Verbose: The content browser source was changed by the sources view to '/Game/Blueprints'
[2014.12.05-21.41.57:573][403]LogPropertyNode:Warning: UI Min (0) >= UI Max () for Ranged Numeric
[2014.12.05-21.41.57:849][419]LogPropertyNode:Warning: UI Min (0) >= UI Max () for Ranged Numeric
[2014.12.05-21.41.57:893][421]LogPropertyNode:Warning: UI Min (0) >= UI Max () for Ranged Numeric
[2014.12.05-21.41.57:896][421]LogPropertyNode:Warning: UI Min (0) >= UI Max () for Ranged Numeric
[2014.12.05-21.41.57:898][421]LogPropertyNode:Warning: UI Min (0) >= UI Max () for Ranged Numeric
[2014.12.05-21.41.57:916][422]LogPropertyNode:Warning: UI Min (0) >= UI Max () for Ranged Numeric
[2014.12.05-21.41.57:920][422]LogPropertyNode:Warning: UI Min (0) >= UI Max () for Ranged Numeric
[2014.12.05-21.41.57:924][422]LogPropertyNode:Warning: UI Min (0) >= UI Max () for Ranged Numeric
[2014.12.05-21.41.57:927][422]LogPropertyNode:Warning: UI Min (0) >= UI Max () for Ranged Numeric
[2014.12.05-21.41.57:948][423]LogPropertyNode:Warning: UI Min (0) >= UI Max () for Ranged Numeric
[2014.12.05-21.41.57:951][423]LogPropertyNode:Warning: UI Min (0) >= UI Max () for Ranged Numeric
[2014.12.05-21.41.58:187][438]LogPropertyNode:Warning: UI Min (0) >= UI Max () for Ranged Numeric
[2014.12.05-21.41.58:207][439]LogPropertyNode:Warning: UI Min (0) >= UI Max () for Ranged Numeric
[2014.12.05-21.41.58:210][439]LogPropertyNode:Warning: UI Min (0) >= UI Max () for Ranged Numeric
[2014.12.05-21.41.58:213][439]LogPropertyNode:Warning: UI Min (0) >= UI Max () for Ranged Numeric
[2014.12.05-21.41.58:230][440]LogPropertyNode:Warning: UI Min (0) >= UI Max () for Ranged Numeric
[2014.12.05-21.41.58:233][440]LogPropertyNode:Warning: UI Min (0) >= UI Max () for Ranged Numeric
[2014.12.05-21.41.58:235][440]LogPropertyNode:Warning: UI Min (0) >= UI Max () for Ranged Numeric
[2014.12.05-21.41.58:557][459]LogPropertyNode:Warning: UI Min (0) >= UI Max () for Ranged Numeric
[2014.12.05-21.45.25:089][228]LogSlate:Warning: GetFontFace failed to load or process 'Roboto-Regular'
[2014.12.05-21.45.25:089][228]LogSlate:Warning: GetFontFace failed to load or process 'Roboto-Regular'
[2014.12.05-21.45.25:105][228]LogSlate:Warning: GetFontFace failed to load or process 'Roboto-Regular'
[2014.12.05-21.45.25:105][228]LogSlate:Warning: GetFontFace failed to load or process 'Roboto-Regular'
[2014.12.05-21.45.25:105][228]LogSlate:Warning: GetFontFace failed to load or process 'Roboto-Regular'
[2014.12.05-21.45.25:105][228]LogSlate:Warning: GetFontFace failed to load or process 'Roboto-Regular'
[2014.12.05-21.45.25:106][228]LogSlate:Warning: GetFontFace failed to load or process 'Roboto-Regular'
[2014.12.05-21.45.25:106][228]LogSlate:Warning: GetFontFace failed to load or process 'Roboto-Regular'
[2014.12.05-21.45.25:106][228]LogSlate:Warning: GetFontFace failed to load or process 'Roboto-Regular'
[2014.12.05-21.45.25:106][228]LogSlate:Warning: GetFontFace failed to load or process 'Roboto-Regular'
[2014.12.05-21.45.25:106][228]LogSlate:Warning: GetFontFace failed to load or process 'Roboto-Regular'
[2014.12.05-21.45.25:106][228]LogSlate:Warning: GetFontFace failed to load or process 'Roboto-Regular'
[2014.12.05-21.45.25:106][228]LogSlate:Warning: GetFontFace failed to load or process 'Roboto-Regular'
[2014.12.05-21.45.25:107][228]LogSlate:Warning: GetFontFace failed to load or process 'Roboto-Regular'
[2014.12.05-21.45.25:107][228]LogSlate:Warning: GetFontFace failed to load or process 'Roboto-Regular'
[2014.12.05-21.45.25:107][228]LogSlate:Warning: GetFontFace failed to load or process 'Roboto-Regular'
[2014.12.05-21.45.25:107][228]LogSlate:Warning: GetFontFace failed to load or process 'Roboto-Regular'
[2014.12.05-21.45.25:107][228]LogSlate:Warning: GetFontFace failed to load or process 'Roboto-Regular'
[2014.12.05-21.45.25:107][228]LogSlate:Warning: GetFontFace failed to load or process 'Roboto-Regular'
[2014.12.05-21.47.02:121][683]LogSlate:Warning: GetFontFace failed to load or process 'Roboto-Regular'
[2014.12.05-21.47.02:121][683]LogSlate:Warning: GetFontFace failed to load or process 'Roboto-Regular'
[2014.12.05-21.47.02:121][683]LogSlate:Warning: GetFontFace failed to load or process 'Roboto-Regular'
[2014.12.05-21.47.02:121][683]LogSlate:Warning: GetFontFace failed to load or process 'Roboto-Regular'
[2014.12.05-21.49.04:174][315]LogActorComponent: UnregisterComponent: (/Engine/Transient.CharacterMovementComponent_1) Not registered. Aborting.
[2014.12.05-21.49.04:264][315]Cmd: OBJ SAVEPACKAGE PACKAGE="/Game/Blueprints/MyCharacter" FILE="D:/Study-Session/Trial_third_person/Content/Blueprints/MyCharacter.uasset" SILENT=true
[2014.12.05-21.49.05:056][315]LogSavePackage: Save=779.560791ms
[2014.12.05-21.49.05:056][315]LogSavePackage: Moving 'D:/Study-Session/Trial_third_person/Saved/MyCharacter59EDCE404508235AA07C5EBF064B9E55.tmp' to 'D:/Study-Session/Trial_third_person/Content/Blueprints/MyCharacter.uasset'
[2014.12.05-21.49.06:844][391]BlueprintLog: New page: Compile MyCharacter
[2014.12.05-21.49.07:116][391]LogActorComponent: UnregisterComponent: (/Engine/Transient.CharacterMovementComponent_2) Not registered. Aborting.
[2014.12.05-21.49.07:221][391]BlueprintEditorCompileResults: Info [0545.78] Compile of MyCharacter successful! [in 96 ms]
[2014.12.05-21.51.10:224][107]LogParticles: Destroying 0 GPU particle simulations for FXSystem 0x00000000226C02C0
[2014.12.05-21.51.11:268][157]LogActorComponent: UnregisterComponent: (/Engine/Transient.CharacterMovementComponent_3) Not registered. Aborting.
[2014.12.05-21.51.11:293][157]LogParticles: Destroying 0 GPU particle simulations for FXSystem 0x000000001C0C8AE0
[2014.12.05-21.51.14:775][317]Cmd: QUIT_EDITOR
[2014.12.05-21.51.15:343][317]LogExit: Preparing to exit.
[2014.12.05-21.51.16:309][317]LogExit: Editor shut down
[2014.12.05-21.51.16:310][317]LogExit: Transaction tracking system shut down
[2014.12.05-21.51.16:312][317]LogParticles: Destroying 0 GPU particle simulations for FXSystem 0x0000000015A2A660
[2014.12.05-21.51.16:412][317]LogParticles: Destroying 0 GPU particle simulations for FXSystem 0x00000000128A0220
[2014.12.05-21.51.16:412][317]LogParticles: Destroying 0 GPU particle simulations for FXSystem 0x0000000015761D00
[2014.12.05-21.51.16:412][317]LogParticles: Destroying 0 GPU particle simulations for FXSystem 0x0000000011807880
[2014.12.05-21.51.16:412][317]LogParticles: Destroying 0 GPU particle simulations for FXSystem 0x0000000020FD2840
[2014.12.05-21.51.16:412][317]LogParticles: Destroying 0 GPU particle simulations for FXSystem 0x0000000020FD1DA0
[2014.12.05-21.51.16:412][317]LogParticles: Destroying 0 GPU particle simulations for FXSystem 0x0000000020FD2980
[2014.12.05-21.51.16:412][317]LogExit: Object subsystem successfully closed.
[2014.12.05-21.51.16:552][317]LogModuleManager: Shutting down and abandoning module ExternalImagePicker (167)
[2014.12.05-21.51.16:552][317]LogModuleManager: Shutting down and abandoning module AndroidDeviceDetection (166)
[2014.12.05-21.51.16:552][317]LogModuleManager: Shutting down and abandoning module CrashTracker (165)
[2014.12.05-21.51.16:552][317]LogModuleManager: Shutting down and abandoning module SuperSearch (164)
[2014.12.05-21.51.16:552][317]LogModuleManager: Shutting down and abandoning module SceneOutliner (163)
[2014.12.05-21.51.16:552][317]LogModuleManager: Shutting down and abandoning module EditorWidgets (162)
[2014.12.05-21.51.16:552][317]LogModuleManager: Shutting down and abandoning module CollectionManager (161)
[2014.12.05-21.51.16:553][317]LogModuleManager: Shutting down and abandoning module StatsViewer (160)
[2014.12.05-21.51.16:556][317]LogModuleManager: Shutting down and abandoning module FoliageEdit (159)
[2014.12.05-21.51.16:556][317]LogModuleManager: Shutting down and abandoning module LandscapeEditor (158)
[2014.12.05-21.51.16:559][317]LogModuleManager: Shutting down and abandoning module MeshPaint (157)
[2014.12.05-21.51.16:559][317]LogModuleManager: Shutting down and abandoning module ActorPickerMode (156)
[2014.12.05-21.51.16:559][317]LogModuleManager: Shutting down and abandoning module GeometryMode (155)
[2014.12.05-21.51.16:559][317]LogModuleManager: Shutting down and abandoning module TextureAlignMode (154)
[2014.12.05-21.51.16:559][317]LogModuleManager: Shutting down and abandoning module BspMode (153)
[2014.12.05-21.51.16:559][317]LogModuleManager: Shutting down and abandoning module PlacementMode (152)
[2014.12.05-21.51.16:559][317]LogModuleManager: Shutting down and abandoning module AutomationWorker (151)
[2014.12.05-21.51.16:559][317]LogModuleManager: Shutting down and abandoning module CharacterAI (150)
[2014.12.05-21.51.16:559][317]LogModuleManager: Shutting down and abandoning module GameProjectGeneration (149)
[2014.12.05-21.51.16:561][317]LogModuleManager: Shutting down and abandoning module IntroTutorials (148)
[2014.12.05-21.51.16:563][317]LogModuleManager: Shutting down and abandoning module EditorLiveStreaming (147)
[2014.12.05-21.51.16:563][317]LogModuleManager: Shutting down and abandoning module HardwareTargeting (146)
[2014.12.05-21.51.16:563][317]LogModuleManager: Shutting down and abandoning module BehaviorTreeEditor (145)
[2014.12.05-21.51.16:567][317]LogModuleManager: Shutting down and abandoning module DeviceProfileEditor (144)
[2014.12.05-21.51.16:567][317]LogModuleManager: Shutting down and abandoning module UndoHistory (143)
[2014.12.05-21.51.16:568][317]LogModuleManager: Shutting down and abandoning module GameplayTagsEditor (142)
[2014.12.05-21.51.16:569][317]LogModuleManager: Shutting down and abandoning module UserFeedback (141)
[2014.12.05-21.51.16:570][317]LogModuleManager: Shutting down and abandoning module XmlParser (140)
[2014.12.05-21.51.16:570][317]LogModuleManager: Shutting down and abandoning module Blutility (139)
[2014.12.05-21.51.16:571][317]LogModuleManager: Shutting down and abandoning module IOSPlatformEditor (138)
[2014.12.05-21.51.16:571][317]LogModuleManager: Shutting down and abandoning module IOSRuntimeSettings (137)
[2014.12.05-21.51.16:571][317]LogModuleManager: Shutting down and abandoning module AndroidPlatformEditor (136)
[2014.12.05-21.51.16:571][317]LogModuleManager: Shutting down and abandoning module AndroidRuntimeSettings (135)
[2014.12.05-21.51.16:571][317]LogModuleManager: Shutting down and abandoning module ProjectTargetPlatformEditor (134)
[2014.12.05-21.51.16:571][317]LogModuleManager: Shutting down and abandoning module ProjectSettingsViewer (133)
[2014.12.05-21.51.16:571][317]LogModuleManager: Shutting down and abandoning module InputBindingEditor (132)
[2014.12.05-21.51.16:573][317]LogModuleManager: Shutting down and abandoning module EditorSettingsViewer (131)
[2014.12.05-21.51.16:573][317]LogModuleManager: Shutting down and abandoning module SettingsEditor (130)
[2014.12.05-21.51.16:573][317]LogModuleManager: Shutting down and abandoning module ProjectLauncher (129)
[2014.12.05-21.51.16:574][317]LogModuleManager: Shutting down and abandoning module SessionFrontend (128)
[2014.12.05-21.51.16:575][317]LogModuleManager: Shutting down and abandoning module ProfilerClient (127)
[2014.12.05-21.51.16:576][317]LogModuleManager: Shutting down and abandoning module TargetDeviceServices (126)
[2014.12.05-21.51.16:577][317]LogModuleManager: Shutting down and abandoning module DeviceManager (125)
[2014.12.05-21.51.16:577][317]LogModuleManager: Shutting down and abandoning module AutomationController (124)
[2014.12.05-21.51.16:579][317]LogModuleManager: Shutting down and abandoning module AutomationWindow (123)
[2014.12.05-21.51.16:579][317]LogModuleManager: Shutting down and abandoning module Layers (122)
[2014.12.05-21.51.16:583][317]LogModuleManager: Shutting down and abandoning module ComponentVisualizers (121)
[2014.12.05-21.51.16:583][317]LogModuleManager: Shutting down and abandoning module DetailCustomizations (120)
[2014.12.05-21.51.16:585][317]LogModuleManager: Shutting down and abandoning module PackagesDialog (119)
[2014.12.05-21.51.16:587][317]LogModuleManager: Shutting down and abandoning module AssetRegistry (118)
[2014.12.05-21.51.16:612][317]LogModuleManager: Shutting down and abandoning module Persona (117)
[2014.12.05-21.51.16:615][317]LogModuleManager: Shutting down and abandoning module Kismet (116)
[2014.12.05-21.51.16:616][317]LogModuleManager: Shutting down and abandoning module GraphEditor (115)
[2014.12.05-21.51.16:616][317]LogModuleManager: Shutting down and abandoning module ClassViewer (114)
[2014.12.05-21.51.16:616][317]LogModuleManager: Shutting down and abandoning module Toolbox (113)
[2014.12.05-21.51.16:616][317]LogModuleManager: Shutting down and abandoning module ModuleUI (112)
[2014.12.05-21.51.16:617][317]LogModuleManager: Shutting down and abandoning module MovieSceneTools (111)
[2014.12.05-21.51.16:622][317]LogModuleManager: Shutting down and abandoning module OutputLog (110)
[2014.12.05-21.51.16:622][317]LogModuleManager: Shutting down and abandoning module GammaUI (109)
[2014.12.05-21.51.16:623][317]LogModuleManager: Shutting down and abandoning module Documentation (108)
[2014.12.05-21.51.16:623][317]LogModuleManager: Shutting down and abandoning module GameLiveStreaming (107)
[2014.12.05-21.51.16:624][317]LogModuleManager: Shutting down and abandoning module StreamingPauseRendering (106)
[2014.12.05-21.51.16:624][317]LogModuleManager: Shutting down and abandoning module HTTP (105)
[2014.12.05-21.51.16:624][317]LogModuleManager: Shutting down and abandoning module AnalyticsET (104)
[2014.12.05-21.51.16:624][317]LogModuleManager: Shutting down and abandoning module Analytics (103)
[2014.12.05-21.51.16:624][317]LogModuleManager: Shutting down and abandoning module GameplayDebugger (102)
[2014.12.05-21.51.16:625][317]LogModuleManager: Shutting down and abandoning module AIModule (101)
[2014.12.05-21.51.16:626][317]LogModuleManager: Shutting down and abandoning module ProfilerService (100)
[2014.12.05-21.51.16:732][317]LogModuleManager: Shutting down and abandoning module TaskGraph (99)
[2014.12.05-21.51.16:735][317]LogModuleManager: Shutting down and abandoning module SlateRemote (98)
[2014.12.05-21.51.16:735][317]LogModuleManager: Shutting down and abandoning module ScriptEditorPlugin (97)
[2014.12.05-21.51.16:735][317]LogModuleManager: Shutting down and abandoning module CustomMeshComponent (96)
[2014.12.05-21.51.16:736][317]LogModuleManager: Shutting down and abandoning module CableComponent (95)
[2014.12.05-21.51.16:736][317]LogModuleManager: Shutting down and abandoning module MessagingDebugger (94)
[2014.12.05-21.51.16:740][317]LogModuleManager: Shutting down and abandoning module MediaPlayerEditor (93)
[2014.12.05-21.51.16:741][317]LogModuleManager: Shutting down and abandoning module SpeedTreeImporter (92)
[2014.12.05-21.51.16:741][317]LogModuleManager: Shutting down and abandoning module PluginsEditor (91)
[2014.12.05-21.51.16:743][317]LogModuleManager: Shutting down and abandoning module EpicSurvey (90)
[2014.12.05-21.51.16:743][317]LogModuleManager: Shutting down and abandoning module DesktopPlatform (89)
[2014.12.05-21.51.16:748][317]LogModuleManager: Shutting down and abandoning module VisualStudioSourceCodeAccess (88)
[2014.12.05-21.51.16:748][317]LogModuleManager: Shutting down and abandoning module UObjectPlugin (87)
[2014.12.05-21.51.16:748][317]LogModuleManager: Shutting down and abandoning module SubversionSourceControl (86)
[2014.12.05-21.51.16:750][317]LogModuleManager: Shutting down and abandoning module SourceControl (85)
[2014.12.05-21.51.16:750][317]LogModuleManager: Shutting down and abandoning module PerforceSourceControl (84)
[2014.12.05-21.51.16:752][317]LogModuleManager: Shutting down and abandoning module BlankPlugin (83)
[2014.12.05-21.51.16:752][317]LogModuleManager: Shutting down and abandoning module SlateReflector (82)
[2014.12.05-21.51.16:754][317]LogModuleManager: Shutting down and abandoning module DirectoryWatcher (81)
[2014.12.05-21.51.16:754][317]LogModuleManager: Shutting down and abandoning module HotReload (80)
[2014.12.05-21.51.16:755][317]LogModuleManager: Shutting down and abandoning module MainFrame (79)
[2014.12.05-21.51.16:755][317]LogModuleManager: Shutting down and abandoning module LevelEditor (78)
[2014.12.05-21.51.16:758][317]LogModuleManager: Shutting down and abandoning module ViewportSnapping (77)
[2014.12.05-21.51.16:758][317]LogModuleManager: Shutting down and abandoning module SmartSnapping (76)
[2014.12.05-21.51.16:758][317]LogModuleManager: Shutting down and abandoning module PaperTiledImporter (75)
[2014.12.05-21.51.16:758][317]LogModuleManager: Shutting down and abandoning module PaperJsonImporter (74)
[2014.12.05-21.51.16:759][317]LogModuleManager: Shutting down and abandoning module ContentBrowser (73)
[2014.12.05-21.51.16:759][317]LogModuleManager: Shutting down and abandoning module PropertyEditor (72)
[2014.12.05-21.51.16:759][317]LogModuleManager: Shutting down and abandoning module Paper2DEditor (71)
[2014.12.05-21.51.16:766][317]LogModuleManager: Shutting down and abandoning module ScriptPlugin (70)
[2014.12.05-21.51.16:767][317]LogModuleManager: Shutting down and abandoning module UdpMessaging (69)
[2014.12.05-21.51.16:867][317]LogModuleManager: Shutting down and abandoning module Paper2D (68)
[2014.12.05-21.51.16:867][317]LogModuleManager: Shutting down and abandoning module WindowsMoviePlayer (67)
[2014.12.05-21.51.16:880][317]LogModuleManager: Shutting down and abandoning module Media (66)
[2014.12.05-21.51.16:880][317]LogModuleManager: Shutting down and abandoning module WmfMedia (65)
[2014.12.05-21.51.16:890][317]LogModuleManager: Shutting down and abandoning module OnlineBlueprintSupport (64)
[2014.12.05-21.51.16:890][317]LogModuleManager: Shutting down and abandoning module FunctionalTesting (63)
[2014.12.05-21.51.16:890][317]LogModuleManager: Shutting down and abandoning module CollisionAnalyzer (62)
[2014.12.05-21.51.16:893][317]LogModuleManager: Shutting down and abandoning module WorkspaceMenuStructure (61)
[2014.12.05-21.51.16:893][317]LogModuleManager: Shutting down and abandoning module MessageLog (60)
[2014.12.05-21.51.16:893][317]LogModuleManager: Shutting down and abandoning module Sequencer (59)
[2014.12.05-21.51.16:900][317]LogModuleManager: Shutting down and abandoning module AssetTools (58)
[2014.12.05-21.51.16:906][317]LogModuleManager: Shutting down and abandoning module UMGEditor (57)
[2014.12.05-21.51.16:908][317]LogModuleManager: Shutting down and abandoning module UMG (56)
[2014.12.05-21.51.16:908][317]LogModuleManager: Shutting down and abandoning module Slate (55)
[2014.12.05-21.51.16:908][317]LogModuleManager: Shutting down and abandoning module EditorStyle (54)
[2014.12.05-21.51.16:915][317]LogModuleManager: Shutting down and abandoning module SessionServices (53)
[2014.12.05-21.51.16:915][317]LogModuleManager: Shutting down and abandoning module SourceCodeAccess (52)
[2014.12.05-21.51.16:915][317]LogModuleManager: Shutting down and abandoning module HeadMountedDisplay (51)
[2014.12.05-21.51.16:915][317]LogModuleManager: Shutting down and abandoning module XAudio2 (50)
[2014.12.05-21.51.16:915][317]LogModuleManager: Shutting down and abandoning module Networking (48)
[2014.12.05-21.51.16:915][317]LogModuleManager: Shutting down and abandoning module Core (47)
[2014.12.05-21.51.16:915][317]LogModuleManager: Shutting down and abandoning module KismetCompiler (46)
[2014.12.05-21.51.16:915][317]LogModuleManager: Shutting down and abandoning module PhysXFormats (45)
[2014.12.05-21.51.16:915][317]LogModuleManager: Shutting down and abandoning module MeshUtilities (44)
[2014.12.05-21.51.16:923][317]LogModuleManager: Shutting down and abandoning module DerivedDataCache (43)
[2014.12.05-21.51.17:025][317]LogDerivedDataCache: Shutdown
[2014.12.05-21.51.17:025][317]LogModuleManager: Shutting down and abandoning module ShaderFormatOpenGL (42)
[2014.12.05-21.51.17:027][317]LogModuleManager: Shutting down and abandoning module ShaderFormatD3D (41)
[2014.12.05-21.51.17:028][317]LogModuleManager: Shutting down and abandoning module MetalShaderFormat (40)
[2014.12.05-21.51.17:029][317]LogModuleManager: Shutting down and abandoning module TextureFormatUncompressed (39)
[2014.12.05-21.51.17:029][317]LogModuleManager: Shutting down and abandoning module TextureFormatPVR (38)
[2014.12.05-21.51.17:032][317]LogModuleManager: Shutting down and abandoning module TextureFormatDXT (37)
[2014.12.05-21.51.17:053][317]LogModuleManager: Shutting down and abandoning module TextureFormatAndroid (36)
[2014.12.05-21.51.17:053][317]LogModuleManager: Shutting down and abandoning module AudioFormatOpus (35)
[2014.12.05-21.51.17:059][317]LogModuleManager: Shutting down and abandoning module AudioFormatOgg (34)
[2014.12.05-21.51.17:059][317]LogModuleManager: Shutting down and abandoning module AudioFormatADPCM (33)
[2014.12.05-21.51.17:059][317]LogModuleManager: Shutting down and abandoning module Messaging (32)
[2014.12.05-21.51.17:059][317]LogModuleManager: Shutting down and abandoning module IOSTargetPlatform (31)
[2014.12.05-21.51.17:059][317]LogModuleManager: Shutting down and abandoning module Android_PVRTCTargetPlatform (30)
[2014.12.05-21.51.17:059][317]LogModuleManager: Shutting down and abandoning module Android_ETC2TargetPlatform (29)
[2014.12.05-21.51.17:059][317]LogModuleManager: Shutting down and abandoning module Android_ETC1TargetPlatform (28)
[2014.12.05-21.51.17:059][317]LogModuleManager: Shutting down and abandoning module Android_DXTTargetPlatform (27)
[2014.12.05-21.51.17:059][317]LogModuleManager: Shutting down and abandoning module Android_ATCTargetPlatform (26)
[2014.12.05-21.51.17:059][317]LogModuleManager: Shutting down and abandoning module AndroidTargetPlatform (25)
[2014.12.05-21.51.17:059][317]LogModuleManager: Shutting down and abandoning module WindowsTargetPlatform (24)
[2014.12.05-21.51.17:059][317]LogModuleManager: Shutting down and abandoning module WindowsServerTargetPlatform (23)
[2014.12.05-21.51.17:059][317]LogModuleManager: Shutting down and abandoning module WindowsNoEditorTargetPlatform (22)
[2014.12.05-21.51.17:060][317]LogModuleManager: Shutting down and abandoning module WindowsClientTargetPlatform (21)
[2014.12.05-21.51.17:060][317]LogModuleManager: Shutting down and abandoning module TargetPlatform (20)
[2014.12.05-21.51.17:060][317]LogModuleManager: Shutting down and abandoning module InputCore (19)
[2014.12.05-21.51.17:060][317]LogModuleManager: Shutting down and abandoning module Settings (18)
[2014.12.05-21.51.17:060][317]LogModuleManager: Shutting down and abandoning module ImageWrapper (17)
[2014.12.05-21.51.17:060][317]LogModuleManager: Shutting down and abandoning module OculusRift (14)
[2014.12.05-21.51.17:062][317]LogModuleManager: Shutting down and abandoning module ExampleDeviceProfileSelector (13)
[2014.12.05-21.51.17:062][317]LogModuleManager: Shutting down and abandoning module TextureCompressor (12)
[2014.12.05-21.51.17:064][317]LogModuleManager: Shutting down and abandoning module ShaderCore (11)
[2014.12.05-21.51.17:064][317]LogModuleManager: Shutting down and abandoning module SlateRHIRenderer (10)
[2014.12.05-21.51.17:078][317]LogModuleManager: Shutting down and abandoning module OpenGLDrv (9)
[2014.12.05-21.51.17:078][317]LogModuleManager: Shutting down and abandoning module D3D11RHI (8)
[2014.12.05-21.51.17:078][317]LogModuleManager: Shutting down and abandoning module Renderer (7)
[2014.12.05-21.51.17:078][317]LogModuleManager: Shutting down and abandoning module Engine (6)
[2014.12.05-21.51.17:078][317]LogModuleManager: Shutting down and abandoning module CoreUObject (5)
[2014.12.05-21.51.17:078][317]LogModuleManager: Shutting down and abandoning module NetworkFile (4)
[2014.12.05-21.51.17:079][317]LogModuleManager: Shutting down and abandoning module StreamingFile (3)
[2014.12.05-21.51.17:080][317]LogModuleManager: Shutting down and abandoning module SandboxFile (2)
[2014.12.05-21.51.17:081][317]LogModuleManager: Shutting down and abandoning module PakFile (1)
[2014.12.05-21.51.17:092][317]LogExit: Exiting.
[2014.12.05-21.51.17:113][317]Log file closed, 12/05/14 13:51:17
