Log file open, 12/08/14 21:43:40
LogInit:Display: Running engine for game: Trial_third_person
LogInit: Version: 4.5.1-2336687+++depot+UE4-Releases+4.5
LogInit: API Version: 2326478
LogInit: Compiled (64-bit): Oct 21 2014 22:32:40
LogInit: Compiled with Visual C++: 18.00.21005.01
LogInit: Build Configuration: Development
LogInit: Branch Name: ++depot+UE4-Releases+4.5
LogInit: Command line: 
LogInit: Base directory: C:/Program Files/Epic Games/4.5/Engine/Binaries/Win64/
LogInit: Rocket: 1
[2014.12.09-05.43.40:540][  0]LogTaskGraph: Started task graph with 3 named threads and 4 total threads.
[2014.12.09-05.43.40:568][  0]LogOnline:Warning: No default platform service specified for OnlineSubsystem
[2014.12.09-05.43.40:581][  0]LogInit: Presizing for 0 objects not considered by GC, pre-allocating 0 bytes.
[2014.12.09-05.43.40:588][  0]LogInit: Object subsystem initialized
[2014.12.09-05.43.40:591][  0]LogConsoleResponse:Warning: Skipping Unknown console variable: 'UIScaleRule = ShortestSide'
[2014.12.09-05.43.40:591][  0]LogConsoleResponse:Warning:   Found in ini file 'E:/Mobile Documents/UCI/Fall 2014/CompSci 113 - Intro to Game Design/Study-Session/Trial_third_person/Saved/Config/Windows/Engine.ini', in section '[/Script/Engine.RendererSettings]'
[2014.12.09-05.43.40:591][  0]LogConsoleResponse:Warning: Skipping Unknown console variable: 'UIScaleCurve = (EditorCurveData=(Keys=((Time=480.000000,Value=0.444000),(Time=720.000000,Value=0.666000),(Time=1080.000000,Value=1.000000),(Time=8640.000000,Value=8.000000))),ExternalCurve=None)'
[2014.12.09-05.43.40:591][  0]LogConsoleResponse:Warning:   Found in ini file 'E:/Mobile Documents/UCI/Fall 2014/CompSci 113 - Intro to Game Design/Study-Session/Trial_third_person/Saved/Config/Windows/Engine.ini', in section '[/Script/Engine.RendererSettings]'
[2014.12.09-05.43.40:591][  0]LogInit: Selected Device Profile: [Windows]
[2014.12.09-05.43.40:591][  0]LogInit: Applying CVar settings loaded from the selected device profile: [Windows]
[2014.12.09-05.43.40:595][  0]LogInit: Computer: WINDOWSONAMAC
[2014.12.09-05.43.40:595][  0]LogInit: User: Jacob
[2014.12.09-05.43.40:596][  0]LogInit: CPU Page size=4096, Cores=4
[2014.12.09-05.43.40:596][  0]LogInit: High frequency timer resolution =2.240914 MHz
[2014.12.09-05.43.40:597][  0]LogMemory: Memory total: Physical=15.9GB (16GB approx) Virtual=131072.0GB
[2014.12.09-05.43.40:597][  0]LogMemory: Platform Memory Stats for Windows
[2014.12.09-05.43.40:597][  0]LogMemory: Process Physical Memory: 61.90 MB used, 61.90 MB peak
[2014.12.09-05.43.40:597][  0]LogMemory: Process Virtual Memory: 37.41 MB used, 37.41 MB peak
[2014.12.09-05.43.40:597][  0]LogMemory: Physical Memory: 3259.91 MB used, 16292.25 MB total
[2014.12.09-05.43.40:597][  0]LogMemory: Virtual Memory: 290.42 MB used, 134217728.00 MB total
[2014.12.09-05.43.40:615][  0]LogD3D11RHI: Found D3D11 adapter 0: NVIDIA GeForce GT 750M    (Feature Level 11_0)
[2014.12.09-05.43.40:615][  0]LogD3D11RHI: Adapter has 1985MB of dedicated video memory, 0MB of dedicated system memory, and 2048MB of shared system memory, 1 output[s]
[2014.12.09-05.43.40:616][  0]LogD3D11RHI: Found D3D11 adapter 1: Microsoft Basic Render Driver (Feature Level 11_0)
[2014.12.09-05.43.40:616][  0]LogD3D11RHI: Adapter has 0MB of dedicated video memory, 0MB of dedicated system memory, and 256MB of shared system memory, 0 output[s]
[2014.12.09-05.43.40:616][  0]LogD3D11RHI: Chosen D3D11 Adapter Id = 0
[2014.12.09-05.43.40:619][  0]LogRHI: Texture pool is 1361 MB (70% of 1945 MB)
[2014.12.09-05.43.40:627][  0]LogD3D11RHI: Async texture creation enabled
[2014.12.09-05.43.40:674][  0]LogTextLocalizationManager: The requested culture ('en_US') has no localization data; parent culture's ('en') localization data will be used.
[2014.12.09-05.43.40:781][  0]LogContentStreaming: Texture pool size is 0.000000MB
[2014.12.09-05.43.44:438][  0]LogTargetPlatformManager:Display: Building Assets For Windows
[2014.12.09-05.43.44:747][  0]LogTargetPlatformManager:Display: Building Assets For Windows
[2014.12.09-05.43.44:785][  0]LogDerivedDataCache:Display: Max Cache Size: 512 MB
[2014.12.09-05.43.44:817][  0]LogDerivedDataCache: Loaded boot cache 0.03s 39MB C:/Users/Jacob/AppData/Local/UnrealEngine/4.5/DerivedDataCache/Boot.ddc.
[2014.12.09-05.43.44:818][  0]LogDerivedDataCache:Display: Loaded Boot cache: C:/Users/Jacob/AppData/Local/UnrealEngine/4.5/DerivedDataCache/Boot.ddc
[2014.12.09-05.43.44:818][  0]LogDerivedDataCache: FDerivedDataBackendGraph:  Pak pak cache file E:/Mobile Documents/UCI/Fall 2014/CompSci 113 - Intro to Game Design/Study-Session/Trial_third_person/DerivedDataCache/DDC.ddp not found, will not use a pak cache.
[2014.12.09-05.43.44:818][  0]LogDerivedDataCache: Unable to find inner node Pak for hierarchical cache Hierarchy.
[2014.12.09-05.43.44:869][  0]LogDerivedDataCache:Display: Pak cache opened for reading ../../../Engine/DerivedDataCache/DDC.ddp.
[2014.12.09-05.43.44:881][  0]LogDerivedDataCache: Using Local data cache path C:/Users/Jacob/AppData/Local/UnrealEngine/Common/DerivedDataCache: Writable
[2014.12.09-05.43.45:018][  0]LogMeshUtilities: No automatic mesh reduction module available
[2014.12.09-05.43.45:019][  0]LogMeshUtilities: No automatic mesh merging module available
[2014.12.09-05.43.45:270][  0]LogLinker:Warning: Asset '../../../Engine/Content/Functions/Engine_MaterialFunctions02/Texturing/FlipBook.uasset' has been saved with empty engine version. The asset will be loaded but may be incompatible.
[2014.12.09-05.43.45:273][  0]LogLinker:Warning: Asset '../../../Engine/Content/Functions/Engine_MaterialFunctions02/ExampleContent/Textures/flipbook.uasset' has been saved with empty engine version. The asset will be loaded but may be incompatible.
[2014.12.09-05.43.45:413][  0]LogInit: WinSock: version 1.1 (2.2), MaxSocks=32767, MaxUdp=65467
[2014.12.09-05.43.46:047][  0]UdpMessaging: Initializing bridge on interface 0.0.0.0:0 to multicast group 230.0.0.1:6666.
[2014.12.09-05.43.46:181][  0]LogDirectoryWatcher:Warning: Failed to begin reading directory changes for E:/Mobile Documents/UCI/Fall 2014/CompSci 113 - Intro to Game Design/Study-Session/Trial_third_person/Binaries/Win64. Error: 0
[2014.12.09-05.43.46:270][  0]SourceControl: Info Source control is disabled
[2014.12.09-05.43.46:270][  0]SourceControl: Info Source control is disabled
[2014.12.09-05.43.46:275][  0]SourceControl: Info Source control is disabled
[2014.12.09-05.43.46:350][  0]LogObj: 22915 objects as part of root set at end of initial load.
[2014.12.09-05.43.46:350][  0]LogUObjectAllocator: 4803544 out of 0 bytes used by permanent object pool.
[2014.12.09-05.43.46:395][  0]LogEngine: Initializing Engine...
[2014.12.09-05.43.46:497][  0]LogInit: XAudio2 using 'Speakers (Cirrus Logic CS4208 (AB 94))' : 4 channels at 48 kHz using 32 bits per sample (channel mask 0x33)
[2014.12.09-05.43.46:511][  0]LogInit: FAudioDevice initialized.
[2014.12.09-05.43.46:525][  0]LogAIModule: Creating AISystem for world NewWorld
[2014.12.09-05.43.46:543][  0]LogDerivedDataCache: Saved boot cache 0.02s 39MB C:/Users/Jacob/AppData/Local/UnrealEngine/4.5/DerivedDataCache/Boot.ddc.
[2014.12.09-05.43.46:547][  0]LogInit: Texture streaming: Enabled
[2014.12.09-05.43.46:576][  0]LogInit: Transaction tracking system initialized
[2014.12.09-05.43.46:636][  0]BlueprintLog: New page: Editor Load
[2014.12.09-05.43.46:660][  0]LogAssetRegistry: FAssetRegistry took 0.0108 seconds to start up
[2014.12.09-05.43.46:660][  0]LogDirectoryWatcher:Warning: Failed to begin reading directory changes for ../../../Engine/Plugins/Experimental/CharacterAI/Content/. Error: 0
[2014.12.09-05.43.47:001][  0]LogTargetPlatformManager:Display: Building Assets For Windows
[2014.12.09-05.43.47:259][  0]LogTargetPlatformManager:Display: Building Assets For Windows
[2014.12.09-05.43.47:394][  0]LogConsoleResponse:Display: 
[2014.12.09-05.43.47:529][  0]SourceControl: Info Source control is disabled
[2014.12.09-05.43.47:529][  0]Cmd: MAP LOAD FILE="E:/Mobile Documents/UCI/Fall 2014/CompSci 113 - Intro to Game Design/Study-Session/Trial_third_person/Content/Maps/Example_Map.umap" TEMPLATE=0 SHOWPROGRESS=1
[2014.12.09-05.43.47:529][  0]LightingResults: New page: Lighting Build
[2014.12.09-05.43.47:536][  0]MapCheck: New page: Map Check
[2014.12.09-05.43.47:536][  0]LightingResults: New page: Lighting Build
[2014.12.09-05.43.47:547][  0]LogParticles: Destroying 0 GPU particle simulations for FXSystem 0x000000A4BC0C9A80
[2014.12.09-05.43.48:107][  0]LogEditorServer: Finished looking for orphan Actors (0.000 secs)
[2014.12.09-05.43.48:107][  0]LogAIModule: Creating AISystem for world Example_Map
[2014.12.09-05.43.48:108][  0]Cmd: MAP CHECKDEP
[2014.12.09-05.43.48:108][  0]MapCheck: New page: Example_Map - Dec 8, 2014, 1:43:48 PM
[2014.12.09-05.43.48:177][  0]MapCheck: Info Map check complete: 0 Error(s), 0 Warning(s), took 68.937ms to complete.
[2014.12.09-05.43.48:177][  0]LogFileHelpers: Loading map 'Example_Map' took 0.649
[2014.12.09-05.43.48:253][  0]LogCollectionManager: Loaded 0 collections in 0.000815 seconds
[2014.12.09-05.43.48:331][  0]LogCrashTracker: Crashtracker disabled due to settings.
[2014.12.09-05.43.48:350][  0]LogUObjectGlobals:Warning: Failed to find object 'Class None.'
[2014.12.09-05.43.48:375][  0]LogLoad: Full Startup: 9.67 seconds (BP compile: 0.26 seconds)
[2014.12.09-05.43.48:389][  0]LogContentBrowser:Verbose: The content browser source was changed by the sources view to '/Game/Blueprints'
[2014.12.09-05.43.48:519][  0]LogRenderer:Warning: Reallocating scene render targets to support 728x704.
[2014.12.09-05.43.48:845][  2]LogAssetRegistry: Asset discovery search completed in 2.1967 seconds
[2014.12.09-05.44.00:759][ 58]LogActorComponent: UnregisterComponent: (/Engine/Transient.CharacterMovementComponent_0) Not registered. Aborting.
[2014.12.09-05.44.00:759][ 58]LogActorComponent: UnregisterComponent: (/Engine/Transient.CharacterMovementComponent_1) Not registered. Aborting.
[2014.12.09-05.44.00:759][ 58]LogActorComponent: UnregisterComponent: (/Engine/Transient.PawnSensingComponent_0) Not registered. Aborting.
[2014.12.09-05.44.09:881][947]LogSlate:Warning: GetFontFace failed to load or process 'Roboto-Regular'
[2014.12.09-05.44.09:881][947]LogSlate:Warning: GetFontFace failed to load or process 'Roboto-Regular'
[2014.12.09-05.44.09:883][947]LogSlate:Warning: GetFontFace failed to load or process 'Roboto-Regular'
[2014.12.09-05.44.09:883][947]LogSlate:Warning: GetFontFace failed to load or process 'Roboto-Regular'
[2014.12.09-05.44.09:883][947]LogSlate:Warning: GetFontFace failed to load or process 'Roboto-Regular'
[2014.12.09-05.44.09:883][947]LogSlate:Warning: GetFontFace failed to load or process 'Roboto-Regular'
[2014.12.09-05.44.09:883][947]LogSlate:Warning: GetFontFace failed to load or process 'Roboto-Regular'
[2014.12.09-05.44.09:883][947]LogSlate:Warning: GetFontFace failed to load or process 'Roboto-Regular'
[2014.12.09-05.44.09:883][947]LogSlate:Warning: GetFontFace failed to load or process 'Roboto-Regular'
[2014.12.09-05.44.09:883][947]LogSlate:Warning: GetFontFace failed to load or process 'Roboto-Regular'
[2014.12.09-05.44.09:883][947]LogSlate:Warning: GetFontFace failed to load or process 'Roboto-Regular'
[2014.12.09-05.44.09:884][947]LogSlate:Warning: GetFontFace failed to load or process 'Roboto-Regular'
[2014.12.09-05.44.09:884][947]LogSlate:Warning: GetFontFace failed to load or process 'Roboto-Regular'
[2014.12.09-05.44.09:884][947]LogSlate:Warning: GetFontFace failed to load or process 'Roboto-Regular'
[2014.12.09-05.44.09:884][947]LogSlate:Warning: GetFontFace failed to load or process 'Roboto-Regular'
[2014.12.09-05.44.09:884][947]LogSlate:Warning: GetFontFace failed to load or process 'Roboto-Regular'
[2014.12.09-05.44.09:884][947]LogSlate:Warning: GetFontFace failed to load or process 'Roboto-Regular'
[2014.12.09-05.44.09:884][947]LogSlate:Warning: GetFontFace failed to load or process 'Roboto-Regular'
[2014.12.09-05.44.09:884][947]LogSlate:Warning: GetFontFace failed to load or process 'Roboto-Regular'
[2014.12.09-05.44.13:143][210]LogWindows:Error: Windows GetLastError: The operation completed successfully. (0)
[2014.12.09-05.44.13:143][210]LogCrashTracker: 


[2014.12.09-05.44.13:318][210]LogCrashTracker: 


[2014.12.09-05.44.13:319][210]LogWindows: === Critical error: ===
Assertion failed: StructPtrs.Num() != 0 [File:D:\BuildFarm\buildmachine_++depot+UE4-Releases+4.5\Engine\Source\Editor\DetailCustomizations\Private\KeyStructCustomization.cpp] [Line: 63] 



KERNELBASE.dll!UnknownFunction (0x00007ffc9a5e606c) + 0 bytes [UnknownFile:0]
UE4Editor-Core.dll!UnknownFunction (0x00007ffc81db71c4) + 0 bytes [UnknownFile:0]
UE4Editor-Core.dll!UnknownFunction (0x00007ffc81c498c8) + 0 bytes [UnknownFile:0]
UE4Editor-Core.dll!UnknownFunction (0x00007ffc81c2e892) + 0 bytes [UnknownFile:0]
UE4Editor-DetailCustomizations.dll!UnknownFunction (0x00007ffc72ed1194) + 0 bytes [UnknownFile:0]
UE4Editor-DetailCustomizations.dll!UnknownFunction (0x00007ffc72eb4526) + 0 bytes [UnknownFile:0]
UE4Editor-UnrealEd.dll!UnknownFunction (0x00007ffc77f34d8a) + 0 bytes [UnknownFile:0]
UE4Editor-UnrealEd.dll!UnknownFunction (0x00007ffc77f477f8) + 0 bytes [UnknownFile:0]
UE4Editor-UnrealEd.dll!UnknownFunction (0x00007ffc77f508d6) + 0 bytes [UnknownFile:0]
UE4Editor-UnrealEd.dll!UnknownFunction (0x00007ffc77f37032) + 0 bytes [UnknownFile:0]
UE4Editor-Slate.dll!UnknownFunction (0x00007ffc818a2a1f) + 0 bytes [UnknownFile:0]
UE4Editor-SlateCore.dll!UnknownFunction (0x00007ffc812f78af) + 0 bytes [UnknownFile:0]
UE4Editor-SlateCore.dll!UnknownFunction (0x00007ffc812f7bba) + 0 bytes [UnknownFile:0]
UE4Editor-SlateCore.dll!UnknownFunction (0x00007ffc812f72fc) + 0 bytes [UnknownFile:0]
UE4Editor-SlateCore.dll!UnknownFunction (0x00007ffc812f78af) + 0 bytes [UnknownFile:0]
UE4Editor-SlateCore.dll!UnknownFunction (0x00007ffc812f7bba) + 0 bytes [UnknownFile:0]
UE4Editor-SlateCore.dll!UnknownFunction (0x00007ffc812f72fc) + 0 bytes [UnknownFile:0]
UE4Editor-SlateCore.dll!UnknownFunction (0x00007ffc812f78af) + 0 bytes [UnknownFile:0]
UE4Editor-SlateCore.dll!UnknownFunction (0x00007ffc812f6f28) + 0 bytes [UnknownFile:0]
UE4Editor-Slate.dll!UnknownFunction (0x00007ffc818a1098) + 0 bytes [UnknownFile:0]
UE4Editor-SlateCore.dll!UnknownFunction (0x00007ffc812f78af) + 0 bytes [UnknownFile:0]
UE4Editor-Slate.dll!UnknownFunction (0x00007ffc818a2cd6) + 0 bytes [UnknownFile:0]
UE4Editor-SlateCore.dll!UnknownFunction (0x00007ffc812f78af) + 0 bytes [UnknownFile:0]
UE4Editor-SlateCore.dll!UnknownFunction (0x00007ffc812f6f28) + 0 bytes [UnknownFile:0]
UE4Editor-SlateCore.dll!UnknownFunction (0x00007ffc812f78af) + 0 bytes [UnknownFile:0]
UE4Editor-SlateCore.dll!UnknownFunction (0x00007ffc812f7bba) + 0 bytes [UnknownFile:0]
UE4Editor-SlateCore.dll!UnknownFunction (0x00007ffc812f72fc) + 0 bytes [UnknownFile:0]
UE4Editor-SlateCore.dll!UnknownFunction (0x00007ffc812f78af) + 0 bytes [UnknownFile:0]
UE4Editor-SlateCore.dll!UnknownFunction (0x00007ffc812f6f28) + 0 bytes [UnknownFile:0]
UE4Editor-SlateCore.dll!UnknownFunction (0x00007ffc812f78af) + 0 bytes [UnknownFile:0]
UE4Editor-SlateCore.dll!UnknownFunction (0x00007ffc812f7bba) + 0 bytes [UnknownFile:0]
UE4Editor-SlateCore.dll!UnknownFunction (0x00007ffc812f72fc) + 0 bytes [UnknownFile:0]
UE4Editor-SlateCore.dll!UnknownFunction (0x00007ffc812f78af) + 0 bytes [UnknownFile:0]
UE4Editor-SlateCore.dll!UnknownFunction (0x00007ffc812f7bba) + 0 bytes [UnknownFile:0]
UE4Editor-Slate.dll!UnknownFunction (0x00007ffc818a4494) + 0 bytes [UnknownFile:0]
UE4Editor-SlateCore.dll!UnknownFunction (0x00007ffc812f78af) + 0 bytes [UnknownFile:0]
UE4Editor-SlateCore.dll!UnknownFunction (0x00007ffc812f6f28) + 0 bytes [UnknownFile:0]
UE4Editor-Slate.dll!UnknownFunction (0x00007ffc818a1098) + 0 bytes [UnknownFile:0]
UE4Editor-SlateCore.dll!UnknownFunction (0x00007ffc812f78af) + 0 bytes [UnknownFile:0]
UE4Editor-SlateCore.dll!UnknownFunction (0x00007ffc812f6f28) + 0 bytes [UnknownFile:0]
UE4Editor-Slate.dll!UnknownFunction (0x00007ffc818a1098) + 0 bytes [UnknownFile:0]
UE4Editor-PropertyEditor.dll!UnknownFunction (0x00007ffc762ad50f) + 0 bytes [UnknownFile:0]
UE4Editor-SlateCore.dll!UnknownFunction (0x00007ffc812f78af) + 0 bytes [UnknownFile:0]
UE4Editor-SlateCore.dll!UnknownFunction (0x00007ffc812f7bba) + 0 bytes [UnknownFile:0]
UE4Editor-SlateCore.dll!UnknownFunction (0x00007ffc812f72fc) + 0 bytes [UnknownFile:0]
UE4Editor-SlateCore.dll!UnknownFunction (0x00007ffc812f78af) + 0 bytes [UnknownFile:0]
UE4Editor-SlateCore.dll!UnknownFunction (0x00007ffc812f6f28) + 0 bytes [UnknownFile:0]
UE4Editor-Slate.dll!UnknownFunction (0x00007ffc818cd5e4) + 0 bytes [UnknownFile:0]
UE4Editor-SlateCore.dll!UnknownFunction (0x00007ffc812f78af) + 0 bytes [UnknownFile:0]
UE4Editor-SlateCore.dll!UnknownFunction (0x00007ffc812f7bba) + 0 bytes [UnknownFile:0]
UE4Editor-SlateCore.dll!UnknownFunction (0x00007ffc812f72fc) + 0 bytes [UnknownFile:0]
UE4Editor-SlateCore.dll!UnknownFunction (0x00007ffc812f78af) + 0 bytes [UnknownFile:0]
UE4Editor-SlateCore.dll!UnknownFunction (0x00007ffc812f7bba) + 0 bytes [UnknownFile:0]
UE4Editor-SlateCore.dll!UnknownFunction (0x00007ffc812f72fc) + 0 bytes [UnknownFile:0]
UE4Editor-SlateCore.dll!UnknownFunction (0x00007ffc812f78af) + 0 bytes [UnknownFile:0]
UE4Editor-SlateCore.dll!UnknownFunction (0x00007ffc812f6f28) + 0 bytes [UnknownFile:0]
UE4Editor-SlateCore.dll!UnknownFunction (0x00007ffc812f78af) + 0 bytes [UnknownFile:0]
UE4Editor-SlateCore.dll!UnknownFunction (0x00007ffc812f6f28) + 0 bytes [UnknownFile:0]
UE4Editor-Slate.dll!UnknownFunction (0x00007ffc818a1098) + 0 bytes [UnknownFile:0]
UE4Editor-SlateCore.dll!UnknownFunction (0x00007ffc812f78af) + 0 bytes [UnknownFile:0]
UE4Editor-SlateCore.dll!UnknownFunction (0x00007ffc812f7bba) + 0 bytes [UnknownFile:0]
UE4Editor-SlateCore.dll!UnknownFunction (0x00007ffc812f72fc) + 0 bytes [UnknownFile:0]
UE4Editor-SlateCore.dll!UnknownFunction (0x00007ffc812f78af) + 0 bytes [UnknownFile:0]
UE4Editor-SlateCore.dll!UnknownFunction (0x00007ffc812f6f28) + 0 bytes [UnknownFile:0]
UE4Editor-Slate.dll!UnknownFunction (0x00007ffc818a1098) + 0 bytes [UnknownFile:0]
UE4Editor-SlateCore.dll!UnknownFunction (0x00007ffc812f78af) + 0 bytes [UnknownFile:0]
UE4Editor-SlateCore.dll!UnknownFunction (0x00007ffc812f7bba) + 0 bytes [UnknownFile:0]
UE4Editor-SlateCore.dll!UnknownFunction (0x00007ffc812f72fc) + 0 bytes [UnknownFile:0]
UE4Editor-SlateCore.dll!UnknownFunction (0x00007ffc812f78af) + 0 bytes [UnknownFile:0]
UE4Editor-SlateCore.dll!UnknownFunction (0x00007ffc812f6f28) + 0 bytes [UnknownFile:0]
UE4Editor-SlateCore.dll!UnknownFunction (0x00007ffc812f78af) + 0 bytes [UnknownFile:0]
UE4Editor-SlateCore.dll!UnknownFunction (0x00007ffc812f6f28) + 0 bytes [UnknownFile:0]
UE4Editor-Slate.dll!UnknownFunction (0x00007ffc818a1098) + 0 bytes [UnknownFile:0]
UE4Editor-SlateCore.dll!UnknownFunction (0x00007ffc812f78af) + 0 bytes [UnknownFile:0]
UE4Editor-SlateCore.dll!UnknownFunction (0x00007ffc812f71c5) + 0 bytes [UnknownFile:0]
UE4Editor-SlateCore.dll!UnknownFunction (0x00007ffc812f78af) + 0 bytes [UnknownFile:0]
UE4Editor-SlateCore.dll!UnknownFunction (0x00007ffc812f7bba) + 0 bytes [UnknownFile:0]
UE4Editor-SlateCore.dll!UnknownFunction (0x00007ffc812f72fc) + 0 bytes [UnknownFile:0]
UE4Editor-SlateCore.dll!UnknownFunction (0x00007ffc812f78af) + 0 bytes [UnknownFile:0]
UE4Editor-SlateCore.dll!UnknownFunction (0x00007ffc812f6f28) + 0 bytes [UnknownFile:0]
UE4Editor-SlateCore.dll!UnknownFunction (0x00007ffc812f78af) + 0 bytes [UnknownFile:0]
UE4Editor-SlateCore.dll!UnknownFunction (0x00007ffc812f7bba) + 0 bytes [UnknownFile:0]
UE4Editor-Slate.dll!UnknownFunction (0x00007ffc818a4494) + 0 bytes [UnknownFile:0]
UE4Editor-SlateCore.dll!UnknownFunction (0x00007ffc812f78af) + 0 bytes [UnknownFile:0]
UE4Editor-SlateCore.dll!UnknownFunction (0x00007ffc812f6f28) + 0 bytes [UnknownFile:0]
UE4Editor-SlateCore.dll!UnknownFunction (0x00007ffc812f78af) + 0 bytes [UnknownFile:0]
UE4Editor-SlateCore.dll!UnknownFunction (0x00007ffc812f7bba) + 0 bytes [UnknownFile:0]
UE4Editor-Slate.dll!UnknownFunction (0x00007ffc818a4494) + 0 bytes [UnknownFile:0]
UE4Editor-SlateCore.dll!UnknownFunction (0x00007ffc812f78af) + 0 bytes [UnknownFile:0]
UE4Editor-SlateCore.dll!UnknownFunction (0x00007ffc812f6f28) + 0 bytes [UnknownFile:0]
UE4Editor-SlateCore.dll!UnknownFunction (0x00007ffc812f78af) + 0 bytes [UnknownFile:0]
UE4Editor-SlateCore.dll!UnknownFunction (0x00007ffc812f7bba) + 0 bytes [UnknownFile:0]
UE4Editor-Slate.dll!UnknownFunction (0x00007ffc818a4494) + 0 bytes [UnknownFile:0]
UE4Editor-SlateCore.dll!UnknownFunction (0x00007ffc812f78af) + 0 bytes [UnknownFile:0]
UE4Editor-SlateCore.dll!UnknownFunction (0x00007ffc812f71c5) + 0 bytes [UnknownFile:0]
UE4Editor-SlateCore.dll!UnknownFunction (0x00007ffc812f78af) + 0 bytes [UnknownFile:0]
UE4Editor-SlateCore.dll!UnknownFunction (0x00007ffc812f6f28) + 0 bytes [UnknownFile:0]
UE4Editor-SlateCore.dll!UnknownFunction (0x00007ffc812f78af) + 0 bytes [UnknownFile:0]
UE4Editor-SlateCore.dll!UnknownFunction (0x00007ffc812f7bba) + 0 bytes [UnknownFile:0]
UE4Editor-SlateCore.dll!UnknownFunction (0x00007ffc812f72fc) + 0 bytes [UnknownFile:0]
UnknownModule!UnknownFunction (0x0000c4f6b935fa24) + 0 bytes [UnknownFile:0]


[2014.12.09-05.44.13:436][210]LogExit: Executing StaticShutdownAfterError
[2014.12.09-05.44.13:442][210]LogWindows: FPlatformMisc::RequestExit(1)
[2014.12.09-05.44.13:442][210]Log file closed, 12/08/14 21:44:13
