Log file open, 11/22/14 22:47:03
LogInit:Display: Running engine for game: Trial_third_person
LogInit: Version: 4.5.1-2336687+++depot+UE4-Releases+4.5
LogInit: API Version: 2326478
LogInit: Compiled (64-bit): Oct 21 2014 22:32:40
LogInit: Compiled with Visual C++: 18.00.21005.01
LogInit: Build Configuration: Development
LogInit: Branch Name: ++depot+UE4-Releases+4.5
LogInit: Command line:  
LogInit: Base directory: C:/Program Files/Epic Games/4.5/Engine/Binaries/Win64/
LogInit: Rocket: 1
[2014.11.23-06.47.03:593][  0]LogTaskGraph: Started task graph with 3 named threads and 4 total threads.
[2014.11.23-06.47.03:622][  0]LogOnline:Warning: No default platform service specified for OnlineSubsystem
[2014.11.23-06.47.03:644][  0]LogInit: Presizing for 0 objects not considered by GC, pre-allocating 0 bytes.
[2014.11.23-06.47.03:655][  0]LogInit: Object subsystem initialized
[2014.11.23-06.47.03:659][  0]LogConsoleResponse:Warning: Skipping Unknown console variable: 'UIScaleRule = ShortestSide'
[2014.11.23-06.47.03:659][  0]LogConsoleResponse:Warning:   Found in ini file 'C:/Users/User/Documents/GitHub/Study-Session/Trial_third_person/Saved/Config/Windows/Engine.ini', in section '[/Script/Engine.RendererSettings]'
[2014.11.23-06.47.03:659][  0]LogConsoleResponse:Warning: Skipping Unknown console variable: 'UIScaleCurve = (EditorCurveData=(Keys=((Time=480.000000,Value=0.444000),(Time=720.000000,Value=0.666000),(Time=1080.000000,Value=1.000000),(Time=8640.000000,Value=8.000000))),ExternalCurve=None)'
[2014.11.23-06.47.03:659][  0]LogConsoleResponse:Warning:   Found in ini file 'C:/Users/User/Documents/GitHub/Study-Session/Trial_third_person/Saved/Config/Windows/Engine.ini', in section '[/Script/Engine.RendererSettings]'
[2014.11.23-06.47.03:660][  0]LogInit: Selected Device Profile: [Windows]
[2014.11.23-06.47.03:660][  0]LogInit: Applying CVar settings loaded from the selected device profile: [Windows]
[2014.11.23-06.47.03:669][  0]LogInit: Computer: USER-PC
[2014.11.23-06.47.03:669][  0]LogInit: User: User
[2014.11.23-06.47.03:671][  0]LogInit: CPU Page size=4096, Cores=2
[2014.11.23-06.47.03:671][  0]LogInit: High frequency timer resolution =2.435947 MHz
[2014.11.23-06.47.03:671][  0]LogMemory: Memory total: Physical=7.8GB (8GB approx) Virtual=8192.0GB
[2014.11.23-06.47.03:671][  0]LogMemory: Platform Memory Stats for Windows
[2014.11.23-06.47.03:671][  0]LogMemory: Process Physical Memory: 63.34 MB used, 63.34 MB peak
[2014.11.23-06.47.03:671][  0]LogMemory: Process Virtual Memory: 38.52 MB used, 38.52 MB peak
[2014.11.23-06.47.03:671][  0]LogMemory: Physical Memory: 3165.63 MB used, 7969.14 MB total
[2014.11.23-06.47.03:671][  0]LogMemory: Virtual Memory: 268.57 MB used, 8388608.00 MB total
[2014.11.23-06.47.03:693][  0]LogD3D11RHI: Found D3D11 adapter 0: Intel(R) HD Graphics 3000 (Feature Level 10_0)
[2014.11.23-06.47.03:693][  0]LogD3D11RHI: Adapter has 192MB of dedicated video memory, 0MB of dedicated system memory, and 1568MB of shared system memory, 1 output[s]
[2014.11.23-06.47.03:693][  0]LogD3D11RHI: Chosen D3D11 Adapter Id = 0
[2014.11.23-06.47.03:699][  0]LogRHI: Texture pool is 683 MB (70% of 976 MB)
[2014.11.23-06.47.03:704][  0]LogD3D11RHI: Async texture creation enabled
[2014.11.23-06.47.03:766][  0]LogTextLocalizationManager: The requested culture ('en_US') has no localization data; parent culture's ('en') localization data will be used.
[2014.11.23-06.47.03:946][  0]LogContentStreaming: Texture pool size is 0.000000MB
[2014.11.23-06.47.09:872][  0]LogTargetPlatformManager:Display: Building Assets For Windows
[2014.11.23-06.47.10:438][  0]LogTargetPlatformManager:Display: Building Assets For Windows
[2014.11.23-06.47.10:492][  0]LogDerivedDataCache:Display: Max Cache Size: 512 MB
[2014.11.23-06.47.11:044][  0]LogDerivedDataCache: Loaded boot cache 0.55s 36MB C:/Users/User/AppData/Local/UnrealEngine/4.5/DerivedDataCache/Boot.ddc.
[2014.11.23-06.47.11:044][  0]LogDerivedDataCache:Display: Loaded Boot cache: C:/Users/User/AppData/Local/UnrealEngine/4.5/DerivedDataCache/Boot.ddc
[2014.11.23-06.47.11:045][  0]LogDerivedDataCache: FDerivedDataBackendGraph:  Pak pak cache file ../../../../../../Users/User/Documents/GitHub/Study-Session/Trial_third_person/DerivedDataCache/DDC.ddp not found, will not use a pak cache.
[2014.11.23-06.47.11:045][  0]LogDerivedDataCache: Unable to find inner node Pak for hierarchical cache Hierarchy.
[2014.11.23-06.47.11:205][  0]LogDerivedDataCache:Display: Pak cache opened for reading ../../../Engine/DerivedDataCache/DDC.ddp.
[2014.11.23-06.47.11:217][  0]LogDerivedDataCache: Using Local data cache path C:/Users/User/AppData/Local/UnrealEngine/Common/DerivedDataCache: Writable
[2014.11.23-06.47.13:588][  0]LogMeshUtilities: No automatic mesh reduction module available
[2014.11.23-06.47.13:588][  0]LogMeshUtilities: No automatic mesh merging module available
[2014.11.23-06.47.14:471][  0]LogLinker:Warning: Asset '../../../Engine/Content/Functions/Engine_MaterialFunctions02/Texturing/FlipBook.uasset' has been saved with empty engine version. The asset will be loaded but may be incompatible.
[2014.11.23-06.47.14:494][  0]LogLinker:Warning: Asset '../../../Engine/Content/Functions/Engine_MaterialFunctions02/ExampleContent/Textures/flipbook.uasset' has been saved with empty engine version. The asset will be loaded but may be incompatible.
[2014.11.23-06.47.15:179][  0]LogInit: WinSock: version 1.1 (2.2), MaxSocks=32767, MaxUdp=65467
[2014.11.23-06.47.33:527][  0]UdpMessaging: Initializing bridge on interface 0.0.0.0:0 to multicast group 230.0.0.1:6666.
[2014.11.23-06.47.33:760][  0]LogDirectoryWatcher:Warning: Failed to begin reading directory changes for C:/Users/User/Documents/GitHub/Study-Session/Trial_third_person/Binaries/Win64. Error: 0
[2014.11.23-06.47.34:231][  0]SourceControl: Info Source control is disabled
[2014.11.23-06.47.34:231][  0]SourceControl: Info Source control is disabled
[2014.11.23-06.47.34:244][  0]SourceControl: Info Source control is disabled
[2014.11.23-06.47.34:567][  0]LogObj: 22915 objects as part of root set at end of initial load.
[2014.11.23-06.47.34:567][  0]LogUObjectAllocator: 4803536 out of 0 bytes used by permanent object pool.
[2014.11.23-06.47.34:632][  0]LogEngine: Initializing Engine...
[2014.11.23-06.47.34:919][  0]LogInit: XAudio2 using 'Speakers (Realtek High Definition Audio)' : 2 channels at 48 kHz using 32 bits per sample (channel mask 0x3)
[2014.11.23-06.47.34:945][  0]LogInit: FAudioDevice initialized.
[2014.11.23-06.47.34:971][  0]LogAIModule: Creating AISystem for world NewWorld
[2014.11.23-06.47.35:013][  0]LogDerivedDataCache: Saved boot cache 0.04s 36MB C:/Users/User/AppData/Local/UnrealEngine/4.5/DerivedDataCache/Boot.ddc.
[2014.11.23-06.47.35:019][  0]LogInit: Texture streaming: Enabled
[2014.11.23-06.47.35:076][  0]LogInit: Transaction tracking system initialized
[2014.11.23-06.47.35:182][  0]BlueprintLog: New page: Editor Load
[2014.11.23-06.47.35:213][  0]LogAssetRegistry: FAssetRegistry took 0.0098 seconds to start up
[2014.11.23-06.47.35:213][  0]LogDirectoryWatcher:Warning: Failed to begin reading directory changes for ../../../Engine/Plugins/Experimental/CharacterAI/Content/. Error: 0
[2014.11.23-06.47.35:955][  0]LogTargetPlatformManager:Display: Building Assets For Windows
[2014.11.23-06.47.36:525][  0]LogTargetPlatformManager:Display: Building Assets For Windows
[2014.11.23-06.47.37:030][  0]LogConsoleResponse:Display: 
[2014.11.23-06.47.39:612][  0]SourceControl: Info Source control is disabled
[2014.11.23-06.47.39:612][  0]Cmd: MAP LOAD FILE="../../../../../../Users/User/Documents/GitHub/Study-Session/Trial_third_person/Content/Maps/Example_Map.umap" TEMPLATE=0 SHOWPROGRESS=1
[2014.11.23-06.47.39:613][  0]LightingResults: New page: Lighting Build
[2014.11.23-06.47.39:624][  0]MapCheck: New page: Map Check
[2014.11.23-06.47.39:624][  0]LightingResults: New page: Lighting Build
[2014.11.23-06.47.39:645][  0]LogParticles: Destroying 0 GPU particle simulations for FXSystem 0x00000000130685E0
[2014.11.23-06.47.41:564][  0]LogEditorServer: Finished looking for orphan Actors (0.000 secs)
[2014.11.23-06.47.41:564][  0]LogAIModule: Creating AISystem for world Example_Map
[2014.11.23-06.47.41:565][  0]Cmd: MAP CHECKDEP
[2014.11.23-06.47.41:565][  0]MapCheck: New page: Example_Map - Nov 22, 2014, 2:47:41 PM
[2014.11.23-06.47.41:701][  0]MapCheck: Info Map check complete: 0 Error(s), 0 Warning(s), took 136.348ms to complete.
[2014.11.23-06.47.41:701][  0]LogFileHelpers: Loading map 'Example_Map' took 2.089
[2014.11.23-06.47.41:867][  0]LogCollectionManager: Loaded 0 collections in 0.000957 seconds
[2014.11.23-06.47.42:156][  0]LogCrashTracker: Crashtracker disabled due to settings.
[2014.11.23-06.47.42:183][  0]LogUObjectGlobals:Warning: Failed to find object 'Class None.'
[2014.11.23-06.47.42:212][  0]LogLoad: Full Startup: 41.04 seconds (BP compile: 0.10 seconds)
[2014.11.23-06.47.42:560][  0]LogContentBrowser:Verbose: The content browser source was changed by the sources view to '/Game/StarterContent/Materials'
[2014.11.23-06.47.42:937][  0]LogRenderer:Warning: Reallocating scene render targets to support 696x592.
[2014.11.23-06.47.45:084][  6]LogAssetRegistry: Asset discovery search completed in 9.8813 seconds
[2014.11.23-06.48.20:045][231]LogContentBrowser:Verbose: The content browser source was changed by the sources view to '/Game/Maps'
[2014.11.23-06.48.25:584][306]LogLinker:Warning: Can't find file '/Game/ArchVis/Materials/M_Book_Mat_Inst'
[2014.11.23-06.48.25:584][306]LogLinker:Warning: Can't find file for asset '/Game/ArchVis/Materials/M_Book_Mat_Inst' while loading ../../../../../../Users/User/Documents/GitHub/Study-Session/Trial_third_person/Content/StarterContent/Mesh/BookLP.uasset.
[2014.11.23-06.48.25:585][306]LoadErrors:Error: Error /Game/StarterContent/Mesh/BookLP : Can't find file for asset. /Game/ArchVis/Materials/M_Book_Mat_Inst
[2014.11.23-06.48.25:585][306]LogLinker:Warning: Can't find file '/Game/ArchVis/Materials/M_Book_Mat_Inst'
[2014.11.23-06.48.25:585][306]LogLinker:Warning: Can't find file for asset '/Game/ArchVis/Materials/M_Book_Mat_Inst' while loading ../../../../../../Users/User/Documents/GitHub/Study-Session/Trial_third_person/Content/StarterContent/Mesh/BookLP.uasset.
[2014.11.23-06.48.25:606][306]LogLinker:Warning: Can't find file '/Game/ArchVis/Materials/MI_Carptet_Mat_Inst'
[2014.11.23-06.48.25:606][306]LogLinker:Warning: Can't find file for asset '/Game/ArchVis/Materials/MI_Carptet_Mat_Inst' while loading ../../../../../../Users/User/Documents/GitHub/Study-Session/Trial_third_person/Content/StarterContent/Mesh/SM_Carpet.uasset.
[2014.11.23-06.48.25:607][306]LoadErrors:Error: Error /Game/StarterContent/Mesh/SM_Carpet : Can't find file for asset. /Game/ArchVis/Materials/MI_Carptet_Mat_Inst
[2014.11.23-06.48.25:607][306]LogLinker:Warning: Can't find file '/Game/ArchVis/Materials/MI_Carptet_Mat_Inst'
[2014.11.23-06.48.25:607][306]LogLinker:Warning: Can't find file for asset '/Game/ArchVis/Materials/MI_Carptet_Mat_Inst' while loading ../../../../../../Users/User/Documents/GitHub/Study-Session/Trial_third_person/Content/StarterContent/Mesh/SM_Carpet.uasset.
[2014.11.23-06.48.25:621][306]LogLinker:Warning: Can't find file '/Game/ArchVis/Materials/M_Curtain_MAT_Inst'
[2014.11.23-06.48.25:621][306]LogLinker:Warning: Can't find file for asset '/Game/ArchVis/Materials/M_Curtain_MAT_Inst' while loading ../../../../../../Users/User/Documents/GitHub/Study-Session/Trial_third_person/Content/StarterContent/Mesh/SM_Curtain.uasset.
[2014.11.23-06.48.25:621][306]LoadErrors:Error: Error /Game/StarterContent/Mesh/SM_Curtain : Can't find file for asset. /Game/ArchVis/Materials/M_Curtain_MAT_Inst
[2014.11.23-06.48.25:621][306]LogLinker:Warning: Can't find file '/Game/ArchVis/Materials/M_Curtain_MAT_Inst'
[2014.11.23-06.48.25:622][306]LogLinker:Warning: Can't find file for asset '/Game/ArchVis/Materials/M_Curtain_MAT_Inst' while loading ../../../../../../Users/User/Documents/GitHub/Study-Session/Trial_third_person/Content/StarterContent/Mesh/SM_Curtain.uasset.
[2014.11.23-06.48.25:635][306]LogLinker:Warning: Can't find file '/Game/ArchVis/Materials/M_FloorLamp_Mat_Inst'
[2014.11.23-06.48.25:636][306]LogLinker:Warning: Can't find file for asset '/Game/ArchVis/Materials/M_FloorLamp_Mat_Inst' while loading ../../../../../../Users/User/Documents/GitHub/Study-Session/Trial_third_person/Content/StarterContent/Mesh/SM_FloorLamp.uasset.
[2014.11.23-06.48.25:636][306]LoadErrors:Error: Error /Game/StarterContent/Mesh/SM_FloorLamp : Can't find file for asset. /Game/ArchVis/Materials/M_FloorLamp_Mat_Inst
[2014.11.23-06.48.25:636][306]LogLinker:Warning: Can't find file '/Game/ArchVis/Materials/M_FloorLamp_Mat_Inst'
[2014.11.23-06.48.25:636][306]LogLinker:Warning: Can't find file for asset '/Game/ArchVis/Materials/M_FloorLamp_Mat_Inst' while loading ../../../../../../Users/User/Documents/GitHub/Study-Session/Trial_third_person/Content/StarterContent/Mesh/SM_FloorLamp.uasset.
[2014.11.23-06.48.25:657][306]LogLinker:Warning: Can't find file '/Game/ArchVis/Materials/MI_Carptet_Mat_Inst'
[2014.11.23-06.48.25:658][306]LoadErrors: Info Failed to load /Game/ArchVis/Materials/MI_Carptet_Mat_Inst.MI_Carptet_Mat_Inst Referenced by SM_Carpet Property /Script/Engine.StaticMesh:Materials
[2014.11.23-06.48.25:658][306]LogLinker:Warning: Can't find file for asset '/Game/ArchVis/Materials/MI_Carptet_Mat_Inst' while loading NULL.
[2014.11.23-06.48.25:658][306]LogLinker:Warning: Can't find file '/Game/ArchVis/Materials/M_Curtain_MAT_Inst'
[2014.11.23-06.48.25:659][306]LoadErrors: Info Failed to load /Game/ArchVis/Materials/M_Curtain_MAT_Inst.M_Curtain_MAT_Inst Referenced by SM_Curtain Property /Script/Engine.StaticMesh:Materials
[2014.11.23-06.48.25:659][306]LogLinker:Warning: Can't find file for asset '/Game/ArchVis/Materials/M_Curtain_MAT_Inst' while loading NULL.
[2014.11.23-06.48.25:664][306]LogLinker:Warning: Can't find file '/Game/ArchVis/Materials/M_FloorLamp_Mat_Inst'
[2014.11.23-06.48.25:665][306]LoadErrors: Info Failed to load /Game/ArchVis/Materials/M_FloorLamp_Mat_Inst.M_FloorLamp_Mat_Inst Referenced by SM_FloorLamp Property /Script/Engine.StaticMesh:Materials
[2014.11.23-06.48.25:665][306]LogLinker:Warning: Can't find file for asset '/Game/ArchVis/Materials/M_FloorLamp_Mat_Inst' while loading NULL.
[2014.11.23-06.48.25:789][306]LogLinker:Warning: Can't find file '/Game/ArchVis/Materials/M_Book_Mat_Inst'
[2014.11.23-06.48.25:789][306]LoadErrors: Info Failed to load /Game/ArchVis/Materials/M_Book_Mat_Inst.M_Book_Mat_Inst Referenced by BookLP Property /Script/Engine.StaticMesh:Materials
[2014.11.23-06.48.25:790][306]LogLinker:Warning: Can't find file for asset '/Game/ArchVis/Materials/M_Book_Mat_Inst' while loading NULL.
[2014.11.23-06.48.27:541][306]Cmd: MAP LOAD FILE="../../../../../../Users/User/Documents/GitHub/Study-Session/Trial_third_person/Content/Maps/LivingRoom.umap" TEMPLATE=0 SHOWPROGRESS=1
[2014.11.23-06.48.27:541][306]LightingResults: New page: Lighting Build
[2014.11.23-06.48.27:582][306]LoadErrors: New page: Loading map: LivingRoom.umap
[2014.11.23-06.48.27:583][306]MapCheck: New page: Map Check
[2014.11.23-06.48.27:583][306]LightingResults: New page: Lighting Build
[2014.11.23-06.48.27:612][306]LogParticles: Destroying 0 GPU particle simulations for FXSystem 0x000000000D98EA20
[2014.11.23-06.48.27:638][306]LogEditorServer: Finished looking for orphan Actors (0.000 secs)
[2014.11.23-06.48.27:639][306]LogAIModule: Creating AISystem for world LivingRoom
[2014.11.23-06.48.27:684][306]Cmd: MAP CHECKDEP
[2014.11.23-06.48.27:684][306]MapCheck: New page: LivingRoom - Nov 22, 2014, 2:48:27 PM
[2014.11.23-06.48.27:810][306]MapCheck: Info Map check complete: 0 Error(s), 0 Warning(s), took 125.851ms to complete.
[2014.11.23-06.48.27:810][306]LogFileHelpers: Loading map 'LivingRoom' took 0.271
[2014.11.23-06.48.48:881][543]LogEditorViewport: Clicking on Actor (LMB): StaticMeshActor (SM_FloorLamp)
[2014.11.23-06.49.41:290][258]LogEditorViewport: Clicking on Actor (LMB): StaticMeshActor (SM_Curtain_3)
[2014.11.23-06.49.47:035][332]LogEditorViewport: Clicking on Actor (LMB): BP_Sky_Sphere_C (BP_Sky_Shere)
[2014.11.23-06.49.48:668][355]LogEditorViewport: Clicking on Actor (LMB): SpotLight (SpotLight_4)
[2014.11.23-06.50.00:597][536]LogEditorViewport: Clicking on Actor (LMB): BP_Sky_Sphere_C (BP_Sky_Shere)
[2014.11.23-06.50.02:242][566]LogEditorViewport: Clicking on Actor (LMB): BP_Sky_Sphere_C (BP_Sky_Shere)
[2014.11.23-06.50.02:866][577]LogEditorViewport: Clicking on Actor (LMB): SpotLight (SpotLight_4)
[2014.11.23-06.50.05:367][620]LogEditorViewport: Clicking on Actor (LMB): BP_Sky_Sphere_C (BP_Sky_Shere)
[2014.11.23-06.50.05:983][631]LogEditorViewport: Clicking on Actor (LMB): SpotLight (SpotLight_2)
[2014.11.23-06.50.10:801][714]LogEditorViewport: Clicking on Actor (LMB): SpotLight (SpotLight_4)
[2014.11.23-06.50.13:848][767]Cmd: EDIT CUT
[2014.11.23-06.50.13:860][767]LogEditorActor: Deleted Actor: SpotLight
[2014.11.23-06.50.13:936][767]LogEditorActor: Deleted 1 Actors (0.084 secs)
[2014.11.23-06.50.18:575][844]LogEditorViewport: Clicking on Actor (LMB): SpotLight (SpotLight_2)
[2014.11.23-06.50.34:983][ 54]LogEditorViewport: Clicking on Actor (LMB): StaticMeshActor (SM_FloorLamp)
[2014.11.23-06.50.41:973][137]LogEditorViewport: Clicking on Actor (LMB): StaticMeshActor (SM_FloorLamp)
[2014.11.23-06.51.07:297][467]LogEditorViewport: Clicking on Actor (LMB): StaticMeshActor (SM_Carpet)
[2014.11.23-06.51.18:200][591]LogContentBrowser:Verbose: The content browser source was changed by the sources view to '/Game/StarterContent/Audio'
[2014.11.23-06.51.21:273][643]LogContentBrowser:Verbose: The content browser source was changed by the sources view to '/Game/StarterContent/Particles'
[2014.11.23-06.51.21:885][650]LogContentBrowser:Verbose: The content browser source was changed by the sources view to '/Game/StarterContent/Props'
[2014.11.23-06.51.28:388][807]LogActorFactory: Actor Factory created SM_GlassWindow
[2014.11.23-06.51.30:173][826]LogActorFactory: Actor Factory created SM_GlassWindow
[2014.11.23-06.52.43:006][808]LogEditorViewport: Clicking on Actor (context menu): StaticMeshActor (SM_GlassWindow)
[2014.11.23-06.52.45:585][927]Cmd: DUPLICATE
[2014.11.23-06.52.45:585][927]Cmd: ACTOR DUPLICATE
[2014.11.23-06.53.10:168][297]LogPlayLevel: PIE:  No blueprints needed recompiling
[2014.11.23-06.53.10:168][297]PIE: New page: PIE session: LivingRoom (Nov 22, 2014, 2:53:10 PM)
[2014.11.23-06.53.10:203][297]LogPlayLevel: PIE: StaticDuplicateObject took: (0.034535s)
[2014.11.23-06.53.10:204][297]LogPlayLevel: PIE: World Init took: (0.001071s)
[2014.11.23-06.53.10:204][297]LogPlayLevel: PIE: Created PIE world by copying editor world from /Game/Maps/LivingRoom.LivingRoom to /Game/Maps/UEDPIE_0_LivingRoom.LivingRoom (0.035859s)
[2014.11.23-06.53.10:894][297]LogWorld: Game class is 'MyGame_C'
[2014.11.23-06.53.10:896][297]LogAIModule: Creating AISystem for world LivingRoom
[2014.11.23-06.53.10:899][297]LogWorld: Bringing World /Game/Maps/UEDPIE_0_LivingRoom.LivingRoom up for play (max tick rate 60) at 2014.11.22-22.53.10
[2014.11.23-06.53.10:899][297]LogWorld: Bringing up level for play took: 0.003322
[2014.11.23-06.53.10:904][297]PIE: Info Play in editor start time for /Game/Maps/UEDPIE_0_LivingRoom 0.819
[2014.11.23-06.53.10:983][298]LogBlueprintUserMessages: -366.229492
[2014.11.23-06.53.37:948][975]LogBlueprintUserMessages: -637.62323
[2014.11.23-06.53.39:107][ 10]LogBlueprintUserMessages: -379.894836
[2014.11.23-06.53.41:347][ 75]LogBlueprintUserMessages: -425.307953
[2014.11.23-06.53.45:079][180]LogBlueprintUserMessages: -369.350037
[2014.11.23-06.53.47:994][264]LogBlueprintUserMessages: -465.423218
[2014.11.23-06.53.51:379][358]LogBlueprintUserMessages: -619.722229
[2014.11.23-06.53.52:436][388]LogBlueprintUserMessages: -503.506226
[2014.11.23-06.53.53:115][408]LogBlueprintUserMessages: -57.665932
[2014.11.23-06.54.02:380][679]LogBlueprintUserMessages: -1281.610718
[2014.11.23-06.54.02:381][679]LogBlueprintUserMessages: 0.518389
[2014.11.23-06.54.06:199][790]LogBlueprintUserMessages: -1138.256104
[2014.11.23-06.54.06:199][790]LogBlueprintUserMessages: 0.196786
[2014.11.23-06.54.08:157][848]LogBlueprintUserMessages: -369.341705
[2014.11.23-06.54.14:515][ 42]LogBlueprintUserMessages: -424.039459
[2014.11.23-06.54.24:414][313]LogParticles: Destroying 0 GPU particle simulations for FXSystem 0x0000000013323100
[2014.11.23-06.54.35:929][472]LogEditorViewport: Clicking on Actor (LMB): StaticMeshActor (SM_GlassWindow_2)
[2014.11.23-06.54.36:858][485]LogEditorViewport: Clicking on Actor (LMB): StaticMeshActor (SM_GlassWindow_2)
[2014.11.23-06.54.38:725][511]LogEditorViewport: Clicking on Actor (LMB): StaticMeshActor (SM_GlassWindow_2)
[2014.11.23-06.55.10:927][976]LogPlayLevel: PIE:  No blueprints needed recompiling
[2014.11.23-06.55.10:927][976]PIE: New page: PIE session: LivingRoom (Nov 22, 2014, 2:55:10 PM)
[2014.11.23-06.55.10:961][976]LogPlayLevel: PIE: StaticDuplicateObject took: (0.033442s)
[2014.11.23-06.55.10:962][976]LogPlayLevel: PIE: World Init took: (0.001092s)
[2014.11.23-06.55.10:962][976]LogPlayLevel: PIE: Created PIE world by copying editor world from /Game/Maps/LivingRoom.LivingRoom to /Game/Maps/UEDPIE_0_LivingRoom.LivingRoom (0.034757s)
[2014.11.23-06.55.11:006][976]LogWorld: Game class is 'MyGame_C'
[2014.11.23-06.55.11:008][976]LogAIModule: Creating AISystem for world LivingRoom
[2014.11.23-06.55.11:011][976]LogWorld: Bringing World /Game/Maps/UEDPIE_0_LivingRoom.LivingRoom up for play (max tick rate 60) at 2014.11.22-22.55.11
[2014.11.23-06.55.11:012][976]LogWorld: Bringing up level for play took: 0.004099
[2014.11.23-06.55.11:016][976]PIE: Info Play in editor start time for /Game/Maps/UEDPIE_0_LivingRoom 0.926
[2014.11.23-06.55.11:185][980]LogBlueprintUserMessages: -359.35199
[2014.11.23-06.55.16:307][167]MapCheck: New page: Map Check
[2014.11.23-06.55.16:352][167]LightingResults: New page: Lighting Build - Nov 22, 2014, 2:55:16 PM
[2014.11.23-06.55.29:459][167]LogStaticLightingSystem: Running Lightmass w/ ImmediateImport mode ENABLED
[2014.11.23-06.55.29:459][167]LogStaticLightingSystem: Running Lightmass w/ ImmediateProcess mode ENABLED
[2014.11.23-06.55.29:459][167]LogStaticLightingSystem: Running Lightmass w/ Sorting mode ENABLED
[2014.11.23-06.55.29:459][167]LogStaticLightingSystem: Running Lightmass w/ Mapping paddings ENABLED
[2014.11.23-06.55.29:459][167]LogStaticLightingSystem: Running Lightmass w/ Mapping debug paddings DISABLED
[2014.11.23-06.55.29:654][167]LogEditorBuildUtils: Build time 0:00:13
[2014.11.23-06.55.29:758][168]LogMaterial: Missing cached shader map for material FLightmassMaterialRenderer M_Book_Mat, compiling.
[2014.11.23-06.55.29:817][168]LogMaterial: Missing cached shader map for material FLightmassMaterialRenderer M_Book_Mat, compiling.
[2014.11.23-06.55.30:318][169]LogMaterial: Missing cached shader map for material FLightmassMaterialRenderer MI_Carptet_Mat_Inst, compiling.
[2014.11.23-06.55.30:342][169]LogMaterial: Missing cached shader map for material FLightmassMaterialRenderer MI_Carptet_Mat_Inst, compiling.
[2014.11.23-06.55.30:346][169]LogMaterial: Missing cached shader map for material FLightmassMaterialRenderer MI_Carptet_Mat_Inst, compiling.
[2014.11.23-06.55.30:494][170]LogMaterial: Missing cached shader map for material FLightmassMaterialRenderer M_Glass, compiling.
[2014.11.23-06.55.30:498][170]LogMaterial: Missing cached shader map for material FLightmassMaterialRenderer M_Glass, compiling.
[2014.11.23-06.56.36:638][ 59]LogSelection:Warning: PIE object was selected: "CameraActor /Game/Maps/UEDPIE_0_LivingRoom.LivingRoom:PersistentLevel.CameraActor_1"
[2014.11.23-06.56.37:290][ 69]LogSelection:Warning: PIE object was selected: "DirectionalLight /Game/Maps/UEDPIE_0_LivingRoom.LivingRoom:PersistentLevel.DirectionalLight_3"
[2014.11.23-06.56.38:445][101]LogSelection:Warning: PIE object was selected: "CameraActor /Game/Maps/UEDPIE_0_LivingRoom.LivingRoom:PersistentLevel.CameraActor_1"
[2014.11.23-06.56.40:825][161]LogSelection:Warning: PIE object was selected: "DirectionalLight /Game/Maps/UEDPIE_0_LivingRoom.LivingRoom:PersistentLevel.DirectionalLight_3"
[2014.11.23-06.57.10:727][928]LogBlueprintUserMessages: -624.027649
[2014.11.23-06.57.12:418][972]LogBlueprintUserMessages: -615.608337
[2014.11.23-06.57.25:975][316]Job is a success!
[2014.11.23-06.57.29:035][388]LogReferenceChain: Searching referencers for LivingRoom. This may take several minutes.
[2014.11.23-06.57.29:151][388]LogReferenceChain: Generating reference graph ...
[2014.11.23-06.57.29:155][388]LogReferenceChain: Level 0 has 10 nodes ...
[2014.11.23-06.57.29:161][388]LogReferenceChain: Level 1 added 85 nodes ...
[2014.11.23-06.57.29:167][388]LogReferenceChain: Level 2 added 230 nodes ...
[2014.11.23-06.57.29:174][388]LogReferenceChain: Level 3 added 148 nodes ...
[2014.11.23-06.57.29:185][388]LogReferenceChain: Level 4 added 13 nodes ...
[2014.11.23-06.57.29:192][388]LogReferenceChain: Level 5 added 0 nodes ...
[2014.11.23-06.57.29:192][388]LogReferenceChain: Generating reference chains ...
[2014.11.23-06.57.29:192][388]LogReferenceChain:   
[2014.11.23-06.57.29:192][388]LogReferenceChain: External Referencers:
[2014.11.23-06.57.29:192][388]LogReferenceChain:   
[2014.11.23-06.57.29:192][388]LogReferenceChain: (root) UnrealEdEngine /Engine/Transient.UnrealEdEngine_0->Trans
[2014.11.23-06.57.30:516][388]LogReferenceChain:   TransBuffer /Engine/Transient.TransBuffer_0->UE4Editor-UnrealEd.dll!UnknownFunction (0x000007fee0b36140) + 0 bytes [UnknownFile:0]
[2014.11.23-06.57.30:516][388]LogReferenceChain:     DirectionalLight /Game/Maps/UEDPIE_0_LivingRoom.LivingRoom:PersistentLevel.DirectionalLight_3->Outer
[2014.11.23-06.57.30:516][388]LogReferenceChain:       Level /Game/Maps/UEDPIE_0_LivingRoom.LivingRoom:PersistentLevel->OwningWorld
[2014.11.23-06.57.30:516][388]LogReferenceChain:         (target) World /Game/Maps/UEDPIE_0_LivingRoom.LivingRoom
[2014.11.23-06.57.30:516][388]LogReferenceChain:   
[2014.11.23-06.57.30:516][388]LogReferenceChain: (root) UnrealEdEngine /Engine/Transient.UnrealEdEngine_0->Trans
[2014.11.23-06.57.30:516][388]LogReferenceChain:   TransBuffer /Engine/Transient.TransBuffer_0->UE4Editor-UnrealEd.dll!UnknownFunction (0x000007fee0b36140) + 0 bytes [UnknownFile:0]
[2014.11.23-06.57.30:516][388]LogReferenceChain:     (PendingKill) CameraActor /Game/Maps/UEDPIE_0_LivingRoom.LivingRoom:PersistentLevel.CameraActor_1->Outer
[2014.11.23-06.57.30:516][388]LogReferenceChain:       Level /Game/Maps/UEDPIE_0_LivingRoom.LivingRoom:PersistentLevel->OwningWorld
[2014.11.23-06.57.30:516][388]LogReferenceChain:         (target) World /Game/Maps/UEDPIE_0_LivingRoom.LivingRoom
[2014.11.23-06.57.30:638][388]LogWindows:Error: Windows GetLastError: The operation completed successfully. (0)
[2014.11.23-06.57.30:764][388]LogCrashTracker: 


[2014.11.23-06.57.36:268][388]LogCrashTracker: 


[2014.11.23-06.57.36:268][388]LogWindows: === Critical error: ===
Fatal error: [File:D:\BuildFarm\buildmachine_++depot+UE4-Releases+4.5\Engine\Source\Developer\MessageLog\Private\Model\MessageLogListingModel.cpp] [Line: 70] 
Critical Error CameraComponent /Game/Maps/UEDPIE_0_LivingRoom.LivingRoom:PersistentLevel.MyCharacter_C_1.FollowCamera Object from PIE level still referenced. Shortest path from root:    (Object is not currently rooted)



KERNELBASE.dll!UnknownFunction (0x000007fefdaf940d) + 0 bytes [UnknownFile:0]
UE4Editor-Core.dll!UnknownFunction (0x000007fee7d371c4) + 0 bytes [UnknownFile:0]
UE4Editor-Core.dll!UnknownFunction (0x000007fee7bc979f) + 0 bytes [UnknownFile:0]
UE4Editor-MessageLog.dll!UnknownFunction (0x000007fed905ae15) + 0 bytes [UnknownFile:0]
UE4Editor-MessageLog.dll!UnknownFunction (0x000007fed905af0f) + 0 bytes [UnknownFile:0]
UE4Editor-Core.dll!UnknownFunction (0x000007fee7b371e5) + 0 bytes [UnknownFile:0]
UE4Editor-UnrealEd.dll!UnknownFunction (0x000007fee0ccaa86) + 0 bytes [UnknownFile:0]
UE4Editor-UnrealEd.dll!UnknownFunction (0x000007fee0a9d974) + 0 bytes [UnknownFile:0]
UE4Editor-UnrealEd.dll!UnknownFunction (0x000007fee0eff966) + 0 bytes [UnknownFile:0]
UE4Editor.exe!FEngineLoop::Tick() (0x000000013f72a8f4) + 0 bytes [d:\buildfarm\buildmachine_++depot+ue4-releases+4.5\engine\source\runtime\launch\private\launchengineloop.cpp:2129]
UE4Editor.exe!GuardedMain() (0x000000013f71f9df) + 0 bytes [d:\buildfarm\buildmachine_++depot+ue4-releases+4.5\engine\source\runtime\launch\private\launch.cpp:133]
UE4Editor.exe!GuardedMainWrapper() (0x000000013f71fa4a) + 5 bytes [d:\buildfarm\buildmachine_++depot+ue4-releases+4.5\engine\source\runtime\launch\private\windows\launchwindows.cpp:125]
UE4Editor.exe!WinMain() (0x000000013f72bf19) + 17 bytes [d:\buildfarm\buildmachine_++depot+ue4-releases+4.5\engine\source\runtime\launch\private\windows\launchwindows.cpp:201]
UE4Editor.exe!__tmainCRTStartup() (0x000000013f72cdc9) + 21 bytes [f:\dd\vctools\crt\crtw32\dllstuff\crtexe.c:618]
kernel32.dll!UnknownFunction (0x0000000077ac59ed) + 0 bytes [UnknownFile:0]
ntdll.dll!UnknownFunction (0x0000000077bfc541) + 0 bytes [UnknownFile:0]
ntdll.dll!UnknownFunction (0x0000000077bfc541) + 0 bytes [UnknownFile:0]


[2014.11.23-06.57.36:518][388]LogExit: Executing StaticShutdownAfterError
[2014.11.23-06.57.36:552][388]LogWindows: FPlatformMisc::RequestExit(1)
[2014.11.23-06.57.36:552][388]Log file closed, 11/22/14 22:57:36
