Log file open, 11/18/14 23:00:24
LogInit:Display: Running engine for game: Trial_third_person
LogInit: Version: 4.5.1-2336687+++depot+UE4-Releases+4.5
LogInit: API Version: 2326478
LogInit: Compiled (64-bit): Oct 21 2014 22:32:40
LogInit: Compiled with Visual C++: 18.00.21005.01
LogInit: Build Configuration: Development
LogInit: Branch Name: ++depot+UE4-Releases+4.5
LogInit: Command line:  
LogInit: Base directory: C:/Program Files/Epic Games/4.5/Engine/Binaries/Win64/
LogInit: Rocket: 1
[2014.11.19-07.00.24:663][  0]LogTaskGraph: Started task graph with 3 named threads and 4 total threads.
[2014.11.19-07.00.24:695][  0]LogOnline:Warning: No default platform service specified for OnlineSubsystem
[2014.11.19-07.00.24:722][  0]LogInit: Presizing for 0 objects not considered by GC, pre-allocating 0 bytes.
[2014.11.19-07.00.24:733][  0]LogInit: Object subsystem initialized
[2014.11.19-07.00.24:738][  0]LogConsoleResponse:Warning: Skipping Unknown console variable: 'UIScaleRule = ShortestSide'
[2014.11.19-07.00.24:738][  0]LogConsoleResponse:Warning:   Found in ini file 'D:/Study-Session/Trial_third_person/Saved/Config/Windows/Engine.ini', in section '[/Script/Engine.RendererSettings]'
[2014.11.19-07.00.24:738][  0]LogConsoleResponse:Warning: Skipping Unknown console variable: 'UIScaleCurve = (EditorCurveData=(Keys=((Time=480.000000,Value=0.444000),(Time=720.000000,Value=0.666000),(Time=1080.000000,Value=1.000000),(Time=8640.000000,Value=8.000000))),ExternalCurve=None)'
[2014.11.19-07.00.24:738][  0]LogConsoleResponse:Warning:   Found in ini file 'D:/Study-Session/Trial_third_person/Saved/Config/Windows/Engine.ini', in section '[/Script/Engine.RendererSettings]'
[2014.11.19-07.00.24:738][  0]LogInit: Selected Device Profile: [Windows]
[2014.11.19-07.00.24:738][  0]LogInit: Applying CVar settings loaded from the selected device profile: [Windows]
[2014.11.19-07.00.24:744][  0]LogInit: Computer: ZEN-MATT
[2014.11.19-07.00.24:744][  0]LogInit: User: Matt
[2014.11.19-07.00.24:745][  0]LogInit: CPU Page size=4096, Cores=2
[2014.11.19-07.00.24:745][  0]LogInit: High frequency timer resolution =2.338593 MHz
[2014.11.19-07.00.24:745][  0]LogMemory: Memory total: Physical=3.9GB (4GB approx) Virtual=8192.0GB
[2014.11.19-07.00.24:746][  0]LogMemory: Platform Memory Stats for Windows
[2014.11.19-07.00.24:746][  0]LogMemory: Process Physical Memory: 63.77 MB used, 63.77 MB peak
[2014.11.19-07.00.24:746][  0]LogMemory: Process Virtual Memory: 39.39 MB used, 39.39 MB peak
[2014.11.19-07.00.24:746][  0]LogMemory: Physical Memory: 2112.54 MB used, 3981.98 MB total
[2014.11.19-07.00.24:746][  0]LogMemory: Virtual Memory: 269.22 MB used, 8388608.00 MB total
[2014.11.19-07.00.24:792][  0]LogD3D11RHI: Found D3D11 adapter 0: Intel(R) HD Graphics 4000 (Feature Level 11_0)
[2014.11.19-07.00.24:792][  0]LogD3D11RHI: Adapter has 64MB of dedicated video memory, 0MB of dedicated system memory, and 1632MB of shared system memory, 1 output[s]
[2014.11.19-07.00.24:792][  0]LogD3D11RHI: Chosen D3D11 Adapter Id = 0
[2014.11.19-07.00.24:800][  0]LogRHI: Texture pool is 616 MB (70% of 880 MB)
[2014.11.19-07.00.24:822][  0]LogD3D11RHI: Async texture creation enabled
[2014.11.19-07.00.24:874][  0]LogTextLocalizationManager: The requested culture ('en_US') has no localization data; parent culture's ('en') localization data will be used.
[2014.11.19-07.00.25:060][  0]LogContentStreaming: Texture pool size is 0.000000MB
[2014.11.19-07.00.31:194][  0]LogTargetPlatformManager:Display: Building Assets For Windows
[2014.11.19-07.00.31:795][  0]LogTargetPlatformManager:Display: Building Assets For Windows
[2014.11.19-07.00.31:871][  0]LogDerivedDataCache:Display: Max Cache Size: 512 MB
[2014.11.19-07.00.31:935][  0]LogDerivedDataCache: Loaded boot cache 0.06s 39MB C:/Users/Matt/AppData/Local/UnrealEngine/4.5/DerivedDataCache/Boot.ddc.
[2014.11.19-07.00.31:935][  0]LogDerivedDataCache:Display: Loaded Boot cache: C:/Users/Matt/AppData/Local/UnrealEngine/4.5/DerivedDataCache/Boot.ddc
[2014.11.19-07.00.31:935][  0]LogDerivedDataCache: FDerivedDataBackendGraph:  Pak pak cache file D:/Study-Session/Trial_third_person/DerivedDataCache/DDC.ddp not found, will not use a pak cache.
[2014.11.19-07.00.31:935][  0]LogDerivedDataCache: Unable to find inner node Pak for hierarchical cache Hierarchy.
[2014.11.19-07.00.32:018][  0]LogDerivedDataCache:Display: Pak cache opened for reading ../../../Engine/DerivedDataCache/DDC.ddp.
[2014.11.19-07.00.32:030][  0]LogDerivedDataCache: Using Local data cache path C:/Users/Matt/AppData/Local/UnrealEngine/Common/DerivedDataCache: Writable
[2014.11.19-07.00.32:281][  0]LogMeshUtilities: No automatic mesh reduction module available
[2014.11.19-07.00.32:281][  0]LogMeshUtilities: No automatic mesh merging module available
[2014.11.19-07.00.32:581][  0]LogLinker:Warning: Asset '../../../Engine/Content/Functions/Engine_MaterialFunctions02/Texturing/FlipBook.uasset' has been saved with empty engine version. The asset will be loaded but may be incompatible.
[2014.11.19-07.00.32:585][  0]LogLinker:Warning: Asset '../../../Engine/Content/Functions/Engine_MaterialFunctions02/ExampleContent/Textures/flipbook.uasset' has been saved with empty engine version. The asset will be loaded but may be incompatible.
[2014.11.19-07.00.32:827][  0]LogInit: WinSock: version 1.1 (2.2), MaxSocks=32767, MaxUdp=65467
[2014.11.19-07.00.34:112][  0]UdpMessaging: Initializing bridge on interface 0.0.0.0:0 to multicast group 230.0.0.1:6666.
[2014.11.19-07.00.34:324][  0]LogDirectoryWatcher:Warning: Failed to begin reading directory changes for D:/Study-Session/Trial_third_person/Binaries/Win64. Error: 0
[2014.11.19-07.00.34:491][  0]SourceControl: Info Source control is disabled
[2014.11.19-07.00.34:491][  0]SourceControl: Info Source control is disabled
[2014.11.19-07.00.34:501][  0]SourceControl: Info Source control is disabled
[2014.11.19-07.00.34:662][  0]LogObj: 22915 objects as part of root set at end of initial load.
[2014.11.19-07.00.34:662][  0]LogUObjectAllocator: 4803536 out of 0 bytes used by permanent object pool.
[2014.11.19-07.00.34:738][  0]LogEngine: Initializing Engine...
[2014.11.19-07.00.34:900][  0]LogInit: XAudio2 using 'Speakers (Realtek High Definition Audio)' : 2 channels at 48 kHz using 32 bits per sample (channel mask 0x3)
[2014.11.19-07.00.34:941][  0]LogInit: FAudioDevice initialized.
[2014.11.19-07.00.34:971][  0]LogAIModule: Creating AISystem for world NewWorld
[2014.11.19-07.00.34:997][  0]LogDerivedDataCache: Saved boot cache 0.03s 39MB C:/Users/Matt/AppData/Local/UnrealEngine/4.5/DerivedDataCache/Boot.ddc.
[2014.11.19-07.00.35:000][  0]LogInit: Texture streaming: Enabled
[2014.11.19-07.00.35:062][  0]LogInit: Transaction tracking system initialized
[2014.11.19-07.00.35:206][  0]BlueprintLog: New page: Editor Load
[2014.11.19-07.00.35:247][  0]LogAssetRegistry: FAssetRegistry took 0.0096 seconds to start up
[2014.11.19-07.00.35:247][  0]LogDirectoryWatcher:Warning: Failed to begin reading directory changes for ../../../Engine/Plugins/Experimental/CharacterAI/Content/. Error: 0
[2014.11.19-07.00.36:004][  0]LogTargetPlatformManager:Display: Building Assets For Windows
[2014.11.19-07.00.36:457][  0]LogTargetPlatformManager:Display: Building Assets For Windows
[2014.11.19-07.00.36:779][  0]LogConsoleResponse:Display: 
[2014.11.19-07.00.37:055][  0]SourceControl: Info Source control is disabled
[2014.11.19-07.00.37:055][  0]Cmd: MAP LOAD FILE="D:/Study-Session/Trial_third_person/Content/Maps/Example_Map.umap" TEMPLATE=0 SHOWPROGRESS=1
[2014.11.19-07.00.37:055][  0]LightingResults: New page: Lighting Build
[2014.11.19-07.00.37:070][  0]MapCheck: New page: Map Check
[2014.11.19-07.00.37:070][  0]LightingResults: New page: Lighting Build
[2014.11.19-07.00.37:099][  0]LogParticles: Destroying 0 GPU particle simulations for FXSystem 0x000000001C5E2840
[2014.11.19-07.00.37:400][  0]LogEditorServer: Finished looking for orphan Actors (0.000 secs)
[2014.11.19-07.00.37:400][  0]LogAIModule: Creating AISystem for world Example_Map
[2014.11.19-07.00.37:400][  0]Cmd: MAP CHECKDEP
[2014.11.19-07.00.37:401][  0]MapCheck: New page: Example_Map - Nov 18, 2014, 3:00:37 PM
[2014.11.19-07.00.37:551][  0]MapCheck: Info Map check complete: 0 Error(s), 0 Warning(s), took 150.286ms to complete.
[2014.11.19-07.00.37:551][  0]LogFileHelpers: Loading map 'Example_Map' took 0.496
[2014.11.19-07.00.37:714][  0]LogCollectionManager: Loaded 0 collections in 0.001030 seconds
[2014.11.19-07.00.37:867][  0]LogCrashTracker: Crashtracker disabled due to settings.
[2014.11.19-07.00.37:883][  0]LogUObjectGlobals:Warning: Failed to find object 'Class None.'
[2014.11.19-07.00.37:927][  0]LogLoad: Full Startup: 15.82 seconds (BP compile: 0.07 seconds)
[2014.11.19-07.00.38:270][  0]LogContentBrowser:Verbose: The content browser source was changed by the sources view to '/Game/Maps'
[2014.11.19-07.00.38:429][  0]LogRenderer:Warning: Reallocating scene render targets to support 1016x896.
[2014.11.19-07.00.39:743][  3]LogAssetRegistry: Asset discovery search completed in 4.5064 seconds
[2014.11.19-07.00.42:628][ 41]LogPlayLevel: PIE:  No blueprints needed recompiling
[2014.11.19-07.00.42:629][ 41]PIE: New page: PIE session: Example_Map (Nov 18, 2014, 3:00:42 PM)
[2014.11.19-07.00.42:670][ 41]LogPlayLevel: PIE: StaticDuplicateObject took: (0.041664s)
[2014.11.19-07.00.42:679][ 41]LogPlayLevel: PIE: World Init took: (0.008233s)
[2014.11.19-07.00.42:679][ 41]LogPlayLevel: PIE: Created PIE world by copying editor world from /Game/Maps/Example_Map.Example_Map to /Game/Maps/UEDPIE_0_Example_Map.Example_Map (0.050315s)
[2014.11.19-07.00.43:076][ 41]LogWorld: Game class is 'MyGame_C'
[2014.11.19-07.00.43:077][ 41]LogAIModule: Creating AISystem for world Example_Map
[2014.11.19-07.00.43:079][ 41]LogWorld: Bringing World /Game/Maps/UEDPIE_0_Example_Map.Example_Map up for play (max tick rate 60) at 2014.11.18-23.00.43
[2014.11.19-07.00.43:079][ 41]LogWorld: Bringing up level for play took: 0.001928
[2014.11.19-07.00.43:084][ 41]PIE: Info Play in editor start time for /Game/Maps/UEDPIE_0_Example_Map 0.896
[2014.11.19-07.00.58:101][743]LogParticles: Destroying 0 GPU particle simulations for FXSystem 0x000000001AFA5080
[2014.11.19-07.01.00:168][862]LogPlayLevel: PIE:  No blueprints needed recompiling
[2014.11.19-07.01.00:168][862]PIE: New page: PIE session: Example_Map (Nov 18, 2014, 3:01:00 PM)
[2014.11.19-07.01.00:228][862]LogPlayLevel: PIE: StaticDuplicateObject took: (0.059497s)
[2014.11.19-07.01.00:229][862]LogPlayLevel: PIE: World Init took: (0.001080s)
[2014.11.19-07.01.00:229][862]LogPlayLevel: PIE: Created PIE world by copying editor world from /Game/Maps/Example_Map.Example_Map to /Game/Maps/UEDPIE_0_Example_Map.Example_Map (0.060937s)
[2014.11.19-07.01.00:263][862]LogWorld: Game class is 'MyGame_C'
[2014.11.19-07.01.00:264][862]LogAIModule: Creating AISystem for world Example_Map
[2014.11.19-07.01.00:265][862]LogWorld: Bringing World /Game/Maps/UEDPIE_0_Example_Map.Example_Map up for play (max tick rate 60) at 2014.11.18-23.01.00
[2014.11.19-07.01.00:265][862]LogWorld: Bringing up level for play took: 0.001399
[2014.11.19-07.01.00:268][862]PIE: Info Play in editor start time for /Game/Maps/UEDPIE_0_Example_Map 0.079
[2014.11.19-07.01.08:387][219]LogParticles: Destroying 0 GPU particle simulations for FXSystem 0x000000001177F060
[2014.11.19-07.01.14:905][599]LogContentBrowser:Verbose: The content browser source was changed by the sources view to '/Game/Blueprints'
[2014.11.19-07.01.46:741][883]LogRenderer:Warning: Reallocating scene render targets to support 1616x896.
[2014.11.19-07.02.29:963][451]LogActorComponent: UnregisterComponent: (/Engine/Transient.CharacterMovementComponent_0) Not registered. Aborting.
[2014.11.19-07.02.33:309][641]Cmd: OBJ SAVEPACKAGE PACKAGE="/Game/Blueprints/MyCharacter" FILE="D:/Study-Session/Trial_third_person/Content/Blueprints/MyCharacter.uasset" SILENT=true
[2014.11.19-07.02.33:759][641]LogSavePackage: Save=433.782196ms
[2014.11.19-07.02.33:759][641]LogSavePackage: Moving 'D:/Study-Session/Trial_third_person/Saved/MyCharacterD2C4103A45869D3D9EF39E982270D1CF.tmp' to 'D:/Study-Session/Trial_third_person/Content/Blueprints/MyCharacter.uasset'
[2014.11.19-07.02.34:907][709]BlueprintLog: New page: Compile MyCharacter
[2014.11.19-07.02.35:221][709]LogActorComponent: UnregisterComponent: (/Engine/Transient.CharacterMovementComponent_1) Not registered. Aborting.
[2014.11.19-07.02.35:334][709]BlueprintEditorCompileResults: Info [0133.02] Compile of MyCharacter successful! [in 118 ms]
[2014.11.19-07.02.39:206][928]BlueprintLog: New page: Pre-PIE auto-recompile
[2014.11.19-07.02.39:206][928]LogPlayLevel: [PIE] Compiling Tutorial_BP_MacroLib before PIE...
[2014.11.19-07.02.39:279][928]LogPlayLevel: [PIE] Compiling GameHUD before PIE...
[2014.11.19-07.02.39:430][928]LogActorComponent: UnregisterComponent: (/Engine/Transient.CharacterMovementComponent_2) Not registered. Aborting.
[2014.11.19-07.02.39:509][928]LogPlayLevel: [PIE] Compiling MyCharacter before PIE...
[2014.11.19-07.02.39:924][928]LogPlayLevel: PIE:  Blueprint regeneration took 717 ms (3 blueprints)
[2014.11.19-07.02.39:924][928]PIE: New page: PIE session: Example_Map (Nov 18, 2014, 3:02:39 PM)
[2014.11.19-07.02.39:986][928]LogPlayLevel: PIE: StaticDuplicateObject took: (0.061450s)
[2014.11.19-07.02.39:987][928]LogPlayLevel: PIE: World Init took: (0.001329s)
[2014.11.19-07.02.39:988][928]LogPlayLevel: PIE: Created PIE world by copying editor world from /Game/Maps/Example_Map.Example_Map to /Game/Maps/UEDPIE_0_Example_Map.Example_Map (0.063203s)
[2014.11.19-07.02.40:021][928]LogWorld: Game class is 'MyGame_C'
[2014.11.19-07.02.40:023][928]LogAIModule: Creating AISystem for world Example_Map
[2014.11.19-07.02.40:024][928]LogWorld: Bringing World /Game/Maps/UEDPIE_0_Example_Map.Example_Map up for play (max tick rate 60) at 2014.11.18-23.02.40
[2014.11.19-07.02.40:025][928]LogWorld: Bringing up level for play took: 0.002244
[2014.11.19-07.02.40:028][928]PIE: Info Play in editor start time for /Game/Maps/UEDPIE_0_Example_Map -0.168
[2014.11.19-07.03.08:861][ 45]LogActorComponent: UnregisterComponent: (/Engine/Transient.CharacterMovementComponent_3) Not registered. Aborting.
[2014.11.19-07.03.08:935][ 45]LogParticles: Destroying 0 GPU particle simulations for FXSystem 0x000000001566FF60
[2014.11.19-07.03.23:177][834]LogSlateStyle:Warning: Unable to find Slate Widget Style 'ViewportLayoutToolbar.Label'. Using FTextBlockStyle defaults instead.
[2014.11.19-07.03.23:178][834]LogSlateStyle:Warning: Unable to find Slate Widget Style 'ViewportLayoutToolbar.Button'. Using FButtonStyle defaults instead.
[2014.11.19-07.03.23:178][834]LogSlateStyle:Warning: Unable to find Slate Widget Style 'ViewportLayoutToolbar.Label'. Using FTextBlockStyle defaults instead.
[2014.11.19-07.03.23:179][834]LogSlateStyle:Warning: Unable to find Slate Widget Style 'ViewportLayoutToolbar.Label'. Using FTextBlockStyle defaults instead.
[2014.11.19-07.03.23:179][834]LogSlateStyle:Warning: Unable to find Slate Widget Style 'ViewportLayoutToolbar.Button'. Using FButtonStyle defaults instead.
[2014.11.19-07.03.23:181][834]LogSlateStyle:Warning: Unable to find Slate Widget Style 'ViewportLayoutToolbar.Label'. Using FTextBlockStyle defaults instead.
[2014.11.19-07.03.23:181][834]LogSlateStyle:Warning: Unable to find Slate Widget Style 'ViewportLayoutToolbar.Label'. Using FTextBlockStyle defaults instead.
[2014.11.19-07.03.23:182][834]LogSlateStyle:Warning: Unable to find Slate Widget Style 'ViewportLayoutToolbar.Label'. Using FTextBlockStyle defaults instead.
[2014.11.19-07.03.23:182][834]LogSlateStyle:Warning: Unable to find Slate Widget Style 'ViewportLayoutToolbar.Label'. Using FTextBlockStyle defaults instead.
[2014.11.19-07.03.23:182][834]LogSlateStyle:Warning: Unable to find Slate Widget Style 'ViewportLayoutToolbar.Button'. Using FButtonStyle defaults instead.
[2014.11.19-07.03.23:183][834]LogSlateStyle:Warning: Unable to find Slate Widget Style 'ViewportLayoutToolbar.Label'. Using FTextBlockStyle defaults instead.
[2014.11.19-07.03.23:183][834]LogSlateStyle:Warning: Unable to find Slate Widget Style 'ViewportLayoutToolbar.Label'. Using FTextBlockStyle defaults instead.
[2014.11.19-07.03.23:183][834]LogSlateStyle:Warning: Unable to find Slate Widget Style 'ViewportLayoutToolbar.Label'. Using FTextBlockStyle defaults instead.
[2014.11.19-07.03.23:184][834]LogSlateStyle:Warning: Unable to find Slate Widget Style 'ViewportLayoutToolbar.Label'. Using FTextBlockStyle defaults instead.
[2014.11.19-07.03.23:184][834]LogSlateStyle:Warning: Unable to find Slate Widget Style 'ViewportLayoutToolbar.Label'. Using FTextBlockStyle defaults instead.
[2014.11.19-07.03.23:184][834]LogSlateStyle:Warning: Unable to find Slate Widget Style 'ViewportLayoutToolbar.Button'. Using FButtonStyle defaults instead.
[2014.11.19-07.03.24:271][895]LogSlateStyle:Warning: Unable to find Slate Widget Style 'ViewportLayoutToolbar.Label'. Using FTextBlockStyle defaults instead.
[2014.11.19-07.03.24:271][895]LogSlateStyle:Warning: Unable to find Slate Widget Style 'ViewportLayoutToolbar.Button'. Using FButtonStyle defaults instead.
[2014.11.19-07.03.24:272][895]LogSlateStyle:Warning: Unable to find Slate Widget Style 'ViewportLayoutToolbar.Label'. Using FTextBlockStyle defaults instead.
[2014.11.19-07.03.24:272][895]LogSlateStyle:Warning: Unable to find Slate Widget Style 'ViewportLayoutToolbar.Label'. Using FTextBlockStyle defaults instead.
[2014.11.19-07.03.24:273][895]LogSlateStyle:Warning: Unable to find Slate Widget Style 'ViewportLayoutToolbar.Button'. Using FButtonStyle defaults instead.
[2014.11.19-07.03.24:273][895]LogSlateStyle:Warning: Unable to find Slate Widget Style 'ViewportLayoutToolbar.Label'. Using FTextBlockStyle defaults instead.
[2014.11.19-07.03.24:273][895]LogSlateStyle:Warning: Unable to find Slate Widget Style 'ViewportLayoutToolbar.Label'. Using FTextBlockStyle defaults instead.
[2014.11.19-07.03.24:274][895]LogSlateStyle:Warning: Unable to find Slate Widget Style 'ViewportLayoutToolbar.Label'. Using FTextBlockStyle defaults instead.
[2014.11.19-07.03.24:274][895]LogSlateStyle:Warning: Unable to find Slate Widget Style 'ViewportLayoutToolbar.Label'. Using FTextBlockStyle defaults instead.
[2014.11.19-07.03.24:274][895]LogSlateStyle:Warning: Unable to find Slate Widget Style 'ViewportLayoutToolbar.Button'. Using FButtonStyle defaults instead.
[2014.11.19-07.03.24:275][895]LogSlateStyle:Warning: Unable to find Slate Widget Style 'ViewportLayoutToolbar.Label'. Using FTextBlockStyle defaults instead.
[2014.11.19-07.03.24:275][895]LogSlateStyle:Warning: Unable to find Slate Widget Style 'ViewportLayoutToolbar.Label'. Using FTextBlockStyle defaults instead.
[2014.11.19-07.03.24:276][895]LogSlateStyle:Warning: Unable to find Slate Widget Style 'ViewportLayoutToolbar.Label'. Using FTextBlockStyle defaults instead.
[2014.11.19-07.03.24:276][895]LogSlateStyle:Warning: Unable to find Slate Widget Style 'ViewportLayoutToolbar.Label'. Using FTextBlockStyle defaults instead.
[2014.11.19-07.03.24:276][895]LogSlateStyle:Warning: Unable to find Slate Widget Style 'ViewportLayoutToolbar.Label'. Using FTextBlockStyle defaults instead.
[2014.11.19-07.03.24:276][895]LogSlateStyle:Warning: Unable to find Slate Widget Style 'ViewportLayoutToolbar.Button'. Using FButtonStyle defaults instead.
[2014.11.19-07.03.34:066][463]BlueprintLog: New page: Pre-PIE auto-recompile
[2014.11.19-07.03.34:066][463]LogPlayLevel: [PIE] Compiling GameHUD before PIE...
[2014.11.19-07.03.34:212][463]LogActorComponent: UnregisterComponent: (/Engine/Transient.CharacterMovementComponent_4) Not registered. Aborting.
[2014.11.19-07.03.34:285][463]LogPlayLevel: [PIE] Compiling MyCharacter before PIE...
[2014.11.19-07.03.34:685][463]LogPlayLevel: PIE:  Blueprint regeneration took 618 ms (2 blueprints)
[2014.11.19-07.03.34:685][463]PIE: New page: PIE session: Example_Map (Nov 18, 2014, 3:03:34 PM)
[2014.11.19-07.03.34:748][463]LogPlayLevel: PIE: StaticDuplicateObject took: (0.063360s)
[2014.11.19-07.03.34:749][463]LogPlayLevel: PIE: World Init took: (0.001048s)
[2014.11.19-07.03.34:750][463]LogPlayLevel: PIE: Created PIE world by copying editor world from /Game/Maps/Example_Map.Example_Map to /Game/Maps/UEDPIE_0_Example_Map.Example_Map (0.064762s)
[2014.11.19-07.03.34:783][463]LogWorld: Game class is 'MyGame_C'
[2014.11.19-07.03.34:784][463]LogAIModule: Creating AISystem for world Example_Map
[2014.11.19-07.03.34:785][463]LogWorld: Bringing World /Game/Maps/UEDPIE_0_Example_Map.Example_Map up for play (max tick rate 60) at 2014.11.18-23.03.34
[2014.11.19-07.03.34:786][463]LogWorld: Bringing up level for play took: 0.002018
[2014.11.19-07.03.34:789][463]PIE: Info Play in editor start time for /Game/Maps/UEDPIE_0_Example_Map 0.59
[2014.11.19-07.03.43:494][795]LogBlueprintUserMessages: -614.923767
[2014.11.19-07.03.46:995][918]LogBlueprintUserMessages: -622.895813
[2014.11.19-07.03.48:865][981]LogBlueprintUserMessages: -349.331787
[2014.11.19-07.03.53:207][125]LogBlueprintUserMessages: -983.599854
[2014.11.19-07.03.57:621][275]LogBlueprintUserMessages: -609.482178
[2014.11.19-07.04.04:271][492]LogBlueprintUserMessages: -974.684204
[2014.11.19-07.04.08:156][632]LogBlueprintUserMessages: -10.303461
[2014.11.19-07.04.09:458][673]LogBlueprintUserMessages: -567.234802
[2014.11.19-07.04.11:842][750]LogBlueprintUserMessages: -887.647522
[2014.11.19-07.04.13:107][791]LogActorComponent: UnregisterComponent: (/Engine/Transient.CharacterMovementComponent_5) Not registered. Aborting.
[2014.11.19-07.04.13:165][791]LogParticles: Destroying 0 GPU particle simulations for FXSystem 0x000000001C2B71A0
[2014.11.19-07.05.50:773][651]Cmd: OBJ SAVEPACKAGE PACKAGE="/Game/Blueprints/MyCharacter" FILE="D:/Study-Session/Trial_third_person/Content/Blueprints/MyCharacter.uasset" SILENT=true
[2014.11.19-07.05.51:160][651]LogSavePackage: Save=374.548279ms
[2014.11.19-07.05.51:160][651]LogSavePackage: Moving 'D:/Study-Session/Trial_third_person/Saved/MyCharacterE572C75548D4AC409A55C683F3F679BD.tmp' to 'D:/Study-Session/Trial_third_person/Content/Blueprints/MyCharacter.uasset'
[2014.11.19-07.06.54:349][518]LogSlate:Warning: GetFontFace failed to load or process 'Roboto-Regular'
[2014.11.19-07.06.54:349][518]LogSlate:Warning: GetFontFace failed to load or process 'Roboto-Regular'
[2014.11.19-07.06.54:352][518]LogSlate:Warning: GetFontFace failed to load or process 'Roboto-Regular'
[2014.11.19-07.06.54:352][518]LogSlate:Warning: GetFontFace failed to load or process 'Roboto-Regular'
[2014.11.19-07.06.54:352][518]LogSlate:Warning: GetFontFace failed to load or process 'Roboto-Regular'
[2014.11.19-07.06.54:353][518]LogSlate:Warning: GetFontFace failed to load or process 'Roboto-Regular'
[2014.11.19-07.06.54:353][518]LogSlate:Warning: GetFontFace failed to load or process 'Roboto-Regular'
[2014.11.19-07.06.54:353][518]LogSlate:Warning: GetFontFace failed to load or process 'Roboto-Regular'
[2014.11.19-07.06.54:353][518]LogSlate:Warning: GetFontFace failed to load or process 'Roboto-Regular'
[2014.11.19-07.06.54:353][518]LogSlate:Warning: GetFontFace failed to load or process 'Roboto-Regular'
[2014.11.19-07.06.54:353][518]LogSlate:Warning: GetFontFace failed to load or process 'Roboto-Regular'
[2014.11.19-07.06.54:353][518]LogSlate:Warning: GetFontFace failed to load or process 'Roboto-Regular'
[2014.11.19-07.06.54:353][518]LogSlate:Warning: GetFontFace failed to load or process 'Roboto-Regular'
[2014.11.19-07.06.54:354][518]LogSlate:Warning: GetFontFace failed to load or process 'Roboto-Regular'
[2014.11.19-07.06.54:354][518]LogSlate:Warning: GetFontFace failed to load or process 'Roboto-Regular'
[2014.11.19-07.06.54:354][518]LogSlate:Warning: GetFontFace failed to load or process 'Roboto-Regular'
[2014.11.19-07.06.54:354][518]LogSlate:Warning: GetFontFace failed to load or process 'Roboto-Regular'
[2014.11.19-07.06.54:354][518]LogSlate:Warning: GetFontFace failed to load or process 'Roboto-Regular'
[2014.11.19-07.06.54:354][518]LogSlate:Warning: GetFontFace failed to load or process 'Roboto-Regular'
[2014.11.19-07.07.16:639][599]LogActorComponent: UnregisterComponent: (/Engine/Transient.CharacterMovementComponent_6) Not registered. Aborting.
[2014.11.19-07.08.06:282][920]Cmd: OBJ SAVEPACKAGE PACKAGE="/Game/Blueprints/MyCharacter" FILE="D:/Study-Session/Trial_third_person/Content/Blueprints/MyCharacter.uasset" SILENT=true
[2014.11.19-07.08.06:660][920]LogSavePackage: Save=362.272949ms
[2014.11.19-07.08.06:660][920]LogSavePackage: Moving 'D:/Study-Session/Trial_third_person/Saved/MyCharacter4E2DFC324A57639DA1037C87853A6283.tmp' to 'D:/Study-Session/Trial_third_person/Content/Blueprints/MyCharacter.uasset'
[2014.11.19-07.08.07:159][944]BlueprintLog: New page: Compile MyCharacter
[2014.11.19-07.08.07:450][944]LogActorComponent: UnregisterComponent: (/Engine/Transient.CharacterMovementComponent_7) Not registered. Aborting.
[2014.11.19-07.08.07:627][944]BlueprintEditorCompileResults: Info [0465.23] Compile of MyCharacter successful! [in 103 ms]
[2014.11.19-07.09.43:510][523]LogSlate:Warning: GetFontFace failed to load or process 'Roboto-Regular'
[2014.11.19-07.09.43:510][523]LogSlate:Warning: GetFontFace failed to load or process 'Roboto-Regular'
[2014.11.19-07.09.43:510][523]LogSlate:Warning: GetFontFace failed to load or process 'Roboto-Regular'
[2014.11.19-07.09.43:511][523]LogSlate:Warning: GetFontFace failed to load or process 'Roboto-Regular'
[2014.11.19-07.10.51:170][711]Cmd: OBJ SAVEPACKAGE PACKAGE="/Game/Blueprints/MyCharacter" FILE="D:/Study-Session/Trial_third_person/Content/Blueprints/MyCharacter.uasset" SILENT=true
[2014.11.19-07.10.51:662][711]LogSavePackage: Save=474.966370ms
[2014.11.19-07.10.51:662][711]LogSavePackage: Moving 'D:/Study-Session/Trial_third_person/Saved/MyCharacterD143481449A99490396F219D6755124D.tmp' to 'D:/Study-Session/Trial_third_person/Content/Blueprints/MyCharacter.uasset'
[2014.11.19-07.10.52:188][732]BlueprintLog: New page: Compile MyCharacter
[2014.11.19-07.10.52:547][732]LogActorComponent: UnregisterComponent: (/Engine/Transient.CharacterMovementComponent_8) Not registered. Aborting.
[2014.11.19-07.10.52:722][732]BlueprintEditorCompileResults: Info [0630.30] Compile of MyCharacter successful! [in 125 ms]
[2014.11.19-07.10.57:830][934]BlueprintLog: New page: Pre-PIE auto-recompile
[2014.11.19-07.10.57:830][934]LogPlayLevel: [PIE] Compiling GameHUD before PIE...
[2014.11.19-07.10.58:022][934]LogActorComponent: UnregisterComponent: (/Engine/Transient.CharacterMovementComponent_9) Not registered. Aborting.
[2014.11.19-07.10.58:110][934]LogPlayLevel: [PIE] Compiling MyCharacter before PIE...
[2014.11.19-07.10.58:618][934]LogPlayLevel: PIE:  Blueprint regeneration took 787 ms (2 blueprints)
[2014.11.19-07.10.58:618][934]PIE: New page: PIE session: Example_Map (Nov 18, 2014, 3:10:58 PM)
[2014.11.19-07.10.58:688][934]LogPlayLevel: PIE: StaticDuplicateObject took: (0.070295s)
[2014.11.19-07.10.58:690][934]LogPlayLevel: PIE: World Init took: (0.001344s)
[2014.11.19-07.10.58:690][934]LogPlayLevel: PIE: Created PIE world by copying editor world from /Game/Maps/Example_Map.Example_Map to /Game/Maps/UEDPIE_0_Example_Map.Example_Map (0.072057s)
[2014.11.19-07.10.58:724][934]LogWorld: Game class is 'MyGame_C'
[2014.11.19-07.10.58:725][934]LogAIModule: Creating AISystem for world Example_Map
[2014.11.19-07.10.58:727][934]LogWorld: Bringing World /Game/Maps/UEDPIE_0_Example_Map.Example_Map up for play (max tick rate 60) at 2014.11.18-23.10.58
[2014.11.19-07.10.58:727][934]LogWorld: Bringing up level for play took: 0.001947
[2014.11.19-07.10.58:731][934]PIE: Info Play in editor start time for /Game/Maps/UEDPIE_0_Example_Map 0.502
[2014.11.19-07.11.08:232][323]LogActorComponent: UnregisterComponent: (/Engine/Transient.CharacterMovementComponent_10) Not registered. Aborting.
[2014.11.19-07.11.08:297][323]LogParticles: Destroying 0 GPU particle simulations for FXSystem 0x000000001EAF93A0
[2014.11.19-07.11.09:498][383]BlueprintLog: New page: Pre-PIE auto-recompile
[2014.11.19-07.11.09:499][383]LogPlayLevel: [PIE] Compiling GameHUD before PIE...
[2014.11.19-07.11.09:723][383]LogPlayLevel: [PIE] Compiling MyCharacter before PIE...
[2014.11.19-07.11.10:135][383]LogPlayLevel: PIE:  Blueprint regeneration took 636 ms (2 blueprints)
[2014.11.19-07.11.10:136][383]PIE: New page: PIE session: Example_Map (Nov 18, 2014, 3:11:10 PM)
[2014.11.19-07.11.10:201][383]LogPlayLevel: PIE: StaticDuplicateObject took: (0.065477s)
[2014.11.19-07.11.10:202][383]LogPlayLevel: PIE: World Init took: (0.001026s)
[2014.11.19-07.11.10:203][383]LogPlayLevel: PIE: Created PIE world by copying editor world from /Game/Maps/Example_Map.Example_Map to /Game/Maps/UEDPIE_0_Example_Map.Example_Map (0.066858s)
[2014.11.19-07.11.10:235][383]LogWorld: Game class is 'MyGame_C'
[2014.11.19-07.11.10:236][383]LogAIModule: Creating AISystem for world Example_Map
[2014.11.19-07.11.10:238][383]LogWorld: Bringing World /Game/Maps/UEDPIE_0_Example_Map.Example_Map up for play (max tick rate 60) at 2014.11.18-23.11.10
[2014.11.19-07.11.10:238][383]LogWorld: Bringing up level for play took: 0.001660
[2014.11.19-07.11.10:241][383]PIE: Info Play in editor start time for /Game/Maps/UEDPIE_0_Example_Map 0.011
[2014.11.19-07.11.25:201][965]LogBlueprintUserMessages: -967.808105
[2014.11.19-07.11.26:355][  8]LogActorComponent: UnregisterComponent: (/Engine/Transient.CharacterMovementComponent_11) Not registered. Aborting.
[2014.11.19-07.11.26:434][  8]LogParticles: Destroying 0 GPU particle simulations for FXSystem 0x00000000347613A0
[2014.11.19-07.11.40:087][572]LogSlate:Warning: GetFontFace failed to load or process 'Roboto-Regular'
[2014.11.19-07.11.40:087][572]LogSlate:Warning: GetFontFace failed to load or process 'Roboto-Regular'
[2014.11.19-07.11.40:087][572]LogSlate:Warning: GetFontFace failed to load or process 'Roboto-Regular'
[2014.11.19-07.11.40:088][572]LogSlate:Warning: GetFontFace failed to load or process 'Roboto-Regular'
[2014.11.19-07.12.39:401][559]LogActorComponent: UnregisterComponent: (/Engine/Transient.CharacterMovementComponent_12) Not registered. Aborting.
[2014.11.19-07.12.39:446][559]LogFileHelpers: Editor autosave (incl. sublevels) for '/Game/Maps/Example_Map' took 0.045
[2014.11.19-07.12.39:454][559]OBJ SavePackage: Generating thumbnails for [1] asset(s) in package [/Game/Blueprints/MyCharacter] ([1] browsable assets)...
[2014.11.19-07.12.39:492][559]OBJ SavePackage:     Rendered thumbnail for [Blueprint /Game/Blueprints/MyCharacter.MyCharacter]
[2014.11.19-07.12.39:492][559]OBJ SavePackage: Finished generating thumbnails for package [/Game/Blueprints/MyCharacter]
[2014.11.19-07.12.39:495][559]Cmd: OBJ SAVEPACKAGE PACKAGE="/Game/Blueprints/MyCharacter" FILE="D:/Study-Session/Trial_third_person/Saved/Autosaves/Game/Blueprints/MyCharacter_Auto1.uasset" SILENT=false AUTOSAVING=true
[2014.11.19-07.12.39:866][559]LogSavePackage: Save=345.811768ms
[2014.11.19-07.12.39:866][559]LogSavePackage: Moving 'D:/Study-Session/Trial_third_person/Saved/MyCharacter_Auto1401722934617482F0F94E09923FEF95B.tmp' to 'D:/Study-Session/Trial_third_person/Saved/Autosaves/Game/Blueprints/MyCharacter_Auto1.uasset'
[2014.11.19-07.12.39:872][559]LogFileHelpers: Auto-saving content packages took 0.427
[2014.11.19-07.13.12:618][117]LogActorComponent: UnregisterComponent: (/Engine/Transient.CharacterMovementComponent_13) Not registered. Aborting.
[2014.11.19-07.13.43:508][538]Cmd: OBJ SAVEPACKAGE PACKAGE="/Game/Blueprints/MyCharacter" FILE="D:/Study-Session/Trial_third_person/Content/Blueprints/MyCharacter.uasset" SILENT=true
[2014.11.19-07.13.43:883][538]LogSavePackage: Save=362.668488ms
[2014.11.19-07.13.43:883][538]LogSavePackage: Moving 'D:/Study-Session/Trial_third_person/Saved/MyCharacter3CBC286242D5CAF495353B877D3DB8A5.tmp' to 'D:/Study-Session/Trial_third_person/Content/Blueprints/MyCharacter.uasset'
[2014.11.19-07.15.13:372][191]LogActorComponent: UnregisterComponent: (/Engine/Transient.CharacterMovementComponent_14) Not registered. Aborting.
[2014.11.19-07.15.14:135][226]BlueprintLog: New page: Compile MyCharacter
[2014.11.19-07.15.14:513][226]BlueprintEditorCompileResults: Info [0892.15] Compile of MyCharacter successful! [in 92 ms]
[2014.11.19-07.15.25:655][814]LogContentBrowser:Verbose: The content browser source was changed by the sources view to '/Game/StarterContent/Props'
[2014.11.19-07.15.43:473][556]LogActorFactory: Actor Factory created SM_CornerFrame
[2014.11.19-07.15.45:162][604]LogActorFactory: Actor Factory created SM_CornerFrame
[2014.11.19-07.15.45:700][614]LogActorFactory: Actor Factory created SM_CornerFrame
[2014.11.19-07.15.46:901][663]Cmd: DELETE
[2014.11.19-07.15.46:902][663]Cmd: ACTOR DELETE
[2014.11.19-07.15.46:904][663]LogEditorActor: Deleted Actor: StaticMeshActor
[2014.11.19-07.15.46:904][663]LogActorComponent: UnregisterComponent: (/Engine/Transient.CharacterMovementComponent_15) Not registered. Aborting.
[2014.11.19-07.15.46:958][663]LogEditorActor: Deleted 1 Actors (0.056 secs)
[2014.11.19-07.15.50:538][810]LogContentBrowser:Verbose: The content browser source was changed by the sources view to '/Game/StarterContent/Shapes'
[2014.11.19-07.15.53:974][975]LogActorFactory: Actor Factory created Shape_Cube
[2014.11.19-07.15.55:770][ 11]LogActorFactory: Actor Factory created Shape_Cube
[2014.11.19-07.18.11:339][558]LogEditorViewport: Clicking on Actor (LMB): StaticMeshActor (Shape_Cube)
[2014.11.19-07.19.07:704][767]LogEditorViewport: Clicking on Actor (context menu): StaticMeshActor (Shape_Cube)
[2014.11.19-07.22.26:462][216]LogParticles: Destroying 0 GPU particle simulations for FXSystem 0x00000000258AC5E0
[2014.11.19-07.22.26:757][216]Cmd: OBJ SAVEPACKAGE PACKAGE="/Game/Maps/Example_Map" FILE="D:/Study-Session/Trial_third_person/Content/Maps/Example_Map.umap" SILENT=true AUTOSAVING=false KEEPDIRTY=false
[2014.11.19-07.22.27:105][216]LogSavePackage: Save=272.449707ms
[2014.11.19-07.22.27:105][216]LogSavePackage: Moving 'D:/Study-Session/Trial_third_person/Saved/Example_Map0EE6CEA4442F3F8470C7A3AF79BE2C4B.tmp' to 'D:/Study-Session/Trial_third_person/Content/Maps/Example_Map.umap'
[2014.11.19-07.22.27:129][216]LogFileHelpers: Saving map 'Example_Map' took 0.641
[2014.11.19-07.22.28:786][249]Cmd: QUIT_EDITOR
[2014.11.19-07.22.29:248][249]LogExit: Preparing to exit.
[2014.11.19-07.22.30:349][249]LogExit: Editor shut down
[2014.11.19-07.22.30:349][249]LogExit: Transaction tracking system shut down
[2014.11.19-07.22.30:350][249]LogParticles: Destroying 0 GPU particle simulations for FXSystem 0x0000000012657240
[2014.11.19-07.22.30:351][249]LogParticles: Destroying 0 GPU particle simulations for FXSystem 0x0000000028B2D8A0
[2014.11.19-07.22.30:351][249]LogParticles: Destroying 0 GPU particle simulations for FXSystem 0x0000000027E4F100
[2014.11.19-07.22.30:393][249]LogParticles: Destroying 0 GPU particle simulations for FXSystem 0x00000000288A4180
[2014.11.19-07.22.30:393][249]LogParticles: Destroying 0 GPU particle simulations for FXSystem 0x0000000036426DE0
[2014.11.19-07.22.30:393][249]LogParticles: Destroying 0 GPU particle simulations for FXSystem 0x000000001177CF40
[2014.11.19-07.22.30:393][249]LogExit: Object subsystem successfully closed.
[2014.11.19-07.22.30:497][249]LogModuleManager: Shutting down and abandoning module StaticMeshEditor (168)
[2014.11.19-07.22.30:497][249]LogModuleManager: Shutting down and abandoning module ExternalImagePicker (167)
[2014.11.19-07.22.30:497][249]LogModuleManager: Shutting down and abandoning module AndroidDeviceDetection (166)
[2014.11.19-07.22.30:497][249]LogModuleManager: Shutting down and abandoning module CrashTracker (165)
[2014.11.19-07.22.30:497][249]LogModuleManager: Shutting down and abandoning module SuperSearch (164)
[2014.11.19-07.22.30:497][249]LogModuleManager: Shutting down and abandoning module SceneOutliner (163)
[2014.11.19-07.22.30:497][249]LogModuleManager: Shutting down and abandoning module EditorWidgets (162)
[2014.11.19-07.22.30:497][249]LogModuleManager: Shutting down and abandoning module CollectionManager (161)
[2014.11.19-07.22.30:497][249]LogModuleManager: Shutting down and abandoning module StatsViewer (160)
[2014.11.19-07.22.30:497][249]LogModuleManager: Shutting down and abandoning module FoliageEdit (159)
[2014.11.19-07.22.30:497][249]LogModuleManager: Shutting down and abandoning module LandscapeEditor (158)
[2014.11.19-07.22.30:498][249]LogModuleManager: Shutting down and abandoning module MeshPaint (157)
[2014.11.19-07.22.30:498][249]LogModuleManager: Shutting down and abandoning module ActorPickerMode (156)
[2014.11.19-07.22.30:498][249]LogModuleManager: Shutting down and abandoning module GeometryMode (155)
[2014.11.19-07.22.30:498][249]LogModuleManager: Shutting down and abandoning module TextureAlignMode (154)
[2014.11.19-07.22.30:498][249]LogModuleManager: Shutting down and abandoning module BspMode (153)
[2014.11.19-07.22.30:498][249]LogModuleManager: Shutting down and abandoning module PlacementMode (152)
[2014.11.19-07.22.30:498][249]LogModuleManager: Shutting down and abandoning module AutomationWorker (151)
[2014.11.19-07.22.30:498][249]LogModuleManager: Shutting down and abandoning module CharacterAI (150)
[2014.11.19-07.22.30:498][249]LogModuleManager: Shutting down and abandoning module GameProjectGeneration (149)
[2014.11.19-07.22.30:498][249]LogModuleManager: Shutting down and abandoning module IntroTutorials (148)
[2014.11.19-07.22.30:498][249]LogModuleManager: Shutting down and abandoning module EditorLiveStreaming (147)
[2014.11.19-07.22.30:498][249]LogModuleManager: Shutting down and abandoning module HardwareTargeting (146)
[2014.11.19-07.22.30:498][249]LogModuleManager: Shutting down and abandoning module BehaviorTreeEditor (145)
[2014.11.19-07.22.30:498][249]LogModuleManager: Shutting down and abandoning module DeviceProfileEditor (144)
[2014.11.19-07.22.30:498][249]LogModuleManager: Shutting down and abandoning module UndoHistory (143)
[2014.11.19-07.22.30:498][249]LogModuleManager: Shutting down and abandoning module GameplayTagsEditor (142)
[2014.11.19-07.22.30:498][249]LogModuleManager: Shutting down and abandoning module UserFeedback (141)
[2014.11.19-07.22.30:498][249]LogModuleManager: Shutting down and abandoning module XmlParser (140)
[2014.11.19-07.22.30:498][249]LogModuleManager: Shutting down and abandoning module Blutility (139)
[2014.11.19-07.22.30:498][249]LogModuleManager: Shutting down and abandoning module IOSPlatformEditor (138)
[2014.11.19-07.22.30:498][249]LogModuleManager: Shutting down and abandoning module IOSRuntimeSettings (137)
[2014.11.19-07.22.30:498][249]LogModuleManager: Shutting down and abandoning module AndroidPlatformEditor (136)
[2014.11.19-07.22.30:498][249]LogModuleManager: Shutting down and abandoning module AndroidRuntimeSettings (135)
[2014.11.19-07.22.30:498][249]LogModuleManager: Shutting down and abandoning module ProjectTargetPlatformEditor (134)
[2014.11.19-07.22.30:499][249]LogModuleManager: Shutting down and abandoning module ProjectSettingsViewer (133)
[2014.11.19-07.22.30:499][249]LogModuleManager: Shutting down and abandoning module InputBindingEditor (132)
[2014.11.19-07.22.30:499][249]LogModuleManager: Shutting down and abandoning module EditorSettingsViewer (131)
[2014.11.19-07.22.30:499][249]LogModuleManager: Shutting down and abandoning module SettingsEditor (130)
[2014.11.19-07.22.30:499][249]LogModuleManager: Shutting down and abandoning module ProjectLauncher (129)
[2014.11.19-07.22.30:499][249]LogModuleManager: Shutting down and abandoning module SessionFrontend (128)
[2014.11.19-07.22.30:499][249]LogModuleManager: Shutting down and abandoning module ProfilerClient (127)
[2014.11.19-07.22.30:499][249]LogModuleManager: Shutting down and abandoning module TargetDeviceServices (126)
[2014.11.19-07.22.30:499][249]LogModuleManager: Shutting down and abandoning module DeviceManager (125)
[2014.11.19-07.22.30:499][249]LogModuleManager: Shutting down and abandoning module AutomationController (124)
[2014.11.19-07.22.30:499][249]LogModuleManager: Shutting down and abandoning module AutomationWindow (123)
[2014.11.19-07.22.30:499][249]LogModuleManager: Shutting down and abandoning module Layers (122)
[2014.11.19-07.22.30:499][249]LogModuleManager: Shutting down and abandoning module ComponentVisualizers (121)
[2014.11.19-07.22.30:499][249]LogModuleManager: Shutting down and abandoning module DetailCustomizations (120)
[2014.11.19-07.22.30:499][249]LogModuleManager: Shutting down and abandoning module PackagesDialog (119)
[2014.11.19-07.22.30:499][249]LogModuleManager: Shutting down and abandoning module AssetRegistry (118)
[2014.11.19-07.22.30:602][249]LogModuleManager: Shutting down and abandoning module Persona (117)
[2014.11.19-07.22.30:602][249]LogModuleManager: Shutting down and abandoning module Kismet (116)
[2014.11.19-07.22.30:602][249]LogModuleManager: Shutting down and abandoning module GraphEditor (115)
[2014.11.19-07.22.30:602][249]LogModuleManager: Shutting down and abandoning module ClassViewer (114)
[2014.11.19-07.22.30:602][249]LogModuleManager: Shutting down and abandoning module Toolbox (113)
[2014.11.19-07.22.30:602][249]LogModuleManager: Shutting down and abandoning module ModuleUI (112)
[2014.11.19-07.22.30:602][249]LogModuleManager: Shutting down and abandoning module MovieSceneTools (111)
[2014.11.19-07.22.30:602][249]LogModuleManager: Shutting down and abandoning module OutputLog (110)
[2014.11.19-07.22.30:602][249]LogModuleManager: Shutting down and abandoning module GammaUI (109)
[2014.11.19-07.22.30:602][249]LogModuleManager: Shutting down and abandoning module Documentation (108)
[2014.11.19-07.22.30:603][249]LogModuleManager: Shutting down and abandoning module GameLiveStreaming (107)
[2014.11.19-07.22.30:603][249]LogModuleManager: Shutting down and abandoning module StreamingPauseRendering (106)
[2014.11.19-07.22.30:603][249]LogModuleManager: Shutting down and abandoning module HTTP (105)
[2014.11.19-07.22.30:603][249]LogModuleManager: Shutting down and abandoning module AnalyticsET (104)
[2014.11.19-07.22.30:603][249]LogModuleManager: Shutting down and abandoning module Analytics (103)
[2014.11.19-07.22.30:603][249]LogModuleManager: Shutting down and abandoning module GameplayDebugger (102)
[2014.11.19-07.22.30:603][249]LogModuleManager: Shutting down and abandoning module AIModule (101)
[2014.11.19-07.22.30:603][249]LogModuleManager: Shutting down and abandoning module ProfilerService (100)
[2014.11.19-07.22.30:822][249]LogModuleManager: Shutting down and abandoning module TaskGraph (99)
[2014.11.19-07.22.30:822][249]LogModuleManager: Shutting down and abandoning module SlateRemote (98)
[2014.11.19-07.22.30:822][249]LogModuleManager: Shutting down and abandoning module ScriptEditorPlugin (97)
[2014.11.19-07.22.30:822][249]LogModuleManager: Shutting down and abandoning module CustomMeshComponent (96)
[2014.11.19-07.22.30:822][249]LogModuleManager: Shutting down and abandoning module CableComponent (95)
[2014.11.19-07.22.30:822][249]LogModuleManager: Shutting down and abandoning module MessagingDebugger (94)
[2014.11.19-07.22.30:822][249]LogModuleManager: Shutting down and abandoning module MediaPlayerEditor (93)
[2014.11.19-07.22.30:822][249]LogModuleManager: Shutting down and abandoning module SpeedTreeImporter (92)
[2014.11.19-07.22.30:822][249]LogModuleManager: Shutting down and abandoning module PluginsEditor (91)
[2014.11.19-07.22.30:822][249]LogModuleManager: Shutting down and abandoning module EpicSurvey (90)
[2014.11.19-07.22.30:822][249]LogModuleManager: Shutting down and abandoning module DesktopPlatform (89)
[2014.11.19-07.22.30:822][249]LogModuleManager: Shutting down and abandoning module VisualStudioSourceCodeAccess (88)
[2014.11.19-07.22.30:822][249]LogModuleManager: Shutting down and abandoning module UObjectPlugin (87)
[2014.11.19-07.22.30:822][249]LogModuleManager: Shutting down and abandoning module SubversionSourceControl (86)
[2014.11.19-07.22.30:822][249]LogModuleManager: Shutting down and abandoning module SourceControl (85)
[2014.11.19-07.22.30:822][249]LogModuleManager: Shutting down and abandoning module PerforceSourceControl (84)
[2014.11.19-07.22.30:822][249]LogModuleManager: Shutting down and abandoning module BlankPlugin (83)
[2014.11.19-07.22.30:822][249]LogModuleManager: Shutting down and abandoning module SlateReflector (82)
[2014.11.19-07.22.30:822][249]LogModuleManager: Shutting down and abandoning module DirectoryWatcher (81)
[2014.11.19-07.22.30:822][249]LogModuleManager: Shutting down and abandoning module HotReload (80)
[2014.11.19-07.22.30:822][249]LogModuleManager: Shutting down and abandoning module MainFrame (79)
[2014.11.19-07.22.30:822][249]LogModuleManager: Shutting down and abandoning module LevelEditor (78)
[2014.11.19-07.22.30:823][249]LogModuleManager: Shutting down and abandoning module ViewportSnapping (77)
[2014.11.19-07.22.30:823][249]LogModuleManager: Shutting down and abandoning module SmartSnapping (76)
[2014.11.19-07.22.30:823][249]LogModuleManager: Shutting down and abandoning module PaperTiledImporter (75)
[2014.11.19-07.22.30:823][249]LogModuleManager: Shutting down and abandoning module PaperJsonImporter (74)
[2014.11.19-07.22.30:823][249]LogModuleManager: Shutting down and abandoning module ContentBrowser (73)
[2014.11.19-07.22.30:823][249]LogModuleManager: Shutting down and abandoning module PropertyEditor (72)
[2014.11.19-07.22.30:823][249]LogModuleManager: Shutting down and abandoning module Paper2DEditor (71)
[2014.11.19-07.22.30:823][249]LogModuleManager: Shutting down and abandoning module ScriptPlugin (70)
[2014.11.19-07.22.30:823][249]LogModuleManager: Shutting down and abandoning module UdpMessaging (69)
[2014.11.19-07.22.30:923][249]LogModuleManager: Shutting down and abandoning module Paper2D (68)
[2014.11.19-07.22.30:923][249]LogModuleManager: Shutting down and abandoning module WindowsMoviePlayer (67)
[2014.11.19-07.22.30:926][249]LogModuleManager: Shutting down and abandoning module Media (66)
[2014.11.19-07.22.30:926][249]LogModuleManager: Shutting down and abandoning module WmfMedia (65)
[2014.11.19-07.22.30:926][249]LogModuleManager: Shutting down and abandoning module OnlineBlueprintSupport (64)
[2014.11.19-07.22.30:926][249]LogModuleManager: Shutting down and abandoning module FunctionalTesting (63)
[2014.11.19-07.22.30:926][249]LogModuleManager: Shutting down and abandoning module CollisionAnalyzer (62)
[2014.11.19-07.22.30:926][249]LogModuleManager: Shutting down and abandoning module WorkspaceMenuStructure (61)
[2014.11.19-07.22.30:927][249]LogModuleManager: Shutting down and abandoning module MessageLog (60)
[2014.11.19-07.22.30:927][249]LogModuleManager: Shutting down and abandoning module Sequencer (59)
[2014.11.19-07.22.30:927][249]LogModuleManager: Shutting down and abandoning module AssetTools (58)
[2014.11.19-07.22.30:927][249]LogModuleManager: Shutting down and abandoning module UMGEditor (57)
[2014.11.19-07.22.30:927][249]LogModuleManager: Shutting down and abandoning module UMG (56)
[2014.11.19-07.22.30:927][249]LogModuleManager: Shutting down and abandoning module Slate (55)
[2014.11.19-07.22.30:927][249]LogModuleManager: Shutting down and abandoning module EditorStyle (54)
[2014.11.19-07.22.30:929][249]LogModuleManager: Shutting down and abandoning module SessionServices (53)
[2014.11.19-07.22.30:929][249]LogModuleManager: Shutting down and abandoning module SourceCodeAccess (52)
[2014.11.19-07.22.30:929][249]LogModuleManager: Shutting down and abandoning module HeadMountedDisplay (51)
[2014.11.19-07.22.30:929][249]LogModuleManager: Shutting down and abandoning module XAudio2 (50)
[2014.11.19-07.22.30:929][249]LogModuleManager: Shutting down and abandoning module Networking (48)
[2014.11.19-07.22.30:929][249]LogModuleManager: Shutting down and abandoning module Core (47)
[2014.11.19-07.22.30:929][249]LogModuleManager: Shutting down and abandoning module KismetCompiler (46)
[2014.11.19-07.22.30:929][249]LogModuleManager: Shutting down and abandoning module PhysXFormats (45)
[2014.11.19-07.22.30:929][249]LogModuleManager: Shutting down and abandoning module MeshUtilities (44)
[2014.11.19-07.22.30:929][249]LogModuleManager: Shutting down and abandoning module DerivedDataCache (43)
[2014.11.19-07.22.30:954][249]LogDerivedDataCache: Shutdown
[2014.11.19-07.22.30:954][249]LogModuleManager: Shutting down and abandoning module ShaderFormatOpenGL (42)
[2014.11.19-07.22.30:954][249]LogModuleManager: Shutting down and abandoning module ShaderFormatD3D (41)
[2014.11.19-07.22.30:954][249]LogModuleManager: Shutting down and abandoning module MetalShaderFormat (40)
[2014.11.19-07.22.30:954][249]LogModuleManager: Shutting down and abandoning module TextureFormatUncompressed (39)
[2014.11.19-07.22.30:954][249]LogModuleManager: Shutting down and abandoning module TextureFormatPVR (38)
[2014.11.19-07.22.30:954][249]LogModuleManager: Shutting down and abandoning module TextureFormatDXT (37)
[2014.11.19-07.22.30:954][249]LogModuleManager: Shutting down and abandoning module TextureFormatAndroid (36)
[2014.11.19-07.22.30:954][249]LogModuleManager: Shutting down and abandoning module AudioFormatOpus (35)
[2014.11.19-07.22.30:954][249]LogModuleManager: Shutting down and abandoning module AudioFormatOgg (34)
[2014.11.19-07.22.30:954][249]LogModuleManager: Shutting down and abandoning module AudioFormatADPCM (33)
[2014.11.19-07.22.30:954][249]LogModuleManager: Shutting down and abandoning module Messaging (32)
[2014.11.19-07.22.30:954][249]LogModuleManager: Shutting down and abandoning module IOSTargetPlatform (31)
[2014.11.19-07.22.30:954][249]LogModuleManager: Shutting down and abandoning module Android_PVRTCTargetPlatform (30)
[2014.11.19-07.22.30:954][249]LogModuleManager: Shutting down and abandoning module Android_ETC2TargetPlatform (29)
[2014.11.19-07.22.30:954][249]LogModuleManager: Shutting down and abandoning module Android_ETC1TargetPlatform (28)
[2014.11.19-07.22.30:954][249]LogModuleManager: Shutting down and abandoning module Android_DXTTargetPlatform (27)
[2014.11.19-07.22.30:954][249]LogModuleManager: Shutting down and abandoning module Android_ATCTargetPlatform (26)
[2014.11.19-07.22.30:954][249]LogModuleManager: Shutting down and abandoning module AndroidTargetPlatform (25)
[2014.11.19-07.22.30:954][249]LogModuleManager: Shutting down and abandoning module WindowsTargetPlatform (24)
[2014.11.19-07.22.30:954][249]LogModuleManager: Shutting down and abandoning module WindowsServerTargetPlatform (23)
[2014.11.19-07.22.30:954][249]LogModuleManager: Shutting down and abandoning module WindowsNoEditorTargetPlatform (22)
[2014.11.19-07.22.30:954][249]LogModuleManager: Shutting down and abandoning module WindowsClientTargetPlatform (21)
[2014.11.19-07.22.30:954][249]LogModuleManager: Shutting down and abandoning module TargetPlatform (20)
[2014.11.19-07.22.30:954][249]LogModuleManager: Shutting down and abandoning module InputCore (19)
[2014.11.19-07.22.30:954][249]LogModuleManager: Shutting down and abandoning module Settings (18)
[2014.11.19-07.22.30:954][249]LogModuleManager: Shutting down and abandoning module ImageWrapper (17)
[2014.11.19-07.22.30:954][249]LogModuleManager: Shutting down and abandoning module OculusRift (14)
[2014.11.19-07.22.30:954][249]LogModuleManager: Shutting down and abandoning module ExampleDeviceProfileSelector (13)
[2014.11.19-07.22.30:954][249]LogModuleManager: Shutting down and abandoning module TextureCompressor (12)
[2014.11.19-07.22.30:954][249]LogModuleManager: Shutting down and abandoning module ShaderCore (11)
[2014.11.19-07.22.30:954][249]LogModuleManager: Shutting down and abandoning module SlateRHIRenderer (10)
[2014.11.19-07.22.30:956][249]LogModuleManager: Shutting down and abandoning module OpenGLDrv (9)
[2014.11.19-07.22.30:956][249]LogModuleManager: Shutting down and abandoning module D3D11RHI (8)
[2014.11.19-07.22.30:956][249]LogModuleManager: Shutting down and abandoning module Renderer (7)
[2014.11.19-07.22.30:956][249]LogModuleManager: Shutting down and abandoning module Engine (6)
[2014.11.19-07.22.30:956][249]LogModuleManager: Shutting down and abandoning module CoreUObject (5)
[2014.11.19-07.22.30:956][249]LogModuleManager: Shutting down and abandoning module NetworkFile (4)
[2014.11.19-07.22.30:956][249]LogModuleManager: Shutting down and abandoning module StreamingFile (3)
[2014.11.19-07.22.30:956][249]LogModuleManager: Shutting down and abandoning module SandboxFile (2)
[2014.11.19-07.22.30:956][249]LogModuleManager: Shutting down and abandoning module PakFile (1)
[2014.11.19-07.22.30:956][249]LogExit: Exiting.
[2014.11.19-07.22.30:968][249]Log file closed, 11/18/14 23:22:30
