Log file open, 12/13/14 13:21:38
LogInit:Display: Running engine for game: Trial_third_person
LogInit: Version: 4.5.1-2336687+++depot+UE4-Releases+4.5
LogInit: API Version: 2326478
LogInit: Compiled (64-bit): Oct 21 2014 22:32:40
LogInit: Compiled with Visual C++: 18.00.21005.01
LogInit: Build Configuration: Development
LogInit: Branch Name: ++depot+UE4-Releases+4.5
LogInit: Command line:  /Temp/Autosaves/Game/Maps/UEDPCStartMenuLevel -game -PIEVIACONSOLE -ResX=1280 -ResY=720  -Multiprocess 
LogInit: Base directory: C:/Program Files/Epic Games/4.5/Engine/Binaries/Win64/
LogInit: Rocket: 1
[2014.12.13-21.21.38:114][  0]LogTaskGraph: Started task graph with 3 named threads and 4 total threads.
[2014.12.13-21.21.38:144][  0]LogOnline:Warning: No default platform service specified for OnlineSubsystem
[2014.12.13-21.21.38:168][  0]LogInit: Presizing for 0 objects not considered by GC, pre-allocating 0 bytes.
[2014.12.13-21.21.38:184][  0]LogInit: Object subsystem initialized
[2014.12.13-21.21.38:188][  0]LogConsoleResponse:Warning: Skipping Unknown console variable: 'UIScaleRule = ShortestSide'
[2014.12.13-21.21.38:188][  0]LogConsoleResponse:Warning:   Found in ini file 'C:/Users/Jeremy/Documents/GitHub/Study-Session/Trial_third_person/Saved/Config/Windows/Engine.ini', in section '[/Script/Engine.RendererSettings]'
[2014.12.13-21.21.38:188][  0]LogConsoleResponse:Warning: Skipping Unknown console variable: 'UIScaleCurve = (EditorCurveData=(Keys=((Time=480.000000,Value=0.444000),(Time=720.000000,Value=0.666000),(Time=1080.000000,Value=1.000000),(Time=8640.000000,Value=8.000000))),ExternalCurve=None)'
[2014.12.13-21.21.38:188][  0]LogConsoleResponse:Warning:   Found in ini file 'C:/Users/Jeremy/Documents/GitHub/Study-Session/Trial_third_person/Saved/Config/Windows/Engine.ini', in section '[/Script/Engine.RendererSettings]'
[2014.12.13-21.21.38:189][  0]LogInit: Selected Device Profile: [Windows]
[2014.12.13-21.21.38:189][  0]LogInit: Applying CVar settings loaded from the selected device profile: [Windows]
[2014.12.13-21.21.38:198][  0]LogInit: Computer: BRIANA-DESKTOP
[2014.12.13-21.21.38:198][  0]LogInit: User: Jeremy
[2014.12.13-21.21.38:200][  0]LogInit: CPU Page size=4096, Cores=4
[2014.12.13-21.21.38:200][  0]LogInit: High frequency timer resolution =14.318180 MHz
[2014.12.13-21.21.38:200][  0]LogMemory: Memory total: Physical=8.0GB (8GB approx) Virtual=8192.0GB
[2014.12.13-21.21.38:200][  0]LogMemory: Platform Memory Stats for Windows
[2014.12.13-21.21.38:200][  0]LogMemory: Process Physical Memory: 62.98 MB used, 62.98 MB peak
[2014.12.13-21.21.38:200][  0]LogMemory: Process Virtual Memory: 38.41 MB used, 38.41 MB peak
[2014.12.13-21.21.38:200][  0]LogMemory: Physical Memory: 3229.34 MB used, 8183.89 MB total
[2014.12.13-21.21.38:200][  0]LogMemory: Virtual Memory: 271.60 MB used, 8388608.00 MB total
[2014.12.13-21.21.38:239][  0]LogD3D11RHI: Found D3D11 adapter 0: NVIDIA GeForce GTX 550 Ti (Feature Level 11_0)
[2014.12.13-21.21.38:239][  0]LogD3D11RHI: Adapter has 977MB of dedicated video memory, 0MB of dedicated system memory, and 3071MB of shared system memory, 2 output[s]
[2014.12.13-21.21.38:239][  0]LogD3D11RHI: Chosen D3D11 Adapter Id = 0
[2014.12.13-21.21.38:247][  0]LogRHI: Texture pool is 684 MB (70% of 977 MB)
[2014.12.13-21.21.38:257][  0]LogD3D11RHI: Async texture creation enabled
[2014.12.13-21.21.38:307][  0]LogTextLocalizationManager: The requested culture ('en_US') has no localization data; parent culture's ('en') localization data will be used.
[2014.12.13-21.21.38:507][  0]LogContentStreaming: Texture pool size is 1000.000000MB
[2014.12.13-21.21.44:422][  0]LogTargetPlatformManager:Display: Building Assets For Windows
[2014.12.13-21.21.44:918][  0]LogTargetPlatformManager:Display: Building Assets For Windows
[2014.12.13-21.21.44:982][  0]LogDerivedDataCache:Display: Max Cache Size: 512 MB
[2014.12.13-21.21.45:063][  0]LogDerivedDataCache: Loaded boot cache 0.08s 39MB C:/Users/Jeremy/AppData/Local/UnrealEngine/4.5/DerivedDataCache/Boot.ddc.
[2014.12.13-21.21.45:063][  0]LogDerivedDataCache:Display: Loaded Boot cache: C:/Users/Jeremy/AppData/Local/UnrealEngine/4.5/DerivedDataCache/Boot.ddc
[2014.12.13-21.21.45:063][  0]LogDerivedDataCache: FDerivedDataBackendGraph:  Pak pak cache file ../../../../../../Users/Jeremy/Documents/GitHub/Study-Session/Trial_third_person/DerivedDataCache/DDC.ddp not found, will not use a pak cache.
[2014.12.13-21.21.45:063][  0]LogDerivedDataCache: Unable to find inner node Pak for hierarchical cache Hierarchy.
[2014.12.13-21.21.45:147][  0]LogDerivedDataCache:Display: Pak cache opened for reading ../../../Engine/DerivedDataCache/DDC.ddp.
[2014.12.13-21.21.45:159][  0]LogDerivedDataCache: Using Local data cache path C:/Users/Jeremy/AppData/Local/UnrealEngine/Common/DerivedDataCache: Writable
[2014.12.13-21.21.45:395][  0]LogMeshUtilities: No automatic mesh reduction module available
[2014.12.13-21.21.45:395][  0]LogMeshUtilities: No automatic mesh merging module available
[2014.12.13-21.21.45:725][  0]LogLinker:Warning: Asset '../../../Engine/Content/Functions/Engine_MaterialFunctions02/Texturing/FlipBook.uasset' has been saved with empty engine version. The asset will be loaded but may be incompatible.
[2014.12.13-21.21.45:730][  0]LogLinker:Warning: Asset '../../../Engine/Content/Functions/Engine_MaterialFunctions02/ExampleContent/Textures/flipbook.uasset' has been saved with empty engine version. The asset will be loaded but may be incompatible.
[2014.12.13-21.21.45:907][  0]LogInit: WinSock: version 1.1 (2.2), MaxSocks=32767, MaxUdp=65467
[2014.12.13-21.21.46:948][  0]LogWindowsMoviePlayer: Unable to load movie: ../../../../../../Users/Jeremy/Documents/GitHub/Study-Session/Trial_third_person/Content/Movies/Default_Startup.mp4
[2014.12.13-21.21.47:075][  0]SourceControl: Info Source control is disabled
[2014.12.13-21.21.47:075][  0]SourceControl: Info Source control is disabled
[2014.12.13-21.21.47:082][  0]SourceControl: Info Source control is disabled
[2014.12.13-21.21.47:121][  0]LogDirectoryWatcher:Warning: Failed to begin reading directory changes for C:/Users/Jeremy/Documents/GitHub/Study-Session/Trial_third_person/Binaries/Win64. Error: 0
[2014.12.13-21.21.47:164][  0]LogObj: 22484 objects as part of root set at end of initial load.
[2014.12.13-21.21.47:164][  0]LogUObjectAllocator: 4532696 out of 0 bytes used by permanent object pool.
[2014.12.13-21.21.47:244][  0]LogAutomationTest:Warning: ERR: Transient text cannot be serialized "Testing Transient serialization detection".
[2014.12.13-21.21.47:245][  0]LogEngine: Initializing Engine...
[2014.12.13-21.21.50:243][  0]LogHMD:Warning: No Oculus HMD detected! Is Oculus Run-Time installed and service is running?
[2014.12.13-21.21.50:253][  0]LogHMD: Oculus shutdown.
[2014.12.13-21.21.50:437][  0]LogInit: XAudio2 using 'Speakers (Realtek High Definition Audio)' : 2 channels at 48 kHz using 32 bits per sample (channel mask 0x3)
[2014.12.13-21.21.50:455][  0]LogInit: FAudioDevice initialized.
[2014.12.13-21.21.50:466][  0]LogInit: Texture streaming: Enabled
[2014.12.13-21.21.50:570][  0]LogNet: Browse: /Temp/Autosaves/Game/Maps/UEDPCStartMenuLevel?Name=Player
[2014.12.13-21.21.50:570][  0]LogLoad: LoadMap: /Temp/Autosaves/Game/Maps/UEDPCStartMenuLevel?Name=Player
[2014.12.13-21.21.50:598][  0]LogMemory: Platform Memory Stats for Windows
[2014.12.13-21.21.50:598][  0]LogMemory: Process Physical Memory: 301.43 MB used, 327.16 MB peak
[2014.12.13-21.21.50:598][  0]LogMemory: Process Virtual Memory: 259.66 MB used, 286.96 MB peak
[2014.12.13-21.21.50:598][  0]LogMemory: Physical Memory: 3421.94 MB used, 8183.89 MB total
[2014.12.13-21.21.50:598][  0]LogMemory: Virtual Memory: 682.00 MB used, 8388608.00 MB total
[2014.12.13-21.21.50:598][  0]LogMemory: 
[2014.12.13-21.21.50:598][  0]Allocator Stats for TBB: (not implemented)
[2014.12.13-21.21.51:231][  0]LogWorld: Game class is 'MyGame_C'
[2014.12.13-21.21.51:257][  0]LogAIModule: Creating AISystem for world StartMenuLevel
[2014.12.13-21.21.51:258][  0]LogWorld: Bringing World /Temp/Autosaves/Game/Maps/UEDPCStartMenuLevel.StartMenuLevel up for play (max tick rate 0) at 2014.12.13-13.21.51
[2014.12.13-21.21.51:258][  0]LogWorld: Bringing up level for play took: 0.000872
[2014.12.13-21.21.51:263][  0]LogInit:Display: Game Engine Initialized.
[2014.12.13-21.21.51:483][  0]LogLoad: Full Startup: 15.68 seconds (BP compile: 0.36 seconds)
[2014.12.13-21.21.51:634][  2]LogRenderer:Warning: Reallocating scene render targets to support 1280x720.
[2014.12.13-21.21.53:230][ 62]LogPackageName: SearchForPackageOnDisk took   0.076s to resolve School.umap
[2014.12.13-21.21.53:300][ 62]LogPackageName: SearchForPackageOnDisk took   0.069s to resolve School.umap
[2014.12.13-21.21.53:300][ 62]LogNet: Browse: /Game/Maps/School
[2014.12.13-21.21.53:300][ 62]LogLoad: LoadMap: /Game/Maps/School
[2014.12.13-21.21.53:326][ 62]LogParticles: Destroying 0 GPU particle simulations for FXSystem 0x000000001242E160
[2014.12.13-21.21.53:354][ 62]LogMemory: Platform Memory Stats for Windows
[2014.12.13-21.21.53:354][ 62]LogMemory: Process Physical Memory: 344.56 MB used, 344.56 MB peak
[2014.12.13-21.21.53:354][ 62]LogMemory: Process Virtual Memory: 285.14 MB used, 286.96 MB peak
[2014.12.13-21.21.53:354][ 62]LogMemory: Physical Memory: 3596.02 MB used, 8183.89 MB total
[2014.12.13-21.21.53:354][ 62]LogMemory: Virtual Memory: 712.73 MB used, 8388608.00 MB total
[2014.12.13-21.21.53:354][ 62]LogMemory: 
[2014.12.13-21.21.53:354][ 62]Allocator Stats for TBB: (not implemented)
[2014.12.13-21.21.53:607][ 62]LogLinker:Warning: Can't find file '/Game/ArchVis/Materials/MI_Couch_NOSSS_Mat_Inst'
[2014.12.13-21.21.53:607][ 62]LoadErrors: Info Failed to load /Game/ArchVis/Materials/MI_Couch_NOSSS_Mat_Inst.MI_Couch_NOSSS_Mat_Inst Referenced by SM_Couch_1seat Property /Script/Engine.StaticMesh:Materials
[2014.12.13-21.21.53:607][ 62]LogUObjectGlobals:Warning: Failed to load '/Game/ArchVis/Materials/MI_Couch_NOSSS_Mat_Inst': Can't find file '/Game/ArchVis/Materials/MI_Couch_NOSSS_Mat_Inst'
[2014.12.13-21.21.53:607][ 62]LogLinker:Warning: Can't find file for asset '/Game/ArchVis/Materials/MI_Couch_NOSSS_Mat_Inst' while loading NULL.
[2014.12.13-21.21.53:608][ 62]LoadErrors: Info Failed to load /Game/ArchVis/Materials/MI_Couch_NOSSS_Mat_Inst.MI_Couch_NOSSS_Mat_Inst Referenced by SM_Couch_1seat Property /Script/Engine.StaticMesh:Materials
[2014.12.13-21.21.53:608][ 62]LogUObjectGlobals:Warning: Failed to load '/Game/ArchVis/Materials/MI_Couch_NOSSS_Mat_Inst': Can't find file for asset '/Game/ArchVis/Materials/MI_Couch_NOSSS_Mat_Inst' while loading NULL.
[2014.12.13-21.21.53:608][ 62]LogLinker:Warning: Can't find file '/Game/ArchVis/Materials/MI_Couch_NOSSS_Mat_Inst'
[2014.12.13-21.21.53:608][ 62]LoadErrors: Info Failed to load /Game/ArchVis/Materials/MI_Couch_NOSSS_Mat_Inst.MI_Couch_NOSSS_Mat_Inst Referenced by SM_Couch_1seat Property /Script/Engine.StaticMesh:Materials
[2014.12.13-21.21.53:608][ 62]LogUObjectGlobals:Warning: Failed to load '/Game/ArchVis/Materials/MI_Couch_NOSSS_Mat_Inst': Can't find file '/Game/ArchVis/Materials/MI_Couch_NOSSS_Mat_Inst'
[2014.12.13-21.21.53:608][ 62]LogLinker:Warning: Can't find file for asset '/Game/ArchVis/Materials/MI_Couch_NOSSS_Mat_Inst' while loading NULL.
[2014.12.13-21.21.53:608][ 62]LoadErrors: Info Failed to load /Game/ArchVis/Materials/MI_Couch_NOSSS_Mat_Inst.MI_Couch_NOSSS_Mat_Inst Referenced by SM_Couch_1seat Property /Script/Engine.StaticMesh:Materials
[2014.12.13-21.21.53:609][ 62]LogUObjectGlobals:Warning: Failed to load '/Game/ArchVis/Materials/MI_Couch_NOSSS_Mat_Inst': Can't find file for asset '/Game/ArchVis/Materials/MI_Couch_NOSSS_Mat_Inst' while loading NULL.
[2014.12.13-21.21.53:659][ 62]LogWorld: Game class is 'MyGame_C'
[2014.12.13-21.21.53:663][ 62]LogAIModule: Creating AISystem for world School
[2014.12.13-21.21.53:669][ 62]LogWorld: Bringing World /Game/Maps/School.School up for play (max tick rate 0) at 2014.12.13-13.21.53
[2014.12.13-21.21.53:671][ 62]LogWorld: Bringing up level for play took: 0.007591
[2014.12.13-21.22.10:971][ 69]Closing by request
[2014.12.13-21.22.10:971][ 69]LogWindows: FPlatformMisc::RequestExit(0)
[2014.12.13-21.22.11:052][ 70]LogExit: Preparing to exit.
[2014.12.13-21.22.11:151][ 70]LogExit: Game engine shut down
[2014.12.13-21.22.11:189][ 70]LogParticles: Destroying 0 GPU particle simulations for FXSystem 0x000000001242FBA0
[2014.12.13-21.22.11:189][ 70]LogExit: Object subsystem successfully closed.
[2014.12.13-21.22.11:234][ 70]LogModuleManager: Shutting down and abandoning module AndroidDeviceDetection (94)
[2014.12.13-21.22.11:234][ 70]LogModuleManager: Shutting down and abandoning module AutomationWorker (93)
[2014.12.13-21.22.11:234][ 70]LogModuleManager: Shutting down and abandoning module CharacterAI (92)
[2014.12.13-21.22.11:234][ 70]LogModuleManager: Shutting down and abandoning module GameplayDebugger (91)
[2014.12.13-21.22.11:234][ 70]LogModuleManager: Shutting down and abandoning module AIModule (90)
[2014.12.13-21.22.11:234][ 70]LogModuleManager: Shutting down and abandoning module GameLiveStreaming (89)
[2014.12.13-21.22.11:235][ 70]LogModuleManager: Shutting down and abandoning module StreamingPauseRendering (88)
[2014.12.13-21.22.11:235][ 70]LogModuleManager: Shutting down and abandoning module HTTP (87)
[2014.12.13-21.22.11:235][ 70]LogModuleManager: Shutting down and abandoning module AnalyticsET (86)
[2014.12.13-21.22.11:235][ 70]LogModuleManager: Shutting down and abandoning module Analytics (85)
[2014.12.13-21.22.11:235][ 70]LogModuleManager: Shutting down and abandoning module ProfilerService (84)
[2014.12.13-21.22.11:442][ 70]LogModuleManager: Shutting down and abandoning module TaskGraph (83)
[2014.12.13-21.22.11:442][ 70]LogModuleManager: Shutting down and abandoning module SlateRemote (82)
[2014.12.13-21.22.11:442][ 70]LogModuleManager: Shutting down and abandoning module CustomMeshComponent (81)
[2014.12.13-21.22.11:442][ 70]LogModuleManager: Shutting down and abandoning module CableComponent (80)
[2014.12.13-21.22.11:442][ 70]LogModuleManager: Shutting down and abandoning module DesktopPlatform (79)
[2014.12.13-21.22.11:442][ 70]LogModuleManager: Shutting down and abandoning module DirectoryWatcher (78)
[2014.12.13-21.22.11:442][ 70]LogModuleManager: Shutting down and abandoning module HotReload (77)
[2014.12.13-21.22.11:442][ 70]LogModuleManager: Shutting down and abandoning module VisualStudioSourceCodeAccess (76)
[2014.12.13-21.22.11:442][ 70]LogModuleManager: Shutting down and abandoning module UObjectPlugin (75)
[2014.12.13-21.22.11:442][ 70]LogModuleManager: Shutting down and abandoning module SubversionSourceControl (74)
[2014.12.13-21.22.11:442][ 70]LogModuleManager: Shutting down and abandoning module SourceControl (73)
[2014.12.13-21.22.11:442][ 70]LogModuleManager: Shutting down and abandoning module PerforceSourceControl (72)
[2014.12.13-21.22.11:442][ 70]LogModuleManager: Shutting down and abandoning module BlankPlugin (71)
[2014.12.13-21.22.11:442][ 70]LogModuleManager: Shutting down and abandoning module ScriptPlugin (70)
[2014.12.13-21.22.11:442][ 70]LogModuleManager: Shutting down and abandoning module UdpMessaging (69)
[2014.12.13-21.22.11:442][ 70]LogModuleManager: Shutting down and abandoning module Paper2D (68)
[2014.12.13-21.22.11:442][ 70]LogModuleManager: Shutting down and abandoning module WindowsMoviePlayer (67)
[2014.12.13-21.22.11:442][ 70]LogModuleManager: Shutting down and abandoning module Media (66)
[2014.12.13-21.22.11:442][ 70]LogModuleManager: Shutting down and abandoning module WmfMedia (65)
[2014.12.13-21.22.11:443][ 70]LogModuleManager: Shutting down and abandoning module OnlineBlueprintSupport (64)
[2014.12.13-21.22.11:443][ 70]LogModuleManager: Shutting down and abandoning module FunctionalTesting (63)
[2014.12.13-21.22.11:443][ 70]LogModuleManager: Shutting down and abandoning module CollisionAnalyzer (62)
[2014.12.13-21.22.11:443][ 70]LogModuleManager: Shutting down and abandoning module WorkspaceMenuStructure (61)
[2014.12.13-21.22.11:443][ 70]LogModuleManager: Shutting down and abandoning module MessageLog (60)
[2014.12.13-21.22.11:443][ 70]LogModuleManager: Shutting down and abandoning module Sequencer (59)
[2014.12.13-21.22.11:443][ 70]LogModuleManager: Shutting down and abandoning module AssetTools (58)
[2014.12.13-21.22.11:443][ 70]LogModuleManager: Shutting down and abandoning module UMGEditor (57)
[2014.12.13-21.22.11:443][ 70]LogModuleManager: Shutting down and abandoning module UMG (56)
[2014.12.13-21.22.11:443][ 70]LogModuleManager: Shutting down and abandoning module Slate (55)
[2014.12.13-21.22.11:443][ 70]LogModuleManager: Shutting down and abandoning module EditorStyle (54)
[2014.12.13-21.22.11:445][ 70]LogModuleManager: Shutting down and abandoning module SessionServices (53)
[2014.12.13-21.22.11:445][ 70]LogModuleManager: Shutting down and abandoning module SourceCodeAccess (52)
[2014.12.13-21.22.11:446][ 70]LogModuleManager: Shutting down and abandoning module HeadMountedDisplay (51)
[2014.12.13-21.22.11:446][ 70]LogModuleManager: Shutting down and abandoning module XAudio2 (50)
[2014.12.13-21.22.11:446][ 70]LogModuleManager: Shutting down and abandoning module Networking (48)
[2014.12.13-21.22.11:446][ 70]LogModuleManager: Shutting down and abandoning module Core (47)
[2014.12.13-21.22.11:446][ 70]LogModuleManager: Shutting down and abandoning module KismetCompiler (46)
[2014.12.13-21.22.11:446][ 70]LogModuleManager: Shutting down and abandoning module PhysXFormats (45)
[2014.12.13-21.22.11:446][ 70]LogModuleManager: Shutting down and abandoning module MeshUtilities (44)
[2014.12.13-21.22.11:446][ 70]LogModuleManager: Shutting down and abandoning module DerivedDataCache (43)
[2014.12.13-21.22.11:652][ 70]LogDerivedDataCache: Shutdown
[2014.12.13-21.22.11:652][ 70]LogModuleManager: Shutting down and abandoning module ShaderFormatOpenGL (42)
[2014.12.13-21.22.11:652][ 70]LogModuleManager: Shutting down and abandoning module ShaderFormatD3D (41)
[2014.12.13-21.22.11:652][ 70]LogModuleManager: Shutting down and abandoning module MetalShaderFormat (40)
[2014.12.13-21.22.11:652][ 70]LogModuleManager: Shutting down and abandoning module TextureFormatUncompressed (39)
[2014.12.13-21.22.11:652][ 70]LogModuleManager: Shutting down and abandoning module TextureFormatPVR (38)
[2014.12.13-21.22.11:652][ 70]LogModuleManager: Shutting down and abandoning module TextureFormatDXT (37)
[2014.12.13-21.22.11:652][ 70]LogModuleManager: Shutting down and abandoning module TextureFormatAndroid (36)
[2014.12.13-21.22.11:652][ 70]LogModuleManager: Shutting down and abandoning module AudioFormatOpus (35)
[2014.12.13-21.22.11:652][ 70]LogModuleManager: Shutting down and abandoning module AudioFormatOgg (34)
[2014.12.13-21.22.11:652][ 70]LogModuleManager: Shutting down and abandoning module AudioFormatADPCM (33)
[2014.12.13-21.22.11:652][ 70]LogModuleManager: Shutting down and abandoning module Messaging (32)
[2014.12.13-21.22.11:652][ 70]LogModuleManager: Shutting down and abandoning module IOSTargetPlatform (31)
[2014.12.13-21.22.11:652][ 70]LogModuleManager: Shutting down and abandoning module Android_PVRTCTargetPlatform (30)
[2014.12.13-21.22.11:652][ 70]LogModuleManager: Shutting down and abandoning module Android_ETC2TargetPlatform (29)
[2014.12.13-21.22.11:652][ 70]LogModuleManager: Shutting down and abandoning module Android_ETC1TargetPlatform (28)
[2014.12.13-21.22.11:652][ 70]LogModuleManager: Shutting down and abandoning module Android_DXTTargetPlatform (27)
[2014.12.13-21.22.11:652][ 70]LogModuleManager: Shutting down and abandoning module Android_ATCTargetPlatform (26)
[2014.12.13-21.22.11:652][ 70]LogModuleManager: Shutting down and abandoning module AndroidTargetPlatform (25)
[2014.12.13-21.22.11:652][ 70]LogModuleManager: Shutting down and abandoning module WindowsTargetPlatform (24)
[2014.12.13-21.22.11:652][ 70]LogModuleManager: Shutting down and abandoning module WindowsServerTargetPlatform (23)
[2014.12.13-21.22.11:652][ 70]LogModuleManager: Shutting down and abandoning module WindowsNoEditorTargetPlatform (22)
[2014.12.13-21.22.11:652][ 70]LogModuleManager: Shutting down and abandoning module WindowsClientTargetPlatform (21)
[2014.12.13-21.22.11:652][ 70]LogModuleManager: Shutting down and abandoning module TargetPlatform (20)
[2014.12.13-21.22.11:652][ 70]LogModuleManager: Shutting down and abandoning module InputCore (19)
[2014.12.13-21.22.11:652][ 70]LogModuleManager: Shutting down and abandoning module Settings (18)
[2014.12.13-21.22.11:652][ 70]LogModuleManager: Shutting down and abandoning module ImageWrapper (17)
[2014.12.13-21.22.11:652][ 70]LogModuleManager: Shutting down and abandoning module OculusRift (14)
[2014.12.13-21.22.11:652][ 70]LogModuleManager: Shutting down and abandoning module ExampleDeviceProfileSelector (13)
[2014.12.13-21.22.11:652][ 70]LogModuleManager: Shutting down and abandoning module TextureCompressor (12)
[2014.12.13-21.22.11:652][ 70]LogModuleManager: Shutting down and abandoning module ShaderCore (11)
[2014.12.13-21.22.11:652][ 70]LogModuleManager: Shutting down and abandoning module SlateRHIRenderer (10)
[2014.12.13-21.22.11:653][ 70]LogModuleManager: Shutting down and abandoning module OpenGLDrv (9)
[2014.12.13-21.22.11:653][ 70]LogModuleManager: Shutting down and abandoning module D3D11RHI (8)
[2014.12.13-21.22.11:653][ 70]LogModuleManager: Shutting down and abandoning module Renderer (7)
[2014.12.13-21.22.11:653][ 70]LogModuleManager: Shutting down and abandoning module Engine (6)
[2014.12.13-21.22.11:653][ 70]LogModuleManager: Shutting down and abandoning module CoreUObject (5)
[2014.12.13-21.22.11:653][ 70]LogModuleManager: Shutting down and abandoning module NetworkFile (4)
[2014.12.13-21.22.11:653][ 70]LogModuleManager: Shutting down and abandoning module StreamingFile (3)
[2014.12.13-21.22.11:653][ 70]LogModuleManager: Shutting down and abandoning module SandboxFile (2)
[2014.12.13-21.22.11:653][ 70]LogModuleManager: Shutting down and abandoning module PakFile (1)
[2014.12.13-21.22.11:653][ 70]LogExit: Exiting.
[2014.12.13-21.22.11:655][ 70]Log file closed, 12/13/14 13:22:11
