Log file open, 12/13/14 15:29:19
LogInit:Display: Running engine for game: Trial_third_person
LogInit: Version: 4.6.0-2369412+++depot+UE4-Releases+4.6
LogInit: API Version: 2369412
LogInit: Compiled (64-bit): Nov 24 2014 21:54:04
LogInit: Compiled with Visual C++: 18.00.21005.01
LogInit: Build Configuration: Development
LogInit: Branch Name: ++depot+UE4-Releases+4.6
LogInit: Command line:  
LogInit: Base directory: D:/Epic Games/4.6/Engine/Binaries/Win64/
LogInit: Rocket: 1
[2014.12.13-23.29.19:368][  0]LogTaskGraph: Started task graph with 3 named threads and 4 total threads.
[2014.12.13-23.29.19:400][  0]LogOnline:Warning: No default platform service specified for OnlineSubsystem
[2014.12.13-23.29.19:427][  0]LogInit: Presizing for 0 objects not considered by GC, pre-allocating 0 bytes.
[2014.12.13-23.29.19:439][  0]LogInit: Object subsystem initialized
[2014.12.13-23.29.19:441][  0]LogConsoleResponse:Warning: Skipping Unknown console variable: 'UIScaleCurve = (EditorCurveData=(Keys=((Time=480.000000,Value=0.444000),(Time=720.000000,Value=0.666000),(Time=1080.000000,Value=1.000000),(Time=8640.000000,Value=8.000000))),ExternalCurve=None)'
[2014.12.13-23.29.19:441][  0]LogConsoleResponse:Warning:   Found in ini file 'D:/Study-Session/Trial_third_person 4.6/Saved/Config/Windows/Engine.ini', in section '[/Script/Engine.RendererSettings]'
[2014.12.13-23.29.19:441][  0]LogConsoleManager:Warning: Console variable 'r.MSAA.CompositingSampleCount' wasn't set (Priority ProjectSetting < Scalability)
[2014.12.13-23.29.19:441][  0]LogInit: Selected Device Profile: [Windows]
[2014.12.13-23.29.19:442][  0]LogInit: Applying CVar settings loaded from the selected device profile: [Windows]
[2014.12.13-23.29.19:447][  0]LogInit: Computer: ZEN-MATT
[2014.12.13-23.29.19:447][  0]LogInit: User: Matt
[2014.12.13-23.29.19:447][  0]LogInit: CPU Page size=4096, Cores=2
[2014.12.13-23.29.19:447][  0]LogInit: High frequency timer resolution =2.338564 MHz
[2014.12.13-23.29.19:447][  0]LogMemory: Memory total: Physical=3.9GB (4GB approx) Virtual=8192.0GB
[2014.12.13-23.29.19:447][  0]LogMemory: Platform Memory Stats for Windows
[2014.12.13-23.29.19:447][  0]LogMemory: Process Physical Memory: 50.80 MB used, 50.80 MB peak
[2014.12.13-23.29.19:447][  0]LogMemory: Process Virtual Memory: 26.63 MB used, 26.63 MB peak
[2014.12.13-23.29.19:447][  0]LogMemory: Physical Memory: 1798.74 MB used, 3981.98 MB total
[2014.12.13-23.29.19:447][  0]LogMemory: Virtual Memory: 262.45 MB used, 8388608.00 MB total
[2014.12.13-23.29.19:483][  0]LogD3D11RHI: Found D3D11 adapter 0: Intel(R) HD Graphics 4000 (Feature Level 11_0)
[2014.12.13-23.29.19:483][  0]LogD3D11RHI: Adapter has 64MB of dedicated video memory, 0MB of dedicated system memory, and 1632MB of shared system memory, 1 output[s]
[2014.12.13-23.29.19:483][  0]LogD3D11RHI: Chosen D3D11 Adapter Id = 0
[2014.12.13-23.29.19:491][  0]LogRHI: Texture pool is 616 MB (70% of 880 MB)
[2014.12.13-23.29.19:505][  0]LogD3D11RHI: Async texture creation enabled
[2014.12.13-23.29.19:577][  0]LogTextLocalizationManager: The requested culture ('en_US') has no localization data; parent culture's ('en') localization data will be used.
[2014.12.13-23.29.19:749][  0]LogContentStreaming: Texture pool size is 0.000000MB
[2014.12.13-23.29.27:786][  0]LogTargetPlatformManager:Display: Building Assets For Windows
[2014.12.13-23.29.28:431][  0]LogTargetPlatformManager:Display: Building Assets For Windows
[2014.12.13-23.29.28:498][  0]LogDerivedDataCache:Display: Max Cache Size: 512 MB
[2014.12.13-23.29.28:538][  0]LogDerivedDataCache: Loaded boot cache 0.04s 39MB C:/Users/Matt/AppData/Local/UnrealEngine/4.6/DerivedDataCache/Boot.ddc.
[2014.12.13-23.29.28:538][  0]LogDerivedDataCache:Display: Loaded Boot cache: C:/Users/Matt/AppData/Local/UnrealEngine/4.6/DerivedDataCache/Boot.ddc
[2014.12.13-23.29.28:538][  0]LogDerivedDataCache: FDerivedDataBackendGraph:  Pak pak cache file ../../../../../Study-Session/Trial_third_person 4.6/DerivedDataCache/DDC.ddp not found, will not use a pak cache.
[2014.12.13-23.29.28:538][  0]LogDerivedDataCache: Unable to find inner node Pak for hierarchical cache Hierarchy.
[2014.12.13-23.29.28:620][  0]LogDerivedDataCache:Display: Pak cache opened for reading ../../../Engine/DerivedDataCache/DDC.ddp.
[2014.12.13-23.29.28:631][  0]LogDerivedDataCache: Using Local data cache path C:/Users/Matt/AppData/Local/UnrealEngine/Common/DerivedDataCache: Writable
[2014.12.13-23.29.28:778][  0]LogCollisionProfile:Warning: Profile (UI) - Custom Channel Name = 'Weapon' hasn't been found
[2014.12.13-23.29.28:967][  0]LogMeshUtilities: No automatic mesh reduction module available
[2014.12.13-23.29.28:967][  0]LogMeshUtilities: No automatic mesh merging module available
[2014.12.13-23.29.29:455][  0]LogInit: WinSock: version 1.1 (2.2), MaxSocks=32767, MaxUdp=65467
[2014.12.13-23.29.29:531][  0]LogSlate:Warning: Failed to load font data from '../../../Engine/Content/Slate/Fonts/Roboto-Italic.ttf'
[2014.12.13-23.29.30:527][  0]UdpMessaging: Initializing bridge on interface 0.0.0.0:0 to multicast group 230.0.0.1:6666.
[2014.12.13-23.29.30:734][  0]LogDirectoryWatcher:Warning: Failed to begin reading directory changes for D:/Study-Session/Trial_third_person 4.6/Binaries/Win64. Error: 0
[2014.12.13-23.29.30:974][  0]SourceControl: Info Source control is disabled
[2014.12.13-23.29.30:974][  0]SourceControl: Info Source control is disabled
[2014.12.13-23.29.30:983][  0]SourceControl: Info Source control is disabled
[2014.12.13-23.29.31:160][  0]LogObj: 23754 objects as part of root set at end of initial load.
[2014.12.13-23.29.31:160][  0]LogUObjectAllocator: 5168136 out of 0 bytes used by permanent object pool.
[2014.12.13-23.29.31:229][  0]LogEngine: Initializing Engine...
[2014.12.13-23.29.31:431][  0]LogInit: XAudio2 using 'Speakers (Realtek High Definition Audio)' : 2 channels at 48 kHz using 32 bits per sample (channel mask 0x3)
[2014.12.13-23.29.31:474][  0]LogInit: FAudioDevice initialized.
[2014.12.13-23.29.31:503][  0]LogAIModule: Creating AISystem for world NewWorld
[2014.12.13-23.29.31:530][  0]LogDerivedDataCache: Saved boot cache 0.03s 39MB C:/Users/Matt/AppData/Local/UnrealEngine/4.6/DerivedDataCache/Boot.ddc.
[2014.12.13-23.29.31:533][  0]LogInit: Texture streaming: Enabled
[2014.12.13-23.29.31:571][  0]LogAnalytics: Creating configured Analytics provider AnalyticsET
[2014.12.13-23.29.31:572][  0]LogAnalytics: ET APIKey = Rocket.Release. APIServer = http://et2.epicgames.com/ET2/. AppVersion = 4.6.0-2369412+++depot+UE4-Releases+4.6
[2014.12.13-23.29.31:573][  0]LogAnalytics: SetUserId b937dce5ae765bb63e01423e2a49fda4
[2014.12.13-23.29.31:573][  0]LogAnalytics: AnalyticsET::StartSession [Rocket.Release]
[2014.12.13-23.29.31:593][  0]LogInit: Transaction tracking system initialized
[2014.12.13-23.29.31:718][  0]BlueprintLog: New page: Editor Load
[2014.12.13-23.29.31:754][  0]LogAssetRegistry: FAssetRegistry took 0.0102 seconds to start up
[2014.12.13-23.29.31:754][  0]LogDirectoryWatcher:Warning: Failed to begin reading directory changes for ../../../Engine/Plugins/Experimental/CharacterAI/Content/. Error: 0
[2014.12.13-23.29.32:457][  0]LogTargetPlatformManager:Display: Building Assets For Windows
[2014.12.13-23.29.32:999][  0]LogTargetPlatformManager:Display: Building Assets For Windows
[2014.12.13-23.29.33:270][  0]LogConsoleResponse:Display: 
[2014.12.13-23.29.33:330][  0]LogLinker:Warning: Asset '../../../Engine/Content/Functions/Engine_MaterialFunctions03/Procedurals/ComputeFilterWidth.uasset' has been saved with empty engine version. The asset will be loaded but may be incompatible.
[2014.12.13-23.29.33:586][  0]SourceControl: Info Source control is disabled
[2014.12.13-23.29.33:587][  0]Cmd: MAP LOAD FILE="../../../../../Study-Session/Trial_third_person 4.6/Content/Maps/Example_Map.umap" TEMPLATE=0 SHOWPROGRESS=1
[2014.12.13-23.29.33:587][  0]LightingResults: New page: Lighting Build
[2014.12.13-23.29.33:602][  0]MapCheck: New page: Map Check
[2014.12.13-23.29.33:602][  0]LightingResults: New page: Lighting Build
[2014.12.13-23.29.33:621][  0]LogParticles: Destroying 0 GPU particle simulations for FXSystem 0x000000001BD8FE20
[2014.12.13-23.29.35:049][  0]LogEditorServer: Finished looking for orphan Actors (0.000 secs)
[2014.12.13-23.29.35:049][  0]LogAIModule: Creating AISystem for world Example_Map
[2014.12.13-23.29.35:050][  0]Cmd: MAP CHECKDEP
[2014.12.13-23.29.35:050][  0]MapCheck: New page: Example_Map - Dec 13, 2014, 7:29:35 AM
[2014.12.13-23.29.35:176][  0]MapCheck: Info Map check complete: 0 Error(s), 0 Warning(s), took 126.125ms to complete.
[2014.12.13-23.29.35:176][  0]LogFileHelpers: Loading map 'Example_Map' took 1.590
[2014.12.13-23.29.35:261][  0]LogCollectionManager: Loaded 0 collections in 0.001840 seconds
[2014.12.13-23.29.35:281][  0]LogContentBrowser:Verbose: The content browser source was changed by the sources view to '/Game'
[2014.12.13-23.29.35:403][  0]LogCrashTracker: Crashtracker disabled due to settings.
[2014.12.13-23.29.35:411][  0]LogUObjectGlobals:Warning: Failed to find object 'Class None.'
[2014.12.13-23.29.35:455][  0]LogLoad: Full Startup: 18.55 seconds (BP compile: 0.44 seconds)
[2014.12.13-23.29.35:975][  0]LogRenderer:Warning: Reallocating scene render targets to support 1024x896.
[2014.12.13-23.29.37:229][  4]LogAssetRegistry: Asset discovery search completed in 5.4855 seconds
[2014.12.13-23.29.42:357][258]Cmd: MAP LOAD FILE="../../../../../Study-Session/Trial_third_person 4.6/Content/Maps/FinalLevel.umap" TEMPLATE=0 SHOWPROGRESS=1
[2014.12.13-23.29.42:365][258]LightingResults: New page: Lighting Build
[2014.12.13-23.29.42:399][258]LoadErrors: New page: Loading map: FinalLevel.umap
[2014.12.13-23.29.42:400][258]MapCheck: New page: Map Check
[2014.12.13-23.29.42:400][258]LightingResults: New page: Lighting Build
[2014.12.13-23.29.42:430][258]LogParticles: Destroying 0 GPU particle simulations for FXSystem 0x000000001170C9A0
[2014.12.13-23.29.43:925][258]LogEditorServer: Finished looking for orphan Actors (0.000 secs)
[2014.12.13-23.29.43:925][258]LogAIModule: Creating AISystem for world FinalLevel
[2014.12.13-23.29.44:012][258]Cmd: MAP CHECKDEP
[2014.12.13-23.29.44:012][258]MapCheck: New page: FinalLevel - Dec 13, 2014, 7:29:44 AM
[2014.12.13-23.29.44:127][258]MapCheck: Info Map check complete: 0 Error(s), 0 Warning(s), took 115.613ms to complete.
[2014.12.13-23.29.44:127][258]LogFileHelpers: Loading map 'FinalLevel' took 1.772
[2014.12.13-23.29.49:613][524]BlueprintLog: New page: Pre-PIE auto-recompile
[2014.12.13-23.29.49:613][524]LogPlayLevel: [PIE] Compiling FinalLevel before PIE...
[2014.12.13-23.29.49:733][524]LogPlayLevel: PIE:  Blueprint regeneration took 120 ms (1 blueprints)
[2014.12.13-23.29.49:733][524]PIE: New page: PIE session: FinalLevel (Dec 13, 2014, 7:29:49 AM)
[2014.12.13-23.29.49:746][524]LogPlayLevel: PIE: StaticDuplicateObject took: (0.012777s)
[2014.12.13-23.29.49:747][524]LogPlayLevel: PIE: World Init took: (0.000761s)
[2014.12.13-23.29.49:747][524]LogPlayLevel: PIE: Created PIE world by copying editor world from /Game/Maps/FinalLevel.FinalLevel to /Game/Maps/UEDPIE_0_FinalLevel.FinalLevel (0.013874s)
[2014.12.13-23.29.49:791][524]LogWorld: Game class is 'MyGame_C'
[2014.12.13-23.29.49:793][524]LogAIModule: Creating AISystem for world FinalLevel
[2014.12.13-23.29.49:800][524]LogWorld: Bringing World /Game/Maps/UEDPIE_0_FinalLevel.FinalLevel up for play (max tick rate 60) at 2014.12.13-15.29.49
[2014.12.13-23.29.49:801][524]LogWorld: Bringing up level for play took: 0.007379
[2014.12.13-23.29.49:803][524]PIE: Info Play in editor start time for /Game/Maps/UEDPIE_0_FinalLevel 0.998
[2014.12.13-23.29.50:689][544]LogParticles: Destroying 0 GPU particle simulations for FXSystem 0x000000001170FE20
[2014.12.13-23.29.52:572][646]BlueprintLog: New page: Pre-PIE auto-recompile
[2014.12.13-23.29.52:572][646]LogPlayLevel: [PIE] Compiling FinalLevel before PIE...
[2014.12.13-23.29.52:636][646]LogPlayLevel: PIE:  Blueprint regeneration took 63 ms (1 blueprints)
[2014.12.13-23.29.52:637][646]PIE: New page: PIE session: FinalLevel (Dec 13, 2014, 7:29:52 AM)
[2014.12.13-23.29.52:647][646]LogPlayLevel: PIE: StaticDuplicateObject took: (0.009809s)
[2014.12.13-23.29.52:647][646]LogPlayLevel: PIE: World Init took: (0.000545s)
[2014.12.13-23.29.52:647][646]LogPlayLevel: PIE: Created PIE world by copying editor world from /Game/Maps/FinalLevel.FinalLevel to /Game/Maps/UEDPIE_0_FinalLevel.FinalLevel (0.010588s)
[2014.12.13-23.29.52:676][646]LogWorld: Game class is 'MyGame_C'
[2014.12.13-23.29.52:677][646]LogAIModule: Creating AISystem for world FinalLevel
[2014.12.13-23.29.52:684][646]LogWorld: Bringing World /Game/Maps/UEDPIE_0_FinalLevel.FinalLevel up for play (max tick rate 60) at 2014.12.13-15.29.52
[2014.12.13-23.29.52:685][646]LogWorld: Bringing up level for play took: 0.007127
[2014.12.13-23.29.52:687][646]PIE: Info Play in editor start time for /Game/Maps/UEDPIE_0_FinalLevel -0.119
[2014.12.13-23.29.56:746][785]LogParticles: Destroying 0 GPU particle simulations for FXSystem 0x00000000116A16C0
[2014.12.13-23.29.59:849][919]Cmd: OBJ SAVEPACKAGE PACKAGE="/Game/Maps/FinalLevel" FILE="../../../../../Study-Session/Trial_third_person 4.6/Saved/Autosaves/Game/Maps/UEDPCFinalLevel.umap" SILENT=true AUTOSAVING=true KEEPDIRTY=true
[2014.12.13-23.29.59:964][919]LogSavePackage: Save=97.621872ms
[2014.12.13-23.29.59:965][919]LogSavePackage: Moving '../../../../../Study-Session/Trial_third_person 4.6/Saved/UEDPCFinalLevelA6BA73654FCDAEFC5CE5729FB711E72A.tmp' to '../../../../../Study-Session/Trial_third_person 4.6/Saved/Autosaves/Game/Maps/UEDPCFinalLevel.umap'
[2014.12.13-23.30.00:798][951]Cmd: OBJ SAVEPACKAGE PACKAGE="/Game/Maps/FinalLevel" FILE="../../../../../Study-Session/Trial_third_person 4.6/Saved/Autosaves/Game/Maps/UEDPCFinalLevel.umap" SILENT=true AUTOSAVING=true KEEPDIRTY=true
[2014.12.13-23.30.00:934][951]LogSavePackage: Save=119.286026ms
[2014.12.13-23.30.00:934][951]LogSavePackage: Moving '../../../../../Study-Session/Trial_third_person 4.6/Saved/UEDPCFinalLevel6D84270A498821AB917B24AFA4318DE6.tmp' to '../../../../../Study-Session/Trial_third_person 4.6/Saved/Autosaves/Game/Maps/UEDPCFinalLevel.umap'
[2014.12.13-23.31.00:732][349]LogEditorViewport: Clicking on Actor (LMB): StaticMeshActor (SM_Template_Map_Floor_4)
[2014.12.13-23.31.00:758][349]LogPropertyNode:Warning: UI Min (0.001) >= UI Max () for Ranged Numeric
[2014.12.13-23.31.00:798][349]LogPropertyNode:Warning: UI Min (0.001) >= UI Max () for Ranged Numeric
[2014.12.13-23.31.02:641][410]Cmd: OBJ SAVEPACKAGE PACKAGE="/Game/Maps/FinalLevel" FILE="../../../../../Study-Session/Trial_third_person 4.6/Saved/Autosaves/Game/Maps/UEDPCFinalLevel.umap" SILENT=true AUTOSAVING=true KEEPDIRTY=true
[2014.12.13-23.31.02:763][410]LogSavePackage: Save=106.864296ms
[2014.12.13-23.31.02:763][410]LogSavePackage: Moving '../../../../../Study-Session/Trial_third_person 4.6/Saved/UEDPCFinalLevel8617D4DF458A365D73732E8AE0611BA7.tmp' to '../../../../../Study-Session/Trial_third_person 4.6/Saved/Autosaves/Game/Maps/UEDPCFinalLevel.umap'
[2014.12.13-23.32.20:611][927]LogEditorViewport: Clicking on Actor (LMB): Mixamo_Maw_C (Mixamo_Maw)
[2014.12.13-23.32.20:644][927]LogPropertyNode:Warning: UI Min (0.001) >= UI Max () for Ranged Numeric
[2014.12.13-23.32.20:645][927]LogPropertyNode:Warning: UI Min (0.001) >= UI Max () for Ranged Numeric
[2014.12.13-23.32.21:354][948]LogEditorViewport: Clicking on Actor (context menu): Mixamo_Maw_C (Mixamo_Maw)
[2014.12.13-23.32.21:387][948]LogPropertyNode:Warning: UI Min (0.001) >= UI Max () for Ranged Numeric
[2014.12.13-23.32.21:388][948]LogPropertyNode:Warning: UI Min (0.001) >= UI Max () for Ranged Numeric
[2014.12.13-23.32.24:517][ 47]LogPropertyNode:Warning: UI Min (0.001) >= UI Max () for Ranged Numeric
[2014.12.13-23.32.24:518][ 47]LogPropertyNode:Warning: UI Min (0.001) >= UI Max () for Ranged Numeric
[2014.12.13-23.32.24:590][ 47]LogPropertyNode:Warning: UI Min (0.001) >= UI Max () for Ranged Numeric
[2014.12.13-23.32.24:591][ 47]LogPropertyNode:Warning: UI Min (0.001) >= UI Max () for Ranged Numeric
[2014.12.13-23.32.24:642][ 47]LogPropertyNode:Warning: UI Min (0.001) >= UI Max () for Ranged Numeric
[2014.12.13-23.32.24:643][ 47]LogPropertyNode:Warning: UI Min (0.001) >= UI Max () for Ranged Numeric
[2014.12.13-23.32.50:960][680]LogContentBrowser:Verbose: The content browser source was changed by the sources view to '/Game/Blueprints'
[2014.12.13-23.32.58:057][950]LogActorComponent: UnregisterComponent: (/Engine/Transient.CharacterMovementComponent_0) Not registered. Aborting.
[2014.12.13-23.32.58:058][950]LogActorComponent: UnregisterComponent: (/Engine/Transient.ProjectileMovementComponent_0) Not registered. Aborting.
[2014.12.13-23.32.58:058][950]LogActorComponent: UnregisterComponent: (/Engine/Transient.CharacterMovementComponent_1) Not registered. Aborting.
[2014.12.13-23.32.58:058][950]LogActorComponent: UnregisterComponent: (/Engine/Transient.PawnSensingComponent_0) Not registered. Aborting.
[2014.12.13-23.32.59:023][951]Cmd: QUIT_EDITOR
[2014.12.13-23.32.59:709][951]LogExit: Preparing to exit.
[2014.12.13-23.33.00:674][951]LogExit: Editor shut down
[2014.12.13-23.33.00:674][951]LogExit: Transaction tracking system shut down
[2014.12.13-23.33.00:675][951]LogParticles: Destroying 0 GPU particle simulations for FXSystem 0x000000001DCB44A0
[2014.12.13-23.33.00:676][951]LogParticles: Destroying 0 GPU particle simulations for FXSystem 0x00000000194EFD80
[2014.12.13-23.33.00:678][951]LogParticles: Destroying 0 GPU particle simulations for FXSystem 0x000000001DFAF4C0
[2014.12.13-23.33.00:679][951]LogParticles: Destroying 0 GPU particle simulations for FXSystem 0x00000000114DDEE0
[2014.12.13-23.33.00:679][951]LogParticles: Destroying 0 GPU particle simulations for FXSystem 0x000000001DFAE160
[2014.12.13-23.33.00:679][951]LogParticles: Destroying 0 GPU particle simulations for FXSystem 0x000000001E0C2A20
[2014.12.13-23.33.00:679][951]LogParticles: Destroying 0 GPU particle simulations for FXSystem 0x000000002E7F8360
[2014.12.13-23.33.00:732][951]LogExit: Object subsystem successfully closed.
[2014.12.13-23.33.00:785][951]LogModuleManager: Shutting down and abandoning module AndroidDeviceDetection (172)
[2014.12.13-23.33.00:785][951]LogModuleManager: Shutting down and abandoning module CrashTracker (171)
[2014.12.13-23.33.00:785][951]LogModuleManager: Shutting down and abandoning module SuperSearch (170)
[2014.12.13-23.33.00:785][951]LogModuleManager: Shutting down and abandoning module SceneOutliner (169)
[2014.12.13-23.33.00:785][951]LogModuleManager: Shutting down and abandoning module EditorWidgets (168)
[2014.12.13-23.33.00:785][951]LogModuleManager: Shutting down and abandoning module CollectionManager (167)
[2014.12.13-23.33.00:785][951]LogModuleManager: Shutting down and abandoning module StatsViewer (166)
[2014.12.13-23.33.00:785][951]LogModuleManager: Shutting down and abandoning module FoliageEdit (165)
[2014.12.13-23.33.00:785][951]LogModuleManager: Shutting down and abandoning module LandscapeEditor (164)
[2014.12.13-23.33.00:785][951]LogModuleManager: Shutting down and abandoning module MeshPaint (163)
[2014.12.13-23.33.00:785][951]LogModuleManager: Shutting down and abandoning module ActorPickerMode (162)
[2014.12.13-23.33.00:785][951]LogModuleManager: Shutting down and abandoning module GeometryMode (161)
[2014.12.13-23.33.00:785][951]LogModuleManager: Shutting down and abandoning module TextureAlignMode (160)
[2014.12.13-23.33.00:785][951]LogModuleManager: Shutting down and abandoning module BspMode (159)
[2014.12.13-23.33.00:785][951]LogModuleManager: Shutting down and abandoning module PlacementMode (158)
[2014.12.13-23.33.00:785][951]LogModuleManager: Shutting down and abandoning module AutomationWorker (157)
[2014.12.13-23.33.00:785][951]LogModuleManager: Shutting down and abandoning module CharacterAI (156)
[2014.12.13-23.33.00:785][951]LogModuleManager: Shutting down and abandoning module GameProjectGeneration (155)
[2014.12.13-23.33.00:785][951]LogModuleManager: Shutting down and abandoning module IntroTutorials (154)
[2014.12.13-23.33.00:785][951]LogModuleManager: Shutting down and abandoning module EditorLiveStreaming (153)
[2014.12.13-23.33.00:785][951]LogModuleManager: Shutting down and abandoning module HardwareTargeting (152)
[2014.12.13-23.33.00:785][951]LogModuleManager: Shutting down and abandoning module DeviceProfileEditor (151)
[2014.12.13-23.33.00:785][951]LogModuleManager: Shutting down and abandoning module UndoHistory (150)
[2014.12.13-23.33.00:785][951]LogModuleManager: Shutting down and abandoning module GameplayTagsEditor (149)
[2014.12.13-23.33.00:785][951]LogModuleManager: Shutting down and abandoning module UserFeedback (148)
[2014.12.13-23.33.00:785][951]LogModuleManager: Shutting down and abandoning module XmlParser (147)
[2014.12.13-23.33.00:785][951]LogModuleManager: Shutting down and abandoning module Blutility (146)
[2014.12.13-23.33.00:785][951]LogModuleManager: Shutting down and abandoning module IOSPlatformEditor (145)
[2014.12.13-23.33.00:785][951]LogModuleManager: Shutting down and abandoning module IOSRuntimeSettings (144)
[2014.12.13-23.33.00:785][951]LogModuleManager: Shutting down and abandoning module AndroidPlatformEditor (143)
[2014.12.13-23.33.00:785][951]LogModuleManager: Shutting down and abandoning module AndroidRuntimeSettings (142)
[2014.12.13-23.33.00:785][951]LogModuleManager: Shutting down and abandoning module ProjectTargetPlatformEditor (141)
[2014.12.13-23.33.00:786][951]LogModuleManager: Shutting down and abandoning module ProjectSettingsViewer (140)
[2014.12.13-23.33.00:786][951]LogModuleManager: Shutting down and abandoning module InputBindingEditor (139)
[2014.12.13-23.33.00:786][951]LogModuleManager: Shutting down and abandoning module EditorSettingsViewer (138)
[2014.12.13-23.33.00:786][951]LogModuleManager: Shutting down and abandoning module SettingsEditor (137)
[2014.12.13-23.33.00:786][951]LogModuleManager: Shutting down and abandoning module ProjectLauncher (136)
[2014.12.13-23.33.00:786][951]LogModuleManager: Shutting down and abandoning module SessionFrontend (135)
[2014.12.13-23.33.00:786][951]LogModuleManager: Shutting down and abandoning module ProfilerClient (134)
[2014.12.13-23.33.00:786][951]LogModuleManager: Shutting down and abandoning module TargetDeviceServices (133)
[2014.12.13-23.33.00:786][951]LogModuleManager: Shutting down and abandoning module DeviceManager (132)
[2014.12.13-23.33.00:786][951]LogModuleManager: Shutting down and abandoning module AutomationController (131)
[2014.12.13-23.33.00:786][951]LogModuleManager: Shutting down and abandoning module AutomationWindow (130)
[2014.12.13-23.33.00:786][951]LogModuleManager: Shutting down and abandoning module Layers (129)
[2014.12.13-23.33.00:786][951]LogModuleManager: Shutting down and abandoning module ComponentVisualizers (128)
[2014.12.13-23.33.00:786][951]LogModuleManager: Shutting down and abandoning module DetailCustomizations (127)
[2014.12.13-23.33.00:786][951]LogModuleManager: Shutting down and abandoning module PackagesDialog (126)
[2014.12.13-23.33.00:786][951]LogModuleManager: Shutting down and abandoning module AssetRegistry (125)
[2014.12.13-23.33.00:869][951]LogModuleManager: Shutting down and abandoning module Persona (124)
[2014.12.13-23.33.00:869][951]LogModuleManager: Shutting down and abandoning module Kismet (123)
[2014.12.13-23.33.00:869][951]LogModuleManager: Shutting down and abandoning module GraphEditor (122)
[2014.12.13-23.33.00:869][951]LogModuleManager: Shutting down and abandoning module ClassViewer (121)
[2014.12.13-23.33.00:869][951]LogModuleManager: Shutting down and abandoning module Toolbox (120)
[2014.12.13-23.33.00:869][951]LogModuleManager: Shutting down and abandoning module ModuleUI (119)
[2014.12.13-23.33.00:869][951]LogModuleManager: Shutting down and abandoning module MovieSceneTools (118)
[2014.12.13-23.33.00:869][951]LogModuleManager: Shutting down and abandoning module OutputLog (117)
[2014.12.13-23.33.00:869][951]LogModuleManager: Shutting down and abandoning module GammaUI (116)
[2014.12.13-23.33.00:869][951]LogModuleManager: Shutting down and abandoning module Documentation (115)
[2014.12.13-23.33.00:869][951]LogModuleManager: Shutting down and abandoning module GameLiveStreaming (114)
[2014.12.13-23.33.00:869][951]LogModuleManager: Shutting down and abandoning module StreamingPauseRendering (113)
[2014.12.13-23.33.00:869][951]LogModuleManager: Shutting down and abandoning module HTTP (112)
[2014.12.13-23.33.00:869][951]LogModuleManager: Shutting down and abandoning module AnalyticsET (111)
[2014.12.13-23.33.00:869][951]LogModuleManager: Shutting down and abandoning module Analytics (110)
[2014.12.13-23.33.00:869][951]LogModuleManager: Shutting down and abandoning module AITestSuite (109)
[2014.12.13-23.33.00:869][951]LogModuleManager: Shutting down and abandoning module AIModule (108)
[2014.12.13-23.33.00:869][951]LogModuleManager: Shutting down and abandoning module ProfilerService (107)
[2014.12.13-23.33.00:998][951]LogModuleManager: Shutting down and abandoning module TaskGraph (106)
[2014.12.13-23.33.00:998][951]LogModuleManager: Shutting down and abandoning module GameplayDebugger (105)
[2014.12.13-23.33.00:998][951]LogModuleManager: Shutting down and abandoning module SlateRemote (104)
[2014.12.13-23.33.00:998][951]LogModuleManager: Shutting down and abandoning module ScriptEditorPlugin (103)
[2014.12.13-23.33.00:998][951]LogModuleManager: Shutting down and abandoning module CustomMeshComponent (102)
[2014.12.13-23.33.00:998][951]LogModuleManager: Shutting down and abandoning module CableComponent (101)
[2014.12.13-23.33.00:998][951]LogModuleManager: Shutting down and abandoning module MessagingDebugger (100)
[2014.12.13-23.33.00:998][951]LogModuleManager: Shutting down and abandoning module MediaPlayerEditor (99)
[2014.12.13-23.33.00:998][951]LogModuleManager: Shutting down and abandoning module SpeedTreeImporter (98)
[2014.12.13-23.33.00:998][951]LogModuleManager: Shutting down and abandoning module PluginsEditor (97)
[2014.12.13-23.33.00:998][951]LogModuleManager: Shutting down and abandoning module EpicSurvey (96)
[2014.12.13-23.33.00:998][951]LogModuleManager: Shutting down and abandoning module DesktopPlatform (95)
[2014.12.13-23.33.00:998][951]LogModuleManager: Shutting down and abandoning module VisualStudioSourceCodeAccess (94)
[2014.12.13-23.33.00:998][951]LogModuleManager: Shutting down and abandoning module UObjectPlugin (93)
[2014.12.13-23.33.00:998][951]LogModuleManager: Shutting down and abandoning module SubversionSourceControl (92)
[2014.12.13-23.33.00:998][951]LogModuleManager: Shutting down and abandoning module SourceControl (91)
[2014.12.13-23.33.00:998][951]LogModuleManager: Shutting down and abandoning module PerforceSourceControl (90)
[2014.12.13-23.33.00:998][951]LogModuleManager: Shutting down and abandoning module BlankPlugin (89)
[2014.12.13-23.33.00:998][951]LogModuleManager: Shutting down and abandoning module SlateReflector (88)
[2014.12.13-23.33.00:998][951]LogModuleManager: Shutting down and abandoning module DirectoryWatcher (87)
[2014.12.13-23.33.00:998][951]LogModuleManager: Shutting down and abandoning module HotReload (86)
[2014.12.13-23.33.00:998][951]LogModuleManager: Shutting down and abandoning module MainFrame (85)
[2014.12.13-23.33.00:998][951]LogModuleManager: Shutting down and abandoning module LevelEditor (84)
[2014.12.13-23.33.01:000][951]LogModuleManager: Shutting down and abandoning module ViewportSnapping (83)
[2014.12.13-23.33.01:000][951]LogModuleManager: Shutting down and abandoning module SmartSnapping (82)
[2014.12.13-23.33.01:000][951]LogModuleManager: Shutting down and abandoning module PaperTiledImporter (81)
[2014.12.13-23.33.01:000][951]LogModuleManager: Shutting down and abandoning module PaperJsonImporter (80)
[2014.12.13-23.33.01:000][951]LogModuleManager: Shutting down and abandoning module ContentBrowser (79)
[2014.12.13-23.33.01:000][951]LogModuleManager: Shutting down and abandoning module Paper2DEditor (78)
[2014.12.13-23.33.01:000][951]LogModuleManager: Shutting down and abandoning module ScriptPlugin (77)
[2014.12.13-23.33.01:000][951]LogModuleManager: Shutting down and abandoning module UdpMessaging (76)
[2014.12.13-23.33.01:100][951]LogModuleManager: Shutting down and abandoning module Paper2D (75)
[2014.12.13-23.33.01:100][951]LogModuleManager: Shutting down and abandoning module UE4Game (74)
[2014.12.13-23.33.01:100][951]LogModuleManager: Shutting down and abandoning module WindowsMoviePlayer (73)
[2014.12.13-23.33.01:108][951]LogModuleManager: Shutting down and abandoning module Media (72)
[2014.12.13-23.33.01:108][951]LogModuleManager: Shutting down and abandoning module WmfMedia (71)
[2014.12.13-23.33.01:108][951]LogModuleManager: Shutting down and abandoning module OnlineBlueprintSupport (70)
[2014.12.13-23.33.01:108][951]LogModuleManager: Shutting down and abandoning module PropertyEditor (69)
[2014.12.13-23.33.01:108][951]LogModuleManager: Shutting down and abandoning module BehaviorTreeEditor (68)
[2014.12.13-23.33.01:108][951]LogModuleManager: Shutting down and abandoning module FunctionalTesting (67)
[2014.12.13-23.33.01:108][951]LogModuleManager: Shutting down and abandoning module CollisionAnalyzer (66)
[2014.12.13-23.33.01:108][951]LogModuleManager: Shutting down and abandoning module WorkspaceMenuStructure (65)
[2014.12.13-23.33.01:108][951]LogModuleManager: Shutting down and abandoning module MessageLog (64)
[2014.12.13-23.33.01:108][951]LogModuleManager: Shutting down and abandoning module Sequencer (63)
[2014.12.13-23.33.01:108][951]LogModuleManager: Shutting down and abandoning module AssetTools (62)
[2014.12.13-23.33.01:108][951]LogModuleManager: Shutting down and abandoning module UMGEditor (61)
[2014.12.13-23.33.01:108][951]LogModuleManager: Shutting down and abandoning module UMG (60)
[2014.12.13-23.33.01:108][951]LogModuleManager: Shutting down and abandoning module Slate (59)
[2014.12.13-23.33.01:108][951]LogModuleManager: Shutting down and abandoning module EditorStyle (58)
[2014.12.13-23.33.01:112][951]LogModuleManager: Shutting down and abandoning module SessionServices (57)
[2014.12.13-23.33.01:112][951]LogModuleManager: Shutting down and abandoning module SourceCodeAccess (56)
[2014.12.13-23.33.01:112][951]LogModuleManager: Shutting down and abandoning module HeadMountedDisplay (55)
[2014.12.13-23.33.01:112][951]LogModuleManager: Shutting down and abandoning module XAudio2 (54)
[2014.12.13-23.33.01:112][951]LogModuleManager: Shutting down and abandoning module Networking (52)
[2014.12.13-23.33.01:112][951]LogModuleManager: Shutting down and abandoning module Core (51)
[2014.12.13-23.33.01:112][951]LogModuleManager: Shutting down and abandoning module KismetCompiler (50)
[2014.12.13-23.33.01:112][951]LogModuleManager: Shutting down and abandoning module PhysXFormats (49)
[2014.12.13-23.33.01:112][951]LogModuleManager: Shutting down and abandoning module MeshUtilities (48)
[2014.12.13-23.33.01:112][951]LogModuleManager: Shutting down and abandoning module DerivedDataCache (47)
[2014.12.13-23.33.01:155][951]LogDerivedDataCache: Shutdown
[2014.12.13-23.33.01:155][951]LogModuleManager: Shutting down and abandoning module ShaderFormatOpenGL (46)
[2014.12.13-23.33.01:155][951]LogModuleManager: Shutting down and abandoning module ShaderFormatD3D (45)
[2014.12.13-23.33.01:155][951]LogModuleManager: Shutting down and abandoning module MetalShaderFormat (44)
[2014.12.13-23.33.01:155][951]LogModuleManager: Shutting down and abandoning module TextureFormatUncompressed (43)
[2014.12.13-23.33.01:155][951]LogModuleManager: Shutting down and abandoning module TextureFormatPVR (42)
[2014.12.13-23.33.01:155][951]LogModuleManager: Shutting down and abandoning module TextureFormatDXT (41)
[2014.12.13-23.33.01:155][951]LogModuleManager: Shutting down and abandoning module TextureFormatAndroid (40)
[2014.12.13-23.33.01:155][951]LogModuleManager: Shutting down and abandoning module AudioFormatOpus (39)
[2014.12.13-23.33.01:155][951]LogModuleManager: Shutting down and abandoning module AudioFormatOgg (38)
[2014.12.13-23.33.01:155][951]LogModuleManager: Shutting down and abandoning module AudioFormatADPCM (37)
[2014.12.13-23.33.01:155][951]LogModuleManager: Shutting down and abandoning module LinuxTargetPlatform (36)
[2014.12.13-23.33.01:155][951]LogModuleManager: Shutting down and abandoning module LinuxServerTargetPlatform (35)
[2014.12.13-23.33.01:155][951]LogModuleManager: Shutting down and abandoning module LinuxNoEditorTargetPlatform (34)
[2014.12.13-23.33.01:155][951]LogModuleManager: Shutting down and abandoning module Messaging (33)
[2014.12.13-23.33.01:155][951]LogModuleManager: Shutting down and abandoning module IOSTargetPlatform (32)
[2014.12.13-23.33.01:155][951]LogModuleManager: Shutting down and abandoning module Android_PVRTCTargetPlatform (31)
[2014.12.13-23.33.01:155][951]LogModuleManager: Shutting down and abandoning module Android_ETC2TargetPlatform (30)
[2014.12.13-23.33.01:155][951]LogModuleManager: Shutting down and abandoning module Android_ETC1TargetPlatform (29)
[2014.12.13-23.33.01:155][951]LogModuleManager: Shutting down and abandoning module Android_DXTTargetPlatform (28)
[2014.12.13-23.33.01:155][951]LogModuleManager: Shutting down and abandoning module Android_ATCTargetPlatform (27)
[2014.12.13-23.33.01:155][951]LogModuleManager: Shutting down and abandoning module AndroidTargetPlatform (26)
[2014.12.13-23.33.01:155][951]LogModuleManager: Shutting down and abandoning module WindowsTargetPlatform (25)
[2014.12.13-23.33.01:155][951]LogModuleManager: Shutting down and abandoning module WindowsServerTargetPlatform (24)
[2014.12.13-23.33.01:155][951]LogModuleManager: Shutting down and abandoning module WindowsNoEditorTargetPlatform (23)
[2014.12.13-23.33.01:155][951]LogModuleManager: Shutting down and abandoning module WindowsClientTargetPlatform (22)
[2014.12.13-23.33.01:155][951]LogModuleManager: Shutting down and abandoning module TargetPlatform (21)
[2014.12.13-23.33.01:155][951]LogModuleManager: Shutting down and abandoning module InputCore (20)
[2014.12.13-23.33.01:155][951]LogModuleManager: Shutting down and abandoning module Settings (19)
[2014.12.13-23.33.01:155][951]LogModuleManager: Shutting down and abandoning module ImageWrapper (18)
[2014.12.13-23.33.01:155][951]LogModuleManager: Shutting down and abandoning module OculusRift (15)
[2014.12.13-23.33.01:155][951]LogModuleManager: Shutting down and abandoning module ExampleDeviceProfileSelector (14)
[2014.12.13-23.33.01:155][951]LogModuleManager: Shutting down and abandoning module TextureCompressor (13)
[2014.12.13-23.33.01:155][951]LogModuleManager: Shutting down and abandoning module ShaderCore (12)
[2014.12.13-23.33.01:155][951]LogModuleManager: Shutting down and abandoning module Landscape (11)
[2014.12.13-23.33.01:155][951]LogModuleManager: Shutting down and abandoning module SlateRHIRenderer (10)
[2014.12.13-23.33.01:156][951]LogModuleManager: Shutting down and abandoning module OpenGLDrv (9)
[2014.12.13-23.33.01:156][951]LogModuleManager: Shutting down and abandoning module D3D11RHI (8)
[2014.12.13-23.33.01:156][951]LogModuleManager: Shutting down and abandoning module Renderer (7)
[2014.12.13-23.33.01:156][951]LogModuleManager: Shutting down and abandoning module Engine (6)
[2014.12.13-23.33.01:156][951]LogModuleManager: Shutting down and abandoning module CoreUObject (5)
[2014.12.13-23.33.01:156][951]LogModuleManager: Shutting down and abandoning module NetworkFile (4)
[2014.12.13-23.33.01:156][951]LogModuleManager: Shutting down and abandoning module StreamingFile (3)
[2014.12.13-23.33.01:156][951]LogModuleManager: Shutting down and abandoning module SandboxFile (2)
[2014.12.13-23.33.01:156][951]LogModuleManager: Shutting down and abandoning module PakFile (1)
[2014.12.13-23.33.01:157][951]LogExit: Exiting.
[2014.12.13-23.33.01:161][951]Log file closed, 12/13/14 15:33:01
