Log file open, 12/14/14 01:01:37
LogInit:Display: Running engine for game: Trial_third_person
LogInit: Version: 4.6.0-2369412+++depot+UE4-Releases+4.6
LogInit: API Version: 2369412
LogInit: Compiled (64-bit): Nov 24 2014 21:54:04
LogInit: Compiled with Visual C++: 18.00.21005.01
LogInit: Build Configuration: Development
LogInit: Branch Name: ++depot+UE4-Releases+4.6
LogInit: Command line:  /Temp/Autosaves/Game/Maps/UEDPCLivingRoom -game -PIEVIACONSOLE -ResX=1280 -ResY=720  -Multiprocess 
LogInit: Base directory: D:/Epic Games/4.6/Engine/Binaries/Win64/
LogInit: Rocket: 1
[2014.12.14-09.01.37:162][  0]LogTaskGraph: Started task graph with 3 named threads and 4 total threads.
[2014.12.14-09.01.37:215][  0]LogOnline:Warning: No default platform service specified for OnlineSubsystem
[2014.12.14-09.01.37:278][  0]LogInit: Presizing for 0 objects not considered by GC, pre-allocating 0 bytes.
[2014.12.14-09.01.37:307][  0]LogInit: Object subsystem initialized
[2014.12.14-09.01.37:314][  0]LogConsoleResponse:Warning: Skipping Unknown console variable: 'UIScaleCurve = (EditorCurveData=(Keys=((Time=480.000000,Value=0.444000),(Time=720.000000,Value=0.666000),(Time=1080.000000,Value=1.000000),(Time=8640.000000,Value=8.000000))),ExternalCurve=None)'
[2014.12.14-09.01.37:314][  0]LogConsoleResponse:Warning:   Found in ini file 'D:/Study-Session/Trial_third_person 4.6/Saved/Config/Windows/Engine.ini', in section '[/Script/Engine.RendererSettings]'
[2014.12.14-09.01.37:315][  0]LogConsoleManager:Warning: Console variable 'r.MSAA.CompositingSampleCount' wasn't set (Priority ProjectSetting < Scalability)
[2014.12.14-09.01.37:316][  0]LogInit: Selected Device Profile: [Windows]
[2014.12.14-09.01.37:316][  0]LogInit: Applying CVar settings loaded from the selected device profile: [Windows]
[2014.12.14-09.01.37:492][  0]LogInit: Computer: ZEN-MATT
[2014.12.14-09.01.37:492][  0]LogInit: User: Matt
[2014.12.14-09.01.37:492][  0]LogInit: CPU Page size=4096, Cores=2
[2014.12.14-09.01.37:492][  0]LogInit: High frequency timer resolution =2.338564 MHz
[2014.12.14-09.01.37:492][  0]LogMemory: Memory total: Physical=3.9GB (4GB approx) Virtual=8192.0GB
[2014.12.14-09.01.37:493][  0]LogMemory: Platform Memory Stats for Windows
[2014.12.14-09.01.37:493][  0]LogMemory: Process Physical Memory: 49.92 MB used, 49.92 MB peak
[2014.12.14-09.01.37:493][  0]LogMemory: Process Virtual Memory: 26.43 MB used, 26.43 MB peak
[2014.12.14-09.01.37:493][  0]LogMemory: Physical Memory: 3121.84 MB used, 3981.98 MB total
[2014.12.14-09.01.37:493][  0]LogMemory: Virtual Memory: 262.45 MB used, 8388608.00 MB total
[2014.12.14-09.01.37:576][  0]LogD3D11RHI: Found D3D11 adapter 0: Intel(R) HD Graphics 4000 (Feature Level 11_0)
[2014.12.14-09.01.37:576][  0]LogD3D11RHI: Adapter has 64MB of dedicated video memory, 0MB of dedicated system memory, and 1632MB of shared system memory, 1 output[s]
[2014.12.14-09.01.37:576][  0]LogD3D11RHI: Chosen D3D11 Adapter Id = 0
[2014.12.14-09.01.37:592][  0]LogRHI: Texture pool is 616 MB (70% of 880 MB)
[2014.12.14-09.01.37:622][  0]LogD3D11RHI: Async texture creation enabled
[2014.12.14-09.01.37:732][  0]LogTextLocalizationManager: The requested culture ('en_US') has no localization data; parent culture's ('en') localization data will be used.
[2014.12.14-09.01.38:128][  0]LogContentStreaming: Texture pool size is 400.000000MB
[2014.12.14-09.01.49:669][  0]LogTargetPlatformManager:Display: Building Assets For Windows
[2014.12.14-09.01.50:538][  0]LogTargetPlatformManager:Display: Building Assets For Windows
[2014.12.14-09.01.50:636][  0]LogDerivedDataCache:Display: Max Cache Size: 512 MB
[2014.12.14-09.01.50:699][  0]LogDerivedDataCache: Loaded boot cache 0.06s 39MB C:/Users/Matt/AppData/Local/UnrealEngine/4.6/DerivedDataCache/Boot.ddc.
[2014.12.14-09.01.50:699][  0]LogDerivedDataCache:Display: Loaded Boot cache: C:/Users/Matt/AppData/Local/UnrealEngine/4.6/DerivedDataCache/Boot.ddc
[2014.12.14-09.01.50:699][  0]LogDerivedDataCache: FDerivedDataBackendGraph:  Pak pak cache file ../../../../../Study-Session/Trial_third_person 4.6/DerivedDataCache/DDC.ddp not found, will not use a pak cache.
[2014.12.14-09.01.50:699][  0]LogDerivedDataCache: Unable to find inner node Pak for hierarchical cache Hierarchy.
[2014.12.14-09.01.50:825][  0]LogDerivedDataCache:Display: Pak cache opened for reading ../../../Engine/DerivedDataCache/DDC.ddp.
[2014.12.14-09.01.50:838][  0]LogDerivedDataCache: Using Local data cache path C:/Users/Matt/AppData/Local/UnrealEngine/Common/DerivedDataCache: Writable
[2014.12.14-09.01.51:053][  0]LogCollisionProfile:Warning: Profile (UI) - Custom Channel Name = 'Weapon' hasn't been found
[2014.12.14-09.01.51:261][  0]LogMeshUtilities: No automatic mesh reduction module available
[2014.12.14-09.01.51:262][  0]LogMeshUtilities: No automatic mesh merging module available
[2014.12.14-09.01.51:814][  0]LogInit: WinSock: version 1.1 (2.2), MaxSocks=32767, MaxUdp=65467
[2014.12.14-09.01.51:937][  0]LogSlate:Warning: Failed to load font data from '../../../Engine/Content/Slate/Fonts/Roboto-Italic.ttf'
[2014.12.14-09.01.53:360][  0]LogWindowsMoviePlayer: Unable to load movie: ../../../../../Study-Session/Trial_third_person 4.6/Content/Movies/Default_Startup.mp4
[2014.12.14-09.01.53:589][  0]SourceControl: Info Source control is disabled
[2014.12.14-09.01.53:589][  0]SourceControl: Info Source control is disabled
[2014.12.14-09.01.53:603][  0]SourceControl: Info Source control is disabled
[2014.12.14-09.01.53:675][  0]LogDirectoryWatcher:Warning: Failed to begin reading directory changes for D:/Study-Session/Trial_third_person 4.6/Binaries/Win64. Error: 0
[2014.12.14-09.01.53:768][  0]LogObj: 23338 objects as part of root set at end of initial load.
[2014.12.14-09.01.53:768][  0]LogUObjectAllocator: 4907960 out of 0 bytes used by permanent object pool.
[2014.12.14-09.01.53:857][  0]LogAutomationTest:Warning: ERR: Transient text cannot be serialized "Testing Transient serialization detection".
[2014.12.14-09.01.53:857][  0]LogEngine: Initializing Engine...
[2014.12.14-09.01.55:858][  0]LogHMD:Warning: No Oculus HMD detected! Is Oculus Run-Time installed and service is running?
[2014.12.14-09.01.55:868][  0]LogHMD: Oculus shutdown.
[2014.12.14-09.01.56:070][  0]LogInit: XAudio2 using 'Speakers (Realtek High Definition Audio)' : 2 channels at 48 kHz using 32 bits per sample (channel mask 0x3)
[2014.12.14-09.01.56:085][  0]LogInit: FAudioDevice initialized.
[2014.12.14-09.01.56:089][  0]LogInit: Texture streaming: Enabled
[2014.12.14-09.01.56:208][  0]LogAnalytics: Creating configured Analytics provider AnalyticsET
[2014.12.14-09.01.56:208][  0]LogAnalytics: ET APIKey = Rocket.Release. APIServer = http://et2.epicgames.com/ET2/. AppVersion = 4.6.0-2369412+++depot+UE4-Releases+4.6
[2014.12.14-09.01.56:210][  0]LogAnalytics: SetUserId b937dce5ae765bb63e01423e2a49fda4
[2014.12.14-09.01.56:210][  0]LogAnalytics: AnalyticsET::StartSession [Rocket.Release]
[2014.12.14-09.01.56:248][  0]LogConsoleManager:Warning: Console variable 'r.VSync' wasn't set (Priority Code < GameSetting)
[2014.12.14-09.01.56:248][  0]LogNet: Browse: /Temp/Autosaves/Game/Maps/UEDPCLivingRoom?Name=Player
[2014.12.14-09.01.56:248][  0]LogLoad: LoadMap: /Temp/Autosaves/Game/Maps/UEDPCLivingRoom?Name=Player
[2014.12.14-09.01.56:277][  0]LogMemory: Platform Memory Stats for Windows
[2014.12.14-09.01.56:277][  0]LogMemory: Process Physical Memory: 331.19 MB used, 334.05 MB peak
[2014.12.14-09.01.56:277][  0]LogMemory: Process Virtual Memory: 353.27 MB used, 356.12 MB peak
[2014.12.14-09.01.56:277][  0]LogMemory: Physical Memory: 3300.39 MB used, 3981.98 MB total
[2014.12.14-09.01.56:277][  0]LogMemory: Virtual Memory: 770.95 MB used, 8388608.00 MB total
[2014.12.14-09.01.56:277][  0]LogMemory: 
[2014.12.14-09.01.56:277][  0]Allocator Stats for TBB: (not implemented)
[2014.12.14-09.01.58:390][  0]LogLinker:Warning: Can't find file '/Game/ArchVis/Textures/T_Shelving_N'
[2014.12.14-09.01.58:390][  0]LoadErrors: Info Failed to load /Game/ArchVis/Textures/T_Shelving_N.T_Shelving_N Referenced by M_Shelving
[2014.12.14-09.01.58:390][  0]LogUObjectGlobals:Warning: Failed to load '/Game/ArchVis/Textures/T_Shelving_N': Can't find file '/Game/ArchVis/Textures/T_Shelving_N'
[2014.12.14-09.01.58:390][  0]LogLinker:Warning: Can't find file for asset '/Game/ArchVis/Textures/T_Shelving_N' while loading NULL.
[2014.12.14-09.01.58:390][  0]LoadErrors: Info Failed to load /Game/ArchVis/Textures/T_Shelving_N.T_Shelving_N Referenced by M_Shelving
[2014.12.14-09.01.58:390][  0]LogUObjectGlobals:Warning: Failed to load '/Game/ArchVis/Textures/T_Shelving_N': Can't find file for asset '/Game/ArchVis/Textures/T_Shelving_N' while loading NULL.
[2014.12.14-09.01.58:391][  0]LogLinker:Warning: Can't find file '/Game/ArchVis/Textures/T_Wood'
[2014.12.14-09.01.58:391][  0]LoadErrors: Info Failed to load /Game/ArchVis/Textures/T_Wood.T_Wood Referenced by M_Shelving
[2014.12.14-09.01.58:391][  0]LogUObjectGlobals:Warning: Failed to load '/Game/ArchVis/Textures/T_Wood': Can't find file '/Game/ArchVis/Textures/T_Wood'
[2014.12.14-09.01.58:391][  0]LogLinker:Warning: Can't find file for asset '/Game/ArchVis/Textures/T_Wood' while loading NULL.
[2014.12.14-09.01.58:391][  0]LoadErrors: Info Failed to load /Game/ArchVis/Textures/T_Wood.T_Wood Referenced by M_Shelving
[2014.12.14-09.01.58:391][  0]LogUObjectGlobals:Warning: Failed to load '/Game/ArchVis/Textures/T_Wood': Can't find file for asset '/Game/ArchVis/Textures/T_Wood' while loading NULL.
[2014.12.14-09.01.58:392][  0]LogLinker:Warning: Can't find file '/Game/ArchVis/Textures/T_Shelving_M'
[2014.12.14-09.01.58:392][  0]LoadErrors: Info Failed to load /Game/ArchVis/Textures/T_Shelving_M.T_Shelving_M Referenced by M_Shelving
[2014.12.14-09.01.58:392][  0]LogUObjectGlobals:Warning: Failed to load '/Game/ArchVis/Textures/T_Shelving_M': Can't find file '/Game/ArchVis/Textures/T_Shelving_M'
[2014.12.14-09.01.58:392][  0]LogLinker:Warning: Can't find file for asset '/Game/ArchVis/Textures/T_Shelving_M' while loading NULL.
[2014.12.14-09.01.58:392][  0]LoadErrors: Info Failed to load /Game/ArchVis/Textures/T_Shelving_M.T_Shelving_M Referenced by M_Shelving
[2014.12.14-09.01.58:392][  0]LogUObjectGlobals:Warning: Failed to load '/Game/ArchVis/Textures/T_Shelving_M': Can't find file for asset '/Game/ArchVis/Textures/T_Shelving_M' while loading NULL.
[2014.12.14-09.01.58:393][  0]LogLinker:Warning: Can't find file '/Game/ArchVis/Textures/T_Wood_S'
[2014.12.14-09.01.58:393][  0]LoadErrors: Info Failed to load /Game/ArchVis/Textures/T_Wood_S.T_Wood_S Referenced by M_Shelving
[2014.12.14-09.01.58:393][  0]LogUObjectGlobals:Warning: Failed to load '/Game/ArchVis/Textures/T_Wood_S': Can't find file '/Game/ArchVis/Textures/T_Wood_S'
[2014.12.14-09.01.58:393][  0]LogLinker:Warning: Can't find file for asset '/Game/ArchVis/Textures/T_Wood_S' while loading NULL.
[2014.12.14-09.01.58:393][  0]LoadErrors: Info Failed to load /Game/ArchVis/Textures/T_Wood_S.T_Wood_S Referenced by M_Shelving
[2014.12.14-09.01.58:393][  0]LogUObjectGlobals:Warning: Failed to load '/Game/ArchVis/Textures/T_Wood_S': Can't find file for asset '/Game/ArchVis/Textures/T_Wood_S' while loading NULL.
[2014.12.14-09.01.58:394][  0]LogLinker:Warning: Can't find file '/Game/ArchVis/Textures/T_Shelving_N'
[2014.12.14-09.01.58:394][  0]LoadErrors: Info Failed to load /Game/ArchVis/Textures/T_Shelving_N.T_Shelving_N Referenced by MaterialExpressionTextureSample_0
[2014.12.14-09.01.58:394][  0]LogUObjectGlobals:Warning: Failed to load '/Game/ArchVis/Textures/T_Shelving_N': Can't find file '/Game/ArchVis/Textures/T_Shelving_N'
[2014.12.14-09.01.58:394][  0]LogLinker:Warning: Can't find file for asset '/Game/ArchVis/Textures/T_Shelving_N' while loading NULL.
[2014.12.14-09.01.58:395][  0]LoadErrors: Info Failed to load /Game/ArchVis/Textures/T_Shelving_N.T_Shelving_N Referenced by MaterialExpressionTextureSample_0
[2014.12.14-09.01.58:395][  0]LogUObjectGlobals:Warning: Failed to load '/Game/ArchVis/Textures/T_Shelving_N': Can't find file for asset '/Game/ArchVis/Textures/T_Shelving_N' while loading NULL.
[2014.12.14-09.01.58:395][  0]LogLinker:Warning: Can't find file '/Game/ArchVis/Textures/T_Shelving_M'
[2014.12.14-09.01.58:395][  0]LoadErrors: Info Failed to load /Game/ArchVis/Textures/T_Shelving_M.T_Shelving_M Referenced by MaterialExpressionTextureSample_1
[2014.12.14-09.01.58:395][  0]LogUObjectGlobals:Warning: Failed to load '/Game/ArchVis/Textures/T_Shelving_M': Can't find file '/Game/ArchVis/Textures/T_Shelving_M'
[2014.12.14-09.01.58:396][  0]LogLinker:Warning: Can't find file for asset '/Game/ArchVis/Textures/T_Shelving_M' while loading NULL.
[2014.12.14-09.01.58:396][  0]LoadErrors: Info Failed to load /Game/ArchVis/Textures/T_Shelving_M.T_Shelving_M Referenced by MaterialExpressionTextureSample_1
[2014.12.14-09.01.58:396][  0]LogUObjectGlobals:Warning: Failed to load '/Game/ArchVis/Textures/T_Shelving_M': Can't find file for asset '/Game/ArchVis/Textures/T_Shelving_M' while loading NULL.
[2014.12.14-09.01.58:396][  0]LogLinker:Warning: Can't find file '/Game/ArchVis/Textures/T_Wood'
[2014.12.14-09.01.58:396][  0]LoadErrors: Info Failed to load /Game/ArchVis/Textures/T_Wood.T_Wood Referenced by MaterialExpressionTextureSample_4
[2014.12.14-09.01.58:397][  0]LogUObjectGlobals:Warning: Failed to load '/Game/ArchVis/Textures/T_Wood': Can't find file '/Game/ArchVis/Textures/T_Wood'
[2014.12.14-09.01.58:397][  0]LogLinker:Warning: Can't find file for asset '/Game/ArchVis/Textures/T_Wood' while loading NULL.
[2014.12.14-09.01.58:397][  0]LoadErrors: Info Failed to load /Game/ArchVis/Textures/T_Wood.T_Wood Referenced by MaterialExpressionTextureSample_4
[2014.12.14-09.01.58:397][  0]LogUObjectGlobals:Warning: Failed to load '/Game/ArchVis/Textures/T_Wood': Can't find file for asset '/Game/ArchVis/Textures/T_Wood' while loading NULL.
[2014.12.14-09.01.58:398][  0]LogLinker:Warning: Can't find file '/Game/ArchVis/Textures/T_Wood_S'
[2014.12.14-09.01.58:398][  0]LoadErrors: Info Failed to load /Game/ArchVis/Textures/T_Wood_S.T_Wood_S Referenced by MaterialExpressionTextureSample_5
[2014.12.14-09.01.58:398][  0]LogUObjectGlobals:Warning: Failed to load '/Game/ArchVis/Textures/T_Wood_S': Can't find file '/Game/ArchVis/Textures/T_Wood_S'
[2014.12.14-09.01.58:399][  0]LogLinker:Warning: Can't find file for asset '/Game/ArchVis/Textures/T_Wood_S' while loading NULL.
[2014.12.14-09.01.58:399][  0]LoadErrors: Info Failed to load /Game/ArchVis/Textures/T_Wood_S.T_Wood_S Referenced by MaterialExpressionTextureSample_5
[2014.12.14-09.01.58:399][  0]LogUObjectGlobals:Warning: Failed to load '/Game/ArchVis/Textures/T_Wood_S': Can't find file for asset '/Game/ArchVis/Textures/T_Wood_S' while loading NULL.
[2014.12.14-09.01.58:443][  0]LogLinker:Warning: Can't find file '/Game/ArchVis/Materials/M_CoffeTable_MAT_Inst'
[2014.12.14-09.01.58:443][  0]LoadErrors: Info Failed to load /Game/ArchVis/Materials/M_CoffeTable_MAT_Inst.M_CoffeTable_MAT_Inst Referenced by SM_CoffeeTable
[2014.12.14-09.01.58:443][  0]LogUObjectGlobals:Warning: Failed to load '/Game/ArchVis/Materials/M_CoffeTable_MAT_Inst': Can't find file '/Game/ArchVis/Materials/M_CoffeTable_MAT_Inst'
[2014.12.14-09.01.58:444][  0]LogLinker:Warning: Can't find file for asset '/Game/ArchVis/Materials/M_CoffeTable_MAT_Inst' while loading NULL.
[2014.12.14-09.01.58:444][  0]LoadErrors: Info Failed to load /Game/ArchVis/Materials/M_CoffeTable_MAT_Inst.M_CoffeTable_MAT_Inst Referenced by SM_CoffeeTable
[2014.12.14-09.01.58:444][  0]LogUObjectGlobals:Warning: Failed to load '/Game/ArchVis/Materials/M_CoffeTable_MAT_Inst': Can't find file for asset '/Game/ArchVis/Materials/M_CoffeTable_MAT_Inst' while loading NULL.
[2014.12.14-09.01.58:451][  0]LogLinker:Warning: Can't find file '/Game/ArchVis/Materials/M_Curtain_MAT_Inst'
[2014.12.14-09.01.58:451][  0]LoadErrors: Info Failed to load /Game/ArchVis/Materials/M_Curtain_MAT_Inst.M_Curtain_MAT_Inst Referenced by SM_Curtain
[2014.12.14-09.01.58:451][  0]LogUObjectGlobals:Warning: Failed to load '/Game/ArchVis/Materials/M_Curtain_MAT_Inst': Can't find file '/Game/ArchVis/Materials/M_Curtain_MAT_Inst'
[2014.12.14-09.01.58:452][  0]LogLinker:Warning: Can't find file for asset '/Game/ArchVis/Materials/M_Curtain_MAT_Inst' while loading NULL.
[2014.12.14-09.01.58:452][  0]LoadErrors: Info Failed to load /Game/ArchVis/Materials/M_Curtain_MAT_Inst.M_Curtain_MAT_Inst Referenced by SM_Curtain
[2014.12.14-09.01.58:452][  0]LogUObjectGlobals:Warning: Failed to load '/Game/ArchVis/Materials/M_Curtain_MAT_Inst': Can't find file for asset '/Game/ArchVis/Materials/M_Curtain_MAT_Inst' while loading NULL.
[2014.12.14-09.01.58:468][  0]LogLinker:Warning: Can't find file '/Game/ArchVis/Materials/M_FloorLamp_Mat_Inst'
[2014.12.14-09.01.58:468][  0]LoadErrors: Info Failed to load /Game/ArchVis/Materials/M_FloorLamp_Mat_Inst.M_FloorLamp_Mat_Inst Referenced by SM_FloorLamp
[2014.12.14-09.01.58:468][  0]LogUObjectGlobals:Warning: Failed to load '/Game/ArchVis/Materials/M_FloorLamp_Mat_Inst': Can't find file '/Game/ArchVis/Materials/M_FloorLamp_Mat_Inst'
[2014.12.14-09.01.58:468][  0]LogLinker:Warning: Can't find file for asset '/Game/ArchVis/Materials/M_FloorLamp_Mat_Inst' while loading NULL.
[2014.12.14-09.01.58:469][  0]LoadErrors: Info Failed to load /Game/ArchVis/Materials/M_FloorLamp_Mat_Inst.M_FloorLamp_Mat_Inst Referenced by SM_FloorLamp
[2014.12.14-09.01.58:469][  0]LogUObjectGlobals:Warning: Failed to load '/Game/ArchVis/Materials/M_FloorLamp_Mat_Inst': Can't find file for asset '/Game/ArchVis/Materials/M_FloorLamp_Mat_Inst' while loading NULL.
[2014.12.14-09.01.58:470][  0]LogLinker:Warning: Can't find file '/Game/ArchVis/Materials/M_Statue_Inst'
[2014.12.14-09.01.58:470][  0]LoadErrors: Info Failed to load /Game/ArchVis/Materials/M_Statue_Inst.M_Statue_Inst Referenced by Statue
[2014.12.14-09.01.58:470][  0]LogUObjectGlobals:Warning: Failed to load '/Game/ArchVis/Materials/M_Statue_Inst': Can't find file '/Game/ArchVis/Materials/M_Statue_Inst'
[2014.12.14-09.01.58:471][  0]LogLinker:Warning: Can't find file for asset '/Game/ArchVis/Materials/M_Statue_Inst' while loading NULL.
[2014.12.14-09.01.58:471][  0]LoadErrors: Info Failed to load /Game/ArchVis/Materials/M_Statue_Inst.M_Statue_Inst Referenced by Statue
[2014.12.14-09.01.58:471][  0]LogUObjectGlobals:Warning: Failed to load '/Game/ArchVis/Materials/M_Statue_Inst': Can't find file for asset '/Game/ArchVis/Materials/M_Statue_Inst' while loading NULL.
[2014.12.14-09.01.58:492][  0]LogLinker:Warning: Can't find file '/Game/ArchVis/Materials/M_Shelving_Inst'
[2014.12.14-09.01.58:492][  0]LoadErrors: Info Failed to load /Game/ArchVis/Materials/M_Shelving_Inst.M_Shelving_Inst Referenced by SM_Shelving
[2014.12.14-09.01.58:492][  0]LogUObjectGlobals:Warning: Failed to load '/Game/ArchVis/Materials/M_Shelving_Inst': Can't find file '/Game/ArchVis/Materials/M_Shelving_Inst'
[2014.12.14-09.01.58:492][  0]LogLinker:Warning: Can't find file for asset '/Game/ArchVis/Materials/M_Shelving_Inst' while loading NULL.
[2014.12.14-09.01.58:493][  0]LoadErrors: Info Failed to load /Game/ArchVis/Materials/M_Shelving_Inst.M_Shelving_Inst Referenced by SM_Shelving
[2014.12.14-09.01.58:493][  0]LogUObjectGlobals:Warning: Failed to load '/Game/ArchVis/Materials/M_Shelving_Inst': Can't find file for asset '/Game/ArchVis/Materials/M_Shelving_Inst' while loading NULL.
[2014.12.14-09.01.58:496][  0]LogLinker:Warning: Can't find file '/Game/ArchVis/Materials/M_TV_Inst'
[2014.12.14-09.01.58:496][  0]LoadErrors: Info Failed to load /Game/ArchVis/Materials/M_TV_Inst.M_TV_Inst Referenced by SM_TV
[2014.12.14-09.01.58:496][  0]LogUObjectGlobals:Warning: Failed to load '/Game/ArchVis/Materials/M_TV_Inst': Can't find file '/Game/ArchVis/Materials/M_TV_Inst'
[2014.12.14-09.01.58:496][  0]LogLinker:Warning: Can't find file for asset '/Game/ArchVis/Materials/M_TV_Inst' while loading NULL.
[2014.12.14-09.01.58:496][  0]LoadErrors: Info Failed to load /Game/ArchVis/Materials/M_TV_Inst.M_TV_Inst Referenced by SM_TV
[2014.12.14-09.01.58:496][  0]LogUObjectGlobals:Warning: Failed to load '/Game/ArchVis/Materials/M_TV_Inst': Can't find file for asset '/Game/ArchVis/Materials/M_TV_Inst' while loading NULL.
[2014.12.14-09.01.58:837][  0]LogMaterial: Missing cached shader map for material M_Shelving, compiling.
[2014.12.14-09.01.58:838][  0]LogMaterial:Warning: Failed to compile Material /Game/StarterContent/Materials/Materials/M_Shelving.M_Shelving for platform PCD3D_SM5, Default Material will be used in game.
[2014.12.14-09.01.58:838][  0]LogMaterial:Warning: 	(Node TextureSample) TextureSample> Missing input texture
[2014.12.14-09.01.58:951][  0]LogWorld: Game class is 'MyGame_C'
[2014.12.14-09.01.58:995][  0]LogAIModule: Creating AISystem for world LivingRoom
[2014.12.14-09.01.59:014][  0]LogPhysics:Warning: AddConvexElemsToRigidActor: ConvexElem is missing ConvexMesh (11: /Game/Character/newcatcauseoldcatsucks.newcatcauseoldcatsucks:BodySetup_3)
[2014.12.14-09.01.59:021][  0]LogWorld: Bringing World /Temp/Autosaves/Game/Maps/UEDPCLivingRoom.LivingRoom up for play (max tick rate 0) at 2014.12.14-01.01.59
[2014.12.14-09.01.59:028][  0]LogWorld: Bringing up level for play took: 0.032599
[2014.12.14-09.01.59:033][  0]LogInit:Display: Game Engine Initialized.
[2014.12.14-09.01.59:544][  0]LogLoad: Full Startup: 26.66 seconds (BP compile: 0.64 seconds)
[2014.12.14-09.01.59:700][  2]LogRenderer:Warning: Reallocating scene render targets to support 640x360.
[2014.12.14-09.02.39:746][435]LogCharacterMovement: basicAI_C_1 is stuck and failed to move!
[2014.12.14-09.05.43:086][543]Closing by request
[2014.12.14-09.05.43:086][543]LogWindows: FPlatformMisc::RequestExit(0)
[2014.12.14-09.05.43:156][544]LogExit: Preparing to exit.
[2014.12.14-09.05.43:278][544]LogExit: Game engine shut down
[2014.12.14-09.05.43:278][544]LogParticles: Destroying 0 GPU particle simulations for FXSystem 0x0000000021D23060
[2014.12.14-09.05.43:311][544]LogExit: Object subsystem successfully closed.
[2014.12.14-09.05.43:381][544]LogModuleManager: Shutting down and abandoning module AndroidDeviceDetection (102)
[2014.12.14-09.05.43:381][544]LogModuleManager: Shutting down and abandoning module AutomationWorker (101)
[2014.12.14-09.05.43:381][544]LogModuleManager: Shutting down and abandoning module CharacterAI (100)
[2014.12.14-09.05.43:381][544]LogModuleManager: Shutting down and abandoning module AITestSuite (99)
[2014.12.14-09.05.43:381][544]LogModuleManager: Shutting down and abandoning module AIModule (98)
[2014.12.14-09.05.43:381][544]LogModuleManager: Shutting down and abandoning module GameLiveStreaming (97)
[2014.12.14-09.05.43:381][544]LogModuleManager: Shutting down and abandoning module StreamingPauseRendering (96)
[2014.12.14-09.05.43:381][544]LogModuleManager: Shutting down and abandoning module HTTP (95)
[2014.12.14-09.05.43:381][544]LogModuleManager: Shutting down and abandoning module AnalyticsET (94)
[2014.12.14-09.05.43:381][544]LogModuleManager: Shutting down and abandoning module Analytics (93)
[2014.12.14-09.05.43:381][544]LogModuleManager: Shutting down and abandoning module ProfilerService (92)
[2014.12.14-09.05.43:387][544]LogModuleManager: Shutting down and abandoning module TaskGraph (91)
[2014.12.14-09.05.43:387][544]LogModuleManager: Shutting down and abandoning module GameplayDebugger (90)
[2014.12.14-09.05.43:387][544]LogModuleManager: Shutting down and abandoning module SlateRemote (89)
[2014.12.14-09.05.43:387][544]LogModuleManager: Shutting down and abandoning module CustomMeshComponent (88)
[2014.12.14-09.05.43:387][544]LogModuleManager: Shutting down and abandoning module CableComponent (87)
[2014.12.14-09.05.43:387][544]LogModuleManager: Shutting down and abandoning module DesktopPlatform (86)
[2014.12.14-09.05.43:387][544]LogModuleManager: Shutting down and abandoning module DirectoryWatcher (85)
[2014.12.14-09.05.43:387][544]LogModuleManager: Shutting down and abandoning module HotReload (84)
[2014.12.14-09.05.43:387][544]LogModuleManager: Shutting down and abandoning module VisualStudioSourceCodeAccess (83)
[2014.12.14-09.05.43:387][544]LogModuleManager: Shutting down and abandoning module UObjectPlugin (82)
[2014.12.14-09.05.43:387][544]LogModuleManager: Shutting down and abandoning module SubversionSourceControl (81)
[2014.12.14-09.05.43:387][544]LogModuleManager: Shutting down and abandoning module SourceControl (80)
[2014.12.14-09.05.43:388][544]LogModuleManager: Shutting down and abandoning module PerforceSourceControl (79)
[2014.12.14-09.05.43:388][544]LogModuleManager: Shutting down and abandoning module BlankPlugin (78)
[2014.12.14-09.05.43:388][544]LogModuleManager: Shutting down and abandoning module ScriptPlugin (77)
[2014.12.14-09.05.43:388][544]LogModuleManager: Shutting down and abandoning module UdpMessaging (76)
[2014.12.14-09.05.43:388][544]LogModuleManager: Shutting down and abandoning module Paper2D (75)
[2014.12.14-09.05.43:388][544]LogModuleManager: Shutting down and abandoning module UE4Game (74)
[2014.12.14-09.05.43:388][544]LogModuleManager: Shutting down and abandoning module WindowsMoviePlayer (73)
[2014.12.14-09.05.43:394][544]LogModuleManager: Shutting down and abandoning module Media (72)
[2014.12.14-09.05.43:394][544]LogModuleManager: Shutting down and abandoning module WmfMedia (71)
[2014.12.14-09.05.43:395][544]LogModuleManager: Shutting down and abandoning module OnlineBlueprintSupport (70)
[2014.12.14-09.05.43:395][544]LogModuleManager: Shutting down and abandoning module PropertyEditor (69)
[2014.12.14-09.05.43:395][544]LogModuleManager: Shutting down and abandoning module BehaviorTreeEditor (68)
[2014.12.14-09.05.43:395][544]LogModuleManager: Shutting down and abandoning module FunctionalTesting (67)
[2014.12.14-09.05.43:395][544]LogModuleManager: Shutting down and abandoning module CollisionAnalyzer (66)
[2014.12.14-09.05.43:395][544]LogModuleManager: Shutting down and abandoning module WorkspaceMenuStructure (65)
[2014.12.14-09.05.43:395][544]LogModuleManager: Shutting down and abandoning module MessageLog (64)
[2014.12.14-09.05.43:395][544]LogModuleManager: Shutting down and abandoning module Sequencer (63)
[2014.12.14-09.05.43:395][544]LogModuleManager: Shutting down and abandoning module AssetTools (62)
[2014.12.14-09.05.43:395][544]LogModuleManager: Shutting down and abandoning module UMGEditor (61)
[2014.12.14-09.05.43:395][544]LogModuleManager: Shutting down and abandoning module UMG (60)
[2014.12.14-09.05.43:395][544]LogModuleManager: Shutting down and abandoning module Slate (59)
[2014.12.14-09.05.43:395][544]LogModuleManager: Shutting down and abandoning module EditorStyle (58)
[2014.12.14-09.05.43:404][544]LogModuleManager: Shutting down and abandoning module SessionServices (57)
[2014.12.14-09.05.43:404][544]LogModuleManager: Shutting down and abandoning module SourceCodeAccess (56)
[2014.12.14-09.05.43:404][544]LogModuleManager: Shutting down and abandoning module HeadMountedDisplay (55)
[2014.12.14-09.05.43:404][544]LogModuleManager: Shutting down and abandoning module XAudio2 (54)
[2014.12.14-09.05.43:404][544]LogModuleManager: Shutting down and abandoning module Networking (52)
[2014.12.14-09.05.43:404][544]LogModuleManager: Shutting down and abandoning module Core (51)
[2014.12.14-09.05.43:404][544]LogModuleManager: Shutting down and abandoning module KismetCompiler (50)
[2014.12.14-09.05.43:404][544]LogModuleManager: Shutting down and abandoning module PhysXFormats (49)
[2014.12.14-09.05.43:404][544]LogModuleManager: Shutting down and abandoning module MeshUtilities (48)
[2014.12.14-09.05.43:404][544]LogModuleManager: Shutting down and abandoning module DerivedDataCache (47)
[2014.12.14-09.05.43:408][544]LogDerivedDataCache: Shutdown
[2014.12.14-09.05.43:408][544]LogModuleManager: Shutting down and abandoning module ShaderFormatOpenGL (46)
[2014.12.14-09.05.43:408][544]LogModuleManager: Shutting down and abandoning module ShaderFormatD3D (45)
[2014.12.14-09.05.43:408][544]LogModuleManager: Shutting down and abandoning module MetalShaderFormat (44)
[2014.12.14-09.05.43:408][544]LogModuleManager: Shutting down and abandoning module TextureFormatUncompressed (43)
[2014.12.14-09.05.43:408][544]LogModuleManager: Shutting down and abandoning module TextureFormatPVR (42)
[2014.12.14-09.05.43:408][544]LogModuleManager: Shutting down and abandoning module TextureFormatDXT (41)
[2014.12.14-09.05.43:408][544]LogModuleManager: Shutting down and abandoning module TextureFormatAndroid (40)
[2014.12.14-09.05.43:409][544]LogModuleManager: Shutting down and abandoning module AudioFormatOpus (39)
[2014.12.14-09.05.43:409][544]LogModuleManager: Shutting down and abandoning module AudioFormatOgg (38)
[2014.12.14-09.05.43:409][544]LogModuleManager: Shutting down and abandoning module AudioFormatADPCM (37)
[2014.12.14-09.05.43:409][544]LogModuleManager: Shutting down and abandoning module LinuxTargetPlatform (36)
[2014.12.14-09.05.43:409][544]LogModuleManager: Shutting down and abandoning module LinuxServerTargetPlatform (35)
[2014.12.14-09.05.43:409][544]LogModuleManager: Shutting down and abandoning module LinuxNoEditorTargetPlatform (34)
[2014.12.14-09.05.43:409][544]LogModuleManager: Shutting down and abandoning module Messaging (33)
[2014.12.14-09.05.43:409][544]LogModuleManager: Shutting down and abandoning module IOSTargetPlatform (32)
[2014.12.14-09.05.43:409][544]LogModuleManager: Shutting down and abandoning module Android_PVRTCTargetPlatform (31)
[2014.12.14-09.05.43:409][544]LogModuleManager: Shutting down and abandoning module Android_ETC2TargetPlatform (30)
[2014.12.14-09.05.43:409][544]LogModuleManager: Shutting down and abandoning module Android_ETC1TargetPlatform (29)
[2014.12.14-09.05.43:409][544]LogModuleManager: Shutting down and abandoning module Android_DXTTargetPlatform (28)
[2014.12.14-09.05.43:409][544]LogModuleManager: Shutting down and abandoning module Android_ATCTargetPlatform (27)
[2014.12.14-09.05.43:409][544]LogModuleManager: Shutting down and abandoning module AndroidTargetPlatform (26)
[2014.12.14-09.05.43:409][544]LogModuleManager: Shutting down and abandoning module WindowsTargetPlatform (25)
[2014.12.14-09.05.43:409][544]LogModuleManager: Shutting down and abandoning module WindowsServerTargetPlatform (24)
[2014.12.14-09.05.43:409][544]LogModuleManager: Shutting down and abandoning module WindowsNoEditorTargetPlatform (23)
[2014.12.14-09.05.43:409][544]LogModuleManager: Shutting down and abandoning module WindowsClientTargetPlatform (22)
[2014.12.14-09.05.43:409][544]LogModuleManager: Shutting down and abandoning module TargetPlatform (21)
[2014.12.14-09.05.43:409][544]LogModuleManager: Shutting down and abandoning module InputCore (20)
[2014.12.14-09.05.43:409][544]LogModuleManager: Shutting down and abandoning module Settings (19)
[2014.12.14-09.05.43:409][544]LogModuleManager: Shutting down and abandoning module ImageWrapper (18)
[2014.12.14-09.05.43:409][544]LogModuleManager: Shutting down and abandoning module OculusRift (15)
[2014.12.14-09.05.43:409][544]LogModuleManager: Shutting down and abandoning module ExampleDeviceProfileSelector (14)
[2014.12.14-09.05.43:409][544]LogModuleManager: Shutting down and abandoning module TextureCompressor (13)
[2014.12.14-09.05.43:409][544]LogModuleManager: Shutting down and abandoning module ShaderCore (12)
[2014.12.14-09.05.43:409][544]LogModuleManager: Shutting down and abandoning module Landscape (11)
[2014.12.14-09.05.43:409][544]LogModuleManager: Shutting down and abandoning module SlateRHIRenderer (10)
[2014.12.14-09.05.43:411][544]LogModuleManager: Shutting down and abandoning module OpenGLDrv (9)
[2014.12.14-09.05.43:411][544]LogModuleManager: Shutting down and abandoning module D3D11RHI (8)
[2014.12.14-09.05.43:411][544]LogModuleManager: Shutting down and abandoning module Renderer (7)
[2014.12.14-09.05.43:411][544]LogModuleManager: Shutting down and abandoning module Engine (6)
[2014.12.14-09.05.43:411][544]LogModuleManager: Shutting down and abandoning module CoreUObject (5)
[2014.12.14-09.05.43:411][544]LogModuleManager: Shutting down and abandoning module NetworkFile (4)
[2014.12.14-09.05.43:411][544]LogModuleManager: Shutting down and abandoning module StreamingFile (3)
[2014.12.14-09.05.43:411][544]LogModuleManager: Shutting down and abandoning module SandboxFile (2)
[2014.12.14-09.05.43:411][544]LogModuleManager: Shutting down and abandoning module PakFile (1)
[2014.12.14-09.05.43:412][544]LogExit: Exiting.
[2014.12.14-09.05.43:415][544]Log file closed, 12/14/14 01:05:43
