Log file open, 12/14/14 17:17:48
LogInit:Display: Running engine for game: Trial_third_person
LogInit: Version: 4.6.0-2369412+++depot+UE4-Releases+4.6
LogInit: API Version: 2369412
LogInit: Compiled (64-bit): Nov 24 2014 21:54:04
LogInit: Compiled with Visual C++: 18.00.21005.01
LogInit: Build Configuration: Development
LogInit: Branch Name: ++depot+UE4-Releases+4.6
LogInit: Command line:  
LogInit: Base directory: C:/Program Files/Epic Games/4.6/Engine/Binaries/Win64/
LogInit: Rocket: 1
[2014.12.15-01.17.48:324][  0]LogTaskGraph: Started task graph with 3 named threads and 6 total threads.
[2014.12.15-01.17.48:375][  0]LogOnline:Warning: No default platform service specified for OnlineSubsystem
[2014.12.15-01.17.48:397][  0]LogInit: Presizing for 0 objects not considered by GC, pre-allocating 0 bytes.
[2014.12.15-01.17.48:409][  0]LogInit: Object subsystem initialized
[2014.12.15-01.17.48:412][  0]LogConsoleResponse:Warning: Skipping Unknown console variable: 'UIScaleCurve = (EditorCurveData=(Keys=((Time=480.000000,Value=0.444000),(Time=720.000000,Value=0.666000),(Time=1080.000000,Value=1.000000),(Time=8640.000000,Value=8.000000))),ExternalCurve=None)'
[2014.12.15-01.17.48:412][  0]LogConsoleResponse:Warning:   Found in ini file 'C:/Users/Jeremy/Documents/GitHub/Study-Session/Trial_third_person 4.6/Saved/Config/Windows/Engine.ini', in section '[/Script/Engine.RendererSettings]'
[2014.12.15-01.17.48:413][  0]LogConsoleManager:Warning: Console variable 'r.MSAA.CompositingSampleCount' wasn't set (Priority ProjectSetting < Scalability)
[2014.12.15-01.17.48:413][  0]LogInit: Selected Device Profile: [Windows]
[2014.12.15-01.17.48:413][  0]LogInit: Applying CVar settings loaded from the selected device profile: [Windows]
[2014.12.15-01.17.48:423][  0]LogInit: Computer: BRIANA-DESKTOP
[2014.12.15-01.17.48:423][  0]LogInit: User: Jeremy
[2014.12.15-01.17.48:423][  0]LogInit: CPU Page size=4096, Cores=4
[2014.12.15-01.17.48:423][  0]LogInit: High frequency timer resolution =14.318180 MHz
[2014.12.15-01.17.48:423][  0]LogMemory: Memory total: Physical=8.0GB (8GB approx) Virtual=8192.0GB
[2014.12.15-01.17.48:423][  0]LogMemory: Platform Memory Stats for Windows
[2014.12.15-01.17.48:423][  0]LogMemory: Process Physical Memory: 49.26 MB used, 49.26 MB peak
[2014.12.15-01.17.48:423][  0]LogMemory: Process Virtual Memory: 25.17 MB used, 25.18 MB peak
[2014.12.15-01.17.48:423][  0]LogMemory: Physical Memory: 2815.05 MB used, 8183.89 MB total
[2014.12.15-01.17.48:423][  0]LogMemory: Virtual Memory: 264.43 MB used, 8388608.00 MB total
[2014.12.15-01.17.48:480][  0]LogD3D11RHI: Found D3D11 adapter 0: NVIDIA GeForce GTX 550 Ti (Feature Level 11_0)
[2014.12.15-01.17.48:480][  0]LogD3D11RHI: Adapter has 977MB of dedicated video memory, 0MB of dedicated system memory, and 3071MB of shared system memory, 2 output[s]
[2014.12.15-01.17.48:480][  0]LogD3D11RHI: Chosen D3D11 Adapter Id = 0
[2014.12.15-01.17.48:488][  0]LogRHI: Texture pool is 684 MB (70% of 977 MB)
[2014.12.15-01.17.48:498][  0]LogD3D11RHI: Async texture creation enabled
[2014.12.15-01.17.48:563][  0]LogTextLocalizationManager: The requested culture ('en_US') has no localization data; parent culture's ('en') localization data will be used.
[2014.12.15-01.17.48:761][  0]LogContentStreaming: Texture pool size is 0.000000MB
[2014.12.15-01.17.56:221][  0]LogTargetPlatformManager:Display: Building Assets For Windows
[2014.12.15-01.17.56:761][  0]LogTargetPlatformManager:Display: Building Assets For Windows
[2014.12.15-01.17.56:828][  0]LogDerivedDataCache:Display: Max Cache Size: 512 MB
[2014.12.15-01.17.56:906][  0]LogDerivedDataCache: Loaded boot cache 0.08s 39MB C:/Users/Jeremy/AppData/Local/UnrealEngine/4.6/DerivedDataCache/Boot.ddc.
[2014.12.15-01.17.56:906][  0]LogDerivedDataCache:Display: Loaded Boot cache: C:/Users/Jeremy/AppData/Local/UnrealEngine/4.6/DerivedDataCache/Boot.ddc
[2014.12.15-01.17.56:906][  0]LogDerivedDataCache: FDerivedDataBackendGraph:  Pak pak cache file ../../../../../../Users/Jeremy/Documents/GitHub/Study-Session/Trial_third_person 4.6/DerivedDataCache/DDC.ddp not found, will not use a pak cache.
[2014.12.15-01.17.56:907][  0]LogDerivedDataCache: Unable to find inner node Pak for hierarchical cache Hierarchy.
[2014.12.15-01.17.56:994][  0]LogDerivedDataCache:Display: Pak cache opened for reading ../../../Engine/DerivedDataCache/DDC.ddp.
[2014.12.15-01.17.57:006][  0]LogDerivedDataCache: Using Local data cache path C:/Users/Jeremy/AppData/Local/UnrealEngine/Common/DerivedDataCache: Writable
[2014.12.15-01.17.57:199][  0]LogCollisionProfile:Warning: Profile (UI) - Custom Channel Name = 'Weapon' hasn't been found
[2014.12.15-01.17.57:417][  0]LogMeshUtilities: No automatic mesh reduction module available
[2014.12.15-01.17.57:417][  0]LogMeshUtilities: No automatic mesh merging module available
[2014.12.15-01.17.57:974][  0]LogInit: WinSock: version 1.1 (2.2), MaxSocks=32767, MaxUdp=65467
[2014.12.15-01.17.58:041][  0]LogSlate:Warning: Failed to load font data from '../../../Engine/Content/Slate/Fonts/Roboto-Italic.ttf'
[2014.12.15-01.17.59:012][  0]UdpMessaging: Initializing bridge on interface 0.0.0.0:0 to multicast group 230.0.0.1:6666.
[2014.12.15-01.17.59:187][  0]LogDirectoryWatcher:Warning: Failed to begin reading directory changes for C:/Users/Jeremy/Documents/GitHub/Study-Session/Trial_third_person 4.6/Binaries/Win64. Error: 0
[2014.12.15-01.17.59:384][  0]SourceControl: Info Source control is disabled
[2014.12.15-01.17.59:384][  0]SourceControl: Info Source control is disabled
[2014.12.15-01.17.59:395][  0]SourceControl: Info Source control is disabled
[2014.12.15-01.17.59:536][  0]LogObj: 23754 objects as part of root set at end of initial load.
[2014.12.15-01.17.59:536][  0]LogUObjectAllocator: 5168128 out of 0 bytes used by permanent object pool.
[2014.12.15-01.17.59:611][  0]LogEngine: Initializing Engine...
[2014.12.15-01.17.59:834][  0]LogInit: XAudio2 using 'Speakers (Realtek High Definition Audio)' : 2 channels at 48 kHz using 32 bits per sample (channel mask 0x3)
[2014.12.15-01.17.59:873][  0]LogInit: FAudioDevice initialized.
[2014.12.15-01.17.59:897][  0]LogAIModule: Creating AISystem for world NewWorld
[2014.12.15-01.17.59:936][  0]LogDerivedDataCache: Saved boot cache 0.04s 39MB C:/Users/Jeremy/AppData/Local/UnrealEngine/4.6/DerivedDataCache/Boot.ddc.
[2014.12.15-01.17.59:949][  0]LogInit: Texture streaming: Enabled
[2014.12.15-01.17.59:983][  0]LogAnalytics: Creating configured Analytics provider AnalyticsET
[2014.12.15-01.17.59:983][  0]LogAnalytics: ET APIKey = Rocket.Release. APIServer = http://et2.epicgames.com/ET2/. AppVersion = 4.6.0-2369412+++depot+UE4-Releases+4.6
[2014.12.15-01.17.59:985][  0]LogAnalytics: SetUserId 6df8d6a202a5f32dd217a5bf9cbf5496
[2014.12.15-01.17.59:985][  0]LogAnalytics: AnalyticsET::StartSession [Rocket.Release]
[2014.12.15-01.18.00:006][  0]LogInit: Transaction tracking system initialized
[2014.12.15-01.18.00:114][  0]BlueprintLog: New page: Editor Load
[2014.12.15-01.18.00:146][  0]LogAssetRegistry: FAssetRegistry took 0.0097 seconds to start up
[2014.12.15-01.18.00:147][  0]LogDirectoryWatcher:Warning: Failed to begin reading directory changes for ../../../Engine/Plugins/Experimental/CharacterAI/Content/. Error: 0
[2014.12.15-01.18.00:742][  0]LogTargetPlatformManager:Display: Building Assets For Windows
[2014.12.15-01.18.01:178][  0]LogTargetPlatformManager:Display: Building Assets For Windows
[2014.12.15-01.18.01:452][  0]LogConsoleResponse:Display: 
[2014.12.15-01.18.01:519][  0]LogLinker:Warning: Asset '../../../Engine/Content/Functions/Engine_MaterialFunctions03/Procedurals/ComputeFilterWidth.uasset' has been saved with empty engine version. The asset will be loaded but may be incompatible.
[2014.12.15-01.18.01:762][  0]SourceControl: Info Source control is disabled
[2014.12.15-01.18.01:763][  0]Cmd: MAP LOAD FILE="../../../../../../Users/Jeremy/Documents/GitHub/Study-Session/Trial_third_person 4.6/Content/Maps/StartMenuLevel.umap" TEMPLATE=0 SHOWPROGRESS=1
[2014.12.15-01.18.01:763][  0]LightingResults: New page: Lighting Build
[2014.12.15-01.18.01:774][  0]MapCheck: New page: Map Check
[2014.12.15-01.18.01:774][  0]LightingResults: New page: Lighting Build
[2014.12.15-01.18.01:785][  0]LogParticles: Destroying 0 GPU particle simulations for FXSystem 0x000000001148D9E0
[2014.12.15-01.18.01:878][  0]LogEditorServer: Finished looking for orphan Actors (0.000 secs)
[2014.12.15-01.18.01:878][  0]LogAIModule: Creating AISystem for world StartMenuLevel
[2014.12.15-01.18.01:878][  0]Cmd: MAP CHECKDEP
[2014.12.15-01.18.01:878][  0]MapCheck: New page: StartMenuLevel - Dec 14, 2014, 9:18:01 AM
[2014.12.15-01.18.01:973][  0]MapCheck: Info Map check complete: 0 Error(s), 0 Warning(s), took 94.257ms to complete.
[2014.12.15-01.18.01:973][  0]LogFileHelpers: Loading map 'StartMenuLevel' took 0.210
[2014.12.15-01.18.02:063][  0]LogCollectionManager: Loaded 0 collections in 0.001397 seconds
[2014.12.15-01.18.02:199][  0]LogCrashTracker: Crashtracker disabled due to settings.
[2014.12.15-01.18.02:206][  0]LogUObjectGlobals:Warning: Failed to find object 'Class None.'
[2014.12.15-01.18.02:236][  0]LogLoad: Full Startup: 16.18 seconds (BP compile: 0.04 seconds)
[2014.12.15-01.18.02:581][  0]LogContentBrowser:Verbose: The content browser source was changed by the sources view to '/Game/Maps'
[2014.12.15-01.18.02:753][  0]LogRenderer:Warning: Reallocating scene render targets to support 1072x904.
[2014.12.15-01.18.04:246][  5]LogAssetRegistry: Asset discovery search completed in 4.1099 seconds
[2014.12.15-01.18.21:474][ 52]LogLinker:Warning: Can't find file '/Game/ArchVis/Materials/MI_Couch_NOSSS_Mat_Inst'
[2014.12.15-01.18.21:475][ 52]LogLinker:Warning: Can't find file for asset '/Game/ArchVis/Materials/MI_Couch_NOSSS_Mat_Inst' while loading ../../../../../../Users/Jeremy/Documents/GitHub/Study-Session/Trial_third_person 4.6/Content/StarterContent/Mesh/SM_Couch_1seat.uasset.
[2014.12.15-01.18.21:475][ 52]LoadErrors:Error: Error /Game/StarterContent/Mesh/SM_Couch_1seat : Can't find file for asset. /Game/ArchVis/Materials/MI_Couch_NOSSS_Mat_Inst
[2014.12.15-01.18.21:475][ 52]LogLinker:Warning: Can't find file '/Game/ArchVis/Materials/MI_Couch_NOSSS_Mat_Inst'
[2014.12.15-01.18.21:475][ 52]LogLinker:Warning: Can't find file for asset '/Game/ArchVis/Materials/MI_Couch_NOSSS_Mat_Inst' while loading ../../../../../../Users/Jeremy/Documents/GitHub/Study-Session/Trial_third_person 4.6/Content/StarterContent/Mesh/SM_Couch_1seat.uasset.
[2014.12.15-01.18.21:597][ 52]LogLinker:Warning: Can't find file '/Game/ArchVis/Materials/MI_Couch_NOSSS_Mat_Inst'
[2014.12.15-01.18.21:597][ 52]LoadErrors: Info Failed to load /Game/ArchVis/Materials/MI_Couch_NOSSS_Mat_Inst.MI_Couch_NOSSS_Mat_Inst Referenced by SM_Couch_1seat
[2014.12.15-01.18.21:597][ 52]LogLinker:Warning: Can't find file for asset '/Game/ArchVis/Materials/MI_Couch_NOSSS_Mat_Inst' while loading NULL.
[2014.12.15-01.18.21:598][ 52]LogLinker:Warning: Can't find file '/Game/ArchVis/Materials/MI_Couch_NOSSS_Mat_Inst'
[2014.12.15-01.18.21:598][ 52]LogLinker:Warning: Can't find file for asset '/Game/ArchVis/Materials/MI_Couch_NOSSS_Mat_Inst' while loading NULL.
[2014.12.15-01.18.21:847][ 52]Cmd: MAP LOAD FILE="../../../../../../Users/Jeremy/Documents/GitHub/Study-Session/Trial_third_person 4.6/Content/Maps/School.umap" TEMPLATE=0 SHOWPROGRESS=1
[2014.12.15-01.18.21:847][ 52]LightingResults: New page: Lighting Build
[2014.12.15-01.18.21:877][ 52]LoadErrors: New page: Loading map: School.umap
[2014.12.15-01.18.21:878][ 52]MapCheck: New page: Map Check
[2014.12.15-01.18.21:878][ 52]LightingResults: New page: Lighting Build
[2014.12.15-01.18.21:893][ 52]LogParticles: Destroying 0 GPU particle simulations for FXSystem 0x000000000B6D2160
[2014.12.15-01.18.21:905][ 52]LogEditorServer: Finished looking for orphan Actors (0.000 secs)
[2014.12.15-01.18.21:905][ 52]LogAIModule: Creating AISystem for world School
[2014.12.15-01.18.21:967][ 52]Cmd: MAP CHECKDEP
[2014.12.15-01.18.21:967][ 52]MapCheck: New page: School - Dec 14, 2014, 9:18:21 AM
[2014.12.15-01.18.22:080][ 52]MapCheck: Info Map check complete: 0 Error(s), 0 Warning(s), took 112.272ms to complete.
[2014.12.15-01.18.22:082][ 52]LogFileHelpers: Loading map 'School' took 0.235
[2014.12.15-01.18.32:362][898]LogPropertyNode:Warning: UI Min (0.001) >= UI Max () for Ranged Numeric
[2014.12.15-01.19.59:500][428]BlueprintLog: New page: Compile School
[2014.12.15-01.19.59:736][428]LogActorComponent: UnregisterComponent: (/Engine/Transient.CharacterMovementComponent_0) Not registered. Aborting.
[2014.12.15-01.19.59:736][428]LogActorComponent: UnregisterComponent: (/Engine/Transient.PawnSensingComponent_0) Not registered. Aborting.
[2014.12.15-01.19.59:787][428]BlueprintEditorCompileResults: Info [0133.73] Compile of School successful! [in 264 ms]
[2014.12.15-01.20.17:724][196]LogSavePackage: Save=532.467041ms
[2014.12.15-01.20.17:724][196]LogSavePackage: Moving '../../../../../../Users/Jeremy/Documents/GitHub/Study-Session/Trial_third_person 4.6/Saved/School4F0C2B264DE69064B7CD75A2625242A1.tmp' to '../../../../../../Users/Jeremy/Documents/GitHub/Study-Session/Trial_third_person 4.6/Content/Maps/School.umap'
[2014.12.15-01.20.32:485][953]LogPropertyNode:Warning: UI Min (0.001) >= UI Max () for Ranged Numeric
[2014.12.15-01.20.32:510][953]LogPropertyNode:Warning: UI Min (0.001) >= UI Max () for Ranged Numeric
[2014.12.15-01.22.11:025][406]LogUObjectGlobals:Warning: Failed to find object 'Object None.'
[2014.12.15-01.22.11:025][406]LogUObjectGlobals:Warning: Failed to find object 'Object None.'
[2014.12.15-01.22.11:025][406]LogUObjectGlobals:Warning: Failed to find object 'Object None.'
[2014.12.15-01.22.11:026][406]LogUObjectGlobals:Warning: Failed to find object 'Object None.'
[2014.12.15-01.22.11:026][406]LogUObjectGlobals:Warning: Failed to find object 'Object None.'
[2014.12.15-01.22.11:026][406]LogUObjectGlobals:Warning: Failed to find object 'Object None.'
[2014.12.15-01.22.11:026][406]LogUObjectGlobals:Warning: Failed to find object 'Object None.'
[2014.12.15-01.22.11:027][406]LogUObjectHash:Warning: Ambiguous search, could be K2Node_DynamicCast /Game/Maps/School.School:PersistentLevel.School.EventGraph.K2Node_DynamicCast_408 or K2Node_DynamicCast /Engine/Transient.PROTO_BP_Blueprint_0:UserConstructionScript.K2Node_DynamicCast_408
[2014.12.15-01.22.11:027][406]LogUObjectHash:Warning: Ambiguous search, could be K2Node_DynamicCast /Game/Maps/School.School:PersistentLevel.School.EventGraph.K2Node_DynamicCast_408 or K2Node_DynamicCast /Game/Blueprints/MyCharacter.MyCharacter:End Game.K2Node_DynamicCast_408
[2014.12.15-01.22.11:027][406]LogProperty:Warning: ObjectProperty /Script/Engine.EdGraphPin:LinkedTo.LinkedTo: unresolved reference to 'EdGraphPin'"K2Node_DynamicCast_408.EdGraphPin_8902"''
[2014.12.15-01.22.11:027][406]LogUObjectHash:Warning: Ambiguous search, could be K2Node_VariableSet /Game/Maps/School.School:PersistentLevel.School.EventGraph.K2Node_VariableSet_348 or K2Node_VariableSet /Game/Pause_Menu.Pause_Menu:EventGraph.K2Node_VariableSet_348
[2014.12.15-01.22.11:027][406]LogUObjectHash:Warning: Ambiguous search, could be K2Node_VariableSet /Game/Maps/School.School:PersistentLevel.School.EventGraph.K2Node_VariableSet_348 or K2Node_VariableSet /Game/Blueprints/MyCharacter.MyCharacter:End Game.K2Node_VariableSet_348
[2014.12.15-01.22.11:027][406]LogUObjectHash:Warning: Ambiguous search, could be K2Node_VariableSet /Game/Maps/School.School:PersistentLevel.School.EventGraph.K2Node_VariableSet_348 or K2Node_VariableSet /Game/Start_Menu.Start_Menu:EventGraph.K2Node_VariableSet_348
[2014.12.15-01.22.11:027][406]LogProperty:Warning: ObjectProperty /Script/Engine.EdGraphPin:LinkedTo.LinkedTo: unresolved reference to 'EdGraphPin'"K2Node_VariableSet_348.EdGraphPin_8784"''
[2014.12.15-01.22.11:028][406]LogUObjectHash:Warning: Ambiguous search, could be K2Node_VariableSet /Game/Maps/School.School:PersistentLevel.School.EventGraph.K2Node_VariableSet_348 or K2Node_VariableSet /Game/Pause_Menu.Pause_Menu:EventGraph.K2Node_VariableSet_348
[2014.12.15-01.22.11:028][406]LogUObjectHash:Warning: Ambiguous search, could be K2Node_VariableSet /Game/Maps/School.School:PersistentLevel.School.EventGraph.K2Node_VariableSet_348 or K2Node_VariableSet /Game/Blueprints/MyCharacter.MyCharacter:End Game.K2Node_VariableSet_348
[2014.12.15-01.22.11:028][406]LogUObjectHash:Warning: Ambiguous search, could be K2Node_VariableSet /Game/Maps/School.School:PersistentLevel.School.EventGraph.K2Node_VariableSet_348 or K2Node_VariableSet /Game/Start_Menu.Start_Menu:EventGraph.K2Node_VariableSet_348
[2014.12.15-01.22.11:029][406]LogProperty:Warning: ObjectProperty /Script/Engine.EdGraphPin:LinkedTo.LinkedTo: unresolved reference to 'EdGraphPin'"K2Node_VariableSet_348.EdGraphPin_8787"''
[2014.12.15-01.22.11:029][406]LogProperty:Warning: ObjectProperty /Script/Engine.EdGraphPin:LinkedTo.LinkedTo: unresolved reference to 'EdGraphPin'"K2Node_DynamicCast_412.EdGraphPin_19239"''
[2014.12.15-01.22.11:030][406]LogUObjectHash:Warning: Ambiguous search, could be K2Node_DynamicCast /Game/Maps/School.School:PersistentLevel.School.EventGraph.K2Node_DynamicCast_408 or K2Node_DynamicCast /Engine/Transient.PROTO_BP_Blueprint_0:UserConstructionScript.K2Node_DynamicCast_408
[2014.12.15-01.22.11:030][406]LogUObjectHash:Warning: Ambiguous search, could be K2Node_DynamicCast /Game/Maps/School.School:PersistentLevel.School.EventGraph.K2Node_DynamicCast_408 or K2Node_DynamicCast /Game/Blueprints/MyCharacter.MyCharacter:End Game.K2Node_DynamicCast_408
[2014.12.15-01.22.11:030][406]LogProperty:Warning: ObjectProperty /Script/Engine.EdGraphPin:LinkedTo.LinkedTo: unresolved reference to 'EdGraphPin'"K2Node_DynamicCast_408.EdGraphPin_8904"''
[2014.12.15-01.22.11:032][406]LogProperty:Warning: ObjectProperty /Script/Engine.EdGraphPin:LinkedTo.LinkedTo: unresolved reference to 'EdGraphPin'"K2Node_DynamicCast_412.EdGraphPin_19243"''
[2014.12.15-01.22.11:032][406]LogProperty:Warning: ObjectProperty /Script/Engine.EdGraphPin:LinkedTo.LinkedTo: unresolved reference to 'EdGraphPin'"K2Node_DynamicCast_412.EdGraphPin_19240"''
[2014.12.15-01.22.38:536][678]BlueprintLog: New page: Compile School
[2014.12.15-01.22.38:656][678]BlueprintEditorCompileResults: Info [0292.60] Compile of School successful! [in 109 ms]
[2014.12.15-01.22.44:861][136]LogSavePackage: Save=541.724182ms
[2014.12.15-01.22.44:861][136]LogSavePackage: Moving '../../../../../../Users/Jeremy/Documents/GitHub/Study-Session/Trial_third_person 4.6/Saved/SchoolC9B25EB34E13F49B49181B982A42A525.tmp' to '../../../../../../Users/Jeremy/Documents/GitHub/Study-Session/Trial_third_person 4.6/Content/Maps/School.umap'
[2014.12.15-01.22.48:215][335]Cmd: MAP LOAD FILE="../../../../../../Users/Jeremy/Documents/GitHub/Study-Session/Trial_third_person 4.6/Content/Maps/StartMenuLevel.umap" TEMPLATE=0 SHOWPROGRESS=1
[2014.12.15-01.22.48:215][335]LightingResults: New page: Lighting Build
[2014.12.15-01.22.48:244][335]LoadErrors: New page: Loading map: StartMenuLevel.umap
[2014.12.15-01.22.48:246][335]MapCheck: New page: Map Check
[2014.12.15-01.22.48:247][335]LightingResults: New page: Lighting Build
[2014.12.15-01.22.48:272][335]LogParticles: Destroying 0 GPU particle simulations for FXSystem 0x0000000012486DE0
[2014.12.15-01.22.48:288][335]LogEditorServer: Finished looking for orphan Actors (0.000 secs)
[2014.12.15-01.22.48:288][335]LogAIModule: Creating AISystem for world StartMenuLevel
[2014.12.15-01.22.48:350][335]Cmd: MAP CHECKDEP
[2014.12.15-01.22.48:350][335]MapCheck: New page: StartMenuLevel - Dec 14, 2014, 9:22:48 AM
[2014.12.15-01.22.48:473][335]MapCheck: Info Map check complete: 0 Error(s), 0 Warning(s), took 123.035ms to complete.
[2014.12.15-01.22.48:476][335]LogFileHelpers: Loading map 'StartMenuLevel' took 0.263
[2014.12.15-01.22.50:318][469]LogSavePackage: Save=25.228626ms
[2014.12.15-01.22.50:318][469]LogSavePackage: Moving '../../../../../../Users/Jeremy/Documents/GitHub/Study-Session/Trial_third_person 4.6/Saved/UEDPCStartMenuLevelDB46F82C47152B968237FCA8AAF6812E.tmp' to '../../../../../../Users/Jeremy/Documents/GitHub/Study-Session/Trial_third_person 4.6/Saved/Autosaves/Game/Maps/UEDPCStartMenuLevel.umap'
[2014.12.15-01.24.59:673][967]LogSavePackage: Save=23.095602ms
[2014.12.15-01.24.59:673][967]LogSavePackage: Moving '../../../../../../Users/Jeremy/Documents/GitHub/Study-Session/Trial_third_person 4.6/Saved/StartMenuLevel4790BAEF40418735BE47FDA25A22DAF0.tmp' to '../../../../../../Users/Jeremy/Documents/GitHub/Study-Session/Trial_third_person 4.6/Content/Maps/StartMenuLevel.umap'
[2014.12.15-01.25.04:588][392]LogLinker:Warning: Can't find file '/Game/Assets/Materials/M_PineTree_Bark_Inst'
[2014.12.15-01.25.04:589][392]LogLinker:Warning: Can't find file for asset '/Game/Assets/Materials/M_PineTree_Bark_Inst' while loading ../../../../../../Users/Jeremy/Documents/GitHub/Study-Session/Trial_third_person 4.6/Content/StarterContent/Mesh/SM_PineTree.uasset.
[2014.12.15-01.25.04:589][392]LoadErrors:Error: Error /Game/StarterContent/Mesh/SM_PineTree : Can't find file for asset. /Game/Assets/Materials/M_PineTree_Bark_Inst
[2014.12.15-01.25.04:589][392]LogLinker:Warning: Can't find file '/Game/Assets/Materials/MI_PineTree_Billboard_Inst'
[2014.12.15-01.25.04:589][392]LogLinker:Warning: Can't find file for asset '/Game/Assets/Materials/MI_PineTree_Billboard_Inst' while loading ../../../../../../Users/Jeremy/Documents/GitHub/Study-Session/Trial_third_person 4.6/Content/StarterContent/Mesh/SM_PineTree.uasset.
[2014.12.15-01.25.04:590][392]LoadErrors:Error: Error /Game/StarterContent/Mesh/SM_PineTree : Can't find file for asset. /Game/Assets/Materials/MI_PineTree_Billboard_Inst
[2014.12.15-01.25.04:590][392]LogLinker:Warning: Can't find file '/Game/Assets/Materials/MI_PineTree_Branch_Inst'
[2014.12.15-01.25.04:590][392]LogLinker:Warning: Can't find file for asset '/Game/Assets/Materials/MI_PineTree_Branch_Inst' while loading ../../../../../../Users/Jeremy/Documents/GitHub/Study-Session/Trial_third_person 4.6/Content/StarterContent/Mesh/SM_PineTree.uasset.
[2014.12.15-01.25.04:590][392]LoadErrors:Error: Error /Game/StarterContent/Mesh/SM_PineTree : Can't find file for asset. /Game/Assets/Materials/MI_PineTree_Branch_Inst
[2014.12.15-01.25.04:591][392]LogLinker:Warning: Can't find file '/Game/Assets/Materials/M_PineTree_Bark_Inst'
[2014.12.15-01.25.04:591][392]LogLinker:Warning: Can't find file for asset '/Game/Assets/Materials/M_PineTree_Bark_Inst' while loading ../../../../../../Users/Jeremy/Documents/GitHub/Study-Session/Trial_third_person 4.6/Content/StarterContent/Mesh/SM_PineTree.uasset.
[2014.12.15-01.25.04:591][392]LogLinker:Warning: Can't find file '/Game/Assets/Materials/MI_PineTree_Billboard_Inst'
[2014.12.15-01.25.04:592][392]LogLinker:Warning: Can't find file for asset '/Game/Assets/Materials/MI_PineTree_Billboard_Inst' while loading ../../../../../../Users/Jeremy/Documents/GitHub/Study-Session/Trial_third_person 4.6/Content/StarterContent/Mesh/SM_PineTree.uasset.
[2014.12.15-01.25.04:592][392]LogLinker:Warning: Can't find file '/Game/Assets/Materials/MI_PineTree_Branch_Inst'
[2014.12.15-01.25.04:592][392]LogLinker:Warning: Can't find file for asset '/Game/Assets/Materials/MI_PineTree_Branch_Inst' while loading ../../../../../../Users/Jeremy/Documents/GitHub/Study-Session/Trial_third_person 4.6/Content/StarterContent/Mesh/SM_PineTree.uasset.
[2014.12.15-01.25.04:595][392]LogLinker:Warning: Can't find file '/Game/Assets/Materials/M_UFO_Crash'
[2014.12.15-01.25.04:596][392]LogLinker:Warning: Can't find file for asset '/Game/Assets/Materials/M_UFO_Crash' while loading ../../../../../../Users/Jeremy/Documents/GitHub/Study-Session/Trial_third_person 4.6/Content/StarterContent/Mesh/SM_UFO_Main.uasset.
[2014.12.15-01.25.04:596][392]LoadErrors:Error: Error /Game/StarterContent/Mesh/SM_UFO_Main : Can't find file for asset. /Game/Assets/Materials/M_UFO_Crash
[2014.12.15-01.25.04:596][392]LogLinker:Warning: Can't find file '/Game/Assets/Materials/M_UFO_Crash'
[2014.12.15-01.25.04:596][392]LogLinker:Warning: Can't find file for asset '/Game/Assets/Materials/M_UFO_Crash' while loading ../../../../../../Users/Jeremy/Documents/GitHub/Study-Session/Trial_third_person 4.6/Content/StarterContent/Mesh/SM_UFO_Main.uasset.
[2014.12.15-01.25.04:877][392]LogLinker:Warning: Can't find file '/Game/Assets/Materials/M_PineTree_Bark_Inst'
[2014.12.15-01.25.04:877][392]LoadErrors: Info Failed to load /Game/Assets/Materials/M_PineTree_Bark_Inst.M_PineTree_Bark_Inst Referenced by SM_PineTree
[2014.12.15-01.25.04:878][392]LogLinker:Warning: Can't find file for asset '/Game/Assets/Materials/M_PineTree_Bark_Inst' while loading NULL.
[2014.12.15-01.25.04:878][392]LogLinker:Warning: Can't find file '/Game/Assets/Materials/MI_PineTree_Branch_Inst'
[2014.12.15-01.25.04:878][392]LoadErrors: Info Failed to load /Game/Assets/Materials/MI_PineTree_Branch_Inst.MI_PineTree_Branch_Inst Referenced by SM_PineTree
[2014.12.15-01.25.04:879][392]LogLinker:Warning: Can't find file for asset '/Game/Assets/Materials/MI_PineTree_Branch_Inst' while loading NULL.
[2014.12.15-01.25.04:879][392]LogLinker:Warning: Can't find file '/Game/Assets/Materials/M_PineTree_Bark_Inst'
[2014.12.15-01.25.04:879][392]LogLinker:Warning: Can't find file for asset '/Game/Assets/Materials/M_PineTree_Bark_Inst' while loading NULL.
[2014.12.15-01.25.04:879][392]LogLinker:Warning: Can't find file '/Game/Assets/Materials/MI_PineTree_Branch_Inst'
[2014.12.15-01.25.04:880][392]LogLinker:Warning: Can't find file for asset '/Game/Assets/Materials/MI_PineTree_Branch_Inst' while loading NULL.
[2014.12.15-01.25.04:880][392]LogLinker:Warning: Can't find file '/Game/Assets/Materials/MI_PineTree_Billboard_Inst'
[2014.12.15-01.25.04:880][392]LoadErrors: Info Failed to load /Game/Assets/Materials/MI_PineTree_Billboard_Inst.MI_PineTree_Billboard_Inst Referenced by SM_PineTree
[2014.12.15-01.25.04:881][392]LogLinker:Warning: Can't find file for asset '/Game/Assets/Materials/MI_PineTree_Billboard_Inst' while loading NULL.
[2014.12.15-01.25.04:881][392]LogLinker:Warning: Can't find file '/Game/Assets/Materials/MI_PineTree_Billboard_Inst'
[2014.12.15-01.25.04:881][392]LogLinker:Warning: Can't find file for asset '/Game/Assets/Materials/MI_PineTree_Billboard_Inst' while loading NULL.
[2014.12.15-01.25.04:882][392]LogLinker:Warning: Can't find file '/Game/Assets/Materials/MI_PineTree_Billboard_Inst'
[2014.12.15-01.25.04:882][392]LogLinker:Warning: Can't find file for asset '/Game/Assets/Materials/MI_PineTree_Billboard_Inst' while loading NULL.
[2014.12.15-01.25.04:882][392]LogLinker:Warning: Can't find file '/Game/Assets/Materials/MI_PineTree_Billboard_Inst'
[2014.12.15-01.25.04:882][392]LogLinker:Warning: Can't find file for asset '/Game/Assets/Materials/MI_PineTree_Billboard_Inst' while loading NULL.
[2014.12.15-01.25.04:883][392]LogLinker:Warning: Can't find file '/Game/Assets/Materials/M_UFO_Crash'
[2014.12.15-01.25.04:883][392]LoadErrors: Info Failed to load /Game/Assets/Materials/M_UFO_Crash.M_UFO_Crash Referenced by SM_UFO_Main
[2014.12.15-01.25.04:883][392]LogLinker:Warning: Can't find file for asset '/Game/Assets/Materials/M_UFO_Crash' while loading NULL.
[2014.12.15-01.25.05:365][392]LogParticles:Warning: InitializeSystem called on an unregistered component. Template=/Game/StarterContent/Particles/P_Sparks.P_Sparks Component=/Game/Maps/ForestLevel.ForestLevel:PersistentLevel.P_Sparks_2.ParticleSystemComponent0
[2014.12.15-01.25.05:365][392]LogParticles:Warning: InitializeSystem called on an unregistered component. Template=/Game/StarterContent/Particles/P_Fire.P_Fire Component=/Game/Maps/ForestLevel.ForestLevel:PersistentLevel.P_Fire_5.ParticleSystemComponent0
[2014.12.15-01.25.05:365][392]LogParticles:Warning: InitializeSystem called on an unregistered component. Template=/Game/StarterContent/Particles/P_Fire.P_Fire Component=/Game/Maps/ForestLevel.ForestLevel:PersistentLevel.P_Fire2_8.ParticleSystemComponent0
[2014.12.15-01.25.05:365][392]LogParticles:Warning: InitializeSystem called on an unregistered component. Template=/Game/StarterContent/Particles/P_Fire.P_Fire Component=/Game/Maps/ForestLevel.ForestLevel:PersistentLevel.P_Fire3_11.ParticleSystemComponent0
[2014.12.15-01.25.05:366][392]LogParticles:Warning: InitializeSystem called on an unregistered component. Template=/Game/StarterContent/Particles/P_Fire.P_Fire Component=/Game/Maps/ForestLevel.ForestLevel:PersistentLevel.P_Fire4_14.ParticleSystemComponent0
[2014.12.15-01.25.05:366][392]LogParticles:Warning: InitializeSystem called on an unregistered component. Template=/Game/StarterContent/Particles/P_Smoke.P_Smoke Component=/Game/Maps/ForestLevel.ForestLevel:PersistentLevel.P_Smoke_17.ParticleSystemComponent0
[2014.12.15-01.25.05:366][392]LogParticles:Warning: InitializeSystem called on an unregistered component. Template=/Game/StarterContent/Particles/P_Smoke.P_Smoke Component=/Game/Maps/ForestLevel.ForestLevel:PersistentLevel.P_Smoke2_20.ParticleSystemComponent0
[2014.12.15-01.25.05:366][392]LogParticles:Warning: InitializeSystem called on an unregistered component. Template=/Game/StarterContent/Particles/P_Smoke.P_Smoke Component=/Game/Maps/ForestLevel.ForestLevel:PersistentLevel.P_Smoke3_23.ParticleSystemComponent0
[2014.12.15-01.25.05:368][392]LogParticles:Warning: InitializeSystem called on an unregistered component. Template=/Game/StarterContent/Particles/P_Fire.P_Fire Component=/Game/Maps/ForestLevel.ForestLevel:PersistentLevel.P_Fire5_26.ParticleSystemComponent0
[2014.12.15-01.25.05:369][392]LogParticles:Warning: InitializeSystem called on an unregistered component. Template=/Game/StarterContent/Particles/P_Fire.P_Fire Component=/Game/Maps/ForestLevel.ForestLevel:PersistentLevel.P_Fire6.ParticleSystemComponent0
[2014.12.15-01.25.05:369][392]LogParticles:Warning: InitializeSystem called on an unregistered component. Template=/Game/StarterContent/Particles/P_Fire.P_Fire Component=/Game/Maps/ForestLevel.ForestLevel:PersistentLevel.P_Fire7.ParticleSystemComponent0
[2014.12.15-01.25.05:369][392]LogParticles:Warning: InitializeSystem called on an unregistered component. Template=/Game/StarterContent/Particles/P_Fire.P_Fire Component=/Game/Maps/ForestLevel.ForestLevel:PersistentLevel.P_Fire8.ParticleSystemComponent0
[2014.12.15-01.25.05:369][392]LogParticles:Warning: InitializeSystem called on an unregistered component. Template=/Game/StarterContent/Particles/P_Fire.P_Fire Component=/Game/Maps/ForestLevel.ForestLevel:PersistentLevel.P_Fire9.ParticleSystemComponent0
[2014.12.15-01.25.05:369][392]LogParticles:Warning: InitializeSystem called on an unregistered component. Template=/Game/StarterContent/Particles/P_Fire.P_Fire Component=/Game/Maps/ForestLevel.ForestLevel:PersistentLevel.P_Fire10.ParticleSystemComponent0
[2014.12.15-01.25.05:369][392]LogParticles:Warning: InitializeSystem called on an unregistered component. Template=/Game/StarterContent/Particles/P_Fire.P_Fire Component=/Game/Maps/ForestLevel.ForestLevel:PersistentLevel.P_Fire11.ParticleSystemComponent0
[2014.12.15-01.25.05:370][392]LogParticles:Warning: InitializeSystem called on an unregistered component. Template=/Game/StarterContent/Particles/P_Fire.P_Fire Component=/Game/Maps/ForestLevel.ForestLevel:PersistentLevel.P_Fire12.ParticleSystemComponent0
[2014.12.15-01.25.05:370][392]LogParticles:Warning: InitializeSystem called on an unregistered component. Template=/Game/StarterContent/Particles/P_Fire.P_Fire Component=/Game/Maps/ForestLevel.ForestLevel:PersistentLevel.P_Fire13.ParticleSystemComponent0
[2014.12.15-01.25.05:370][392]LogParticles:Warning: InitializeSystem called on an unregistered component. Template=/Game/StarterContent/Particles/P_Fire.P_Fire Component=/Game/Maps/ForestLevel.ForestLevel:PersistentLevel.P_Fire14.ParticleSystemComponent0
[2014.12.15-01.25.05:370][392]LogParticles:Warning: InitializeSystem called on an unregistered component. Template=/Game/StarterContent/Particles/P_Fire.P_Fire Component=/Game/Maps/ForestLevel.ForestLevel:PersistentLevel.P_Fire15.ParticleSystemComponent0
[2014.12.15-01.25.05:370][392]LogParticles:Warning: InitializeSystem called on an unregistered component. Template=/Game/StarterContent/Particles/P_Fire.P_Fire Component=/Game/Maps/ForestLevel.ForestLevel:PersistentLevel.P_Fire16.ParticleSystemComponent0
[2014.12.15-01.25.05:370][392]LogParticles:Warning: InitializeSystem called on an unregistered component. Template=/Game/StarterContent/Particles/P_Fire.P_Fire Component=/Game/Maps/ForestLevel.ForestLevel:PersistentLevel.P_Fire17.ParticleSystemComponent0
[2014.12.15-01.25.05:371][392]LogParticles:Warning: InitializeSystem called on an unregistered component. Template=/Game/StarterContent/Particles/P_Fire.P_Fire Component=/Game/Maps/ForestLevel.ForestLevel:PersistentLevel.P_Fire18.ParticleSystemComponent0
[2014.12.15-01.25.05:371][392]LogParticles:Warning: InitializeSystem called on an unregistered component. Template=/Game/StarterContent/Particles/P_Fire.P_Fire Component=/Game/Maps/ForestLevel.ForestLevel:PersistentLevel.P_Fire19.ParticleSystemComponent0
[2014.12.15-01.25.05:419][392]Cmd: MAP LOAD FILE="../../../../../../Users/Jeremy/Documents/GitHub/Study-Session/Trial_third_person 4.6/Content/Maps/ForestLevel.umap" TEMPLATE=0 SHOWPROGRESS=1
[2014.12.15-01.25.05:419][392]LightingResults: New page: Lighting Build
[2014.12.15-01.25.05:454][392]LoadErrors: New page: Loading map: ForestLevel.umap
[2014.12.15-01.25.05:454][392]MapCheck: New page: Map Check
[2014.12.15-01.25.05:454][392]LightingResults: New page: Lighting Build
[2014.12.15-01.25.05:480][392]LogParticles: Destroying 0 GPU particle simulations for FXSystem 0x00000000203D4FE0
[2014.12.15-01.25.05:502][392]LogEditorServer: Finished looking for orphan Actors (0.000 secs)
[2014.12.15-01.25.05:502][392]LogAIModule: Creating AISystem for world ForestLevel
[2014.12.15-01.25.05:562][392]Cmd: MAP CHECKDEP
[2014.12.15-01.25.05:562][392]MapCheck: New page: ForestLevel - Dec 14, 2014, 9:25:05 AM
[2014.12.15-01.25.05:703][392]MapCheck: Info Map check complete: 0 Error(s), 0 Warning(s), took 141.135ms to complete.
[2014.12.15-01.25.05:706][392]LogFileHelpers: Loading map 'ForestLevel' took 0.290
[2014.12.15-01.25.05:817][393]Cmd: UpdateLandscapeEditorData -warnings
[2014.12.15-01.25.05:864][393]Cmd: UpdateLandscapeEditorData
[2014.12.15-01.25.59:650][943]LogPropertyNode:Warning: UI Min (0.001) >= UI Max () for Ranged Numeric
[2014.12.15-01.25.59:684][943]LogPropertyNode:Warning: UI Min (0.001) >= UI Max () for Ranged Numeric
[2014.12.15-01.27.10:502][775]LogSavePackage: Save=753.332397ms
[2014.12.15-01.27.10:502][775]LogSavePackage: Moving '../../../../../../Users/Jeremy/Documents/GitHub/Study-Session/Trial_third_person 4.6/Saved/ForestLevel963496D145A7A84F2A8655B9495DBA39.tmp' to '../../../../../../Users/Jeremy/Documents/GitHub/Study-Session/Trial_third_person 4.6/Content/Maps/ForestLevel.umap'
[2014.12.15-01.27.26:896][ 39]LogUObjectGlobals:Warning: Failed to find object 'Object None.'
[2014.12.15-01.27.26:897][ 39]LogUObjectGlobals:Warning: Failed to find object 'Object None.'
[2014.12.15-01.27.26:897][ 39]LogUObjectGlobals:Warning: Failed to find object 'Object None.'
[2014.12.15-01.27.26:897][ 39]LogUObjectGlobals:Warning: Failed to find object 'Object None.'
[2014.12.15-01.27.26:897][ 39]LogUObjectGlobals:Warning: Failed to find object 'Object None.'
[2014.12.15-01.27.26:897][ 39]LogUObjectGlobals:Warning: Failed to find object 'Object None.'
[2014.12.15-01.27.26:897][ 39]LogUObjectGlobals:Warning: Failed to find object 'Object None.'
[2014.12.15-01.27.26:898][ 39]LogUObjectHash:Warning: Ambiguous search, could be K2Node_DynamicCast /Game/Maps/ForestLevel.ForestLevel:PersistentLevel.ForestLevel.EventGraph.K2Node_DynamicCast_408 or K2Node_DynamicCast /Engine/Transient.PROTO_BP_Blueprint_0:UserConstructionScript.K2Node_DynamicCast_408
[2014.12.15-01.27.26:898][ 39]LogUObjectHash:Warning: Ambiguous search, could be K2Node_DynamicCast /Game/Maps/ForestLevel.ForestLevel:PersistentLevel.ForestLevel.EventGraph.K2Node_DynamicCast_408 or K2Node_DynamicCast /Game/Blueprints/MyCharacter.MyCharacter:End Game.K2Node_DynamicCast_408
[2014.12.15-01.27.26:898][ 39]LogProperty:Warning: ObjectProperty /Script/Engine.EdGraphPin:LinkedTo.LinkedTo: unresolved reference to 'EdGraphPin'"K2Node_DynamicCast_408.EdGraphPin_8902"''
[2014.12.15-01.27.26:898][ 39]LogUObjectHash:Warning: Ambiguous search, could be K2Node_VariableSet /Game/Maps/ForestLevel.ForestLevel:PersistentLevel.ForestLevel.EventGraph.K2Node_VariableSet_348 or K2Node_VariableSet /Game/Pause_Menu.Pause_Menu:EventGraph.K2Node_VariableSet_348
[2014.12.15-01.27.26:898][ 39]LogUObjectHash:Warning: Ambiguous search, could be K2Node_VariableSet /Game/Maps/ForestLevel.ForestLevel:PersistentLevel.ForestLevel.EventGraph.K2Node_VariableSet_348 or K2Node_VariableSet /Game/Blueprints/MyCharacter.MyCharacter:End Game.K2Node_VariableSet_348
[2014.12.15-01.27.26:898][ 39]LogUObjectHash:Warning: Ambiguous search, could be K2Node_VariableSet /Game/Maps/ForestLevel.ForestLevel:PersistentLevel.ForestLevel.EventGraph.K2Node_VariableSet_348 or K2Node_VariableSet /Game/Start_Menu.Start_Menu:EventGraph.K2Node_VariableSet_348
[2014.12.15-01.27.26:898][ 39]LogProperty:Warning: ObjectProperty /Script/Engine.EdGraphPin:LinkedTo.LinkedTo: unresolved reference to 'EdGraphPin'"K2Node_VariableSet_348.EdGraphPin_8784"''
[2014.12.15-01.27.26:900][ 39]LogUObjectHash:Warning: Ambiguous search, could be K2Node_VariableSet /Game/Maps/ForestLevel.ForestLevel:PersistentLevel.ForestLevel.EventGraph.K2Node_VariableSet_348 or K2Node_VariableSet /Game/Pause_Menu.Pause_Menu:EventGraph.K2Node_VariableSet_348
[2014.12.15-01.27.26:900][ 39]LogUObjectHash:Warning: Ambiguous search, could be K2Node_VariableSet /Game/Maps/ForestLevel.ForestLevel:PersistentLevel.ForestLevel.EventGraph.K2Node_VariableSet_348 or K2Node_VariableSet /Game/Blueprints/MyCharacter.MyCharacter:End Game.K2Node_VariableSet_348
[2014.12.15-01.27.26:900][ 39]LogUObjectHash:Warning: Ambiguous search, could be K2Node_VariableSet /Game/Maps/ForestLevel.ForestLevel:PersistentLevel.ForestLevel.EventGraph.K2Node_VariableSet_348 or K2Node_VariableSet /Game/Start_Menu.Start_Menu:EventGraph.K2Node_VariableSet_348
[2014.12.15-01.27.26:900][ 39]LogProperty:Warning: ObjectProperty /Script/Engine.EdGraphPin:LinkedTo.LinkedTo: unresolved reference to 'EdGraphPin'"K2Node_VariableSet_348.EdGraphPin_8787"''
[2014.12.15-01.27.26:900][ 39]LogProperty:Warning: ObjectProperty /Script/Engine.EdGraphPin:LinkedTo.LinkedTo: unresolved reference to 'EdGraphPin'"K2Node_DynamicCast_412.EdGraphPin_19239"''
[2014.12.15-01.27.26:901][ 39]LogUObjectHash:Warning: Ambiguous search, could be K2Node_DynamicCast /Game/Maps/ForestLevel.ForestLevel:PersistentLevel.ForestLevel.EventGraph.K2Node_DynamicCast_408 or K2Node_DynamicCast /Engine/Transient.PROTO_BP_Blueprint_0:UserConstructionScript.K2Node_DynamicCast_408
[2014.12.15-01.27.26:901][ 39]LogUObjectHash:Warning: Ambiguous search, could be K2Node_DynamicCast /Game/Maps/ForestLevel.ForestLevel:PersistentLevel.ForestLevel.EventGraph.K2Node_DynamicCast_408 or K2Node_DynamicCast /Game/Blueprints/MyCharacter.MyCharacter:End Game.K2Node_DynamicCast_408
[2014.12.15-01.27.26:901][ 39]LogProperty:Warning: ObjectProperty /Script/Engine.EdGraphPin:LinkedTo.LinkedTo: unresolved reference to 'EdGraphPin'"K2Node_DynamicCast_408.EdGraphPin_8904"''
[2014.12.15-01.27.26:902][ 39]LogProperty:Warning: ObjectProperty /Script/Engine.EdGraphPin:LinkedTo.LinkedTo: unresolved reference to 'EdGraphPin'"K2Node_ActorBoundEvent_1.EdGraphPin_8678"''
[2014.12.15-01.27.26:903][ 39]LogProperty:Warning: ObjectProperty /Script/Engine.EdGraphPin:LinkedTo.LinkedTo: unresolved reference to 'EdGraphPin'"K2Node_DynamicCast_412.EdGraphPin_19243"''
[2014.12.15-01.27.26:903][ 39]LogProperty:Warning: ObjectProperty /Script/Engine.EdGraphPin:LinkedTo.LinkedTo: unresolved reference to 'EdGraphPin'"K2Node_DynamicCast_412.EdGraphPin_19240"''
[2014.12.15-01.27.53:425][899]BlueprintLog: New page: Compile ForestLevel
[2014.12.15-01.27.53:547][899]BlueprintEditorCompileResults: Info [0607.49] Compile of ForestLevel successful! [in 116 ms]
[2014.12.15-01.27.58:760][332]LogSavePackage: Save=692.308777ms
[2014.12.15-01.27.58:787][332]LogSavePackage: Moving '../../../../../../Users/Jeremy/Documents/GitHub/Study-Session/Trial_third_person 4.6/Saved/ForestLevel3BF31EC54576A6FBFD77E9BB47EC7070.tmp' to '../../../../../../Users/Jeremy/Documents/GitHub/Study-Session/Trial_third_person 4.6/Content/Maps/ForestLevel.umap'
[2014.12.15-01.28.03:775][621]Cmd: QUIT_EDITOR
[2014.12.15-01.28.04:292][621]LogExit: Preparing to exit.
[2014.12.15-01.28.05:205][621]LogExit: Editor shut down
[2014.12.15-01.28.05:205][621]LogExit: Transaction tracking system shut down
[2014.12.15-01.28.05:206][621]LogParticles: Destroying 0 GPU particle simulations for FXSystem 0x000000001AF8B740
[2014.12.15-01.28.05:206][621]LogParticles: Destroying 0 GPU particle simulations for FXSystem 0x000000000DEFE3E0
[2014.12.15-01.28.05:207][621]LogParticles: Destroying 0 GPU particle simulations for FXSystem 0x000000000C9F4FE0
[2014.12.15-01.28.05:212][621]LogParticles: Destroying 0 GPU particle simulations for FXSystem 0x000000002492E700
[2014.12.15-01.28.05:299][621]LogExit: Object subsystem successfully closed.
[2014.12.15-01.28.05:361][621]LogModuleManager: Shutting down and abandoning module AndroidDeviceDetection (172)
[2014.12.15-01.28.05:361][621]LogModuleManager: Shutting down and abandoning module CrashTracker (171)
[2014.12.15-01.28.05:361][621]LogModuleManager: Shutting down and abandoning module SuperSearch (170)
[2014.12.15-01.28.05:361][621]LogModuleManager: Shutting down and abandoning module SceneOutliner (169)
[2014.12.15-01.28.05:361][621]LogModuleManager: Shutting down and abandoning module EditorWidgets (168)
[2014.12.15-01.28.05:361][621]LogModuleManager: Shutting down and abandoning module CollectionManager (167)
[2014.12.15-01.28.05:361][621]LogModuleManager: Shutting down and abandoning module StatsViewer (166)
[2014.12.15-01.28.05:361][621]LogModuleManager: Shutting down and abandoning module FoliageEdit (165)
[2014.12.15-01.28.05:361][621]LogModuleManager: Shutting down and abandoning module LandscapeEditor (164)
[2014.12.15-01.28.05:361][621]LogModuleManager: Shutting down and abandoning module MeshPaint (163)
[2014.12.15-01.28.05:361][621]LogModuleManager: Shutting down and abandoning module ActorPickerMode (162)
[2014.12.15-01.28.05:361][621]LogModuleManager: Shutting down and abandoning module GeometryMode (161)
[2014.12.15-01.28.05:361][621]LogModuleManager: Shutting down and abandoning module TextureAlignMode (160)
[2014.12.15-01.28.05:361][621]LogModuleManager: Shutting down and abandoning module BspMode (159)
[2014.12.15-01.28.05:361][621]LogModuleManager: Shutting down and abandoning module PlacementMode (158)
[2014.12.15-01.28.05:361][621]LogModuleManager: Shutting down and abandoning module AutomationWorker (157)
[2014.12.15-01.28.05:361][621]LogModuleManager: Shutting down and abandoning module CharacterAI (156)
[2014.12.15-01.28.05:361][621]LogModuleManager: Shutting down and abandoning module GameProjectGeneration (155)
[2014.12.15-01.28.05:361][621]LogModuleManager: Shutting down and abandoning module IntroTutorials (154)
[2014.12.15-01.28.05:361][621]LogModuleManager: Shutting down and abandoning module EditorLiveStreaming (153)
[2014.12.15-01.28.05:361][621]LogModuleManager: Shutting down and abandoning module HardwareTargeting (152)
[2014.12.15-01.28.05:361][621]LogModuleManager: Shutting down and abandoning module DeviceProfileEditor (151)
[2014.12.15-01.28.05:361][621]LogModuleManager: Shutting down and abandoning module UndoHistory (150)
[2014.12.15-01.28.05:361][621]LogModuleManager: Shutting down and abandoning module GameplayTagsEditor (149)
[2014.12.15-01.28.05:361][621]LogModuleManager: Shutting down and abandoning module UserFeedback (148)
[2014.12.15-01.28.05:362][621]LogModuleManager: Shutting down and abandoning module XmlParser (147)
[2014.12.15-01.28.05:362][621]LogModuleManager: Shutting down and abandoning module Blutility (146)
[2014.12.15-01.28.05:362][621]LogModuleManager: Shutting down and abandoning module IOSPlatformEditor (145)
[2014.12.15-01.28.05:362][621]LogModuleManager: Shutting down and abandoning module IOSRuntimeSettings (144)
[2014.12.15-01.28.05:362][621]LogModuleManager: Shutting down and abandoning module AndroidPlatformEditor (143)
[2014.12.15-01.28.05:362][621]LogModuleManager: Shutting down and abandoning module AndroidRuntimeSettings (142)
[2014.12.15-01.28.05:362][621]LogModuleManager: Shutting down and abandoning module ProjectTargetPlatformEditor (141)
[2014.12.15-01.28.05:362][621]LogModuleManager: Shutting down and abandoning module ProjectSettingsViewer (140)
[2014.12.15-01.28.05:362][621]LogModuleManager: Shutting down and abandoning module InputBindingEditor (139)
[2014.12.15-01.28.05:362][621]LogModuleManager: Shutting down and abandoning module EditorSettingsViewer (138)
[2014.12.15-01.28.05:362][621]LogModuleManager: Shutting down and abandoning module SettingsEditor (137)
[2014.12.15-01.28.05:362][621]LogModuleManager: Shutting down and abandoning module ProjectLauncher (136)
[2014.12.15-01.28.05:362][621]LogModuleManager: Shutting down and abandoning module SessionFrontend (135)
[2014.12.15-01.28.05:362][621]LogModuleManager: Shutting down and abandoning module ProfilerClient (134)
[2014.12.15-01.28.05:362][621]LogModuleManager: Shutting down and abandoning module TargetDeviceServices (133)
[2014.12.15-01.28.05:362][621]LogModuleManager: Shutting down and abandoning module DeviceManager (132)
[2014.12.15-01.28.05:362][621]LogModuleManager: Shutting down and abandoning module AutomationController (131)
[2014.12.15-01.28.05:362][621]LogModuleManager: Shutting down and abandoning module AutomationWindow (130)
[2014.12.15-01.28.05:362][621]LogModuleManager: Shutting down and abandoning module Layers (129)
[2014.12.15-01.28.05:362][621]LogModuleManager: Shutting down and abandoning module ComponentVisualizers (128)
[2014.12.15-01.28.05:362][621]LogModuleManager: Shutting down and abandoning module DetailCustomizations (127)
[2014.12.15-01.28.05:362][621]LogModuleManager: Shutting down and abandoning module PackagesDialog (126)
[2014.12.15-01.28.05:363][621]LogModuleManager: Shutting down and abandoning module AssetRegistry (125)
[2014.12.15-01.28.05:485][621]LogModuleManager: Shutting down and abandoning module Persona (124)
[2014.12.15-01.28.05:485][621]LogModuleManager: Shutting down and abandoning module Kismet (123)
[2014.12.15-01.28.05:485][621]LogModuleManager: Shutting down and abandoning module GraphEditor (122)
[2014.12.15-01.28.05:485][621]LogModuleManager: Shutting down and abandoning module ClassViewer (121)
[2014.12.15-01.28.05:485][621]LogModuleManager: Shutting down and abandoning module Toolbox (120)
[2014.12.15-01.28.05:485][621]LogModuleManager: Shutting down and abandoning module ModuleUI (119)
[2014.12.15-01.28.05:485][621]LogModuleManager: Shutting down and abandoning module MovieSceneTools (118)
[2014.12.15-01.28.05:486][621]LogModuleManager: Shutting down and abandoning module OutputLog (117)
[2014.12.15-01.28.05:486][621]LogModuleManager: Shutting down and abandoning module GammaUI (116)
[2014.12.15-01.28.05:486][621]LogModuleManager: Shutting down and abandoning module Documentation (115)
[2014.12.15-01.28.05:486][621]LogModuleManager: Shutting down and abandoning module GameLiveStreaming (114)
[2014.12.15-01.28.05:486][621]LogModuleManager: Shutting down and abandoning module StreamingPauseRendering (113)
[2014.12.15-01.28.05:486][621]LogModuleManager: Shutting down and abandoning module HTTP (112)
[2014.12.15-01.28.05:486][621]LogModuleManager: Shutting down and abandoning module AnalyticsET (111)
[2014.12.15-01.28.05:486][621]LogModuleManager: Shutting down and abandoning module Analytics (110)
[2014.12.15-01.28.05:486][621]LogModuleManager: Shutting down and abandoning module AITestSuite (109)
[2014.12.15-01.28.05:486][621]LogModuleManager: Shutting down and abandoning module AIModule (108)
[2014.12.15-01.28.05:486][621]LogModuleManager: Shutting down and abandoning module ProfilerService (107)
[2014.12.15-01.28.05:609][621]LogModuleManager: Shutting down and abandoning module TaskGraph (106)
[2014.12.15-01.28.05:609][621]LogModuleManager: Shutting down and abandoning module GameplayDebugger (105)
[2014.12.15-01.28.05:609][621]LogModuleManager: Shutting down and abandoning module SlateRemote (104)
[2014.12.15-01.28.05:609][621]LogModuleManager: Shutting down and abandoning module ScriptEditorPlugin (103)
[2014.12.15-01.28.05:609][621]LogModuleManager: Shutting down and abandoning module CustomMeshComponent (102)
[2014.12.15-01.28.05:609][621]LogModuleManager: Shutting down and abandoning module CableComponent (101)
[2014.12.15-01.28.05:609][621]LogModuleManager: Shutting down and abandoning module MessagingDebugger (100)
[2014.12.15-01.28.05:609][621]LogModuleManager: Shutting down and abandoning module MediaPlayerEditor (99)
[2014.12.15-01.28.05:609][621]LogModuleManager: Shutting down and abandoning module SpeedTreeImporter (98)
[2014.12.15-01.28.05:609][621]LogModuleManager: Shutting down and abandoning module PluginsEditor (97)
[2014.12.15-01.28.05:610][621]LogModuleManager: Shutting down and abandoning module EpicSurvey (96)
[2014.12.15-01.28.05:610][621]LogModuleManager: Shutting down and abandoning module DesktopPlatform (95)
[2014.12.15-01.28.05:610][621]LogModuleManager: Shutting down and abandoning module VisualStudioSourceCodeAccess (94)
[2014.12.15-01.28.05:610][621]LogModuleManager: Shutting down and abandoning module UObjectPlugin (93)
[2014.12.15-01.28.05:610][621]LogModuleManager: Shutting down and abandoning module SubversionSourceControl (92)
[2014.12.15-01.28.05:610][621]LogModuleManager: Shutting down and abandoning module SourceControl (91)
[2014.12.15-01.28.05:610][621]LogModuleManager: Shutting down and abandoning module PerforceSourceControl (90)
[2014.12.15-01.28.05:610][621]LogModuleManager: Shutting down and abandoning module BlankPlugin (89)
[2014.12.15-01.28.05:610][621]LogModuleManager: Shutting down and abandoning module SlateReflector (88)
[2014.12.15-01.28.05:610][621]LogModuleManager: Shutting down and abandoning module DirectoryWatcher (87)
[2014.12.15-01.28.05:610][621]LogModuleManager: Shutting down and abandoning module HotReload (86)
[2014.12.15-01.28.05:610][621]LogModuleManager: Shutting down and abandoning module MainFrame (85)
[2014.12.15-01.28.05:610][621]LogModuleManager: Shutting down and abandoning module LevelEditor (84)
[2014.12.15-01.28.05:611][621]LogModuleManager: Shutting down and abandoning module ViewportSnapping (83)
[2014.12.15-01.28.05:611][621]LogModuleManager: Shutting down and abandoning module SmartSnapping (82)
[2014.12.15-01.28.05:611][621]LogModuleManager: Shutting down and abandoning module PaperTiledImporter (81)
[2014.12.15-01.28.05:612][621]LogModuleManager: Shutting down and abandoning module PaperJsonImporter (80)
[2014.12.15-01.28.05:612][621]LogModuleManager: Shutting down and abandoning module ContentBrowser (79)
[2014.12.15-01.28.05:612][621]LogModuleManager: Shutting down and abandoning module Paper2DEditor (78)
[2014.12.15-01.28.05:612][621]LogModuleManager: Shutting down and abandoning module ScriptPlugin (77)
[2014.12.15-01.28.05:612][621]LogModuleManager: Shutting down and abandoning module UdpMessaging (76)
[2014.12.15-01.28.05:712][621]LogModuleManager: Shutting down and abandoning module Paper2D (75)
[2014.12.15-01.28.05:712][621]LogModuleManager: Shutting down and abandoning module UE4Game (74)
[2014.12.15-01.28.05:712][621]LogModuleManager: Shutting down and abandoning module WindowsMoviePlayer (73)
[2014.12.15-01.28.05:717][621]LogModuleManager: Shutting down and abandoning module Media (72)
[2014.12.15-01.28.05:717][621]LogModuleManager: Shutting down and abandoning module WmfMedia (71)
[2014.12.15-01.28.05:717][621]LogModuleManager: Shutting down and abandoning module OnlineBlueprintSupport (70)
[2014.12.15-01.28.05:718][621]LogModuleManager: Shutting down and abandoning module PropertyEditor (69)
[2014.12.15-01.28.05:718][621]LogModuleManager: Shutting down and abandoning module BehaviorTreeEditor (68)
[2014.12.15-01.28.05:718][621]LogModuleManager: Shutting down and abandoning module FunctionalTesting (67)
[2014.12.15-01.28.05:718][621]LogModuleManager: Shutting down and abandoning module CollisionAnalyzer (66)
[2014.12.15-01.28.05:718][621]LogModuleManager: Shutting down and abandoning module WorkspaceMenuStructure (65)
[2014.12.15-01.28.05:718][621]LogModuleManager: Shutting down and abandoning module MessageLog (64)
[2014.12.15-01.28.05:718][621]LogModuleManager: Shutting down and abandoning module Sequencer (63)
[2014.12.15-01.28.05:718][621]LogModuleManager: Shutting down and abandoning module AssetTools (62)
[2014.12.15-01.28.05:718][621]LogModuleManager: Shutting down and abandoning module UMGEditor (61)
[2014.12.15-01.28.05:718][621]LogModuleManager: Shutting down and abandoning module UMG (60)
[2014.12.15-01.28.05:718][621]LogModuleManager: Shutting down and abandoning module Slate (59)
[2014.12.15-01.28.05:718][621]LogModuleManager: Shutting down and abandoning module EditorStyle (58)
[2014.12.15-01.28.05:723][621]LogModuleManager: Shutting down and abandoning module SessionServices (57)
[2014.12.15-01.28.05:723][621]LogModuleManager: Shutting down and abandoning module SourceCodeAccess (56)
[2014.12.15-01.28.05:723][621]LogModuleManager: Shutting down and abandoning module HeadMountedDisplay (55)
[2014.12.15-01.28.05:723][621]LogModuleManager: Shutting down and abandoning module XAudio2 (54)
[2014.12.15-01.28.05:723][621]LogModuleManager: Shutting down and abandoning module Networking (52)
[2014.12.15-01.28.05:723][621]LogModuleManager: Shutting down and abandoning module Core (51)
[2014.12.15-01.28.05:723][621]LogModuleManager: Shutting down and abandoning module KismetCompiler (50)
[2014.12.15-01.28.05:723][621]LogModuleManager: Shutting down and abandoning module PhysXFormats (49)
[2014.12.15-01.28.05:723][621]LogModuleManager: Shutting down and abandoning module MeshUtilities (48)
[2014.12.15-01.28.05:723][621]LogModuleManager: Shutting down and abandoning module DerivedDataCache (47)
[2014.12.15-01.28.05:758][621]LogDerivedDataCache: Shutdown
[2014.12.15-01.28.05:758][621]LogModuleManager: Shutting down and abandoning module ShaderFormatOpenGL (46)
[2014.12.15-01.28.05:758][621]LogModuleManager: Shutting down and abandoning module ShaderFormatD3D (45)
[2014.12.15-01.28.05:758][621]LogModuleManager: Shutting down and abandoning module MetalShaderFormat (44)
[2014.12.15-01.28.05:758][621]LogModuleManager: Shutting down and abandoning module TextureFormatUncompressed (43)
[2014.12.15-01.28.05:758][621]LogModuleManager: Shutting down and abandoning module TextureFormatPVR (42)
[2014.12.15-01.28.05:758][621]LogModuleManager: Shutting down and abandoning module TextureFormatDXT (41)
[2014.12.15-01.28.05:758][621]LogModuleManager: Shutting down and abandoning module TextureFormatAndroid (40)
[2014.12.15-01.28.05:758][621]LogModuleManager: Shutting down and abandoning module AudioFormatOpus (39)
[2014.12.15-01.28.05:758][621]LogModuleManager: Shutting down and abandoning module AudioFormatOgg (38)
[2014.12.15-01.28.05:758][621]LogModuleManager: Shutting down and abandoning module AudioFormatADPCM (37)
[2014.12.15-01.28.05:758][621]LogModuleManager: Shutting down and abandoning module LinuxTargetPlatform (36)
[2014.12.15-01.28.05:758][621]LogModuleManager: Shutting down and abandoning module LinuxServerTargetPlatform (35)
[2014.12.15-01.28.05:758][621]LogModuleManager: Shutting down and abandoning module LinuxNoEditorTargetPlatform (34)
[2014.12.15-01.28.05:758][621]LogModuleManager: Shutting down and abandoning module Messaging (33)
[2014.12.15-01.28.05:758][621]LogModuleManager: Shutting down and abandoning module IOSTargetPlatform (32)
[2014.12.15-01.28.05:758][621]LogModuleManager: Shutting down and abandoning module Android_PVRTCTargetPlatform (31)
[2014.12.15-01.28.05:758][621]LogModuleManager: Shutting down and abandoning module Android_ETC2TargetPlatform (30)
[2014.12.15-01.28.05:758][621]LogModuleManager: Shutting down and abandoning module Android_ETC1TargetPlatform (29)
[2014.12.15-01.28.05:758][621]LogModuleManager: Shutting down and abandoning module Android_DXTTargetPlatform (28)
[2014.12.15-01.28.05:758][621]LogModuleManager: Shutting down and abandoning module Android_ATCTargetPlatform (27)
[2014.12.15-01.28.05:758][621]LogModuleManager: Shutting down and abandoning module AndroidTargetPlatform (26)
[2014.12.15-01.28.05:758][621]LogModuleManager: Shutting down and abandoning module WindowsTargetPlatform (25)
[2014.12.15-01.28.05:758][621]LogModuleManager: Shutting down and abandoning module WindowsServerTargetPlatform (24)
[2014.12.15-01.28.05:758][621]LogModuleManager: Shutting down and abandoning module WindowsNoEditorTargetPlatform (23)
[2014.12.15-01.28.05:758][621]LogModuleManager: Shutting down and abandoning module WindowsClientTargetPlatform (22)
[2014.12.15-01.28.05:758][621]LogModuleManager: Shutting down and abandoning module TargetPlatform (21)
[2014.12.15-01.28.05:758][621]LogModuleManager: Shutting down and abandoning module InputCore (20)
[2014.12.15-01.28.05:758][621]LogModuleManager: Shutting down and abandoning module Settings (19)
[2014.12.15-01.28.05:758][621]LogModuleManager: Shutting down and abandoning module ImageWrapper (18)
[2014.12.15-01.28.05:758][621]LogModuleManager: Shutting down and abandoning module OculusRift (15)
[2014.12.15-01.28.05:758][621]LogModuleManager: Shutting down and abandoning module ExampleDeviceProfileSelector (14)
[2014.12.15-01.28.05:758][621]LogModuleManager: Shutting down and abandoning module TextureCompressor (13)
[2014.12.15-01.28.05:758][621]LogModuleManager: Shutting down and abandoning module ShaderCore (12)
[2014.12.15-01.28.05:758][621]LogModuleManager: Shutting down and abandoning module Landscape (11)
[2014.12.15-01.28.05:758][621]LogModuleManager: Shutting down and abandoning module SlateRHIRenderer (10)
[2014.12.15-01.28.05:762][621]LogModuleManager: Shutting down and abandoning module OpenGLDrv (9)
[2014.12.15-01.28.05:762][621]LogModuleManager: Shutting down and abandoning module D3D11RHI (8)
[2014.12.15-01.28.05:762][621]LogModuleManager: Shutting down and abandoning module Renderer (7)
[2014.12.15-01.28.05:762][621]LogModuleManager: Shutting down and abandoning module Engine (6)
[2014.12.15-01.28.05:762][621]LogModuleManager: Shutting down and abandoning module CoreUObject (5)
[2014.12.15-01.28.05:762][621]LogModuleManager: Shutting down and abandoning module NetworkFile (4)
[2014.12.15-01.28.05:762][621]LogModuleManager: Shutting down and abandoning module StreamingFile (3)
[2014.12.15-01.28.05:762][621]LogModuleManager: Shutting down and abandoning module SandboxFile (2)
[2014.12.15-01.28.05:762][621]LogModuleManager: Shutting down and abandoning module PakFile (1)
[2014.12.15-01.28.05:762][621]LogExit: Exiting.
[2014.12.15-01.28.05:769][621]Log file closed, 12/14/14 17:28:05
