Log file open, 12/14/14 17:11:06
LogInit:Display: Running engine for game: Trial_third_person
LogInit: Version: 4.6.0-2369412+++depot+UE4-Releases+4.6
LogInit: API Version: 2369412
LogInit: Compiled (64-bit): Nov 24 2014 21:54:04
LogInit: Compiled with Visual C++: 18.00.21005.01
LogInit: Build Configuration: Development
LogInit: Branch Name: ++depot+UE4-Releases+4.6
LogInit: Command line:  /Temp/Autosaves/Game/Maps/UEDPCStartMenuLevel -game -PIEVIACONSOLE -ResX=1280 -ResY=720  -Multiprocess 
LogInit: Base directory: C:/Program Files/Epic Games/4.6/Engine/Binaries/Win64/
LogInit: Rocket: 1
[2014.12.15-01.11.06:580][  0]LogTaskGraph: Started task graph with 3 named threads and 6 total threads.
[2014.12.15-01.11.06:631][  0]LogOnline:Warning: No default platform service specified for OnlineSubsystem
[2014.12.15-01.11.06:656][  0]LogInit: Presizing for 0 objects not considered by GC, pre-allocating 0 bytes.
[2014.12.15-01.11.06:669][  0]LogInit: Object subsystem initialized
[2014.12.15-01.11.06:672][  0]LogConsoleResponse:Warning: Skipping Unknown console variable: 'UIScaleCurve = (EditorCurveData=(Keys=((Time=480.000000,Value=0.444000),(Time=720.000000,Value=0.666000),(Time=1080.000000,Value=1.000000),(Time=8640.000000,Value=8.000000))),ExternalCurve=None)'
[2014.12.15-01.11.06:672][  0]LogConsoleResponse:Warning:   Found in ini file 'C:/Users/Jeremy/Documents/GitHub/Study-Session/Trial_third_person 4.6/Saved/Config/Windows/Engine.ini', in section '[/Script/Engine.RendererSettings]'
[2014.12.15-01.11.06:672][  0]LogConsoleManager:Warning: Console variable 'r.MSAA.CompositingSampleCount' wasn't set (Priority ProjectSetting < Scalability)
[2014.12.15-01.11.06:673][  0]LogInit: Selected Device Profile: [Windows]
[2014.12.15-01.11.06:673][  0]LogInit: Applying CVar settings loaded from the selected device profile: [Windows]
[2014.12.15-01.11.06:681][  0]LogInit: Computer: BRIANA-DESKTOP
[2014.12.15-01.11.06:681][  0]LogInit: User: Jeremy
[2014.12.15-01.11.06:681][  0]LogInit: CPU Page size=4096, Cores=4
[2014.12.15-01.11.06:681][  0]LogInit: High frequency timer resolution =14.318180 MHz
[2014.12.15-01.11.06:681][  0]LogMemory: Memory total: Physical=8.0GB (8GB approx) Virtual=8192.0GB
[2014.12.15-01.11.06:682][  0]LogMemory: Platform Memory Stats for Windows
[2014.12.15-01.11.06:682][  0]LogMemory: Process Physical Memory: 49.33 MB used, 49.33 MB peak
[2014.12.15-01.11.06:682][  0]LogMemory: Process Virtual Memory: 25.21 MB used, 25.21 MB peak
[2014.12.15-01.11.06:682][  0]LogMemory: Physical Memory: 3646.75 MB used, 8183.89 MB total
[2014.12.15-01.11.06:682][  0]LogMemory: Virtual Memory: 264.43 MB used, 8388608.00 MB total
[2014.12.15-01.11.06:722][  0]LogD3D11RHI: Found D3D11 adapter 0: NVIDIA GeForce GTX 550 Ti (Feature Level 11_0)
[2014.12.15-01.11.06:723][  0]LogD3D11RHI: Adapter has 977MB of dedicated video memory, 0MB of dedicated system memory, and 3071MB of shared system memory, 2 output[s]
[2014.12.15-01.11.06:723][  0]LogD3D11RHI: Chosen D3D11 Adapter Id = 0
[2014.12.15-01.11.06:730][  0]LogRHI: Texture pool is 684 MB (70% of 977 MB)
[2014.12.15-01.11.06:740][  0]LogD3D11RHI: Async texture creation enabled
[2014.12.15-01.11.06:809][  0]LogTextLocalizationManager: The requested culture ('en_US') has no localization data; parent culture's ('en') localization data will be used.
[2014.12.15-01.11.07:016][  0]LogContentStreaming: Texture pool size is 1000.000000MB
[2014.12.15-01.11.14:265][  0]LogTargetPlatformManager:Display: Building Assets For Windows
[2014.12.15-01.11.14:810][  0]LogTargetPlatformManager:Display: Building Assets For Windows
[2014.12.15-01.11.14:876][  0]LogDerivedDataCache:Display: Max Cache Size: 512 MB
[2014.12.15-01.11.14:949][  0]LogDerivedDataCache: Loaded boot cache 0.07s 39MB C:/Users/Jeremy/AppData/Local/UnrealEngine/4.6/DerivedDataCache/Boot.ddc.
[2014.12.15-01.11.14:949][  0]LogDerivedDataCache:Display: Loaded Boot cache: C:/Users/Jeremy/AppData/Local/UnrealEngine/4.6/DerivedDataCache/Boot.ddc
[2014.12.15-01.11.14:949][  0]LogDerivedDataCache: FDerivedDataBackendGraph:  Pak pak cache file ../../../../../../Users/Jeremy/Documents/GitHub/Study-Session/Trial_third_person 4.6/DerivedDataCache/DDC.ddp not found, will not use a pak cache.
[2014.12.15-01.11.14:949][  0]LogDerivedDataCache: Unable to find inner node Pak for hierarchical cache Hierarchy.
[2014.12.15-01.11.15:037][  0]LogDerivedDataCache:Display: Pak cache opened for reading ../../../Engine/DerivedDataCache/DDC.ddp.
[2014.12.15-01.11.15:048][  0]LogDerivedDataCache: Using Local data cache path C:/Users/Jeremy/AppData/Local/UnrealEngine/Common/DerivedDataCache: Writable
[2014.12.15-01.11.15:238][  0]LogCollisionProfile:Warning: Profile (UI) - Custom Channel Name = 'Weapon' hasn't been found
[2014.12.15-01.11.15:410][  0]LogMeshUtilities: No automatic mesh reduction module available
[2014.12.15-01.11.15:410][  0]LogMeshUtilities: No automatic mesh merging module available
[2014.12.15-01.11.15:852][  0]LogInit: WinSock: version 1.1 (2.2), MaxSocks=32767, MaxUdp=65467
[2014.12.15-01.11.15:919][  0]LogSlate:Warning: Failed to load font data from '../../../Engine/Content/Slate/Fonts/Roboto-Italic.ttf'
[2014.12.15-01.11.16:971][  0]LogWindowsMoviePlayer: Unable to load movie: ../../../../../../Users/Jeremy/Documents/GitHub/Study-Session/Trial_third_person 4.6/Content/Movies/Default_Startup.mp4
[2014.12.15-01.11.17:131][  0]SourceControl: Info Source control is disabled
[2014.12.15-01.11.17:131][  0]SourceControl: Info Source control is disabled
[2014.12.15-01.11.17:139][  0]SourceControl: Info Source control is disabled
[2014.12.15-01.11.17:178][  0]LogDirectoryWatcher:Warning: Failed to begin reading directory changes for C:/Users/Jeremy/Documents/GitHub/Study-Session/Trial_third_person 4.6/Binaries/Win64. Error: 0
[2014.12.15-01.11.17:239][  0]LogObj: 23338 objects as part of root set at end of initial load.
[2014.12.15-01.11.17:239][  0]LogUObjectAllocator: 4907960 out of 0 bytes used by permanent object pool.
[2014.12.15-01.11.17:315][  0]LogAutomationTest:Warning: ERR: Transient text cannot be serialized "Testing Transient serialization detection".
[2014.12.15-01.11.17:316][  0]LogEngine: Initializing Engine...
[2014.12.15-01.11.20:316][  0]LogHMD:Warning: No Oculus HMD detected! Is Oculus Run-Time installed and service is running?
[2014.12.15-01.11.20:326][  0]LogHMD: Oculus shutdown.
[2014.12.15-01.11.20:510][  0]LogInit: XAudio2 using 'Speakers (Realtek High Definition Audio)' : 2 channels at 48 kHz using 32 bits per sample (channel mask 0x3)
[2014.12.15-01.11.20:526][  0]LogInit: FAudioDevice initialized.
[2014.12.15-01.11.20:535][  0]LogInit: Texture streaming: Enabled
[2014.12.15-01.11.20:624][  0]LogAnalytics: Creating configured Analytics provider AnalyticsET
[2014.12.15-01.11.20:624][  0]LogAnalytics: ET APIKey = Rocket.Release. APIServer = http://et2.epicgames.com/ET2/. AppVersion = 4.6.0-2369412+++depot+UE4-Releases+4.6
[2014.12.15-01.11.20:625][  0]LogAnalytics: SetUserId 6df8d6a202a5f32dd217a5bf9cbf5496
[2014.12.15-01.11.20:625][  0]LogAnalytics: AnalyticsET::StartSession [Rocket.Release]
[2014.12.15-01.11.20:648][  0]LogConsoleManager:Warning: Console variable 'r.VSync' wasn't set (Priority Code < GameSetting)
[2014.12.15-01.11.20:703][  0]LogNet: Browse: /Temp/Autosaves/Game/Maps/UEDPCStartMenuLevel?Name=Player
[2014.12.15-01.11.20:703][  0]LogLoad: LoadMap: /Temp/Autosaves/Game/Maps/UEDPCStartMenuLevel?Name=Player
[2014.12.15-01.11.20:720][  0]LogMemory: Platform Memory Stats for Windows
[2014.12.15-01.11.20:720][  0]LogMemory: Process Physical Memory: 291.98 MB used, 321.92 MB peak
[2014.12.15-01.11.20:720][  0]LogMemory: Process Virtual Memory: 249.99 MB used, 280.46 MB peak
[2014.12.15-01.11.20:720][  0]LogMemory: Physical Memory: 3826.03 MB used, 8183.89 MB total
[2014.12.15-01.11.20:720][  0]LogMemory: Virtual Memory: 683.69 MB used, 8388608.00 MB total
[2014.12.15-01.11.20:720][  0]LogMemory: 
[2014.12.15-01.11.20:720][  0]Allocator Stats for TBB: (not implemented)
[2014.12.15-01.11.21:796][  0]LogWorld: Game class is 'MyGame_C'
[2014.12.15-01.11.21:822][  0]LogAIModule: Creating AISystem for world StartMenuLevel
[2014.12.15-01.11.21:823][  0]LogWorld: Bringing World /Temp/Autosaves/Game/Maps/UEDPCStartMenuLevel.StartMenuLevel up for play (max tick rate 0) at 2014.12.14-17.11.21
[2014.12.15-01.11.21:824][  0]LogWorld: Bringing up level for play took: 0.000857
[2014.12.15-01.11.21:828][  0]LogInit:Display: Game Engine Initialized.
[2014.12.15-01.11.22:049][  0]LogLoad: Full Startup: 17.59 seconds (BP compile: 0.40 seconds)
[2014.12.15-01.11.22:212][  2]LogRenderer:Warning: Reallocating scene render targets to support 1280x720.
[2014.12.15-01.11.23:984][109]LogPackageName: SearchForPackageOnDisk took   0.099s to resolve School.umap
[2014.12.15-01.11.24:080][109]LogPackageName: SearchForPackageOnDisk took   0.095s to resolve School.umap
[2014.12.15-01.11.24:080][109]LogNet: Browse: /Game/Maps/School
[2014.12.15-01.11.24:080][109]LogLoad: LoadMap: /Game/Maps/School
[2014.12.15-01.11.24:102][109]LogParticles: Destroying 0 GPU particle simulations for FXSystem 0x00000000097902C0
[2014.12.15-01.11.24:126][109]LogMemory: Platform Memory Stats for Windows
[2014.12.15-01.11.24:126][109]LogMemory: Process Physical Memory: 322.17 MB used, 327.22 MB peak
[2014.12.15-01.11.24:126][109]LogMemory: Process Virtual Memory: 265.18 MB used, 280.46 MB peak
[2014.12.15-01.11.24:126][109]LogMemory: Physical Memory: 3964.21 MB used, 8183.89 MB total
[2014.12.15-01.11.24:126][109]LogMemory: Virtual Memory: 717.66 MB used, 8388608.00 MB total
[2014.12.15-01.11.24:126][109]LogMemory: 
[2014.12.15-01.11.24:126][109]Allocator Stats for TBB: (not implemented)
[2014.12.15-01.11.24:484][109]LogLinker:Warning: Can't find file '/Game/ArchVis/Materials/MI_Couch_NOSSS_Mat_Inst'
[2014.12.15-01.11.24:484][109]LoadErrors: Info Failed to load /Game/ArchVis/Materials/MI_Couch_NOSSS_Mat_Inst.MI_Couch_NOSSS_Mat_Inst Referenced by SM_Couch_1seat
[2014.12.15-01.11.24:484][109]LogUObjectGlobals:Warning: Failed to load '/Game/ArchVis/Materials/MI_Couch_NOSSS_Mat_Inst': Can't find file '/Game/ArchVis/Materials/MI_Couch_NOSSS_Mat_Inst'
[2014.12.15-01.11.24:484][109]LogLinker:Warning: Can't find file for asset '/Game/ArchVis/Materials/MI_Couch_NOSSS_Mat_Inst' while loading NULL.
[2014.12.15-01.11.24:484][109]LoadErrors: Info Failed to load /Game/ArchVis/Materials/MI_Couch_NOSSS_Mat_Inst.MI_Couch_NOSSS_Mat_Inst Referenced by SM_Couch_1seat
[2014.12.15-01.11.24:484][109]LogUObjectGlobals:Warning: Failed to load '/Game/ArchVis/Materials/MI_Couch_NOSSS_Mat_Inst': Can't find file for asset '/Game/ArchVis/Materials/MI_Couch_NOSSS_Mat_Inst' while loading NULL.
[2014.12.15-01.11.24:485][109]LogLinker:Warning: Can't find file '/Game/ArchVis/Materials/MI_Couch_NOSSS_Mat_Inst'
[2014.12.15-01.11.24:485][109]LoadErrors: Info Failed to load /Game/ArchVis/Materials/MI_Couch_NOSSS_Mat_Inst.MI_Couch_NOSSS_Mat_Inst Referenced by SM_Couch_1seat
[2014.12.15-01.11.24:485][109]LogUObjectGlobals:Warning: Failed to load '/Game/ArchVis/Materials/MI_Couch_NOSSS_Mat_Inst': Can't find file '/Game/ArchVis/Materials/MI_Couch_NOSSS_Mat_Inst'
[2014.12.15-01.11.24:485][109]LogLinker:Warning: Can't find file for asset '/Game/ArchVis/Materials/MI_Couch_NOSSS_Mat_Inst' while loading NULL.
[2014.12.15-01.11.24:485][109]LoadErrors: Info Failed to load /Game/ArchVis/Materials/MI_Couch_NOSSS_Mat_Inst.MI_Couch_NOSSS_Mat_Inst Referenced by SM_Couch_1seat
[2014.12.15-01.11.24:485][109]LogUObjectGlobals:Warning: Failed to load '/Game/ArchVis/Materials/MI_Couch_NOSSS_Mat_Inst': Can't find file for asset '/Game/ArchVis/Materials/MI_Couch_NOSSS_Mat_Inst' while loading NULL.
[2014.12.15-01.11.24:560][109]LogWorld: Game class is 'MyGame_C'
[2014.12.15-01.11.24:563][109]LogAIModule: Creating AISystem for world School
[2014.12.15-01.11.24:571][109]LogWorld: Bringing World /Game/Maps/School.School up for play (max tick rate 0) at 2014.12.14-17.11.24
[2014.12.15-01.11.24:573][109]LogWorld: Bringing up level for play took: 0.009408
[2014.12.15-01.11.32:467][565]LogPackageName: SearchForPackageOnDisk took   0.097s to resolve LivingRoom.umap
[2014.12.15-01.11.32:565][566]LogPackageName: SearchForPackageOnDisk took   0.095s to resolve LivingRoom.umap
[2014.12.15-01.11.32:565][566]LogNet: Browse: /Game/Maps/LivingRoom
[2014.12.15-01.11.32:565][566]LogLoad: LoadMap: /Game/Maps/LivingRoom
[2014.12.15-01.11.32:589][566]LogParticles: Destroying 0 GPU particle simulations for FXSystem 0x000000000DCAAF20
[2014.12.15-01.11.32:600][566]LogMemory: Platform Memory Stats for Windows
[2014.12.15-01.11.32:600][566]LogMemory: Process Physical Memory: 357.35 MB used, 390.61 MB peak
[2014.12.15-01.11.32:600][566]LogMemory: Process Virtual Memory: 290.67 MB used, 329.10 MB peak
[2014.12.15-01.11.32:600][566]LogMemory: Physical Memory: 4026.42 MB used, 8183.89 MB total
[2014.12.15-01.11.32:600][566]LogMemory: Virtual Memory: 735.25 MB used, 8388608.00 MB total
[2014.12.15-01.11.32:600][566]LogMemory: 
[2014.12.15-01.11.32:600][566]Allocator Stats for TBB: (not implemented)
[2014.12.15-01.11.33:378][566]LogLinker:Warning: Can't find file '/Game/ArchVis/Textures/T_Shelving_N'
[2014.12.15-01.11.33:378][566]LoadErrors: Info Failed to load /Game/ArchVis/Textures/T_Shelving_N.T_Shelving_N Referenced by M_Shelving
[2014.12.15-01.11.33:378][566]LogUObjectGlobals:Warning: Failed to load '/Game/ArchVis/Textures/T_Shelving_N': Can't find file '/Game/ArchVis/Textures/T_Shelving_N'
[2014.12.15-01.11.33:378][566]LogLinker:Warning: Can't find file for asset '/Game/ArchVis/Textures/T_Shelving_N' while loading NULL.
[2014.12.15-01.11.33:378][566]LoadErrors: Info Failed to load /Game/ArchVis/Textures/T_Shelving_N.T_Shelving_N Referenced by M_Shelving
[2014.12.15-01.11.33:378][566]LogUObjectGlobals:Warning: Failed to load '/Game/ArchVis/Textures/T_Shelving_N': Can't find file for asset '/Game/ArchVis/Textures/T_Shelving_N' while loading NULL.
[2014.12.15-01.11.33:379][566]LogLinker:Warning: Can't find file '/Game/ArchVis/Textures/T_Wood'
[2014.12.15-01.11.33:379][566]LoadErrors: Info Failed to load /Game/ArchVis/Textures/T_Wood.T_Wood Referenced by M_Shelving
[2014.12.15-01.11.33:379][566]LogUObjectGlobals:Warning: Failed to load '/Game/ArchVis/Textures/T_Wood': Can't find file '/Game/ArchVis/Textures/T_Wood'
[2014.12.15-01.11.33:379][566]LogLinker:Warning: Can't find file for asset '/Game/ArchVis/Textures/T_Wood' while loading NULL.
[2014.12.15-01.11.33:379][566]LoadErrors: Info Failed to load /Game/ArchVis/Textures/T_Wood.T_Wood Referenced by M_Shelving
[2014.12.15-01.11.33:379][566]LogUObjectGlobals:Warning: Failed to load '/Game/ArchVis/Textures/T_Wood': Can't find file for asset '/Game/ArchVis/Textures/T_Wood' while loading NULL.
[2014.12.15-01.11.33:380][566]LogLinker:Warning: Can't find file '/Game/ArchVis/Textures/T_Shelving_M'
[2014.12.15-01.11.33:380][566]LoadErrors: Info Failed to load /Game/ArchVis/Textures/T_Shelving_M.T_Shelving_M Referenced by M_Shelving
[2014.12.15-01.11.33:380][566]LogUObjectGlobals:Warning: Failed to load '/Game/ArchVis/Textures/T_Shelving_M': Can't find file '/Game/ArchVis/Textures/T_Shelving_M'
[2014.12.15-01.11.33:380][566]LogLinker:Warning: Can't find file for asset '/Game/ArchVis/Textures/T_Shelving_M' while loading NULL.
[2014.12.15-01.11.33:380][566]LoadErrors: Info Failed to load /Game/ArchVis/Textures/T_Shelving_M.T_Shelving_M Referenced by M_Shelving
[2014.12.15-01.11.33:380][566]LogUObjectGlobals:Warning: Failed to load '/Game/ArchVis/Textures/T_Shelving_M': Can't find file for asset '/Game/ArchVis/Textures/T_Shelving_M' while loading NULL.
[2014.12.15-01.11.33:381][566]LogLinker:Warning: Can't find file '/Game/ArchVis/Textures/T_Wood_S'
[2014.12.15-01.11.33:381][566]LoadErrors: Info Failed to load /Game/ArchVis/Textures/T_Wood_S.T_Wood_S Referenced by M_Shelving
[2014.12.15-01.11.33:381][566]LogUObjectGlobals:Warning: Failed to load '/Game/ArchVis/Textures/T_Wood_S': Can't find file '/Game/ArchVis/Textures/T_Wood_S'
[2014.12.15-01.11.33:381][566]LogLinker:Warning: Can't find file for asset '/Game/ArchVis/Textures/T_Wood_S' while loading NULL.
[2014.12.15-01.11.33:381][566]LoadErrors: Info Failed to load /Game/ArchVis/Textures/T_Wood_S.T_Wood_S Referenced by M_Shelving
[2014.12.15-01.11.33:381][566]LogUObjectGlobals:Warning: Failed to load '/Game/ArchVis/Textures/T_Wood_S': Can't find file for asset '/Game/ArchVis/Textures/T_Wood_S' while loading NULL.
[2014.12.15-01.11.33:382][566]LogLinker:Warning: Can't find file '/Game/ArchVis/Textures/T_Shelving_N'
[2014.12.15-01.11.33:382][566]LoadErrors: Info Failed to load /Game/ArchVis/Textures/T_Shelving_N.T_Shelving_N Referenced by MaterialExpressionTextureSample_0
[2014.12.15-01.11.33:382][566]LogUObjectGlobals:Warning: Failed to load '/Game/ArchVis/Textures/T_Shelving_N': Can't find file '/Game/ArchVis/Textures/T_Shelving_N'
[2014.12.15-01.11.33:382][566]LogLinker:Warning: Can't find file for asset '/Game/ArchVis/Textures/T_Shelving_N' while loading NULL.
[2014.12.15-01.11.33:383][566]LoadErrors: Info Failed to load /Game/ArchVis/Textures/T_Shelving_N.T_Shelving_N Referenced by MaterialExpressionTextureSample_0
[2014.12.15-01.11.33:383][566]LogUObjectGlobals:Warning: Failed to load '/Game/ArchVis/Textures/T_Shelving_N': Can't find file for asset '/Game/ArchVis/Textures/T_Shelving_N' while loading NULL.
[2014.12.15-01.11.33:383][566]LogLinker:Warning: Can't find file '/Game/ArchVis/Textures/T_Shelving_M'
[2014.12.15-01.11.33:384][566]LoadErrors: Info Failed to load /Game/ArchVis/Textures/T_Shelving_M.T_Shelving_M Referenced by MaterialExpressionTextureSample_1
[2014.12.15-01.11.33:384][566]LogUObjectGlobals:Warning: Failed to load '/Game/ArchVis/Textures/T_Shelving_M': Can't find file '/Game/ArchVis/Textures/T_Shelving_M'
[2014.12.15-01.11.33:384][566]LogLinker:Warning: Can't find file for asset '/Game/ArchVis/Textures/T_Shelving_M' while loading NULL.
[2014.12.15-01.11.33:384][566]LoadErrors: Info Failed to load /Game/ArchVis/Textures/T_Shelving_M.T_Shelving_M Referenced by MaterialExpressionTextureSample_1
[2014.12.15-01.11.33:384][566]LogUObjectGlobals:Warning: Failed to load '/Game/ArchVis/Textures/T_Shelving_M': Can't find file for asset '/Game/ArchVis/Textures/T_Shelving_M' while loading NULL.
[2014.12.15-01.11.33:385][566]LogLinker:Warning: Can't find file '/Game/ArchVis/Textures/T_Wood'
[2014.12.15-01.11.33:385][566]LoadErrors: Info Failed to load /Game/ArchVis/Textures/T_Wood.T_Wood Referenced by MaterialExpressionTextureSample_4
[2014.12.15-01.11.33:385][566]LogUObjectGlobals:Warning: Failed to load '/Game/ArchVis/Textures/T_Wood': Can't find file '/Game/ArchVis/Textures/T_Wood'
[2014.12.15-01.11.33:385][566]LogLinker:Warning: Can't find file for asset '/Game/ArchVis/Textures/T_Wood' while loading NULL.
[2014.12.15-01.11.33:385][566]LoadErrors: Info Failed to load /Game/ArchVis/Textures/T_Wood.T_Wood Referenced by MaterialExpressionTextureSample_4
[2014.12.15-01.11.33:385][566]LogUObjectGlobals:Warning: Failed to load '/Game/ArchVis/Textures/T_Wood': Can't find file for asset '/Game/ArchVis/Textures/T_Wood' while loading NULL.
[2014.12.15-01.11.33:386][566]LogLinker:Warning: Can't find file '/Game/ArchVis/Textures/T_Wood_S'
[2014.12.15-01.11.33:387][566]LoadErrors: Info Failed to load /Game/ArchVis/Textures/T_Wood_S.T_Wood_S Referenced by MaterialExpressionTextureSample_5
[2014.12.15-01.11.33:387][566]LogUObjectGlobals:Warning: Failed to load '/Game/ArchVis/Textures/T_Wood_S': Can't find file '/Game/ArchVis/Textures/T_Wood_S'
[2014.12.15-01.11.33:387][566]LogLinker:Warning: Can't find file for asset '/Game/ArchVis/Textures/T_Wood_S' while loading NULL.
[2014.12.15-01.11.33:387][566]LoadErrors: Info Failed to load /Game/ArchVis/Textures/T_Wood_S.T_Wood_S Referenced by MaterialExpressionTextureSample_5
[2014.12.15-01.11.33:387][566]LogUObjectGlobals:Warning: Failed to load '/Game/ArchVis/Textures/T_Wood_S': Can't find file for asset '/Game/ArchVis/Textures/T_Wood_S' while loading NULL.
[2014.12.15-01.11.33:389][566]LogLinker:Warning: Can't find file '/Game/ArchVis/Materials/M_Statue_Inst'
[2014.12.15-01.11.33:390][566]LoadErrors: Info Failed to load /Game/ArchVis/Materials/M_Statue_Inst.M_Statue_Inst Referenced by Statue
[2014.12.15-01.11.33:390][566]LogUObjectGlobals:Warning: Failed to load '/Game/ArchVis/Materials/M_Statue_Inst': Can't find file '/Game/ArchVis/Materials/M_Statue_Inst'
[2014.12.15-01.11.33:390][566]LogLinker:Warning: Can't find file for asset '/Game/ArchVis/Materials/M_Statue_Inst' while loading NULL.
[2014.12.15-01.11.33:390][566]LoadErrors: Info Failed to load /Game/ArchVis/Materials/M_Statue_Inst.M_Statue_Inst Referenced by Statue
[2014.12.15-01.11.33:390][566]LogUObjectGlobals:Warning: Failed to load '/Game/ArchVis/Materials/M_Statue_Inst': Can't find file for asset '/Game/ArchVis/Materials/M_Statue_Inst' while loading NULL.
[2014.12.15-01.11.33:410][566]LogLinker:Warning: Can't find file '/Game/ArchVis/Materials/M_CoffeTable_MAT_Inst'
[2014.12.15-01.11.33:411][566]LoadErrors: Info Failed to load /Game/ArchVis/Materials/M_CoffeTable_MAT_Inst.M_CoffeTable_MAT_Inst Referenced by SM_CoffeeTable
[2014.12.15-01.11.33:411][566]LogUObjectGlobals:Warning: Failed to load '/Game/ArchVis/Materials/M_CoffeTable_MAT_Inst': Can't find file '/Game/ArchVis/Materials/M_CoffeTable_MAT_Inst'
[2014.12.15-01.11.33:411][566]LogLinker:Warning: Can't find file for asset '/Game/ArchVis/Materials/M_CoffeTable_MAT_Inst' while loading NULL.
[2014.12.15-01.11.33:411][566]LoadErrors: Info Failed to load /Game/ArchVis/Materials/M_CoffeTable_MAT_Inst.M_CoffeTable_MAT_Inst Referenced by SM_CoffeeTable
[2014.12.15-01.11.33:411][566]LogUObjectGlobals:Warning: Failed to load '/Game/ArchVis/Materials/M_CoffeTable_MAT_Inst': Can't find file for asset '/Game/ArchVis/Materials/M_CoffeTable_MAT_Inst' while loading NULL.
[2014.12.15-01.11.33:431][566]LogLinker:Warning: Can't find file '/Game/ArchVis/Materials/M_FloorLamp_Mat_Inst'
[2014.12.15-01.11.33:431][566]LoadErrors: Info Failed to load /Game/ArchVis/Materials/M_FloorLamp_Mat_Inst.M_FloorLamp_Mat_Inst Referenced by SM_FloorLamp
[2014.12.15-01.11.33:431][566]LogUObjectGlobals:Warning: Failed to load '/Game/ArchVis/Materials/M_FloorLamp_Mat_Inst': Can't find file '/Game/ArchVis/Materials/M_FloorLamp_Mat_Inst'
[2014.12.15-01.11.33:432][566]LogLinker:Warning: Can't find file for asset '/Game/ArchVis/Materials/M_FloorLamp_Mat_Inst' while loading NULL.
[2014.12.15-01.11.33:432][566]LoadErrors: Info Failed to load /Game/ArchVis/Materials/M_FloorLamp_Mat_Inst.M_FloorLamp_Mat_Inst Referenced by SM_FloorLamp
[2014.12.15-01.11.33:432][566]LogUObjectGlobals:Warning: Failed to load '/Game/ArchVis/Materials/M_FloorLamp_Mat_Inst': Can't find file for asset '/Game/ArchVis/Materials/M_FloorLamp_Mat_Inst' while loading NULL.
[2014.12.15-01.11.33:432][566]LogLinker:Warning: Can't find file '/Game/ArchVis/Materials/M_Curtain_MAT_Inst'
[2014.12.15-01.11.33:432][566]LoadErrors: Info Failed to load /Game/ArchVis/Materials/M_Curtain_MAT_Inst.M_Curtain_MAT_Inst Referenced by SM_Curtain
[2014.12.15-01.11.33:432][566]LogUObjectGlobals:Warning: Failed to load '/Game/ArchVis/Materials/M_Curtain_MAT_Inst': Can't find file '/Game/ArchVis/Materials/M_Curtain_MAT_Inst'
[2014.12.15-01.11.33:432][566]LogLinker:Warning: Can't find file for asset '/Game/ArchVis/Materials/M_Curtain_MAT_Inst' while loading NULL.
[2014.12.15-01.11.33:433][566]LoadErrors: Info Failed to load /Game/ArchVis/Materials/M_Curtain_MAT_Inst.M_Curtain_MAT_Inst Referenced by SM_Curtain
[2014.12.15-01.11.33:433][566]LogUObjectGlobals:Warning: Failed to load '/Game/ArchVis/Materials/M_Curtain_MAT_Inst': Can't find file for asset '/Game/ArchVis/Materials/M_Curtain_MAT_Inst' while loading NULL.
[2014.12.15-01.11.33:451][566]LogLinker:Warning: Can't find file '/Game/ArchVis/Materials/M_Shelving_Inst'
[2014.12.15-01.11.33:451][566]LoadErrors: Info Failed to load /Game/ArchVis/Materials/M_Shelving_Inst.M_Shelving_Inst Referenced by SM_Shelving
[2014.12.15-01.11.33:451][566]LogUObjectGlobals:Warning: Failed to load '/Game/ArchVis/Materials/M_Shelving_Inst': Can't find file '/Game/ArchVis/Materials/M_Shelving_Inst'
[2014.12.15-01.11.33:451][566]LogLinker:Warning: Can't find file for asset '/Game/ArchVis/Materials/M_Shelving_Inst' while loading NULL.
[2014.12.15-01.11.33:452][566]LoadErrors: Info Failed to load /Game/ArchVis/Materials/M_Shelving_Inst.M_Shelving_Inst Referenced by SM_Shelving
[2014.12.15-01.11.33:452][566]LogUObjectGlobals:Warning: Failed to load '/Game/ArchVis/Materials/M_Shelving_Inst': Can't find file for asset '/Game/ArchVis/Materials/M_Shelving_Inst' while loading NULL.
[2014.12.15-01.11.33:455][566]LogLinker:Warning: Can't find file '/Game/ArchVis/Materials/M_TV_Inst'
[2014.12.15-01.11.33:455][566]LoadErrors: Info Failed to load /Game/ArchVis/Materials/M_TV_Inst.M_TV_Inst Referenced by SM_TV
[2014.12.15-01.11.33:455][566]LogUObjectGlobals:Warning: Failed to load '/Game/ArchVis/Materials/M_TV_Inst': Can't find file '/Game/ArchVis/Materials/M_TV_Inst'
[2014.12.15-01.11.33:455][566]LogLinker:Warning: Can't find file for asset '/Game/ArchVis/Materials/M_TV_Inst' while loading NULL.
[2014.12.15-01.11.33:455][566]LoadErrors: Info Failed to load /Game/ArchVis/Materials/M_TV_Inst.M_TV_Inst Referenced by SM_TV
[2014.12.15-01.11.33:455][566]LogUObjectGlobals:Warning: Failed to load '/Game/ArchVis/Materials/M_TV_Inst': Can't find file for asset '/Game/ArchVis/Materials/M_TV_Inst' while loading NULL.
[2014.12.15-01.11.33:643][566]LogMaterial: Missing cached shader map for material M_Shelving, compiling.
[2014.12.15-01.11.33:644][566]LogMaterial:Warning: Failed to compile Material /Game/StarterContent/Materials/Materials/M_Shelving.M_Shelving for platform PCD3D_SM5, Default Material will be used in game.
[2014.12.15-01.11.33:644][566]LogMaterial:Warning: 	(Node TextureSample) TextureSample> Missing input texture
[2014.12.15-01.11.33:725][566]LogWorld: Game class is 'MyGame_C'
[2014.12.15-01.11.33:729][566]LogAIModule: Creating AISystem for world LivingRoom
[2014.12.15-01.11.33:744][566]LogPhysics:Warning: AddConvexElemsToRigidActor: ConvexElem is missing ConvexMesh (11: /Game/Character/newcatcauseoldcatsucks.newcatcauseoldcatsucks:BodySetup_3)
[2014.12.15-01.11.33:748][566]LogWorld: Bringing World /Game/Maps/LivingRoom.LivingRoom up for play (max tick rate 0) at 2014.12.14-17.11.33
[2014.12.15-01.11.33:750][566]LogWorld: Bringing up level for play took: 0.020827
[2014.12.15-01.15.07:025][522]LogBlueprintUserMessages: Level Complete!
[2014.12.15-01.15.07:126][522]LogPackageName: SearchForPackageOnDisk took   0.101s to resolve School.umap
[2014.12.15-01.15.07:226][523]LogPackageName: SearchForPackageOnDisk took   0.095s to resolve School.umap
[2014.12.15-01.15.07:226][523]LogNet: Browse: /Game/Maps/School
[2014.12.15-01.15.07:226][523]LogLoad: LoadMap: /Game/Maps/School
[2014.12.15-01.15.07:265][523]LogParticles: Destroying 0 GPU particle simulations for FXSystem 0x000000000AF29DA0
[2014.12.15-01.15.07:280][523]LogMemory: Platform Memory Stats for Windows
[2014.12.15-01.15.07:280][523]LogMemory: Process Physical Memory: 436.04 MB used, 486.65 MB peak
[2014.12.15-01.15.07:280][523]LogMemory: Process Virtual Memory: 368.33 MB used, 425.38 MB peak
[2014.12.15-01.15.07:280][523]LogMemory: Physical Memory: 3968.37 MB used, 8183.89 MB total
[2014.12.15-01.15.07:280][523]LogMemory: Virtual Memory: 816.49 MB used, 8388608.00 MB total
[2014.12.15-01.15.07:280][523]LogMemory: 
[2014.12.15-01.15.07:280][523]Allocator Stats for TBB: (not implemented)
[2014.12.15-01.15.07:640][523]LogLinker:Warning: Can't find file '/Game/ArchVis/Materials/MI_Couch_NOSSS_Mat_Inst'
[2014.12.15-01.15.07:640][523]LoadErrors: Info Failed to load /Game/ArchVis/Materials/MI_Couch_NOSSS_Mat_Inst.MI_Couch_NOSSS_Mat_Inst Referenced by SM_Couch_1seat
[2014.12.15-01.15.07:640][523]LogUObjectGlobals:Warning: Failed to load '/Game/ArchVis/Materials/MI_Couch_NOSSS_Mat_Inst': Can't find file '/Game/ArchVis/Materials/MI_Couch_NOSSS_Mat_Inst'
[2014.12.15-01.15.07:641][523]LogLinker:Warning: Can't find file for asset '/Game/ArchVis/Materials/MI_Couch_NOSSS_Mat_Inst' while loading NULL.
[2014.12.15-01.15.07:641][523]LoadErrors: Info Failed to load /Game/ArchVis/Materials/MI_Couch_NOSSS_Mat_Inst.MI_Couch_NOSSS_Mat_Inst Referenced by SM_Couch_1seat
[2014.12.15-01.15.07:641][523]LogUObjectGlobals:Warning: Failed to load '/Game/ArchVis/Materials/MI_Couch_NOSSS_Mat_Inst': Can't find file for asset '/Game/ArchVis/Materials/MI_Couch_NOSSS_Mat_Inst' while loading NULL.
[2014.12.15-01.15.07:641][523]LogLinker:Warning: Can't find file '/Game/ArchVis/Materials/MI_Couch_NOSSS_Mat_Inst'
[2014.12.15-01.15.07:641][523]LoadErrors: Info Failed to load /Game/ArchVis/Materials/MI_Couch_NOSSS_Mat_Inst.MI_Couch_NOSSS_Mat_Inst Referenced by SM_Couch_1seat
[2014.12.15-01.15.07:641][523]LogUObjectGlobals:Warning: Failed to load '/Game/ArchVis/Materials/MI_Couch_NOSSS_Mat_Inst': Can't find file '/Game/ArchVis/Materials/MI_Couch_NOSSS_Mat_Inst'
[2014.12.15-01.15.07:642][523]LogLinker:Warning: Can't find file for asset '/Game/ArchVis/Materials/MI_Couch_NOSSS_Mat_Inst' while loading NULL.
[2014.12.15-01.15.07:642][523]LoadErrors: Info Failed to load /Game/ArchVis/Materials/MI_Couch_NOSSS_Mat_Inst.MI_Couch_NOSSS_Mat_Inst Referenced by SM_Couch_1seat
[2014.12.15-01.15.07:642][523]LogUObjectGlobals:Warning: Failed to load '/Game/ArchVis/Materials/MI_Couch_NOSSS_Mat_Inst': Can't find file for asset '/Game/ArchVis/Materials/MI_Couch_NOSSS_Mat_Inst' while loading NULL.
[2014.12.15-01.15.07:720][523]LogWorld: Game class is 'MyGame_C'
[2014.12.15-01.15.07:724][523]LogAIModule: Creating AISystem for world School
[2014.12.15-01.15.07:731][523]LogWorld: Bringing World /Game/Maps/School.School up for play (max tick rate 0) at 2014.12.14-17.15.07
[2014.12.15-01.15.07:733][523]LogWorld: Bringing up level for play took: 0.008413
[2014.12.15-01.15.17:085][152]Closing by request
[2014.12.15-01.15.17:085][152]LogWindows: FPlatformMisc::RequestExit(0)
[2014.12.15-01.15.17:147][153]LogExit: Preparing to exit.
[2014.12.15-01.15.17:263][153]LogExit: Game engine shut down
[2014.12.15-01.15.17:266][153]LogParticles: Destroying 0 GPU particle simulations for FXSystem 0x000000000DCAA5C0
[2014.12.15-01.15.17:301][153]LogExit: Object subsystem successfully closed.
[2014.12.15-01.15.17:345][153]LogModuleManager: Shutting down and abandoning module AndroidDeviceDetection (102)
[2014.12.15-01.15.17:345][153]LogModuleManager: Shutting down and abandoning module AutomationWorker (101)
[2014.12.15-01.15.17:345][153]LogModuleManager: Shutting down and abandoning module CharacterAI (100)
[2014.12.15-01.15.17:345][153]LogModuleManager: Shutting down and abandoning module AITestSuite (99)
[2014.12.15-01.15.17:345][153]LogModuleManager: Shutting down and abandoning module AIModule (98)
[2014.12.15-01.15.17:345][153]LogModuleManager: Shutting down and abandoning module GameLiveStreaming (97)
[2014.12.15-01.15.17:345][153]LogModuleManager: Shutting down and abandoning module StreamingPauseRendering (96)
[2014.12.15-01.15.17:345][153]LogModuleManager: Shutting down and abandoning module HTTP (95)
[2014.12.15-01.15.17:345][153]LogModuleManager: Shutting down and abandoning module AnalyticsET (94)
[2014.12.15-01.15.17:345][153]LogModuleManager: Shutting down and abandoning module Analytics (93)
[2014.12.15-01.15.17:345][153]LogModuleManager: Shutting down and abandoning module ProfilerService (92)
[2014.12.15-01.15.17:537][153]LogModuleManager: Shutting down and abandoning module TaskGraph (91)
[2014.12.15-01.15.17:537][153]LogModuleManager: Shutting down and abandoning module GameplayDebugger (90)
[2014.12.15-01.15.17:537][153]LogModuleManager: Shutting down and abandoning module SlateRemote (89)
[2014.12.15-01.15.17:537][153]LogModuleManager: Shutting down and abandoning module CustomMeshComponent (88)
[2014.12.15-01.15.17:537][153]LogModuleManager: Shutting down and abandoning module CableComponent (87)
[2014.12.15-01.15.17:537][153]LogModuleManager: Shutting down and abandoning module DesktopPlatform (86)
[2014.12.15-01.15.17:537][153]LogModuleManager: Shutting down and abandoning module DirectoryWatcher (85)
[2014.12.15-01.15.17:537][153]LogModuleManager: Shutting down and abandoning module HotReload (84)
[2014.12.15-01.15.17:537][153]LogModuleManager: Shutting down and abandoning module VisualStudioSourceCodeAccess (83)
[2014.12.15-01.15.17:537][153]LogModuleManager: Shutting down and abandoning module UObjectPlugin (82)
[2014.12.15-01.15.17:538][153]LogModuleManager: Shutting down and abandoning module SubversionSourceControl (81)
[2014.12.15-01.15.17:538][153]LogModuleManager: Shutting down and abandoning module SourceControl (80)
[2014.12.15-01.15.17:538][153]LogModuleManager: Shutting down and abandoning module PerforceSourceControl (79)
[2014.12.15-01.15.17:538][153]LogModuleManager: Shutting down and abandoning module BlankPlugin (78)
[2014.12.15-01.15.17:538][153]LogModuleManager: Shutting down and abandoning module ScriptPlugin (77)
[2014.12.15-01.15.17:538][153]LogModuleManager: Shutting down and abandoning module UdpMessaging (76)
[2014.12.15-01.15.17:538][153]LogModuleManager: Shutting down and abandoning module Paper2D (75)
[2014.12.15-01.15.17:538][153]LogModuleManager: Shutting down and abandoning module UE4Game (74)
[2014.12.15-01.15.17:538][153]LogModuleManager: Shutting down and abandoning module WindowsMoviePlayer (73)
[2014.12.15-01.15.17:541][153]LogModuleManager: Shutting down and abandoning module Media (72)
[2014.12.15-01.15.17:542][153]LogModuleManager: Shutting down and abandoning module WmfMedia (71)
[2014.12.15-01.15.17:542][153]LogModuleManager: Shutting down and abandoning module OnlineBlueprintSupport (70)
[2014.12.15-01.15.17:542][153]LogModuleManager: Shutting down and abandoning module PropertyEditor (69)
[2014.12.15-01.15.17:542][153]LogModuleManager: Shutting down and abandoning module BehaviorTreeEditor (68)
[2014.12.15-01.15.17:542][153]LogModuleManager: Shutting down and abandoning module FunctionalTesting (67)
[2014.12.15-01.15.17:542][153]LogModuleManager: Shutting down and abandoning module CollisionAnalyzer (66)
[2014.12.15-01.15.17:542][153]LogModuleManager: Shutting down and abandoning module WorkspaceMenuStructure (65)
[2014.12.15-01.15.17:542][153]LogModuleManager: Shutting down and abandoning module MessageLog (64)
[2014.12.15-01.15.17:542][153]LogModuleManager: Shutting down and abandoning module Sequencer (63)
[2014.12.15-01.15.17:542][153]LogModuleManager: Shutting down and abandoning module AssetTools (62)
[2014.12.15-01.15.17:543][153]LogModuleManager: Shutting down and abandoning module UMGEditor (61)
[2014.12.15-01.15.17:543][153]LogModuleManager: Shutting down and abandoning module UMG (60)
[2014.12.15-01.15.17:543][153]LogModuleManager: Shutting down and abandoning module Slate (59)
[2014.12.15-01.15.17:543][153]LogModuleManager: Shutting down and abandoning module EditorStyle (58)
[2014.12.15-01.15.17:547][153]LogModuleManager: Shutting down and abandoning module SessionServices (57)
[2014.12.15-01.15.17:547][153]LogModuleManager: Shutting down and abandoning module SourceCodeAccess (56)
[2014.12.15-01.15.17:547][153]LogModuleManager: Shutting down and abandoning module HeadMountedDisplay (55)
[2014.12.15-01.15.17:547][153]LogModuleManager: Shutting down and abandoning module XAudio2 (54)
[2014.12.15-01.15.17:547][153]LogModuleManager: Shutting down and abandoning module Networking (52)
[2014.12.15-01.15.17:547][153]LogModuleManager: Shutting down and abandoning module Core (51)
[2014.12.15-01.15.17:547][153]LogModuleManager: Shutting down and abandoning module KismetCompiler (50)
[2014.12.15-01.15.17:547][153]LogModuleManager: Shutting down and abandoning module PhysXFormats (49)
[2014.12.15-01.15.17:547][153]LogModuleManager: Shutting down and abandoning module MeshUtilities (48)
[2014.12.15-01.15.17:547][153]LogModuleManager: Shutting down and abandoning module DerivedDataCache (47)
[2014.12.15-01.15.17:553][153]LogDerivedDataCache: Shutdown
[2014.12.15-01.15.17:553][153]LogModuleManager: Shutting down and abandoning module ShaderFormatOpenGL (46)
[2014.12.15-01.15.17:553][153]LogModuleManager: Shutting down and abandoning module ShaderFormatD3D (45)
[2014.12.15-01.15.17:553][153]LogModuleManager: Shutting down and abandoning module MetalShaderFormat (44)
[2014.12.15-01.15.17:553][153]LogModuleManager: Shutting down and abandoning module TextureFormatUncompressed (43)
[2014.12.15-01.15.17:553][153]LogModuleManager: Shutting down and abandoning module TextureFormatPVR (42)
[2014.12.15-01.15.17:553][153]LogModuleManager: Shutting down and abandoning module TextureFormatDXT (41)
[2014.12.15-01.15.17:553][153]LogModuleManager: Shutting down and abandoning module TextureFormatAndroid (40)
[2014.12.15-01.15.17:553][153]LogModuleManager: Shutting down and abandoning module AudioFormatOpus (39)
[2014.12.15-01.15.17:553][153]LogModuleManager: Shutting down and abandoning module AudioFormatOgg (38)
[2014.12.15-01.15.17:553][153]LogModuleManager: Shutting down and abandoning module AudioFormatADPCM (37)
[2014.12.15-01.15.17:553][153]LogModuleManager: Shutting down and abandoning module LinuxTargetPlatform (36)
[2014.12.15-01.15.17:553][153]LogModuleManager: Shutting down and abandoning module LinuxServerTargetPlatform (35)
[2014.12.15-01.15.17:553][153]LogModuleManager: Shutting down and abandoning module LinuxNoEditorTargetPlatform (34)
[2014.12.15-01.15.17:553][153]LogModuleManager: Shutting down and abandoning module Messaging (33)
[2014.12.15-01.15.17:553][153]LogModuleManager: Shutting down and abandoning module IOSTargetPlatform (32)
[2014.12.15-01.15.17:553][153]LogModuleManager: Shutting down and abandoning module Android_PVRTCTargetPlatform (31)
[2014.12.15-01.15.17:553][153]LogModuleManager: Shutting down and abandoning module Android_ETC2TargetPlatform (30)
[2014.12.15-01.15.17:553][153]LogModuleManager: Shutting down and abandoning module Android_ETC1TargetPlatform (29)
[2014.12.15-01.15.17:553][153]LogModuleManager: Shutting down and abandoning module Android_DXTTargetPlatform (28)
[2014.12.15-01.15.17:553][153]LogModuleManager: Shutting down and abandoning module Android_ATCTargetPlatform (27)
[2014.12.15-01.15.17:553][153]LogModuleManager: Shutting down and abandoning module AndroidTargetPlatform (26)
[2014.12.15-01.15.17:553][153]LogModuleManager: Shutting down and abandoning module WindowsTargetPlatform (25)
[2014.12.15-01.15.17:553][153]LogModuleManager: Shutting down and abandoning module WindowsServerTargetPlatform (24)
[2014.12.15-01.15.17:553][153]LogModuleManager: Shutting down and abandoning module WindowsNoEditorTargetPlatform (23)
[2014.12.15-01.15.17:553][153]LogModuleManager: Shutting down and abandoning module WindowsClientTargetPlatform (22)
[2014.12.15-01.15.17:553][153]LogModuleManager: Shutting down and abandoning module TargetPlatform (21)
[2014.12.15-01.15.17:553][153]LogModuleManager: Shutting down and abandoning module InputCore (20)
[2014.12.15-01.15.17:553][153]LogModuleManager: Shutting down and abandoning module Settings (19)
[2014.12.15-01.15.17:553][153]LogModuleManager: Shutting down and abandoning module ImageWrapper (18)
[2014.12.15-01.15.17:553][153]LogModuleManager: Shutting down and abandoning module OculusRift (15)
[2014.12.15-01.15.17:553][153]LogModuleManager: Shutting down and abandoning module ExampleDeviceProfileSelector (14)
[2014.12.15-01.15.17:553][153]LogModuleManager: Shutting down and abandoning module TextureCompressor (13)
[2014.12.15-01.15.17:553][153]LogModuleManager: Shutting down and abandoning module ShaderCore (12)
[2014.12.15-01.15.17:553][153]LogModuleManager: Shutting down and abandoning module Landscape (11)
[2014.12.15-01.15.17:553][153]LogModuleManager: Shutting down and abandoning module SlateRHIRenderer (10)
[2014.12.15-01.15.17:555][153]LogModuleManager: Shutting down and abandoning module OpenGLDrv (9)
[2014.12.15-01.15.17:555][153]LogModuleManager: Shutting down and abandoning module D3D11RHI (8)
[2014.12.15-01.15.17:555][153]LogModuleManager: Shutting down and abandoning module Renderer (7)
[2014.12.15-01.15.17:555][153]LogModuleManager: Shutting down and abandoning module Engine (6)
[2014.12.15-01.15.17:555][153]LogModuleManager: Shutting down and abandoning module CoreUObject (5)
[2014.12.15-01.15.17:555][153]LogModuleManager: Shutting down and abandoning module NetworkFile (4)
[2014.12.15-01.15.17:555][153]LogModuleManager: Shutting down and abandoning module StreamingFile (3)
[2014.12.15-01.15.17:555][153]LogModuleManager: Shutting down and abandoning module SandboxFile (2)
[2014.12.15-01.15.17:555][153]LogModuleManager: Shutting down and abandoning module PakFile (1)
[2014.12.15-01.15.17:555][153]LogExit: Exiting.
[2014.12.15-01.15.17:557][153]Log file closed, 12/14/14 17:15:17
