Log file open, 12/13/14 13:33:21
LogInit:Display: Running engine for game: Trial_third_person
LogInit: Version: 4.6.0-2369412+++depot+UE4-Releases+4.6
LogInit: API Version: 2369412
LogInit: Compiled (64-bit): Nov 24 2014 21:54:04
LogInit: Compiled with Visual C++: 18.00.21005.01
LogInit: Build Configuration: Development
LogInit: Branch Name: ++depot+UE4-Releases+4.6
LogInit: Command line:  /Temp/Autosaves/Game/Maps/UEDPCFinalLevel -game -PIEVIACONSOLE -ResX=1280 -ResY=720  -Multiprocess 
LogInit: Base directory: D:/Epic Games/4.6/Engine/Binaries/Win64/
LogInit: Rocket: 1
[2014.12.13-21.33.21:318][  0]LogTaskGraph: Started task graph with 3 named threads and 4 total threads.
[2014.12.13-21.33.21:362][  0]LogOnline:Warning: No default platform service specified for OnlineSubsystem
[2014.12.13-21.33.21:408][  0]LogInit: Presizing for 0 objects not considered by GC, pre-allocating 0 bytes.
[2014.12.13-21.33.21:434][  0]LogInit: Object subsystem initialized
[2014.12.13-21.33.21:438][  0]LogConsoleResponse:Warning: Skipping Unknown console variable: 'UIScaleCurve = (EditorCurveData=(Keys=((Time=480.000000,Value=0.444000),(Time=720.000000,Value=0.666000),(Time=1080.000000,Value=1.000000),(Time=8640.000000,Value=8.000000))),ExternalCurve=None)'
[2014.12.13-21.33.21:438][  0]LogConsoleResponse:Warning:   Found in ini file 'D:/Study-Session/Trial_third_person 4.6/Saved/Config/Windows/Engine.ini', in section '[/Script/Engine.RendererSettings]'
[2014.12.13-21.33.21:439][  0]LogConsoleManager:Warning: Console variable 'r.MSAA.CompositingSampleCount' wasn't set (Priority ProjectSetting < Scalability)
[2014.12.13-21.33.21:439][  0]LogInit: Selected Device Profile: [Windows]
[2014.12.13-21.33.21:439][  0]LogInit: Applying CVar settings loaded from the selected device profile: [Windows]
[2014.12.13-21.33.21:450][  0]LogInit: Computer: ZEN-MATT
[2014.12.13-21.33.21:450][  0]LogInit: User: Matt
[2014.12.13-21.33.21:450][  0]LogInit: CPU Page size=4096, Cores=2
[2014.12.13-21.33.21:450][  0]LogInit: High frequency timer resolution =2.338564 MHz
[2014.12.13-21.33.21:450][  0]LogMemory: Memory total: Physical=3.9GB (4GB approx) Virtual=8192.0GB
[2014.12.13-21.33.21:451][  0]LogMemory: Platform Memory Stats for Windows
[2014.12.13-21.33.21:451][  0]LogMemory: Process Physical Memory: 50.70 MB used, 50.70 MB peak
[2014.12.13-21.33.21:451][  0]LogMemory: Process Virtual Memory: 26.41 MB used, 26.41 MB peak
[2014.12.13-21.33.21:451][  0]LogMemory: Physical Memory: 3165.84 MB used, 3981.98 MB total
[2014.12.13-21.33.21:451][  0]LogMemory: Virtual Memory: 262.45 MB used, 8388608.00 MB total
[2014.12.13-21.33.21:532][  0]LogD3D11RHI: Found D3D11 adapter 0: Intel(R) HD Graphics 4000 (Feature Level 11_0)
[2014.12.13-21.33.21:532][  0]LogD3D11RHI: Adapter has 64MB of dedicated video memory, 0MB of dedicated system memory, and 1632MB of shared system memory, 1 output[s]
[2014.12.13-21.33.21:533][  0]LogD3D11RHI: Chosen D3D11 Adapter Id = 0
[2014.12.13-21.33.21:545][  0]LogRHI: Texture pool is 616 MB (70% of 880 MB)
[2014.12.13-21.33.21:576][  0]LogD3D11RHI: Async texture creation enabled
[2014.12.13-21.33.21:676][  0]LogTextLocalizationManager: The requested culture ('en_US') has no localization data; parent culture's ('en') localization data will be used.
[2014.12.13-21.33.22:026][  0]LogContentStreaming: Texture pool size is 400.000000MB
[2014.12.13-21.33.30:513][  0]LogTargetPlatformManager:Display: Building Assets For Windows
[2014.12.13-21.33.31:347][  0]LogTargetPlatformManager:Display: Building Assets For Windows
[2014.12.13-21.33.31:427][  0]LogDerivedDataCache:Display: Max Cache Size: 512 MB
[2014.12.13-21.33.31:486][  0]LogDerivedDataCache: Loaded boot cache 0.06s 39MB C:/Users/Matt/AppData/Local/UnrealEngine/4.6/DerivedDataCache/Boot.ddc.
[2014.12.13-21.33.31:486][  0]LogDerivedDataCache:Display: Loaded Boot cache: C:/Users/Matt/AppData/Local/UnrealEngine/4.6/DerivedDataCache/Boot.ddc
[2014.12.13-21.33.31:486][  0]LogDerivedDataCache: FDerivedDataBackendGraph:  Pak pak cache file ../../../../../Study-Session/Trial_third_person 4.6/DerivedDataCache/DDC.ddp not found, will not use a pak cache.
[2014.12.13-21.33.31:486][  0]LogDerivedDataCache: Unable to find inner node Pak for hierarchical cache Hierarchy.
[2014.12.13-21.33.31:573][  0]LogDerivedDataCache:Display: Pak cache opened for reading ../../../Engine/DerivedDataCache/DDC.ddp.
[2014.12.13-21.33.31:585][  0]LogDerivedDataCache: Using Local data cache path C:/Users/Matt/AppData/Local/UnrealEngine/Common/DerivedDataCache: Writable
[2014.12.13-21.33.31:736][  0]LogCollisionProfile:Warning: Profile (UI) - Custom Channel Name = 'Weapon' hasn't been found
[2014.12.13-21.33.31:878][  0]LogMeshUtilities: No automatic mesh reduction module available
[2014.12.13-21.33.31:878][  0]LogMeshUtilities: No automatic mesh merging module available
[2014.12.13-21.33.32:272][  0]LogInit: WinSock: version 1.1 (2.2), MaxSocks=32767, MaxUdp=65467
[2014.12.13-21.33.32:346][  0]LogSlate:Warning: Failed to load font data from '../../../Engine/Content/Slate/Fonts/Roboto-Italic.ttf'
[2014.12.13-21.33.33:430][  0]LogWindowsMoviePlayer: Unable to load movie: ../../../../../Study-Session/Trial_third_person 4.6/Content/Movies/Default_Startup.mp4
[2014.12.13-21.33.33:679][  0]SourceControl: Info Source control is disabled
[2014.12.13-21.33.33:679][  0]SourceControl: Info Source control is disabled
[2014.12.13-21.33.33:700][  0]SourceControl: Info Source control is disabled
[2014.12.13-21.33.33:790][  0]LogDirectoryWatcher:Warning: Failed to begin reading directory changes for D:/Study-Session/Trial_third_person 4.6/Binaries/Win64. Error: 0
[2014.12.13-21.33.33:872][  0]LogObj: 23338 objects as part of root set at end of initial load.
[2014.12.13-21.33.33:872][  0]LogUObjectAllocator: 4907952 out of 0 bytes used by permanent object pool.
[2014.12.13-21.33.33:946][  0]LogAutomationTest:Warning: ERR: Transient text cannot be serialized "Testing Transient serialization detection".
[2014.12.13-21.33.33:947][  0]LogEngine: Initializing Engine...
[2014.12.13-21.33.36:949][  0]LogHMD:Warning: No Oculus HMD detected! Is Oculus Run-Time installed and service is running?
[2014.12.13-21.33.36:959][  0]LogHMD: Oculus shutdown.
[2014.12.13-21.33.37:117][  0]LogInit: XAudio2 using 'Speakers (Realtek High Definition Audio)' : 2 channels at 48 kHz using 32 bits per sample (channel mask 0x3)
[2014.12.13-21.33.37:129][  0]LogInit: FAudioDevice initialized.
[2014.12.13-21.33.37:134][  0]LogInit: Texture streaming: Enabled
[2014.12.13-21.33.37:239][  0]LogAnalytics: Creating configured Analytics provider AnalyticsET
[2014.12.13-21.33.37:239][  0]LogAnalytics: ET APIKey = Rocket.Release. APIServer = http://et2.epicgames.com/ET2/. AppVersion = 4.6.0-2369412+++depot+UE4-Releases+4.6
[2014.12.13-21.33.37:241][  0]LogAnalytics: SetUserId b937dce5ae765bb63e01423e2a49fda4
[2014.12.13-21.33.37:241][  0]LogAnalytics: AnalyticsET::StartSession [Rocket.Release]
[2014.12.13-21.33.37:272][  0]LogConsoleManager:Warning: Console variable 'r.VSync' wasn't set (Priority Code < GameSetting)
[2014.12.13-21.33.37:273][  0]LogNet: Browse: /Temp/Autosaves/Game/Maps/UEDPCFinalLevel?Name=Player
[2014.12.13-21.33.37:274][  0]LogLoad: LoadMap: /Temp/Autosaves/Game/Maps/UEDPCFinalLevel?Name=Player
[2014.12.13-21.33.37:301][  0]LogMemory: Platform Memory Stats for Windows
[2014.12.13-21.33.37:301][  0]LogMemory: Process Physical Memory: 326.67 MB used, 330.74 MB peak
[2014.12.13-21.33.37:301][  0]LogMemory: Process Virtual Memory: 348.44 MB used, 352.51 MB peak
[2014.12.13-21.33.37:301][  0]LogMemory: Physical Memory: 3393.70 MB used, 3981.98 MB total
[2014.12.13-21.33.37:301][  0]LogMemory: Virtual Memory: 766.01 MB used, 8388608.00 MB total
[2014.12.13-21.33.37:301][  0]LogMemory: 
[2014.12.13-21.33.37:301][  0]Allocator Stats for TBB: (not implemented)
[2014.12.13-21.33.38:727][  0]LogBlueprint:Error: [compiler] Error Binding: property ' PercentDelegate ' on widget ' HUD_Health ' needs to be bound to a pure function, ' Get_HUD_Health_Percent_0 ' is not pure.
[2014.12.13-21.33.38:727][  0]LogBlueprint:Error: [compiler] Error Binding: property ' PercentDelegate ' on widget ' HUD_Energy ' needs to be bound to a pure function, ' Get_HUD_Energy_Percent_0 ' is not pure.
[2014.12.13-21.33.38:733][  0]LogBlueprint:Warning: [compiler] Warning [0020.14] Compile of GameHUD failed. 2 Fatal Issue(s) 0 Warning(s) [in 12 ms]
[2014.12.13-21.33.39:335][  0]LogWorld: Game class is 'MyGame_C'
[2014.12.13-21.33.39:365][  0]LogAIModule: Creating AISystem for world FinalLevel
[2014.12.13-21.33.39:379][  0]LogWorld: Bringing World /Temp/Autosaves/Game/Maps/UEDPCFinalLevel.FinalLevel up for play (max tick rate 0) at 2014.12.13-13.33.39
[2014.12.13-21.33.39:381][  0]LogWorld: Bringing up level for play took: 0.016155
[2014.12.13-21.33.39:384][  0]LogInit:Display: Game Engine Initialized.
[2014.12.13-21.33.39:619][  0]LogLoad: Full Startup: 21.02 seconds (BP compile: 0.70 seconds)
[2014.12.13-21.33.39:745][  0]LogRenderer:Warning: Reallocating scene render targets to support 640x360.
[2014.12.13-21.33.53:363][885]LogEngine: All Windows Closed
[2014.12.13-21.33.53:363][885]LogWindows: FPlatformMisc::RequestExit(0)
[2014.12.13-21.33.53:432][886]LogExit: Preparing to exit.
[2014.12.13-21.33.53:752][886]LogExit: Game engine shut down
[2014.12.13-21.33.53:761][886]LogParticles: Destroying 0 GPU particle simulations for FXSystem 0x000000000DDA99E0
[2014.12.13-21.33.53:992][886]LogExit: Object subsystem successfully closed.
[2014.12.13-21.33.54:108][886]LogModuleManager: Shutting down and abandoning module AndroidDeviceDetection (102)
[2014.12.13-21.33.54:108][886]LogModuleManager: Shutting down and abandoning module AutomationWorker (101)
[2014.12.13-21.33.54:108][886]LogModuleManager: Shutting down and abandoning module CharacterAI (100)
[2014.12.13-21.33.54:108][886]LogModuleManager: Shutting down and abandoning module AITestSuite (99)
[2014.12.13-21.33.54:108][886]LogModuleManager: Shutting down and abandoning module AIModule (98)
[2014.12.13-21.33.54:108][886]LogModuleManager: Shutting down and abandoning module GameLiveStreaming (97)
[2014.12.13-21.33.54:109][886]LogModuleManager: Shutting down and abandoning module StreamingPauseRendering (96)
[2014.12.13-21.33.54:109][886]LogModuleManager: Shutting down and abandoning module HTTP (95)
[2014.12.13-21.33.54:109][886]LogModuleManager: Shutting down and abandoning module AnalyticsET (94)
[2014.12.13-21.33.54:109][886]LogModuleManager: Shutting down and abandoning module Analytics (93)
[2014.12.13-21.33.54:109][886]LogModuleManager: Shutting down and abandoning module ProfilerService (92)
[2014.12.13-21.33.54:181][886]LogModuleManager: Shutting down and abandoning module TaskGraph (91)
[2014.12.13-21.33.54:181][886]LogModuleManager: Shutting down and abandoning module GameplayDebugger (90)
[2014.12.13-21.33.54:181][886]LogModuleManager: Shutting down and abandoning module SlateRemote (89)
[2014.12.13-21.33.54:182][886]LogModuleManager: Shutting down and abandoning module CustomMeshComponent (88)
[2014.12.13-21.33.54:182][886]LogModuleManager: Shutting down and abandoning module CableComponent (87)
[2014.12.13-21.33.54:182][886]LogModuleManager: Shutting down and abandoning module DesktopPlatform (86)
[2014.12.13-21.33.54:183][886]LogModuleManager: Shutting down and abandoning module DirectoryWatcher (85)
[2014.12.13-21.33.54:183][886]LogModuleManager: Shutting down and abandoning module HotReload (84)
[2014.12.13-21.33.54:183][886]LogModuleManager: Shutting down and abandoning module VisualStudioSourceCodeAccess (83)
[2014.12.13-21.33.54:183][886]LogModuleManager: Shutting down and abandoning module UObjectPlugin (82)
[2014.12.13-21.33.54:183][886]LogModuleManager: Shutting down and abandoning module SubversionSourceControl (81)
[2014.12.13-21.33.54:183][886]LogModuleManager: Shutting down and abandoning module SourceControl (80)
[2014.12.13-21.33.54:188][886]LogModuleManager: Shutting down and abandoning module PerforceSourceControl (79)
[2014.12.13-21.33.54:188][886]LogModuleManager: Shutting down and abandoning module BlankPlugin (78)
[2014.12.13-21.33.54:188][886]LogModuleManager: Shutting down and abandoning module ScriptPlugin (77)
[2014.12.13-21.33.54:188][886]LogModuleManager: Shutting down and abandoning module UdpMessaging (76)
[2014.12.13-21.33.54:188][886]LogModuleManager: Shutting down and abandoning module Paper2D (75)
[2014.12.13-21.33.54:189][886]LogModuleManager: Shutting down and abandoning module UE4Game (74)
[2014.12.13-21.33.54:189][886]LogModuleManager: Shutting down and abandoning module WindowsMoviePlayer (73)
[2014.12.13-21.33.54:193][886]LogModuleManager: Shutting down and abandoning module Media (72)
[2014.12.13-21.33.54:193][886]LogModuleManager: Shutting down and abandoning module WmfMedia (71)
[2014.12.13-21.33.54:195][886]LogModuleManager: Shutting down and abandoning module OnlineBlueprintSupport (70)
[2014.12.13-21.33.54:195][886]LogModuleManager: Shutting down and abandoning module PropertyEditor (69)
[2014.12.13-21.33.54:195][886]LogModuleManager: Shutting down and abandoning module BehaviorTreeEditor (68)
[2014.12.13-21.33.54:195][886]LogModuleManager: Shutting down and abandoning module FunctionalTesting (67)
[2014.12.13-21.33.54:195][886]LogModuleManager: Shutting down and abandoning module CollisionAnalyzer (66)
[2014.12.13-21.33.54:195][886]LogModuleManager: Shutting down and abandoning module WorkspaceMenuStructure (65)
[2014.12.13-21.33.54:195][886]LogModuleManager: Shutting down and abandoning module MessageLog (64)
[2014.12.13-21.33.54:195][886]LogModuleManager: Shutting down and abandoning module Sequencer (63)
[2014.12.13-21.33.54:195][886]LogModuleManager: Shutting down and abandoning module AssetTools (62)
[2014.12.13-21.33.54:195][886]LogModuleManager: Shutting down and abandoning module UMGEditor (61)
[2014.12.13-21.33.54:196][886]LogModuleManager: Shutting down and abandoning module UMG (60)
[2014.12.13-21.33.54:198][886]LogModuleManager: Shutting down and abandoning module Slate (59)
[2014.12.13-21.33.54:198][886]LogModuleManager: Shutting down and abandoning module EditorStyle (58)
[2014.12.13-21.33.54:207][886]LogModuleManager: Shutting down and abandoning module SessionServices (57)
[2014.12.13-21.33.54:207][886]LogModuleManager: Shutting down and abandoning module SourceCodeAccess (56)
[2014.12.13-21.33.54:207][886]LogModuleManager: Shutting down and abandoning module HeadMountedDisplay (55)
[2014.12.13-21.33.54:207][886]LogModuleManager: Shutting down and abandoning module XAudio2 (54)
[2014.12.13-21.33.54:207][886]LogModuleManager: Shutting down and abandoning module Networking (52)
[2014.12.13-21.33.54:207][886]LogModuleManager: Shutting down and abandoning module Core (51)
[2014.12.13-21.33.54:207][886]LogModuleManager: Shutting down and abandoning module KismetCompiler (50)
[2014.12.13-21.33.54:207][886]LogModuleManager: Shutting down and abandoning module PhysXFormats (49)
[2014.12.13-21.33.54:207][886]LogModuleManager: Shutting down and abandoning module MeshUtilities (48)
[2014.12.13-21.33.54:211][886]LogModuleManager: Shutting down and abandoning module DerivedDataCache (47)
[2014.12.13-21.33.54:598][886]LogDerivedDataCache: Shutdown
[2014.12.13-21.33.54:598][886]LogModuleManager: Shutting down and abandoning module ShaderFormatOpenGL (46)
[2014.12.13-21.33.54:599][886]LogModuleManager: Shutting down and abandoning module ShaderFormatD3D (45)
[2014.12.13-21.33.54:599][886]LogModuleManager: Shutting down and abandoning module MetalShaderFormat (44)
[2014.12.13-21.33.54:600][886]LogModuleManager: Shutting down and abandoning module TextureFormatUncompressed (43)
[2014.12.13-21.33.54:600][886]LogModuleManager: Shutting down and abandoning module TextureFormatPVR (42)
[2014.12.13-21.33.54:600][886]LogModuleManager: Shutting down and abandoning module TextureFormatDXT (41)
[2014.12.13-21.33.54:600][886]LogModuleManager: Shutting down and abandoning module TextureFormatAndroid (40)
[2014.12.13-21.33.54:600][886]LogModuleManager: Shutting down and abandoning module AudioFormatOpus (39)
[2014.12.13-21.33.54:600][886]LogModuleManager: Shutting down and abandoning module AudioFormatOgg (38)
[2014.12.13-21.33.54:600][886]LogModuleManager: Shutting down and abandoning module AudioFormatADPCM (37)
[2014.12.13-21.33.54:600][886]LogModuleManager: Shutting down and abandoning module LinuxTargetPlatform (36)
[2014.12.13-21.33.54:600][886]LogModuleManager: Shutting down and abandoning module LinuxServerTargetPlatform (35)
[2014.12.13-21.33.54:600][886]LogModuleManager: Shutting down and abandoning module LinuxNoEditorTargetPlatform (34)
[2014.12.13-21.33.54:600][886]LogModuleManager: Shutting down and abandoning module Messaging (33)
[2014.12.13-21.33.54:600][886]LogModuleManager: Shutting down and abandoning module IOSTargetPlatform (32)
[2014.12.13-21.33.54:600][886]LogModuleManager: Shutting down and abandoning module Android_PVRTCTargetPlatform (31)
[2014.12.13-21.33.54:600][886]LogModuleManager: Shutting down and abandoning module Android_ETC2TargetPlatform (30)
[2014.12.13-21.33.54:600][886]LogModuleManager: Shutting down and abandoning module Android_ETC1TargetPlatform (29)
[2014.12.13-21.33.54:600][886]LogModuleManager: Shutting down and abandoning module Android_DXTTargetPlatform (28)
[2014.12.13-21.33.54:600][886]LogModuleManager: Shutting down and abandoning module Android_ATCTargetPlatform (27)
[2014.12.13-21.33.54:600][886]LogModuleManager: Shutting down and abandoning module AndroidTargetPlatform (26)
[2014.12.13-21.33.54:600][886]LogModuleManager: Shutting down and abandoning module WindowsTargetPlatform (25)
[2014.12.13-21.33.54:600][886]LogModuleManager: Shutting down and abandoning module WindowsServerTargetPlatform (24)
[2014.12.13-21.33.54:600][886]LogModuleManager: Shutting down and abandoning module WindowsNoEditorTargetPlatform (23)
[2014.12.13-21.33.54:600][886]LogModuleManager: Shutting down and abandoning module WindowsClientTargetPlatform (22)
[2014.12.13-21.33.54:600][886]LogModuleManager: Shutting down and abandoning module TargetPlatform (21)
[2014.12.13-21.33.54:600][886]LogModuleManager: Shutting down and abandoning module InputCore (20)
[2014.12.13-21.33.54:600][886]LogModuleManager: Shutting down and abandoning module Settings (19)
[2014.12.13-21.33.54:600][886]LogModuleManager: Shutting down and abandoning module ImageWrapper (18)
[2014.12.13-21.33.54:600][886]LogModuleManager: Shutting down and abandoning module OculusRift (15)
[2014.12.13-21.33.54:601][886]LogModuleManager: Shutting down and abandoning module ExampleDeviceProfileSelector (14)
[2014.12.13-21.33.54:601][886]LogModuleManager: Shutting down and abandoning module TextureCompressor (13)
[2014.12.13-21.33.54:601][886]LogModuleManager: Shutting down and abandoning module ShaderCore (12)
[2014.12.13-21.33.54:601][886]LogModuleManager: Shutting down and abandoning module Landscape (11)
[2014.12.13-21.33.54:601][886]LogModuleManager: Shutting down and abandoning module SlateRHIRenderer (10)
[2014.12.13-21.33.54:602][886]LogModuleManager: Shutting down and abandoning module OpenGLDrv (9)
[2014.12.13-21.33.54:602][886]LogModuleManager: Shutting down and abandoning module D3D11RHI (8)
[2014.12.13-21.33.54:602][886]LogModuleManager: Shutting down and abandoning module Renderer (7)
[2014.12.13-21.33.54:602][886]LogModuleManager: Shutting down and abandoning module Engine (6)
[2014.12.13-21.33.54:602][886]LogModuleManager: Shutting down and abandoning module CoreUObject (5)
[2014.12.13-21.33.54:602][886]LogModuleManager: Shutting down and abandoning module NetworkFile (4)
[2014.12.13-21.33.54:603][886]LogModuleManager: Shutting down and abandoning module StreamingFile (3)
[2014.12.13-21.33.54:603][886]LogModuleManager: Shutting down and abandoning module SandboxFile (2)
[2014.12.13-21.33.54:603][886]LogModuleManager: Shutting down and abandoning module PakFile (1)
[2014.12.13-21.33.54:605][886]LogExit: Exiting.
[2014.12.13-21.33.54:607][886]Log file closed, 12/13/14 13:33:54
