Log file open, 12/14/14 12:42:43
LogInit:Display: Running engine for game: Trial_third_person
LogInit: Version: 4.6.0-2369412+++depot+UE4-Releases+4.6
LogInit: API Version: 2369412
LogInit: Compiled (64-bit): Nov 24 2014 21:54:04
LogInit: Compiled with Visual C++: 18.00.21005.01
LogInit: Build Configuration: Development
LogInit: Branch Name: ++depot+UE4-Releases+4.6
LogInit: Command line:  
LogInit: Base directory: D:/Epic Games/4.6/Engine/Binaries/Win64/
LogInit: Rocket: 1
[2014.12.14-20.42.43:358][  0]LogTaskGraph: Started task graph with 3 named threads and 4 total threads.
[2014.12.14-20.42.43:391][  0]LogOnline:Warning: No default platform service specified for OnlineSubsystem
[2014.12.14-20.42.43:424][  0]LogInit: Presizing for 0 objects not considered by GC, pre-allocating 0 bytes.
[2014.12.14-20.42.43:434][  0]LogInit: Object subsystem initialized
[2014.12.14-20.42.43:436][  0]LogConsoleResponse:Warning: Skipping Unknown console variable: 'UIScaleCurve = (EditorCurveData=(Keys=((Time=480.000000,Value=0.444000),(Time=720.000000,Value=0.666000),(Time=1080.000000,Value=1.000000),(Time=8640.000000,Value=8.000000))),ExternalCurve=None)'
[2014.12.14-20.42.43:436][  0]LogConsoleResponse:Warning:   Found in ini file 'D:/Study-Session/Trial_third_person 4.6/Saved/Config/Windows/Engine.ini', in section '[/Script/Engine.RendererSettings]'
[2014.12.14-20.42.43:436][  0]LogConsoleManager:Warning: Console variable 'r.MSAA.CompositingSampleCount' wasn't set (Priority ProjectSetting < Scalability)
[2014.12.14-20.42.43:437][  0]LogInit: Selected Device Profile: [Windows]
[2014.12.14-20.42.43:437][  0]LogInit: Applying CVar settings loaded from the selected device profile: [Windows]
[2014.12.14-20.42.43:446][  0]LogInit: Computer: ZEN-MATT
[2014.12.14-20.42.43:446][  0]LogInit: User: Matt
[2014.12.14-20.42.43:446][  0]LogInit: CPU Page size=4096, Cores=2
[2014.12.14-20.42.43:446][  0]LogInit: High frequency timer resolution =2.338564 MHz
[2014.12.14-20.42.43:447][  0]LogMemory: Memory total: Physical=3.9GB (4GB approx) Virtual=8192.0GB
[2014.12.14-20.42.43:447][  0]LogMemory: Platform Memory Stats for Windows
[2014.12.14-20.42.43:447][  0]LogMemory: Process Physical Memory: 50.05 MB used, 50.05 MB peak
[2014.12.14-20.42.43:447][  0]LogMemory: Process Virtual Memory: 26.53 MB used, 26.53 MB peak
[2014.12.14-20.42.43:447][  0]LogMemory: Physical Memory: 2972.45 MB used, 3981.98 MB total
[2014.12.14-20.42.43:447][  0]LogMemory: Virtual Memory: 262.45 MB used, 8388608.00 MB total
[2014.12.14-20.42.43:526][  0]LogD3D11RHI: Found D3D11 adapter 0: Intel(R) HD Graphics 4000 (Feature Level 11_0)
[2014.12.14-20.42.43:526][  0]LogD3D11RHI: Adapter has 64MB of dedicated video memory, 0MB of dedicated system memory, and 1632MB of shared system memory, 1 output[s]
[2014.12.14-20.42.43:526][  0]LogD3D11RHI: Chosen D3D11 Adapter Id = 0
[2014.12.14-20.42.43:535][  0]LogRHI: Texture pool is 616 MB (70% of 880 MB)
[2014.12.14-20.42.43:557][  0]LogD3D11RHI: Async texture creation enabled
[2014.12.14-20.42.43:643][  0]LogTextLocalizationManager: The requested culture ('en_US') has no localization data; parent culture's ('en') localization data will be used.
[2014.12.14-20.42.43:851][  0]LogContentStreaming: Texture pool size is 0.000000MB
[2014.12.14-20.42.52:180][  0]LogTargetPlatformManager:Display: Building Assets For Windows
[2014.12.14-20.42.52:953][  0]LogTargetPlatformManager:Display: Building Assets For Windows
[2014.12.14-20.42.53:040][  0]LogDerivedDataCache:Display: Max Cache Size: 512 MB
[2014.12.14-20.42.53:182][  0]LogDerivedDataCache: Loaded boot cache 0.14s 39MB C:/Users/Matt/AppData/Local/UnrealEngine/4.6/DerivedDataCache/Boot.ddc.
[2014.12.14-20.42.53:182][  0]LogDerivedDataCache:Display: Loaded Boot cache: C:/Users/Matt/AppData/Local/UnrealEngine/4.6/DerivedDataCache/Boot.ddc
[2014.12.14-20.42.53:182][  0]LogDerivedDataCache: FDerivedDataBackendGraph:  Pak pak cache file ../../../../../Study-Session/Trial_third_person 4.6/DerivedDataCache/DDC.ddp not found, will not use a pak cache.
[2014.12.14-20.42.53:182][  0]LogDerivedDataCache: Unable to find inner node Pak for hierarchical cache Hierarchy.
[2014.12.14-20.42.53:314][  0]LogDerivedDataCache:Display: Pak cache opened for reading ../../../Engine/DerivedDataCache/DDC.ddp.
[2014.12.14-20.42.53:325][  0]LogDerivedDataCache: Using Local data cache path C:/Users/Matt/AppData/Local/UnrealEngine/Common/DerivedDataCache: Writable
[2014.12.14-20.42.53:732][  0]LogCollisionProfile:Warning: Profile (UI) - Custom Channel Name = 'Weapon' hasn't been found
[2014.12.14-20.42.53:963][  0]LogMeshUtilities: No automatic mesh reduction module available
[2014.12.14-20.42.53:963][  0]LogMeshUtilities: No automatic mesh merging module available
[2014.12.14-20.42.54:560][  0]LogInit: WinSock: version 1.1 (2.2), MaxSocks=32767, MaxUdp=65467
[2014.12.14-20.42.54:662][  0]LogSlate:Warning: Failed to load font data from '../../../Engine/Content/Slate/Fonts/Roboto-Italic.ttf'
[2014.12.14-20.42.56:516][  0]UdpMessaging: Initializing bridge on interface 0.0.0.0:0 to multicast group 230.0.0.1:6666.
[2014.12.14-20.42.56:789][  0]LogDirectoryWatcher:Warning: Failed to begin reading directory changes for D:/Study-Session/Trial_third_person 4.6/Binaries/Win64. Error: 0
[2014.12.14-20.42.57:006][  0]SourceControl: Info Source control is disabled
[2014.12.14-20.42.57:006][  0]SourceControl: Info Source control is disabled
[2014.12.14-20.42.57:016][  0]SourceControl: Info Source control is disabled
[2014.12.14-20.42.57:219][  0]LogObj: 23754 objects as part of root set at end of initial load.
[2014.12.14-20.42.57:219][  0]LogUObjectAllocator: 5168128 out of 0 bytes used by permanent object pool.
[2014.12.14-20.42.57:288][  0]LogEngine: Initializing Engine...
[2014.12.14-20.42.57:462][  0]LogInit: XAudio2 using 'Speakers (Realtek High Definition Audio)' : 2 channels at 48 kHz using 32 bits per sample (channel mask 0x3)
[2014.12.14-20.42.57:472][  0]LogInit: FAudioDevice initialized.
[2014.12.14-20.42.57:501][  0]LogAIModule: Creating AISystem for world NewWorld
[2014.12.14-20.42.57:527][  0]LogDerivedDataCache: Saved boot cache 0.02s 39MB C:/Users/Matt/AppData/Local/UnrealEngine/4.6/DerivedDataCache/Boot.ddc.
[2014.12.14-20.42.57:529][  0]LogInit: Texture streaming: Enabled
[2014.12.14-20.42.57:569][  0]LogAnalytics: Creating configured Analytics provider AnalyticsET
[2014.12.14-20.42.57:569][  0]LogAnalytics: ET APIKey = Rocket.Release. APIServer = http://et2.epicgames.com/ET2/. AppVersion = 4.6.0-2369412+++depot+UE4-Releases+4.6
[2014.12.14-20.42.57:570][  0]LogAnalytics: SetUserId b937dce5ae765bb63e01423e2a49fda4
[2014.12.14-20.42.57:570][  0]LogAnalytics: AnalyticsET::StartSession [Rocket.Release]
[2014.12.14-20.42.57:592][  0]LogInit: Transaction tracking system initialized
[2014.12.14-20.42.57:731][  0]BlueprintLog: New page: Editor Load
[2014.12.14-20.42.57:774][  0]LogAssetRegistry: FAssetRegistry took 0.0102 seconds to start up
[2014.12.14-20.42.57:774][  0]LogDirectoryWatcher:Warning: Failed to begin reading directory changes for ../../../Engine/Plugins/Experimental/CharacterAI/Content/. Error: 0
[2014.12.14-20.42.58:602][  0]LogTargetPlatformManager:Display: Building Assets For Windows
[2014.12.14-20.42.59:301][  0]LogTargetPlatformManager:Display: Building Assets For Windows
[2014.12.14-20.42.59:643][  0]LogConsoleResponse:Display: 
[2014.12.14-20.42.59:713][  0]LogLinker:Warning: Asset '../../../Engine/Content/Functions/Engine_MaterialFunctions03/Procedurals/ComputeFilterWidth.uasset' has been saved with empty engine version. The asset will be loaded but may be incompatible.
[2014.12.14-20.43.00:020][  0]SourceControl: Info Source control is disabled
[2014.12.14-20.43.00:020][  0]Cmd: MAP LOAD FILE="../../../../../Study-Session/Trial_third_person 4.6/Content/Maps/StartMenuLevel.umap" TEMPLATE=0 SHOWPROGRESS=1
[2014.12.14-20.43.00:022][  0]LightingResults: New page: Lighting Build
[2014.12.14-20.43.00:041][  0]MapCheck: New page: Map Check
[2014.12.14-20.43.00:041][  0]LightingResults: New page: Lighting Build
[2014.12.14-20.43.00:067][  0]LogParticles: Destroying 0 GPU particle simulations for FXSystem 0x000000001BC03E20
[2014.12.14-20.43.00:186][  0]LogEditorServer: Finished looking for orphan Actors (0.000 secs)
[2014.12.14-20.43.00:187][  0]LogAIModule: Creating AISystem for world StartMenuLevel
[2014.12.14-20.43.00:187][  0]Cmd: MAP CHECKDEP
[2014.12.14-20.43.00:187][  0]MapCheck: New page: StartMenuLevel - Dec 14, 2014, 4:43:00 AM
[2014.12.14-20.43.00:289][  0]MapCheck: Info Map check complete: 0 Error(s), 0 Warning(s), took 101.828ms to complete.
[2014.12.14-20.43.00:289][  0]LogFileHelpers: Loading map 'StartMenuLevel' took 0.269
[2014.12.14-20.43.00:386][  0]LogCollectionManager: Loaded 0 collections in 0.001176 seconds
[2014.12.14-20.43.00:552][  0]LogCrashTracker: Crashtracker disabled due to settings.
[2014.12.14-20.43.00:560][  0]LogUObjectGlobals:Warning: Failed to find object 'Class None.'
[2014.12.14-20.43.00:600][  0]LogLoad: Full Startup: 19.83 seconds (BP compile: 0.05 seconds)
[2014.12.14-20.43.01:125][  0]LogRenderer:Warning: Reallocating scene render targets to support 1024x896.
[2014.12.14-20.43.03:243][  6]LogAssetRegistry: Asset discovery search completed in 5.4791 seconds
[2014.12.14-20.43.15:436][813]LogEditorViewport: Clicking Background
[2014.12.14-20.43.19:069][ 46]Cmd: MAP LOAD FILE="../../../../../Study-Session/Trial_third_person 4.6/Content/Maps/FinalLevel.umap" TEMPLATE=0 SHOWPROGRESS=1
[2014.12.14-20.43.19:076][ 46]LightingResults: New page: Lighting Build
[2014.12.14-20.43.19:103][ 46]LoadErrors: New page: Loading map: FinalLevel.umap
[2014.12.14-20.43.19:103][ 46]MapCheck: New page: Map Check
[2014.12.14-20.43.19:103][ 46]LightingResults: New page: Lighting Build
[2014.12.14-20.43.19:120][ 46]LogParticles: Destroying 0 GPU particle simulations for FXSystem 0x00000000121FC720
[2014.12.14-20.43.20:793][ 46]LogEditorServer: Finished looking for orphan Actors (0.000 secs)
[2014.12.14-20.43.20:793][ 46]LogAIModule: Creating AISystem for world FinalLevel
[2014.12.14-20.43.20:878][ 46]Cmd: MAP CHECKDEP
[2014.12.14-20.43.20:879][ 46]MapCheck: New page: FinalLevel - Dec 14, 2014, 4:43:20 AM
[2014.12.14-20.43.20:987][ 46]MapCheck: Info Map check complete: 0 Error(s), 0 Warning(s), took 108.128ms to complete.
[2014.12.14-20.43.20:987][ 46]LogFileHelpers: Loading map 'FinalLevel' took 1.920
[2014.12.14-20.43.26:078][281]LogEditorViewport: Clicking on Actor (context menu): Mixamo_Maw_C (Mixamo_Maw)
[2014.12.14-20.43.26:170][281]LogPropertyNode:Warning: UI Min (0.001) >= UI Max () for Ranged Numeric
[2014.12.14-20.43.26:182][281]LogPropertyNode:Warning: UI Min (0.001) >= UI Max () for Ranged Numeric
[2014.12.14-20.43.28:768][343]LogPropertyNode:Warning: UI Min (0.001) >= UI Max () for Ranged Numeric
[2014.12.14-20.43.28:769][343]LogPropertyNode:Warning: UI Min (0.001) >= UI Max () for Ranged Numeric
[2014.12.14-20.43.28:839][343]LogPropertyNode:Warning: UI Min (0.001) >= UI Max () for Ranged Numeric
[2014.12.14-20.43.28:841][343]LogPropertyNode:Warning: UI Min (0.001) >= UI Max () for Ranged Numeric
[2014.12.14-20.43.28:892][343]LogPropertyNode:Warning: UI Min (0.001) >= UI Max () for Ranged Numeric
[2014.12.14-20.43.28:893][343]LogPropertyNode:Warning: UI Min (0.001) >= UI Max () for Ranged Numeric
[2014.12.14-20.43.39:285][852]LogEditorViewport: Clicking on Actor (LMB): Mixamo_Maw_C (Mixamo_Maw)
[2014.12.14-20.43.39:308][852]LogPropertyNode:Warning: UI Min (0.001) >= UI Max () for Ranged Numeric
[2014.12.14-20.43.39:309][852]LogPropertyNode:Warning: UI Min (0.001) >= UI Max () for Ranged Numeric
[2014.12.14-20.43.39:936][883]LogEditorViewport: Clicking on Actor (context menu): Mixamo_Maw_C (Mixamo_Maw)
[2014.12.14-20.43.39:958][883]LogPropertyNode:Warning: UI Min (0.001) >= UI Max () for Ranged Numeric
[2014.12.14-20.43.39:959][883]LogPropertyNode:Warning: UI Min (0.001) >= UI Max () for Ranged Numeric
[2014.12.14-20.43.42:407][999]LogRenderer:Warning: Reallocating scene render targets to support 1616x896.
[2014.12.14-20.43.46:463][ 26]LogPropertyNode:Warning: UI Min (0.001) >= UI Max () for Ranged Numeric
[2014.12.14-20.44.24:891][632]LogPropertyNode:Warning: UI Min (0.001) >= UI Max () for Ranged Numeric
[2014.12.14-20.44.35:328][ 35]BlueprintLog: New page: Pre-PIE auto-recompile
[2014.12.14-20.44.35:337][ 35]LogPlayLevel: [PIE] Compiling Tutorial_BP_MacroLib before PIE...
[2014.12.14-20.44.35:451][ 35]LogPlayLevel: [PIE] Compiling FinalLevel before PIE...
[2014.12.14-20.44.35:623][ 35]LogPlayLevel: PIE:  Blueprint regeneration took 295 ms (2 blueprints)
[2014.12.14-20.44.35:635][ 35]PIE: New page: PIE session: FinalLevel (Dec 14, 2014, 4:44:35 AM)
[2014.12.14-20.44.35:660][ 35]LogPlayLevel: PIE: StaticDuplicateObject took: (0.023955s)
[2014.12.14-20.44.35:663][ 35]LogPlayLevel: PIE: World Init took: (0.002987s)
[2014.12.14-20.44.35:664][ 35]LogPlayLevel: PIE: Created PIE world by copying editor world from /Game/Maps/FinalLevel.FinalLevel to /Game/Maps/UEDPIE_0_FinalLevel.FinalLevel (0.028360s)
[2014.12.14-20.44.36:548][ 35]LogWorld: Game class is 'MyGame_C'
[2014.12.14-20.44.36:573][ 35]LogAIModule: Creating AISystem for world FinalLevel
[2014.12.14-20.44.36:582][ 35]LogWorld: Bringing World /Game/Maps/UEDPIE_0_FinalLevel.FinalLevel up for play (max tick rate 0) at 2014.12.14-12.44.36
[2014.12.14-20.44.36:585][ 35]LogWorld: Bringing up level for play took: 0.011467
[2014.12.14-20.44.36:629][ 35]PIE: Info Play in editor start time for /Game/Maps/UEDPIE_0_FinalLevel 1.908
[2014.12.14-20.44.37:154][ 35]LogD3D11RHI: Timed out while waiting for GPU to catch up. (500 ms)
[2014.12.14-20.44.53:761][285]LogPropertyNode:Warning: UI Min (0.001) >= UI Max () for Ranged Numeric
[2014.12.14-20.44.53:793][285]LogPropertyNode:Warning: UI Min (0.001) >= UI Max () for Ranged Numeric
[2014.12.14-20.44.53:794][285]LogPropertyNode:Warning: UI Min (0.001) >= UI Max () for Ranged Numeric
[2014.12.14-20.44.53:903][285]LogPropertyNode:Warning: UI Min (0.001) >= UI Max () for Ranged Numeric
[2014.12.14-20.44.53:904][285]LogPropertyNode:Warning: UI Min (0.001) >= UI Max () for Ranged Numeric
[2014.12.14-20.44.54:102][285]LogParticles: Destroying 0 GPU particle simulations for FXSystem 0x0000000015618FE0
[2014.12.14-20.44.55:299][342]LogPropertyNode:Warning: UI Min (0.001) >= UI Max () for Ranged Numeric
[2014.12.14-20.45.01:545][449]LogPropertyNode:Warning: UI Min (0.001) >= UI Max () for Ranged Numeric
[2014.12.14-20.45.23:618][796]BlueprintLog: New page: Compile Mixamo_Maw
[2014.12.14-20.45.23:736][796]LogPropertyNode:Warning: UI Min (0.001) >= UI Max () for Ranged Numeric
[2014.12.14-20.45.23:784][796]LogPropertyNode:Warning: UI Min (0.001) >= UI Max () for Ranged Numeric
[2014.12.14-20.45.23:785][796]LogPropertyNode:Warning: UI Min (0.001) >= UI Max () for Ranged Numeric
[2014.12.14-20.45.23:859][796]LogPropertyNode:Warning: UI Min (0.001) >= UI Max () for Ranged Numeric
[2014.12.14-20.45.23:860][796]LogPropertyNode:Warning: UI Min (0.001) >= UI Max () for Ranged Numeric
[2014.12.14-20.45.24:002][796]LogPropertyNode:Warning: UI Min (0.001) >= UI Max () for Ranged Numeric
[2014.12.14-20.45.24:003][796]LogPropertyNode:Warning: UI Min (0.001) >= UI Max () for Ranged Numeric
[2014.12.14-20.45.24:105][796]LogPropertyNode:Warning: UI Min (0.001) >= UI Max () for Ranged Numeric
[2014.12.14-20.45.24:106][796]LogPropertyNode:Warning: UI Min (0.001) >= UI Max () for Ranged Numeric
[2014.12.14-20.45.24:145][796]BlueprintEditorCompileResults: Info [0163.37] Compile of Mixamo_Maw successful! [in 477 ms]
[2014.12.14-20.45.26:790][894]Cmd: OBJ SAVEPACKAGE PACKAGE="/Game/Maps/FinalLevel" FILE="../../../../../Study-Session/Trial_third_person 4.6/Content/Maps/FinalLevel.umap" SILENT=true AUTOSAVING=false KEEPDIRTY=false
[2014.12.14-20.45.27:066][894]LogSavePackage: Save=188.910370ms
[2014.12.14-20.45.27:066][894]LogSavePackage: Moving '../../../../../Study-Session/Trial_third_person 4.6/Saved/FinalLevel75B514AE4EEB475C1536E5AF8ADC0D0C.tmp' to '../../../../../Study-Session/Trial_third_person 4.6/Content/Maps/FinalLevel.umap'
[2014.12.14-20.45.27:114][894]LogFileHelpers: Saving map 'FinalLevel' took 0.472
[2014.12.14-20.45.27:211][894]Cmd: OBJ SAVEPACKAGE PACKAGE="/Game/MixamoAnimPack/Mixamo_Maw/Mixamo_Maw" FILE="../../../../../Study-Session/Trial_third_person 4.6/Content/MixamoAnimPack/Mixamo_Maw/Mixamo_Maw.uasset" SILENT=true
[2014.12.14-20.45.27:514][894]LogSavePackage: Save=290.638611ms
[2014.12.14-20.45.27:514][894]LogSavePackage: Moving '../../../../../Study-Session/Trial_third_person 4.6/Saved/Mixamo_MawC25D9FAD462A54857B4FE38EAC939315.tmp' to '../../../../../Study-Session/Trial_third_person 4.6/Content/MixamoAnimPack/Mixamo_Maw/Mixamo_Maw.uasset'
[2014.12.14-20.52.21:610][876]LogPropertyNode:Warning: UI Min (0.001) >= UI Max () for Ranged Numeric
[2014.12.14-20.52.51:767][292]LogPropertyNode:Warning: UI Min (0.001) >= UI Max () for Ranged Numeric
[2014.12.14-20.52.57:268][377]LogActorComponent: UnregisterComponent: (/Engine/Transient.CharacterMovementComponent_0) Not registered. Aborting.
[2014.12.14-20.53.01:801][551]BlueprintLog: New page: Pre-PIE auto-recompile
[2014.12.14-20.53.01:805][551]LogPlayLevel: [PIE] Compiling FinalLevel before PIE...
[2014.12.14-20.53.01:919][551]LogPlayLevel: PIE:  Blueprint regeneration took 117 ms (1 blueprints)
[2014.12.14-20.53.01:919][551]PIE: New page: PIE session: FinalLevel (Dec 14, 2014, 4:53:01 AM)
[2014.12.14-20.53.01:934][551]LogPlayLevel: PIE: StaticDuplicateObject took: (0.014277s)
[2014.12.14-20.53.01:934][551]LogPlayLevel: PIE: World Init took: (0.000708s)
[2014.12.14-20.53.01:935][551]LogPlayLevel: PIE: Created PIE world by copying editor world from /Game/Maps/FinalLevel.FinalLevel to /Game/Maps/UEDPIE_0_FinalLevel.FinalLevel (0.015272s)
[2014.12.14-20.53.01:986][551]LogWorld: Game class is 'MyGame_C'
[2014.12.14-20.53.01:987][551]LogAIModule: Creating AISystem for world FinalLevel
[2014.12.14-20.53.01:997][551]LogWorld: Bringing World /Game/Maps/UEDPIE_0_FinalLevel.FinalLevel up for play (max tick rate 0) at 2014.12.14-12.53.01
[2014.12.14-20.53.01:998][551]LogWorld: Bringing up level for play took: 0.010005
[2014.12.14-20.53.02:000][551]PIE: Info Play in editor start time for /Game/Maps/UEDPIE_0_FinalLevel -0.747
[2014.12.14-20.53.04:039][619]LogCharacterMovement: MyCharacter_C_1 is stuck and failed to move!
[2014.12.14-20.53.05:544][673]LogCharacterMovement: MyCharacter_C_1 is stuck and failed to move!
[2014.12.14-20.53.05:573][674]LogCharacterMovement: MyCharacter_C_1 is stuck and failed to move!
[2014.12.14-20.53.05:629][676]LogCharacterMovement: MyCharacter_C_1 is stuck and failed to move!
[2014.12.14-20.53.05:655][677]LogCharacterMovement: MyCharacter_C_1 is stuck and failed to move!
[2014.12.14-20.53.51:055][125]LogCharacterMovement: MyCharacter_C_1 is stuck and failed to move!
[2014.12.14-20.53.51:086][126]LogCharacterMovement: MyCharacter_C_1 is stuck and failed to move!
[2014.12.14-20.53.51:116][127]LogCharacterMovement: MyCharacter_C_1 is stuck and failed to move!
[2014.12.14-20.54.30:987][386]LogPropertyNode:Warning: UI Min (0.001) >= UI Max () for Ranged Numeric
[2014.12.14-20.54.31:034][386]LogPropertyNode:Warning: UI Min (0.001) >= UI Max () for Ranged Numeric
[2014.12.14-20.54.31:035][386]LogPropertyNode:Warning: UI Min (0.001) >= UI Max () for Ranged Numeric
[2014.12.14-20.54.31:127][386]LogPropertyNode:Warning: UI Min (0.001) >= UI Max () for Ranged Numeric
[2014.12.14-20.54.31:128][386]LogPropertyNode:Warning: UI Min (0.001) >= UI Max () for Ranged Numeric
[2014.12.14-20.54.31:306][386]LogParticles: Destroying 0 GPU particle simulations for FXSystem 0x0000000011027CE0
[2014.12.14-20.54.35:535][590]LogPropertyNode:Warning: UI Min (0.001) >= UI Max () for Ranged Numeric
[2014.12.14-20.54.38:403][635]LogPropertyNode:Warning: UI Min (0.001) >= UI Max () for Ranged Numeric
[2014.12.14-20.55.19:651][691]Cmd: OBJ SAVEPACKAGE PACKAGE="/Game/MixamoAnimPack/Mixamo_Maw/Mixamo_Maw" FILE="../../../../../Study-Session/Trial_third_person 4.6/Content/MixamoAnimPack/Mixamo_Maw/Mixamo_Maw.uasset" SILENT=true
[2014.12.14-20.55.19:962][691]LogSavePackage: Save=296.192017ms
[2014.12.14-20.55.19:962][691]LogSavePackage: Moving '../../../../../Study-Session/Trial_third_person 4.6/Saved/Mixamo_MawF516CF614588D649285BA29F998AF638.tmp' to '../../../../../Study-Session/Trial_third_person 4.6/Content/MixamoAnimPack/Mixamo_Maw/Mixamo_Maw.uasset'
[2014.12.14-20.56.51:150][312]LogActorComponent: UnregisterComponent: (/Engine/Transient.CharacterMovementComponent_1) Not registered. Aborting.
[2014.12.14-20.56.51:224][312]LogFileHelpers: Editor autosave (incl. sublevels) for '/Game/Maps/FinalLevel' took 0.074
[2014.12.14-20.56.51:266][312]OBJ SavePackage: Generating thumbnails for [1] asset(s) in package [/Game/MixamoAnimPack/Mixamo_Maw/Mixamo_Maw] ([1] browsable assets)...
[2014.12.14-20.56.51:306][312]OBJ SavePackage:     Rendered thumbnail for [Blueprint /Game/MixamoAnimPack/Mixamo_Maw/Mixamo_Maw.Mixamo_Maw]
[2014.12.14-20.56.51:306][312]OBJ SavePackage: Finished generating thumbnails for package [/Game/MixamoAnimPack/Mixamo_Maw/Mixamo_Maw]
[2014.12.14-20.56.51:635][312]LogSavePackage: Save=308.829681ms
[2014.12.14-20.56.51:635][312]LogSavePackage: Moving '../../../../../Study-Session/Trial_third_person 4.6/Saved/Mixamo_Maw_Auto1849B01DF412F4243B9B21C9D83925E7B.tmp' to '../../../../../Study-Session/Trial_third_person 4.6/Saved/Autosaves/Game/MixamoAnimPack/Mixamo_Maw/Mixamo_Maw_Auto1.uasset'
[2014.12.14-20.56.51:642][312]LogFileHelpers: Auto-saving content packages took 0.417
[2014.12.14-20.57.18:573][681]LogActorComponent: UnregisterComponent: (/Engine/Transient.CharacterMovementComponent_2) Not registered. Aborting.
[2014.12.14-20.57.18:683][681]Cmd: OBJ SAVEPACKAGE PACKAGE="/Game/MixamoAnimPack/Mixamo_Maw/Mixamo_Maw" FILE="../../../../../Study-Session/Trial_third_person 4.6/Content/MixamoAnimPack/Mixamo_Maw/Mixamo_Maw.uasset" SILENT=true
[2014.12.14-20.57.19:129][681]LogSavePackage: Save=434.268646ms
[2014.12.14-20.57.19:129][681]LogSavePackage: Moving '../../../../../Study-Session/Trial_third_person 4.6/Saved/Mixamo_Maw35F4A9CB4FA3F438E3E992BFC931B4C7.tmp' to '../../../../../Study-Session/Trial_third_person 4.6/Content/MixamoAnimPack/Mixamo_Maw/Mixamo_Maw.uasset'
[2014.12.14-20.58.18:785][671]BlueprintLog: New page: Compile Mixamo_Maw
[2014.12.14-20.58.18:912][671]LogPropertyNode:Warning: UI Min (0.001) >= UI Max () for Ranged Numeric
[2014.12.14-20.58.18:913][671]LogPropertyNode:Warning: UI Min (0.001) >= UI Max () for Ranged Numeric
[2014.12.14-20.58.18:975][671]LogPropertyNode:Warning: UI Min (0.001) >= UI Max () for Ranged Numeric
[2014.12.14-20.58.18:977][671]LogPropertyNode:Warning: UI Min (0.001) >= UI Max () for Ranged Numeric
[2014.12.14-20.58.19:129][671]LogPropertyNode:Warning: UI Min (0.001) >= UI Max () for Ranged Numeric
[2014.12.14-20.58.19:130][671]LogPropertyNode:Warning: UI Min (0.001) >= UI Max () for Ranged Numeric
[2014.12.14-20.58.19:162][671]LogActorComponent: UnregisterComponent: (/Engine/Transient.CharacterMovementComponent_3) Not registered. Aborting.
[2014.12.14-20.58.19:271][671]LogPropertyNode:Warning: UI Min (0.001) >= UI Max () for Ranged Numeric
[2014.12.14-20.58.19:272][671]LogPropertyNode:Warning: UI Min (0.001) >= UI Max () for Ranged Numeric
[2014.12.14-20.58.19:309][671]BlueprintEditorCompileResults: Info [0938.49] Compile of Mixamo_Maw successful! [in 465 ms]
[2014.12.14-20.59.13:969][420]Cmd: OBJ SAVEPACKAGE PACKAGE="/Game/Maps/FinalLevel" FILE="../../../../../Study-Session/Trial_third_person 4.6/Content/Maps/FinalLevel.umap" SILENT=true AUTOSAVING=false KEEPDIRTY=false
[2014.12.14-20.59.14:157][420]LogSavePackage: Save=124.007721ms
[2014.12.14-20.59.14:157][420]LogSavePackage: Moving '../../../../../Study-Session/Trial_third_person 4.6/Saved/FinalLevelA3EB0CA748F3C45BFE4783BB22814A68.tmp' to '../../../../../Study-Session/Trial_third_person 4.6/Content/Maps/FinalLevel.umap'
[2014.12.14-20.59.14:242][420]LogFileHelpers: Saving map 'FinalLevel' took 0.414
[2014.12.14-20.59.14:275][420]Cmd: OBJ SAVEPACKAGE PACKAGE="/Game/MixamoAnimPack/Mixamo_Maw/Mixamo_Maw" FILE="../../../../../Study-Session/Trial_third_person 4.6/Content/MixamoAnimPack/Mixamo_Maw/Mixamo_Maw.uasset" SILENT=true
[2014.12.14-20.59.14:659][420]LogSavePackage: Save=370.096771ms
[2014.12.14-20.59.14:659][420]LogSavePackage: Moving '../../../../../Study-Session/Trial_third_person 4.6/Saved/Mixamo_Maw71407E2F4576F9A4912BFB8FE6A51325.tmp' to '../../../../../Study-Session/Trial_third_person 4.6/Content/MixamoAnimPack/Mixamo_Maw/Mixamo_Maw.uasset'
[2014.12.14-21.00.03:264][784]LogActorComponent: UnregisterComponent: (/Engine/Transient.CharacterMovementComponent_4) Not registered. Aborting.
[2014.12.14-21.00.03:358][784]Cmd: OBJ SAVEPACKAGE PACKAGE="/Game/MixamoAnimPack/Mixamo_Maw/Mixamo_Maw" FILE="../../../../../Study-Session/Trial_third_person 4.6/Content/MixamoAnimPack/Mixamo_Maw/Mixamo_Maw.uasset" SILENT=true
[2014.12.14-21.00.03:462][784]LogSavePackage: Save=86.778038ms
[2014.12.14-21.00.03:462][784]LogSavePackage: Moving '../../../../../Study-Session/Trial_third_person 4.6/Saved/Mixamo_Maw17679A0A42521EA018CA70B00D36AE6F.tmp' to '../../../../../Study-Session/Trial_third_person 4.6/Content/MixamoAnimPack/Mixamo_Maw/Mixamo_Maw.uasset'
[2014.12.14-21.01.31:973][805]BlueprintLog: New page: Pre-PIE auto-recompile
[2014.12.14-21.01.31:978][805]LogPlayLevel: [PIE] Compiling FinalLevel before PIE...
[2014.12.14-21.01.32:089][805]LogPlayLevel: PIE:  Blueprint regeneration took 115 ms (1 blueprints)
[2014.12.14-21.01.32:089][805]PIE: New page: PIE session: FinalLevel (Dec 14, 2014, 5:01:32 AM)
[2014.12.14-21.01.32:101][805]LogPlayLevel: PIE: StaticDuplicateObject took: (0.011275s)
[2014.12.14-21.01.32:102][805]LogPlayLevel: PIE: World Init took: (0.000780s)
[2014.12.14-21.01.32:102][805]LogPlayLevel: PIE: Created PIE world by copying editor world from /Game/Maps/FinalLevel.FinalLevel to /Game/Maps/UEDPIE_0_FinalLevel.FinalLevel (0.012285s)
[2014.12.14-21.01.32:183][805]LogWorld: Game class is 'MyGame_C'
[2014.12.14-21.01.32:184][805]LogAIModule: Creating AISystem for world FinalLevel
[2014.12.14-21.01.32:192][805]LogWorld: Bringing World /Game/Maps/UEDPIE_0_FinalLevel.FinalLevel up for play (max tick rate 0) at 2014.12.14-13.01.32
[2014.12.14-21.01.32:193][805]LogWorld: Bringing up level for play took: 0.008323
[2014.12.14-21.01.32:204][805]PIE: Info Play in editor start time for /Game/Maps/UEDPIE_0_FinalLevel -0.57
[2014.12.14-21.01.54:144][352]LogPropertyNode:Warning: UI Min (0.001) >= UI Max () for Ranged Numeric
[2014.12.14-21.01.54:145][352]LogPropertyNode:Warning: UI Min (0.001) >= UI Max () for Ranged Numeric
[2014.12.14-21.01.54:248][352]LogPropertyNode:Warning: UI Min (0.001) >= UI Max () for Ranged Numeric
[2014.12.14-21.01.54:249][352]LogPropertyNode:Warning: UI Min (0.001) >= UI Max () for Ranged Numeric
[2014.12.14-21.01.54:580][353]LogParticles: Destroying 0 GPU particle simulations for FXSystem 0x000000001CF35BC0
[2014.12.14-21.05.26:129][637]LogContentBrowser:Verbose: The content browser source was changed by the sources view to '/Game/Character'
[2014.12.14-21.05.35:864][936]LogContentBrowser:Verbose: The content browser source was changed by the sources view to '/Game/Blueprints'
[2014.12.14-21.05.37:954][996]LogPropertyNode:Warning: UI Min (0.001) >= UI Max () for Ranged Numeric
[2014.12.14-21.05.37:955][996]LogPropertyNode:Warning: UI Min (0.001) >= UI Max () for Ranged Numeric
[2014.12.14-21.05.38:030][996]LogPropertyNode:Warning: UI Min (0.001) >= UI Max () for Ranged Numeric
[2014.12.14-21.05.38:031][996]LogPropertyNode:Warning: UI Min (0.001) >= UI Max () for Ranged Numeric
[2014.12.14-21.05.59:701][866]LogActorComponent: UnregisterComponent: (/Engine/Transient.CharacterMovementComponent_5) Not registered. Aborting.
[2014.12.14-21.05.59:701][866]LogActorComponent: UnregisterComponent: (/Engine/Transient.ProjectileMovementComponent_0) Not registered. Aborting.
[2014.12.14-21.06.34:101][153]Cmd: OBJ SAVEPACKAGE PACKAGE="/Game/Blueprints/MyCharacter" FILE="../../../../../Study-Session/Trial_third_person 4.6/Content/Blueprints/MyCharacter.uasset" SILENT=true
[2014.12.14-21.06.34:538][153]LogSavePackage: Save=422.977081ms
[2014.12.14-21.06.34:538][153]LogSavePackage: Moving '../../../../../Study-Session/Trial_third_person 4.6/Saved/MyCharacter7ABD29E14F4579A3EA1E40A29D9413B4.tmp' to '../../../../../Study-Session/Trial_third_person 4.6/Content/Blueprints/MyCharacter.uasset'
[2014.12.14-21.06.36:156][224]BlueprintLog: New page: Compile MyCharacter
[2014.12.14-21.06.36:400][224]LogPropertyNode:Warning: UI Min (0.001) >= UI Max () for Ranged Numeric
[2014.12.14-21.06.36:400][224]LogPropertyNode:Warning: UI Min (0.001) >= UI Max () for Ranged Numeric
[2014.12.14-21.06.36:475][224]LogActorComponent: UnregisterComponent: (/Engine/Transient.CharacterMovementComponent_6) Not registered. Aborting.
[2014.12.14-21.06.36:590][224]LogPropertyNode:Warning: UI Min (0.001) >= UI Max () for Ranged Numeric
[2014.12.14-21.06.36:591][224]LogPropertyNode:Warning: UI Min (0.001) >= UI Max () for Ranged Numeric
[2014.12.14-21.06.36:636][224]BlueprintEditorCompileResults: Info [1435.79] Compile of MyCharacter successful! [in 344 ms]
[2014.12.14-21.08.50:060][989]BlueprintLog: New page: Pre-PIE auto-recompile
[2014.12.14-21.08.50:065][989]LogPlayLevel: [PIE] Compiling MyGame before PIE...
[2014.12.14-21.08.50:181][989]LogPropertyNode:Warning: UI Min (0.001) >= UI Max () for Ranged Numeric
[2014.12.14-21.08.50:182][989]LogPropertyNode:Warning: UI Min (0.001) >= UI Max () for Ranged Numeric
[2014.12.14-21.08.50:211][989]LogActorComponent: UnregisterComponent: (/Engine/Transient.CharacterMovementComponent_7) Not registered. Aborting.
[2014.12.14-21.08.50:226][989]LogPlayLevel: [PIE] Compiling FinalLevel before PIE...
[2014.12.14-21.08.50:302][989]LogPlayLevel: [PIE] Compiling GameHUD before PIE...
[2014.12.14-21.08.50:408][989]LogPropertyNode:Warning: UI Min (0.001) >= UI Max () for Ranged Numeric
[2014.12.14-21.08.50:409][989]LogPropertyNode:Warning: UI Min (0.001) >= UI Max () for Ranged Numeric
[2014.12.14-21.08.50:474][989]LogPropertyNode:Warning: UI Min (0.001) >= UI Max () for Ranged Numeric
[2014.12.14-21.08.50:475][989]LogPropertyNode:Warning: UI Min (0.001) >= UI Max () for Ranged Numeric
[2014.12.14-21.08.50:509][989]LogPlayLevel: [PIE] Compiling MyCharacter before PIE...
[2014.12.14-21.08.50:708][989]LogPropertyNode:Warning: UI Min (0.001) >= UI Max () for Ranged Numeric
[2014.12.14-21.08.50:709][989]LogPropertyNode:Warning: UI Min (0.001) >= UI Max () for Ranged Numeric
[2014.12.14-21.08.50:810][989]LogPropertyNode:Warning: UI Min (0.001) >= UI Max () for Ranged Numeric
[2014.12.14-21.08.50:811][989]LogPropertyNode:Warning: UI Min (0.001) >= UI Max () for Ranged Numeric
[2014.12.14-21.08.50:908][989]LogPlayLevel: PIE:  Blueprint regeneration took 847 ms (4 blueprints)
[2014.12.14-21.08.50:908][989]PIE: New page: PIE session: FinalLevel (Dec 14, 2014, 5:08:50 AM)
[2014.12.14-21.08.50:919][989]LogPlayLevel: PIE: StaticDuplicateObject took: (0.010284s)
[2014.12.14-21.08.50:919][989]LogPlayLevel: PIE: World Init took: (0.000575s)
[2014.12.14-21.08.50:919][989]LogPlayLevel: PIE: Created PIE world by copying editor world from /Game/Maps/FinalLevel.FinalLevel to /Game/Maps/UEDPIE_0_FinalLevel.FinalLevel (0.011076s)
[2014.12.14-21.08.51:012][989]LogWorld: Game class is 'MyGame_C'
[2014.12.14-21.08.51:014][989]LogAIModule: Creating AISystem for world FinalLevel
[2014.12.14-21.08.51:020][989]LogWorld: Bringing World /Game/Maps/UEDPIE_0_FinalLevel.FinalLevel up for play (max tick rate 0) at 2014.12.14-13.08.51
[2014.12.14-21.08.51:021][989]LogWorld: Bringing up level for play took: 0.007183
[2014.12.14-21.08.51:023][989]PIE: Info Play in editor start time for /Game/Maps/UEDPIE_0_FinalLevel 0.225
[2014.12.14-21.09.00:565][289]LogPropertyNode:Warning: UI Min (0.001) >= UI Max () for Ranged Numeric
[2014.12.14-21.09.00:567][289]LogPropertyNode:Warning: UI Min (0.001) >= UI Max () for Ranged Numeric
[2014.12.14-21.09.00:690][289]LogPropertyNode:Warning: UI Min (0.001) >= UI Max () for Ranged Numeric
[2014.12.14-21.09.00:693][289]LogPropertyNode:Warning: UI Min (0.001) >= UI Max () for Ranged Numeric
[2014.12.14-21.09.00:742][289]LogActorComponent: UnregisterComponent: (/Engine/Transient.CharacterMovementComponent_8) Not registered. Aborting.
[2014.12.14-21.09.00:905][289]LogParticles: Destroying 0 GPU particle simulations for FXSystem 0x000000001E0D9E40
[2014.12.14-21.09.02:321][353]LogActorComponent: UnregisterComponent: (/Engine/Transient.CharacterMovementComponent_9) Not registered. Aborting.
[2014.12.14-21.09.02:321][353]LogActorComponent: UnregisterComponent: (/Engine/Transient.ProjectileMovementComponent_1) Not registered. Aborting.
[2014.12.14-21.09.04:354][404]Cmd: QUIT_EDITOR
[2014.12.14-21.09.04:914][404]LogExit: Preparing to exit.
[2014.12.14-21.09.05:962][404]LogExit: Editor shut down
[2014.12.14-21.09.05:963][404]LogExit: Transaction tracking system shut down
[2014.12.14-21.09.05:964][404]LogParticles: Destroying 0 GPU particle simulations for FXSystem 0x000000000FA8FEC0
[2014.12.14-21.09.05:976][404]LogParticles: Destroying 0 GPU particle simulations for FXSystem 0x0000000032EA5580
[2014.12.14-21.09.05:976][404]LogParticles: Destroying 0 GPU particle simulations for FXSystem 0x00000000282A72E0
[2014.12.14-21.09.05:978][404]LogParticles: Destroying 0 GPU particle simulations for FXSystem 0x000000001F575DA0
[2014.12.14-21.09.05:981][404]LogParticles: Destroying 0 GPU particle simulations for FXSystem 0x0000000028142F20
[2014.12.14-21.09.05:981][404]LogParticles: Destroying 0 GPU particle simulations for FXSystem 0x0000000023EBC4A0
[2014.12.14-21.09.06:268][404]LogParticles: Destroying 0 GPU particle simulations for FXSystem 0x00000000314F82C0
[2014.12.14-21.09.06:268][404]LogParticles: Destroying 0 GPU particle simulations for FXSystem 0x000000001F575B20
[2014.12.14-21.09.06:268][404]LogExit: Object subsystem successfully closed.
[2014.12.14-21.09.06:550][404]LogModuleManager: Shutting down and abandoning module AndroidDeviceDetection (172)
[2014.12.14-21.09.06:550][404]LogModuleManager: Shutting down and abandoning module CrashTracker (171)
[2014.12.14-21.09.06:550][404]LogModuleManager: Shutting down and abandoning module SuperSearch (170)
[2014.12.14-21.09.06:550][404]LogModuleManager: Shutting down and abandoning module SceneOutliner (169)
[2014.12.14-21.09.06:550][404]LogModuleManager: Shutting down and abandoning module EditorWidgets (168)
[2014.12.14-21.09.06:551][404]LogModuleManager: Shutting down and abandoning module CollectionManager (167)
[2014.12.14-21.09.06:551][404]LogModuleManager: Shutting down and abandoning module StatsViewer (166)
[2014.12.14-21.09.06:554][404]LogModuleManager: Shutting down and abandoning module FoliageEdit (165)
[2014.12.14-21.09.06:554][404]LogModuleManager: Shutting down and abandoning module LandscapeEditor (164)
[2014.12.14-21.09.06:556][404]LogModuleManager: Shutting down and abandoning module MeshPaint (163)
[2014.12.14-21.09.06:556][404]LogModuleManager: Shutting down and abandoning module ActorPickerMode (162)
[2014.12.14-21.09.06:556][404]LogModuleManager: Shutting down and abandoning module GeometryMode (161)
[2014.12.14-21.09.06:556][404]LogModuleManager: Shutting down and abandoning module TextureAlignMode (160)
[2014.12.14-21.09.06:556][404]LogModuleManager: Shutting down and abandoning module BspMode (159)
[2014.12.14-21.09.06:556][404]LogModuleManager: Shutting down and abandoning module PlacementMode (158)
[2014.12.14-21.09.06:556][404]LogModuleManager: Shutting down and abandoning module AutomationWorker (157)
[2014.12.14-21.09.06:556][404]LogModuleManager: Shutting down and abandoning module CharacterAI (156)
[2014.12.14-21.09.06:556][404]LogModuleManager: Shutting down and abandoning module GameProjectGeneration (155)
[2014.12.14-21.09.06:558][404]LogModuleManager: Shutting down and abandoning module IntroTutorials (154)
[2014.12.14-21.09.06:559][404]LogModuleManager: Shutting down and abandoning module EditorLiveStreaming (153)
[2014.12.14-21.09.06:559][404]LogModuleManager: Shutting down and abandoning module HardwareTargeting (152)
[2014.12.14-21.09.06:559][404]LogModuleManager: Shutting down and abandoning module DeviceProfileEditor (151)
[2014.12.14-21.09.06:559][404]LogModuleManager: Shutting down and abandoning module UndoHistory (150)
[2014.12.14-21.09.06:560][404]LogModuleManager: Shutting down and abandoning module GameplayTagsEditor (149)
[2014.12.14-21.09.06:560][404]LogModuleManager: Shutting down and abandoning module UserFeedback (148)
[2014.12.14-21.09.06:560][404]LogModuleManager: Shutting down and abandoning module XmlParser (147)
[2014.12.14-21.09.06:560][404]LogModuleManager: Shutting down and abandoning module Blutility (146)
[2014.12.14-21.09.06:560][404]LogModuleManager: Shutting down and abandoning module IOSPlatformEditor (145)
[2014.12.14-21.09.06:560][404]LogModuleManager: Shutting down and abandoning module IOSRuntimeSettings (144)
[2014.12.14-21.09.06:560][404]LogModuleManager: Shutting down and abandoning module AndroidPlatformEditor (143)
[2014.12.14-21.09.06:561][404]LogModuleManager: Shutting down and abandoning module AndroidRuntimeSettings (142)
[2014.12.14-21.09.06:561][404]LogModuleManager: Shutting down and abandoning module ProjectTargetPlatformEditor (141)
[2014.12.14-21.09.06:562][404]LogModuleManager: Shutting down and abandoning module ProjectSettingsViewer (140)
[2014.12.14-21.09.06:562][404]LogModuleManager: Shutting down and abandoning module InputBindingEditor (139)
[2014.12.14-21.09.06:563][404]LogModuleManager: Shutting down and abandoning module EditorSettingsViewer (138)
[2014.12.14-21.09.06:563][404]LogModuleManager: Shutting down and abandoning module SettingsEditor (137)
[2014.12.14-21.09.06:563][404]LogModuleManager: Shutting down and abandoning module ProjectLauncher (136)
[2014.12.14-21.09.06:564][404]LogModuleManager: Shutting down and abandoning module SessionFrontend (135)
[2014.12.14-21.09.06:565][404]LogModuleManager: Shutting down and abandoning module ProfilerClient (134)
[2014.12.14-21.09.06:565][404]LogModuleManager: Shutting down and abandoning module TargetDeviceServices (133)
[2014.12.14-21.09.06:566][404]LogModuleManager: Shutting down and abandoning module DeviceManager (132)
[2014.12.14-21.09.06:566][404]LogModuleManager: Shutting down and abandoning module AutomationController (131)
[2014.12.14-21.09.06:567][404]LogModuleManager: Shutting down and abandoning module AutomationWindow (130)
[2014.12.14-21.09.06:568][404]LogModuleManager: Shutting down and abandoning module Layers (129)
[2014.12.14-21.09.06:571][404]LogModuleManager: Shutting down and abandoning module ComponentVisualizers (128)
[2014.12.14-21.09.06:571][404]LogModuleManager: Shutting down and abandoning module DetailCustomizations (127)
[2014.12.14-21.09.06:571][404]LogModuleManager: Shutting down and abandoning module PackagesDialog (126)
[2014.12.14-21.09.06:572][404]LogModuleManager: Shutting down and abandoning module AssetRegistry (125)
[2014.12.14-21.09.06:597][404]LogModuleManager: Shutting down and abandoning module Persona (124)
[2014.12.14-21.09.06:599][404]LogModuleManager: Shutting down and abandoning module Kismet (123)
[2014.12.14-21.09.06:599][404]LogModuleManager: Shutting down and abandoning module GraphEditor (122)
[2014.12.14-21.09.06:599][404]LogModuleManager: Shutting down and abandoning module ClassViewer (121)
[2014.12.14-21.09.06:599][404]LogModuleManager: Shutting down and abandoning module Toolbox (120)
[2014.12.14-21.09.06:599][404]LogModuleManager: Shutting down and abandoning module ModuleUI (119)
[2014.12.14-21.09.06:600][404]LogModuleManager: Shutting down and abandoning module MovieSceneTools (118)
[2014.12.14-21.09.06:603][404]LogModuleManager: Shutting down and abandoning module OutputLog (117)
[2014.12.14-21.09.06:603][404]LogModuleManager: Shutting down and abandoning module GammaUI (116)
[2014.12.14-21.09.06:603][404]LogModuleManager: Shutting down and abandoning module Documentation (115)
[2014.12.14-21.09.06:603][404]LogModuleManager: Shutting down and abandoning module GameLiveStreaming (114)
[2014.12.14-21.09.06:604][404]LogModuleManager: Shutting down and abandoning module StreamingPauseRendering (113)
[2014.12.14-21.09.06:604][404]LogModuleManager: Shutting down and abandoning module HTTP (112)
[2014.12.14-21.09.06:605][404]LogModuleManager: Shutting down and abandoning module AnalyticsET (111)
[2014.12.14-21.09.06:605][404]LogModuleManager: Shutting down and abandoning module Analytics (110)
[2014.12.14-21.09.06:605][404]LogModuleManager: Shutting down and abandoning module AITestSuite (109)
[2014.12.14-21.09.06:605][404]LogModuleManager: Shutting down and abandoning module AIModule (108)
[2014.12.14-21.09.06:606][404]LogModuleManager: Shutting down and abandoning module ProfilerService (107)
[2014.12.14-21.09.06:695][404]LogModuleManager: Shutting down and abandoning module TaskGraph (106)
[2014.12.14-21.09.06:697][404]LogModuleManager: Shutting down and abandoning module GameplayDebugger (105)
[2014.12.14-21.09.06:698][404]LogModuleManager: Shutting down and abandoning module SlateRemote (104)
[2014.12.14-21.09.06:698][404]LogModuleManager: Shutting down and abandoning module ScriptEditorPlugin (103)
[2014.12.14-21.09.06:698][404]LogModuleManager: Shutting down and abandoning module CustomMeshComponent (102)
[2014.12.14-21.09.06:698][404]LogModuleManager: Shutting down and abandoning module CableComponent (101)
[2014.12.14-21.09.06:698][404]LogModuleManager: Shutting down and abandoning module MessagingDebugger (100)
[2014.12.14-21.09.06:702][404]LogModuleManager: Shutting down and abandoning module MediaPlayerEditor (99)
[2014.12.14-21.09.06:703][404]LogModuleManager: Shutting down and abandoning module SpeedTreeImporter (98)
[2014.12.14-21.09.06:703][404]LogModuleManager: Shutting down and abandoning module PluginsEditor (97)
[2014.12.14-21.09.06:703][404]LogModuleManager: Shutting down and abandoning module EpicSurvey (96)
[2014.12.14-21.09.06:703][404]LogModuleManager: Shutting down and abandoning module DesktopPlatform (95)
[2014.12.14-21.09.06:705][404]LogModuleManager: Shutting down and abandoning module VisualStudioSourceCodeAccess (94)
[2014.12.14-21.09.06:706][404]LogModuleManager: Shutting down and abandoning module UObjectPlugin (93)
[2014.12.14-21.09.06:706][404]LogModuleManager: Shutting down and abandoning module SubversionSourceControl (92)
[2014.12.14-21.09.06:707][404]LogModuleManager: Shutting down and abandoning module SourceControl (91)
[2014.12.14-21.09.06:708][404]LogModuleManager: Shutting down and abandoning module PerforceSourceControl (90)
[2014.12.14-21.09.06:710][404]LogModuleManager: Shutting down and abandoning module BlankPlugin (89)
[2014.12.14-21.09.06:710][404]LogModuleManager: Shutting down and abandoning module SlateReflector (88)
[2014.12.14-21.09.06:710][404]LogModuleManager: Shutting down and abandoning module DirectoryWatcher (87)
[2014.12.14-21.09.06:711][404]LogModuleManager: Shutting down and abandoning module HotReload (86)
[2014.12.14-21.09.06:711][404]LogModuleManager: Shutting down and abandoning module MainFrame (85)
[2014.12.14-21.09.06:711][404]LogModuleManager: Shutting down and abandoning module LevelEditor (84)
[2014.12.14-21.09.06:713][404]LogModuleManager: Shutting down and abandoning module ViewportSnapping (83)
[2014.12.14-21.09.06:713][404]LogModuleManager: Shutting down and abandoning module SmartSnapping (82)
[2014.12.14-21.09.06:714][404]LogModuleManager: Shutting down and abandoning module PaperTiledImporter (81)
[2014.12.14-21.09.06:714][404]LogModuleManager: Shutting down and abandoning module PaperJsonImporter (80)
[2014.12.14-21.09.06:714][404]LogModuleManager: Shutting down and abandoning module ContentBrowser (79)
[2014.12.14-21.09.06:714][404]LogModuleManager: Shutting down and abandoning module Paper2DEditor (78)
[2014.12.14-21.09.06:716][404]LogModuleManager: Shutting down and abandoning module ScriptPlugin (77)
[2014.12.14-21.09.06:717][404]LogModuleManager: Shutting down and abandoning module UdpMessaging (76)
[2014.12.14-21.09.06:817][404]LogModuleManager: Shutting down and abandoning module Paper2D (75)
[2014.12.14-21.09.06:818][404]LogModuleManager: Shutting down and abandoning module UE4Game (74)
[2014.12.14-21.09.06:818][404]LogModuleManager: Shutting down and abandoning module WindowsMoviePlayer (73)
[2014.12.14-21.09.06:821][404]LogModuleManager: Shutting down and abandoning module Media (72)
[2014.12.14-21.09.06:822][404]LogModuleManager: Shutting down and abandoning module WmfMedia (71)
[2014.12.14-21.09.06:824][404]LogModuleManager: Shutting down and abandoning module OnlineBlueprintSupport (70)
[2014.12.14-21.09.06:824][404]LogModuleManager: Shutting down and abandoning module PropertyEditor (69)
[2014.12.14-21.09.06:824][404]LogModuleManager: Shutting down and abandoning module BehaviorTreeEditor (68)
[2014.12.14-21.09.06:826][404]LogModuleManager: Shutting down and abandoning module FunctionalTesting (67)
[2014.12.14-21.09.06:827][404]LogModuleManager: Shutting down and abandoning module CollisionAnalyzer (66)
[2014.12.14-21.09.06:828][404]LogModuleManager: Shutting down and abandoning module WorkspaceMenuStructure (65)
[2014.12.14-21.09.06:828][404]LogModuleManager: Shutting down and abandoning module MessageLog (64)
[2014.12.14-21.09.06:828][404]LogModuleManager: Shutting down and abandoning module Sequencer (63)
[2014.12.14-21.09.06:831][404]LogModuleManager: Shutting down and abandoning module AssetTools (62)
[2014.12.14-21.09.06:833][404]LogModuleManager: Shutting down and abandoning module UMGEditor (61)
[2014.12.14-21.09.06:834][404]LogModuleManager: Shutting down and abandoning module UMG (60)
[2014.12.14-21.09.06:834][404]LogModuleManager: Shutting down and abandoning module Slate (59)
[2014.12.14-21.09.06:834][404]LogModuleManager: Shutting down and abandoning module EditorStyle (58)
[2014.12.14-21.09.06:840][404]LogModuleManager: Shutting down and abandoning module SessionServices (57)
[2014.12.14-21.09.06:840][404]LogModuleManager: Shutting down and abandoning module SourceCodeAccess (56)
[2014.12.14-21.09.06:840][404]LogModuleManager: Shutting down and abandoning module HeadMountedDisplay (55)
[2014.12.14-21.09.06:841][404]LogModuleManager: Shutting down and abandoning module XAudio2 (54)
[2014.12.14-21.09.06:841][404]LogModuleManager: Shutting down and abandoning module Networking (52)
[2014.12.14-21.09.06:841][404]LogModuleManager: Shutting down and abandoning module Core (51)
[2014.12.14-21.09.06:841][404]LogModuleManager: Shutting down and abandoning module KismetCompiler (50)
[2014.12.14-21.09.06:841][404]LogModuleManager: Shutting down and abandoning module PhysXFormats (49)
[2014.12.14-21.09.06:841][404]LogModuleManager: Shutting down and abandoning module MeshUtilities (48)
[2014.12.14-21.09.06:843][404]LogModuleManager: Shutting down and abandoning module DerivedDataCache (47)
[2014.12.14-21.09.06:897][404]LogDerivedDataCache: Shutdown
[2014.12.14-21.09.06:897][404]LogModuleManager: Shutting down and abandoning module ShaderFormatOpenGL (46)
[2014.12.14-21.09.06:898][404]LogModuleManager: Shutting down and abandoning module ShaderFormatD3D (45)
[2014.12.14-21.09.06:899][404]LogModuleManager: Shutting down and abandoning module MetalShaderFormat (44)
[2014.12.14-21.09.06:900][404]LogModuleManager: Shutting down and abandoning module TextureFormatUncompressed (43)
[2014.12.14-21.09.06:900][404]LogModuleManager: Shutting down and abandoning module TextureFormatPVR (42)
[2014.12.14-21.09.06:900][404]LogModuleManager: Shutting down and abandoning module TextureFormatDXT (41)
[2014.12.14-21.09.06:901][404]LogModuleManager: Shutting down and abandoning module TextureFormatAndroid (40)
[2014.12.14-21.09.06:901][404]LogModuleManager: Shutting down and abandoning module AudioFormatOpus (39)
[2014.12.14-21.09.06:901][404]LogModuleManager: Shutting down and abandoning module AudioFormatOgg (38)
[2014.12.14-21.09.06:901][404]LogModuleManager: Shutting down and abandoning module AudioFormatADPCM (37)
[2014.12.14-21.09.06:901][404]LogModuleManager: Shutting down and abandoning module LinuxTargetPlatform (36)
[2014.12.14-21.09.06:901][404]LogModuleManager: Shutting down and abandoning module LinuxServerTargetPlatform (35)
[2014.12.14-21.09.06:901][404]LogModuleManager: Shutting down and abandoning module LinuxNoEditorTargetPlatform (34)
[2014.12.14-21.09.06:901][404]LogModuleManager: Shutting down and abandoning module Messaging (33)
[2014.12.14-21.09.06:901][404]LogModuleManager: Shutting down and abandoning module IOSTargetPlatform (32)
[2014.12.14-21.09.06:901][404]LogModuleManager: Shutting down and abandoning module Android_PVRTCTargetPlatform (31)
[2014.12.14-21.09.06:901][404]LogModuleManager: Shutting down and abandoning module Android_ETC2TargetPlatform (30)
[2014.12.14-21.09.06:901][404]LogModuleManager: Shutting down and abandoning module Android_ETC1TargetPlatform (29)
[2014.12.14-21.09.06:901][404]LogModuleManager: Shutting down and abandoning module Android_DXTTargetPlatform (28)
[2014.12.14-21.09.06:901][404]LogModuleManager: Shutting down and abandoning module Android_ATCTargetPlatform (27)
[2014.12.14-21.09.06:901][404]LogModuleManager: Shutting down and abandoning module AndroidTargetPlatform (26)
[2014.12.14-21.09.06:901][404]LogModuleManager: Shutting down and abandoning module WindowsTargetPlatform (25)
[2014.12.14-21.09.06:901][404]LogModuleManager: Shutting down and abandoning module WindowsServerTargetPlatform (24)
[2014.12.14-21.09.06:901][404]LogModuleManager: Shutting down and abandoning module WindowsNoEditorTargetPlatform (23)
[2014.12.14-21.09.06:901][404]LogModuleManager: Shutting down and abandoning module WindowsClientTargetPlatform (22)
[2014.12.14-21.09.06:901][404]LogModuleManager: Shutting down and abandoning module TargetPlatform (21)
[2014.12.14-21.09.06:902][404]LogModuleManager: Shutting down and abandoning module InputCore (20)
[2014.12.14-21.09.06:902][404]LogModuleManager: Shutting down and abandoning module Settings (19)
[2014.12.14-21.09.06:902][404]LogModuleManager: Shutting down and abandoning module ImageWrapper (18)
[2014.12.14-21.09.06:902][404]LogModuleManager: Shutting down and abandoning module OculusRift (15)
[2014.12.14-21.09.06:902][404]LogModuleManager: Shutting down and abandoning module ExampleDeviceProfileSelector (14)
[2014.12.14-21.09.06:903][404]LogModuleManager: Shutting down and abandoning module TextureCompressor (13)
[2014.12.14-21.09.06:906][404]LogModuleManager: Shutting down and abandoning module ShaderCore (12)
[2014.12.14-21.09.06:906][404]LogModuleManager: Shutting down and abandoning module Landscape (11)
[2014.12.14-21.09.06:906][404]LogModuleManager: Shutting down and abandoning module SlateRHIRenderer (10)
[2014.12.14-21.09.06:932][404]LogModuleManager: Shutting down and abandoning module OpenGLDrv (9)
[2014.12.14-21.09.06:932][404]LogModuleManager: Shutting down and abandoning module D3D11RHI (8)
[2014.12.14-21.09.06:932][404]LogModuleManager: Shutting down and abandoning module Renderer (7)
[2014.12.14-21.09.06:932][404]LogModuleManager: Shutting down and abandoning module Engine (6)
[2014.12.14-21.09.06:932][404]LogModuleManager: Shutting down and abandoning module CoreUObject (5)
[2014.12.14-21.09.06:932][404]LogModuleManager: Shutting down and abandoning module NetworkFile (4)
[2014.12.14-21.09.06:933][404]LogModuleManager: Shutting down and abandoning module StreamingFile (3)
[2014.12.14-21.09.06:934][404]LogModuleManager: Shutting down and abandoning module SandboxFile (2)
[2014.12.14-21.09.06:934][404]LogModuleManager: Shutting down and abandoning module PakFile (1)
[2014.12.14-21.09.06:937][404]LogExit: Exiting.
[2014.12.14-21.09.06:952][404]Log file closed, 12/14/14 13:09:06
