Log file open, 12/14/14 14:40:27
LogInit:Display: Running engine for game: Trial_third_person
LogInit: Version: 4.6.0-2369412+++depot+UE4-Releases+4.6
LogInit: API Version: 2369412
LogInit: Compiled (64-bit): Nov 24 2014 21:54:04
LogInit: Compiled with Visual C++: 18.00.21005.01
LogInit: Build Configuration: Development
LogInit: Branch Name: ++depot+UE4-Releases+4.6
LogInit: Command line:  
LogInit: Base directory: C:/Program Files/Epic Games/4.6/Engine/Binaries/Win64/
LogInit: Rocket: 1
[2014.12.14-22.40.27:126][  0]LogTaskGraph: Started task graph with 3 named threads and 6 total threads.
[2014.12.14-22.40.27:177][  0]LogOnline:Warning: No default platform service specified for OnlineSubsystem
[2014.12.14-22.40.29:383][  0]LogInit: Presizing for 0 objects not considered by GC, pre-allocating 0 bytes.
[2014.12.14-22.40.29:396][  0]LogInit: Object subsystem initialized
[2014.12.14-22.40.29:399][  0]LogConsoleResponse:Warning: Skipping Unknown console variable: 'UIScaleCurve = (EditorCurveData=(Keys=((Time=480.000000,Value=0.444000),(Time=720.000000,Value=0.666000),(Time=1080.000000,Value=1.000000),(Time=8640.000000,Value=8.000000))),ExternalCurve=None)'
[2014.12.14-22.40.29:399][  0]LogConsoleResponse:Warning:   Found in ini file 'C:/Users/Jeremy/Documents/GitHub/Study-Session/Trial_third_person 4.6/Saved/Config/Windows/Engine.ini', in section '[/Script/Engine.RendererSettings]'
[2014.12.14-22.40.29:399][  0]LogConsoleManager:Warning: Console variable 'r.MSAA.CompositingSampleCount' wasn't set (Priority ProjectSetting < Scalability)
[2014.12.14-22.40.29:399][  0]LogInit: Selected Device Profile: [Windows]
[2014.12.14-22.40.29:399][  0]LogInit: Applying CVar settings loaded from the selected device profile: [Windows]
[2014.12.14-22.40.29:413][  0]LogInit: Computer: BRIANA-DESKTOP
[2014.12.14-22.40.29:413][  0]LogInit: User: Jeremy
[2014.12.14-22.40.29:413][  0]LogInit: CPU Page size=4096, Cores=4
[2014.12.14-22.40.29:414][  0]LogInit: High frequency timer resolution =14.318180 MHz
[2014.12.14-22.40.29:414][  0]LogMemory: Memory total: Physical=8.0GB (8GB approx) Virtual=8192.0GB
[2014.12.14-22.40.29:414][  0]LogMemory: Platform Memory Stats for Windows
[2014.12.14-22.40.29:414][  0]LogMemory: Process Physical Memory: 49.27 MB used, 49.27 MB peak
[2014.12.14-22.40.29:414][  0]LogMemory: Process Virtual Memory: 25.16 MB used, 25.16 MB peak
[2014.12.14-22.40.29:414][  0]LogMemory: Physical Memory: 2590.32 MB used, 8183.89 MB total
[2014.12.14-22.40.29:414][  0]LogMemory: Virtual Memory: 264.43 MB used, 8388608.00 MB total
[2014.12.14-22.40.29:487][  0]LogD3D11RHI: Found D3D11 adapter 0: NVIDIA GeForce GTX 550 Ti (Feature Level 11_0)
[2014.12.14-22.40.29:487][  0]LogD3D11RHI: Adapter has 977MB of dedicated video memory, 0MB of dedicated system memory, and 3071MB of shared system memory, 2 output[s]
[2014.12.14-22.40.29:487][  0]LogD3D11RHI: Chosen D3D11 Adapter Id = 0
[2014.12.14-22.40.29:495][  0]LogRHI: Texture pool is 684 MB (70% of 977 MB)
[2014.12.14-22.40.29:506][  0]LogD3D11RHI: Async texture creation enabled
[2014.12.14-22.40.30:601][  0]LogTextLocalizationManager: The requested culture ('en_US') has no localization data; parent culture's ('en') localization data will be used.
[2014.12.14-22.40.30:811][  0]LogContentStreaming: Texture pool size is 0.000000MB
[2014.12.14-22.40.40:050][  0]LogTargetPlatformManager:Display: Building Assets For Windows
[2014.12.14-22.40.41:076][  0]LogTargetPlatformManager:Display: Building Assets For Windows
[2014.12.14-22.40.41:185][  0]LogDerivedDataCache:Display: Max Cache Size: 512 MB
[2014.12.14-22.40.42:243][  0]LogDerivedDataCache: Loaded boot cache 1.06s 39MB C:/Users/Jeremy/AppData/Local/UnrealEngine/4.6/DerivedDataCache/Boot.ddc.
[2014.12.14-22.40.42:243][  0]LogDerivedDataCache:Display: Loaded Boot cache: C:/Users/Jeremy/AppData/Local/UnrealEngine/4.6/DerivedDataCache/Boot.ddc
[2014.12.14-22.40.42:243][  0]LogDerivedDataCache: FDerivedDataBackendGraph:  Pak pak cache file ../../../../../../Users/Jeremy/Documents/GitHub/Study-Session/Trial_third_person 4.6/DerivedDataCache/DDC.ddp not found, will not use a pak cache.
[2014.12.14-22.40.42:243][  0]LogDerivedDataCache: Unable to find inner node Pak for hierarchical cache Hierarchy.
[2014.12.14-22.40.42:666][  0]LogDerivedDataCache:Display: Pak cache opened for reading ../../../Engine/DerivedDataCache/DDC.ddp.
[2014.12.14-22.40.42:677][  0]LogDerivedDataCache: Using Local data cache path C:/Users/Jeremy/AppData/Local/UnrealEngine/Common/DerivedDataCache: Writable
[2014.12.14-22.40.49:587][  0]LogCollisionProfile:Warning: Profile (UI) - Custom Channel Name = 'Weapon' hasn't been found
[2014.12.14-22.40.49:982][  0]LogMeshUtilities: No automatic mesh reduction module available
[2014.12.14-22.40.49:982][  0]LogMeshUtilities: No automatic mesh merging module available
[2014.12.14-22.40.51:112][  0]LogInit: WinSock: version 1.1 (2.2), MaxSocks=32767, MaxUdp=65467
[2014.12.14-22.40.51:187][  0]LogSlate:Warning: Failed to load font data from '../../../Engine/Content/Slate/Fonts/Roboto-Italic.ttf'
[2014.12.14-22.41.04:866][  0]UdpMessaging: Initializing bridge on interface 0.0.0.0:0 to multicast group 230.0.0.1:6666.
[2014.12.14-22.41.05:466][  0]LogDirectoryWatcher:Warning: Failed to begin reading directory changes for C:/Users/Jeremy/Documents/GitHub/Study-Session/Trial_third_person 4.6/Binaries/Win64. Error: 0
[2014.12.14-22.41.06:004][  0]SourceControl: Info Source control is disabled
[2014.12.14-22.41.06:004][  0]SourceControl: Info Source control is disabled
[2014.12.14-22.41.06:012][  0]SourceControl: Info Source control is disabled
[2014.12.14-22.41.07:242][  0]LogObj: 23754 objects as part of root set at end of initial load.
[2014.12.14-22.41.07:242][  0]LogUObjectAllocator: 5168136 out of 0 bytes used by permanent object pool.
[2014.12.14-22.41.07:317][  0]LogEngine: Initializing Engine...
[2014.12.14-22.41.07:986][  0]LogInit: XAudio2 using 'Speakers (Realtek High Definition Audio)' : 2 channels at 48 kHz using 32 bits per sample (channel mask 0x3)
[2014.12.14-22.41.08:124][  0]LogInit: FAudioDevice initialized.
[2014.12.14-22.41.08:147][  0]LogAIModule: Creating AISystem for world NewWorld
[2014.12.14-22.41.08:185][  0]LogDerivedDataCache: Saved boot cache 0.04s 39MB C:/Users/Jeremy/AppData/Local/UnrealEngine/4.6/DerivedDataCache/Boot.ddc.
[2014.12.14-22.41.08:197][  0]LogInit: Texture streaming: Enabled
[2014.12.14-22.41.08:228][  0]LogAnalytics: Creating configured Analytics provider AnalyticsET
[2014.12.14-22.41.08:228][  0]LogAnalytics: ET APIKey = Rocket.Release. APIServer = http://et2.epicgames.com/ET2/. AppVersion = 4.6.0-2369412+++depot+UE4-Releases+4.6
[2014.12.14-22.41.08:229][  0]LogAnalytics: SetUserId 6df8d6a202a5f32dd217a5bf9cbf5496
[2014.12.14-22.41.08:229][  0]LogAnalytics: AnalyticsET::StartSession [Rocket.Release]
[2014.12.14-22.41.08:248][  0]LogInit: Transaction tracking system initialized
[2014.12.14-22.41.08:353][  0]BlueprintLog: New page: Editor Load
[2014.12.14-22.41.08:385][  0]LogAssetRegistry: FAssetRegistry took 0.0097 seconds to start up
[2014.12.14-22.41.08:385][  0]LogDirectoryWatcher:Warning: Failed to begin reading directory changes for ../../../Engine/Plugins/Experimental/CharacterAI/Content/. Error: 0
[2014.12.14-22.41.09:022][  0]LogTargetPlatformManager:Display: Building Assets For Windows
[2014.12.14-22.41.09:468][  0]LogTargetPlatformManager:Display: Building Assets For Windows
[2014.12.14-22.41.09:749][  0]LogConsoleResponse:Display: 
[2014.12.14-22.41.11:097][  0]LogLinker:Warning: Asset '../../../Engine/Content/Functions/Engine_MaterialFunctions03/Procedurals/ComputeFilterWidth.uasset' has been saved with empty engine version. The asset will be loaded but may be incompatible.
[2014.12.14-22.41.12:663][  0]SourceControl: Info Source control is disabled
[2014.12.14-22.41.12:663][  0]Cmd: MAP LOAD FILE="../../../../../../Users/Jeremy/Documents/GitHub/Study-Session/Trial_third_person 4.6/Content/Maps/StartMenuLevel.umap" TEMPLATE=0 SHOWPROGRESS=1
[2014.12.14-22.41.12:667][  0]LightingResults: New page: Lighting Build
[2014.12.14-22.41.12:679][  0]MapCheck: New page: Map Check
[2014.12.14-22.41.12:679][  0]LightingResults: New page: Lighting Build
[2014.12.14-22.41.12:691][  0]LogParticles: Destroying 0 GPU particle simulations for FXSystem 0x00000000147C59E0
[2014.12.14-22.41.12:874][  0]LogEditorServer: Finished looking for orphan Actors (0.000 secs)
[2014.12.14-22.41.12:874][  0]LogAIModule: Creating AISystem for world StartMenuLevel
[2014.12.14-22.41.12:874][  0]Cmd: MAP CHECKDEP
[2014.12.14-22.41.12:875][  0]MapCheck: New page: StartMenuLevel - Dec 14, 2014, 6:41:12 AM
[2014.12.14-22.41.12:973][  0]MapCheck: Info Map check complete: 0 Error(s), 0 Warning(s), took 98.676ms to complete.
[2014.12.14-22.41.12:973][  0]LogFileHelpers: Loading map 'StartMenuLevel' took 0.310
[2014.12.14-22.41.13:088][  0]LogCollectionManager: Loaded 0 collections in 0.001269 seconds
[2014.12.14-22.41.13:314][  0]LogCrashTracker: Crashtracker disabled due to settings.
[2014.12.14-22.41.13:321][  0]LogUObjectGlobals:Warning: Failed to find object 'Class None.'
[2014.12.14-22.41.13:348][  0]LogLoad: Full Startup: 52.86 seconds (BP compile: 0.04 seconds)
[2014.12.14-22.41.13:692][  0]LogContentBrowser:Verbose: The content browser source was changed by the sources view to '/Game/Blueprints'
[2014.12.14-22.41.14:023][  0]LogRenderer:Warning: Reallocating scene render targets to support 1024x904.
[2014.12.14-22.41.41:850][ 84]LogAssetRegistry: Asset discovery search completed in 33.4747 seconds
[2014.12.14-22.41.54:633][125]LogContentBrowser:Verbose: The content browser source was changed by the sources view to '/Game/Maps'
[2014.12.14-22.41.59:394][462]LogLinker:Warning: Can't find file '/Game/ArchVis/Materials/MI_Couch_NOSSS_Mat_Inst'
[2014.12.14-22.41.59:394][462]LogLinker:Warning: Can't find file for asset '/Game/ArchVis/Materials/MI_Couch_NOSSS_Mat_Inst' while loading ../../../../../../Users/Jeremy/Documents/GitHub/Study-Session/Trial_third_person 4.6/Content/StarterContent/Mesh/SM_Couch_1seat.uasset.
[2014.12.14-22.41.59:395][462]LoadErrors:Error: Error /Game/StarterContent/Mesh/SM_Couch_1seat : Can't find file for asset. /Game/ArchVis/Materials/MI_Couch_NOSSS_Mat_Inst
[2014.12.14-22.41.59:395][462]LogLinker:Warning: Can't find file '/Game/ArchVis/Materials/MI_Couch_NOSSS_Mat_Inst'
[2014.12.14-22.41.59:395][462]LogLinker:Warning: Can't find file for asset '/Game/ArchVis/Materials/MI_Couch_NOSSS_Mat_Inst' while loading ../../../../../../Users/Jeremy/Documents/GitHub/Study-Session/Trial_third_person 4.6/Content/StarterContent/Mesh/SM_Couch_1seat.uasset.
[2014.12.14-22.41.59:493][462]LogLinker:Warning: Can't find file '/Game/ArchVis/Materials/MI_Couch_NOSSS_Mat_Inst'
[2014.12.14-22.41.59:493][462]LoadErrors: Info Failed to load /Game/ArchVis/Materials/MI_Couch_NOSSS_Mat_Inst.MI_Couch_NOSSS_Mat_Inst Referenced by SM_Couch_1seat
[2014.12.14-22.41.59:493][462]LogLinker:Warning: Can't find file for asset '/Game/ArchVis/Materials/MI_Couch_NOSSS_Mat_Inst' while loading NULL.
[2014.12.14-22.41.59:493][462]LogLinker:Warning: Can't find file '/Game/ArchVis/Materials/MI_Couch_NOSSS_Mat_Inst'
[2014.12.14-22.41.59:494][462]LogLinker:Warning: Can't find file for asset '/Game/ArchVis/Materials/MI_Couch_NOSSS_Mat_Inst' while loading NULL.
[2014.12.14-22.42.02:085][462]Cmd: MAP LOAD FILE="../../../../../../Users/Jeremy/Documents/GitHub/Study-Session/Trial_third_person 4.6/Content/Maps/School.umap" TEMPLATE=0 SHOWPROGRESS=1
[2014.12.14-22.42.02:085][462]LightingResults: New page: Lighting Build
[2014.12.14-22.42.02:117][462]LoadErrors: New page: Loading map: School.umap
[2014.12.14-22.42.02:118][462]MapCheck: New page: Map Check
[2014.12.14-22.42.02:118][462]LightingResults: New page: Lighting Build
[2014.12.14-22.42.02:130][462]LogParticles: Destroying 0 GPU particle simulations for FXSystem 0x000000000D916160
[2014.12.14-22.42.02:159][462]LogEditorServer: Finished looking for orphan Actors (0.000 secs)
[2014.12.14-22.42.02:159][462]LogAIModule: Creating AISystem for world School
[2014.12.14-22.42.02:402][462]Cmd: MAP CHECKDEP
[2014.12.14-22.42.02:402][462]MapCheck: New page: School - Dec 14, 2014, 6:42:02 AM
[2014.12.14-22.42.02:511][462]MapCheck: Info Map check complete: 0 Error(s), 0 Warning(s), took 108.745ms to complete.
[2014.12.14-22.42.02:511][462]LogFileHelpers: Loading map 'School' took 0.428
[2014.12.14-22.56.30:127][136]LogPropertyNode:Warning: UI Min (0.001) >= UI Max () for Ranged Numeric
[2014.12.14-22.56.30:213][136]LogPropertyNode:Warning: UI Min (0.001) >= UI Max () for Ranged Numeric
[2014.12.14-22.56.41:029][714]LogSavePackage: Save=676.034668ms
[2014.12.14-22.56.41:029][714]LogSavePackage: Moving '../../../../../../Users/Jeremy/Documents/GitHub/Study-Session/Trial_third_person 4.6/Saved/School_Auto1568C7595408E0523B01D6B9FBBDBFA37.tmp' to '../../../../../../Users/Jeremy/Documents/GitHub/Study-Session/Trial_third_person 4.6/Saved/Autosaves/Game/Maps/School_Auto1.umap'
[2014.12.14-22.56.41:034][714]LogFileHelpers: Editor autosave (incl. sublevels) for '/Game/Maps/School' took 0.782
[2014.12.14-22.56.41:034][714]LogFileHelpers: Editor autosave (incl. sublevels) for all levels took 0.782
[2014.12.14-22.56.47:781][ 81]LogEditorViewport: Clicking on Actor (LMB): TriggerBox (TriggerBox)
[2014.12.14-22.56.47:792][ 81]LogPropertyNode:Warning: UI Min (0.001) >= UI Max () for Ranged Numeric
[2014.12.14-22.56.48:181][ 98]LogEditorViewport: Clicking on Actor (LMB): TriggerBox (TriggerBox)
[2014.12.14-22.56.48:193][ 98]LogPropertyNode:Warning: UI Min (0.001) >= UI Max () for Ranged Numeric
[2014.12.14-22.56.51:104][265]LogEditorViewport: Clicking on Actor (LMB): TriggerBox (TriggerBox)
[2014.12.14-22.56.51:116][265]LogPropertyNode:Warning: UI Min (0.001) >= UI Max () for Ranged Numeric
[2014.12.14-22.58.37:887][622]LogEditorViewport: Clicking on Actor (LMB): TriggerBox (TriggerBox)
[2014.12.14-22.58.37:898][622]LogPropertyNode:Warning: UI Min (0.001) >= UI Max () for Ranged Numeric
[2014.12.14-22.59.22:099][884]LogSavePackage: Save=559.472778ms
[2014.12.14-22.59.22:099][884]LogSavePackage: Moving '../../../../../../Users/Jeremy/Documents/GitHub/Study-Session/Trial_third_person 4.6/Saved/SchoolEFE7681C4D2DFAA613FF5995B0D4D494.tmp' to '../../../../../../Users/Jeremy/Documents/GitHub/Study-Session/Trial_third_person 4.6/Content/Maps/School.umap'
[2014.12.14-22.59.22:199][884]LogFileHelpers: Saving map 'School' took 0.824
[2014.12.14-22.59.22:201][884]Cmd: MAP LOAD FILE="../../../../../../Users/Jeremy/Documents/GitHub/Study-Session/Trial_third_person 4.6/Content/Maps/StartMenuLevel.umap" TEMPLATE=0 SHOWPROGRESS=1
[2014.12.14-22.59.22:201][884]LightingResults: New page: Lighting Build
[2014.12.14-22.59.22:230][884]LoadErrors: New page: Loading map: StartMenuLevel.umap
[2014.12.14-22.59.22:274][884]MapCheck: New page: Map Check
[2014.12.14-22.59.22:274][884]LightingResults: New page: Lighting Build
[2014.12.14-22.59.22:320][884]LogReferenceChain: Searching referencers for School. This may take several minutes.
[2014.12.14-22.59.22:624][884]LogReferenceChain: Generating reference graph ...
[2014.12.14-22.59.22:632][884]LogReferenceChain: Level 0 has 11 nodes ...
[2014.12.14-22.59.22:645][884]LogReferenceChain: Level 1 added 184 nodes ...
[2014.12.14-22.59.22:658][884]LogReferenceChain: Level 2 added 547 nodes ...
[2014.12.14-22.59.22:671][884]LogReferenceChain: Level 3 added 462 nodes ...
[2014.12.14-22.59.22:683][884]LogReferenceChain: Level 4 added 124 nodes ...
[2014.12.14-22.59.22:696][884]LogReferenceChain: Level 5 added 56 nodes ...
[2014.12.14-22.59.22:709][884]LogReferenceChain: Level 6 added 0 nodes ...
[2014.12.14-22.59.22:709][884]LogReferenceChain: Generating reference chains ...
[2014.12.14-22.59.22:942][884]LogWindows:Error: Windows GetLastError: The operation completed successfully. (0)
[2014.12.14-22.59.23:177][884]LogCrashTracker: 


[2014.12.14-22.59.26:757][884]LogCrashTracker: 


[2014.12.14-22.59.26:758][884]LogWindows: === Critical error: ===
Fatal error: [File:D:\BuildFarm\buildmachine_++depot+UE4-Releases+4.6\Engine\Source\Editor\UnrealEd\Private\EditorServer.cpp] [Line: 1721] 
/Game/Maps/School.School still around trying to load ../../../../../../Users/Jeremy/Documents/GitHub/Study-Session/Trial_third_person 4.6/Content/Maps/StartMenuLevel.umap
   (Object is not currently rooted)



KERNELBASE.dll!UnknownFunction (0x000007fefce0940d) + 0 bytes [UnknownFile:0]
UE4Editor-Core.dll!UnknownFunction (0x000007fee2e82f6d) + 0 bytes [UnknownFile:0]
UE4Editor-Core.dll!UnknownFunction (0x000007fee2d15fbf) + 0 bytes [UnknownFile:0]
UE4Editor-UnrealEd.dll!UnknownFunction (0x000007fede98c265) + 0 bytes [UnknownFile:0]
UE4Editor-UnrealEd.dll!UnknownFunction (0x000007fede9b35a3) + 0 bytes [UnknownFile:0]
UE4Editor-UnrealEd.dll!UnknownFunction (0x000007fede9a363d) + 0 bytes [UnknownFile:0]
UE4Editor-UnrealEd.dll!UnknownFunction (0x000007fede98de0d) + 0 bytes [UnknownFile:0]
UE4Editor-UnrealEd.dll!UnknownFunction (0x000007feded16180) + 0 bytes [UnknownFile:0]
UE4Editor-UnrealEd.dll!UnknownFunction (0x000007fedea15a04) + 0 bytes [UnknownFile:0]
UE4Editor-AssetTools.dll!UnknownFunction (0x000007fed68e6178) + 0 bytes [UnknownFile:0]
UE4Editor-UnrealEd.dll!UnknownFunction (0x000007fedf191edd) + 0 bytes [UnknownFile:0]
UE4Editor-AssetTools.dll!UnknownFunction (0x000007fed68831e9) + 0 bytes [UnknownFile:0]
UE4Editor-ContentBrowser.dll!UnknownFunction (0x000007fed53d2212) + 0 bytes [UnknownFile:0]
UE4Editor-ContentBrowser.dll!UnknownFunction (0x000007fed5357b27) + 0 bytes [UnknownFile:0]
UE4Editor-ContentBrowser.dll!UnknownFunction (0x000007fed5362667) + 0 bytes [UnknownFile:0]
UE4Editor-ContentBrowser.dll!UnknownFunction (0x000007fed53dde86) + 0 bytes [UnknownFile:0]
UE4Editor-ContentBrowser.dll!UnknownFunction (0x000007fed5356541) + 0 bytes [UnknownFile:0]
UE4Editor-ContentBrowser.dll!UnknownFunction (0x000007fed536182a) + 0 bytes [UnknownFile:0]
UE4Editor-ContentBrowser.dll!UnknownFunction (0x000007fed535ee16) + 0 bytes [UnknownFile:0]
UE4Editor-ContentBrowser.dll!UnknownFunction (0x000007fed53f2c3f) + 0 bytes [UnknownFile:0]
UE4Editor-ContentBrowser.dll!UnknownFunction (0x000007fed53de0cf) + 0 bytes [UnknownFile:0]
UE4Editor-Slate.dll!UnknownFunction (0x000007fedfb98b5e) + 0 bytes [UnknownFile:0]
UE4Editor-Slate.dll!UnknownFunction (0x000007fedfb5668d) + 0 bytes [UnknownFile:0]
UE4Editor-Slate.dll!UnknownFunction (0x000007fedfbfa859) + 0 bytes [UnknownFile:0]
UE4Editor-Slate.dll!UnknownFunction (0x000007fedfbebb0b) + 0 bytes [UnknownFile:0]
UE4Editor-Core.dll!UnknownFunction (0x000007fee2dee84c) + 0 bytes [UnknownFile:0]
UE4Editor-Core.dll!UnknownFunction (0x000007fee2dda1eb) + 0 bytes [UnknownFile:0]
UE4Editor-Core.dll!UnknownFunction (0x000007fee2defbab) + 0 bytes [UnknownFile:0]
UE4Editor-Core.dll!UnknownFunction (0x000007fee2dd6ce2) + 0 bytes [UnknownFile:0]
USER32.dll!UnknownFunction (0x0000000076d59bd1) + 0 bytes [UnknownFile:0]
USER32.dll!UnknownFunction (0x0000000076d598da) + 0 bytes [UnknownFile:0]
UE4Editor-Core.dll!UnknownFunction (0x000007fee2df0066) + 0 bytes [UnknownFile:0]
UE4Editor.exe!FEngineLoop::Tick() (0x000000013fe4cbda) + 8 bytes [d:\buildfarm\buildmachine_++depot+ue4-releases+4.6\engine\source\runtime\launch\private\launchengineloop.cpp:2193]
UE4Editor.exe!GuardedMain() (0x000000013fe4089f) + 0 bytes [d:\buildfarm\buildmachine_++depot+ue4-releases+4.6\engine\source\runtime\launch\private\launch.cpp:131]
UE4Editor.exe!GuardedMainWrapper() (0x000000013fe4090a) + 5 bytes [d:\buildfarm\buildmachine_++depot+ue4-releases+4.6\engine\source\runtime\launch\private\windows\launchwindows.cpp:126]
UE4Editor.exe!WinMain() (0x000000013fe4e3d9) + 17 bytes [d:\buildfarm\buildmachine_++depot+ue4-releases+4.6\engine\source\runtime\launch\private\windows\launchwindows.cpp:202]
UE4Editor.exe!__tmainCRTStartup() (0x000000013fe4f319) + 21 bytes [f:\dd\vctools\crt\crtw32\dllstuff\crtexe.c:618]
kernel32.dll!UnknownFunction (0x0000000076c359ed) + 0 bytes [UnknownFile:0]
ntdll.dll!UnknownFunction (0x0000000076e6c541) + 0 bytes [UnknownFile:0]
ntdll.dll!UnknownFunction (0x0000000076e6c541) + 0 bytes [UnknownFile:0]


[2014.12.14-22.59.26:999][884]LogExit: Executing StaticShutdownAfterError
[2014.12.14-22.59.27:003][884]LogWindows: FPlatformMisc::RequestExit(1)
[2014.12.14-22.59.27:004][884]Log file closed, 12/14/14 14:59:27
