Log file open, 12/13/14 15:50:12
LogInit:Display: Running engine for game: Trial_third_person
LogInit: Version: 4.6.0-2369412+++depot+UE4-Releases+4.6
LogInit: API Version: 2369412
LogInit: Compiled (64-bit): Nov 24 2014 21:54:04
LogInit: Compiled with Visual C++: 18.00.21005.01
LogInit: Build Configuration: Development
LogInit: Branch Name: ++depot+UE4-Releases+4.6
LogInit: Command line:  /Temp/Autosaves/Game/Maps/UEDPCLivingRoom -game -PIEVIACONSOLE -ResX=1280 -ResY=720  -Multiprocess 
LogInit: Base directory: C:/Program Files/Epic Games/4.6/Engine/Binaries/Win64/
LogInit: Rocket: 1
[2014.12.13-23.50.12:671][  0]LogTaskGraph: Started task graph with 3 named threads and 6 total threads.
[2014.12.13-23.50.12:723][  0]LogOnline:Warning: No default platform service specified for OnlineSubsystem
[2014.12.13-23.50.12:747][  0]LogInit: Presizing for 0 objects not considered by GC, pre-allocating 0 bytes.
[2014.12.13-23.50.12:760][  0]LogInit: Object subsystem initialized
[2014.12.13-23.50.12:763][  0]LogConsoleResponse:Warning: Skipping Unknown console variable: 'UIScaleCurve = (EditorCurveData=(Keys=((Time=480.000000,Value=0.444000),(Time=720.000000,Value=0.666000),(Time=1080.000000,Value=1.000000),(Time=8640.000000,Value=8.000000))),ExternalCurve=None)'
[2014.12.13-23.50.12:763][  0]LogConsoleResponse:Warning:   Found in ini file 'C:/Users/Jeremy/Documents/GitHub/Study-Session/Trial_third_person 4.6/Saved/Config/Windows/Engine.ini', in section '[/Script/Engine.RendererSettings]'
[2014.12.13-23.50.12:763][  0]LogConsoleManager:Warning: Console variable 'r.MSAA.CompositingSampleCount' wasn't set (Priority ProjectSetting < Scalability)
[2014.12.13-23.50.12:763][  0]LogInit: Selected Device Profile: [Windows]
[2014.12.13-23.50.12:763][  0]LogInit: Applying CVar settings loaded from the selected device profile: [Windows]
[2014.12.13-23.50.12:772][  0]LogInit: Computer: BRIANA-DESKTOP
[2014.12.13-23.50.12:772][  0]LogInit: User: Jeremy
[2014.12.13-23.50.12:772][  0]LogInit: CPU Page size=4096, Cores=4
[2014.12.13-23.50.12:772][  0]LogInit: High frequency timer resolution =14.318180 MHz
[2014.12.13-23.50.12:772][  0]LogMemory: Memory total: Physical=8.0GB (8GB approx) Virtual=8192.0GB
[2014.12.13-23.50.12:772][  0]LogMemory: Platform Memory Stats for Windows
[2014.12.13-23.50.12:772][  0]LogMemory: Process Physical Memory: 49.12 MB used, 49.12 MB peak
[2014.12.13-23.50.12:772][  0]LogMemory: Process Virtual Memory: 25.13 MB used, 25.46 MB peak
[2014.12.13-23.50.12:772][  0]LogMemory: Physical Memory: 3909.07 MB used, 8183.89 MB total
[2014.12.13-23.50.12:772][  0]LogMemory: Virtual Memory: 264.37 MB used, 8388608.00 MB total
[2014.12.13-23.50.12:812][  0]LogD3D11RHI: Found D3D11 adapter 0: NVIDIA GeForce GTX 550 Ti (Feature Level 11_0)
[2014.12.13-23.50.12:812][  0]LogD3D11RHI: Adapter has 977MB of dedicated video memory, 0MB of dedicated system memory, and 3071MB of shared system memory, 2 output[s]
[2014.12.13-23.50.12:812][  0]LogD3D11RHI: Chosen D3D11 Adapter Id = 0
[2014.12.13-23.50.12:821][  0]LogRHI: Texture pool is 684 MB (70% of 977 MB)
[2014.12.13-23.50.12:831][  0]LogD3D11RHI: Async texture creation enabled
[2014.12.13-23.50.12:899][  0]LogTextLocalizationManager: The requested culture ('en_US') has no localization data; parent culture's ('en') localization data will be used.
[2014.12.13-23.50.13:117][  0]LogContentStreaming: Texture pool size is 1000.000000MB
[2014.12.13-23.50.20:410][  0]LogTargetPlatformManager:Display: Building Assets For Windows
[2014.12.13-23.50.20:953][  0]LogTargetPlatformManager:Display: Building Assets For Windows
[2014.12.13-23.50.21:020][  0]LogDerivedDataCache:Display: Max Cache Size: 512 MB
[2014.12.13-23.50.21:116][  0]LogDerivedDataCache: Loaded boot cache 0.10s 39MB C:/Users/Jeremy/AppData/Local/UnrealEngine/4.6/DerivedDataCache/Boot.ddc.
[2014.12.13-23.50.21:116][  0]LogDerivedDataCache:Display: Loaded Boot cache: C:/Users/Jeremy/AppData/Local/UnrealEngine/4.6/DerivedDataCache/Boot.ddc
[2014.12.13-23.50.21:116][  0]LogDerivedDataCache: FDerivedDataBackendGraph:  Pak pak cache file ../../../../../../Users/Jeremy/Documents/GitHub/Study-Session/Trial_third_person 4.6/DerivedDataCache/DDC.ddp not found, will not use a pak cache.
[2014.12.13-23.50.21:116][  0]LogDerivedDataCache: Unable to find inner node Pak for hierarchical cache Hierarchy.
[2014.12.13-23.50.21:210][  0]LogDerivedDataCache:Display: Pak cache opened for reading ../../../Engine/DerivedDataCache/DDC.ddp.
[2014.12.13-23.50.21:222][  0]LogDerivedDataCache: Using Local data cache path C:/Users/Jeremy/AppData/Local/UnrealEngine/Common/DerivedDataCache: Writable
[2014.12.13-23.50.21:427][  0]LogCollisionProfile:Warning: Profile (UI) - Custom Channel Name = 'Weapon' hasn't been found
[2014.12.13-23.50.21:603][  0]LogMeshUtilities: No automatic mesh reduction module available
[2014.12.13-23.50.21:603][  0]LogMeshUtilities: No automatic mesh merging module available
[2014.12.13-23.50.22:067][  0]LogInit: WinSock: version 1.1 (2.2), MaxSocks=32767, MaxUdp=65467
[2014.12.13-23.50.22:136][  0]LogSlate:Warning: Failed to load font data from '../../../Engine/Content/Slate/Fonts/Roboto-Italic.ttf'
[2014.12.13-23.50.23:187][  0]LogWindowsMoviePlayer: Unable to load movie: ../../../../../../Users/Jeremy/Documents/GitHub/Study-Session/Trial_third_person 4.6/Content/Movies/Default_Startup.mp4
[2014.12.13-23.50.23:332][  0]SourceControl: Info Source control is disabled
[2014.12.13-23.50.23:332][  0]SourceControl: Info Source control is disabled
[2014.12.13-23.50.23:340][  0]SourceControl: Info Source control is disabled
[2014.12.13-23.50.23:381][  0]LogDirectoryWatcher:Warning: Failed to begin reading directory changes for C:/Users/Jeremy/Documents/GitHub/Study-Session/Trial_third_person 4.6/Binaries/Win64. Error: 0
[2014.12.13-23.50.23:441][  0]LogObj: 23338 objects as part of root set at end of initial load.
[2014.12.13-23.50.23:441][  0]LogUObjectAllocator: 4907952 out of 0 bytes used by permanent object pool.
[2014.12.13-23.50.23:524][  0]LogAutomationTest:Warning: ERR: Transient text cannot be serialized "Testing Transient serialization detection".
[2014.12.13-23.50.23:525][  0]LogEngine: Initializing Engine...
[2014.12.13-23.50.25:533][  0]LogHMD:Warning: No Oculus HMD detected! Is Oculus Run-Time installed and service is running?
[2014.12.13-23.50.25:543][  0]LogHMD: Oculus shutdown.
[2014.12.13-23.50.25:726][  0]LogInit: XAudio2 using 'Speakers (Realtek High Definition Audio)' : 2 channels at 48 kHz using 32 bits per sample (channel mask 0x3)
[2014.12.13-23.50.25:741][  0]LogInit: FAudioDevice initialized.
[2014.12.13-23.50.25:752][  0]LogInit: Texture streaming: Enabled
[2014.12.13-23.50.25:840][  0]LogAnalytics: Creating configured Analytics provider AnalyticsET
[2014.12.13-23.50.25:841][  0]LogAnalytics: ET APIKey = Rocket.Release. APIServer = http://et2.epicgames.com/ET2/. AppVersion = 4.6.0-2369412+++depot+UE4-Releases+4.6
[2014.12.13-23.50.25:842][  0]LogAnalytics: SetUserId 6df8d6a202a5f32dd217a5bf9cbf5496
[2014.12.13-23.50.25:842][  0]LogAnalytics: AnalyticsET::StartSession [Rocket.Release]
[2014.12.13-23.50.25:865][  0]LogConsoleManager:Warning: Console variable 'r.VSync' wasn't set (Priority Code < GameSetting)
[2014.12.13-23.50.25:922][  0]LogNet: Browse: /Temp/Autosaves/Game/Maps/UEDPCLivingRoom?Name=Player
[2014.12.13-23.50.25:922][  0]LogLoad: LoadMap: /Temp/Autosaves/Game/Maps/UEDPCLivingRoom?Name=Player
[2014.12.13-23.50.25:938][  0]LogMemory: Platform Memory Stats for Windows
[2014.12.13-23.50.25:938][  0]LogMemory: Process Physical Memory: 295.02 MB used, 323.11 MB peak
[2014.12.13-23.50.25:938][  0]LogMemory: Process Virtual Memory: 254.07 MB used, 284.19 MB peak
[2014.12.13-23.50.25:938][  0]LogMemory: Physical Memory: 4055.26 MB used, 8183.89 MB total
[2014.12.13-23.50.25:938][  0]LogMemory: Virtual Memory: 687.25 MB used, 8388608.00 MB total
[2014.12.13-23.50.25:938][  0]LogMemory: 
[2014.12.13-23.50.25:938][  0]Allocator Stats for TBB: (not implemented)
[2014.12.13-23.50.27:658][  0]LogLinker:Warning: Can't find file '/Game/ArchVis/Textures/T_Shelving_N'
[2014.12.13-23.50.27:658][  0]LoadErrors: Info Failed to load /Game/ArchVis/Textures/T_Shelving_N.T_Shelving_N Referenced by M_Shelving
[2014.12.13-23.50.27:658][  0]LogUObjectGlobals:Warning: Failed to load '/Game/ArchVis/Textures/T_Shelving_N': Can't find file '/Game/ArchVis/Textures/T_Shelving_N'
[2014.12.13-23.50.27:658][  0]LogLinker:Warning: Can't find file for asset '/Game/ArchVis/Textures/T_Shelving_N' while loading NULL.
[2014.12.13-23.50.27:659][  0]LoadErrors: Info Failed to load /Game/ArchVis/Textures/T_Shelving_N.T_Shelving_N Referenced by M_Shelving
[2014.12.13-23.50.27:659][  0]LogUObjectGlobals:Warning: Failed to load '/Game/ArchVis/Textures/T_Shelving_N': Can't find file for asset '/Game/ArchVis/Textures/T_Shelving_N' while loading NULL.
[2014.12.13-23.50.27:659][  0]LogLinker:Warning: Can't find file '/Game/ArchVis/Textures/T_Wood'
[2014.12.13-23.50.27:659][  0]LoadErrors: Info Failed to load /Game/ArchVis/Textures/T_Wood.T_Wood Referenced by M_Shelving
[2014.12.13-23.50.27:659][  0]LogUObjectGlobals:Warning: Failed to load '/Game/ArchVis/Textures/T_Wood': Can't find file '/Game/ArchVis/Textures/T_Wood'
[2014.12.13-23.50.27:659][  0]LogLinker:Warning: Can't find file for asset '/Game/ArchVis/Textures/T_Wood' while loading NULL.
[2014.12.13-23.50.27:659][  0]LoadErrors: Info Failed to load /Game/ArchVis/Textures/T_Wood.T_Wood Referenced by M_Shelving
[2014.12.13-23.50.27:660][  0]LogUObjectGlobals:Warning: Failed to load '/Game/ArchVis/Textures/T_Wood': Can't find file for asset '/Game/ArchVis/Textures/T_Wood' while loading NULL.
[2014.12.13-23.50.27:660][  0]LogLinker:Warning: Can't find file '/Game/ArchVis/Textures/T_Shelving_M'
[2014.12.13-23.50.27:660][  0]LoadErrors: Info Failed to load /Game/ArchVis/Textures/T_Shelving_M.T_Shelving_M Referenced by M_Shelving
[2014.12.13-23.50.27:660][  0]LogUObjectGlobals:Warning: Failed to load '/Game/ArchVis/Textures/T_Shelving_M': Can't find file '/Game/ArchVis/Textures/T_Shelving_M'
[2014.12.13-23.50.27:660][  0]LogLinker:Warning: Can't find file for asset '/Game/ArchVis/Textures/T_Shelving_M' while loading NULL.
[2014.12.13-23.50.27:660][  0]LoadErrors: Info Failed to load /Game/ArchVis/Textures/T_Shelving_M.T_Shelving_M Referenced by M_Shelving
[2014.12.13-23.50.27:660][  0]LogUObjectGlobals:Warning: Failed to load '/Game/ArchVis/Textures/T_Shelving_M': Can't find file for asset '/Game/ArchVis/Textures/T_Shelving_M' while loading NULL.
[2014.12.13-23.50.27:661][  0]LogLinker:Warning: Can't find file '/Game/ArchVis/Textures/T_Wood_S'
[2014.12.13-23.50.27:661][  0]LoadErrors: Info Failed to load /Game/ArchVis/Textures/T_Wood_S.T_Wood_S Referenced by M_Shelving
[2014.12.13-23.50.27:661][  0]LogUObjectGlobals:Warning: Failed to load '/Game/ArchVis/Textures/T_Wood_S': Can't find file '/Game/ArchVis/Textures/T_Wood_S'
[2014.12.13-23.50.27:661][  0]LogLinker:Warning: Can't find file for asset '/Game/ArchVis/Textures/T_Wood_S' while loading NULL.
[2014.12.13-23.50.27:661][  0]LoadErrors: Info Failed to load /Game/ArchVis/Textures/T_Wood_S.T_Wood_S Referenced by M_Shelving
[2014.12.13-23.50.27:661][  0]LogUObjectGlobals:Warning: Failed to load '/Game/ArchVis/Textures/T_Wood_S': Can't find file for asset '/Game/ArchVis/Textures/T_Wood_S' while loading NULL.
[2014.12.13-23.50.27:662][  0]LogLinker:Warning: Can't find file '/Game/ArchVis/Textures/T_Shelving_N'
[2014.12.13-23.50.27:662][  0]LoadErrors: Info Failed to load /Game/ArchVis/Textures/T_Shelving_N.T_Shelving_N Referenced by MaterialExpressionTextureSample_0
[2014.12.13-23.50.27:662][  0]LogUObjectGlobals:Warning: Failed to load '/Game/ArchVis/Textures/T_Shelving_N': Can't find file '/Game/ArchVis/Textures/T_Shelving_N'
[2014.12.13-23.50.27:662][  0]LogLinker:Warning: Can't find file for asset '/Game/ArchVis/Textures/T_Shelving_N' while loading NULL.
[2014.12.13-23.50.27:662][  0]LoadErrors: Info Failed to load /Game/ArchVis/Textures/T_Shelving_N.T_Shelving_N Referenced by MaterialExpressionTextureSample_0
[2014.12.13-23.50.27:662][  0]LogUObjectGlobals:Warning: Failed to load '/Game/ArchVis/Textures/T_Shelving_N': Can't find file for asset '/Game/ArchVis/Textures/T_Shelving_N' while loading NULL.
[2014.12.13-23.50.27:663][  0]LogLinker:Warning: Can't find file '/Game/ArchVis/Textures/T_Shelving_M'
[2014.12.13-23.50.27:663][  0]LoadErrors: Info Failed to load /Game/ArchVis/Textures/T_Shelving_M.T_Shelving_M Referenced by MaterialExpressionTextureSample_1
[2014.12.13-23.50.27:663][  0]LogUObjectGlobals:Warning: Failed to load '/Game/ArchVis/Textures/T_Shelving_M': Can't find file '/Game/ArchVis/Textures/T_Shelving_M'
[2014.12.13-23.50.27:663][  0]LogLinker:Warning: Can't find file for asset '/Game/ArchVis/Textures/T_Shelving_M' while loading NULL.
[2014.12.13-23.50.27:663][  0]LoadErrors: Info Failed to load /Game/ArchVis/Textures/T_Shelving_M.T_Shelving_M Referenced by MaterialExpressionTextureSample_1
[2014.12.13-23.50.27:663][  0]LogUObjectGlobals:Warning: Failed to load '/Game/ArchVis/Textures/T_Shelving_M': Can't find file for asset '/Game/ArchVis/Textures/T_Shelving_M' while loading NULL.
[2014.12.13-23.50.27:664][  0]LogLinker:Warning: Can't find file '/Game/ArchVis/Textures/T_Wood'
[2014.12.13-23.50.27:664][  0]LoadErrors: Info Failed to load /Game/ArchVis/Textures/T_Wood.T_Wood Referenced by MaterialExpressionTextureSample_4
[2014.12.13-23.50.27:664][  0]LogUObjectGlobals:Warning: Failed to load '/Game/ArchVis/Textures/T_Wood': Can't find file '/Game/ArchVis/Textures/T_Wood'
[2014.12.13-23.50.27:664][  0]LogLinker:Warning: Can't find file for asset '/Game/ArchVis/Textures/T_Wood' while loading NULL.
[2014.12.13-23.50.27:665][  0]LoadErrors: Info Failed to load /Game/ArchVis/Textures/T_Wood.T_Wood Referenced by MaterialExpressionTextureSample_4
[2014.12.13-23.50.27:665][  0]LogUObjectGlobals:Warning: Failed to load '/Game/ArchVis/Textures/T_Wood': Can't find file for asset '/Game/ArchVis/Textures/T_Wood' while loading NULL.
[2014.12.13-23.50.27:665][  0]LogLinker:Warning: Can't find file '/Game/ArchVis/Textures/T_Wood_S'
[2014.12.13-23.50.27:665][  0]LoadErrors: Info Failed to load /Game/ArchVis/Textures/T_Wood_S.T_Wood_S Referenced by MaterialExpressionTextureSample_5
[2014.12.13-23.50.27:665][  0]LogUObjectGlobals:Warning: Failed to load '/Game/ArchVis/Textures/T_Wood_S': Can't find file '/Game/ArchVis/Textures/T_Wood_S'
[2014.12.13-23.50.27:666][  0]LogLinker:Warning: Can't find file for asset '/Game/ArchVis/Textures/T_Wood_S' while loading NULL.
[2014.12.13-23.50.27:666][  0]LoadErrors: Info Failed to load /Game/ArchVis/Textures/T_Wood_S.T_Wood_S Referenced by MaterialExpressionTextureSample_5
[2014.12.13-23.50.27:666][  0]LogUObjectGlobals:Warning: Failed to load '/Game/ArchVis/Textures/T_Wood_S': Can't find file for asset '/Game/ArchVis/Textures/T_Wood_S' while loading NULL.
[2014.12.13-23.50.27:672][  0]LogLinker:Warning: Can't find file '/Game/ArchVis/Materials/M_Statue_Inst'
[2014.12.13-23.50.27:672][  0]LoadErrors: Info Failed to load /Game/ArchVis/Materials/M_Statue_Inst.M_Statue_Inst Referenced by Statue
[2014.12.13-23.50.27:672][  0]LogUObjectGlobals:Warning: Failed to load '/Game/ArchVis/Materials/M_Statue_Inst': Can't find file '/Game/ArchVis/Materials/M_Statue_Inst'
[2014.12.13-23.50.27:673][  0]LogLinker:Warning: Can't find file for asset '/Game/ArchVis/Materials/M_Statue_Inst' while loading NULL.
[2014.12.13-23.50.27:673][  0]LoadErrors: Info Failed to load /Game/ArchVis/Materials/M_Statue_Inst.M_Statue_Inst Referenced by Statue
[2014.12.13-23.50.27:673][  0]LogUObjectGlobals:Warning: Failed to load '/Game/ArchVis/Materials/M_Statue_Inst': Can't find file for asset '/Game/ArchVis/Materials/M_Statue_Inst' while loading NULL.
[2014.12.13-23.50.27:695][  0]LogLinker:Warning: Can't find file '/Game/ArchVis/Materials/M_CoffeTable_MAT_Inst'
[2014.12.13-23.50.27:695][  0]LoadErrors: Info Failed to load /Game/ArchVis/Materials/M_CoffeTable_MAT_Inst.M_CoffeTable_MAT_Inst Referenced by SM_CoffeeTable
[2014.12.13-23.50.27:695][  0]LogUObjectGlobals:Warning: Failed to load '/Game/ArchVis/Materials/M_CoffeTable_MAT_Inst': Can't find file '/Game/ArchVis/Materials/M_CoffeTable_MAT_Inst'
[2014.12.13-23.50.27:695][  0]LogLinker:Warning: Can't find file for asset '/Game/ArchVis/Materials/M_CoffeTable_MAT_Inst' while loading NULL.
[2014.12.13-23.50.27:696][  0]LoadErrors: Info Failed to load /Game/ArchVis/Materials/M_CoffeTable_MAT_Inst.M_CoffeTable_MAT_Inst Referenced by SM_CoffeeTable
[2014.12.13-23.50.27:696][  0]LogUObjectGlobals:Warning: Failed to load '/Game/ArchVis/Materials/M_CoffeTable_MAT_Inst': Can't find file for asset '/Game/ArchVis/Materials/M_CoffeTable_MAT_Inst' while loading NULL.
[2014.12.13-23.50.27:699][  0]LogLinker:Warning: Can't find file '/Game/ArchVis/Materials/M_Curtain_MAT_Inst'
[2014.12.13-23.50.27:699][  0]LoadErrors: Info Failed to load /Game/ArchVis/Materials/M_Curtain_MAT_Inst.M_Curtain_MAT_Inst Referenced by SM_Curtain
[2014.12.13-23.50.27:699][  0]LogUObjectGlobals:Warning: Failed to load '/Game/ArchVis/Materials/M_Curtain_MAT_Inst': Can't find file '/Game/ArchVis/Materials/M_Curtain_MAT_Inst'
[2014.12.13-23.50.27:699][  0]LogLinker:Warning: Can't find file for asset '/Game/ArchVis/Materials/M_Curtain_MAT_Inst' while loading NULL.
[2014.12.13-23.50.27:699][  0]LoadErrors: Info Failed to load /Game/ArchVis/Materials/M_Curtain_MAT_Inst.M_Curtain_MAT_Inst Referenced by SM_Curtain
[2014.12.13-23.50.27:700][  0]LogUObjectGlobals:Warning: Failed to load '/Game/ArchVis/Materials/M_Curtain_MAT_Inst': Can't find file for asset '/Game/ArchVis/Materials/M_Curtain_MAT_Inst' while loading NULL.
[2014.12.13-23.50.27:720][  0]LogLinker:Warning: Can't find file '/Game/ArchVis/Materials/M_FloorLamp_Mat_Inst'
[2014.12.13-23.50.27:720][  0]LoadErrors: Info Failed to load /Game/ArchVis/Materials/M_FloorLamp_Mat_Inst.M_FloorLamp_Mat_Inst Referenced by SM_FloorLamp
[2014.12.13-23.50.27:720][  0]LogUObjectGlobals:Warning: Failed to load '/Game/ArchVis/Materials/M_FloorLamp_Mat_Inst': Can't find file '/Game/ArchVis/Materials/M_FloorLamp_Mat_Inst'
[2014.12.13-23.50.27:720][  0]LogLinker:Warning: Can't find file for asset '/Game/ArchVis/Materials/M_FloorLamp_Mat_Inst' while loading NULL.
[2014.12.13-23.50.27:720][  0]LoadErrors: Info Failed to load /Game/ArchVis/Materials/M_FloorLamp_Mat_Inst.M_FloorLamp_Mat_Inst Referenced by SM_FloorLamp
[2014.12.13-23.50.27:720][  0]LogUObjectGlobals:Warning: Failed to load '/Game/ArchVis/Materials/M_FloorLamp_Mat_Inst': Can't find file for asset '/Game/ArchVis/Materials/M_FloorLamp_Mat_Inst' while loading NULL.
[2014.12.13-23.50.27:732][  0]LogLinker:Warning: Can't find file '/Game/ArchVis/Materials/M_TV_Inst'
[2014.12.13-23.50.27:733][  0]LoadErrors: Info Failed to load /Game/ArchVis/Materials/M_TV_Inst.M_TV_Inst Referenced by SM_TV
[2014.12.13-23.50.27:733][  0]LogUObjectGlobals:Warning: Failed to load '/Game/ArchVis/Materials/M_TV_Inst': Can't find file '/Game/ArchVis/Materials/M_TV_Inst'
[2014.12.13-23.50.27:733][  0]LogLinker:Warning: Can't find file for asset '/Game/ArchVis/Materials/M_TV_Inst' while loading NULL.
[2014.12.13-23.50.27:733][  0]LoadErrors: Info Failed to load /Game/ArchVis/Materials/M_TV_Inst.M_TV_Inst Referenced by SM_TV
[2014.12.13-23.50.27:733][  0]LogUObjectGlobals:Warning: Failed to load '/Game/ArchVis/Materials/M_TV_Inst': Can't find file for asset '/Game/ArchVis/Materials/M_TV_Inst' while loading NULL.
[2014.12.13-23.50.27:733][  0]LogLinker:Warning: Can't find file '/Game/ArchVis/Materials/M_Shelving_Inst'
[2014.12.13-23.50.27:734][  0]LoadErrors: Info Failed to load /Game/ArchVis/Materials/M_Shelving_Inst.M_Shelving_Inst Referenced by SM_Shelving
[2014.12.13-23.50.27:734][  0]LogUObjectGlobals:Warning: Failed to load '/Game/ArchVis/Materials/M_Shelving_Inst': Can't find file '/Game/ArchVis/Materials/M_Shelving_Inst'
[2014.12.13-23.50.27:734][  0]LogLinker:Warning: Can't find file for asset '/Game/ArchVis/Materials/M_Shelving_Inst' while loading NULL.
[2014.12.13-23.50.27:734][  0]LoadErrors: Info Failed to load /Game/ArchVis/Materials/M_Shelving_Inst.M_Shelving_Inst Referenced by SM_Shelving
[2014.12.13-23.50.27:734][  0]LogUObjectGlobals:Warning: Failed to load '/Game/ArchVis/Materials/M_Shelving_Inst': Can't find file for asset '/Game/ArchVis/Materials/M_Shelving_Inst' while loading NULL.
[2014.12.13-23.50.28:019][  0]LogMaterial: Missing cached shader map for material M_Shelving, compiling.
[2014.12.13-23.50.28:020][  0]LogMaterial:Warning: Failed to compile Material /Game/StarterContent/Materials/Materials/M_Shelving.M_Shelving for platform PCD3D_SM5, Default Material will be used in game.
[2014.12.13-23.50.28:020][  0]LogMaterial:Warning: 	(Node TextureSample) TextureSample> Missing input texture
[2014.12.13-23.50.28:091][  0]LogWorld: Game class is 'MyGame_C'
[2014.12.13-23.50.28:117][  0]LogAIModule: Creating AISystem for world LivingRoom
[2014.12.13-23.50.28:136][  0]LogPhysics:Warning: AddConvexElemsToRigidActor: ConvexElem is missing ConvexMesh (11: /Game/Character/newcatcauseoldcatsucks.newcatcauseoldcatsucks:BodySetup_3)
[2014.12.13-23.50.28:141][  0]LogWorld: Bringing World /Temp/Autosaves/Game/Maps/UEDPCLivingRoom.LivingRoom up for play (max tick rate 0) at 2014.12.13-15.50.28
[2014.12.13-23.50.28:145][  0]LogWorld: Bringing up level for play took: 0.027148
[2014.12.13-23.50.28:151][  0]LogInit:Display: Game Engine Initialized.
[2014.12.13-23.50.28:371][  0]LogLoad: Full Startup: 17.68 seconds (BP compile: 0.49 seconds)
[2014.12.13-23.50.28:536][  2]LogRenderer:Warning: Reallocating scene render targets to support 1280x720.
[2014.12.13-23.50.46:892][755]Closing by request
[2014.12.13-23.50.46:892][755]LogWindows: FPlatformMisc::RequestExit(0)
[2014.12.13-23.50.46:991][756]LogExit: Preparing to exit.
[2014.12.13-23.50.47:114][756]LogExit: Game engine shut down
[2014.12.13-23.50.47:114][756]LogParticles: Destroying 0 GPU particle simulations for FXSystem 0x0000000014083060
[2014.12.13-23.50.47:173][756]LogExit: Object subsystem successfully closed.
[2014.12.13-23.50.47:218][756]LogModuleManager: Shutting down and abandoning module AndroidDeviceDetection (102)
[2014.12.13-23.50.47:218][756]LogModuleManager: Shutting down and abandoning module AutomationWorker (101)
[2014.12.13-23.50.47:218][756]LogModuleManager: Shutting down and abandoning module CharacterAI (100)
[2014.12.13-23.50.47:218][756]LogModuleManager: Shutting down and abandoning module AITestSuite (99)
[2014.12.13-23.50.47:218][756]LogModuleManager: Shutting down and abandoning module AIModule (98)
[2014.12.13-23.50.47:218][756]LogModuleManager: Shutting down and abandoning module GameLiveStreaming (97)
[2014.12.13-23.50.47:218][756]LogModuleManager: Shutting down and abandoning module StreamingPauseRendering (96)
[2014.12.13-23.50.47:218][756]LogModuleManager: Shutting down and abandoning module HTTP (95)
[2014.12.13-23.50.47:218][756]LogModuleManager: Shutting down and abandoning module AnalyticsET (94)
[2014.12.13-23.50.47:218][756]LogModuleManager: Shutting down and abandoning module Analytics (93)
[2014.12.13-23.50.47:218][756]LogModuleManager: Shutting down and abandoning module ProfilerService (92)
[2014.12.13-23.50.47:235][756]LogModuleManager: Shutting down and abandoning module TaskGraph (91)
[2014.12.13-23.50.47:235][756]LogModuleManager: Shutting down and abandoning module GameplayDebugger (90)
[2014.12.13-23.50.47:235][756]LogModuleManager: Shutting down and abandoning module SlateRemote (89)
[2014.12.13-23.50.47:235][756]LogModuleManager: Shutting down and abandoning module CustomMeshComponent (88)
[2014.12.13-23.50.47:235][756]LogModuleManager: Shutting down and abandoning module CableComponent (87)
[2014.12.13-23.50.47:235][756]LogModuleManager: Shutting down and abandoning module DesktopPlatform (86)
[2014.12.13-23.50.47:235][756]LogModuleManager: Shutting down and abandoning module DirectoryWatcher (85)
[2014.12.13-23.50.47:235][756]LogModuleManager: Shutting down and abandoning module HotReload (84)
[2014.12.13-23.50.47:235][756]LogModuleManager: Shutting down and abandoning module VisualStudioSourceCodeAccess (83)
[2014.12.13-23.50.47:235][756]LogModuleManager: Shutting down and abandoning module UObjectPlugin (82)
[2014.12.13-23.50.47:235][756]LogModuleManager: Shutting down and abandoning module SubversionSourceControl (81)
[2014.12.13-23.50.47:235][756]LogModuleManager: Shutting down and abandoning module SourceControl (80)
[2014.12.13-23.50.47:235][756]LogModuleManager: Shutting down and abandoning module PerforceSourceControl (79)
[2014.12.13-23.50.47:235][756]LogModuleManager: Shutting down and abandoning module BlankPlugin (78)
[2014.12.13-23.50.47:235][756]LogModuleManager: Shutting down and abandoning module ScriptPlugin (77)
[2014.12.13-23.50.47:235][756]LogModuleManager: Shutting down and abandoning module UdpMessaging (76)
[2014.12.13-23.50.47:235][756]LogModuleManager: Shutting down and abandoning module Paper2D (75)
[2014.12.13-23.50.47:235][756]LogModuleManager: Shutting down and abandoning module UE4Game (74)
[2014.12.13-23.50.47:236][756]LogModuleManager: Shutting down and abandoning module WindowsMoviePlayer (73)
[2014.12.13-23.50.47:240][756]LogModuleManager: Shutting down and abandoning module Media (72)
[2014.12.13-23.50.47:240][756]LogModuleManager: Shutting down and abandoning module WmfMedia (71)
[2014.12.13-23.50.47:240][756]LogModuleManager: Shutting down and abandoning module OnlineBlueprintSupport (70)
[2014.12.13-23.50.47:240][756]LogModuleManager: Shutting down and abandoning module PropertyEditor (69)
[2014.12.13-23.50.47:240][756]LogModuleManager: Shutting down and abandoning module BehaviorTreeEditor (68)
[2014.12.13-23.50.47:240][756]LogModuleManager: Shutting down and abandoning module FunctionalTesting (67)
[2014.12.13-23.50.47:240][756]LogModuleManager: Shutting down and abandoning module CollisionAnalyzer (66)
[2014.12.13-23.50.47:240][756]LogModuleManager: Shutting down and abandoning module WorkspaceMenuStructure (65)
[2014.12.13-23.50.47:240][756]LogModuleManager: Shutting down and abandoning module MessageLog (64)
[2014.12.13-23.50.47:240][756]LogModuleManager: Shutting down and abandoning module Sequencer (63)
[2014.12.13-23.50.47:240][756]LogModuleManager: Shutting down and abandoning module AssetTools (62)
[2014.12.13-23.50.47:240][756]LogModuleManager: Shutting down and abandoning module UMGEditor (61)
[2014.12.13-23.50.47:240][756]LogModuleManager: Shutting down and abandoning module UMG (60)
[2014.12.13-23.50.47:240][756]LogModuleManager: Shutting down and abandoning module Slate (59)
[2014.12.13-23.50.47:240][756]LogModuleManager: Shutting down and abandoning module EditorStyle (58)
[2014.12.13-23.50.47:245][756]LogModuleManager: Shutting down and abandoning module SessionServices (57)
[2014.12.13-23.50.47:245][756]LogModuleManager: Shutting down and abandoning module SourceCodeAccess (56)
[2014.12.13-23.50.47:245][756]LogModuleManager: Shutting down and abandoning module HeadMountedDisplay (55)
[2014.12.13-23.50.47:245][756]LogModuleManager: Shutting down and abandoning module XAudio2 (54)
[2014.12.13-23.50.47:245][756]LogModuleManager: Shutting down and abandoning module Networking (52)
[2014.12.13-23.50.47:245][756]LogModuleManager: Shutting down and abandoning module Core (51)
[2014.12.13-23.50.47:245][756]LogModuleManager: Shutting down and abandoning module KismetCompiler (50)
[2014.12.13-23.50.47:245][756]LogModuleManager: Shutting down and abandoning module PhysXFormats (49)
[2014.12.13-23.50.47:245][756]LogModuleManager: Shutting down and abandoning module MeshUtilities (48)
[2014.12.13-23.50.47:245][756]LogModuleManager: Shutting down and abandoning module DerivedDataCache (47)
[2014.12.13-23.50.47:715][756]LogDerivedDataCache: Shutdown
[2014.12.13-23.50.47:715][756]LogModuleManager: Shutting down and abandoning module ShaderFormatOpenGL (46)
[2014.12.13-23.50.47:715][756]LogModuleManager: Shutting down and abandoning module ShaderFormatD3D (45)
[2014.12.13-23.50.47:715][756]LogModuleManager: Shutting down and abandoning module MetalShaderFormat (44)
[2014.12.13-23.50.47:715][756]LogModuleManager: Shutting down and abandoning module TextureFormatUncompressed (43)
[2014.12.13-23.50.47:715][756]LogModuleManager: Shutting down and abandoning module TextureFormatPVR (42)
[2014.12.13-23.50.47:715][756]LogModuleManager: Shutting down and abandoning module TextureFormatDXT (41)
[2014.12.13-23.50.47:715][756]LogModuleManager: Shutting down and abandoning module TextureFormatAndroid (40)
[2014.12.13-23.50.47:715][756]LogModuleManager: Shutting down and abandoning module AudioFormatOpus (39)
[2014.12.13-23.50.47:715][756]LogModuleManager: Shutting down and abandoning module AudioFormatOgg (38)
[2014.12.13-23.50.47:715][756]LogModuleManager: Shutting down and abandoning module AudioFormatADPCM (37)
[2014.12.13-23.50.47:715][756]LogModuleManager: Shutting down and abandoning module LinuxTargetPlatform (36)
[2014.12.13-23.50.47:715][756]LogModuleManager: Shutting down and abandoning module LinuxServerTargetPlatform (35)
[2014.12.13-23.50.47:715][756]LogModuleManager: Shutting down and abandoning module LinuxNoEditorTargetPlatform (34)
[2014.12.13-23.50.47:715][756]LogModuleManager: Shutting down and abandoning module Messaging (33)
[2014.12.13-23.50.47:715][756]LogModuleManager: Shutting down and abandoning module IOSTargetPlatform (32)
[2014.12.13-23.50.47:715][756]LogModuleManager: Shutting down and abandoning module Android_PVRTCTargetPlatform (31)
[2014.12.13-23.50.47:715][756]LogModuleManager: Shutting down and abandoning module Android_ETC2TargetPlatform (30)
[2014.12.13-23.50.47:715][756]LogModuleManager: Shutting down and abandoning module Android_ETC1TargetPlatform (29)
[2014.12.13-23.50.47:715][756]LogModuleManager: Shutting down and abandoning module Android_DXTTargetPlatform (28)
[2014.12.13-23.50.47:715][756]LogModuleManager: Shutting down and abandoning module Android_ATCTargetPlatform (27)
[2014.12.13-23.50.47:715][756]LogModuleManager: Shutting down and abandoning module AndroidTargetPlatform (26)
[2014.12.13-23.50.47:715][756]LogModuleManager: Shutting down and abandoning module WindowsTargetPlatform (25)
[2014.12.13-23.50.47:715][756]LogModuleManager: Shutting down and abandoning module WindowsServerTargetPlatform (24)
[2014.12.13-23.50.47:715][756]LogModuleManager: Shutting down and abandoning module WindowsNoEditorTargetPlatform (23)
[2014.12.13-23.50.47:715][756]LogModuleManager: Shutting down and abandoning module WindowsClientTargetPlatform (22)
[2014.12.13-23.50.47:715][756]LogModuleManager: Shutting down and abandoning module TargetPlatform (21)
[2014.12.13-23.50.47:715][756]LogModuleManager: Shutting down and abandoning module InputCore (20)
[2014.12.13-23.50.47:715][756]LogModuleManager: Shutting down and abandoning module Settings (19)
[2014.12.13-23.50.47:715][756]LogModuleManager: Shutting down and abandoning module ImageWrapper (18)
[2014.12.13-23.50.47:715][756]LogModuleManager: Shutting down and abandoning module OculusRift (15)
[2014.12.13-23.50.47:715][756]LogModuleManager: Shutting down and abandoning module ExampleDeviceProfileSelector (14)
[2014.12.13-23.50.47:715][756]LogModuleManager: Shutting down and abandoning module TextureCompressor (13)
[2014.12.13-23.50.47:715][756]LogModuleManager: Shutting down and abandoning module ShaderCore (12)
[2014.12.13-23.50.47:715][756]LogModuleManager: Shutting down and abandoning module Landscape (11)
[2014.12.13-23.50.47:715][756]LogModuleManager: Shutting down and abandoning module SlateRHIRenderer (10)
[2014.12.13-23.50.47:716][756]LogModuleManager: Shutting down and abandoning module OpenGLDrv (9)
[2014.12.13-23.50.47:716][756]LogModuleManager: Shutting down and abandoning module D3D11RHI (8)
[2014.12.13-23.50.47:716][756]LogModuleManager: Shutting down and abandoning module Renderer (7)
[2014.12.13-23.50.47:716][756]LogModuleManager: Shutting down and abandoning module Engine (6)
[2014.12.13-23.50.47:716][756]LogModuleManager: Shutting down and abandoning module CoreUObject (5)
[2014.12.13-23.50.47:716][756]LogModuleManager: Shutting down and abandoning module NetworkFile (4)
[2014.12.13-23.50.47:716][756]LogModuleManager: Shutting down and abandoning module StreamingFile (3)
[2014.12.13-23.50.47:716][756]LogModuleManager: Shutting down and abandoning module SandboxFile (2)
[2014.12.13-23.50.47:716][756]LogModuleManager: Shutting down and abandoning module PakFile (1)
[2014.12.13-23.50.47:717][756]LogExit: Exiting.
[2014.12.13-23.50.47:719][756]Log file closed, 12/13/14 15:50:47
