Log file open, 12/14/14 17:53:30
LogInit:Display: Running engine for game: Trial_third_person
LogInit: Version: 4.6.0-2369412+++depot+UE4-Releases+4.6
LogInit: API Version: 2369412
LogInit: Compiled (64-bit): Nov 24 2014 21:54:04
LogInit: Compiled with Visual C++: 18.00.21005.01
LogInit: Build Configuration: Development
LogInit: Branch Name: ++depot+UE4-Releases+4.6
LogInit: Command line:  /Temp/Autosaves/Game/Maps/UEDPCSchool -game -PIEVIACONSOLE -ResX=1280 -ResY=720  -Multiprocess 
LogInit: Base directory: C:/Program Files/Epic Games/4.6/Engine/Binaries/Win64/
LogInit: Rocket: 1
[2014.12.15-01.53.30:401][  0]LogTaskGraph: Started task graph with 3 named threads and 6 total threads.
[2014.12.15-01.53.30:453][  0]LogOnline:Warning: No default platform service specified for OnlineSubsystem
[2014.12.15-01.53.30:478][  0]LogInit: Presizing for 0 objects not considered by GC, pre-allocating 0 bytes.
[2014.12.15-01.53.30:490][  0]LogInit: Object subsystem initialized
[2014.12.15-01.53.30:493][  0]LogConsoleResponse:Warning: Skipping Unknown console variable: 'UIScaleCurve = (EditorCurveData=(Keys=((Time=480.000000,Value=0.444000),(Time=720.000000,Value=0.666000),(Time=1080.000000,Value=1.000000),(Time=8640.000000,Value=8.000000))),ExternalCurve=None)'
[2014.12.15-01.53.30:493][  0]LogConsoleResponse:Warning:   Found in ini file 'C:/Users/Jeremy/Documents/GitHub/Study-Session/Trial_third_person 4.6/Saved/Config/Windows/Engine.ini', in section '[/Script/Engine.RendererSettings]'
[2014.12.15-01.53.30:494][  0]LogConsoleManager:Warning: Console variable 'r.MSAA.CompositingSampleCount' wasn't set (Priority ProjectSetting < Scalability)
[2014.12.15-01.53.30:494][  0]LogInit: Selected Device Profile: [Windows]
[2014.12.15-01.53.30:494][  0]LogInit: Applying CVar settings loaded from the selected device profile: [Windows]
[2014.12.15-01.53.30:503][  0]LogInit: Computer: BRIANA-DESKTOP
[2014.12.15-01.53.30:503][  0]LogInit: User: Jeremy
[2014.12.15-01.53.30:503][  0]LogInit: CPU Page size=4096, Cores=4
[2014.12.15-01.53.30:503][  0]LogInit: High frequency timer resolution =14.318180 MHz
[2014.12.15-01.53.30:503][  0]LogMemory: Memory total: Physical=8.0GB (8GB approx) Virtual=8192.0GB
[2014.12.15-01.53.30:504][  0]LogMemory: Platform Memory Stats for Windows
[2014.12.15-01.53.30:504][  0]LogMemory: Process Physical Memory: 49.32 MB used, 49.32 MB peak
[2014.12.15-01.53.30:504][  0]LogMemory: Process Virtual Memory: 25.21 MB used, 25.21 MB peak
[2014.12.15-01.53.30:504][  0]LogMemory: Physical Memory: 3660.53 MB used, 8183.89 MB total
[2014.12.15-01.53.30:504][  0]LogMemory: Virtual Memory: 264.43 MB used, 8388608.00 MB total
[2014.12.15-01.53.30:543][  0]LogD3D11RHI: Found D3D11 adapter 0: NVIDIA GeForce GTX 550 Ti (Feature Level 11_0)
[2014.12.15-01.53.30:544][  0]LogD3D11RHI: Adapter has 977MB of dedicated video memory, 0MB of dedicated system memory, and 3071MB of shared system memory, 2 output[s]
[2014.12.15-01.53.30:544][  0]LogD3D11RHI: Chosen D3D11 Adapter Id = 0
[2014.12.15-01.53.30:552][  0]LogRHI: Texture pool is 684 MB (70% of 977 MB)
[2014.12.15-01.53.30:565][  0]LogD3D11RHI: Async texture creation enabled
[2014.12.15-01.53.30:631][  0]LogTextLocalizationManager: The requested culture ('en_US') has no localization data; parent culture's ('en') localization data will be used.
[2014.12.15-01.53.30:844][  0]LogContentStreaming: Texture pool size is 1000.000000MB
[2014.12.15-01.53.38:167][  0]LogTargetPlatformManager:Display: Building Assets For Windows
[2014.12.15-01.53.38:710][  0]LogTargetPlatformManager:Display: Building Assets For Windows
[2014.12.15-01.53.38:776][  0]LogDerivedDataCache:Display: Max Cache Size: 512 MB
[2014.12.15-01.53.38:860][  0]LogDerivedDataCache: Loaded boot cache 0.08s 39MB C:/Users/Jeremy/AppData/Local/UnrealEngine/4.6/DerivedDataCache/Boot.ddc.
[2014.12.15-01.53.38:860][  0]LogDerivedDataCache:Display: Loaded Boot cache: C:/Users/Jeremy/AppData/Local/UnrealEngine/4.6/DerivedDataCache/Boot.ddc
[2014.12.15-01.53.38:860][  0]LogDerivedDataCache: FDerivedDataBackendGraph:  Pak pak cache file ../../../../../../Users/Jeremy/Documents/GitHub/Study-Session/Trial_third_person 4.6/DerivedDataCache/DDC.ddp not found, will not use a pak cache.
[2014.12.15-01.53.38:860][  0]LogDerivedDataCache: Unable to find inner node Pak for hierarchical cache Hierarchy.
[2014.12.15-01.53.38:957][  0]LogDerivedDataCache:Display: Pak cache opened for reading ../../../Engine/DerivedDataCache/DDC.ddp.
[2014.12.15-01.53.38:969][  0]LogDerivedDataCache: Using Local data cache path C:/Users/Jeremy/AppData/Local/UnrealEngine/Common/DerivedDataCache: Writable
[2014.12.15-01.53.39:165][  0]LogCollisionProfile:Warning: Profile (UI) - Custom Channel Name = 'Weapon' hasn't been found
[2014.12.15-01.53.39:339][  0]LogMeshUtilities: No automatic mesh reduction module available
[2014.12.15-01.53.39:339][  0]LogMeshUtilities: No automatic mesh merging module available
[2014.12.15-01.53.39:799][  0]LogInit: WinSock: version 1.1 (2.2), MaxSocks=32767, MaxUdp=65467
[2014.12.15-01.53.39:867][  0]LogSlate:Warning: Failed to load font data from '../../../Engine/Content/Slate/Fonts/Roboto-Italic.ttf'
[2014.12.15-01.53.40:941][  0]LogWindowsMoviePlayer: Unable to load movie: ../../../../../../Users/Jeremy/Documents/GitHub/Study-Session/Trial_third_person 4.6/Content/Movies/Default_Startup.mp4
[2014.12.15-01.53.41:085][  0]SourceControl: Info Source control is disabled
[2014.12.15-01.53.41:085][  0]SourceControl: Info Source control is disabled
[2014.12.15-01.53.41:094][  0]SourceControl: Info Source control is disabled
[2014.12.15-01.53.41:134][  0]LogDirectoryWatcher:Warning: Failed to begin reading directory changes for C:/Users/Jeremy/Documents/GitHub/Study-Session/Trial_third_person 4.6/Binaries/Win64. Error: 0
[2014.12.15-01.53.41:193][  0]LogObj: 23338 objects as part of root set at end of initial load.
[2014.12.15-01.53.41:194][  0]LogUObjectAllocator: 4907960 out of 0 bytes used by permanent object pool.
[2014.12.15-01.53.41:271][  0]LogAutomationTest:Warning: ERR: Transient text cannot be serialized "Testing Transient serialization detection".
[2014.12.15-01.53.41:272][  0]LogEngine: Initializing Engine...
[2014.12.15-01.53.44:273][  0]LogHMD:Warning: No Oculus HMD detected! Is Oculus Run-Time installed and service is running?
[2014.12.15-01.53.44:283][  0]LogHMD: Oculus shutdown.
[2014.12.15-01.53.44:473][  0]LogInit: XAudio2 using 'Speakers (Realtek High Definition Audio)' : 2 channels at 48 kHz using 32 bits per sample (channel mask 0x3)
[2014.12.15-01.53.44:491][  0]LogInit: FAudioDevice initialized.
[2014.12.15-01.53.44:502][  0]LogInit: Texture streaming: Enabled
[2014.12.15-01.53.44:593][  0]LogAnalytics: Creating configured Analytics provider AnalyticsET
[2014.12.15-01.53.44:593][  0]LogAnalytics: ET APIKey = Rocket.Release. APIServer = http://et2.epicgames.com/ET2/. AppVersion = 4.6.0-2369412+++depot+UE4-Releases+4.6
[2014.12.15-01.53.44:595][  0]LogAnalytics: SetUserId 6df8d6a202a5f32dd217a5bf9cbf5496
[2014.12.15-01.53.44:595][  0]LogAnalytics: AnalyticsET::StartSession [Rocket.Release]
[2014.12.15-01.53.44:618][  0]LogConsoleManager:Warning: Console variable 'r.VSync' wasn't set (Priority Code < GameSetting)
[2014.12.15-01.53.44:673][  0]LogNet: Browse: /Temp/Autosaves/Game/Maps/UEDPCSchool?Name=Player
[2014.12.15-01.53.44:673][  0]LogLoad: LoadMap: /Temp/Autosaves/Game/Maps/UEDPCSchool?Name=Player
[2014.12.15-01.53.44:687][  0]LogMemory: Platform Memory Stats for Windows
[2014.12.15-01.53.44:687][  0]LogMemory: Process Physical Memory: 293.91 MB used, 322.12 MB peak
[2014.12.15-01.53.44:687][  0]LogMemory: Process Virtual Memory: 252.76 MB used, 283.16 MB peak
[2014.12.15-01.53.44:687][  0]LogMemory: Physical Memory: 3843.21 MB used, 8183.89 MB total
[2014.12.15-01.53.44:687][  0]LogMemory: Virtual Memory: 686.13 MB used, 8388608.00 MB total
[2014.12.15-01.53.44:687][  0]LogMemory: 
[2014.12.15-01.53.44:687][  0]Allocator Stats for TBB: (not implemented)
[2014.12.15-01.53.46:049][  0]LogLinker:Warning: Can't find file '/Game/ArchVis/Materials/MI_Couch_NOSSS_Mat_Inst'
[2014.12.15-01.53.46:049][  0]LoadErrors: Info Failed to load /Game/ArchVis/Materials/MI_Couch_NOSSS_Mat_Inst.MI_Couch_NOSSS_Mat_Inst Referenced by SM_Couch_1seat
[2014.12.15-01.53.46:049][  0]LogUObjectGlobals:Warning: Failed to load '/Game/ArchVis/Materials/MI_Couch_NOSSS_Mat_Inst': Can't find file '/Game/ArchVis/Materials/MI_Couch_NOSSS_Mat_Inst'
[2014.12.15-01.53.46:050][  0]LogLinker:Warning: Can't find file for asset '/Game/ArchVis/Materials/MI_Couch_NOSSS_Mat_Inst' while loading NULL.
[2014.12.15-01.53.46:050][  0]LoadErrors: Info Failed to load /Game/ArchVis/Materials/MI_Couch_NOSSS_Mat_Inst.MI_Couch_NOSSS_Mat_Inst Referenced by SM_Couch_1seat
[2014.12.15-01.53.46:050][  0]LogUObjectGlobals:Warning: Failed to load '/Game/ArchVis/Materials/MI_Couch_NOSSS_Mat_Inst': Can't find file for asset '/Game/ArchVis/Materials/MI_Couch_NOSSS_Mat_Inst' while loading NULL.
[2014.12.15-01.53.46:050][  0]LogLinker:Warning: Can't find file '/Game/ArchVis/Materials/MI_Couch_NOSSS_Mat_Inst'
[2014.12.15-01.53.46:050][  0]LoadErrors: Info Failed to load /Game/ArchVis/Materials/MI_Couch_NOSSS_Mat_Inst.MI_Couch_NOSSS_Mat_Inst Referenced by SM_Couch_1seat
[2014.12.15-01.53.46:050][  0]LogUObjectGlobals:Warning: Failed to load '/Game/ArchVis/Materials/MI_Couch_NOSSS_Mat_Inst': Can't find file '/Game/ArchVis/Materials/MI_Couch_NOSSS_Mat_Inst'
[2014.12.15-01.53.46:051][  0]LogLinker:Warning: Can't find file for asset '/Game/ArchVis/Materials/MI_Couch_NOSSS_Mat_Inst' while loading NULL.
[2014.12.15-01.53.46:051][  0]LoadErrors: Info Failed to load /Game/ArchVis/Materials/MI_Couch_NOSSS_Mat_Inst.MI_Couch_NOSSS_Mat_Inst Referenced by SM_Couch_1seat
[2014.12.15-01.53.46:051][  0]LogUObjectGlobals:Warning: Failed to load '/Game/ArchVis/Materials/MI_Couch_NOSSS_Mat_Inst': Can't find file for asset '/Game/ArchVis/Materials/MI_Couch_NOSSS_Mat_Inst' while loading NULL.
[2014.12.15-01.53.46:193][  0]LogWorld: Game class is 'MyGame_C'
[2014.12.15-01.53.46:220][  0]LogAIModule: Creating AISystem for world School
[2014.12.15-01.53.46:228][  0]LogWorld: Bringing World /Temp/Autosaves/Game/Maps/UEDPCSchool.School up for play (max tick rate 0) at 2014.12.14-17.53.46
[2014.12.15-01.53.46:231][  0]LogWorld: Bringing up level for play took: 0.011244
[2014.12.15-01.53.46:236][  0]LogInit:Display: Game Engine Initialized.
[2014.12.15-01.53.46:457][  0]LogLoad: Full Startup: 18.11 seconds (BP compile: 0.49 seconds)
[2014.12.15-01.53.46:616][  2]LogRenderer:Warning: Reallocating scene render targets to support 1280x720.
[2014.12.15-01.54.08:331][379]LogPackageName: SearchForPackageOnDisk took   0.102s to resolve Mansion.umap
[2014.12.15-01.54.08:428][380]LogPackageName: SearchForPackageOnDisk took   0.095s to resolve Mansion.umap
[2014.12.15-01.54.08:429][380]LogNet: Browse: /Game/Maps/Mansion
[2014.12.15-01.54.08:429][380]LogLoad: LoadMap: /Game/Maps/Mansion
[2014.12.15-01.54.08:462][380]LogParticles: Destroying 0 GPU particle simulations for FXSystem 0x0000000013ABACA0
[2014.12.15-01.54.08:495][380]LogMemory: Platform Memory Stats for Windows
[2014.12.15-01.54.08:495][380]LogMemory: Process Physical Memory: 373.81 MB used, 412.41 MB peak
[2014.12.15-01.54.08:495][380]LogMemory: Process Virtual Memory: 312.14 MB used, 349.68 MB peak
[2014.12.15-01.54.08:495][380]LogMemory: Physical Memory: 4011.67 MB used, 8183.89 MB total
[2014.12.15-01.54.08:495][380]LogMemory: Virtual Memory: 763.44 MB used, 8388608.00 MB total
[2014.12.15-01.54.08:495][380]LogMemory: 
[2014.12.15-01.54.08:495][380]Allocator Stats for TBB: (not implemented)
[2014.12.15-01.54.08:792][380]LogLinker:Warning: Can't find file '/Game/ArchVis/Materials/M_CoffeTable_MAT_Inst'
[2014.12.15-01.54.08:792][380]LoadErrors: Info Failed to load /Game/ArchVis/Materials/M_CoffeTable_MAT_Inst.M_CoffeTable_MAT_Inst Referenced by SM_CoffeeTable
[2014.12.15-01.54.08:792][380]LogUObjectGlobals:Warning: Failed to load '/Game/ArchVis/Materials/M_CoffeTable_MAT_Inst': Can't find file '/Game/ArchVis/Materials/M_CoffeTable_MAT_Inst'
[2014.12.15-01.54.08:792][380]LogLinker:Warning: Can't find file for asset '/Game/ArchVis/Materials/M_CoffeTable_MAT_Inst' while loading NULL.
[2014.12.15-01.54.08:792][380]LoadErrors: Info Failed to load /Game/ArchVis/Materials/M_CoffeTable_MAT_Inst.M_CoffeTable_MAT_Inst Referenced by SM_CoffeeTable
[2014.12.15-01.54.08:792][380]LogUObjectGlobals:Warning: Failed to load '/Game/ArchVis/Materials/M_CoffeTable_MAT_Inst': Can't find file for asset '/Game/ArchVis/Materials/M_CoffeTable_MAT_Inst' while loading NULL.
[2014.12.15-01.54.08:801][380]LogLinker:Warning: Can't find file '/Game/ArchVis/Materials/M_FloorLamp_Mat_Inst'
[2014.12.15-01.54.08:801][380]LoadErrors: Info Failed to load /Game/ArchVis/Materials/M_FloorLamp_Mat_Inst.M_FloorLamp_Mat_Inst Referenced by SM_FloorLamp
[2014.12.15-01.54.08:801][380]LogUObjectGlobals:Warning: Failed to load '/Game/ArchVis/Materials/M_FloorLamp_Mat_Inst': Can't find file '/Game/ArchVis/Materials/M_FloorLamp_Mat_Inst'
[2014.12.15-01.54.08:802][380]LogLinker:Warning: Can't find file for asset '/Game/ArchVis/Materials/M_FloorLamp_Mat_Inst' while loading NULL.
[2014.12.15-01.54.08:802][380]LoadErrors: Info Failed to load /Game/ArchVis/Materials/M_FloorLamp_Mat_Inst.M_FloorLamp_Mat_Inst Referenced by SM_FloorLamp
[2014.12.15-01.54.08:802][380]LogUObjectGlobals:Warning: Failed to load '/Game/ArchVis/Materials/M_FloorLamp_Mat_Inst': Can't find file for asset '/Game/ArchVis/Materials/M_FloorLamp_Mat_Inst' while loading NULL.
[2014.12.15-01.54.08:826][380]LogLinker:Warning: Can't find file '/Game/ArchVis/Materials/M_Shelving_Inst'
[2014.12.15-01.54.08:826][380]LoadErrors: Info Failed to load /Game/ArchVis/Materials/M_Shelving_Inst.M_Shelving_Inst Referenced by SM_Shelving
[2014.12.15-01.54.08:826][380]LogUObjectGlobals:Warning: Failed to load '/Game/ArchVis/Materials/M_Shelving_Inst': Can't find file '/Game/ArchVis/Materials/M_Shelving_Inst'
[2014.12.15-01.54.08:826][380]LogLinker:Warning: Can't find file for asset '/Game/ArchVis/Materials/M_Shelving_Inst' while loading NULL.
[2014.12.15-01.54.08:827][380]LoadErrors: Info Failed to load /Game/ArchVis/Materials/M_Shelving_Inst.M_Shelving_Inst Referenced by SM_Shelving
[2014.12.15-01.54.08:827][380]LogUObjectGlobals:Warning: Failed to load '/Game/ArchVis/Materials/M_Shelving_Inst': Can't find file for asset '/Game/ArchVis/Materials/M_Shelving_Inst' while loading NULL.
[2014.12.15-01.54.09:136][380]LogWorld: Game class is 'MyGame_C'
[2014.12.15-01.54.09:139][380]LogAIModule: Creating AISystem for world Mansion
[2014.12.15-01.54.09:150][380]LogWorld: Bringing World /Game/Maps/Mansion.Mansion up for play (max tick rate 0) at 2014.12.14-17.54.09
[2014.12.15-01.54.09:156][380]LogWorld: Bringing up level for play took: 0.016558
[2014.12.15-01.55.04:527][964]LogPackageName: SearchForPackageOnDisk took   0.100s to resolve School.umap
[2014.12.15-01.55.04:625][965]LogPackageName: SearchForPackageOnDisk took   0.095s to resolve School.umap
[2014.12.15-01.55.04:625][965]LogNet: Browse: /Game/Maps/School
[2014.12.15-01.55.04:635][965]LogLoad: LoadMap: /Game/Maps/School
[2014.12.15-01.55.04:660][965]LogParticles: Destroying 0 GPU particle simulations for FXSystem 0x000000000DFD60C0
[2014.12.15-01.55.04:674][965]LogMemory: Platform Memory Stats for Windows
[2014.12.15-01.55.04:674][965]LogMemory: Process Physical Memory: 446.93 MB used, 462.53 MB peak
[2014.12.15-01.55.04:674][965]LogMemory: Process Virtual Memory: 376.64 MB used, 399.86 MB peak
[2014.12.15-01.55.04:674][965]LogMemory: Physical Memory: 4177.94 MB used, 8183.89 MB total
[2014.12.15-01.55.04:674][965]LogMemory: Virtual Memory: 872.38 MB used, 8388608.00 MB total
[2014.12.15-01.55.04:674][965]LogMemory: 
[2014.12.15-01.55.04:674][965]Allocator Stats for TBB: (not implemented)
[2014.12.15-01.55.05:058][965]LogLinker:Warning: Can't find file '/Game/ArchVis/Materials/MI_Couch_NOSSS_Mat_Inst'
[2014.12.15-01.55.05:058][965]LoadErrors: Info Failed to load /Game/ArchVis/Materials/MI_Couch_NOSSS_Mat_Inst.MI_Couch_NOSSS_Mat_Inst Referenced by SM_Couch_1seat
[2014.12.15-01.55.05:058][965]LogUObjectGlobals:Warning: Failed to load '/Game/ArchVis/Materials/MI_Couch_NOSSS_Mat_Inst': Can't find file '/Game/ArchVis/Materials/MI_Couch_NOSSS_Mat_Inst'
[2014.12.15-01.55.05:059][965]LogLinker:Warning: Can't find file for asset '/Game/ArchVis/Materials/MI_Couch_NOSSS_Mat_Inst' while loading NULL.
[2014.12.15-01.55.05:059][965]LoadErrors: Info Failed to load /Game/ArchVis/Materials/MI_Couch_NOSSS_Mat_Inst.MI_Couch_NOSSS_Mat_Inst Referenced by SM_Couch_1seat
[2014.12.15-01.55.05:059][965]LogUObjectGlobals:Warning: Failed to load '/Game/ArchVis/Materials/MI_Couch_NOSSS_Mat_Inst': Can't find file for asset '/Game/ArchVis/Materials/MI_Couch_NOSSS_Mat_Inst' while loading NULL.
[2014.12.15-01.55.05:059][965]LogLinker:Warning: Can't find file '/Game/ArchVis/Materials/MI_Couch_NOSSS_Mat_Inst'
[2014.12.15-01.55.05:059][965]LoadErrors: Info Failed to load /Game/ArchVis/Materials/MI_Couch_NOSSS_Mat_Inst.MI_Couch_NOSSS_Mat_Inst Referenced by SM_Couch_1seat
[2014.12.15-01.55.05:059][965]LogUObjectGlobals:Warning: Failed to load '/Game/ArchVis/Materials/MI_Couch_NOSSS_Mat_Inst': Can't find file '/Game/ArchVis/Materials/MI_Couch_NOSSS_Mat_Inst'
[2014.12.15-01.55.05:059][965]LogLinker:Warning: Can't find file for asset '/Game/ArchVis/Materials/MI_Couch_NOSSS_Mat_Inst' while loading NULL.
[2014.12.15-01.55.05:060][965]LoadErrors: Info Failed to load /Game/ArchVis/Materials/MI_Couch_NOSSS_Mat_Inst.MI_Couch_NOSSS_Mat_Inst Referenced by SM_Couch_1seat
[2014.12.15-01.55.05:060][965]LogUObjectGlobals:Warning: Failed to load '/Game/ArchVis/Materials/MI_Couch_NOSSS_Mat_Inst': Can't find file for asset '/Game/ArchVis/Materials/MI_Couch_NOSSS_Mat_Inst' while loading NULL.
[2014.12.15-01.55.05:137][965]LogWorld: Game class is 'MyGame_C'
[2014.12.15-01.55.05:142][965]LogAIModule: Creating AISystem for world School
[2014.12.15-01.55.05:148][965]LogWorld: Bringing World /Game/Maps/School.School up for play (max tick rate 0) at 2014.12.14-17.55.05
[2014.12.15-01.55.05:151][965]LogWorld: Bringing up level for play took: 0.008778
[2014.12.15-01.55.23:239][ 45]Closing by request
[2014.12.15-01.55.23:239][ 45]LogWindows: FPlatformMisc::RequestExit(0)
[2014.12.15-01.55.23:315][ 46]LogExit: Preparing to exit.
[2014.12.15-01.55.23:429][ 46]LogExit: Game engine shut down
[2014.12.15-01.55.23:432][ 46]LogParticles: Destroying 0 GPU particle simulations for FXSystem 0x000000000DE71F80
[2014.12.15-01.55.23:468][ 46]LogExit: Object subsystem successfully closed.
[2014.12.15-01.55.23:512][ 46]LogModuleManager: Shutting down and abandoning module AndroidDeviceDetection (102)
[2014.12.15-01.55.23:512][ 46]LogModuleManager: Shutting down and abandoning module AutomationWorker (101)
[2014.12.15-01.55.23:512][ 46]LogModuleManager: Shutting down and abandoning module CharacterAI (100)
[2014.12.15-01.55.23:512][ 46]LogModuleManager: Shutting down and abandoning module AITestSuite (99)
[2014.12.15-01.55.23:512][ 46]LogModuleManager: Shutting down and abandoning module AIModule (98)
[2014.12.15-01.55.23:512][ 46]LogModuleManager: Shutting down and abandoning module GameLiveStreaming (97)
[2014.12.15-01.55.23:512][ 46]LogModuleManager: Shutting down and abandoning module StreamingPauseRendering (96)
[2014.12.15-01.55.23:512][ 46]LogModuleManager: Shutting down and abandoning module HTTP (95)
[2014.12.15-01.55.23:512][ 46]LogModuleManager: Shutting down and abandoning module AnalyticsET (94)
[2014.12.15-01.55.23:512][ 46]LogModuleManager: Shutting down and abandoning module Analytics (93)
[2014.12.15-01.55.23:512][ 46]LogModuleManager: Shutting down and abandoning module ProfilerService (92)
[2014.12.15-01.55.23:734][ 46]LogModuleManager: Shutting down and abandoning module TaskGraph (91)
[2014.12.15-01.55.23:734][ 46]LogModuleManager: Shutting down and abandoning module GameplayDebugger (90)
[2014.12.15-01.55.23:734][ 46]LogModuleManager: Shutting down and abandoning module SlateRemote (89)
[2014.12.15-01.55.23:734][ 46]LogModuleManager: Shutting down and abandoning module CustomMeshComponent (88)
[2014.12.15-01.55.23:734][ 46]LogModuleManager: Shutting down and abandoning module CableComponent (87)
[2014.12.15-01.55.23:734][ 46]LogModuleManager: Shutting down and abandoning module DesktopPlatform (86)
[2014.12.15-01.55.23:734][ 46]LogModuleManager: Shutting down and abandoning module DirectoryWatcher (85)
[2014.12.15-01.55.23:734][ 46]LogModuleManager: Shutting down and abandoning module HotReload (84)
[2014.12.15-01.55.23:734][ 46]LogModuleManager: Shutting down and abandoning module VisualStudioSourceCodeAccess (83)
[2014.12.15-01.55.23:734][ 46]LogModuleManager: Shutting down and abandoning module UObjectPlugin (82)
[2014.12.15-01.55.23:734][ 46]LogModuleManager: Shutting down and abandoning module SubversionSourceControl (81)
[2014.12.15-01.55.23:734][ 46]LogModuleManager: Shutting down and abandoning module SourceControl (80)
[2014.12.15-01.55.23:734][ 46]LogModuleManager: Shutting down and abandoning module PerforceSourceControl (79)
[2014.12.15-01.55.23:734][ 46]LogModuleManager: Shutting down and abandoning module BlankPlugin (78)
[2014.12.15-01.55.23:734][ 46]LogModuleManager: Shutting down and abandoning module ScriptPlugin (77)
[2014.12.15-01.55.23:734][ 46]LogModuleManager: Shutting down and abandoning module UdpMessaging (76)
[2014.12.15-01.55.23:734][ 46]LogModuleManager: Shutting down and abandoning module Paper2D (75)
[2014.12.15-01.55.23:734][ 46]LogModuleManager: Shutting down and abandoning module UE4Game (74)
[2014.12.15-01.55.23:734][ 46]LogModuleManager: Shutting down and abandoning module WindowsMoviePlayer (73)
[2014.12.15-01.55.23:738][ 46]LogModuleManager: Shutting down and abandoning module Media (72)
[2014.12.15-01.55.23:738][ 46]LogModuleManager: Shutting down and abandoning module WmfMedia (71)
[2014.12.15-01.55.23:739][ 46]LogModuleManager: Shutting down and abandoning module OnlineBlueprintSupport (70)
[2014.12.15-01.55.23:739][ 46]LogModuleManager: Shutting down and abandoning module PropertyEditor (69)
[2014.12.15-01.55.23:739][ 46]LogModuleManager: Shutting down and abandoning module BehaviorTreeEditor (68)
[2014.12.15-01.55.23:739][ 46]LogModuleManager: Shutting down and abandoning module FunctionalTesting (67)
[2014.12.15-01.55.23:739][ 46]LogModuleManager: Shutting down and abandoning module CollisionAnalyzer (66)
[2014.12.15-01.55.23:739][ 46]LogModuleManager: Shutting down and abandoning module WorkspaceMenuStructure (65)
[2014.12.15-01.55.23:739][ 46]LogModuleManager: Shutting down and abandoning module MessageLog (64)
[2014.12.15-01.55.23:739][ 46]LogModuleManager: Shutting down and abandoning module Sequencer (63)
[2014.12.15-01.55.23:739][ 46]LogModuleManager: Shutting down and abandoning module AssetTools (62)
[2014.12.15-01.55.23:739][ 46]LogModuleManager: Shutting down and abandoning module UMGEditor (61)
[2014.12.15-01.55.23:739][ 46]LogModuleManager: Shutting down and abandoning module UMG (60)
[2014.12.15-01.55.23:739][ 46]LogModuleManager: Shutting down and abandoning module Slate (59)
[2014.12.15-01.55.23:739][ 46]LogModuleManager: Shutting down and abandoning module EditorStyle (58)
[2014.12.15-01.55.23:744][ 46]LogModuleManager: Shutting down and abandoning module SessionServices (57)
[2014.12.15-01.55.23:744][ 46]LogModuleManager: Shutting down and abandoning module SourceCodeAccess (56)
[2014.12.15-01.55.23:744][ 46]LogModuleManager: Shutting down and abandoning module HeadMountedDisplay (55)
[2014.12.15-01.55.23:744][ 46]LogModuleManager: Shutting down and abandoning module XAudio2 (54)
[2014.12.15-01.55.23:744][ 46]LogModuleManager: Shutting down and abandoning module Networking (52)
[2014.12.15-01.55.23:744][ 46]LogModuleManager: Shutting down and abandoning module Core (51)
[2014.12.15-01.55.23:744][ 46]LogModuleManager: Shutting down and abandoning module KismetCompiler (50)
[2014.12.15-01.55.23:744][ 46]LogModuleManager: Shutting down and abandoning module PhysXFormats (49)
[2014.12.15-01.55.23:744][ 46]LogModuleManager: Shutting down and abandoning module MeshUtilities (48)
[2014.12.15-01.55.23:744][ 46]LogModuleManager: Shutting down and abandoning module DerivedDataCache (47)
[2014.12.15-01.55.23:987][ 46]LogDerivedDataCache: Shutdown
[2014.12.15-01.55.23:987][ 46]LogModuleManager: Shutting down and abandoning module ShaderFormatOpenGL (46)
[2014.12.15-01.55.23:987][ 46]LogModuleManager: Shutting down and abandoning module ShaderFormatD3D (45)
[2014.12.15-01.55.23:987][ 46]LogModuleManager: Shutting down and abandoning module MetalShaderFormat (44)
[2014.12.15-01.55.23:987][ 46]LogModuleManager: Shutting down and abandoning module TextureFormatUncompressed (43)
[2014.12.15-01.55.23:987][ 46]LogModuleManager: Shutting down and abandoning module TextureFormatPVR (42)
[2014.12.15-01.55.23:987][ 46]LogModuleManager: Shutting down and abandoning module TextureFormatDXT (41)
[2014.12.15-01.55.23:987][ 46]LogModuleManager: Shutting down and abandoning module TextureFormatAndroid (40)
[2014.12.15-01.55.23:987][ 46]LogModuleManager: Shutting down and abandoning module AudioFormatOpus (39)
[2014.12.15-01.55.23:987][ 46]LogModuleManager: Shutting down and abandoning module AudioFormatOgg (38)
[2014.12.15-01.55.23:987][ 46]LogModuleManager: Shutting down and abandoning module AudioFormatADPCM (37)
[2014.12.15-01.55.23:987][ 46]LogModuleManager: Shutting down and abandoning module LinuxTargetPlatform (36)
[2014.12.15-01.55.23:987][ 46]LogModuleManager: Shutting down and abandoning module LinuxServerTargetPlatform (35)
[2014.12.15-01.55.23:987][ 46]LogModuleManager: Shutting down and abandoning module LinuxNoEditorTargetPlatform (34)
[2014.12.15-01.55.23:987][ 46]LogModuleManager: Shutting down and abandoning module Messaging (33)
[2014.12.15-01.55.23:987][ 46]LogModuleManager: Shutting down and abandoning module IOSTargetPlatform (32)
[2014.12.15-01.55.23:987][ 46]LogModuleManager: Shutting down and abandoning module Android_PVRTCTargetPlatform (31)
[2014.12.15-01.55.23:987][ 46]LogModuleManager: Shutting down and abandoning module Android_ETC2TargetPlatform (30)
[2014.12.15-01.55.23:987][ 46]LogModuleManager: Shutting down and abandoning module Android_ETC1TargetPlatform (29)
[2014.12.15-01.55.23:987][ 46]LogModuleManager: Shutting down and abandoning module Android_DXTTargetPlatform (28)
[2014.12.15-01.55.23:987][ 46]LogModuleManager: Shutting down and abandoning module Android_ATCTargetPlatform (27)
[2014.12.15-01.55.23:987][ 46]LogModuleManager: Shutting down and abandoning module AndroidTargetPlatform (26)
[2014.12.15-01.55.23:987][ 46]LogModuleManager: Shutting down and abandoning module WindowsTargetPlatform (25)
[2014.12.15-01.55.23:987][ 46]LogModuleManager: Shutting down and abandoning module WindowsServerTargetPlatform (24)
[2014.12.15-01.55.23:987][ 46]LogModuleManager: Shutting down and abandoning module WindowsNoEditorTargetPlatform (23)
[2014.12.15-01.55.23:987][ 46]LogModuleManager: Shutting down and abandoning module WindowsClientTargetPlatform (22)
[2014.12.15-01.55.23:987][ 46]LogModuleManager: Shutting down and abandoning module TargetPlatform (21)
[2014.12.15-01.55.23:987][ 46]LogModuleManager: Shutting down and abandoning module InputCore (20)
[2014.12.15-01.55.23:987][ 46]LogModuleManager: Shutting down and abandoning module Settings (19)
[2014.12.15-01.55.23:987][ 46]LogModuleManager: Shutting down and abandoning module ImageWrapper (18)
[2014.12.15-01.55.23:987][ 46]LogModuleManager: Shutting down and abandoning module OculusRift (15)
[2014.12.15-01.55.23:987][ 46]LogModuleManager: Shutting down and abandoning module ExampleDeviceProfileSelector (14)
[2014.12.15-01.55.23:987][ 46]LogModuleManager: Shutting down and abandoning module TextureCompressor (13)
[2014.12.15-01.55.23:987][ 46]LogModuleManager: Shutting down and abandoning module ShaderCore (12)
[2014.12.15-01.55.23:987][ 46]LogModuleManager: Shutting down and abandoning module Landscape (11)
[2014.12.15-01.55.23:987][ 46]LogModuleManager: Shutting down and abandoning module SlateRHIRenderer (10)
[2014.12.15-01.55.23:988][ 46]LogModuleManager: Shutting down and abandoning module OpenGLDrv (9)
[2014.12.15-01.55.23:988][ 46]LogModuleManager: Shutting down and abandoning module D3D11RHI (8)
[2014.12.15-01.55.23:988][ 46]LogModuleManager: Shutting down and abandoning module Renderer (7)
[2014.12.15-01.55.23:988][ 46]LogModuleManager: Shutting down and abandoning module Engine (6)
[2014.12.15-01.55.23:988][ 46]LogModuleManager: Shutting down and abandoning module CoreUObject (5)
[2014.12.15-01.55.23:988][ 46]LogModuleManager: Shutting down and abandoning module NetworkFile (4)
[2014.12.15-01.55.23:988][ 46]LogModuleManager: Shutting down and abandoning module StreamingFile (3)
[2014.12.15-01.55.23:988][ 46]LogModuleManager: Shutting down and abandoning module SandboxFile (2)
[2014.12.15-01.55.23:988][ 46]LogModuleManager: Shutting down and abandoning module PakFile (1)
[2014.12.15-01.55.23:989][ 46]LogExit: Exiting.
[2014.12.15-01.55.23:991][ 46]Log file closed, 12/14/14 17:55:23
