Log file open, 12/10/14 11:47:58
LogInit:Display: Running engine for game: Trial_third_person
LogInit: Version: 4.6.0-2369412+++depot+UE4-Releases+4.6
LogInit: API Version: 2369412
LogInit: Compiled (64-bit): Nov 24 2014 21:54:04
LogInit: Compiled with Visual C++: 18.00.21005.01
LogInit: Build Configuration: Development
LogInit: Branch Name: ++depot+UE4-Releases+4.6
LogInit: Command line: 
LogInit: Base directory: C:/Program Files/Epic Games/4.6/Engine/Binaries/Win64/
LogInit: Rocket: 1
[2014.12.10-19.47.58:674][  0]LogTaskGraph: Started task graph with 3 named threads and 6 total threads.
[2014.12.10-19.47.58:724][  0]LogOnline:Warning: No default platform service specified for OnlineSubsystem
[2014.12.10-19.47.58:738][  0]LogInit: Presizing for 0 objects not considered by GC, pre-allocating 0 bytes.
[2014.12.10-19.47.58:745][  0]LogInit: Object subsystem initialized
[2014.12.10-19.47.58:746][  0]LogConsoleResponse:Warning: Skipping Unknown console variable: 'UIScaleCurve = (EditorCurveData=(Keys=((Time=480.000000,Value=0.444000),(Time=720.000000,Value=0.666000),(Time=1080.000000,Value=1.000000),(Time=8640.000000,Value=8.000000))),ExternalCurve=None)'
[2014.12.10-19.47.58:746][  0]LogConsoleResponse:Warning:   Found in ini file 'C:/Users/Jacob/Documents/UCI/Fall 2014/CompSci 113 - Intro to Game Design/Study-Session/Trial_third_person 4.6/Saved/Config/Windows/Engine.ini', in section '[/Script/Engine.RendererSettings]'
[2014.12.10-19.47.58:747][  0]LogConsoleManager:Warning: Console variable 'r.MSAA.CompositingSampleCount' wasn't set (Priority ProjectSetting < Scalability)
[2014.12.10-19.47.58:747][  0]LogInit: Selected Device Profile: [Windows]
[2014.12.10-19.47.58:747][  0]LogInit: Applying CVar settings loaded from the selected device profile: [Windows]
[2014.12.10-19.47.58:752][  0]LogInit: Computer: WINDOWSONAUSB
[2014.12.10-19.47.58:752][  0]LogInit: User: Jacob
[2014.12.10-19.47.58:752][  0]LogInit: CPU Page size=4096, Cores=4
[2014.12.10-19.47.58:752][  0]LogInit: High frequency timer resolution =2.240902 MHz
[2014.12.10-19.47.58:752][  0]LogMemory: Memory total: Physical=15.9GB (16GB approx) Virtual=131072.0GB
[2014.12.10-19.47.58:752][  0]LogMemory: Platform Memory Stats for Windows
[2014.12.10-19.47.58:752][  0]LogMemory: Process Physical Memory: 48.73 MB used, 48.73 MB peak
[2014.12.10-19.47.58:752][  0]LogMemory: Process Virtual Memory: 24.15 MB used, 24.16 MB peak
[2014.12.10-19.47.58:752][  0]LogMemory: Physical Memory: 3610.93 MB used, 16292.49 MB total
[2014.12.10-19.47.58:752][  0]LogMemory: Virtual Memory: 283.46 MB used, 134217728.00 MB total
[2014.12.10-19.47.58:769][  0]LogD3D11RHI: Found D3D11 adapter 0: NVIDIA GeForce GT 750M    (Feature Level 11_0)
[2014.12.10-19.47.58:769][  0]LogD3D11RHI: Adapter has 1985MB of dedicated video memory, 0MB of dedicated system memory, and 2048MB of shared system memory, 1 output[s]
[2014.12.10-19.47.58:769][  0]LogD3D11RHI: Found D3D11 adapter 1: Microsoft Basic Render Driver (Feature Level 11_0)
[2014.12.10-19.47.58:770][  0]LogD3D11RHI: Adapter has 0MB of dedicated video memory, 0MB of dedicated system memory, and 256MB of shared system memory, 0 output[s]
[2014.12.10-19.47.58:770][  0]LogD3D11RHI: Chosen D3D11 Adapter Id = 0
[2014.12.10-19.47.58:774][  0]LogRHI: Texture pool is 1361 MB (70% of 1945 MB)
[2014.12.10-19.47.58:781][  0]LogD3D11RHI: Async texture creation enabled
[2014.12.10-19.47.58:838][  0]LogTextLocalizationManager: The requested culture ('en_US') has no localization data; parent culture's ('en') localization data will be used.
[2014.12.10-19.47.58:964][  0]LogContentStreaming: Texture pool size is 0.000000MB
[2014.12.10-19.48.03:656][  0]LogTargetPlatformManager:Display: Building Assets For Windows
[2014.12.10-19.48.04:026][  0]LogTargetPlatformManager:Display: Building Assets For Windows
[2014.12.10-19.48.04:068][  0]LogDerivedDataCache:Display: Max Cache Size: 512 MB
[2014.12.10-19.48.04:118][  0]LogDerivedDataCache: Loaded boot cache 0.05s 39MB C:/Users/Jacob/AppData/Local/UnrealEngine/4.6/DerivedDataCache/Boot.ddc.
[2014.12.10-19.48.04:118][  0]LogDerivedDataCache:Display: Loaded Boot cache: C:/Users/Jacob/AppData/Local/UnrealEngine/4.6/DerivedDataCache/Boot.ddc
[2014.12.10-19.48.04:119][  0]LogDerivedDataCache: FDerivedDataBackendGraph:  Pak pak cache file ../../../../../../Users/Jacob/Documents/UCI/Fall 2014/CompSci 113 - Intro to Game Design/Study-Session/Trial_third_person 4.6/DerivedDataCache/DDC.ddp not found, will not use a pak cache.
[2014.12.10-19.48.04:119][  0]LogDerivedDataCache: Unable to find inner node Pak for hierarchical cache Hierarchy.
[2014.12.10-19.48.04:176][  0]LogDerivedDataCache:Display: Pak cache opened for reading ../../../Engine/DerivedDataCache/DDC.ddp.
[2014.12.10-19.48.04:189][  0]LogDerivedDataCache: Using Local data cache path C:/Users/Jacob/AppData/Local/UnrealEngine/Common/DerivedDataCache: Writable
[2014.12.10-19.48.04:301][  0]LogCollisionProfile:Warning: Profile (UI) - Custom Channel Name = 'Weapon' hasn't been found
[2014.12.10-19.48.04:416][  0]LogMeshUtilities: No automatic mesh reduction module available
[2014.12.10-19.48.04:416][  0]LogMeshUtilities: No automatic mesh merging module available
[2014.12.10-19.48.04:756][  0]LogInit: WinSock: version 1.1 (2.2), MaxSocks=32767, MaxUdp=65467
[2014.12.10-19.48.04:797][  0]LogSlate:Warning: Failed to load font data from '../../../Engine/Content/Slate/Fonts/Roboto-Italic.ttf'
[2014.12.10-19.48.05:421][  0]UdpMessaging: Initializing bridge on interface 0.0.0.0:0 to multicast group 230.0.0.1:6666.
[2014.12.10-19.48.05:552][  0]LogDirectoryWatcher:Warning: Failed to begin reading directory changes for C:/Users/Jacob/Documents/UCI/Fall 2014/CompSci 113 - Intro to Game Design/Study-Session/Trial_third_person 4.6/Binaries/Win64. Error: 0
[2014.12.10-19.48.05:659][  0]SourceControl: Info Source control is disabled
[2014.12.10-19.48.05:659][  0]SourceControl: Info Source control is disabled
[2014.12.10-19.48.05:664][  0]SourceControl: Info Source control is disabled
[2014.12.10-19.48.05:749][  0]LogObj: 23754 objects as part of root set at end of initial load.
[2014.12.10-19.48.05:749][  0]LogUObjectAllocator: 5168128 out of 0 bytes used by permanent object pool.
[2014.12.10-19.48.05:796][  0]LogEngine: Initializing Engine...
[2014.12.10-19.48.05:917][  0]LogInit: XAudio2 using 'Speakers (Cirrus Logic CS4208 (AB 94))' : 4 channels at 48 kHz using 32 bits per sample (channel mask 0x33)
[2014.12.10-19.48.05:922][  0]LogInit: FAudioDevice initialized.
[2014.12.10-19.48.05:936][  0]LogAIModule: Creating AISystem for world NewWorld
[2014.12.10-19.48.05:962][  0]LogDerivedDataCache: Saved boot cache 0.03s 39MB C:/Users/Jacob/AppData/Local/UnrealEngine/4.6/DerivedDataCache/Boot.ddc.
[2014.12.10-19.48.05:965][  0]LogInit: Texture streaming: Enabled
[2014.12.10-19.48.05:985][  0]LogAnalytics: Creating configured Analytics provider AnalyticsET
[2014.12.10-19.48.05:985][  0]LogAnalytics: ET APIKey = Rocket.Release. APIServer = http://et2.epicgames.com/ET2/. AppVersion = 4.6.0-2369412+++depot+UE4-Releases+4.6
[2014.12.10-19.48.05:986][  0]LogAnalytics: SetUserId fb202aa1e26edf4ab2b122b961203f69
[2014.12.10-19.48.05:986][  0]LogAnalytics: AnalyticsET::StartSession [Rocket.Release]
[2014.12.10-19.48.05:997][  0]LogInit: Transaction tracking system initialized
[2014.12.10-19.48.06:065][  0]BlueprintLog: New page: Editor Load
[2014.12.10-19.48.06:090][  0]LogAssetRegistry: FAssetRegistry took 0.0107 seconds to start up
[2014.12.10-19.48.06:090][  0]LogDirectoryWatcher:Warning: Failed to begin reading directory changes for ../../../Engine/Plugins/Experimental/CharacterAI/Content/. Error: 0
[2014.12.10-19.48.06:486][  0]LogTargetPlatformManager:Display: Building Assets For Windows
[2014.12.10-19.48.06:769][  0]LogTargetPlatformManager:Display: Building Assets For Windows
[2014.12.10-19.48.06:899][  0]LogConsoleResponse:Display: 
[2014.12.10-19.48.06:934][  0]LogLinker:Warning: Asset '../../../Engine/Content/Functions/Engine_MaterialFunctions03/Procedurals/ComputeFilterWidth.uasset' has been saved with empty engine version. The asset will be loaded but may be incompatible.
[2014.12.10-19.48.07:073][  0]SourceControl: Info Source control is disabled
[2014.12.10-19.48.07:074][  0]Cmd: MAP LOAD FILE="../../../../../../Users/Jacob/Documents/UCI/Fall 2014/CompSci 113 - Intro to Game Design/Study-Session/Trial_third_person 4.6/Content/Maps/Example_Map.umap" TEMPLATE=0 SHOWPROGRESS=1
[2014.12.10-19.48.07:074][  0]LightingResults: New page: Lighting Build
[2014.12.10-19.48.07:081][  0]MapCheck: New page: Map Check
[2014.12.10-19.48.07:081][  0]LightingResults: New page: Lighting Build
[2014.12.10-19.48.07:087][  0]LogParticles: Destroying 0 GPU particle simulations for FXSystem 0x00000015EEC919E0
[2014.12.10-19.48.07:345][  0]LogBlueprint:Error: [compiler] Error Binding: property ' PercentDelegate ' on widget ' HUD_Health ' needs to be bound to a pure function, ' Get_HUD_Health_Percent_0 ' is not pure.
[2014.12.10-19.48.07:345][  0]LogBlueprint:Error: [compiler] Error Binding: property ' PercentDelegate ' on widget ' HUD_Energy ' needs to be bound to a pure function, ' Get_HUD_Energy_Percent_0 ' is not pure.
[2014.12.10-19.48.07:346][  0]LogBlueprint:Warning: [compiler] Warning [0010.46] Compile of GameHUD failed. 2 Fatal Issue(s) 0 Warning(s) [in 3 ms]
[2014.12.10-19.48.07:839][  0]LogEditorServer: Finished looking for orphan Actors (0.000 secs)
[2014.12.10-19.48.07:839][  0]LogAIModule: Creating AISystem for world Example_Map
[2014.12.10-19.48.07:840][  0]Cmd: MAP CHECKDEP
[2014.12.10-19.48.07:840][  0]MapCheck: New page: Example_Map - Dec 10, 2014, 3:48:07 AM
[2014.12.10-19.48.07:911][  0]MapCheck: Info Map check complete: 0 Error(s), 0 Warning(s), took 70.766ms to complete.
[2014.12.10-19.48.07:911][  0]LogFileHelpers: Loading map 'Example_Map' took 0.837
[2014.12.10-19.48.07:986][  0]LogCollectionManager: Loaded 0 collections in 0.000836 seconds
[2014.12.10-19.48.08:065][  0]LogCrashTracker: Crashtracker disabled due to settings.
[2014.12.10-19.48.08:084][  0]LogUObjectGlobals:Warning: Failed to find object 'Class None.'
[2014.12.10-19.48.08:109][  0]LogLoad: Full Startup: 11.22 seconds (BP compile: 0.22 seconds)
[2014.12.10-19.48.08:124][  0]LogContentBrowser:Verbose: The content browser source was changed by the sources view to '/Game/StarterContent/Mesh'
[2014.12.10-19.48.08:248][  0]LogRenderer:Warning: Reallocating scene render targets to support 760x728.
[2014.12.10-19.48.08:454][  2]LogAssetRegistry: Asset discovery search completed in 2.3749 seconds
[2014.12.10-19.48.16:430][464]LogContentBrowser:Verbose: The content browser source was changed by the sources view to '/Game/StarterContent/Props'
[2014.12.10-19.48.19:557][602]LogContentBrowser:Verbose: The content browser source was changed by the sources view to '/Game/Maps'
[2014.12.10-19.48.22:811][778]LogLinker:Warning: Can't find file '/Game/Assets/Materials/M_PineTree_Bark_Inst'
[2014.12.10-19.48.22:812][778]LogLinker:Warning: Can't find file for asset '/Game/Assets/Materials/M_PineTree_Bark_Inst' while loading ../../../../../../Users/Jacob/Documents/UCI/Fall 2014/CompSci 113 - Intro to Game Design/Study-Session/Trial_third_person 4.6/Content/StarterContent/Mesh/SM_PineTree.uasset.
[2014.12.10-19.48.22:812][778]LoadErrors:Error: Error /Game/StarterContent/Mesh/SM_PineTree : Can't find file for asset. /Game/Assets/Materials/M_PineTree_Bark_Inst
[2014.12.10-19.48.22:812][778]LogLinker:Warning: Can't find file '/Game/Assets/Materials/MI_PineTree_Billboard_Inst'
[2014.12.10-19.48.22:812][778]LogLinker:Warning: Can't find file for asset '/Game/Assets/Materials/MI_PineTree_Billboard_Inst' while loading ../../../../../../Users/Jacob/Documents/UCI/Fall 2014/CompSci 113 - Intro to Game Design/Study-Session/Trial_third_person 4.6/Content/StarterContent/Mesh/SM_PineTree.uasset.
[2014.12.10-19.48.22:813][778]LoadErrors:Error: Error /Game/StarterContent/Mesh/SM_PineTree : Can't find file for asset. /Game/Assets/Materials/MI_PineTree_Billboard_Inst
[2014.12.10-19.48.22:813][778]LogLinker:Warning: Can't find file '/Game/Assets/Materials/MI_PineTree_Branch_Inst'
[2014.12.10-19.48.22:813][778]LogLinker:Warning: Can't find file for asset '/Game/Assets/Materials/MI_PineTree_Branch_Inst' while loading ../../../../../../Users/Jacob/Documents/UCI/Fall 2014/CompSci 113 - Intro to Game Design/Study-Session/Trial_third_person 4.6/Content/StarterContent/Mesh/SM_PineTree.uasset.
[2014.12.10-19.48.22:813][778]LoadErrors:Error: Error /Game/StarterContent/Mesh/SM_PineTree : Can't find file for asset. /Game/Assets/Materials/MI_PineTree_Branch_Inst
[2014.12.10-19.48.22:814][778]LogLinker:Warning: Can't find file '/Game/Assets/Materials/M_PineTree_Bark_Inst'
[2014.12.10-19.48.22:814][778]LogLinker:Warning: Can't find file for asset '/Game/Assets/Materials/M_PineTree_Bark_Inst' while loading ../../../../../../Users/Jacob/Documents/UCI/Fall 2014/CompSci 113 - Intro to Game Design/Study-Session/Trial_third_person 4.6/Content/StarterContent/Mesh/SM_PineTree.uasset.
[2014.12.10-19.48.22:814][778]LogLinker:Warning: Can't find file '/Game/Assets/Materials/MI_PineTree_Billboard_Inst'
[2014.12.10-19.48.22:815][778]LogLinker:Warning: Can't find file for asset '/Game/Assets/Materials/MI_PineTree_Billboard_Inst' while loading ../../../../../../Users/Jacob/Documents/UCI/Fall 2014/CompSci 113 - Intro to Game Design/Study-Session/Trial_third_person 4.6/Content/StarterContent/Mesh/SM_PineTree.uasset.
[2014.12.10-19.48.22:815][778]LogLinker:Warning: Can't find file '/Game/Assets/Materials/MI_PineTree_Branch_Inst'
[2014.12.10-19.48.22:815][778]LogLinker:Warning: Can't find file for asset '/Game/Assets/Materials/MI_PineTree_Branch_Inst' while loading ../../../../../../Users/Jacob/Documents/UCI/Fall 2014/CompSci 113 - Intro to Game Design/Study-Session/Trial_third_person 4.6/Content/StarterContent/Mesh/SM_PineTree.uasset.
[2014.12.10-19.48.22:846][778]LogLinker:Warning: Can't find file '/Game/Assets/Materials/M_PineTree_Bark_Inst'
[2014.12.10-19.48.22:846][778]LoadErrors: Info Failed to load /Game/Assets/Materials/M_PineTree_Bark_Inst.M_PineTree_Bark_Inst Referenced by SM_PineTree
[2014.12.10-19.48.22:846][778]LogLinker:Warning: Can't find file for asset '/Game/Assets/Materials/M_PineTree_Bark_Inst' while loading NULL.
[2014.12.10-19.48.22:847][778]LogLinker:Warning: Can't find file '/Game/Assets/Materials/MI_PineTree_Branch_Inst'
[2014.12.10-19.48.22:847][778]LoadErrors: Info Failed to load /Game/Assets/Materials/MI_PineTree_Branch_Inst.MI_PineTree_Branch_Inst Referenced by SM_PineTree
[2014.12.10-19.48.22:847][778]LogLinker:Warning: Can't find file for asset '/Game/Assets/Materials/MI_PineTree_Branch_Inst' while loading NULL.
[2014.12.10-19.48.22:847][778]LogLinker:Warning: Can't find file '/Game/Assets/Materials/M_PineTree_Bark_Inst'
[2014.12.10-19.48.22:847][778]LogLinker:Warning: Can't find file for asset '/Game/Assets/Materials/M_PineTree_Bark_Inst' while loading NULL.
[2014.12.10-19.48.22:848][778]LogLinker:Warning: Can't find file '/Game/Assets/Materials/MI_PineTree_Branch_Inst'
[2014.12.10-19.48.22:848][778]LogLinker:Warning: Can't find file for asset '/Game/Assets/Materials/MI_PineTree_Branch_Inst' while loading NULL.
[2014.12.10-19.48.22:848][778]LogLinker:Warning: Can't find file '/Game/Assets/Materials/MI_PineTree_Billboard_Inst'
[2014.12.10-19.48.22:848][778]LoadErrors: Info Failed to load /Game/Assets/Materials/MI_PineTree_Billboard_Inst.MI_PineTree_Billboard_Inst Referenced by SM_PineTree
[2014.12.10-19.48.22:849][778]LogLinker:Warning: Can't find file for asset '/Game/Assets/Materials/MI_PineTree_Billboard_Inst' while loading NULL.
[2014.12.10-19.48.22:849][778]LogLinker:Warning: Can't find file '/Game/Assets/Materials/MI_PineTree_Billboard_Inst'
[2014.12.10-19.48.22:849][778]LogLinker:Warning: Can't find file for asset '/Game/Assets/Materials/MI_PineTree_Billboard_Inst' while loading NULL.
[2014.12.10-19.48.22:850][778]LogLinker:Warning: Can't find file '/Game/Assets/Materials/MI_PineTree_Billboard_Inst'
[2014.12.10-19.48.22:850][778]LogLinker:Warning: Can't find file for asset '/Game/Assets/Materials/MI_PineTree_Billboard_Inst' while loading NULL.
[2014.12.10-19.48.22:850][778]LogLinker:Warning: Can't find file '/Game/Assets/Materials/MI_PineTree_Billboard_Inst'
[2014.12.10-19.48.22:850][778]LogLinker:Warning: Can't find file for asset '/Game/Assets/Materials/MI_PineTree_Billboard_Inst' while loading NULL.
[2014.12.10-19.48.23:039][778]Cmd: MAP LOAD FILE="../../../../../../Users/Jacob/Documents/UCI/Fall 2014/CompSci 113 - Intro to Game Design/Study-Session/Trial_third_person 4.6/Content/Maps/ForestLevel.umap" TEMPLATE=0 SHOWPROGRESS=1
[2014.12.10-19.48.23:039][778]LightingResults: New page: Lighting Build
[2014.12.10-19.48.23:064][778]LoadErrors: New page: Loading map: ForestLevel.umap
[2014.12.10-19.48.23:065][778]MapCheck: New page: Map Check
[2014.12.10-19.48.23:065][778]LightingResults: New page: Lighting Build
[2014.12.10-19.48.23:075][778]LogParticles: Destroying 0 GPU particle simulations for FXSystem 0x00000015EAC291C0
[2014.12.10-19.48.23:080][778]LogEditorServer: Finished looking for orphan Actors (0.000 secs)
[2014.12.10-19.48.23:080][778]LogAIModule: Creating AISystem for world ForestLevel
[2014.12.10-19.48.23:110][778]Cmd: MAP CHECKDEP
[2014.12.10-19.48.23:110][778]MapCheck: New page: ForestLevel - Dec 10, 2014, 3:48:23 AM
[2014.12.10-19.48.23:199][778]MapCheck: Info Map check complete: 0 Error(s), 0 Warning(s), took 89.561ms to complete.
[2014.12.10-19.48.23:201][778]LogFileHelpers: Loading map 'ForestLevel' took 0.163
[2014.12.10-19.48.23:223][779]Cmd: UpdateLandscapeEditorData -warnings
[2014.12.10-19.48.23:224][779]Cmd: UpdateLandscapeEditorData
[2014.12.10-19.48.34:065][408]LogEditorViewport: Clicking on Actor (LMB): StaticMeshActor (SM_PineTree2)
[2014.12.10-19.48.34:077][408]LogPropertyNode:Warning: UI Min (0.001) >= UI Max () for Ranged Numeric
[2014.12.10-19.48.42:440][877]Cmd: EDIT COPY
[2014.12.10-19.48.43:324][928]Cmd: EDIT PASTE
[2014.12.10-19.48.43:380][928]LogPropertyNode:Warning: UI Min (0.001) >= UI Max () for Ranged Numeric
[2014.12.10-19.48.58:051][714]Cmd: EDIT COPY
[2014.12.10-19.48.58:622][746]Cmd: EDIT PASTE
[2014.12.10-19.48.58:653][746]LogPropertyNode:Warning: UI Min (0.001) >= UI Max () for Ranged Numeric
[2014.12.10-19.49.09:510][334]Cmd: EDIT COPY
[2014.12.10-19.49.10:195][374]Cmd: EDIT PASTE
[2014.12.10-19.49.10:226][374]LogPropertyNode:Warning: UI Min (0.001) >= UI Max () for Ranged Numeric
[2014.12.10-19.49.18:630][822]Cmd: EDIT COPY
[2014.12.10-19.49.19:377][864]Cmd: EDIT PASTE
[2014.12.10-19.49.19:408][864]LogPropertyNode:Warning: UI Min (0.001) >= UI Max () for Ranged Numeric
[2014.12.10-19.49.41:344][ 59]Cmd: EDIT COPY
[2014.12.10-19.49.42:067][ 99]Cmd: EDIT PASTE
[2014.12.10-19.49.42:099][ 99]LogPropertyNode:Warning: UI Min (0.001) >= UI Max () for Ranged Numeric
[2014.12.10-19.50.02:206][200]LogEditorViewport: Clicking on Actor (LMB): Landscape (Landscape)
[2014.12.10-19.50.03:272][259]LogEditorViewport: Clicking on Actor (LMB): DirectionalLight (Light Source)
[2014.12.10-19.50.26:052][477]LogSavePackage: Save=163.623398ms
[2014.12.10-19.50.26:052][477]LogSavePackage: Moving '../../../../../../Users/Jacob/Documents/UCI/Fall 2014/CompSci 113 - Intro to Game Design/Study-Session/Trial_third_person 4.6/Saved/ForestLevel5C26DB014952EFAB130CF5B850662A4A.tmp' to '../../../../../../Users/Jacob/Documents/UCI/Fall 2014/CompSci 113 - Intro to Game Design/Study-Session/Trial_third_person 4.6/Content/Maps/ForestLevel.umap'
[2014.12.10-19.50.26:089][477]LogFileHelpers: Saving map 'ForestLevel' took 0.329
[2014.12.10-19.50.29:167][670]MapCheck: New page: Map Check
[2014.12.10-19.50.29:214][670]LightingResults: New page: Lighting Build - Dec 10, 2014, 3:50:29 AM
[2014.12.10-19.50.37:165][670]LightingResults:Warning: Performance Warning No importance volume found and the scene is so large that the automatically synthesized volume will not yield good results.  Please add a tightly bounding lightmass importance volume to optimize your scene's quality and lighting build times.
[2014.12.10-19.50.37:165][670]LogStaticLightingSystem: Running Lightmass w/ ImmediateImport mode ENABLED
[2014.12.10-19.50.37:165][670]LogStaticLightingSystem: Running Lightmass w/ ImmediateProcess mode ENABLED
[2014.12.10-19.50.37:165][670]LogStaticLightingSystem: Running Lightmass w/ Sorting mode ENABLED
[2014.12.10-19.50.37:165][670]LogStaticLightingSystem: Running Lightmass w/ Mapping paddings ENABLED
[2014.12.10-19.50.37:165][670]LogStaticLightingSystem: Running Lightmass w/ Mapping debug paddings DISABLED
[2014.12.10-19.50.37:235][670]LogEditorBuildUtils: Build time 0:00:08
[2014.12.10-19.50.51:819][355]LightingResults:Error: Error SM_PineTree Object has overlapping UVs.
[2014.12.10-19.50.51:839][356]LightingResults: Info SM_PineTree Lightmap UV are overlapping by 86.1%. Please adjust content - Enable Error Coloring to visualize.
[2014.12.10-19.50.51:952][362]LightingResults:Error: Error SM_PineTree Object has overlapping UVs.
[2014.12.10-19.50.51:971][363]LightingResults: Info SM_PineTree Lightmap UV are overlapping by 86.1%. Please adjust content - Enable Error Coloring to visualize.
[2014.12.10-19.50.52:326][381]LightingResults:Error: Error SM_PineTree Object has overlapping UVs.
[2014.12.10-19.50.52:326][381]LightingResults: Info SM_PineTree Lightmap UV are overlapping by 86.8%. Please adjust content - Enable Error Coloring to visualize.
[2014.12.10-19.50.52:477][389]LightingResults:Error: Error SM_PineTree Object has overlapping UVs.
[2014.12.10-19.50.52:477][389]LightingResults: Info SM_PineTree Lightmap UV are overlapping by 86.8%. Please adjust content - Enable Error Coloring to visualize.
[2014.12.10-19.50.52:626][397]LightingResults:Error: Error SM_PineTree Object has overlapping UVs.
[2014.12.10-19.50.52:626][397]LightingResults: Info SM_PineTree Lightmap UV are overlapping by 86.8%. Please adjust content - Enable Error Coloring to visualize.
[2014.12.10-19.50.52:778][405]LightingResults:Error: Error SM_PineTree Object has overlapping UVs.
[2014.12.10-19.50.52:778][405]LightingResults: Info SM_PineTree Lightmap UV are overlapping by 86.1%. Please adjust content - Enable Error Coloring to visualize.
[2014.12.10-19.50.53:011][417]LightingResults:Error: Error SM_PineTree Object has overlapping UVs.
[2014.12.10-19.50.53:011][417]LightingResults: Info SM_PineTree Lightmap UV are overlapping by 86.1%. Please adjust content - Enable Error Coloring to visualize.
[2014.12.10-19.50.53:435][439]LightingResults:Error: Error SM_PineTree Object has overlapping UVs.
[2014.12.10-19.50.53:435][439]LightingResults: Info SM_PineTree Lightmap UV are overlapping by 86.1%. Please adjust content - Enable Error Coloring to visualize.
[2014.12.10-19.50.53:530][444]LightingResults:Error: Error SM_PineTree Object has overlapping UVs.
[2014.12.10-19.50.53:530][444]LightingResults: Info SM_PineTree Lightmap UV are overlapping by 86.8%. Please adjust content - Enable Error Coloring to visualize.
[2014.12.10-19.50.53:838][460]LightingResults:Error: Error SM_PineTree Object has overlapping UVs.
[2014.12.10-19.50.53:838][460]LightingResults: Info SM_PineTree Lightmap UV are overlapping by 86.1%. Please adjust content - Enable Error Coloring to visualize.
[2014.12.10-19.50.53:916][464]LightingResults:Error: Error SM_PineTree Object has overlapping UVs.
[2014.12.10-19.50.53:916][464]LightingResults: Info SM_PineTree Lightmap UV are overlapping by 86.8%. Please adjust content - Enable Error Coloring to visualize.
[2014.12.10-19.50.54:361][487]LightingResults:Error: Error SM_PineTree Object has overlapping UVs.
[2014.12.10-19.50.54:361][487]LightingResults: Info SM_PineTree Lightmap UV are overlapping by 86.8%. Please adjust content - Enable Error Coloring to visualize.
[2014.12.10-19.50.54:400][489]LightingResults:Error: Error SM_PineTree Object has overlapping UVs.
[2014.12.10-19.50.54:401][489]LightingResults: Info SM_PineTree Lightmap UV are overlapping by 86.1%. Please adjust content - Enable Error Coloring to visualize.
[2014.12.10-19.50.54:554][497]LightingResults:Error: Error SM_PineTree Object has overlapping UVs.
[2014.12.10-19.50.54:554][497]LightingResults: Info SM_PineTree Lightmap UV are overlapping by 86.8%. Please adjust content - Enable Error Coloring to visualize.
[2014.12.10-19.50.54:810][510]LightingResults:Error: Error SM_PineTree Object has overlapping UVs.
[2014.12.10-19.50.54:810][510]LightingResults: Info SM_PineTree Lightmap UV are overlapping by 86.1%. Please adjust content - Enable Error Coloring to visualize.
[2014.12.10-19.50.55:081][524]LightingResults:Error: Error SM_PineTree Object has overlapping UVs.
[2014.12.10-19.50.55:082][524]LightingResults: Info SM_PineTree Lightmap UV are overlapping by 86.8%. Please adjust content - Enable Error Coloring to visualize.
[2014.12.10-19.50.55:523][547]LightingResults:Error: Error SM_PineTree Object has overlapping UVs.
[2014.12.10-19.50.55:523][547]LightingResults: Info SM_PineTree Lightmap UV are overlapping by 86.8%. Please adjust content - Enable Error Coloring to visualize.
[2014.12.10-19.50.56:336][589]LightingResults:Error: Error SM_PineTree Object has overlapping UVs.
[2014.12.10-19.50.56:336][589]LightingResults: Info SM_PineTree Lightmap UV are overlapping by 86.1%. Please adjust content - Enable Error Coloring to visualize.
[2014.12.10-19.50.56:413][593]LightingResults:Error: Error SM_PineTree Object has overlapping UVs.
[2014.12.10-19.50.56:413][593]LightingResults: Info SM_PineTree Lightmap UV are overlapping by 86.1%. Please adjust content - Enable Error Coloring to visualize.
[2014.12.10-19.50.56:433][594]LightingResults:Error: Error SM_PineTree Object has overlapping UVs.
[2014.12.10-19.50.56:433][594]LightingResults: Info SM_PineTree Lightmap UV are overlapping by 86.1%. Please adjust content - Enable Error Coloring to visualize.
[2014.12.10-19.50.56:642][605]LightingResults:Error: Error SM_PineTree Object has overlapping UVs.
[2014.12.10-19.50.56:642][605]LightingResults: Info SM_PineTree Lightmap UV are overlapping by 86.1%. Please adjust content - Enable Error Coloring to visualize.
[2014.12.10-19.50.56:969][622]LightingResults:Error: Error SM_PineTree Object has overlapping UVs.
[2014.12.10-19.50.56:969][622]LightingResults: Info SM_PineTree Lightmap UV are overlapping by 86.8%. Please adjust content - Enable Error Coloring to visualize.
[2014.12.10-19.50.57:126][630]LightingResults:Error: Error SM_PineTree Object has overlapping UVs.
[2014.12.10-19.50.57:126][630]LightingResults: Info SM_PineTree Lightmap UV are overlapping by 86.8%. Please adjust content - Enable Error Coloring to visualize.
[2014.12.10-19.50.57:397][644]LightingResults:Error: Error SM_PineTree Object has overlapping UVs.
[2014.12.10-19.50.57:416][645]LightingResults: Info SM_PineTree Lightmap UV are overlapping by 86.1%. Please adjust content - Enable Error Coloring to visualize.
[2014.12.10-19.50.57:805][665]LightingResults:Error: Error SM_PineTree Object has overlapping UVs.
[2014.12.10-19.50.57:805][665]LightingResults: Info SM_PineTree Lightmap UV are overlapping by 86.8%. Please adjust content - Enable Error Coloring to visualize.
[2014.12.10-19.50.57:882][669]LightingResults:Error: Error SM_PineTree Object has overlapping UVs.
[2014.12.10-19.50.57:882][669]LightingResults: Info SM_PineTree Lightmap UV are overlapping by 86.8%. Please adjust content - Enable Error Coloring to visualize.
[2014.12.10-19.50.57:894][670]Job is a success!
[2014.12.10-19.50.58:174][671]LogTexture:Display: Building textures: HQ_Lightmap0_1 (AutoDXT)
[2014.12.10-19.50.58:179][671]LogTexture:Display: Building textures: LQ_Lightmap_0_5 (DXT1)
[2014.12.10-19.50.58:342][671]LogTexture:Display: Building textures: HQ_Lightmap0_5 (AutoDXT)
[2014.12.10-19.50.58:614][671]LogTexture:Display: Building textures: LQ_Lightmap_1_4 (DXT1)
[2014.12.10-19.50.58:620][671]LogTexture:Display: Building textures: HQ_Lightmap1_4 (AutoDXT)
[2014.12.10-19.50.58:626][671]LogTexture:Display: Building textures: LQ_Lightmap_0_3 (DXT1)
[2014.12.10-19.50.58:631][671]LogTexture:Display: Building textures: HQ_Lightmap0_3 (AutoDXT)
[2014.12.10-19.50.58:637][671]LogTexture:Display: Building textures: LQ_Lightmap_0_2 (DXT1)
[2014.12.10-19.50.58:640][671]LogTexture:Display: Building textures: HQ_Lightmap0_2 (AutoDXT)
[2014.12.10-19.50.58:645][671]LogTexture:Display: Building textures: LQ_Lightmap_0_1 (DXT1)
[2014.12.10-19.50.58:649][671]LogTexture:Display: Building textures: ShadowMapTexture2D_0 (BGRA8)
[2014.12.10-19.50.58:651][671]LogTexture:Display: Building textures: ShadowMapTexture2D_1 (BGRA8)
[2014.12.10-19.50.58:652][671]LogTexture:Display: Building textures: ShadowMapTexture2D_2 (BGRA8)
[2014.12.10-19.50.58:653][671]LogTexture:Display: Building textures: ShadowMapTexture2D_3 (BGRA8)
[2014.12.10-19.50.58:693][671]LogTexture:Display: Building textures: ShadowMapTexture2D_4 (BGRA8)
[2014.12.10-19.50.58:738][671]Lightmass on WINDOWSONAUSB: 17.4 sec total, 305 ms importing, 741 ms setup, 4.39 sec photons, 12.0 sec processing, 0 ms extra exporting [105/105 mappings]. Threads: 1:23 min total, 57.5 sec processing.
[2014.12.10-19.50.58:761][671]LogStaticLightingSystem:Warning: Illumination: 29.4 sec (552 ms encoding lightmaps)
[2014.12.10-19.50.58:761][671]LogStaticLightingSystem: Lightmap texture memory:  0.4 MB (0.4 MB streaming, 0.0 MB non-streaming), 10 textures
[2014.12.10-19.50.58:761][671]LogStaticLightingSystem: Shadowmap texture memory: 0.0 MB (0.0 MB streaming, 0.0 MB non-streaming), 5 textures
[2014.12.10-19.50.59:201][672]Cmd: UpdateLandscapeEditorData
[2014.12.10-19.50.59:203][672]Cmd: MAP CHECK NOTIFYRESULTS
[2014.12.10-19.50.59:203][672]MapCheck: New page: ForestLevel - Dec 10, 2014, 3:50:59 AM
[2014.12.10-19.50.59:280][672]MapCheck: Info Map check complete: 0 Error(s), 0 Warning(s), took 77.025ms to complete.
[2014.12.10-19.51.14:360][512]LogTexture:Display: Building textures: Texture2D_2 (G8)
[2014.12.10-19.53.09:451][286]LogTexture:Display: Building textures: Texture2D_4 (BGRA8)
[2014.12.10-19.53.09:561][286]LogSavePackage: Save=117.717773ms
[2014.12.10-19.53.09:561][286]LogSavePackage: Moving '../../../../../../Users/Jacob/Documents/UCI/Fall 2014/CompSci 113 - Intro to Game Design/Study-Session/Trial_third_person 4.6/Saved/ForestLevel12965F194DE1DF452095E5930EB7E077.tmp' to '../../../../../../Users/Jacob/Documents/UCI/Fall 2014/CompSci 113 - Intro to Game Design/Study-Session/Trial_third_person 4.6/Content/Maps/ForestLevel.umap'
[2014.12.10-19.53.09:591][286]LogFileHelpers: Saving map 'ForestLevel' took 0.247
[2014.12.10-19.54.16:167][585]LogTexture:Display: Building textures: Texture2D_4 (BGRA8)
[2014.12.10-19.54.16:276][585]LogSavePackage: Save=113.241455ms
[2014.12.10-19.54.16:276][585]LogSavePackage: Moving '../../../../../../Users/Jacob/Documents/UCI/Fall 2014/CompSci 113 - Intro to Game Design/Study-Session/Trial_third_person 4.6/Saved/ForestLevel468440804CAEA6553F9FB9AB1D87614F.tmp' to '../../../../../../Users/Jacob/Documents/UCI/Fall 2014/CompSci 113 - Intro to Game Design/Study-Session/Trial_third_person 4.6/Content/Maps/ForestLevel.umap'
[2014.12.10-19.54.16:301][585]LogFileHelpers: Saving map 'ForestLevel' took 0.238
[2014.12.10-19.54.19:413][741]LogPlayLevel: PIE:  No blueprints needed recompiling
[2014.12.10-19.54.21:989][741]PIE: New page: PIE session: ForestLevel (Dec 10, 2014, 3:54:21 AM)
[2014.12.10-19.54.22:014][741]LogPlayLevel: PIE: StaticDuplicateObject took: (0.024987s)
[2014.12.10-19.54.22:015][741]LogPlayLevel: PIE: World Init took: (0.000771s)
[2014.12.10-19.54.22:015][741]LogPlayLevel: PIE: Created PIE world by copying editor world from /Game/Maps/ForestLevel.ForestLevel to /Game/Maps/UEDPIE_0_ForestLevel.ForestLevel (0.025947s)
[2014.12.10-19.54.22:059][741]LogWorld: Game class is 'MyGame_C'
[2014.12.10-19.54.22:061][741]LogAIModule: Creating AISystem for world ForestLevel
[2014.12.10-19.54.22:064][741]LogWorld: Bringing World /Game/Maps/UEDPIE_0_ForestLevel.ForestLevel up for play (max tick rate 0) at 2014.12.10-11.54.22
[2014.12.10-19.54.22:065][741]LogWorld: Bringing up level for play took: 0.003012
[2014.12.10-19.54.22:066][741]PIE: Info Play in editor start time for /Game/Maps/UEDPIE_0_ForestLevel 2.203
[2014.12.10-19.54.22:110][742]LogCharacterMovement:Warning: GetSimulationTimeStep() - Max iterations 8 hit while remaining time 0.095421 > MaxSimulationTimeStep (0.050) for 'MyCharacter_C_0'
[2014.12.10-19.55.41:112][175]LogParticles: Destroying 0 GPU particle simulations for FXSystem 0x00000015F898C5E0
[2014.12.10-19.55.59:623][316]Cmd: BRUSH ADD SELECTNEWBRUSH
[2014.12.10-19.55.59:648][316]LogInstancedFoliage: Map Rebuilt - Update all BSP painted foliage!
[2014.12.10-19.56.07:956][747]LogInstancedFoliage: Map Rebuilt - Update all BSP painted foliage!
[2014.12.10-19.56.21:078][421]LogInstancedFoliage: Map Rebuilt - Update all BSP painted foliage!
[2014.12.10-19.56.22:511][496]LogInstancedFoliage: Map Rebuilt - Update all BSP painted foliage!
[2014.12.10-19.56.31:743][966]LogInstancedFoliage: Map Rebuilt - Update all BSP painted foliage!
[2014.12.10-20.02.02:828][408]Cmd: BRUSH ADD SELECTNEWBRUSH
[2014.12.10-20.02.02:858][408]LogInstancedFoliage: Map Rebuilt - Update all BSP painted foliage!
[2014.12.10-20.02.07:726][660]LogInstancedFoliage: Map Rebuilt - Update all BSP painted foliage!
[2014.12.10-20.04.44:645][987]LogInstancedFoliage: Map Rebuilt - Update all BSP painted foliage!
[2014.12.10-20.05.07:267][294]Cmd: BRUSH ADD SELECTNEWBRUSH
[2014.12.10-20.05.07:301][294]LogInstancedFoliage: Map Rebuilt - Update all BSP painted foliage!
[2014.12.10-20.05.38:689][442]LogSavePackage: Save=117.844955ms
[2014.12.10-20.05.38:689][442]LogSavePackage: Moving '../../../../../../Users/Jacob/Documents/UCI/Fall 2014/CompSci 113 - Intro to Game Design/Study-Session/Trial_third_person 4.6/Saved/ForestLevel_Auto17A973B9E49BF16C643E065987D6BF334.tmp' to '../../../../../../Users/Jacob/Documents/UCI/Fall 2014/CompSci 113 - Intro to Game Design/Study-Session/Trial_third_person 4.6/Saved/Autosaves/Game/Maps/ForestLevel_Auto1.umap'
[2014.12.10-20.05.38:698][442]LogFileHelpers: Editor autosave (incl. sublevels) for '/Game/Maps/ForestLevel' took 0.204
[2014.12.10-20.05.38:698][442]LogFileHelpers: Editor autosave (incl. sublevels) for all levels took 0.204
[2014.12.10-20.06.56:725][791]Cmd: BRUSH ADD SELECTNEWBRUSH
[2014.12.10-20.06.56:779][791]LogInstancedFoliage: Map Rebuilt - Update all BSP painted foliage!
[2014.12.10-20.07.05:155][261]Cmd: DELETE
[2014.12.10-20.07.05:155][261]Cmd: ACTOR DELETE
[2014.12.10-20.07.05:166][261]LogEditorActor: Deleted Actor: Brush
[2014.12.10-20.07.05:203][261]LogInstancedFoliage: Map Rebuilt - Update all BSP painted foliage!
[2014.12.10-20.07.05:203][261]LogEditorActor: Deleted 1 Actors (0.049 secs)
[2014.12.10-20.07.05:213][261]LogInstancedFoliage: Map Rebuilt - Update all BSP painted foliage!
[2014.12.10-20.07.20:183][100]LogInstancedFoliage: Map Rebuilt - Update all BSP painted foliage!
[2014.12.10-20.07.26:778][467]LogInstancedFoliage: Map Rebuilt - Update all BSP painted foliage!
[2014.12.10-20.07.30:247][644]LogInstancedFoliage: Map Rebuilt - Update all BSP painted foliage!
[2014.12.10-20.07.46:435][540]LogSavePackage: Save=121.695190ms
[2014.12.10-20.07.46:435][540]LogSavePackage: Moving '../../../../../../Users/Jacob/Documents/UCI/Fall 2014/CompSci 113 - Intro to Game Design/Study-Session/Trial_third_person 4.6/Saved/ForestLevelA6385089422A75D7B8CFDBA34E1C7EDD.tmp' to '../../../../../../Users/Jacob/Documents/UCI/Fall 2014/CompSci 113 - Intro to Game Design/Study-Session/Trial_third_person 