Log file open, 12/14/14 17:38:26
LogInit:Display: Running engine for game: Trial_third_person
LogInit: Version: 4.6.0-2369412+++depot+UE4-Releases+4.6
LogInit: API Version: 2369412
LogInit: Compiled (64-bit): Nov 24 2014 21:54:04
LogInit: Compiled with Visual C++: 18.00.21005.01
LogInit: Build Configuration: Development
LogInit: Branch Name: ++depot+UE4-Releases+4.6
LogInit: Command line:  /Temp/Autosaves/Game/Maps/UEDPCStartMenuLevel -game -PIEVIACONSOLE -ResX=1280 -ResY=720  -Multiprocess 
LogInit: Base directory: C:/Program Files/Epic Games/4.6/Engine/Binaries/Win64/
LogInit: Rocket: 1
[2014.12.15-01.38.26:789][  0]LogTaskGraph: Started task graph with 3 named threads and 6 total threads.
[2014.12.15-01.38.26:840][  0]LogOnline:Warning: No default platform service specified for OnlineSubsystem
[2014.12.15-01.38.26:864][  0]LogInit: Presizing for 0 objects not considered by GC, pre-allocating 0 bytes.
[2014.12.15-01.38.26:876][  0]LogInit: Object subsystem initialized
[2014.12.15-01.38.26:880][  0]LogConsoleResponse:Warning: Skipping Unknown console variable: 'UIScaleCurve = (EditorCurveData=(Keys=((Time=480.000000,Value=0.444000),(Time=720.000000,Value=0.666000),(Time=1080.000000,Value=1.000000),(Time=8640.000000,Value=8.000000))),ExternalCurve=None)'
[2014.12.15-01.38.26:880][  0]LogConsoleResponse:Warning:   Found in ini file 'C:/Users/Jeremy/Documents/GitHub/Study-Session/Trial_third_person 4.6/Saved/Config/Windows/Engine.ini', in section '[/Script/Engine.RendererSettings]'
[2014.12.15-01.38.26:880][  0]LogConsoleManager:Warning: Console variable 'r.MSAA.CompositingSampleCount' wasn't set (Priority ProjectSetting < Scalability)
[2014.12.15-01.38.26:881][  0]LogInit: Selected Device Profile: [Windows]
[2014.12.15-01.38.26:881][  0]LogInit: Applying CVar settings loaded from the selected device profile: [Windows]
[2014.12.15-01.38.26:889][  0]LogInit: Computer: BRIANA-DESKTOP
[2014.12.15-01.38.26:889][  0]LogInit: User: Jeremy
[2014.12.15-01.38.26:889][  0]LogInit: CPU Page size=4096, Cores=4
[2014.12.15-01.38.26:889][  0]LogInit: High frequency timer resolution =14.318180 MHz
[2014.12.15-01.38.26:889][  0]LogMemory: Memory total: Physical=8.0GB (8GB approx) Virtual=8192.0GB
[2014.12.15-01.38.26:889][  0]LogMemory: Platform Memory Stats for Windows
[2014.12.15-01.38.26:889][  0]LogMemory: Process Physical Memory: 49.31 MB used, 49.31 MB peak
[2014.12.15-01.38.26:889][  0]LogMemory: Process Virtual Memory: 25.20 MB used, 25.20 MB peak
[2014.12.15-01.38.26:889][  0]LogMemory: Physical Memory: 3362.26 MB used, 8183.89 MB total
[2014.12.15-01.38.26:889][  0]LogMemory: Virtual Memory: 264.43 MB used, 8388608.00 MB total
[2014.12.15-01.38.26:931][  0]LogD3D11RHI: Found D3D11 adapter 0: NVIDIA GeForce GTX 550 Ti (Feature Level 11_0)
[2014.12.15-01.38.26:931][  0]LogD3D11RHI: Adapter has 977MB of dedicated video memory, 0MB of dedicated system memory, and 3071MB of shared system memory, 2 output[s]
[2014.12.15-01.38.26:931][  0]LogD3D11RHI: Chosen D3D11 Adapter Id = 0
[2014.12.15-01.38.26:940][  0]LogRHI: Texture pool is 684 MB (70% of 977 MB)
[2014.12.15-01.38.26:951][  0]LogD3D11RHI: Async texture creation enabled
[2014.12.15-01.38.27:021][  0]LogTextLocalizationManager: The requested culture ('en_US') has no localization data; parent culture's ('en') localization data will be used.
[2014.12.15-01.38.27:245][  0]LogContentStreaming: Texture pool size is 1000.000000MB
[2014.12.15-01.38.34:699][  0]LogTargetPlatformManager:Display: Building Assets For Windows
[2014.12.15-01.38.35:255][  0]LogTargetPlatformManager:Display: Building Assets For Windows
[2014.12.15-01.38.35:322][  0]LogDerivedDataCache:Display: Max Cache Size: 512 MB
[2014.12.15-01.38.35:431][  0]LogDerivedDataCache: Loaded boot cache 0.11s 39MB C:/Users/Jeremy/AppData/Local/UnrealEngine/4.6/DerivedDataCache/Boot.ddc.
[2014.12.15-01.38.35:431][  0]LogDerivedDataCache:Display: Loaded Boot cache: C:/Users/Jeremy/AppData/Local/UnrealEngine/4.6/DerivedDataCache/Boot.ddc
[2014.12.15-01.38.35:432][  0]LogDerivedDataCache: FDerivedDataBackendGraph:  Pak pak cache file ../../../../../../Users/Jeremy/Documents/GitHub/Study-Session/Trial_third_person 4.6/DerivedDataCache/DDC.ddp not found, will not use a pak cache.
[2014.12.15-01.38.35:432][  0]LogDerivedDataCache: Unable to find inner node Pak for hierarchical cache Hierarchy.
[2014.12.15-01.38.35:520][  0]LogDerivedDataCache:Display: Pak cache opened for reading ../../../Engine/DerivedDataCache/DDC.ddp.
[2014.12.15-01.38.35:532][  0]LogDerivedDataCache: Using Local data cache path C:/Users/Jeremy/AppData/Local/UnrealEngine/Common/DerivedDataCache: Writable
[2014.12.15-01.38.35:730][  0]LogCollisionProfile:Warning: Profile (UI) - Custom Channel Name = 'Weapon' hasn't been found
[2014.12.15-01.38.35:908][  0]LogMeshUtilities: No automatic mesh reduction module available
[2014.12.15-01.38.35:908][  0]LogMeshUtilities: No automatic mesh merging module available
[2014.12.15-01.38.36:371][  0]LogInit: WinSock: version 1.1 (2.2), MaxSocks=32767, MaxUdp=65467
[2014.12.15-01.38.36:439][  0]LogSlate:Warning: Failed to load font data from '../../../Engine/Content/Slate/Fonts/Roboto-Italic.ttf'
[2014.12.15-01.38.37:469][  0]LogWindowsMoviePlayer: Unable to load movie: ../../../../../../Users/Jeremy/Documents/GitHub/Study-Session/Trial_third_person 4.6/Content/Movies/Default_Startup.mp4
[2014.12.15-01.38.37:615][  0]SourceControl: Info Source control is disabled
[2014.12.15-01.38.37:615][  0]SourceControl: Info Source control is disabled
[2014.12.15-01.38.37:625][  0]SourceControl: Info Source control is disabled
[2014.12.15-01.38.37:665][  0]LogDirectoryWatcher:Warning: Failed to begin reading directory changes for C:/Users/Jeremy/Documents/GitHub/Study-Session/Trial_third_person 4.6/Binaries/Win64. Error: 0
[2014.12.15-01.38.37:724][  0]LogObj: 23338 objects as part of root set at end of initial load.
[2014.12.15-01.38.37:724][  0]LogUObjectAllocator: 4907960 out of 0 bytes used by permanent object pool.
[2014.12.15-01.38.37:800][  0]LogAutomationTest:Warning: ERR: Transient text cannot be serialized "Testing Transient serialization detection".
[2014.12.15-01.38.37:800][  0]LogEngine: Initializing Engine...
[2014.12.15-01.38.40:801][  0]LogHMD:Warning: No Oculus HMD detected! Is Oculus Run-Time installed and service is running?
[2014.12.15-01.38.40:811][  0]LogHMD: Oculus shutdown.
[2014.12.15-01.38.40:994][  0]LogInit: XAudio2 using 'Speakers (Realtek High Definition Audio)' : 2 channels at 48 kHz using 32 bits per sample (channel mask 0x3)
[2014.12.15-01.38.41:010][  0]LogInit: FAudioDevice initialized.
[2014.12.15-01.38.41:020][  0]LogInit: Texture streaming: Enabled
[2014.12.15-01.38.41:111][  0]LogAnalytics: Creating configured Analytics provider AnalyticsET
[2014.12.15-01.38.41:111][  0]LogAnalytics: ET APIKey = Rocket.Release. APIServer = http://et2.epicgames.com/ET2/. AppVersion = 4.6.0-2369412+++depot+UE4-Releases+4.6
[2014.12.15-01.38.41:113][  0]LogAnalytics: SetUserId 6df8d6a202a5f32dd217a5bf9cbf5496
[2014.12.15-01.38.41:113][  0]LogAnalytics: AnalyticsET::StartSession [Rocket.Release]
[2014.12.15-01.38.41:135][  0]LogConsoleManager:Warning: Console variable 'r.VSync' wasn't set (Priority Code < GameSetting)
[2014.12.15-01.38.41:192][  0]LogNet: Browse: /Temp/Autosaves/Game/Maps/UEDPCStartMenuLevel?Name=Player
[2014.12.15-01.38.41:192][  0]LogLoad: LoadMap: /Temp/Autosaves/Game/Maps/UEDPCStartMenuLevel?Name=Player
[2014.12.15-01.38.41:206][  0]LogMemory: Platform Memory Stats for Windows
[2014.12.15-01.38.41:206][  0]LogMemory: Process Physical Memory: 294.71 MB used, 323.84 MB peak
[2014.12.15-01.38.41:206][  0]LogMemory: Process Virtual Memory: 253.59 MB used, 284.91 MB peak
[2014.12.15-01.38.41:206][  0]LogMemory: Physical Memory: 3566.19 MB used, 8183.89 MB total
[2014.12.15-01.38.41:206][  0]LogMemory: Virtual Memory: 687.13 MB used, 8388608.00 MB total
[2014.12.15-01.38.41:206][  0]LogMemory: 
[2014.12.15-01.38.41:206][  0]Allocator Stats for TBB: (not implemented)
[2014.12.15-01.38.42:301][  0]LogWorld: Game class is 'MyGame_C'
[2014.12.15-01.38.42:327][  0]LogAIModule: Creating AISystem for world StartMenuLevel
[2014.12.15-01.38.42:328][  0]LogWorld: Bringing World /Temp/Autosaves/Game/Maps/UEDPCStartMenuLevel.StartMenuLevel up for play (max tick rate 0) at 2014.12.14-17.38.42
[2014.12.15-01.38.42:328][  0]LogWorld: Bringing up level for play took: 0.000858
[2014.12.15-01.38.42:333][  0]LogInit:Display: Game Engine Initialized.
[2014.12.15-01.38.42:554][  0]LogLoad: Full Startup: 17.78 seconds (BP compile: 0.41 seconds)
[2014.12.15-01.38.42:717][  2]LogRenderer:Warning: Reallocating scene render targets to support 1280x720.
[2014.12.15-01.38.44:051][ 99]LogPackageName: SearchForPackageOnDisk took   0.101s to resolve School.umap
[2014.12.15-01.38.44:146][ 99]LogPackageName: SearchForPackageOnDisk took   0.095s to resolve School.umap
[2014.12.15-01.38.44:146][ 99]LogNet: Browse: /Game/Maps/School
[2014.12.15-01.38.44:146][ 99]LogLoad: LoadMap: /Game/Maps/School
[2014.12.15-01.38.44:169][ 99]LogParticles: Destroying 0 GPU particle simulations for FXSystem 0x0000000010E902C0
[2014.12.15-01.38.44:195][ 99]LogMemory: Platform Memory Stats for Windows
[2014.12.15-01.38.44:195][ 99]LogMemory: Process Physical Memory: 324.34 MB used, 329.43 MB peak
[2014.12.15-01.38.44:195][ 99]LogMemory: Process Virtual Memory: 267.20 MB used, 284.91 MB peak
[2014.12.15-01.38.44:195][ 99]LogMemory: Physical Memory: 3682.96 MB used, 8183.89 MB total
[2014.12.15-01.38.44:195][ 99]LogMemory: Virtual Memory: 705.28 MB used, 8388608.00 MB total
[2014.12.15-01.38.44:195][ 99]LogMemory: 
[2014.12.15-01.38.44:195][ 99]Allocator Stats for TBB: (not implemented)
[2014.12.15-01.38.44:569][ 99]LogLinker:Warning: Can't find file '/Game/ArchVis/Materials/MI_Couch_NOSSS_Mat_Inst'
[2014.12.15-01.38.44:569][ 99]LoadErrors: Info Failed to load /Game/ArchVis/Materials/MI_Couch_NOSSS_Mat_Inst.MI_Couch_NOSSS_Mat_Inst Referenced by SM_Couch_1seat
[2014.12.15-01.38.44:569][ 99]LogUObjectGlobals:Warning: Failed to load '/Game/ArchVis/Materials/MI_Couch_NOSSS_Mat_Inst': Can't find file '/Game/ArchVis/Materials/MI_Couch_NOSSS_Mat_Inst'
[2014.12.15-01.38.44:569][ 99]LogLinker:Warning: Can't find file for asset '/Game/ArchVis/Materials/MI_Couch_NOSSS_Mat_Inst' while loading NULL.
[2014.12.15-01.38.44:570][ 99]LoadErrors: Info Failed to load /Game/ArchVis/Materials/MI_Couch_NOSSS_Mat_Inst.MI_Couch_NOSSS_Mat_Inst Referenced by SM_Couch_1seat
[2014.12.15-01.38.44:570][ 99]LogUObjectGlobals:Warning: Failed to load '/Game/ArchVis/Materials/MI_Couch_NOSSS_Mat_Inst': Can't find file for asset '/Game/ArchVis/Materials/MI_Couch_NOSSS_Mat_Inst' while loading NULL.
[2014.12.15-01.38.44:570][ 99]LogLinker:Warning: Can't find file '/Game/ArchVis/Materials/MI_Couch_NOSSS_Mat_Inst'
[2014.12.15-01.38.44:570][ 99]LoadErrors: Info Failed to load /Game/ArchVis/Materials/MI_Couch_NOSSS_Mat_Inst.MI_Couch_NOSSS_Mat_Inst Referenced by SM_Couch_1seat
[2014.12.15-01.38.44:570][ 99]LogUObjectGlobals:Warning: Failed to load '/Game/ArchVis/Materials/MI_Couch_NOSSS_Mat_Inst': Can't find file '/Game/ArchVis/Materials/MI_Couch_NOSSS_Mat_Inst'
[2014.12.15-01.38.44:570][ 99]LogLinker:Warning: Can't find file for asset '/Game/ArchVis/Materials/MI_Couch_NOSSS_Mat_Inst' while loading NULL.
[2014.12.15-01.38.44:571][ 99]LoadErrors: Info Failed to load /Game/ArchVis/Materials/MI_Couch_NOSSS_Mat_Inst.MI_Couch_NOSSS_Mat_Inst Referenced by SM_Couch_1seat
[2014.12.15-01.38.44:571][ 99]LogUObjectGlobals:Warning: Failed to load '/Game/ArchVis/Materials/MI_Couch_NOSSS_Mat_Inst': Can't find file for asset '/Game/ArchVis/Materials/MI_Couch_NOSSS_Mat_Inst' while loading NULL.
[2014.12.15-01.38.44:649][ 99]LogWorld: Game class is 'MyGame_C'
[2014.12.15-01.38.44:652][ 99]LogAIModule: Creating AISystem for world School
[2014.12.15-01.38.44:658][ 99]LogWorld: Bringing World /Game/Maps/School.School up for play (max tick rate 0) at 2014.12.14-17.38.44
[2014.12.15-01.38.44:661][ 99]LogWorld: Bringing up level for play took: 0.008785
[2014.12.15-01.38.52:894][576]LogPackageName: SearchForPackageOnDisk took   0.096s to resolve LivingRoom.umap
[2014.12.15-01.38.52:993][577]LogPackageName: SearchForPackageOnDisk took   0.097s to resolve LivingRoom.umap
[2014.12.15-01.38.52:993][577]LogNet: Browse: /Game/Maps/LivingRoom
[2014.12.15-01.38.52:993][577]LogLoad: LoadMap: /Game/Maps/LivingRoom
[2014.12.15-01.38.53:018][577]LogParticles: Destroying 0 GPU particle simulations for FXSystem 0x000000000AA3B060
[2014.12.15-01.38.53:030][577]LogMemory: Platform Memory Stats for Windows
[2014.12.15-01.38.53:030][577]LogMemory: Process Physical Memory: 356.93 MB used, 387.75 MB peak
[2014.12.15-01.38.53:030][577]LogMemory: Process Virtual Memory: 288.00 MB used, 319.30 MB peak
[2014.12.15-01.38.53:030][577]LogMemory: Physical Memory: 3773.82 MB used, 8183.89 MB total
[2014.12.15-01.38.53:030][577]LogMemory: Virtual Memory: 735.69 MB used, 8388608.00 MB total
[2014.12.15-01.38.53:030][577]LogMemory: 
[2014.12.15-01.38.53:030][577]Allocator Stats for TBB: (not implemented)
[2014.12.15-01.38.53:808][577]LogLinker:Warning: Can't find file '/Game/ArchVis/Textures/T_Shelving_N'
[2014.12.15-01.38.53:808][577]LoadErrors: Info Failed to load /Game/ArchVis/Textures/T_Shelving_N.T_Shelving_N Referenced by M_Shelving
[2014.12.15-01.38.53:808][577]LogUObjectGlobals:Warning: Failed to load '/Game/ArchVis/Textures/T_Shelving_N': Can't find file '/Game/ArchVis/Textures/T_Shelving_N'
[2014.12.15-01.38.53:808][577]LogLinker:Warning: Can't find file for asset '/Game/ArchVis/Textures/T_Shelving_N' while loading NULL.
[2014.12.15-01.38.53:808][577]LoadErrors: Info Failed to load /Game/ArchVis/Textures/T_Shelving_N.T_Shelving_N Referenced by M_Shelving
[2014.12.15-01.38.53:808][577]LogUObjectGlobals:Warning: Failed to load '/Game/ArchVis/Textures/T_Shelving_N': Can't find file for asset '/Game/ArchVis/Textures/T_Shelving_N' while loading NULL.
[2014.12.15-01.38.53:809][577]LogLinker:Warning: Can't find file '/Game/ArchVis/Textures/T_Wood'
[2014.12.15-01.38.53:809][577]LoadErrors: Info Failed to load /Game/ArchVis/Textures/T_Wood.T_Wood Referenced by M_Shelving
[2014.12.15-01.38.53:809][577]LogUObjectGlobals:Warning: Failed to load '/Game/ArchVis/Textures/T_Wood': Can't find file '/Game/ArchVis/Textures/T_Wood'
[2014.12.15-01.38.53:809][577]LogLinker:Warning: Can't find file for asset '/Game/ArchVis/Textures/T_Wood' while loading NULL.
[2014.12.15-01.38.53:809][577]LoadErrors: Info Failed to load /Game/ArchVis/Textures/T_Wood.T_Wood Referenced by M_Shelving
[2014.12.15-01.38.53:809][577]LogUObjectGlobals:Warning: Failed to load '/Game/ArchVis/Textures/T_Wood': Can't find file for asset '/Game/ArchVis/Textures/T_Wood' while loading NULL.
[2014.12.15-01.38.53:810][577]LogLinker:Warning: Can't find file '/Game/ArchVis/Textures/T_Shelving_M'
[2014.12.15-01.38.53:810][577]LoadErrors: Info Failed to load /Game/ArchVis/Textures/T_Shelving_M.T_Shelving_M Referenced by M_Shelving
[2014.12.15-01.38.53:810][577]LogUObjectGlobals:Warning: Failed to load '/Game/ArchVis/Textures/T_Shelving_M': Can't find file '/Game/ArchVis/Textures/T_Shelving_M'
[2014.12.15-01.38.53:810][577]LogLinker:Warning: Can't find file for asset '/Game/ArchVis/Textures/T_Shelving_M' while loading NULL.
[2014.12.15-01.38.53:810][577]LoadErrors: Info Failed to load /Game/ArchVis/Textures/T_Shelving_M.T_Shelving_M Referenced by M_Shelving
[2014.12.15-01.38.53:810][577]LogUObjectGlobals:Warning: Failed to load '/Game/ArchVis/Textures/T_Shelving_M': Can't find file for asset '/Game/ArchVis/Textures/T_Shelving_M' while loading NULL.
[2014.12.15-01.38.53:810][577]LogLinker:Warning: Can't find file '/Game/ArchVis/Textures/T_Wood_S'
[2014.12.15-01.38.53:811][577]LoadErrors: Info Failed to load /Game/ArchVis/Textures/T_Wood_S.T_Wood_S Referenced by M_Shelving
[2014.12.15-01.38.53:811][577]LogUObjectGlobals:Warning: Failed to load '/Game/ArchVis/Textures/T_Wood_S': Can't find file '/Game/ArchVis/Textures/T_Wood_S'
[2014.12.15-01.38.53:811][577]LogLinker:Warning: Can't find file for asset '/Game/ArchVis/Textures/T_Wood_S' while loading NULL.
[2014.12.15-01.38.53:811][577]LoadErrors: Info Failed to load /Game/ArchVis/Textures/T_Wood_S.T_Wood_S Referenced by M_Shelving
[2014.12.15-01.38.53:811][577]LogUObjectGlobals:Warning: Failed to load '/Game/ArchVis/Textures/T_Wood_S': Can't find file for asset '/Game/ArchVis/Textures/T_Wood_S' while loading NULL.
[2014.12.15-01.38.53:812][577]LogLinker:Warning: Can't find file '/Game/ArchVis/Textures/T_Shelving_N'
[2014.12.15-01.38.53:812][577]LoadErrors: Info Failed to load /Game/ArchVis/Textures/T_Shelving_N.T_Shelving_N Referenced by MaterialExpressionTextureSample_0
[2014.12.15-01.38.53:812][577]LogUObjectGlobals:Warning: Failed to load '/Game/ArchVis/Textures/T_Shelving_N': Can't find file '/Game/ArchVis/Textures/T_Shelving_N'
[2014.12.15-01.38.53:813][577]LogLinker:Warning: Can't find file for asset '/Game/ArchVis/Textures/T_Shelving_N' while loading NULL.
[2014.12.15-01.38.53:813][577]LoadErrors: Info Failed to load /Game/ArchVis/Textures/T_Shelving_N.T_Shelving_N Referenced by MaterialExpressionTextureSample_0
[2014.12.15-01.38.53:813][577]LogUObjectGlobals:Warning: Failed to load '/Game/ArchVis/Textures/T_Shelving_N': Can't find file for asset '/Game/ArchVis/Textures/T_Shelving_N' while loading NULL.
[2014.12.15-01.38.53:813][577]LogLinker:Warning: Can't find file '/Game/ArchVis/Textures/T_Shelving_M'
[2014.12.15-01.38.53:814][577]LoadErrors: Info Failed to load /Game/ArchVis/Textures/T_Shelving_M.T_Shelving_M Referenced by MaterialExpressionTextureSample_1
[2014.12.15-01.38.53:814][577]LogUObjectGlobals:Warning: Failed to load '/Game/ArchVis/Textures/T_Shelving_M': Can't find file '/Game/ArchVis/Textures/T_Shelving_M'
[2014.12.15-01.38.53:814][577]LogLinker:Warning: Can't find file for asset '/Game/ArchVis/Textures/T_Shelving_M' while loading NULL.
[2014.12.15-01.38.53:814][577]LoadErrors: Info Failed to load /Game/ArchVis/Textures/T_Shelving_M.T_Shelving_M Referenced by MaterialExpressionTextureSample_1
[2014.12.15-01.38.53:814][577]LogUObjectGlobals:Warning: Failed to load '/Game/ArchVis/Textures/T_Shelving_M': Can't find file for asset '/Game/ArchVis/Textures/T_Shelving_M' while loading NULL.
[2014.12.15-01.38.53:815][577]LogLinker:Warning: Can't find file '/Game/ArchVis/Textures/T_Wood'
[2014.12.15-01.38.53:815][577]LoadErrors: Info Failed to load /Game/ArchVis/Textures/T_Wood.T_Wood Referenced by MaterialExpressionTextureSample_4
[2014.12.15-01.38.53:815][577]LogUObjectGlobals:Warning: Failed to load '/Game/ArchVis/Textures/T_Wood': Can't find file '/Game/ArchVis/Textures/T_Wood'
[2014.12.15-01.38.53:815][577]LogLinker:Warning: Can't find file for asset '/Game/ArchVis/Textures/T_Wood' while loading NULL.
[2014.12.15-01.38.53:815][577]LoadErrors: Info Failed to load /Game/ArchVis/Textures/T_Wood.T_Wood Referenced by MaterialExpressionTextureSample_4
[2014.12.15-01.38.53:815][577]LogUObjectGlobals:Warning: Failed to load '/Game/ArchVis/Textures/T_Wood': Can't find file for asset '/Game/ArchVis/Textures/T_Wood' while loading NULL.
[2014.12.15-01.38.53:816][577]LogLinker:Warning: Can't find file '/Game/ArchVis/Textures/T_Wood_S'
[2014.12.15-01.38.53:816][577]LoadErrors: Info Failed to load /Game/ArchVis/Textures/T_Wood_S.T_Wood_S Referenced by MaterialExpressionTextureSample_5
[2014.12.15-01.38.53:816][577]LogUObjectGlobals:Warning: Failed to load '/Game/ArchVis/Textures/T_Wood_S': Can't find file '/Game/ArchVis/Textures/T_Wood_S'
[2014.12.15-01.38.53:816][577]LogLinker:Warning: Can't find file for asset '/Game/ArchVis/Textures/T_Wood_S' while loading NULL.
[2014.12.15-01.38.53:816][577]LoadErrors: Info Failed to load /Game/ArchVis/Textures/T_Wood_S.T_Wood_S Referenced by MaterialExpressionTextureSample_5
[2014.12.15-01.38.53:816][577]LogUObjectGlobals:Warning: Failed to load '/Game/ArchVis/Textures/T_Wood_S': Can't find file for asset '/Game/ArchVis/Textures/T_Wood_S' while loading NULL.
[2014.12.15-01.38.53:820][577]LogLinker:Warning: Can't find file '/Game/ArchVis/Materials/M_Statue_Inst'
[2014.12.15-01.38.53:820][577]LoadErrors: Info Failed to load /Game/ArchVis/Materials/M_Statue_Inst.M_Statue_Inst Referenced by Statue
[2014.12.15-01.38.53:820][577]LogUObjectGlobals:Warning: Failed to load '/Game/ArchVis/Materials/M_Statue_Inst': Can't find file '/Game/ArchVis/Materials/M_Statue_Inst'
[2014.12.15-01.38.53:820][577]LogLinker:Warning: Can't find file for asset '/Game/ArchVis/Materials/M_Statue_Inst' while loading NULL.
[2014.12.15-01.38.53:820][577]LoadErrors: Info Failed to load /Game/ArchVis/Materials/M_Statue_Inst.M_Statue_Inst Referenced by Statue
[2014.12.15-01.38.53:821][577]LogUObjectGlobals:Warning: Failed to load '/Game/ArchVis/Materials/M_Statue_Inst': Can't find file for asset '/Game/ArchVis/Materials/M_Statue_Inst' while loading NULL.
[2014.12.15-01.38.53:842][577]LogLinker:Warning: Can't find file '/Game/ArchVis/Materials/M_CoffeTable_MAT_Inst'
[2014.12.15-01.38.53:842][577]LoadErrors: Info Failed to load /Game/ArchVis/Materials/M_CoffeTable_MAT_Inst.M_CoffeTable_MAT_Inst Referenced by SM_CoffeeTable
[2014.12.15-01.38.53:842][577]LogUObjectGlobals:Warning: Failed to load '/Game/ArchVis/Materials/M_CoffeTable_MAT_Inst': Can't find file '/Game/ArchVis/Materials/M_CoffeTable_MAT_Inst'
[2014.12.15-01.38.53:842][577]LogLinker:Warning: Can't find file for asset '/Game/ArchVis/Materials/M_CoffeTable_MAT_Inst' while loading NULL.
[2014.12.15-01.38.53:842][577]LoadErrors: Info Failed to load /Game/ArchVis/Materials/M_CoffeTable_MAT_Inst.M_CoffeTable_MAT_Inst Referenced by SM_CoffeeTable
[2014.12.15-01.38.53:842][577]LogUObjectGlobals:Warning: Failed to load '/Game/ArchVis/Materials/M_CoffeTable_MAT_Inst': Can't find file for asset '/Game/ArchVis/Materials/M_CoffeTable_MAT_Inst' while loading NULL.
[2014.12.15-01.38.53:863][577]LogLinker:Warning: Can't find file '/Game/ArchVis/Materials/M_FloorLamp_Mat_Inst'
[2014.12.15-01.38.53:863][577]LoadErrors: Info Failed to load /Game/ArchVis/Materials/M_FloorLamp_Mat_Inst.M_FloorLamp_Mat_Inst Referenced by SM_FloorLamp
[2014.12.15-01.38.53:863][577]LogUObjectGlobals:Warning: Failed to load '/Game/ArchVis/Materials/M_FloorLamp_Mat_Inst': Can't find file '/Game/ArchVis/Materials/M_FloorLamp_Mat_Inst'
[2014.12.15-01.38.53:863][577]LogLinker:Warning: Can't find file for asset '/Game/ArchVis/Materials/M_FloorLamp_Mat_Inst' while loading NULL.
[2014.12.15-01.38.53:863][577]LoadErrors: Info Failed to load /Game/ArchVis/Materials/M_FloorLamp_Mat_Inst.M_FloorLamp_Mat_Inst Referenced by SM_FloorLamp
[2014.12.15-01.38.53:863][577]LogUObjectGlobals:Warning: Failed to load '/Game/ArchVis/Materials/M_FloorLamp_Mat_Inst': Can't find file for asset '/Game/ArchVis/Materials/M_FloorLamp_Mat_Inst' while loading NULL.
[2014.12.15-01.38.53:864][577]LogLinker:Warning: Can't find file '/Game/ArchVis/Materials/M_Curtain_MAT_Inst'
[2014.12.15-01.38.53:864][577]LoadErrors: Info Failed to load /Game/ArchVis/Materials/M_Curtain_MAT_Inst.M_Curtain_MAT_Inst Referenced by SM_Curtain
[2014.12.15-01.38.53:864][577]LogUObjectGlobals:Warning: Failed to load '/Game/ArchVis/Materials/M_Curtain_MAT_Inst': Can't find file '/Game/ArchVis/Materials/M_Curtain_MAT_Inst'
[2014.12.15-01.38.53:864][577]LogLinker:Warning: Can't find file for asset '/Game/ArchVis/Materials/M_Curtain_MAT_Inst' while loading NULL.
[2014.12.15-01.38.53:864][577]LoadErrors: Info Failed to load /Game/ArchVis/Materials/M_Curtain_MAT_Inst.M_Curtain_MAT_Inst Referenced by SM_Curtain
[2014.12.15-01.38.53:864][577]LogUObjectGlobals:Warning: Failed to load '/Game/ArchVis/Materials/M_Curtain_MAT_Inst': Can't find file for asset '/Game/ArchVis/Materials/M_Curtain_MAT_Inst' while loading NULL.
[2014.12.15-01.38.53:880][577]LogLinker:Warning: Can't find file '/Game/ArchVis/Materials/M_Shelving_Inst'
[2014.12.15-01.38.53:880][577]LoadErrors: Info Failed to load /Game/ArchVis/Materials/M_Shelving_Inst.M_Shelving_Inst Referenced by SM_Shelving
[2014.12.15-01.38.53:880][577]LogUObjectGlobals:Warning: Failed to load '/Game/ArchVis/Materials/M_Shelving_Inst': Can't find file '/Game/ArchVis/Materials/M_Shelving_Inst'
[2014.12.15-01.38.53:880][577]LogLinker:Warning: Can't find file for asset '/Game/ArchVis/Materials/M_Shelving_Inst' while loading NULL.
[2014.12.15-01.38.53:880][577]LoadErrors: Info Failed to load /Game/ArchVis/Materials/M_Shelving_Inst.M_Shelving_Inst Referenced by SM_Shelving
[2014.12.15-01.38.53:880][577]LogUObjectGlobals:Warning: Failed to load '/Game/ArchVis/Materials/M_Shelving_Inst': Can't find file for asset '/Game/ArchVis/Materials/M_Shelving_Inst' while loading NULL.
[2014.12.15-01.38.53:883][577]LogLinker:Warning: Can't find file '/Game/ArchVis/Materials/M_TV_Inst'
[2014.12.15-01.38.53:883][577]LoadErrors: Info Failed to load /Game/ArchVis/Materials/M_TV_Inst.M_TV_Inst Referenced by SM_TV
[2014.12.15-01.38.53:883][577]LogUObjectGlobals:Warning: Failed to load '/Game/ArchVis/Materials/M_TV_Inst': Can't find file '/Game/ArchVis/Materials/M_TV_Inst'
[2014.12.15-01.38.53:883][577]LogLinker:Warning: Can't find file for asset '/Game/ArchVis/Materials/M_TV_Inst' while loading NULL.
[2014.12.15-01.38.53:884][577]LoadErrors: Info Failed to load /Game/ArchVis/Materials/M_TV_Inst.M_TV_Inst Referenced by SM_TV
[2014.12.15-01.38.53:884][577]LogUObjectGlobals:Warning: Failed to load '/Game/ArchVis/Materials/M_TV_Inst': Can't find file for asset '/Game/ArchVis/Materials/M_TV_Inst' while loading NULL.
[2014.12.15-01.38.54:097][577]LogMaterial: Missing cached shader map for material M_Shelving, compiling.
[2014.12.15-01.38.54:099][577]LogMaterial:Warning: Failed to compile Material /Game/StarterContent/Materials/Materials/M_Shelving.M_Shelving for platform PCD3D_SM5, Default Material will be used in game.
[2014.12.15-01.38.54:099][577]LogMaterial:Warning: 	(Node TextureSample) TextureSample> Missing input texture
[2014.12.15-01.38.54:178][577]LogWorld: Game class is 'MyGame_C'
[2014.12.15-01.38.54:182][577]LogAIModule: Creating AISystem for world LivingRoom
[2014.12.15-01.38.54:197][577]LogPhysics:Warning: AddConvexElemsToRigidActor: ConvexElem is missing ConvexMesh (11: /Game/Character/newcatcauseoldcatsucks.newcatcauseoldcatsucks:BodySetup_3)
[2014.12.15-01.38.54:201][577]LogWorld: Bringing World /Game/Maps/LivingRoom.LivingRoom up for play (max tick rate 0) at 2014.12.14-17.38.54
[2014.12.15-01.38.54:204][577]LogWorld: Bringing up level for play took: 0.022067
[2014.12.15-01.42.17:184][  2]Closing by request
[2014.12.15-01.42.17:184][  2]LogWindows: FPlatformMisc::RequestExit(0)
[2014.12.15-01.42.17:266][  3]LogExit: Preparing to exit.
[2014.12.15-01.42.17:387][  3]LogExit: Game engine shut down
[2014.12.15-01.42.17:393][  3]LogParticles: Destroying 0 GPU particle simulations for FXSystem 0x0000000010DB7880
[2014.12.15-01.42.17:433][  3]LogExit: Object subsystem successfully closed.
[2014.12.15-01.42.17:476][  3]LogModuleManager: Shutting down and abandoning module AndroidDeviceDetection (102)
[2014.12.15-01.42.17:476][  3]LogModuleManager: Shutting down and abandoning module AutomationWorker (101)
[2014.12.15-01.42.17:476][  3]LogModuleManager: Shutting down and abandoning module CharacterAI (100)
[2014.12.15-01.42.17:476][  3]LogModuleManager: Shutting down and abandoning module AITestSuite (99)
[2014.12.15-01.42.17:476][  3]LogModuleManager: Shutting down and abandoning module AIModule (98)
[2014.12.15-01.42.17:476][  3]LogModuleManager: Shutting down and abandoning module GameLiveStreaming (97)
[2014.12.15-01.42.17:476][  3]LogModuleManager: Shutting down and abandoning module StreamingPauseRendering (96)
[2014.12.15-01.42.17:476][  3]LogModuleManager: Shutting down and abandoning module HTTP (95)
[2014.12.15-01.42.17:476][  3]LogModuleManager: Shutting down and abandoning module AnalyticsET (94)
[2014.12.15-01.42.17:476][  3]LogModuleManager: Shutting down and abandoning module Analytics (93)
[2014.12.15-01.42.17:477][  3]LogModuleManager: Shutting down and abandoning module ProfilerService (92)
[2014.12.15-01.42.17:515][  3]LogModuleManager: Shutting down and abandoning module TaskGraph (91)
[2014.12.15-01.42.17:515][  3]LogModuleManager: Shutting down and abandoning module GameplayDebugger (90)
[2014.12.15-01.42.17:515][  3]LogModuleManager: Shutting down and abandoning module SlateRemote (89)
[2014.12.15-01.42.17:515][  3]LogModuleManager: Shutting down and abandoning module CustomMeshComponent (88)
[2014.12.15-01.42.17:515][  3]LogModuleManager: Shutting down and abandoning module CableComponent (87)
[2014.12.15-01.42.17:515][  3]LogModuleManager: Shutting down and abandoning module DesktopPlatform (86)
[2014.12.15-01.42.17:515][  3]LogModuleManager: Shutting down and abandoning module DirectoryWatcher (85)
[2014.12.15-01.42.17:515][  3]LogModuleManager: Shutting down and abandoning module HotReload (84)
[2014.12.15-01.42.17:515][  3]LogModuleManager: Shutting down and abandoning module VisualStudioSourceCodeAccess (83)
[2014.12.15-01.42.17:515][  3]LogModuleManager: Shutting down and abandoning module UObjectPlugin (82)
[2014.12.15-01.42.17:515][  3]LogModuleManager: Shutting down and abandoning module SubversionSourceControl (81)
[2014.12.15-01.42.17:515][  3]LogModuleManager: Shutting down and abandoning module SourceControl (80)
[2014.12.15-01.42.17:515][  3]LogModuleManager: Shutting down and abandoning module PerforceSourceControl (79)
[2014.12.15-01.42.17:515][  3]LogModuleManager: Shutting down and abandoning module BlankPlugin (78)
[2014.12.15-01.42.17:515][  3]LogModuleManager: Shutting down and abandoning module ScriptPlugin (77)
[2014.12.15-01.42.17:515][  3]LogModuleManager: Shutting down and abandoning module UdpMessaging (76)
[2014.12.15-01.42.17:515][  3]LogModuleManager: Shutting down and abandoning module Paper2D (75)
[2014.12.15-01.42.17:515][  3]LogModuleManager: Shutting down and abandoning module UE4Game (74)
[2014.12.15-01.42.17:515][  3]LogModuleManager: Shutting down and abandoning module WindowsMoviePlayer (73)
[2014.12.15-01.42.17:519][  3]LogModuleManager: Shutting down and abandoning module Media (72)
[2014.12.15-01.42.17:519][  3]LogModuleManager: Shutting down and abandoning module WmfMedia (71)
[2014.12.15-01.42.17:520][  3]LogModuleManager: Shutting down and abandoning module OnlineBlueprintSupport (70)
[2014.12.15-01.42.17:520][  3]LogModuleManager: Shutting down and abandoning module PropertyEditor (69)
[2014.12.15-01.42.17:520][  3]LogModuleManager: Shutting down and abandoning module BehaviorTreeEditor (68)
[2014.12.15-01.42.17:520][  3]LogModuleManager: Shutting down and abandoning module FunctionalTesting (67)
[2014.12.15-01.42.17:520][  3]LogModuleManager: Shutting down and abandoning module CollisionAnalyzer (66)
[2014.12.15-01.42.17:520][  3]LogModuleManager: Shutting down and abandoning module WorkspaceMenuStructure (65)
[2014.12.15-01.42.17:520][  3]LogModuleManager: Shutting down and abandoning module MessageLog (64)
[2014.12.15-01.42.17:520][  3]LogModuleManager: Shutting down and abandoning module Sequencer (63)
[2014.12.15-01.42.17:520][  3]LogModuleManager: Shutting down and abandoning module AssetTools (62)
[2014.12.15-01.42.17:520][  3]LogModuleManager: Shutting down and abandoning module UMGEditor (61)
[2014.12.15-01.42.17:520][  3]LogModuleManager: Shutting down and abandoning module UMG (60)
[2014.12.15-01.42.17:520][  3]LogModuleManager: Shutting down and abandoning module Slate (59)
[2014.12.15-01.42.17:520][  3]LogModuleManager: Shutting down and abandoning module EditorStyle (58)
[2014.12.15-01.42.17:526][  3]LogModuleManager: Shutting down and abandoning module SessionServices (57)
[2014.12.15-01.42.17:526][  3]LogModuleManager: Shutting down and abandoning module SourceCodeAccess (56)
[2014.12.15-01.42.17:526][  3]LogModuleManager: Shutting down and abandoning module HeadMountedDisplay (55)
[2014.12.15-01.42.17:526][  3]LogModuleManager: Shutting down and abandoning module XAudio2 (54)
[2014.12.15-01.42.17:526][  3]LogModuleManager: Shutting down and abandoning module Networking (52)
[2014.12.15-01.42.17:526][  3]LogModuleManager: Shutting down and abandoning module Core (51)
[2014.12.15-01.42.17:526][  3]LogModuleManager: Shutting down and abandoning module KismetCompiler (50)
[2014.12.15-01.42.17:526][  3]LogModuleManager: Shutting down and abandoning module PhysXFormats (49)
[2014.12.15-01.42.17:526][  3]LogModuleManager: Shutting down and abandoning module MeshUtilities (48)
[2014.12.15-01.42.17:526][  3]LogModuleManager: Shutting down and abandoning module DerivedDataCache (47)
[2014.12.15-01.42.17:542][  3]LogDerivedDataCache: Shutdown
[2014.12.15-01.42.17:542][  3]LogModuleManager: Shutting down and abandoning module ShaderFormatOpenGL (46)
[2014.12.15-01.42.17:542][  3]LogModuleManager: Shutting down and abandoning module ShaderFormatD3D (45)
[2014.12.15-01.42.17:542][  3]LogModuleManager: Shutting down and abandoning module MetalShaderFormat (44)
[2014.12.15-01.42.17:542][  3]LogModuleManager: Shutting down and abandoning module TextureFormatUncompressed (43)
[2014.12.15-01.42.17:542][  3]LogModuleManager: Shutting down and abandoning module TextureFormatPVR (42)
[2014.12.15-01.42.17:542][  3]LogModuleManager: Shutting down and abandoning module TextureFormatDXT (41)
[2014.12.15-01.42.17:542][  3]LogModuleManager: Shutting down and abandoning module TextureFormatAndroid (40)
[2014.12.15-01.42.17:542][  3]LogModuleManager: Shutting down and abandoning module AudioFormatOpus (39)
[2014.12.15-01.42.17:542][  3]LogModuleManager: Shutting down and abandoning module AudioFormatOgg (38)
[2014.12.15-01.42.17:542][  3]LogModuleManager: Shutting down and abandoning module AudioFormatADPCM (37)
[2014.12.15-01.42.17:542][  3]LogModuleManager: Shutting down and abandoning module LinuxTargetPlatform (36)
[2014.12.15-01.42.17:542][  3]LogModuleManager: Shutting down and abandoning module LinuxServerTargetPlatform (35)
[2014.12.15-01.42.17:542][  3]LogModuleManager: Shutting down and abandoning module LinuxNoEditorTargetPlatform (34)
[2014.12.15-01.42.17:542][  3]LogModuleManager: Shutting down and abandoning module Messaging (33)
[2014.12.15-01.42.17:542][  3]LogModuleManager: Shutting down and abandoning module IOSTargetPlatform (32)
[2014.12.15-01.42.17:542][  3]LogModuleManager: Shutting down and abandoning module Android_PVRTCTargetPlatform (31)
[2014.12.15-01.42.17:542][  3]LogModuleManager: Shutting down and abandoning module Android_ETC2TargetPlatform (30)
[2014.12.15-01.42.17:542][  3]LogModuleManager: Shutting down and abandoning module Android_ETC1TargetPlatform (29)
[2014.12.15-01.42.17:542][  3]LogModuleManager: Shutting down and abandoning module Android_DXTTargetPlatform (28)
[2014.12.15-01.42.17:542][  3]LogModuleManager: Shutting down and abandoning module Android_ATCTargetPlatform (27)
[2014.12.15-01.42.17:542][  3]LogModuleManager: Shutting down and abandoning module AndroidTargetPlatform (26)
[2014.12.15-01.42.17:542][  3]LogModuleManager: Shutting down and abandoning module WindowsTargetPlatform (25)
[2014.12.15-01.42.17:542][  3]LogModuleManager: Shutting down and abandoning module WindowsServerTargetPlatform (24)
[2014.12.15-01.42.17:542][  3]LogModuleManager: Shutting down and abandoning module WindowsNoEditorTargetPlatform (23)
[2014.12.15-01.42.17:542][  3]LogModuleManager: Shutting down and abandoning module WindowsClientTargetPlatform (22)
[2014.12.15-01.42.17:542][  3]LogModuleManager: Shutting down and abandoning module TargetPlatform (21)
[2014.12.15-01.42.17:542][  3]LogModuleManager: Shutting down and abandoning module InputCore (20)
[2014.12.15-01.42.17:542][  3]LogModuleManager: Shutting down and abandoning module Settings (19)
[2014.12.15-01.42.17:542][  3]LogModuleManager: Shutting down and abandoning module ImageWrapper (18)
[2014.12.15-01.42.17:542][  3]LogModuleManager: Shutting down and abandoning module OculusRift (15)
[2014.12.15-01.42.17:542][  3]LogModuleManager: Shutting down and abandoning module ExampleDeviceProfileSelector (14)
[2014.12.15-01.42.17:542][  3]LogModuleManager: Shutting down and abandoning module TextureCompressor (13)
[2014.12.15-01.42.17:542][  3]LogModuleManager: Shutting down and abandoning module ShaderCore (12)
[2014.12.15-01.42.17:542][  3]LogModuleManager: Shutting down and abandoning module Landscape (11)
[2014.12.15-01.42.17:542][  3]LogModuleManager: Shutting down and abandoning module SlateRHIRenderer (10)
[2014.12.15-01.42.17:543][  3]LogModuleManager: Shutting down and abandoning module OpenGLDrv (9)
[2014.12.15-01.42.17:543][  3]LogModuleManager: Shutting down and abandoning module D3D11RHI (8)
[2014.12.15-01.42.17:543][  3]LogModuleManager: Shutting down and abandoning module Renderer (7)
[2014.12.15-01.42.17:543][  3]LogModuleManager: Shutting down and abandoning module Engine (6)
[2014.12.15-01.42.17:543][  3]LogModuleManager: Shutting down and abandoning module CoreUObject (5)
[2014.12.15-01.42.17:543][  3]LogModuleManager: Shutting down and abandoning module NetworkFile (4)
[2014.12.15-01.42.17:543][  3]LogModuleManager: Shutting down and abandoning module StreamingFile (3)
[2014.12.15-01.42.17:543][  3]LogModuleManager: Shutting down and abandoning module SandboxFile (2)
[2014.12.15-01.42.17:543][  3]LogModuleManager: Shutting down and abandoning module PakFile (1)
[2014.12.15-01.42.17:544][  3]LogExit: Exiting.
[2014.12.15-01.42.17:546][  3]Log file closed, 12/14/14 17:42:17
