Log file open, 12/12/14 14:41:20
LogInit:Display: Running engine for game: Trial_third_person
LogInit: Version: 4.6.0-2369412+++depot+UE4-Releases+4.6
LogInit: API Version: 2369412
LogInit: Compiled (64-bit): Nov 24 2014 21:54:04
LogInit: Compiled with Visual C++: 18.00.21005.01
LogInit: Build Configuration: Development
LogInit: Branch Name: ++depot+UE4-Releases+4.6
LogInit: Command line:  
LogInit: Base directory: D:/Epic Games/4.6/Engine/Binaries/Win64/
LogInit: Rocket: 1
[2014.12.12-22.41.20:275][  0]LogTaskGraph: Started task graph with 3 named threads and 4 total threads.
[2014.12.12-22.41.20:308][  0]LogOnline:Warning: No default platform service specified for OnlineSubsystem
[2014.12.12-22.41.20:361][  0]LogInit: Presizing for 0 objects not considered by GC, pre-allocating 0 bytes.
[2014.12.12-22.41.20:377][  0]LogInit: Object subsystem initialized
[2014.12.12-22.41.20:393][  0]LogConsoleResponse:Warning: Skipping Unknown console variable: 'UIScaleCurve = (EditorCurveData=(Keys=((Time=480.000000,Value=0.444000),(Time=720.000000,Value=0.666000),(Time=1080.000000,Value=1.000000),(Time=8640.000000,Value=8.000000))),ExternalCurve=None)'
[2014.12.12-22.41.20:393][  0]LogConsoleResponse:Warning:   Found in ini file 'D:/Study-Session/Trial_third_person 4.6/Saved/Config/Windows/Engine.ini', in section '[/Script/Engine.RendererSettings]'
[2014.12.12-22.41.20:399][  0]LogConsoleManager:Warning: Console variable 'r.MSAA.CompositingSampleCount' wasn't set (Priority ProjectSetting < Scalability)
[2014.12.12-22.41.20:400][  0]LogInit: Selected Device Profile: [Windows]
[2014.12.12-22.41.20:400][  0]LogInit: Applying CVar settings loaded from the selected device profile: [Windows]
[2014.12.12-22.41.20:409][  0]LogInit: Computer: ZEN-MATT
[2014.12.12-22.41.20:409][  0]LogInit: User: Matt
[2014.12.12-22.41.20:409][  0]LogInit: CPU Page size=4096, Cores=2
[2014.12.12-22.41.20:409][  0]LogInit: High frequency timer resolution =2.338564 MHz
[2014.12.12-22.41.20:410][  0]LogMemory: Memory total: Physical=3.9GB (4GB approx) Virtual=8192.0GB
[2014.12.12-22.41.20:410][  0]LogMemory: Platform Memory Stats for Windows
[2014.12.12-22.41.20:410][  0]LogMemory: Process Physical Memory: 49.91 MB used, 49.91 MB peak
[2014.12.12-22.41.20:410][  0]LogMemory: Process Virtual Memory: 25.63 MB used, 25.63 MB peak
[2014.12.12-22.41.20:410][  0]LogMemory: Physical Memory: 2745.34 MB used, 3981.98 MB total
[2014.12.12-22.41.20:410][  0]LogMemory: Virtual Memory: 265.36 MB used, 8388608.00 MB total
[2014.12.12-22.41.20:490][  0]LogD3D11RHI: Found D3D11 adapter 0: Intel(R) HD Graphics 4000 (Feature Level 11_0)
[2014.12.12-22.41.20:490][  0]LogD3D11RHI: Adapter has 64MB of dedicated video memory, 0MB of dedicated system memory, and 1632MB of shared system memory, 1 output[s]
[2014.12.12-22.41.20:490][  0]LogD3D11RHI: Chosen D3D11 Adapter Id = 0
[2014.12.12-22.41.20:496][  0]LogRHI: Texture pool is 616 MB (70% of 880 MB)
[2014.12.12-22.41.20:512][  0]LogD3D11RHI: Async texture creation enabled
[2014.12.12-22.41.20:762][  0]LogTextLocalizationManager: The requested culture ('en_US') has no localization data; parent culture's ('en') localization data will be used.
[2014.12.12-22.41.20:950][  0]LogContentStreaming: Texture pool size is 0.000000MB
[2014.12.12-22.41.28:809][  0]LogTargetPlatformManager:Display: Building Assets For Windows
[2014.12.12-22.41.29:570][  0]LogTargetPlatformManager:Display: Building Assets For Windows
[2014.12.12-22.41.29:655][  0]LogDerivedDataCache:Display: Max Cache Size: 512 MB
[2014.12.12-22.41.29:656][  0]LogDerivedDataCache:Warning: Could not find memory cache C:/Users/Matt/AppData/Local/UnrealEngine/4.6/DerivedDataCache/Boot.ddc.
[2014.12.12-22.41.29:656][  0]LogDerivedDataCache:Warning: Could not load Boot cache: C:/Users/Matt/AppData/Local/UnrealEngine/4.6/DerivedDataCache/Boot.ddc
[2014.12.12-22.41.29:656][  0]LogDerivedDataCache: FDerivedDataBackendGraph:  Pak pak cache file ../../../../../Study-Session/Trial_third_person 4.6/DerivedDataCache/DDC.ddp not found, will not use a pak cache.
[2014.12.12-22.41.29:656][  0]LogDerivedDataCache: Unable to find inner node Pak for hierarchical cache Hierarchy.
[2014.12.12-22.41.29:752][  0]LogDerivedDataCache:Display: Pak cache opened for reading ../../../Engine/DerivedDataCache/DDC.ddp.
[2014.12.12-22.41.29:765][  0]LogDerivedDataCache: Using Local data cache path C:/Users/Matt/AppData/Local/UnrealEngine/Common/DerivedDataCache: Writable
[2014.12.12-22.41.30:399][  0]LogCollisionProfile:Warning: Profile (UI) - Custom Channel Name = 'Weapon' hasn't been found
[2014.12.12-22.41.30:686][  0]LogMeshUtilities: No automatic mesh reduction module available
[2014.12.12-22.41.30:686][  0]LogMeshUtilities: No automatic mesh merging module available
[2014.12.12-22.41.31:594][  0]LogInit: WinSock: version 1.1 (2.2), MaxSocks=32767, MaxUdp=65467
[2014.12.12-22.41.31:713][  0]LogSlate:Warning: Failed to load font data from '../../../Engine/Content/Slate/Fonts/Roboto-Italic.ttf'
[2014.12.12-22.41.34:280][  0]UdpMessaging: Initializing bridge on interface 0.0.0.0:0 to multicast group 230.0.0.1:6666.
[2014.12.12-22.41.34:600][  0]LogDirectoryWatcher:Warning: Failed to begin reading directory changes for D:/Study-Session/Trial_third_person 4.6/Binaries/Win64. Error: 0
[2014.12.12-22.41.34:889][  0]SourceControl: Info Source control is disabled
[2014.12.12-22.41.34:889][  0]SourceControl: Info Source control is disabled
[2014.12.12-22.41.34:901][  0]SourceControl: Info Source control is disabled
[2014.12.12-22.41.35:161][  0]LogObj: 23754 objects as part of root set at end of initial load.
[2014.12.12-22.41.35:161][  0]LogUObjectAllocator: 5168128 out of 0 bytes used by permanent object pool.
[2014.12.12-22.41.35:274][  0]LogEngine: Initializing Engine...
[2014.12.12-22.41.35:574][  0]LogInit: XAudio2 using 'Speakers (Realtek High Definition Audio)' : 2 channels at 48 kHz using 32 bits per sample (channel mask 0x3)
[2014.12.12-22.41.35:619][  0]LogInit: FAudioDevice initialized.
[2014.12.12-22.41.35:692][  0]LogAIModule: Creating AISystem for world NewWorld
[2014.12.12-22.41.35:723][  0]LogDerivedDataCache: Saved boot cache 0.02s 39MB C:/Users/Matt/AppData/Local/UnrealEngine/4.6/DerivedDataCache/Boot.ddc.
[2014.12.12-22.41.35:727][  0]LogInit: Texture streaming: Enabled
[2014.12.12-22.41.35:777][  0]LogAnalytics: Creating configured Analytics provider AnalyticsET
[2014.12.12-22.41.35:777][  0]LogAnalytics: ET APIKey = Rocket.Release. APIServer = http://et2.epicgames.com/ET2/. AppVersion = 4.6.0-2369412+++depot+UE4-Releases+4.6
[2014.12.12-22.41.35:778][  0]LogAnalytics: SetUserId b937dce5ae765bb63e01423e2a49fda4
[2014.12.12-22.41.35:778][  0]LogAnalytics: AnalyticsET::StartSession [Rocket.Release]
[2014.12.12-22.41.35:801][  0]LogInit: Transaction tracking system initialized
[2014.12.12-22.41.35:973][  0]BlueprintLog: New page: Editor Load
[2014.12.12-22.41.36:033][  0]LogAssetRegistry: FAssetRegistry took 0.0123 seconds to start up
[2014.12.12-22.41.36:034][  0]LogDirectoryWatcher:Warning: Failed to begin reading directory changes for ../../../Engine/Plugins/Experimental/CharacterAI/Content/. Error: 0
[2014.12.12-22.41.37:213][  0]LogTargetPlatformManager:Display: Building Assets For Windows
[2014.12.12-22.41.37:922][  0]LogTargetPlatformManager:Display: Building Assets For Windows
[2014.12.12-22.41.38:652][  0]LogConsoleResponse:Display: 
[2014.12.12-22.41.38:740][  0]LogLinker:Warning: Asset '../../../Engine/Content/Functions/Engine_MaterialFunctions03/Procedurals/ComputeFilterWidth.uasset' has been saved with empty engine version. The asset will be loaded but may be incompatible.
[2014.12.12-22.41.39:153][  0]SourceControl: Info Source control is disabled
[2014.12.12-22.41.39:157][  0]Cmd: MAP LOAD FILE="../../../../../Study-Session/Trial_third_person 4.6/Content/Maps/Example_Map.umap" TEMPLATE=0 SHOWPROGRESS=1
[2014.12.12-22.41.39:158][  0]LightingResults: New page: Lighting Build
[2014.12.12-22.41.39:190][  0]MapCheck: New page: Map Check
[2014.12.12-22.41.39:190][  0]LightingResults: New page: Lighting Build
[2014.12.12-22.41.39:226][  0]LogParticles: Destroying 0 GPU particle simulations for FXSystem 0x000000001C5D5940
[2014.12.12-22.41.39:849][  0]LogBlueprint:Error: [compiler] Error Binding: property ' PercentDelegate ' on widget ' HUD_Health ' needs to be bound to a pure function, ' Get_HUD_Health_Percent_0 ' is not pure.
[2014.12.12-22.41.39:849][  0]LogBlueprint:Error: [compiler] Error Binding: property ' PercentDelegate ' on widget ' HUD_Energy ' needs to be bound to a pure function, ' Get_HUD_Energy_Percent_0 ' is not pure.
[2014.12.12-22.41.39:852][  0]LogBlueprint:Warning: [compiler] Warning [0022.66] Compile of GameHUD failed. 2 Fatal Issue(s) 0 Warning(s) [in 5 ms]
[2014.12.12-22.41.40:769][  0]LogEditorServer: Finished looking for orphan Actors (0.000 secs)
[2014.12.12-22.41.40:772][  0]LogAIModule: Creating AISystem for world Example_Map
[2014.12.12-22.41.40:775][  0]Cmd: MAP CHECKDEP
[2014.12.12-22.41.40:775][  0]MapCheck: New page: Example_Map - Dec 12, 2014, 6:41:40 AM
[2014.12.12-22.41.40:910][  0]MapCheck: Info Map check complete: 0 Error(s), 0 Warning(s), took 135.497ms to complete.
[2014.12.12-22.41.40:910][  0]LogFileHelpers: Loading map 'Example_Map' took 1.755
[2014.12.12-22.41.41:084][  0]LogCollectionManager: Loaded 0 collections in 0.002741 seconds
[2014.12.12-22.41.41:423][  0]LogCrashTracker: Crashtracker disabled due to settings.
[2014.12.12-22.41.41:492][  0]LogLoad: Full Startup: 24.30 seconds (BP compile: 0.40 seconds)
[2014.12.12-22.41.41:840][  0]LogContentBrowser:Verbose: The content browser source was changed by the sources view to '/Game/StarterContent/Mesh'
[2014.12.12-22.41.42:043][  0]LogPackageName: SearchForPackageOnDisk took   0.134s to resolve LevelEditor.TutorialLaunchButton
[2014.12.12-22.41.42:043][  0]LogUObjectGlobals:Warning: LoadPackage can't find package LevelEditor.TutorialLaunchButton.
[2014.12.12-22.41.42:158][  0]LogPackageName: SearchForPackageOnDisk took   0.115s to resolve 
[2014.12.12-22.41.42:158][  0]LogUObjectGlobals:Warning: LoadPackage can't find package .
[2014.12.12-22.41.42:289][  0]LogRenderer:Warning: Reallocating scene render targets to support 1024x896.
[2014.12.12-22.41.44:988][  5]LogAssetRegistry: Asset discovery search completed in 8.9674 seconds
[2014.12.12-22.42.27:031][515]LogConsoleManager:Warning: Console variable 'r.MSAA.CompositingSampleCount' wasn't set (Priority ProjectSetting < Scalability)
[2014.12.12-22.42.27:031][515]LogConsoleManager:Warning: Console variable 'r.Streaming.PoolSize' wasn't set (Priority Code < Scalability)
[2014.12.12-22.42.27:032][515]LogConsoleManager:Warning: Console variable 'r.MaterialQualityLevel' wasn't set (Priority Console < Scalability)
[2014.12.12-22.42.28:782][599]LogConsoleManager:Warning: Console variable 'r.MSAA.CompositingSampleCount' wasn't set (Priority ProjectSetting < Scalability)
[2014.12.12-22.42.28:783][599]LogConsoleManager:Warning: Console variable 'r.Streaming.PoolSize' wasn't set (Priority Code < Scalability)
[2014.12.12-22.42.28:783][599]LogConsoleManager:Warning: Console variable 'r.MaterialQualityLevel' wasn't set (Priority Console < Scalability)
[2014.12.12-22.42.30:687][678]LogConsoleManager:Warning: Console variable 'r.MSAA.CompositingSampleCount' wasn't set (Priority ProjectSetting < Scalability)
[2014.12.12-22.42.30:688][678]LogConsoleManager:Warning: Console variable 'r.Streaming.PoolSize' wasn't set (Priority Code < Scalability)
[2014.12.12-22.42.30:688][678]LogConsoleManager:Warning: Console variable 'r.MaterialQualityLevel' wasn't set (Priority Console < Scalability)
[2014.12.12-22.42.30:752][680]LogRenderer:Warning: Reallocating scene render targets to support 1024x896.
[2014.12.12-22.42.35:833][913]LogEditorViewport: Clicking on Actor (LMB): BP_Sky_Sphere_C (SkySphereBlueprint)
[2014.12.12-22.42.37:605][939]Cmd: OBJ SAVEPACKAGE PACKAGE="/Game/Maps/Example_Map" FILE="../../../../../Study-Session/Trial_third_person 4.6/Content/Maps/Example_Map.umap" SILENT=true AUTOSAVING=false KEEPDIRTY=false
[2014.12.12-22.42.38:160][939]LogSavePackage: Save=507.352386ms
[2014.12.12-22.42.38:160][939]LogSavePackage: Moving '../../../../../Study-Session/Trial_third_person 4.6/Saved/Example_Map2297749D40A7B245D9ADF6AE6F82E45F.tmp' to '../../../../../Study-Session/Trial_third_person 4.6/Content/Maps/Example_Map.umap'
[2014.12.12-22.42.38:203][939]LogFileHelpers: Saving map 'Example_Map' took 0.738
[2014.12.12-22.42.46:029][ 64]LogPackageName: SearchForPackageOnDisk took   0.186s to resolve LevelEditor.TutorialLaunchButton
[2014.12.12-22.42.46:029][ 64]LogUObjectGlobals:Warning: LoadPackage can't find package LevelEditor.TutorialLaunchButton.
[2014.12.12-22.42.46:211][ 64]LogPackageName: SearchForPackageOnDisk took   0.182s to resolve 
[2014.12.12-22.42.46:211][ 64]LogUObjectGlobals:Warning: LoadPackage can't find package .
[2014.12.12-22.42.48:912][108]Cmd: MAP LOAD FILE="../../../../../Study-Session/Trial_third_person 4.6/Content/Maps/FinalLevel.umap" TEMPLATE=0 SHOWPROGRESS=1
[2014.12.12-22.42.48:968][108]LightingResults: New page: Lighting Build
[2014.12.12-22.42.49:036][108]LoadErrors: New page: Loading map: FinalLevel.umap
[2014.12.12-22.42.49:039][108]MapCheck: New page: Map Check
[2014.12.12-22.42.49:039][108]LightingResults: New page: Lighting Build
[2014.12.12-22.42.49:087][108]LogParticles: Destroying 0 GPU particle simulations for FXSystem 0x0000000015A5CA40
[2014.12.12-22.42.50:677][108]LogMaterial: Missing cached shader map for material Maw_Mat, compiling.
[2014.12.12-22.42.51:110][108]LogEditorServer: Finished looking for orphan Actors (0.000 secs)
[2014.12.12-22.42.51:110][108]LogAIModule: Creating AISystem for world FinalLevel
[2014.12.12-22.42.51:263][108]Cmd: MAP CHECKDEP
[2014.12.12-22.42.51:264][108]MapCheck: New page: FinalLevel - Dec 12, 2014, 6:42:51 AM
[2014.12.12-22.42.51:513][108]MapCheck: Info Map check complete: 0 Error(s), 0 Warning(s), took 249.245ms to complete.
[2014.12.12-22.42.51:513][108]LogFileHelpers: Loading map 'FinalLevel' took 2.609
[2014.12.12-22.43.56:285][  8]LogContentBrowser:Verbose: The content browser source was changed by the sources view to '/Game/Blueprints'
[2014.12.12-22.43.58:182][ 33]LogEditorViewport: Clicking on Actor (context menu): Mixamo_Maw_C (Mixamo_Maw)
[2014.12.12-22.43.58:251][ 33]LogPropertyNode:Warning: UI Min (0.001) >= UI Max () for Ranged Numeric
[2014.12.12-22.43.58:262][ 33]LogPropertyNode:Warning: UI Min (0.001) >= UI Max () for Ranged Numeric
[2014.12.12-22.44.01:642][ 96]LogPropertyNode:Warning: UI Min (0.001) >= UI Max () for Ranged Numeric
[2014.12.12-22.44.01:644][ 96]LogPropertyNode:Warning: UI Min (0.001) >= UI Max () for Ranged Numeric
[2014.12.12-22.44.01:748][ 96]LogPropertyNode:Warning: UI Min (0.001) >= UI Max () for Ranged Numeric
[2014.12.12-22.44.01:749][ 96]LogPropertyNode:Warning: UI Min (0.001) >= UI Max () for Ranged Numeric
[2014.12.12-22.44.01:811][ 96]LogPropertyNode:Warning: UI Min (0.001) >= UI Max () for Ranged Numeric
[2014.12.12-22.44.01:812][ 96]LogPropertyNode:Warning: UI Min (0.001) >= UI Max () for Ranged Numeric
[2014.12.12-22.44.02:043][ 96]LogPackageName: SearchForPackageOnDisk took   0.180s to resolve LevelEditor.TutorialLaunchButton
[2014.12.12-22.44.02:043][ 96]LogUObjectGlobals:Warning: LoadPackage can't find package LevelEditor.TutorialLaunchButton.
[2014.12.12-22.44.02:183][ 96]LogPackageName: SearchForPackageOnDisk took   0.140s to resolve 
[2014.12.12-22.44.02:183][ 96]LogUObjectGlobals:Warning: LoadPackage can't find package .
[2014.12.12-22.44.18:882][906]LogActorComponent: UnregisterComponent: (/Engine/Transient.CharacterMovementComponent_0) Not registered. Aborting.
[2014.12.12-22.44.18:882][906]LogActorComponent: UnregisterComponent: (/Engine/Transient.ProjectileMovementComponent_0) Not registered. Aborting.
[2014.12.12-22.44.18:882][906]LogActorComponent: UnregisterComponent: (/Engine/Transient.CharacterMovementComponent_1) Not registered. Aborting.
[2014.12.12-22.44.18:882][906]LogActorComponent: UnregisterComponent: (/Engine/Transient.PawnSensingComponent_0) Not registered. Aborting.
[2014.12.12-22.44.20:051][907]Cmd: QUIT_EDITOR
[2014.12.12-22.44.21:080][907]LogExit: Preparing to exit.
[2014.12.12-22.44.21:443][907]LogExit: Editor shut down
[2014.12.12-22.44.21:443][907]LogExit: Transaction tracking system shut down
[2014.12.12-22.44.21:444][907]LogParticles: Destroying 0 GPU particle simulations for FXSystem 0x000000000FEE2200
[2014.12.12-22.44.21:445][907]LogParticles: Destroying 0 GPU particle simulations for FXSystem 0x0000000020032980
[2014.12.12-22.44.21:446][907]LogParticles: Destroying 0 GPU particle simulations for FXSystem 0x00000000190ACAE0
[2014.12.12-22.44.21:582][907]LogParticles: Destroying 0 GPU particle simulations for FXSystem 0x000000000FEE2480
[2014.12.12-22.44.21:582][907]LogParticles: Destroying 0 GPU particle simulations for FXSystem 0x000000000FEE37E0
[2014.12.12-22.44.21:582][907]LogParticles: Destroying 0 GPU particle simulations for FXSystem 0x000000002DAC8E00
[2014.12.12-22.44.21:582][907]LogExit: Object subsystem successfully closed.
[2014.12.12-22.44.21:699][907]LogModuleManager: Shutting down and abandoning module AndroidDeviceDetection (172)
[2014.12.12-22.44.21:699][907]LogModuleManager: Shutting down and abandoning module CrashTracker (171)
[2014.12.12-22.44.21:699][907]LogModuleManager: Shutting down and abandoning module SuperSearch (170)
[2014.12.12-22.44.21:699][907]LogModuleManager: Shutting down and abandoning module SceneOutliner (169)
[2014.12.12-22.44.21:699][907]LogModuleManager: Shutting down and abandoning module EditorWidgets (168)
[2014.12.12-22.44.21:699][907]LogModuleManager: Shutting down and abandoning module CollectionManager (167)
[2014.12.12-22.44.21:699][907]LogModuleManager: Shutting down and abandoning module StatsViewer (166)
[2014.12.12-22.44.21:702][907]LogModuleManager: Shutting down and abandoning module FoliageEdit (165)
[2014.12.12-22.44.21:702][907]LogModuleManager: Shutting down and abandoning module LandscapeEditor (164)
[2014.12.12-22.44.21:702][907]LogModuleManager: Shutting down and abandoning module MeshPaint (163)
[2014.12.12-22.44.21:702][907]LogModuleManager: Shutting down and abandoning module ActorPickerMode (162)
[2014.12.12-22.44.21:702][907]LogModuleManager: Shutting down and abandoning module GeometryMode (161)
[2014.12.12-22.44.21:702][907]LogModuleManager: Shutting down and abandoning module TextureAlignMode (160)
[2014.12.12-22.44.21:702][907]LogModuleManager: Shutting down and abandoning module BspMode (159)
[2014.12.12-22.44.21:702][907]LogModuleManager: Shutting down and abandoning module PlacementMode (158)
[2014.12.12-22.44.21:702][907]LogModuleManager: Shutting down and abandoning module AutomationWorker (157)
[2014.12.12-22.44.21:702][907]LogModuleManager: Shutting down and abandoning module CharacterAI (156)
[2014.12.12-22.44.21:702][907]LogModuleManager: Shutting down and abandoning module GameProjectGeneration (155)
[2014.12.12-22.44.21:703][907]LogModuleManager: Shutting down and abandoning module IntroTutorials (154)
[2014.12.12-22.44.21:704][907]LogModuleManager: Shutting down and abandoning module EditorLiveStreaming (153)
[2014.12.12-22.44.21:704][907]LogModuleManager: Shutting down and abandoning module HardwareTargeting (152)
[2014.12.12-22.44.21:704][907]LogModuleManager: Shutting down and abandoning module DeviceProfileEditor (151)
[2014.12.12-22.44.21:704][907]LogModuleManager: Shutting down and abandoning module UndoHistory (150)
[2014.12.12-22.44.21:704][907]LogModuleManager: Shutting down and abandoning module GameplayTagsEditor (149)
[2014.12.12-22.44.21:704][907]LogModuleManager: Shutting down and abandoning module UserFeedback (148)
[2014.12.12-22.44.21:705][907]LogModuleManager: Shutting down and abandoning module XmlParser (147)
[2014.12.12-22.44.21:705][907]LogModuleManager: Shutting down and abandoning module Blutility (146)
[2014.12.12-22.44.21:705][907]LogModuleManager: Shutting down and abandoning module IOSPlatformEditor (145)
[2014.12.12-22.44.21:705][907]LogModuleManager: Shutting down and abandoning module IOSRuntimeSettings (144)
[2014.12.12-22.44.21:705][907]LogModuleManager: Shutting down and abandoning module AndroidPlatformEditor (143)
[2014.12.12-22.44.21:705][907]LogModuleManager: Shutting down and abandoning module AndroidRuntimeSettings (142)
[2014.12.12-22.44.21:705][907]LogModuleManager: Shutting down and abandoning module ProjectTargetPlatformEditor (141)
[2014.12.12-22.44.21:705][907]LogModuleManager: Shutting down and abandoning module ProjectSettingsViewer (140)
[2014.12.12-22.44.21:705][907]LogModuleManager: Shutting down and abandoning module InputBindingEditor (139)
[2014.12.12-22.44.21:706][907]LogModuleManager: Shutting down and abandoning module EditorSettingsViewer (138)
[2014.12.12-22.44.21:706][907]LogModuleManager: Shutting down and abandoning module SettingsEditor (137)
[2014.12.12-22.44.21:706][907]LogModuleManager: Shutting down and abandoning module ProjectLauncher (136)
[2014.12.12-22.44.21:706][907]LogModuleManager: Shutting down and abandoning module SessionFrontend (135)
[2014.12.12-22.44.21:707][907]LogModuleManager: Shutting down and abandoning module ProfilerClient (134)
[2014.12.12-22.44.21:707][907]LogModuleManager: Shutting down and abandoning module TargetDeviceServices (133)
[2014.12.12-22.44.21:707][907]LogModuleManager: Shutting down and abandoning module DeviceManager (132)
[2014.12.12-22.44.21:707][907]LogModuleManager: Shutting down and abandoning module AutomationController (131)
[2014.12.12-22.44.21:707][907]LogModuleManager: Shutting down and abandoning module AutomationWindow (130)
[2014.12.12-22.44.21:708][907]LogModuleManager: Shutting down and abandoning module Layers (129)
[2014.12.12-22.44.21:708][907]LogModuleManager: Shutting down and abandoning module ComponentVisualizers (128)
[2014.12.12-22.44.21:708][907]LogModuleManager: Shutting down and abandoning module DetailCustomizations (127)
[2014.12.12-22.44.21:708][907]LogModuleManager: Shutting down and abandoning module PackagesDialog (126)
[2014.12.12-22.44.21:708][907]LogModuleManager: Shutting down and abandoning module AssetRegistry (125)
[2014.12.12-22.44.21:814][907]LogModuleManager: Shutting down and abandoning module Persona (124)
[2014.12.12-22.44.21:814][907]LogModuleManager: Shutting down and abandoning module Kismet (123)
[2014.12.12-22.44.21:814][907]LogModuleManager: Shutting down and abandoning module GraphEditor (122)
[2014.12.12-22.44.21:814][907]LogModuleManager: Shutting down and abandoning module ClassViewer (121)
[2014.12.12-22.44.21:814][907]LogModuleManager: Shutting down and abandoning module Toolbox (120)
[2014.12.12-22.44.21:814][907]LogModuleManager: Shutting down and abandoning module ModuleUI (119)
[2014.12.12-22.44.21:814][907]LogModuleManager: Shutting down and abandoning module MovieSceneTools (118)
[2014.12.12-22.44.21:816][907]LogModuleManager: Shutting down and abandoning module OutputLog (117)
[2014.12.12-22.44.21:816][907]LogModuleManager: Shutting down and abandoning module GammaUI (116)
[2014.12.12-22.44.21:816][907]LogModuleManager: Shutting down and abandoning module Documentation (115)
[2014.12.12-22.44.21:816][907]LogModuleManager: Shutting down and abandoning module GameLiveStreaming (114)
[2014.12.12-22.44.21:816][907]LogModuleManager: Shutting down and abandoning module StreamingPauseRendering (113)
[2014.12.12-22.44.21:816][907]LogModuleManager: Shutting down and abandoning module HTTP (112)
[2014.12.12-22.44.21:817][907]LogModuleManager: Shutting down and abandoning module AnalyticsET (111)
[2014.12.12-22.44.21:817][907]LogModuleManager: Shutting down and abandoning module Analytics (110)
[2014.12.12-22.44.21:817][907]LogModuleManager: Shutting down and abandoning module AITestSuite (109)
[2014.12.12-22.44.21:817][907]LogModuleManager: Shutting down and abandoning module AIModule (108)
[2014.12.12-22.44.21:817][907]LogModuleManager: Shutting down and abandoning module ProfilerService (107)
[2014.12.12-22.44.22:003][907]LogModuleManager: Shutting down and abandoning module TaskGraph (106)
[2014.12.12-22.44.22:005][907]LogModuleManager: Shutting down and abandoning module GameplayDebugger (105)
[2014.12.12-22.44.22:005][907]LogModuleManager: Shutting down and abandoning module SlateRemote (104)
[2014.12.12-22.44.22:005][907]LogModuleManager: Shutting down and abandoning module ScriptEditorPlugin (103)
[2014.12.12-22.44.22:005][907]LogModuleManager: Shutting down and abandoning module CustomMeshComponent (102)
[2014.12.12-22.44.22:005][907]LogModuleManager: Shutting down and abandoning module CableComponent (101)
[2014.12.12-22.44.22:005][907]LogModuleManager: Shutting down and abandoning module MessagingDebugger (100)
[2014.12.12-22.44.22:008][907]LogModuleManager: Shutting down and abandoning module MediaPlayerEditor (99)
[2014.12.12-22.44.22:010][907]LogModuleManager: Shutting down and abandoning module SpeedTreeImporter (98)
[2014.12.12-22.44.22:010][907]LogModuleManager: Shutting down and abandoning module PluginsEditor (97)
[2014.12.12-22.44.22:010][907]LogModuleManager: Shutting down and abandoning module EpicSurvey (96)
[2014.12.12-22.44.22:010][907]LogModuleManager: Shutting down and abandoning module DesktopPlatform (95)
[2014.12.12-22.44.22:010][907]LogModuleManager: Shutting down and abandoning module VisualStudioSourceCodeAccess (94)
[2014.12.12-22.44.22:011][907]LogModuleManager: Shutting down and abandoning module UObjectPlugin (93)
[2014.12.12-22.44.22:011][907]LogModuleManager: Shutting down and abandoning module SubversionSourceControl (92)
[2014.12.12-22.44.22:012][907]LogModuleManager: Shutting down and abandoning module SourceControl (91)
[2014.12.12-22.44.22:012][907]LogModuleManager: Shutting down and abandoning module PerforceSourceControl (90)
[2014.12.12-22.44.22:014][907]LogModuleManager: Shutting down and abandoning module BlankPlugin (89)
[2014.12.12-22.44.22:015][907]LogModuleManager: Shutting down and abandoning module SlateReflector (88)
[2014.12.12-22.44.22:015][907]LogModuleManager: Shutting down and abandoning module DirectoryWatcher (87)
[2014.12.12-22.44.22:015][907]LogModuleManager: Shutting down and abandoning module HotReload (86)
[2014.12.12-22.44.22:015][907]LogModuleManager: Shutting down and abandoning module MainFrame (85)
[2014.12.12-22.44.22:015][907]LogModuleManager: Shutting down and abandoning module LevelEditor (84)
[2014.12.12-22.44.22:016][907]LogModuleManager: Shutting down and abandoning module ViewportSnapping (83)
[2014.12.12-22.44.22:016][907]LogModuleManager: Shutting down and abandoning module SmartSnapping (82)
[2014.12.12-22.44.22:016][907]LogModuleManager: Shutting down and abandoning module PaperTiledImporter (81)
[2014.12.12-22.44.22:016][907]LogModuleManager: Shutting down and abandoning module PaperJsonImporter (80)
[2014.12.12-22.44.22:016][907]LogModuleManager: Shutting down and abandoning module ContentBrowser (79)
[2014.12.12-22.44.22:016][907]LogModuleManager: Shutting down and abandoning module Paper2DEditor (78)
[2014.12.12-22.44.22:018][907]LogModuleManager: Shutting down and abandoning module ScriptPlugin (77)
[2014.12.12-22.44.22:019][907]LogModuleManager: Shutting down and abandoning module UdpMessaging (76)
[2014.12.12-22.44.22:119][907]LogModuleManager: Shutting down and abandoning module Paper2D (75)
[2014.12.12-22.44.22:119][907]LogModuleManager: Shutting down and abandoning module UE4Game (74)
[2014.12.12-22.44.22:119][907]LogModuleManager: Shutting down and abandoning module WindowsMoviePlayer (73)
[2014.12.12-22.44.22:123][907]LogModuleManager: Shutting down and abandoning module Media (72)
[2014.12.12-22.44.22:123][907]LogModuleManager: Shutting down and abandoning module WmfMedia (71)
[2014.12.12-22.44.22:124][907]LogModuleManager: Shutting down and abandoning module OnlineBlueprintSupport (70)
[2014.12.12-22.44.22:124][907]LogModuleManager: Shutting down and abandoning module PropertyEditor (69)
[2014.12.12-22.44.22:124][907]LogModuleManager: Shutting down and abandoning module BehaviorTreeEditor (68)
[2014.12.12-22.44.22:124][907]LogModuleManager: Shutting down and abandoning module FunctionalTesting (67)
[2014.12.12-22.44.22:124][907]LogModuleManager: Shutting down and abandoning module CollisionAnalyzer (66)
[2014.12.12-22.44.22:124][907]LogModuleManager: Shutting down and abandoning module WorkspaceMenuStructure (65)
[2014.12.12-22.44.22:124][907]LogModuleManager: Shutting down and abandoning module MessageLog (64)
[2014.12.12-22.44.22:124][907]LogModuleManager: Shutting down and abandoning module Sequencer (63)
[2014.12.12-22.44.22:126][907]LogModuleManager: Shutting down and abandoning module AssetTools (62)
[2014.12.12-22.44.22:126][907]LogModuleManager: Shutting down and abandoning module UMGEditor (61)
[2014.12.12-22.44.22:128][907]LogModuleManager: Shutting down and abandoning module UMG (60)
[2014.12.12-22.44.22:129][907]LogModuleManager: Shutting down and abandoning module Slate (59)
[2014.12.12-22.44.22:129][907]LogModuleManager: Shutting down and abandoning module EditorStyle (58)
[2014.12.12-22.44.22:136][907]LogModuleManager: Shutting down and abandoning module SessionServices (57)
[2014.12.12-22.44.22:136][907]LogModuleManager: Shutting down and abandoning module SourceCodeAccess (56)
[2014.12.12-22.44.22:136][907]LogModuleManager: Shutting down and abandoning module HeadMountedDisplay (55)
[2014.12.12-22.44.22:136][907]LogModuleManager: Shutting down and abandoning module XAudio2 (54)
[2014.12.12-22.44.22:136][907]LogModuleManager: Shutting down and abandoning module Networking (52)
[2014.12.12-22.44.22:136][907]LogModuleManager: Shutting down and abandoning module Core (51)
[2014.12.12-22.44.22:136][907]LogModuleManager: Shutting down and abandoning module KismetCompiler (50)
[2014.12.12-22.44.22:136][907]LogModuleManager: Shutting down and abandoning module PhysXFormats (49)
[2014.12.12-22.44.22:136][907]LogModuleManager: Shutting down and abandoning module MeshUtilities (48)
[2014.12.12-22.44.22:136][907]LogModuleManager: Shutting down and abandoning module DerivedDataCache (47)
[2014.12.12-22.44.22:192][907]LogDerivedDataCache: Shutdown
[2014.12.12-22.44.22:192][907]LogModuleManager: Shutting down and abandoning module ShaderFormatOpenGL (46)
[2014.12.12-22.44.22:192][907]LogModuleManager: Shutting down and abandoning module ShaderFormatD3D (45)
[2014.12.12-22.44.22:193][907]LogModuleManager: Shutting down and abandoning module MetalShaderFormat (44)
[2014.12.12-22.44.22:193][907]LogModuleManager: Shutting down and abandoning module TextureFormatUncompressed (43)
[2014.12.12-22.44.22:193][907]LogModuleManager: Shutting down and abandoning module TextureFormatPVR (42)
[2014.12.12-22.44.22:193][907]LogModuleManager: Shutting down and abandoning module TextureFormatDXT (41)
[2014.12.12-22.44.22:193][907]LogModuleManager: Shutting down and abandoning module TextureFormatAndroid (40)
[2014.12.12-22.44.22:193][907]LogModuleManager: Shutting down and abandoning module AudioFormatOpus (39)
[2014.12.12-22.44.22:193][907]LogModuleManager: Shutting down and abandoning module AudioFormatOgg (38)
[2014.12.12-22.44.22:193][907]LogModuleManager: Shutting down and abandoning module AudioFormatADPCM (37)
[2014.12.12-22.44.22:193][907]LogModuleManager: Shutting down and abandoning module LinuxTargetPlatform (36)
[2014.12.12-22.44.22:194][907]LogModuleManager: Shutting down and abandoning module LinuxServerTargetPlatform (35)
[2014.12.12-22.44.22:194][907]LogModuleManager: Shutting down and abandoning module LinuxNoEditorTargetPlatform (34)
[2014.12.12-22.44.22:194][907]LogModuleManager: Shutting down and abandoning module Messaging (33)
[2014.12.12-22.44.22:194][907]LogModuleManager: Shutting down and abandoning module IOSTargetPlatform (32)
[2014.12.12-22.44.22:194][907]LogModuleManager: Shutting down and abandoning module Android_PVRTCTargetPlatform (31)
[2014.12.12-22.44.22:194][907]LogModuleManager: Shutting down and abandoning module Android_ETC2TargetPlatform (30)
[2014.12.12-22.44.22:194][907]LogModuleManager: Shutting down and abandoning module Android_ETC1TargetPlatform (29)
[2014.12.12-22.44.22:194][907]LogModuleManager: Shutting down and abandoning module Android_DXTTargetPlatform (28)
[2014.12.12-22.44.22:194][907]LogModuleManager: Shutting down and abandoning module Android_ATCTargetPlatform (27)
[2014.12.12-22.44.22:194][907]LogModuleManager: Shutting down and abandoning module AndroidTargetPlatform (26)
[2014.12.12-22.44.22:194][907]LogModuleManager: Shutting down and abandoning module WindowsTargetPlatform (25)
[2014.12.12-22.44.22:194][907]LogModuleManager: Shutting down and abandoning module WindowsServerTargetPlatform (24)
[2014.12.12-22.44.22:194][907]LogModuleManager: Shutting down and abandoning module WindowsNoEditorTargetPlatform (23)
[2014.12.12-22.44.22:194][907]LogModuleManager: Shutting down and abandoning module WindowsClientTargetPlatform (22)
[2014.12.12-22.44.22:194][907]LogModuleManager: Shutting down and abandoning module TargetPlatform (21)
[2014.12.12-22.44.22:194][907]LogModuleManager: Shutting down and abandoning module InputCore (20)
[2014.12.12-22.44.22:194][907]LogModuleManager: Shutting down and abandoning module Settings (19)
[2014.12.12-22.44.22:194][907]LogModuleManager: Shutting down and abandoning module ImageWrapper (18)
[2014.12.12-22.44.22:194][907]LogModuleManager: Shutting down and abandoning module OculusRift (15)
[2014.12.12-22.44.22:195][907]LogModuleManager: Shutting down and abandoning module ExampleDeviceProfileSelector (14)
[2014.12.12-22.44.22:195][907]LogModuleManager: Shutting down and abandoning module TextureCompressor (13)
[2014.12.12-22.44.22:195][907]LogModuleManager: Shutting down and abandoning module ShaderCore (12)
[2014.12.12-22.44.22:195][907]LogModuleManager: Shutting down and abandoning module Landscape (11)
[2014.12.12-22.44.22:195][907]LogModuleManager: Shutting down and abandoning module SlateRHIRenderer (10)
[2014.12.12-22.44.22:197][907]LogModuleManager: Shutting down and abandoning module OpenGLDrv (9)
[2014.12.12-22.44.22:197][907]LogModuleManager: Shutting down and abandoning module D3D11RHI (8)
[2014.12.12-22.44.22:197][907]LogModuleManager: Shutting down and abandoning module Renderer (7)
[2014.12.12-22.44.22:197][907]LogModuleManager: Shutting down and abandoning module Engine (6)
[2014.12.12-22.44.22:197][907]LogModuleManager: Shutting down and abandoning module CoreUObject (5)
[2014.12.12-22.44.22:197][907]LogModuleManager: Shutting down and abandoning module NetworkFile (4)
[2014.12.12-22.44.22:197][907]LogModuleManager: Shutting down and abandoning module StreamingFile (3)
[2014.12.12-22.44.22:198][907]LogModuleManager: Shutting down and abandoning module SandboxFile (2)
[2014.12.12-22.44.22:198][907]LogModuleManager: Shutting down and abandoning module PakFile (1)
[2014.12.12-22.44.22:198][907]LogExit: Exiting.
[2014.12.12-22.44.22:216][907]Log file closed, 12/12/14 14:44:22
