Log file open, 12/13/14 15:03:50
LogInit:Display: Running engine for game: Trial_third_person
LogInit: Version: 4.6.0-2369412+++depot+UE4-Releases+4.6
LogInit: API Version: 2369412
LogInit: Compiled (64-bit): Nov 24 2014 21:54:04
LogInit: Compiled with Visual C++: 18.00.21005.01
LogInit: Build Configuration: Development
LogInit: Branch Name: ++depot+UE4-Releases+4.6
LogInit: Command line:  
LogInit: Base directory: C:/Program Files/Epic Games/4.6/Engine/Binaries/Win64/
LogInit: Rocket: 1
[2014.12.13-23.03.50:877][  0]LogTaskGraph: Started task graph with 3 named threads and 6 total threads.
[2014.12.13-23.03.50:928][  0]LogOnline:Warning: No default platform service specified for OnlineSubsystem
[2014.12.13-23.03.50:950][  0]LogInit: Presizing for 0 objects not considered by GC, pre-allocating 0 bytes.
[2014.12.13-23.03.50:963][  0]LogInit: Object subsystem initialized
[2014.12.13-23.03.50:966][  0]LogConsoleResponse:Warning: Skipping Unknown console variable: 'UIScaleCurve = (EditorCurveData=(Keys=((Time=480.000000,Value=0.444000),(Time=720.000000,Value=0.666000),(Time=1080.000000,Value=1.000000),(Time=8640.000000,Value=8.000000))),ExternalCurve=None)'
[2014.12.13-23.03.50:966][  0]LogConsoleResponse:Warning:   Found in ini file 'C:/Users/Jeremy/Documents/GitHub/Study-Session/Trial_third_person 4.6/Saved/Config/Windows/Engine.ini', in section '[/Script/Engine.RendererSettings]'
[2014.12.13-23.03.50:967][  0]LogConsoleManager:Warning: Console variable 'r.MSAA.CompositingSampleCount' wasn't set (Priority ProjectSetting < Scalability)
[2014.12.13-23.03.50:967][  0]LogInit: Selected Device Profile: [Windows]
[2014.12.13-23.03.50:967][  0]LogInit: Applying CVar settings loaded from the selected device profile: [Windows]
[2014.12.13-23.03.51:032][  0]LogInit: Computer: BRIANA-DESKTOP
[2014.12.13-23.03.51:032][  0]LogInit: User: Jeremy
[2014.12.13-23.03.51:032][  0]LogInit: CPU Page size=4096, Cores=4
[2014.12.13-23.03.51:032][  0]LogInit: High frequency timer resolution =14.318180 MHz
[2014.12.13-23.03.51:033][  0]LogMemory: Memory total: Physical=8.0GB (8GB approx) Virtual=8192.0GB
[2014.12.13-23.03.51:033][  0]LogMemory: Platform Memory Stats for Windows
[2014.12.13-23.03.51:033][  0]LogMemory: Process Physical Memory: 49.30 MB used, 49.30 MB peak
[2014.12.13-23.03.51:033][  0]LogMemory: Process Virtual Memory: 25.16 MB used, 25.16 MB peak
[2014.12.13-23.03.51:033][  0]LogMemory: Physical Memory: 2883.63 MB used, 8183.89 MB total
[2014.12.13-23.03.51:033][  0]LogMemory: Virtual Memory: 264.43 MB used, 8388608.00 MB total
[2014.12.13-23.03.51:073][  0]LogD3D11RHI: Found D3D11 adapter 0: NVIDIA GeForce GTX 550 Ti (Feature Level 11_0)
[2014.12.13-23.03.51:073][  0]LogD3D11RHI: Adapter has 977MB of dedicated video memory, 0MB of dedicated system memory, and 3071MB of shared system memory, 2 output[s]
[2014.12.13-23.03.51:073][  0]LogD3D11RHI: Chosen D3D11 Adapter Id = 0
[2014.12.13-23.03.51:080][  0]LogRHI: Texture pool is 684 MB (70% of 977 MB)
[2014.12.13-23.03.51:090][  0]LogD3D11RHI: Async texture creation enabled
[2014.12.13-23.03.51:156][  0]LogTextLocalizationManager: The requested culture ('en_US') has no localization data; parent culture's ('en') localization data will be used.
[2014.12.13-23.03.51:355][  0]LogContentStreaming: Texture pool size is 0.000000MB
[2014.12.13-23.03.58:903][  0]LogTargetPlatformManager:Display: Building Assets For Windows
[2014.12.13-23.03.59:506][  0]LogTargetPlatformManager:Display: Building Assets For Windows
[2014.12.13-23.03.59:575][  0]LogDerivedDataCache:Display: Max Cache Size: 512 MB
[2014.12.13-23.03.59:669][  0]LogDerivedDataCache: Loaded boot cache 0.09s 39MB C:/Users/Jeremy/AppData/Local/UnrealEngine/4.6/DerivedDataCache/Boot.ddc.
[2014.12.13-23.03.59:669][  0]LogDerivedDataCache:Display: Loaded Boot cache: C:/Users/Jeremy/AppData/Local/UnrealEngine/4.6/DerivedDataCache/Boot.ddc
[2014.12.13-23.03.59:669][  0]LogDerivedDataCache: FDerivedDataBackendGraph:  Pak pak cache file ../../../../../../Users/Jeremy/Documents/GitHub/Study-Session/Trial_third_person 4.6/DerivedDataCache/DDC.ddp not found, will not use a pak cache.
[2014.12.13-23.03.59:670][  0]LogDerivedDataCache: Unable to find inner node Pak for hierarchical cache Hierarchy.
[2014.12.13-23.03.59:760][  0]LogDerivedDataCache:Display: Pak cache opened for reading ../../../Engine/DerivedDataCache/DDC.ddp.
[2014.12.13-23.03.59:772][  0]LogDerivedDataCache: Using Local data cache path C:/Users/Jeremy/AppData/Local/UnrealEngine/Common/DerivedDataCache: Writable
[2014.12.13-23.03.59:976][  0]LogCollisionProfile:Warning: Profile (UI) - Custom Channel Name = 'Weapon' hasn't been found
[2014.12.13-23.04.00:204][  0]LogMeshUtilities: No automatic mesh reduction module available
[2014.12.13-23.04.00:204][  0]LogMeshUtilities: No automatic mesh merging module available
[2014.12.13-23.04.00:788][  0]LogInit: WinSock: version 1.1 (2.2), MaxSocks=32767, MaxUdp=65467
[2014.12.13-23.04.00:858][  0]LogSlate:Warning: Failed to load font data from '../../../Engine/Content/Slate/Fonts/Roboto-Italic.ttf'
[2014.12.13-23.04.01:848][  0]UdpMessaging: Initializing bridge on interface 0.0.0.0:0 to multicast group 230.0.0.1:6666.
[2014.12.13-23.04.02:024][  0]LogDirectoryWatcher:Warning: Failed to begin reading directory changes for C:/Users/Jeremy/Documents/GitHub/Study-Session/Trial_third_person 4.6/Binaries/Win64. Error: 0
[2014.12.13-23.04.02:222][  0]SourceControl: Info Source control is disabled
[2014.12.13-23.04.02:222][  0]SourceControl: Info Source control is disabled
[2014.12.13-23.04.02:230][  0]SourceControl: Info Source control is disabled
[2014.12.13-23.04.02:373][  0]LogObj: 23754 objects as part of root set at end of initial load.
[2014.12.13-23.04.02:373][  0]LogUObjectAllocator: 5168136 out of 0 bytes used by permanent object pool.
[2014.12.13-23.04.02:453][  0]LogEngine: Initializing Engine...
[2014.12.13-23.04.02:684][  0]LogInit: XAudio2 using 'Speakers (Realtek High Definition Audio)' : 2 channels at 48 kHz using 32 bits per sample (channel mask 0x3)
[2014.12.13-23.04.02:720][  0]LogInit: FAudioDevice initialized.
[2014.12.13-23.04.02:745][  0]LogAIModule: Creating AISystem for world NewWorld
[2014.12.13-23.04.02:785][  0]LogDerivedDataCache: Saved boot cache 0.04s 39MB C:/Users/Jeremy/AppData/Local/UnrealEngine/4.6/DerivedDataCache/Boot.ddc.
[2014.12.13-23.04.02:800][  0]LogInit: Texture streaming: Enabled
[2014.12.13-23.04.02:833][  0]LogAnalytics: Creating configured Analytics provider AnalyticsET
[2014.12.13-23.04.02:833][  0]LogAnalytics: ET APIKey = Rocket.Release. APIServer = http://et2.epicgames.com/ET2/. AppVersion = 4.6.0-2369412+++depot+UE4-Releases+4.6
[2014.12.13-23.04.02:834][  0]LogAnalytics: SetUserId 6df8d6a202a5f32dd217a5bf9cbf5496
[2014.12.13-23.04.02:834][  0]LogAnalytics: AnalyticsET::StartSession [Rocket.Release]
[2014.12.13-23.04.02:852][  0]LogInit: Transaction tracking system initialized
[2014.12.13-23.04.02:963][  0]BlueprintLog: New page: Editor Load
[2014.12.13-23.04.02:996][  0]LogAssetRegistry: FAssetRegistry took 0.0104 seconds to start up
[2014.12.13-23.04.02:997][  0]LogDirectoryWatcher:Warning: Failed to begin reading directory changes for ../../../Engine/Plugins/Experimental/CharacterAI/Content/. Error: 0
[2014.12.13-23.04.03:598][  0]LogTargetPlatformManager:Display: Building Assets For Windows
[2014.12.13-23.04.04:100][  0]LogTargetPlatformManager:Display: Building Assets For Windows
[2014.12.13-23.04.04:404][  0]LogConsoleResponse:Display: 
[2014.12.13-23.04.04:483][  0]LogLinker:Warning: Asset '../../../Engine/Content/Functions/Engine_MaterialFunctions03/Procedurals/ComputeFilterWidth.uasset' has been saved with empty engine version. The asset will be loaded but may be incompatible.
[2014.12.13-23.04.04:724][  0]SourceControl: Info Source control is disabled
[2014.12.13-23.04.04:724][  0]Cmd: MAP LOAD FILE="../../../../../../Users/Jeremy/Documents/GitHub/Study-Session/Trial_third_person 4.6/Content/Maps/Example_Map.umap" TEMPLATE=0 SHOWPROGRESS=1
[2014.12.13-23.04.04:725][  0]LightingResults: New page: Lighting Build
[2014.12.13-23.04.04:736][  0]MapCheck: New page: Map Check
[2014.12.13-23.04.04:736][  0]LightingResults: New page: Lighting Build
[2014.12.13-23.04.04:747][  0]LogParticles: Destroying 0 GPU particle simulations for FXSystem 0x00000000140159E0
[2014.12.13-23.04.05:291][  0]LogBlueprint:Error: [compiler] Error Binding: property ' PercentDelegate ' on widget ' HUD_Health ' needs to be bound to a pure function, ' Get_HUD_Health_Percent_0 ' is not pure.
[2014.12.13-23.04.05:291][  0]LogBlueprint:Error: [compiler] Error Binding: property ' PercentDelegate ' on widget ' HUD_Energy ' needs to be bound to a pure function, ' Get_HUD_Energy_Percent_0 ' is not pure.
[2014.12.13-23.04.05:293][  0]LogBlueprint:Warning: [compiler] Warning [0016.63] Compile of GameHUD failed. 2 Fatal Issue(s) 0 Warning(s) [in 6 ms]
[2014.12.13-23.04.06:312][  0]LogEditorServer: Finished looking for orphan Actors (0.000 secs)
[2014.12.13-23.04.06:313][  0]LogAIModule: Creating AISystem for world Example_Map
[2014.12.13-23.04.06:313][  0]Cmd: MAP CHECKDEP
[2014.12.13-23.04.06:313][  0]MapCheck: New page: Example_Map - Dec 13, 2014, 7:04:06 AM
[2014.12.13-23.04.06:433][  0]MapCheck: Info Map check complete: 0 Error(s), 0 Warning(s), took 119.236ms to complete.
[2014.12.13-23.04.06:433][  0]LogFileHelpers: Loading map 'Example_Map' took 1.709
[2014.12.13-23.04.06:535][  0]LogCollectionManager: Loaded 0 collections in 0.001536 seconds
[2014.12.13-23.04.06:674][  0]LogCrashTracker: Crashtracker disabled due to settings.
[2014.12.13-23.04.06:681][  0]LogUObjectGlobals:Warning: Failed to find object 'Class None.'
[2014.12.13-23.04.06:714][  0]LogLoad: Full Startup: 18.05 seconds (BP compile: 0.44 seconds)
[2014.12.13-23.04.07:059][  0]LogContentBrowser:Verbose: The content browser source was changed by the sources view to '/Game/Blueprints'
[2014.12.13-23.04.07:264][  0]LogRenderer:Warning: Reallocating scene render targets to support 1024x904.
[2014.12.13-23.04.08:765][  5]LogAssetRegistry: Asset discovery search completed in 5.7797 seconds
[2014.12.13-23.04.19:815][297]LogContentBrowser:Verbose: The content browser source was changed by the sources view to '/Game/UMG'
[2014.12.13-23.04.43:848][496]BlueprintLog: New page: Compile GameHUD
[2014.12.13-23.04.43:958][496]LogActorComponent: UnregisterComponent: (/Engine/Transient.CharacterMovementComponent_0) Not registered. Aborting.
[2014.12.13-23.04.43:958][496]LogActorComponent: UnregisterComponent: (/Engine/Transient.CharacterMovementComponent_1) Not registered. Aborting.
[2014.12.13-23.04.43:959][496]LogActorComponent: UnregisterComponent: (/Engine/Transient.PawnSensingComponent_0) Not registered. Aborting.
[2014.12.13-23.04.44:079][496]BlueprintEditorCompileResults: Info [0055.42] Compile of GameHUD successful! [in 200 ms]
[2014.12.13-23.04.45:212][603]Cmd: OBJ SAVEPACKAGE PACKAGE="/Game/UMG/GameHUD" FILE="../../../../../../Users/Jeremy/Documents/GitHub/Study-Session/Trial_third_person 4.6/Content/UMG/GameHUD.uasset" SILENT=true
[2014.12.13-23.04.45:250][603]LogSavePackage: Save=15.933868ms
[2014.12.13-23.04.45:250][603]LogSavePackage: Moving '../../../../../../Users/Jeremy/Documents/GitHub/Study-Session/Trial_third_person 4.6/Saved/GameHUD2E04F97547C3B5681C231AB6605DDEAB.tmp' to '../../../../../../Users/Jeremy/Documents/GitHub/Study-Session/Trial_third_person 4.6/Content/UMG/GameHUD.uasset'
[2014.12.13-23.04.51:391][211]LogContentBrowser:Verbose: The content browser source was changed by the sources view to '/Game'
[2014.12.13-23.04.53:408][368]LogBlueprint:Warning: [compiler] Warning  Remove from Viewport  is deprecated; Use RemoveFromParent instead
[2014.12.13-23.04.53:409][368]LogBlueprint:Warning: [compiler] Warning  Remove from Viewport  is deprecated; Use RemoveFromParent instead
[2014.12.13-23.04.53:411][368]LogBlueprint:Warning: [compiler] Warning [0064.75] Compile of Pause_Menu successful, but with 2 Warning(s) [in 8 ms]
[2014.12.13-23.04.53:413][368]LogBlueprint:Warning: [compiler] Warning  Remove from Viewport  is deprecated; Use RemoveFromParent instead
[2014.12.13-23.04.53:415][368]LogBlueprint:Warning: [compiler] Warning  Remove from Viewport  is deprecated; Use RemoveFromParent instead
[2014.12.13-23.04.53:416][368]LogBlueprint:Warning: [compiler] Warning [0064.75] Compile of Pause_Menu successful, but with 2 Warning(s) [in 4 ms]
[2014.12.13-23.04.53:417][368]LogBlueprint:Warning: [compiler] Warning [0064.75] Compile of Pause_Menu successful, but with 3 Warning(s) [in 0 ms]
[2014.12.13-23.05.06:717][945]LogUObjectGlobals:Warning: Failed to find object 'Object None.'
[2014.12.13-23.05.29:548][945]BlueprintLog: New page: Compile Pause_Menu
[2014.12.13-23.05.29:664][945]BlueprintEditorCompileResults: Info [0101.00] Compile of Pause_Menu successful! [in 109 ms]
[2014.12.13-23.05.30:523][981]Cmd: OBJ SAVEPACKAGE PACKAGE="/Game/Pause_Menu" FILE="../../../../../../Users/Jeremy/Documents/GitHub/Study-Session/Trial_third_person 4.6/Content/Pause_Menu.uasset" SILENT=true
[2014.12.13-23.05.30:559][981]LogSavePackage: Save=18.907780ms
[2014.12.13-23.05.30:559][981]LogSavePackage: Moving '../../../../../../Users/Jeremy/Documents/GitHub/Study-Session/Trial_third_person 4.6/Saved/Pause_Menu7E7B9982482F6328E0F8059D1A7A2FA6.tmp' to '../../../../../../Users/Jeremy/Documents/GitHub/Study-Session/Trial_third_person 4.6/Content/Pause_Menu.uasset'
[2014.12.13-23.05.35:551][320]LogContentBrowser:Verbose: The content browser source was changed by the sources view to '/Game/Blueprints'
[2014.12.13-23.05.37:126][402]LogPropertyNode:Warning: UI Min (0.001) >= UI Max () for Ranged Numeric
[2014.12.13-23.05.37:130][402]LogPropertyNode:Warning: UI Min (0.001) >= UI Max () for Ranged Numeric
[2014.12.13-23.05.37:214][402]LogPropertyNode:Warning: UI Min (0.001) >= UI Max () for Ranged Numeric
[2014.12.13-23.05.37:215][402]LogPropertyNode:Warning: UI Min (0.001) >= UI Max () for Ranged Numeric
[2014.12.13-23.05.54:079][ 54]BlueprintLog: New page: Compile MyCharacter
[2014.12.13-23.05.54:310][ 54]LogPropertyNode:Warning: UI Min (0.001) >= UI Max () for Ranged Numeric
[2014.12.13-23.05.54:311][ 54]LogPropertyNode:Warning: UI Min (0.001) >= UI Max () for Ranged Numeric
[2014.12.13-23.05.54:408][ 54]LogActorComponent: UnregisterComponent: (/Engine/Transient.CharacterMovementComponent_2) Not registered. Aborting.
[2014.12.13-23.05.54:408][ 54]LogActorComponent: UnregisterComponent: (/Engine/Transient.CharacterMovementComponent_3) Not registered. Aborting.
[2014.12.13-23.05.54:408][ 54]LogActorComponent: UnregisterComponent: (/Engine/Transient.PawnSensingComponent_1) Not registered. Aborting.
[2014.12.13-23.05.54:436][ 54]LogParticles: Destroying 0 GPU particle simulations for FXSystem 0x000000000CF40AE0
[2014.12.13-23.05.54:518][ 54]LogPropertyNode:Warning: UI Min (0.001) >= UI Max () for Ranged Numeric
[2014.12.13-23.05.54:520][ 54]LogPropertyNode:Warning: UI Min (0.001) >= UI Max () for Ranged Numeric
[2014.12.13-23.05.54:571][ 54]BlueprintEditorCompileResults: Info [0125.91] Compile of MyCharacter successful! [in 370 ms]
[2014.12.13-23.05.55:691][ 83]Cmd: OBJ SAVEPACKAGE PACKAGE="/Game/Blueprints/MyCharacter" FILE="../../../../../../Users/Jeremy/Documents/GitHub/Study-Session/Trial_third_person 4.6/Content/Blueprints/MyCharacter.uasset" SILENT=true
[2014.12.13-23.05.56:240][ 83]LogSavePackage: Save=533.164673ms
[2014.12.13-23.05.56:240][ 83]LogSavePackage: Moving '../../../../../../Users/Jeremy/Documents/GitHub/Study-Session/Trial_third_person 4.6/Saved/MyCharacterA1BF80744A6175AE1EA8ABA34F1E514C.tmp' to '../../../../../../Users/Jeremy/Documents/GitHub/Study-Session/Trial_third_person 4.6/Content/Blueprints/MyCharacter.uasset'
[2014.12.13-23.06.56:149][391]BlueprintLog: New page: Compile MyCharacter
[2014.12.13-23.06.56:384][391]LogPropertyNode:Warning: UI Min (0.001) >= UI Max () for Ranged Numeric
[2014.12.13-23.06.56:385][391]LogPropertyNode:Warning: UI Min (0.001) >= UI Max () for Ranged Numeric
[2014.12.13-23.06.56:482][391]LogActorComponent: UnregisterComponent: (/Engine/Transient.CharacterMovementComponent_4) Not registered. Aborting.
[2014.12.13-23.06.56:588][391]LogPropertyNode:Warning: UI Min (0.001) >= UI Max () for Ranged Numeric
[2014.12.13-23.06.56:589][391]LogPropertyNode:Warning: UI Min (0.001) >= UI Max () for Ranged Numeric
[2014.12.13-23.06.56:640][391]BlueprintEditorCompileResults: Info [0187.98] Compile of MyCharacter successful! [in 364 ms]
[2014.12.13-23.06.57:877][424]Cmd: OBJ SAVEPACKAGE PACKAGE="/Game/Blueprints/MyCharacter" FILE="../../../../../../Users/Jeremy/Documents/GitHub/Study-Session/Trial_third_person 4.6/Content/Blueprints/MyCharacter.uasset" SILENT=true
[2014.12.13-23.06.58:430][424]LogSavePackage: Save=538.204651ms
[2014.12.13-23.06.58:430][424]LogSavePackage: Moving '../../../../../../Users/Jeremy/Documents/GitHub/Study-Session/Trial_third_person 4.6/Saved/MyCharacter111B61264116FC2220E46C84AF155B1F.tmp' to '../../../../../../Users/Jeremy/Documents/GitHub/Study-Session/Trial_third_person 4.6/Content/Blueprints/MyCharacter.uasset'
[2014.12.13-23.07.04:538][748]LogContentBrowser:Verbose: The content browser source was changed by the sources view to '/Game/Maps'
[2014.12.13-23.07.08:120][ 16]LogLinker:Warning: Can't find file '/Game/ArchVis/Materials/MI_Couch_NOSSS_Mat_Inst'
[2014.12.13-23.07.08:120][ 16]LogLinker:Warning: Can't find file for asset '/Game/ArchVis/Materials/MI_Couch_NOSSS_Mat_Inst' while loading ../../../../../../Users/Jeremy/Documents/GitHub/Study-Session/Trial_third_person 4.6/Content/StarterContent/Mesh/SM_Couch_1seat.uasset.
[2014.12.13-23.07.08:120][ 16]LoadErrors:Error: Error /Game/StarterContent/Mesh/SM_Couch_1seat : Can't find file for asset. /Game/ArchVis/Materials/MI_Couch_NOSSS_Mat_Inst
[2014.12.13-23.07.08:121][ 16]LogLinker:Warning: Can't find file '/Game/ArchVis/Materials/MI_Couch_NOSSS_Mat_Inst'
[2014.12.13-23.07.08:121][ 16]LogLinker:Warning: Can't find file for asset '/Game/ArchVis/Materials/MI_Couch_NOSSS_Mat_Inst' while loading ../../../../../../Users/Jeremy/Documents/GitHub/Study-Session/Trial_third_person 4.6/Content/StarterContent/Mesh/SM_Couch_1seat.uasset.
[2014.12.13-23.07.08:198][ 16]LogLinker:Warning: Can't find file '/Game/ArchVis/Materials/MI_Couch_NOSSS_Mat_Inst'
[2014.12.13-23.07.08:198][ 16]LoadErrors: Info Failed to load /Game/ArchVis/Materials/MI_Couch_NOSSS_Mat_Inst.MI_Couch_NOSSS_Mat_Inst Referenced by SM_Couch_1seat
[2014.12.13-23.07.08:198][ 16]LogLinker:Warning: Can't find file for asset '/Game/ArchVis/Materials/MI_Couch_NOSSS_Mat_Inst' while loading NULL.
[2014.12.13-23.07.08:198][ 16]LogLinker:Warning: Can't find file '/Game/ArchVis/Materials/MI_Couch_NOSSS_Mat_Inst'
[2014.12.13-23.07.08:199][ 16]LogLinker:Warning: Can't find file for asset '/Game/ArchVis/Materials/MI_Couch_NOSSS_Mat_Inst' while loading NULL.
[2014.12.13-23.07.08:347][ 16]LogActorComponent: UnregisterComponent: (/Engine/Transient.CharacterMovementComponent_5) Not registered. Aborting.
[2014.12.13-23.07.08:347][ 16]LogActorComponent: UnregisterComponent: (/Engine/Transient.CharacterMovementComponent_6) Not registered. Aborting.
[2014.12.13-23.07.08:347][ 16]LogActorComponent: UnregisterComponent: (/Engine/Transient.PawnSensingComponent_2) Not registered. Aborting.
[2014.12.13-23.07.08:392][ 16]LogParticles: Destroying 0 GPU particle simulations for FXSystem 0x000000001FB68E00
[2014.12.13-23.07.11:687][ 16]Cmd: OBJ SAVEPACKAGE PACKAGE="/Game/Blueprints/basicAI" FILE="../../../../../../Users/Jeremy/Documents/GitHub/Study-Session/Trial_third_person 4.6/Content/Blueprints/basicAI.uasset" SILENT=true
[2014.12.13-23.07.12:135][ 16]LogSavePackage: Save=427.934265ms
[2014.12.13-23.07.12:135][ 16]LogSavePackage: Moving '../../../../../../Users/Jeremy/Documents/GitHub/Study-Session/Trial_third_person 4.6/Saved/basicAI1887EB3D44A2C4A8A259149D78EB35EE.tmp' to '../../../../../../Users/Jeremy/Documents/GitHub/Study-Session/Trial_third_person 4.6/Content/Blueprints/basicAI.uasset'
[2014.12.13-23.07.12:145][ 16]Cmd: MAP LOAD FILE="../../../../../../Users/Jeremy/Documents/GitHub/Study-Session/Trial_third_person 4.6/Content/Maps/School.umap" TEMPLATE=0 SHOWPROGRESS=1
[2014.12.13-23.07.12:145][ 16]LightingResults: New page: Lighting Build
[2014.12.13-23.07.12:175][ 16]LoadErrors: New page: Loading map: School.umap
[2014.12.13-23.07.12:176][ 16]MapCheck: New page: Map Check
[2014.12.13-23.07.12:176][ 16]LightingResults: New page: Lighting Build
[2014.12.13-23.07.12:176][ 16]LogActorComponent: UnregisterComponent: (/Engine/Transient.CharacterMovementComponent_7) Not registered. Aborting.
[2014.12.13-23.07.12:176][ 16]LogActorComponent: UnregisterComponent: (/Engine/Transient.PawnSensingComponent_3) Not registered. Aborting.
[2014.12.13-23.07.12:202][ 16]LogParticles: Destroying 0 GPU particle simulations for FXSystem 0x0000000013801580
[2014.12.13-23.07.12:203][ 16]LogParticles: Destroying 0 GPU particle simulations for FXSystem 0x000000001643D620
[2014.12.13-23.07.12:238][ 16]LogEditorServer: Finished looking for orphan Actors (0.000 secs)
[2014.12.13-23.07.12:238][ 16]LogAIModule: Creating AISystem for world School
[2014.12.13-23.07.12:284][ 16]Cmd: MAP CHECKDEP
[2014.12.13-23.07.12:284][ 16]MapCheck: New page: School - Dec 13, 2014, 7:07:12 AM
[2014.12.13-23.07.12:409][ 16]MapCheck: Info Map check complete: 0 Error(s), 0 Warning(s), took 125.366ms to complete.
[2014.12.13-23.07.12:411][ 16]LogFileHelpers: Loading map 'School' took 0.269
[2014.12.13-23.07.17:833][339]LogUObjectGlobals:Warning: Failed to find object 'Object None.'
[2014.12.13-23.07.36:848][161]LogRenderer:Warning: Reallocating scene render targets to support 1024x944.
[2014.12.13-23.08.44:410][918]LogUObjectGlobals:Warning: Failed to find object 'Object None.'
[2014.12.13-23.08.44:410][918]LogUObjectGlobals:Warning: Failed to find object 'Object None.'
[2014.12.13-23.08.44:411][918]LogUObjectGlobals:Warning: Failed to find object 'Object None.'
[2014.12.13-23.08.44:411][918]LogUObjectGlobals:Warning: Failed to find object 'Object None.'
[2014.12.13-23.08.44:411][918]LogUObjectGlobals:Warning: Failed to find object 'Object None.'
[2014.12.13-23.08.44:411][918]LogProperty:Warning: ObjectProperty /Script/Engine.EdGraphPin:LinkedTo.LinkedTo: unresolved reference to 'EdGraphPin'"K2Node_CreateWidget_13.EdGraphPin_3041"''
[2014.12.13-23.08.44:412][918]LogProperty:Warning: ObjectProperty /Script/Engine.EdGraphPin:LinkedTo.LinkedTo: unresolved reference to 'EdGraphPin'"K2Node_CallFunction_20235.EdGraphPin_2984"''
[2014.12.13-23.08.44:412][918]LogProperty:Warning: ObjectProperty /Script/Engine.EdGraphPin:LinkedTo.LinkedTo: unresolved reference to 'EdGraphPin'"K2Node_CallFunction_20235.EdGraphPin_2986"''
[2014.12.13-23.08.44:413][918]LogUObjectHash:Warning: Ambiguous search, could be K2Node_VariableSet /Game/Maps/School.School:PersistentLevel.School.EventGraph.K2Node_VariableSet_312 or K2Node_VariableSet /Engine/Transient.PROTO_BP_Blueprint_0:UserConstructionScript.K2Node_VariableSet_312
[2014.12.13-23.08.44:413][918]LogProperty:Warning: ObjectProperty /Script/Engine.EdGraphPin:LinkedTo.LinkedTo: unresolved reference to 'EdGraphPin'"K2Node_VariableSet_312.EdGraphPin_3005"''
[2014.12.13-23.08.44:414][918]LogUObjectHash:Warning: Ambiguous search, could be K2Node_VariableSet /Game/Maps/School.School:PersistentLevel.School.EventGraph.K2Node_VariableSet_312 or K2Node_VariableSet /Engine/Transient.PROTO_BP_Blueprint_0:UserConstructionScript.K2Node_VariableSet_312
[2014.12.13-23.08.44:414][918]LogProperty:Warning: ObjectProperty /Script/Engine.EdGraphPin:LinkedTo.LinkedTo: unresolved reference to 'EdGraphPin'"K2Node_VariableSet_312.EdGraphPin_3008"''
[2014.12.13-23.08.52:360][328]BlueprintLog: New page: Compile School
[2014.12.13-23.08.52:464][328]BlueprintEditorCompileResults: Info [0303.80] Compile of School successful! [in 100 ms]
[2014.12.13-23.09.01:695][748]LogSavePackage: Save=517.275330ms
[2014.12.13-23.09.01:695][748]LogSavePackage: Moving '../../../../../../Users/Jeremy/Documents/GitHub/Study-Session/Trial_third_person 4.6/Saved/School642E67584E7709A15D58DCA66E0321F6.tmp' to '../../../../../../Users/Jeremy/Documents/GitHub/Study-Session/Trial_third_person 4.6/Content/Maps/School.umap'
[2014.12.13-23.09.05:048][947]Cmd: MAP LOAD FILE="../../../../../../Users/Jeremy/Documents/GitHub/Study-Session/Trial_third_person 4.6/Content/Maps/Mansion.umap" TEMPLATE=0 SHOWPROGRESS=1
[2014.12.13-23.09.05:048][947]LightingResults: New page: Lighting Build
[2014.12.13-23.09.05:077][947]LoadErrors: New page: Loading map: Mansion.umap
[2014.12.13-23.09.05:079][947]MapCheck: New page: Map Check
[2014.12.13-23.09.05:079][947]LightingResults: New page: Lighting Build
[2014.12.13-23.09.05:106][947]LogParticles: Destroying 0 GPU particle simulations for FXSystem 0x000000001F990CC0
[2014.12.13-23.09.05:133][947]LogEditorServer: Finished looking for orphan Actors (0.000 secs)
[2014.12.13-23.09.05:133][947]LogAIModule: Creating AISystem for world Mansion
[2014.12.13-23.09.05:179][947]Cmd: MAP CHECKDEP
[2014.12.13-23.09.05:179][947]MapCheck: New page: Mansion - Dec 13, 2014, 7:09:05 AM
[2014.12.13-23.09.05:305][947]MapCheck: Info Map check complete: 0 Error(s), 0 Warning(s), took 125.642ms to complete.
[2014.12.13-23.09.05:307][947]LogFileHelpers: Loading map 'Mansion' took 0.262
[2014.12.13-23.09.10:087][254]LogUObjectGlobals:Warning: Failed to find object 'Object None.'
[2014.12.13-23.09.10:087][254]LogUObjectGlobals:Warning: Failed to find object 'Object None.'
[2014.12.13-23.09.10:087][254]LogUObjectGlobals:Warning: Failed to find object 'Object None.'
[2014.12.13-23.09.10:088][254]LogUObjectGlobals:Warning: Failed to find object 'Object None.'
[2014.12.13-23.09.10:088][254]LogUObjectGlobals:Warning: Failed to find object 'Object None.'
[2014.12.13-23.09.10:088][254]LogProperty:Warning: ObjectProperty /Script/Engine.EdGraphPin:LinkedTo.LinkedTo: unresolved reference to 'EdGraphPin'"K2Node_CreateWidget_13.EdGraphPin_3041"''
[2014.12.13-23.09.10:088][254]LogProperty:Warning: ObjectProperty /Script/Engine.EdGraphPin:LinkedTo.LinkedTo: unresolved reference to 'EdGraphPin'"K2Node_CallFunction_20235.EdGraphPin_2984"''
[2014.12.13-23.09.10:089][254]LogProperty:Warning: ObjectProperty /Script/Engine.EdGraphPin:LinkedTo.LinkedTo: unresolved reference to 'EdGraphPin'"K2Node_CallFunction_20235.EdGraphPin_2986"''
[2014.12.13-23.09.10:089][254]LogUObjectHash:Warning: Ambiguous search, could be K2Node_VariableSet /Game/Maps/Mansion.Mansion:PersistentLevel.Mansion.EventGraph.K2Node_VariableSet_312 or K2Node_VariableSet /Engine/Transient.PROTO_BP_Blueprint_0:UserConstructionScript.K2Node_VariableSet_312
[2014.12.13-23.09.10:089][254]LogProperty:Warning: ObjectProperty /Script/Engine.EdGraphPin:LinkedTo.LinkedTo: unresolved reference to 'EdGraphPin'"K2Node_VariableSet_312.EdGraphPin_3005"''
[2014.12.13-23.09.10:090][254]LogUObjectHash:Warning: Ambiguous search, could be K2Node_VariableSet /Game/Maps/Mansion.Mansion:PersistentLevel.Mansion.EventGraph.K2Node_VariableSet_312 or K2Node_VariableSet /Engine/Transient.PROTO_BP_Blueprint_0:UserConstructionScript.K2Node_VariableSet_312
[2014.12.13-23.09.10:090][254]LogProperty:Warning: ObjectProperty /Script/Engine.EdGraphPin:LinkedTo.LinkedTo: unresolved reference to 'EdGraphPin'"K2Node_VariableSet_312.EdGraphPin_3008"''
[2014.12.13-23.09.13:918][458]BlueprintLog: New page: Compile Mansion
[2014.12.13-23.09.14:019][458]BlueprintEditorCompileResults: Info [0325.36] Compile of Mansion successful! [in 97 ms]
[2014.12.13-23.09.41:888][104]LogSavePackage: Save=640.818542ms
[2014.12.13-23.09.41:888][104]LogSavePackage: Moving '../../../../../../Users/Jeremy/Documents/GitHub/Study-Session/Trial_third_person 4.6/Saved/MansionD4DC4906428719FADE065783B09B0A2D.tmp' to '../../../../../../Users/Jeremy/Documents/GitHub/Study-Session/Trial_third_person 4.6/Content/Maps/Mansion.umap'
[2014.12.13-23.09.43:079][170]LogLinker:Warning: Can't find file '/Game/ArchVis/Textures/T_Shelving_M'
[2014.12.13-23.09.43:079][170]LogLinker:Warning: Can't find file for asset '/Game/ArchVis/Textures/T_Shelving_M' while loading ../../../../../../Users/Jeremy/Documents/GitHub/Study-Session/Trial_third_person 4.6/Content/StarterContent/Materials/Materials/M_Shelving.uasset.
[2014.12.13-23.09.43:079][170]LoadErrors:Error: Error /Game/StarterContent/Materials/Materials/M_Shelving : Can't find file for asset. /Game/ArchVis/Textures/T_Shelving_M
[2014.12.13-23.09.43:079][170]LogLinker:Warning: Can't find file '/Game/ArchVis/Textures/T_Shelving_N'
[2014.12.13-23.09.43:080][170]LogLinker:Warning: Can't find file for asset '/Game/ArchVis/Textures/T_Shelving_N' while loading ../../../../../../Users/Jeremy/Documents/GitHub/Study-Session/Trial_third_person 4.6/Content/StarterContent/Materials/Materials/M_Shelving.uasset.
[2014.12.13-23.09.43:080][170]LoadErrors:Error: Error /Game/StarterContent/Materials/Materials/M_Shelving : Can't find file for asset. /Game/ArchVis/Textures/T_Shelving_N
[2014.12.13-23.09.43:080][170]LogLinker:Warning: Can't find file '/Game/ArchVis/Textures/T_Wood'
[2014.12.13-23.09.43:080][170]LogLinker:Warning: Can't find file for asset '/Game/ArchVis/Textures/T_Wood' while loading ../../../../../../Users/Jeremy/Documents/GitHub/Study-Session/Trial_third_person 4.6/Content/StarterContent/Materials/Materials/M_Shelving.uasset.
[2014.12.13-23.09.43:080][170]LoadErrors:Error: Error /Game/StarterContent/Materials/Materials/M_Shelving : Can't find file for asset. /Game/ArchVis/Textures/T_Wood
[2014.12.13-23.09.43:081][170]LogLinker:Warning: Can't find file '/Game/ArchVis/Textures/T_Wood_S'
[2014.12.13-23.09.43:081][170]LogLinker:Warning: Can't find file for asset '/Game/ArchVis/Textures/T_Wood_S' while loading ../../../../../../Users/Jeremy/Documents/GitHub/Study-Session/Trial_third_person 4.6/Content/StarterContent/Materials/Materials/M_Shelving.uasset.
[2014.12.13-23.09.43:081][170]LoadErrors:Error: Error /Game/StarterContent/Materials/Materials/M_Shelving : Can't find file for asset. /Game/ArchVis/Textures/T_Wood_S
[2014.12.13-23.09.43:082][170]LogLinker:Warning: Can't find file '/Game/ArchVis/Textures/T_Shelving_M'
[2014.12.13-23.09.43:082][170]LogLinker:Warning: Can't find file for asset '/Game/ArchVis/Textures/T_Shelving_M' while loading ../../../../../../Users/Jeremy/Documents/GitHub/Study-Session/Trial_third_person 4.6/Content/StarterContent/Materials/Materials/M_Shelving.uasset.
[2014.12.13-23.09.43:082][170]LogLinker:Warning: Can't find file '/Game/ArchVis/Textures/T_Shelving_N'
[2014.12.13-23.09.43:082][170]LogLinker:Warning: Can't find file for asset '/Game/ArchVis/Textures/T_Shelving_N' while loading ../../../../../../Users/Jeremy/Documents/GitHub/Study-Session/Trial_third_person 4.6/Content/StarterContent/Materials/Materials/M_Shelving.uasset.
[2014.12.13-23.09.43:083][170]LogLinker:Warning: Can't find file '/Game/ArchVis/Textures/T_Wood'
[2014.12.13-23.09.43:083][170]LogLinker:Warning: Can't find file for asset '/Game/ArchVis/Textures/T_Wood' while loading ../../../../../../Users/Jeremy/Documents/GitHub/Study-Session/Trial_third_person 4.6/Content/StarterContent/Materials/Materials/M_Shelving.uasset.
[2014.12.13-23.09.43:083][170]LogLinker:Warning: Can't find file '/Game/ArchVis/Textures/T_Wood_S'
[2014.12.13-23.09.43:084][170]LogLinker:Warning: Can't find file for asset '/Game/ArchVis/Textures/T_Wood_S' while loading ../../../../../../Users/Jeremy/Documents/GitHub/Study-Session/Trial_third_person 4.6/Content/StarterContent/Materials/Materials/M_Shelving.uasset.
[2014.12.13-23.09.43:237][170]LogLinker:Warning: Can't find file '/Game/ArchVis/Materials/M_CoffeTable_MAT_Inst'
[2014.12.13-23.09.43:238][170]LogLinker:Warning: Can't find file for asset '/Game/ArchVis/Materials/M_CoffeTable_MAT_Inst' while loading ../../../../../../Users/Jeremy/Documents/GitHub/Study-Session/Trial_third_person 4.6/Content/StarterContent/Mesh/SM_CoffeeTable.uasset.
[2014.12.13-23.09.43:238][170]LoadErrors:Error: Error /Game/StarterContent/Mesh/SM_CoffeeTable : Can't find file for asset. /Game/ArchVis/Materials/M_CoffeTable_MAT_Inst
[2014.12.13-23.09.43:238][170]LogLinker:Warning: Can't find file '/Game/ArchVis/Materials/M_CoffeTable_MAT_Inst'
[2014.12.13-23.09.43:238][170]LogLinker:Warning: Can't find file for asset '/Game/ArchVis/Materials/M_CoffeTable_MAT_Inst' while loading ../../../../../../Users/Jeremy/Documents/GitHub/Study-Session/Trial_third_person 4.6/Content/StarterContent/Mesh/SM_CoffeeTable.uasset.
[2014.12.13-23.09.43:243][170]LogLinker:Warning: Can't find file '/Game/ArchVis/Materials/M_Curtain_MAT_Inst'
[2014.12.13-23.09.43:244][170]LogLinker:Warning: Can't find file for asset '/Game/ArchVis/Materials/M_Curtain_MAT_Inst' while loading ../../../../../../Users/Jeremy/Documents/GitHub/Study-Session/Trial_third_person 4.6/Content/StarterContent/Mesh/SM_Curtain.uasset.
[2014.12.13-23.09.43:244][170]LoadErrors:Error: Error /Game/StarterContent/Mesh/SM_Curtain : Can't find file for asset. /Game/ArchVis/Materials/M_Curtain_MAT_Inst
[2014.12.13-23.09.43:244][170]LogLinker:Warning: Can't find file '/Game/ArchVis/Materials/M_Curtain_MAT_Inst'
[2014.12.13-23.09.43:244][170]LogLinker:Warning: Can't find file for asset '/Game/ArchVis/Materials/M_Curtain_MAT_Inst' while loading ../../../../../../Users/Jeremy/Documents/GitHub/Study-Session/Trial_third_person 4.6/Content/StarterContent/Mesh/SM_Curtain.uasset.
[2014.12.13-23.09.43:247][170]LogLinker:Warning: Can't find file '/Game/ArchVis/Materials/M_FloorLamp_Mat_Inst'
[2014.12.13-23.09.43:247][170]LogLinker:Warning: Can't find file for asset '/Game/ArchVis/Materials/M_FloorLamp_Mat_Inst' while loading ../../../../../../Users/Jeremy/Documents/GitHub/Study-Session/Trial_third_person 4.6/Content/StarterContent/Mesh/SM_FloorLamp.uasset.
[2014.12.13-23.09.43:248][170]LoadErrors:Error: Error /Game/StarterContent/Mesh/SM_FloorLamp : Can't find file for asset. /Game/ArchVis/Materials/M_FloorLamp_Mat_Inst
[2014.12.13-23.09.43:248][170]LogLinker:Warning: Can't find file '/Game/ArchVis/Materials/M_FloorLamp_Mat_Inst'
[2014.12.13-23.09.43:248][170]LogLinker:Warning: Can't find file for asset '/Game/ArchVis/Materials/M_FloorLamp_Mat_Inst' while loading ../../../../../../Users/Jeremy/Documents/GitHub/Study-Session/Trial_third_person 4.6/Content/StarterContent/Mesh/SM_FloorLamp.uasset.
[2014.12.13-23.09.43:253][170]LogLinker:Warning: Can't find file '/Game/ArchVis/Materials/M_Shelving_Inst'
[2014.12.13-23.09.43:253][170]LogLinker:Warning: Can't find file for asset '/Game/ArchVis/Materials/M_Shelving_Inst' while loading ../../../../../../Users/Jeremy/Documents/GitHub/Study-Session/Trial_third_person 4.6/Content/StarterContent/Mesh/SM_Shelving.uasset.
[2014.12.13-23.09.43:253][170]LoadErrors:Error: Error /Game/StarterContent/Mesh/SM_Shelving : Can't find file for asset. /Game/ArchVis/Materials/M_Shelving_Inst
[2014.12.13-23.09.43:254][170]LogLinker:Warning: Can't find file '/Game/ArchVis/Materials/M_Shelving_Inst'
[2014.12.13-23.09.43:254][170]LogLinker:Warning: Can't find file for asset '/Game/ArchVis/Materials/M_Shelving_Inst' while loading ../../../../../../Users/Jeremy/Documents/GitHub/Study-Session/Trial_third_person 4.6/Content/StarterContent/Mesh/SM_Shelving.uasset.
[2014.12.13-23.09.43:256][170]LogLinker:Warning: Can't find file '/Game/ArchVis/Materials/M_TV_Inst'
[2014.12.13-23.09.43:256][170]LogLinker:Warning: Can't find file for asset '/Game/ArchVis/Materials/M_TV_Inst' while loading ../../../../../../Users/Jeremy/Documents/GitHub/Study-Session/Trial_third_person 4.6/Content/StarterContent/Mesh/SM_TV.uasset.
[2014.12.13-23.09.43:257][170]LoadErrors:Error: Error /Game/StarterContent/Mesh/SM_TV : Can't find file for asset. /Game/ArchVis/Materials/M_TV_Inst
[2014.12.13-23.09.43:257][170]LogLinker:Warning: Can't find file '/Game/ArchVis/Materials/M_TV_Inst'
[2014.12.13-23.09.43:257][170]LogLinker:Warning: Can't find file for asset '/Game/ArchVis/Materials/M_TV_Inst' while loading ../../../../../../Users/Jeremy/Documents/GitHub/Study-Session/Trial_third_person 4.6/Content/StarterContent/Mesh/SM_TV.uasset.
[2014.12.13-23.09.43:259][170]LogLinker:Warning: Can't find file '/Game/ArchVis/Materials/M_Statue_Inst'
[2014.12.13-23.09.43:259][170]LogLinker:Warning: Can't find file for asset '/Game/ArchVis/Materials/M_Statue_Inst' while loading ../../../../../../Users/Jeremy/Documents/GitHub/Study-Session/Trial_third_person 4.6/Content/StarterContent/Mesh/Statue.uasset.
[2014.12.13-23.09.43:260][170]LoadErrors:Error: Error /Game/StarterContent/Mesh/Statue : Can't find file for asset. /Game/ArchVis/Materials/M_Statue_Inst
[2014.12.13-23.09.43:260][170]LogLinker:Warning: Can't find file '/Game/ArchVis/Materials/M_Statue_Inst'
[2014.12.13-23.09.43:260][170]LogLinker:Warning: Can't find file for asset '/Game/ArchVis/Materials/M_Statue_Inst' while loading ../../../../../../Users/Jeremy/Documents/GitHub/Study-Session/Trial_third_person 4.6/Content/StarterContent/Mesh/Statue.uasset.
[2014.12.13-23.09.43:466][170]LogLinker:Warning: Can't find file '/Game/ArchVis/Textures/T_Shelving_N'
[2014.12.13-23.09.43:466][170]LoadErrors: Info Failed to load /Game/ArchVis/Textures/T_Shelving_N.T_Shelving_N Referenced by M_Shelving
[2014.12.13-23.09.43:467][170]LogLinker:Warning: Can't find file for asset '/Game/ArchVis/Textures/T_Shelving_N' while loading NULL.
[2014.12.13-23.09.43:467][170]LogLinker:Warning: Can't find file '/Game/ArchVis/Textures/T_Wood'
[2014.12.13-23.09.43:467][170]LoadErrors: Info Failed to load /Game/ArchVis/Textures/T_Wood.T_Wood Referenced by M_Shelving
[2014.12.13-23.09.43:467][170]LogLinker:Warning: Can't find file for asset '/Game/ArchVis/Textures/T_Wood' while loading NULL.
[2014.12.13-23.09.43:468][170]LogLinker:Warning: Can't find file '/Game/ArchVis/Textures/T_Shelving_M'
[2014.12.13-23.09.43:468][170]LoadErrors: Info Failed to load /Game/ArchVis/Textures/T_Shelving_M.T_Shelving_M Referenced by M_Shelving
[2014.12.13-23.09.43:468][170]LogLinker:Warning: Can't find file for asset '/Game/ArchVis/Textures/T_Shelving_M' while loading NULL.
[2014.12.13-23.09.43:469][170]LogLinker:Warning: Can't find file '/Game/ArchVis/Textures/T_Wood_S'
[2014.12.13-23.09.43:469][170]LoadErrors: Info Failed to load /Game/ArchVis/Textures/T_Wood_S.T_Wood_S Referenced by M_Shelving
[2014.12.13-23.09.43:469][170]LogLinker:Warning: Can't find file for asset '/Game/ArchVis/Textures/T_Wood_S' while loading NULL.
[2014.12.13-23.09.43:470][170]LogLinker:Warning: Can't find file '/Game/ArchVis/Textures/T_Shelving_N'
[2014.12.13-23.09.43:470][170]LoadErrors: Info Failed to load /Game/ArchVis/Textures/T_Shelving_N.T_Shelving_N Referenced by MaterialExpressionTextureSample_0
[2014.12.13-23.09.43:470][170]LogLinker:Warning: Can't find file for asset '/Game/ArchVis/Textures/T_Shelving_N' while loading NULL.
[2014.12.13-23.09.43:470][170]LogLinker:Warning: Can't find file '/Game/ArchVis/Textures/T_Shelving_M'
[2014.12.13-23.09.43:470][170]LoadErrors: Info Failed to load /Game/ArchVis/Textures/T_Shelving_M.T_Shelving_M Referenced by MaterialExpressionTextureSample_1
[2014.12.13-23.09.43:471][170]LogLinker:Warning: Can't find file for asset '/Game/ArchVis/Textures/T_Shelving_M' while loading NULL.
[2014.12.13-23.09.43:471][170]LogLinker:Warning: Can't find file '/Game/ArchVis/Textures/T_Wood'
[2014.12.13-23.09.43:471][170]LoadErrors: Info Failed to load /Game/ArchVis/Textures/T_Wood.T_Wood Referenced by MaterialExpressionTextureSample_4
[2014.12.13-23.09.43:472][170]LogLinker:Warning: Can't find file for asset '/Game/ArchVis/Textures/T_Wood' while loading NULL.
[2014.12.13-23.09.43:472][170]LogLinker:Warning: Can't find file '/Game/ArchVis/Textures/T_Wood_S'
[2014.12.13-23.09.43:472][170]LoadErrors: Info Failed to load /Game/ArchVis/Textures/T_Wood_S.T_Wood_S Referenced by MaterialExpressionTextureSample_5
[2014.12.13-23.09.43:472][170]LogLinker:Warning: Can't find file for asset '/Game/ArchVis/Textures/T_Wood_S' while loading NULL.
[2014.12.13-23.09.43:492][170]LogLinker:Warning: Can't find file '/Game/ArchVis/Materials/M_CoffeTable_MAT_Inst'
[2014.12.13-23.09.43:493][170]LoadErrors: Info Failed to load /Game/ArchVis/Materials/M_CoffeTable_MAT_Inst.M_CoffeTable_MAT_Inst Referenced by SM_CoffeeTable
[2014.12.13-23.09.43:493][170]LogLinker:Warning: Can't find file for asset '/Game/ArchVis/Materials/M_CoffeTable_MAT_Inst' while loading NULL.
[2014.12.13-23.09.43:494][170]LogLinker:Warning: Can't find file '/Game/ArchVis/Materials/M_Curtain_MAT_Inst'
[2014.12.13-23.09.43:494][170]LoadErrors: Info Failed to load /Game/ArchVis/Materials/M_Curtain_MAT_Inst.M_Curtain_MAT_Inst Referenced by SM_Curtain
[2014.12.13-23.09.43:494][170]LogLinker:Warning: Can't find file for asset '/Game/ArchVis/Materials/M_Curtain_MAT_Inst' while loading NULL.
[2014.12.13-23.09.43:494][170]LogLinker:Warning: Can't find file '/Game/ArchVis/Materials/M_FloorLamp_Mat_Inst'
[2014.12.13-23.09.43:495][170]LoadErrors: Info Failed to load /Game/ArchVis/Materials/M_FloorLamp_Mat_Inst.M_FloorLamp_Mat_Inst Referenced by SM_FloorLamp
[2014.12.13-23.09.43:495][170]LogLinker:Warning: Can't find file for asset '/Game/ArchVis/Materials/M_FloorLamp_Mat_Inst' while loading NULL.
[2014.12.13-23.09.43:496][170]LogLinker:Warning: Can't find file '/Game/ArchVis/Materials/M_Shelving_Inst'
[2014.12.13-23.09.43:496][170]LoadErrors: Info Failed to load /Game/ArchVis/Materials/M_Shelving_Inst.M_Shelving_Inst Referenced by SM_Shelving
[2014.12.13-23.09.43:496][170]LogLinker:Warning: Can't find file for asset '/Game/ArchVis/Materials/M_Shelving_Inst' while loading NULL.
[2014.12.13-23.09.43:496][170]LogLinker:Warning: Can't find file '/Game/ArchVis/Materials/M_TV_Inst'
[2014.12.13-23.09.43:497][170]LoadErrors: Info Failed to load /Game/ArchVis/Materials/M_TV_Inst.M_TV_Inst Referenced by SM_TV
[2014.12.13-23.09.43:497][170]LogLinker:Warning: Can't find file for asset '/Game/ArchVis/Materials/M_TV_Inst' while loading NULL.
[2014.12.13-23.09.43:497][170]LogLinker:Warning: Can't find file '/Game/ArchVis/Materials/M_Statue_Inst'
[2014.12.13-23.09.43:497][170]LoadErrors: Info Failed to load /Game/ArchVis/Materials/M_Statue_Inst.M_Statue_Inst Referenced by Statue
[2014.12.13-23.09.43:498][170]LogLinker:Warning: Can't find file for asset '/Game/ArchVis/Materials/M_Statue_Inst' while loading NULL.
[2014.12.13-23.09.43:610][170]LogMaterial: Missing cached shader map for material M_Shelving, compiling.
[2014.12.13-23.09.43:613][170]LogMaterial:Warning: Failed to compile Material /Game/StarterContent/Materials/Materials/M_Shelving.M_Shelving for platform PCD3D_SM5, Default Material will be used in game.
[2014.12.13-23.09.43:613][170]LogMaterial:Warning: 	(Node TextureSample) TextureSample> Missing input texture
[2014.12.13-23.09.44:238][170]Cmd: MAP LOAD FILE="../../../../../../Users/Jeremy/Documents/GitHub/Study-Session/Trial_third_person 4.6/Content/Maps/LivingRoom.umap" TEMPLATE=0 SHOWPROGRESS=1
[2014.12.13-23.09.44:238][170]LightingResults: New page: Lighting Build
[2014.12.13-23.09.44:270][170]LoadErrors: New page: Loading map: LivingRoom.umap
[2014.12.13-23.09.44:271][170]MapCheck: New page: Map Check
[2014.12.13-23.09.44:271][170]LightingResults: New page: Lighting Build
[2014.12.13-23.09.44:343][170]LogParticles: Destroying 0 GPU particle simulations for FXSystem 0x000000000CA74360
[2014.12.13-23.09.44:343][170]LogPhysics:Warning: AddConvexElemsToRigidActor: ConvexElem is missing ConvexMesh (11: /Game/Character/newcatcauseoldcatsucks.newcatcauseoldcatsucks:BodySetup_3)
[2014.12.13-23.09.44:349][170]LogEditorServer: Finished looking for orphan Actors (0.000 secs)
[2014.12.13-23.09.44:350][170]LogAIModule: Creating AISystem for world LivingRoom
[2014.12.13-23.09.44:395][170]Cmd: MAP CHECKDEP
[2014.12.13-23.09.44:395][170]MapCheck: New page: LivingRoom - Dec 13, 2014, 7:09:44 AM
[2014.12.13-23.09.44:570][170]MapCheck: Info Map check complete: 0 Error(s), 0 Warning(s), took 174.787ms to complete.
[2014.12.13-23.09.44:573][170]LogFileHelpers: Loading map 'LivingRoom' took 0.337
[2014.12.13-23.09.54:961][901]LogUObjectGlobals:Warning: Failed to find object 'Object None.'
[2014.12.13-23.09.54:962][901]LogUObjectGlobals:Warning: Failed to find object 'Object None.'
[2014.12.13-23.09.54:962][901]LogUObjectGlobals:Warning: Failed to find object 'Object None.'
[2014.12.13-23.09.54:962][901]LogUObjectGlobals:Warning: Failed to find object 'Object None.'
[2014.12.13-23.09.54:962][901]LogUObjectGlobals:Warning: Failed to find object 'Object None.'
[2014.12.13-23.09.54:962][901]LogProperty:Warning: ObjectProperty /Script/Engine.EdGraphPin:LinkedTo.LinkedTo: unresolved reference to 'EdGraphPin'"K2Node_CreateWidget_13.EdGraphPin_3041"''
[2014.12.13-23.09.54:963][901]LogProperty:Warning: ObjectProperty /Script/Engine.EdGraphPin:LinkedTo.LinkedTo: unresolved reference to 'EdGraphPin'"K2Node_CallFunction_20235.EdGraphPin_2984"''
[2014.12.13-23.09.54:963][901]LogProperty:Warning: ObjectProperty /Script/Engine.EdGraphPin:LinkedTo.LinkedTo: unresolved reference to 'EdGraphPin'"K2Node_CallFunction_20235.EdGraphPin_2986"''
[2014.12.13-23.09.54:964][901]LogUObjectHash:Warning: Ambiguous search, could be K2Node_VariableSet /Game/Maps/LivingRoom.LivingRoom:PersistentLevel.LivingRoom.EventGraph.K2Node_VariableSet_312 or K2Node_VariableSet /Engine/Transient.PROTO_BP_Blueprint_0:UserConstructionScript.K2Node_VariableSet_312
[2014.12.13-23.09.54:964][901]LogProperty:Warning: ObjectProperty /Script/Engine.EdGraphPin:LinkedTo.LinkedTo: unresolved reference to 'EdGraphPin'"K2Node_VariableSet_312.EdGraphPin_3005"''
[2014.12.13-23.09.54:965][901]LogUObjectHash:Warning: Ambiguous search, could be K2Node_VariableSet /Game/Maps/LivingRoom.LivingRoom:PersistentLevel.LivingRoom.EventGraph.K2Node_VariableSet_312 or K2Node_VariableSet /Engine/Transient.PROTO_BP_Blueprint_0:UserConstructionScript.K2Node_VariableSet_312
[2014.12.13-23.09.54:965][901]LogProperty:Warning: ObjectProperty /Script/Engine.EdGraphPin:LinkedTo.LinkedTo: unresolved reference to 'EdGraphPin'"K2Node_VariableSet_312.EdGraphPin_3008"''
[2014.12.13-23.09.56:677][988]BlueprintLog: New page: Compile LivingRoom
[2014.12.13-23.09.56:778][988]BlueprintEditorCompileResults: Info [0368.12] Compile of LivingRoom successful! [in 98 ms]
[2014.12.13-23.10.03:124][368]LogSavePackage: Save=685.706360ms
[2014.12.13-23.10.03:124][368]LogSavePackage: Moving '../../../../../../Users/Jeremy/Documents/GitHub/Study-Session/Trial_third_person 4.6/Saved/LivingRoom6BC6341F4261ED38D9064BBF6F7DF14A.tmp' to '../../../../../../Users/Jeremy/Documents/GitHub/Study-Session/Trial_third_person 4.6/Content/Maps/LivingRoom.umap'
[2014.12.13-23.10.05:165][497]LogLinker:Warning: Can't find file '/Game/Assets/Materials/M_PineTree_Bark_Inst'
[2014.12.13-23.10.05:166][497]LogLinker:Warning: Can't find file for asset '/Game/Assets/Materials/M_PineTree_Bark_Inst' while loading ../../../../../../Users/Jeremy/Documents/GitHub/Study-Session/Trial_third_person 4.6/Content/StarterContent/Mesh/SM_PineTree.uasset.
[2014.12.13-23.10.05:166][497]LoadErrors:Error: Error /Game/StarterContent/Mesh/SM_PineTree : Can't find file for asset. /Game/Assets/Materials/M_PineTree_Bark_Inst
[2014.12.13-23.10.05:166][497]LogLinker:Warning: Can't find file '/Game/Assets/Materials/MI_PineTree_Billboard_Inst'
[2014.12.13-23.10.05:166][497]LogLinker:Warning: Can't find file for asset '/Game/Assets/Materials/MI_PineTree_Billboard_Inst' while loading ../../../../../../Users/Jeremy/Documents/GitHub/Study-Session/Trial_third_person 4.6/Content/StarterContent/Mesh/SM_PineTree.uasset.
[2014.12.13-23.10.05:166][497]LoadErrors:Error: Error /Game/StarterContent/Mesh/SM_PineTree : Can't find file for asset. /Game/Assets/Materials/MI_PineTree_Billboard_Inst
[2014.12.13-23.10.05:167][497]LogLinker:Warning: Can't find file '/Game/Assets/Materials/MI_PineTree_Branch_Inst'
[2014.12.13-23.10.05:167][497]LogLinker:Warning: Can't find file for asset '/Game/Assets/Materials/MI_PineTree_Branch_Inst' while loading ../../../../../../Users/Jeremy/Documents/GitHub/Study-Session/Trial_third_person 4.6/Content/StarterContent/Mesh/SM_PineTree.uasset.
[2014.12.13-23.10.05:167][497]LoadErrors:Error: Error /Game/StarterContent/Mesh/SM_PineTree : Can't find file for asset. /Game/Assets/Materials/MI_PineTree_Branch_Inst
[2014.12.13-23.10.05:168][497]LogLinker:Warning: Can't find file '/Game/Assets/Materials/M_PineTree_Bark_Inst'
[2014.12.13-23.10.05:168][497]LogLinker:Warning: Can't find file for asset '/Game/Assets/Materials/M_PineTree_Bark_Inst' while loading ../../../../../../Users/Jeremy/Documents/GitHub/Study-Session/Trial_third_person 4.6/Content/StarterContent/Mesh/SM_PineTree.uasset.
[2014.12.13-23.10.05:168][497]LogLinker:Warning: Can't find file '/Game/Assets/Materials/MI_PineTree_Billboard_Inst'
[2014.12.13-23.10.05:169][497]LogLinker:Warning: Can't find file for asset '/Game/Assets/Materials/MI_PineTree_Billboard_Inst' while loading ../../../../../../Users/Jeremy/Documents/GitHub/Study-Session/Trial_third_person 4.6/Content/StarterContent/Mesh/SM_PineTree.uasset.
[2014.12.13-23.10.05:169][497]LogLinker:Warning: Can't find file '/Game/Assets/Materials/MI_PineTree_Branch_Inst'
[2014.12.13-23.10.05:169][497]LogLinker:Warning: Can't find file for asset '/Game/Assets/Materials/MI_PineTree_Branch_Inst' while loading ../../../../../../Users/Jeremy/Documents/GitHub/Study-Session/Trial_third_person 4.6/Content/StarterContent/Mesh/SM_PineTree.uasset.
[2014.12.13-23.10.05:173][497]LogLinker:Warning: Can't find file '/Game/Assets/Materials/M_UFO_Crash'
[2014.12.13-23.10.05:173][497]LogLinker:Warning: Can't find file for asset '/Game/Assets/Materials/M_UFO_Crash' while loading ../../../../../../Users/Jeremy/Documents/GitHub/Study-Session/Trial_third_person 4.6/Content/StarterContent/Mesh/SM_UFO_Main.uasset.
[2014.12.13-23.10.05:173][497]LoadErrors:Error: Error /Game/StarterContent/Mesh/SM_UFO_Main : Can't find file for asset. /Game/Assets/Materials/M_UFO_Crash
[2014.12.13-23.10.05:173][497]LogLinker:Warning: Can't find file '/Game/Assets/Materials/M_UFO_Crash'
[2014.12.13-23.10.05:174][497]LogLinker:Warning: Can't find file for asset '/Game/Assets/Materials/M_UFO_Crash' while loading ../../../../../../Users/Jeremy/Documents/GitHub/Study-Session/Trial_third_person 4.6/Content/StarterContent/Mesh/SM_UFO_Main.uasset.
[2014.12.13-23.10.05:415][497]LogLinker:Warning: Can't find file '/Game/Assets/Materials/M_PineTree_Bark_Inst'
[2014.12.13-23.10.05:416][497]LoadErrors: Info Failed to load /Game/Assets/Materials/M_PineTree_Bark_Inst.M_PineTree_Bark_Inst Referenced by SM_PineTree
[2014.12.13-23.10.05:416][497]LogLinker:Warning: Can't find file for asset '/Game/Assets/Materials/M_PineTree_Bark_Inst' while loading NULL.
[2014.12.13-23.10.05:416][497]LogLinker:Warning: Can't find file '/Game/Assets/Materials/MI_PineTree_Branch_Inst'
[2014.12.13-23.10.05:416][497]LoadErrors: Info Failed to load /Game/Assets/Materials/MI_PineTree_Branch_Inst.MI_PineTree_Branch_Inst Referenced by SM_PineTree
[2014.12.13-23.10.05:417][497]LogLinker:Warning: Can't find file for asset '/Game/Assets/Materials/MI_PineTree_Branch_Inst' while loading NULL.
[2014.12.13-23.10.05:417][497]LogLinker:Warning: Can't find file '/Game/Assets/Materials/M_PineTree_Bark_Inst'
[2014.12.13-23.10.05:417][497]LogLinker:Warning: Can't find file for asset '/Game/Assets/Materials/M_PineTree_Bark_Inst' while loading NULL.
[2014.12.13-23.10.05:418][497]LogLinker:Warning: Can't find file '/Game/Assets/Materials/MI_PineTree_Branch_Inst'
[2014.12.13-23.10.05:418][497]LogLinker:Warning: Can't find file for asset '/Game/Assets/Materials/MI_PineTree_Branch_Inst' while loading NULL.
[2014.12.13-23.10.05:418][497]LogLinker:Warning: Can't find file '/Game/Assets/Materials/MI_PineTree_Billboard_Inst'
[2014.12.13-23.10.05:418][497]LoadErrors: Info Failed to load /Game/Assets/Materials/MI_PineTree_Billboard_Inst.MI_PineTree_Billboard_Inst Referenced by SM_PineTree
[2014.12.13-23.10.05:419][497]LogLinker:Warning: Can't find file for asset '/Game/Assets/Materials/MI_PineTree_Billboard_Inst' while loading NULL.
[2014.12.13-23.10.05:419][497]LogLinker:Warning: Can't find file '/Game/Assets/Materials/MI_PineTree_Billboard_Inst'
[2014.12.13-23.10.05:419][497]LogLinker:Warning: Can't find file for asset '/Game/Assets/Materials/MI_PineTree_Billboard_Inst' while loading NULL.
[2014.12.13-23.10.05:420][497]LogLinker:Warning: Can't find file '/Game/Assets/Materials/MI_PineTree_Billboard_Inst'
[2014.12.13-23.10.05:420][497]LogLinker:Warning: Can't find file for asset '/Game/Assets/Materials/MI_PineTree_Billboard_Inst' while loading NULL.
[2014.12.13-23.10.05:420][497]LogLinker:Warning: Can't find file '/Game/Assets/Materials/MI_PineTree_Billboard_Inst'
[2014.12.13-23.10.05:420][497]LogLinker:Warning: Can't find file for asset '/Game/Assets/Materials/MI_PineTree_Billboard_Inst' while loading NULL.
[2014.12.13-23.10.05:421][497]LogLinker:Warning: Can't find file '/Game/Assets/Materials/M_UFO_Crash'
[2014.12.13-23.10.05:421][497]LoadErrors: Info Failed to load /Game/Assets/Materials/M_UFO_Crash.M_UFO_Crash Referenced by SM_UFO_Main
[2014.12.13-23.10.05:421][497]LogLinker:Warning: Can't find file for asset '/Game/Assets/Materials/M_UFO_Crash' while loading NULL.
[2014.12.13-23.10.05:857][497]LogParticles:Warning: InitializeSystem called on an unregistered component. Template=/Game/StarterContent/Particles/P_Sparks.P_Sparks Component=/Game/Maps/ForestLevel.ForestLevel:PersistentLevel.P_Sparks_2.ParticleSystemComponent0
[2014.12.13-23.10.05:858][497]LogParticles:Warning: InitializeSystem called on an unregistered component. Template=/Game/StarterContent/Particles/P_Fire.P_Fire Component=/Game/Maps/ForestLevel.ForestLevel:PersistentLevel.P_Fire_5.ParticleSystemComponent0
[2014.12.13-23.10.05:858][497]LogParticles:Warning: InitializeSystem called on an unregistered component. Template=/Game/StarterContent/Particles/P_Fire.P_Fire Component=/Game/Maps/ForestLevel.ForestLevel:PersistentLevel.P_Fire2_8.ParticleSystemComponent0
[2014.12.13-23.10.05:858][497]LogParticles:Warning: InitializeSystem called on an unregistered component. Template=/Game/StarterContent/Particles/P_Fire.P_Fire Component=/Game/Maps/ForestLevel.ForestLevel:PersistentLevel.P_Fire3_11.ParticleSystemComponent0
[2014.12.13-23.10.05:858][497]LogParticles:Warning: InitializeSystem called on an unregistered component. Template=/Game/StarterContent/Particles/P_Fire.P_Fire Component=/Game/Maps/ForestLevel.ForestLevel:PersistentLevel.P_Fire4_14.ParticleSystemComponent0
[2014.12.13-23.10.05:858][497]LogParticles:Warning: InitializeSystem called on an unregistered component. Template=/Game/StarterContent/Particles/P_Smoke.P_Smoke Component=/Game/Maps/ForestLevel.ForestLevel:PersistentLevel.P_Smoke_17.ParticleSystemComponent0
[2014.12.13-23.10.05:858][497]LogParticles:Warning: InitializeSystem called on an unregistered component. Template=/Game/StarterContent/Particles/P_Smoke.P_Smoke Component=/Game/Maps/ForestLevel.ForestLevel:PersistentLevel.P_Smoke2_20.ParticleSystemComponent0
[2014.12.13-23.10.05:858][497]LogParticles:Warning: InitializeSystem called on an unregistered component. Template=/Game/StarterContent/Particles/P_Smoke.P_Smoke Component=/Game/Maps/ForestLevel.ForestLevel:PersistentLevel.P_Smoke3_23.ParticleSystemComponent0
[2014.12.13-23.10.05:861][497]LogParticles:Warning: InitializeSystem called on an unregistered component. Template=/Game/StarterContent/Particles/P_Fire.P_Fire Component=/Game/Maps/ForestLevel.ForestLevel:PersistentLevel.P_Fire5_26.ParticleSystemComponent0
[2014.12.13-23.10.05:861][497]LogParticles:Warning: InitializeSystem called on an unregistered component. Template=/Game/StarterContent/Particles/P_Fire.P_Fire Component=/Game/Maps/ForestLevel.ForestLevel:PersistentLevel.P_Fire6.ParticleSystemComponent0
[2014.12.13-23.10.05:861][497]LogParticles:Warning: InitializeSystem called on an unregistered component. Template=/Game/StarterContent/Particles/P_Fire.P_Fire Component=/Game/Maps/ForestLevel.ForestLevel:PersistentLevel.P_Fire7.ParticleSystemComponent0
[2014.12.13-23.10.05:862][497]LogParticles:Warning: InitializeSystem called on an unregistered component. Template=/Game/StarterContent/Particles/P_Fire.P_Fire Component=/Game/Maps/ForestLevel.ForestLevel:PersistentLevel.P_Fire8.ParticleSystemComponent0
[2014.12.13-23.10.05:862][497]LogParticles:Warning: InitializeSystem called on an unregistered component. Template=/Game/StarterContent/Particles/P_Fire.P_Fire Component=/Game/Maps/ForestLevel.ForestLevel:PersistentLevel.P_Fire9.ParticleSystemComponent0
[2014.12.13-23.10.05:862][497]LogParticles:Warning: InitializeSystem called on an unregistered component. Template=/Game/StarterContent/Particles/P_Fire.P_Fire Component=/Game/Maps/ForestLevel.ForestLevel:PersistentLevel.P_Fire10.ParticleSystemComponent0
[2014.12.13-23.10.05:862][497]LogParticles:Warning: InitializeSystem called on an unregistered component. Template=/Game/StarterContent/Particles/P_Fire.P_Fire Component=/Game/Maps/ForestLevel.ForestLevel:PersistentLevel.P_Fire11.ParticleSystemComponent0
[2014.12.13-23.10.05:863][497]LogParticles:Warning: InitializeSystem called on an unregistered component. Template=/Game/StarterContent/Particles/P_Fire.P_Fire Component=/Game/Maps/ForestLevel.ForestLevel:PersistentLevel.P_Fire12.ParticleSystemComponent0
[2014.12.13-23.10.05:863][497]LogParticles:Warning: InitializeSystem called on an unregistered component. Template=/Game/StarterContent/Particles/P_Fire.P_Fire Component=/Game/Maps/ForestLevel.ForestLevel:PersistentLevel.P_Fire13.ParticleSystemComponent0
[2014.12.13-23.10.05:863][497]LogParticles:Warning: InitializeSystem called on an unregistered component. Template=/Game/StarterContent/Particles/P_Fire.P_Fire Component=/Game/Maps/ForestLevel.ForestLevel:PersistentLevel.P_Fire14.ParticleSystemComponent0
[2014.12.13-23.10.05:863][497]LogParticles:Warning: InitializeSystem called on an unregistered component. Template=/Game/StarterContent/Particles/P_Fire.P_Fire Component=/Game/Maps/ForestLevel.ForestLevel:PersistentLevel.P_Fire15.ParticleSystemComponent0
[2014.12.13-23.10.05:863][497]LogParticles:Warning: InitializeSystem called on an unregistered component. Template=/Game/StarterContent/Particles/P_Fire.P_Fire Component=/Game/Maps/ForestLevel.ForestLevel:PersistentLevel.P_Fire16.ParticleSystemComponent0
[2014.12.13-23.10.05:863][497]LogParticles:Warning: InitializeSystem called on an unregistered component. Template=/Game/StarterContent/Particles/P_Fire.P_Fire Component=/Game/Maps/ForestLevel.ForestLevel:PersistentLevel.P_Fire17.ParticleSystemComponent0
[2014.12.13-23.10.05:863][497]LogParticles:Warning: InitializeSystem called on an unregistered component. Template=/Game/StarterContent/Particles/P_Fire.P_Fire Component=/Game/Maps/ForestLevel.ForestLevel:PersistentLevel.P_Fire18.ParticleSystemComponent0
[2014.12.13-23.10.05:864][497]LogParticles:Warning: InitializeSystem called on an unregistered component. Template=/Game/StarterContent/Particles/P_Fire.P_Fire Component=/Game/Maps/ForestLevel.ForestLevel:PersistentLevel.P_Fire19.ParticleSystemComponent0
[2014.12.13-23.10.05:915][497]Cmd: MAP LOAD FILE="../../../../../../Users/Jeremy/Documents/GitHub/Study-Session/Trial_third_person 4.6/Content/Maps/ForestLevel.umap" TEMPLATE=0 SHOWPROGRESS=1
[2014.12.13-23.10.05:915][497]LightingResults: New page: Lighting Build
[2014.12.13-23.10.05:951][497]LoadErrors: New page: Loading map: ForestLevel.umap
[2014.12.13-23.10.05:957][497]MapCheck: New page: Map Check
[2014.12.13-23.10.05:957][497]LightingResults: New page: Lighting Build
[2014.12.13-23.10.05:987][497]LogParticles: Destroying 0 GPU particle simulations for FXSystem 0x000000000CA77EC0
[2014.12.13-23.10.06:023][497]LogEditorServer: Finished looking for orphan Actors (0.000 secs)
[2014.12.13-23.10.06:023][497]LogAIModule: Creating AISystem for world ForestLevel
[2014.12.13-23.10.06:068][497]Cmd: MAP CHECKDEP
[2014.12.13-23.10.06:068][497]MapCheck: New page: ForestLevel - Dec 13, 2014, 7:10:06 AM
[2014.12.13-23.10.06:262][497]MapCheck: Info Map check complete: 0 Error(s), 0 Warning(s), took 193.408ms to complete.
[2014.12.13-23.10.06:264][497]LogFileHelpers: Loading map 'ForestLevel' took 0.352
[2014.12.13-23.10.06:363][498]Cmd: UpdateLandscapeEditorData -warnings
[2014.12.13-23.10.06:364][498]Cmd: UpdateLandscapeEditorData
[2014.12.13-23.10.11:728][856]LogUObjectGlobals:Warning: Failed to find object 'Object None.'
[2014.12.13-23.10.11:728][856]LogUObjectGlobals:Warning: Failed to find object 'Object None.'
[2014.12.13-23.10.11:729][856]LogUObjectGlobals:Warning: Failed to find object 'Object None.'
[2014.12.13-23.10.11:729][856]LogUObjectGlobals:Warning: Failed to find object 'Object None.'
[2014.12.13-23.10.11:729][856]LogUObjectGlobals:Warning: Failed to find object 'Object None.'
[2014.12.13-23.10.11:729][856]LogProperty:Warning: ObjectProperty /Script/Engine.EdGraphPin:LinkedTo.LinkedTo: unresolved reference to 'EdGraphPin'"K2Node_CreateWidget_13.EdGraphPin_3041"''
[2014.12.13-23.10.11:730][856]LogProperty:Warning: ObjectProperty /Script/Engine.EdGraphPin:LinkedTo.LinkedTo: unresolved reference to 'EdGraphPin'"K2Node_CallFunction_20235.EdGraphPin_2984"''
[2014.12.13-23.10.11:730][856]LogProperty:Warning: ObjectProperty /Script/Engine.EdGraphPin:LinkedTo.LinkedTo: unresolved reference to 'EdGraphPin'"K2Node_CallFunction_20235.EdGraphPin_2986"''
[2014.12.13-23.10.11:731][856]LogUObjectHash:Warning: Ambiguous search, could be K2Node_VariableSet /Game/Maps/ForestLevel.ForestLevel:PersistentLevel.ForestLevel.EventGraph.K2Node_VariableSet_312 or K2Node_VariableSet /Engine/Transient.PROTO_BP_Blueprint_0:UserConstructionScript.K2Node_VariableSet_312
[2014.12.13-23.10.11:731][856]LogProperty:Warning: ObjectProperty /Script/Engine.EdGraphPin:LinkedTo.LinkedTo: unresolved reference to 'EdGraphPin'"K2Node_VariableSet_312.EdGraphPin_3005"''
[2014.12.13-23.10.11:732][856]LogUObjectHash:Warning: Ambiguous search, could be K2Node_VariableSet /Game/Maps/ForestLevel.ForestLevel:PersistentLevel.ForestLevel.EventGraph.K2Node_VariableSet_312 or K2Node_VariableSet /Engine/Transient.PROTO_BP_Blueprint_0:UserConstructionScript.K2Node_VariableSet_312
[2014.12.13-23.10.11:732][856]LogProperty:Warning: ObjectProperty /Script/Engine.EdGraphPin:LinkedTo.LinkedTo: unresolved reference to 'EdGraphPin'"K2Node_VariableSet_312.EdGraphPin_3008"''
[2014.12.13-23.10.14:061][981]BlueprintLog: New page: Compile ForestLevel
[2014.12.13-23.10.14:165][981]BlueprintEditorCompileResults: Info [0385.50] Compile of ForestLevel successful! [in 101 ms]
[2014.12.13-23.10.22:012][434]LogSavePackage: Save=656.438538ms
[2014.12.13-23.10.22:012][434]LogSavePackage: Moving '../../../../../../Users/Jeremy/Documents/GitHub/Study-Session/Trial_third_person 4.6/Saved/ForestLevelA489B9DC4EF6F20B102359979CDB093D.tmp' to '../../../../../../Users/Jeremy/Documents/GitHub/Study-Session/Trial_third_person 4.6/Content/Maps/ForestLevel.umap'
[2014.12.13-23.10.24:588][499]Cmd: MAP LOAD FILE="../../../../../../Users/Jeremy/Documents/GitHub/Study-Session/Trial_third_person 4.6/Content/Maps/FinalLevel.umap" TEMPLATE=0 SHOWPROGRESS=1
[2014.12.13-23.10.24:588][499]LightingResults: New page: Lighting Build
[2014.12.13-23.10.24:625][499]LoadErrors: New page: Loading map: FinalLevel.umap
[2014.12.13-23.10.24:628][499]MapCheck: New page: Map Check
[2014.12.13-23.10.24:628][499]LightingResults: New page: Lighting Build
[2014.12.13-23.10.24:663][499]LogParticles: Destroying 0 GPU particle simulations for FXSystem 0x000000001F05D800
[2014.12.13-23.10.24:691][499]LogEditorServer: Finished looking for orphan Actors (0.000 secs)
[2014.12.13-23.10.24:692][499]LogAIModule: Creating AISystem for world FinalLevel
[2014.12.13-23.10.24:739][499]Cmd: MAP CHECKDEP
[2014.12.13-23.10.24:739][499]MapCheck: New page: FinalLevel - Dec 13, 2014, 7:10:24 AM
[2014.12.13-23.10.24:953][499]MapCheck: Info Map check complete: 0 Error(s), 0 Warning(s), took 213.795ms to complete.
[2014.12.13-23.10.24:955][499]LogFileHelpers: Loading map 'FinalLevel' took 0.371
[2014.12.13-23.10.25:200][500]Cmd: UpdateLandscapeEditorData
[2014.12.13-23.10.29:550][779]LogUObjectGlobals:Warning: Failed to find object 'Object None.'
[2014.12.13-23.10.29:550][779]LogUObjectGlobals:Warning: Failed to find object 'Object None.'
[2014.12.13-23.10.29:551][779]LogUObjectGlobals:Warning: Failed to find object 'Object None.'
[2014.12.13-23.10.29:551][779]LogUObjectGlobals:Warning: Failed to find object 'Object None.'
[2014.12.13-23.10.29:551][779]LogUObjectGlobals:Warning: Failed to find object 'Object None.'
[2014.12.13-23.10.29:551][779]LogProperty:Warning: ObjectProperty /Script/Engine.EdGraphPin:LinkedTo.LinkedTo: unresolved reference to 'EdGraphPin'"K2Node_CreateWidget_13.EdGraphPin_3041"''
[2014.12.13-23.10.29:552][779]LogProperty:Warning: ObjectProperty /Script/Engine.EdGraphPin:LinkedTo.LinkedTo: unresolved reference to 'EdGraphPin'"K2Node_CallFunction_20235.EdGraphPin_2984"''
[2014.12.13-23.10.29:552][779]LogProperty:Warning: ObjectProperty /Script/Engine.EdGraphPin:LinkedTo.LinkedTo: unresolved reference to 'EdGraphPin'"K2Node_CallFunction_20235.EdGraphPin_2986"''
[2014.12.13-23.10.29:553][779]LogUObjectHash:Warning: Ambiguous search, could be K2Node_VariableSet /Game/Maps/FinalLevel.FinalLevel:PersistentLevel.FinalLevel.EventGraph.K2Node_VariableSet_312 or K2Node_VariableSet /Engine/Transient.PROTO_BP_Blueprint_0:UserConstructionScript.K2Node_VariableSet_312
[2014.12.13-23.10.29:553][779]LogProperty:Warning: ObjectProperty /Script/Engine.EdGraphPin:LinkedTo.LinkedTo: unresolved reference to 'EdGraphPin'"K2Node_VariableSet_312.EdGraphPin_3005"''
[2014.12.13-23.10.29:554][779]LogUObjectHash:Warning: Ambiguous search, could be K2Node_VariableSet /Game/Maps/FinalLevel.FinalLevel:PersistentLevel.FinalLevel.EventGraph.K2Node_VariableSet_312 or K2Node_VariableSet /Engine/Transient.PROTO_BP_Blueprint_0:UserConstructionScript.K2Node_VariableSet_312
[2014.12.13-23.10.29:554][779]LogProperty:Warning: ObjectProperty /Script/Engine.EdGraphPin:LinkedTo.LinkedTo: unresolved reference to 'EdGraphPin'"K2Node_VariableSet_312.EdGraphPin_3008"''
[2014.12.13-23.10.31:271][874]BlueprintLog: New page: Compile FinalLevel
[2014.12.13-23.10.31:382][874]BlueprintEditorCompileResults: Info [0402.72] Compile of FinalLevel successful! [in 108 ms]
[2014.12.13-23.10.34:744][ 76]LogSavePackage: Save=127.834190ms
[2014.12.13-23.10.34:744][ 76]LogSavePackage: Moving '../../../../../../Users/Jeremy/Documents/GitHub/Study-Session/Trial_third_person 4.6/Saved/FinalLevel2F6F15D64505B92A97010A9A146D5967.tmp' to '../../../../../../Users/Jeremy/Documents/GitHub/Study-Session/Trial_third_person 4.6/Content/Maps/FinalLevel.umap'
[2014.12.13-23.10.43:729][704]LogSavePackage: Save=127.111618ms
[2014.12.13-23.10.43:729][704]LogSavePackage: Moving '../../../../../../Users/Jeremy/Documents/GitHub/Study-Session/Trial_third_person 4.6/Saved/UEDPCFinalLevel57345C604B76B1E2BF30E6BA72878723.tmp' to '../../../../../../Users/Jeremy/Documents/GitHub/Study-Session/Trial_third_person 4.6/Saved/Autosaves/Game/Maps/UEDPCFinalLevel.umap'
[2014.12.13-23.11.35:246][398]LogContentBrowser:Verbose: The content browser source was changed by the sources view to '/Game/Character'
[2014.12.13-23.11.36:447][464]LogContentBrowser:Verbose: The content browser source was changed by the sources view to '/Game/Blueprints'
[2014.12.13-23.11.46:156][326]BlueprintLog: New page: Compile MyGame
[2014.12.13-23.11.46:235][326]LogActorComponent: UnregisterComponent: (/Engine/Transient.CharacterMovementComponent_8) Not registered. Aborting.
[2014.12.13-23.11.46:235][326]LogActorComponent: UnregisterComponent: (/Engine/Transient.ProjectileMovementComponent_0) Not registered. Aborting.
[2014.12.13-23.11.46:235][326]LogActorComponent: UnregisterComponent: (/Engine/Transient.CharacterMovementComponent_9) Not registered. Aborting.
[2014.12.13-23.11.46:235][326]LogActorComponent: UnregisterComponent: (/Engine/Transient.PawnSensingComponent_4) Not registered. Aborting.
[2014.12.13-23.11.46:304][326]BlueprintEditorCompileResults: Info [0477.64] Compile of MyGame successful! [in 141 ms]
[2014.12.13-23.11.46:926][374]Cmd: OBJ SAVEPACKAGE PACKAGE="/Game/Blueprints/MyGame" FILE="../../../../../../Users/Jeremy/Documents/GitHub/Study-Session/Trial_third_person 4.6/Content/Blueprints/MyGame.uasset" SILENT=true
[2014.12.13-23.11.46:975][374]LogSavePackage: Save=20.284002ms
[2014.12.13-23.11.46:975][374]LogSavePackage: Moving '../../../../../../Users/Jeremy/Documents/GitHub/Study-Session/Trial_third_person 4.6/Saved/MyGame413561FE482152E08CBD6C9D82BFCC4D.tmp' to '../../../../../../Users/Jeremy/Documents/GitHub/Study-Session/Trial_third_person 4.6/Content/Blueprints/MyGame.uasset'
[2014.12.13-23.11.49:637][588]LogContentBrowser:Verbose: The content browser source was changed by the sources view to '/Game/Character'
[2014.12.13-23.11.50:428][635]LogContentBrowser:Verbose: The content browser source was changed by the sources view to '/Game/Maps'
[2014.12.13-23.11.51:900][734]LogBlueprint:Warning: [compiler] Warning  Remove from Viewport  is deprecated; Use RemoveFromParent instead
[2014.12.13-23.11.51:902][734]LogBlueprint:Warning: [compiler] Warning [0483.24] Compile of Start_Menu successful, but with 1 Warning(s) [in 6 ms]
[2014.12.13-23.11.51:904][734]LogBlueprint:Warning: [compiler] Warning  Remove from Viewport  is deprecated; Use RemoveFromParent instead
[2014.12.13-23.11.51:906][734]LogBlueprint:Warning: [compiler] Warning [0483.25] Compile of Start_Menu successful, but with 1 Warning(s) [in 3 ms]
[2014.12.13-23.11.51:907][734]LogBlueprint:Warning: [compiler] Warning [0483.25] Compile of Start_Menu successful, but with 2 Warning(s) [in 0 ms]
[2014.12.13-23.11.51:945][734]LogActorComponent: UnregisterComponent: (/Engine/Transient.CharacterMovementComponent_10) Not registered. Aborting.
[2014.12.13-23.11.51:945][734]LogActorComponent: UnregisterComponent: (/Engine/Transient.PawnSensingComponent_5) Not registered. Aborting.
[2014.12.13-23.11.51:945][734]LogActorComponent: UnregisterComponent: (/Engine/Transient.CharacterMovementComponent_11) Not registered. Aborting.
[2014.12.13-23.11.51:945][734]LogActorComponent: UnregisterComponent: (/Engine/Transient.ProjectileMovementComponent_1) Not registered. Aborting.
[2014.12.13-23.11.51:974][734]LogParticles: Destroying 0 GPU particle simulations for FXSystem 0x0000000024174400
[2014.12.13-23.11.51:989][734]Cmd: MAP LOAD FILE="../../../../../../Users/Jeremy/Documents/GitHub/Study-Session/Trial_third_person 4.6/Content/Maps/StartMenuLevel.umap" TEMPLATE=0 SHOWPROGRESS=1
[2014.12.13-23.11.51:989][734]LightingResults: New page: Lighting Build
[2014.12.13-23.11.52:026][734]LoadErrors: New page: Loading map: StartMenuLevel.umap
[2014.12.13-23.11.52:028][734]MapCheck: New page: Map Check
[2014.12.13-23.11.52:028][734]LightingResults: New page: Lighting Build
[2014.12.13-23.11.52:058][734]LogParticles: Destroying 0 GPU particle simulations for FXSystem 0x0000000025C40220
[2014.12.13-23.11.52:070][734]LogEditorServer: Finished looking for orphan Actors (0.000 secs)
[2014.12.13-23.11.52:070][734]LogAIModule: Creating AISystem for world StartMenuLevel
[2014.12.13-23.11.52:116][734]Cmd: MAP CHECKDEP
[2014.12.13-23.11.52:116][734]MapCheck: New page: StartMenuLevel - Dec 13, 2014, 7:11:52 AM
[2014.12.13-23.11.52:328][734]MapCheck: Info Map check complete: 0 Error(s), 0 Warning(s), took 211.753ms to complete.
[2014.12.13-23.11.52:330][734]LogFileHelpers: Loading map 'StartMenuLevel' took 0.344
[2014.12.13-23.11.55:749][971]LogSavePackage: Save=27.403204ms
[2014.12.13-23.11.55:749][971]LogSavePackage: Moving '../../../../../../Users/Jeremy/Documents/GitHub/Study-Session/Trial_third_person 4.6/Saved/UEDPCStartMenuLevel7AC605C94F933377787094BFF06AEB95.tmp' to '../../../../../../Users/Jeremy/Documents/GitHub/Study-Session/Trial_third_person 4.6/Saved/Autosaves/Game/Maps/UEDPCStartMenuLevel.umap'
[2014.12.13-23.12.40:889][607]LogSavePackage: Save=24.061647ms
[2014.12.13-23.12.40:889][607]LogSavePackage: Moving '../../../../../../Users/Jeremy/Documents/GitHub/Study-Session/Trial_third_person 4.6/Saved/StartMenuLevelF27B8F6745345CC867FF8D809587E0FE.tmp' to '../../../../../../Users/Jeremy/Documents/GitHub/Study-Session/Trial_third_person 4.6/Content/Maps/StartMenuLevel.umap'
[2014.12.13-23.12.43:904][878]LogContentBrowser:Verbose: The content browser source was changed by the sources view to '/Game'
[2014.12.13-23.12.58:174][618]BlueprintLog: New page: Compile Start_Menu
[2014.12.13-23.12.58:184][618]LogBlueprint:Warning: [compiler] Warning  Remove from Viewport  is deprecated; Use RemoveFromParent instead
[2014.12.13-23.12.58:302][618]LogBlueprint:Warning: [compiler] Warning [0549.64] Compile of Start_Menu successful, but with 1 Warning(s) [in 124 ms]
[2014.12.13-23.12.58:302][618]BlueprintEditorCompileResults:Warning: Warning  Remove from Viewport  is deprecated; Use RemoveFromParent instead
[2014.12.13-23.12.58:302][618]BlueprintEditorCompileResults:Warning: Warning [0549.64] Compile of Start_Menu successful, but with 1 Warning(s) [in 124 ms]
[2014.12.13-23.12.59:930][708]Cmd: OBJ SAVEPACKAGE PACKAGE="/Game/Start_Menu" FILE="../../../../../../Users/Jeremy/Documents/GitHub/Study-Session/Trial_third_person 4.6/Content/Start_Menu.uasset" SILENT=true
[2014.12.13-23.12.59:971][708]LogSavePackage: Save=15.559869ms
[2014.12.13-23.12.59:971][708]LogSavePackage: Moving '../../../../../../Users/Jeremy/Documents/GitHub/Study-Session/Trial_third_person 4.6/Saved/Start_Menu46643553465528B393F70B996B802D1E.tmp' to '../../../../../../Users/Jeremy/Documents/GitHub/Study-Session/Trial_third_person 4.6/Content/Start_Menu.uasset'
[2014.12.13-23.13.18:551][643]BlueprintLog: New page: Compile Start_Menu
[2014.12.13-23.13.18:682][643]BlueprintEditorCompileResults: Info [0570.02] Compile of Start_Menu successful! [in 126 ms]
[2014.12.13-23.13.19:381][677]Cmd: OBJ SAVEPACKAGE PACKAGE="/Game/Start_Menu" FILE="../../../../../../Users/Jeremy/Documents/GitHub/Study-Session/Trial_third_person 4.6/Content/Start_Menu.uasset" SILENT=true
[2014.12.13-23.13.19:420][677]LogSavePackage: Save=15.380446ms
[2014.12.13-23.13.19:420][677]LogSavePackage: Moving '../../../../../../Users/Jeremy/Documents/GitHub/Study-Session/Trial_third_person 4.6/Saved/Start_MenuAA830E254D5902AA182136BFD4F14538.tmp' to '../../../../../../Users/Jeremy/Documents/GitHub/Study-Session/Trial_third_person 4.6/Content/Start_Menu.uasset'
[2014.12.13-23.13.23:166][928]LogSavePackage: Save=26.387781ms
[2014.12.13-23.13.23:166][928]LogSavePackage: Moving '../../../../../../Users/Jeremy/Documents/GitHub/Study-Session/Trial_third_person 4.6/Saved/UEDPCStartMenuLevelC046BB884EA52A716DA9DEA76A535CDA.tmp' to '../../../../../../Users/Jeremy/Documents/GitHub/Study-Session/Trial_third_person 4.6/Saved/Autosaves/Game/Maps/UEDPCStartMenuLevel.umap'
[2014.12.13-23.14.04:826][430]MapCheck: New page: Map Check
[2014.12.13-23.14.05:323][430]Cmd: MAP REBUILD ALLVISIBLE
[2014.12.13-23.14.05:323][430]LogEditorServer: Rebuildmap Clear paths rebuilt
[2014.12.13-23.14.05:436][430]LightingResults: New page: Lighting Build - Dec 13, 2014, 7:14:05 AM
[2014.12.13-23.14.21:588][430]LogStaticLightingSystem:Warning: No importance volume found, so the scene bounding box was used.  You can optimize your scene's quality and lighting build times by adding importance volumes.
[2014.12.13-23.14.21:588][430]LogStaticLightingSystem: Running Lightmass w/ ImmediateImport mode ENABLED
[2014.12.13-23.14.21:588][430]LogStaticLightingSystem: Running Lightmass w/ ImmediateProcess mode ENABLED
[2014.12.13-23.14.21:588][430]LogStaticLightingSystem: Running Lightmass w/ Sorting mode ENABLED
[2014.12.13-23.14.21:588][430]LogStaticLightingSystem: Running Lightmass w/ Mapping paddings ENABLED
[2014.12.13-23.14.21:588][430]LogStaticLightingSystem: Running Lightmass w/ Mapping debug paddings DISABLED
[2014.12.13-23.14.21:764][430]LogEditorBuildUtils: Build time 0:00:16
[2014.12.13-23.14.21:824][430]LogMaterial: Missing cached shader map for material FLightmassMaterialRenderer WorldGridMaterial, compiling.
[2014.12.13-23.14.21:834][430]LogMaterial: Missing cached shader map for material FLightmassMaterialRenderer WorldGridMaterial, compiling.
[2014.12.13-23.14.23:522][434]LogParticles: Destroying 0 GPU particle simulations for FXSystem 0x000000001DA4AC00
[2014.12.13-23.14.27:146][610]Job is a success!
[2014.12.13-23.14.27:503][611]Lightmass on BRIANA-DESKTOP: 496 ms total, 162 ms importing, 0 ms setup, 108 ms photons, 204 ms processing, 0 ms extra exporting [0/0 mappings]. Threads: 789 ms total, 0 ms processing.
[2014.12.13-23.14.27:665][611]LogStaticLightingSystem:Warning: Illumination: 22.1 sec (0 ms encoding lightmaps)
[2014.12.13-23.14.27:665][611]LogStaticLightingSystem: Lightmap texture memory:  0.0 MB (0.0 MB streaming, 0.0 MB non-streaming), 0 textures
[2014.12.13-23.14.27:665][611]LogStaticLightingSystem: Shadowmap texture memory: 0.0 MB (0.0 MB streaming, 0.0 MB non-streaming), 0 textures
[2014.12.13-23.14.28:589][612]Cmd: MAP CHECK NOTIFYRESULTS
[2014.12.13-23.14.28:589][612]MapCheck: New page: StartMenuLevel - Dec 13, 2014, 7:14:28 AM
[2014.12.13-23.14.28:804][612]MapCheck: Info Map check complete: 0 Error(s), 0 Warning(s), took 214.401ms to complete.
[2014.12.13-23.15.40:158][684]LogSavePackage: Save=23.956047ms
[2014.12.13-23.15.40:158][684]LogSavePackage: Moving '../../../../../../Users/Jeremy/Documents/GitHub/Study-Session/Trial_third_person 4.6/Saved/StartMenuLevel3980AEDC406EE493CED91B9246B4BDA6.tmp' to '../../../../../../Users/Jeremy/Documents/GitHub/Study-Session/Trial_third_person 4.6/Content/Maps/StartMenuLevel.umap'
[2014.12.13-23.15.40:246][684]LogFileHelpers: Saving map 'StartMenuLevel' took 0.396
[2014.12.13-23.15.40:822][685]Cmd: QUIT_EDITOR
[2014.12.13-23.15.41:371][685]LogExit: Preparing to exit.
[2014.12.13-23.15.42:069][685]LogExit: Editor shut down
[2014.12.13-23.15.42:069][685]LogExit: Transaction tracking system shut down
[2014.12.13-23.15.42:076][685]LogParticles: Destroying 0 GPU particle simulations for FXSystem 0x000000001241F9C0
[2014.12.13-23.15.42:076][685]LogParticles: Destroying 0 GPU particle simulations for FXSystem 0x000000001241F6A0
[2014.12.13-23.15.42:076][685]LogParticles: Destroying 0 GPU particle simulations for FXSystem 0x000000001241C0E0
[2014.12.13-23.15.42:081][685]LogParticles: Destroying 0 GPU particle simulations for FXSystem 0x0000000016279580
[2014.12.13-23.15.42:084][685]LogParticles: Destroying 0 GPU particle simulations for FXSystem 0x00000000253F9800
[2014.12.13-23.15.42:084][685]LogParticles: Destroying 0 GPU particle simulations for FXSystem 0x00000000063140E0
[2014.12.13-23.15.42:084][685]LogParticles: Destroying 0 GPU particle simulations for FXSystem 0x0000000012B8D260
[2014.12.13-23.15.42:172][685]LogExit: Object subsystem successfully closed.
[2014.12.13-23.15.42:237][685]LogModuleManager: Shutting down and abandoning module SequencerWidgets (173)
[2014.12.13-23.15.42:237][685]LogModuleManager: Shutting down and abandoning module AndroidDeviceDetection (172)
[2014.12.13-23.15.42:237][685]LogModuleManager: Shutting down and abandoning module CrashTracker (171)
[2014.12.13-23.15.42:237][685]LogModuleManager: Shutting down and abandoning module SuperSearch (170)
[2014.12.13-23.15.42:237][685]LogModuleManager: Shutting down and abandoning module SceneOutliner (169)
[2014.12.13-23.15.42:237][685]LogModuleManager: Shutting down and abandoning module EditorWidgets (168)
[2014.12.13-23.15.42:237][685]LogModuleManager: Shutting down and abandoning module CollectionManager (167)
[2014.12.13-23.15.42:237][685]LogModuleManager: Shutting down and abandoning module StatsViewer (166)
[2014.12.13-23.15.42:237][685]LogModuleManager: Shutting down and abandoning module FoliageEdit (165)
[2014.12.13-23.15.42:237][685]LogModuleManager: Shutting down and abandoning module LandscapeEditor (164)
[2014.12.13-23.15.42:237][685]LogModuleManager: Shutting down and abandoning module MeshPaint (163)
[2014.12.13-23.15.42:237][685]LogModuleManager: Shutting down and abandoning module ActorPickerMode (162)
[2014.12.13-23.15.42:237][685]LogModuleManager: Shutting down and abandoning module GeometryMode (161)
[2014.12.13-23.15.42:237][685]LogModuleManager: Shutting down and abandoning module TextureAlignMode (160)
[2014.12.13-23.15.42:237][685]LogModuleManager: Shutting down and abandoning module BspMode (159)
[2014.12.13-23.15.42:237][685]LogModuleManager: Shutting down and abandoning module PlacementMode (158)
[2014.12.13-23.15.42:237][685]LogModuleManager: Shutting down and abandoning module AutomationWorker (157)
[2014.12.13-23.15.42:237][685]LogModuleManager: Shutting down and abandoning module CharacterAI (156)
[2014.12.13-23.15.42:237][685]LogModuleManager: Shutting down and abandoning module GameProjectGeneration (155)
[2014.12.13-23.15.42:238][685]LogModuleManager: Shutting down and abandoning module IntroTutorials (154)
[2014.12.13-23.15.42:238][685]LogModuleManager: Shutting down and abandoning module EditorLiveStreaming (153)
[2014.12.13-23.15.42:238][685]LogModuleManager: Shutting down and abandoning module HardwareTargeting (152)
[2014.12.13-23.15.42:238][685]LogModuleManager: Shutting down and abandoning module DeviceProfileEditor (151)
[2014.12.13-23.15.42:238][685]LogModuleManager: Shutting down and abandoning module UndoHistory (150)
[2014.12.13-23.15.42:238][685]LogModuleManager: Shutting down and abandoning module GameplayTagsEditor (149)
[2014.12.13-23.15.42:238][685]LogModuleManager: Shutting down and abandoning module UserFeedback (148)
[2014.12.13-23.15.42:238][685]LogModuleManager: Shutting down and abandoning module XmlParser (147)
[2014.12.13-23.15.42:238][685]LogModuleManager: Shutting down and abandoning module Blutility (146)
[2014.12.13-23.15.42:238][685]LogModuleManager: Shutting down and abandoning module IOSPlatformEditor (145)
[2014.12.13-23.15.42:238][685]LogModuleManager: Shutting down and abandoning module IOSRuntimeSettings (144)
[2014.12.13-23.15.42:238][685]LogModuleManager: Shutting down and abandoning module AndroidPlatformEditor (143)
[2014.12.13-23.15.42:238][685]LogModuleManager: Shutting down and abandoning module AndroidRuntimeSettings (142)
[2014.12.13-23.15.42:238][685]LogModuleManager: Shutting down and abandoning module ProjectTargetPlatformEditor (141)
[2014.12.13-23.15.42:238][685]LogModuleManager: Shutting down and abandoning module ProjectSettingsViewer (140)
[2014.12.13-23.15.42:238][685]LogModuleManager: Shutting down and abandoning module InputBindingEditor (139)
[2014.12.13-23.15.42:238][685]LogModuleManager: Shutting down and abandoning module EditorSettingsViewer (138)
[2014.12.13-23.15.42:238][685]LogModuleManager: Shutting down and abandoning module SettingsEditor (137)
[2014.12.13-23.15.42:238][685]LogModuleManager: Shutting down and abandoning module ProjectLauncher (136)
[2014.12.13-23.15.42:238][685]LogModuleManager: Shutting down and abandoning module SessionFrontend (135)
[2014.12.13-23.15.42:238][685]LogModuleManager: Shutting down and abandoning module ProfilerClient (134)
[2014.12.13-23.15.42:238][685]LogModuleManager: Shutting down and abandoning module TargetDeviceServices (133)
[2014.12.13-23.15.42:238][685]LogModuleManager: Shutting down and abandoning module DeviceManager (132)
[2014.12.13-23.15.42:239][685]LogModuleManager: Shutting down and abandoning module AutomationController (131)
[2014.12.13-23.15.42:239][685]LogModuleManager: Shutting down and abandoning module AutomationWindow (130)
[2014.12.13-23.15.42:239][685]LogModuleManager: Shutting down and abandoning module Layers (129)
[2014.12.13-23.15.42:239][685]LogModuleManager: Shutting down and abandoning module ComponentVisualizers (128)
[2014.12.13-23.15.42:239][685]LogModuleManager: Shutting down and abandoning module DetailCustomizations (127)
[2014.12.13-23.15.42:239][685]LogModuleManager: Shutting down and abandoning module PackagesDialog (126)
[2014.12.13-23.15.42:239][685]LogModuleManager: Shutting down and abandoning module AssetRegistry (125)
[2014.12.13-23.15.42:371][685]LogModuleManager: Shutting down and abandoning module Persona (124)
[2014.12.13-23.15.42:372][685]LogModuleManager: Shutting down and abandoning module Kismet (123)
[2014.12.13-23.15.42:372][685]LogModuleManager: Shutting down and abandoning module GraphEditor (122)
[2014.12.13-23.15.42:372][685]LogModuleManager: Shutting down and abandoning module ClassViewer (121)
[2014.12.13-23.15.42:372][685]LogModuleManager: Shutting down and abandoning module Toolbox (120)
[2014.12.13-23.15.42:372][685]LogModuleManager: Shutting down and abandoning module ModuleUI (119)
[2014.12.13-23.15.42:372][685]LogModuleManager: Shutting down and abandoning module MovieSceneTools (118)
[2014.12.13-23.15.42:372][685]LogModuleManager: Shutting down and abandoning module OutputLog (117)
[2014.12.13-23.15.42:372][685]LogModuleManager: Shutting down and abandoning module GammaUI (116)
[2014.12.13-23.15.42:372][685]LogModuleManager: Shutting down and abandoning module Documentation (115)
[2014.12.13-23.15.42:372][685]LogModuleManager: Shutting down and abandoning module GameLiveStreaming (114)
[2014.12.13-23.15.42:372][685]LogModuleManager: Shutting down and abandoning module StreamingPauseRendering (113)
[2014.12.13-23.15.42:372][685]LogModuleManager: Shutting down and abandoning module HTTP (112)
[2014.12.13-23.15.42:372][685]LogModuleManager: Shutting down and abandoning module AnalyticsET (111)
[2014.12.13-23.15.42:372][685]LogModuleManager: Shutting down and abandoning module Analytics (110)
[2014.12.13-23.15.42:372][685]LogModuleManager: Shutting down and abandoning module AITestSuite (109)
[2014.12.13-23.15.42:372][685]LogModuleManager: Shutting down and abandoning module AIModule (108)
[2014.12.13-23.15.42:372][685]LogModuleManager: Shutting down and abandoning module ProfilerService (107)
[2014.12.13-23.15.42:513][685]LogModuleManager: Shutting down and abandoning module TaskGraph (106)
[2014.12.13-23.15.42:513][685]LogModuleManager: Shutting down and abandoning module GameplayDebugger (105)
[2014.12.13-23.15.42:513][685]LogModuleManager: Shutting down and abandoning module SlateRemote (104)
[2014.12.13-23.15.42:513][685]LogModuleManager: Shutting down and abandoning module ScriptEditorPlugin (103)
[2014.12.13-23.15.42:513][685]LogModuleManager: Shutting down and abandoning module CustomMeshComponent (102)
[2014.12.13-23.15.42:513][685]LogModuleManager: Shutting down and abandoning module CableComponent (101)
[2014.12.13-23.15.42:513][685]LogModuleManager: Shutting down and abandoning module MessagingDebugger (100)
[2014.12.13-23.15.42:514][685]LogModuleManager: Shutting down and abandoning module MediaPlayerEditor (99)
[2014.12.13-23.15.42:514][685]LogModuleManager: Shutting down and abandoning module SpeedTreeImporter (98)
[2014.12.13-23.15.42:514][685]LogModuleManager: Shutting down and abandoning module PluginsEditor (97)
[2014.12.13-23.15.42:514][685]LogModuleManager: Shutting down and abandoning module EpicSurvey (96)
[2014.12.13-23.15.42:514][685]LogModuleManager: Shutting down and abandoning module DesktopPlatform (95)
[2014.12.13-23.15.42:514][685]LogModuleManager: Shutting down and abandoning module VisualStudioSourceCodeAccess (94)
[2014.12.13-23.15.42:514][685]LogModuleManager: Shutting down and abandoning module UObjectPlugin (93)
[2014.12.13-23.15.42:514][685]LogModuleManager: Shutting down and abandoning module SubversionSourceControl (92)
[2014.12.13-23.15.42:514][685]LogModuleManager: Shutting down and abandoning module SourceControl (91)
[2014.12.13-23.15.42:514][685]LogModuleManager: Shutting down and abandoning module PerforceSourceControl (90)
[2014.12.13-23.15.42:514][685]LogModuleManager: Shutting down and abandoning module BlankPlugin (89)
[2014.12.13-23.15.42:514][685]LogModuleManager: Shutting down and abandoning module SlateReflector (88)
[2014.12.13-23.15.42:514][685]LogModuleManager: Shutting down and abandoning module DirectoryWatcher (87)
[2014.12.13-23.15.42:514][685]LogModuleManager: Shutting down and abandoning module HotReload (86)
[2014.12.13-23.15.42:514][685]LogModuleManager: Shutting down and abandoning module MainFrame (85)
[2014.12.13-23.15.42:514][685]LogModuleManager: Shutting down and abandoning module LevelEditor (84)
[2014.12.13-23.15.42:516][685]LogModuleManager: Shutting down and abandoning module ViewportSnapping (83)
[2014.12.13-23.15.42:516][685]LogModuleManager: Shutting down and abandoning module SmartSnapping (82)
[2014.12.13-23.15.42:516][685]LogModuleManager: Shutting down and abandoning module PaperTiledImporter (81)
[2014.12.13-23.15.42:516][685]LogModuleManager: Shutting down and abandoning module PaperJsonImporter (80)
[2014.12.13-23.15.42:516][685]LogModuleManager: Shutting down and abandoning module ContentBrowser (79)
[2014.12.13-23.15.42:516][685]LogModuleManager: Shutting down and abandoning module Paper2DEditor (78)
[2014.12.13-23.15.42:516][685]LogModuleManager: Shutting down and abandoning module ScriptPlugin (77)
[2014.12.13-23.15.42:516][685]LogModuleManager: Shutting down and abandoning module UdpMessaging (76)
[2014.12.13-23.15.42:616][685]LogModuleManager: Shutting down and abandoning module Paper2D (75)
[2014.12.13-23.15.42:616][685]LogModuleManager: Shutting down and abandoning module UE4Game (74)
[2014.12.13-23.15.42:616][685]LogModuleManager: Shutting down and abandoning module WindowsMoviePlayer (73)
[2014.12.13-23.15.42:622][685]LogModuleManager: Shutting down and abandoning module Media (72)
[2014.12.13-23.15.42:622][685]LogModuleManager: Shutting down and abandoning module WmfMedia (71)
[2014.12.13-23.15.42:623][685]LogModuleManager: Shutting down and abandoning module OnlineBlueprintSupport (70)
[2014.12.13-23.15.42:623][685]LogModuleManager: Shutting down and abandoning module PropertyEditor (69)
[2014.12.13-23.15.42:623][685]LogModuleManager: Shutting down and abandoning module BehaviorTreeEditor (68)
[2014.12.13-23.15.42:623][685]LogModuleManager: Shutting down and abandoning module FunctionalTesting (67)
[2014.12.13-23.15.42:623][685]LogModuleManager: Shutting down and abandoning module CollisionAnalyzer (66)
[2014.12.13-23.15.42:623][685]LogModuleManager: Shutting down and abandoning module WorkspaceMenuStructure (65)
[2014.12.13-23.15.42:623][685]LogModuleManager: Shutting down and abandoning module MessageLog (64)
[2014.12.13-23.15.42:623][685]LogModuleManager: Shutting down and abandoning module Sequencer (63)
[2014.12.13-23.15.42:623][685]LogModuleManager: Shutting down and abandoning module AssetTools (62)
[2014.12.13-23.15.42:623][685]LogModuleManager: Shutting down and abandoning module UMGEditor (61)
[2014.12.13-23.15.42:623][685]LogModuleManager: Shutting down and abandoning module UMG (60)
[2014.12.13-23.15.42:623][685]LogModuleManager: Shutting down and abandoning module Slate (59)
[2014.12.13-23.15.42:623][685]LogModuleManager: Shutting down and abandoning module EditorStyle (58)
[2014.12.13-23.15.42:628][685]LogModuleManager: Shutting down and abandoning module SessionServices (57)
[2014.12.13-23.15.42:628][685]LogModuleManager: Shutting down and abandoning module SourceCodeAccess (56)
[2014.12.13-23.15.42:628][685]LogModuleManager: Shutting down and abandoning module HeadMountedDisplay (55)
[2014.12.13-23.15.42:628][685]LogModuleManager: Shutting down and abandoning module XAudio2 (54)
[2014.12.13-23.15.42:628][685]LogModuleManager: Shutting down and abandoning module Networking (52)
[2014.12.13-23.15.42:628][685]LogModuleManager: Shutting down and abandoning module Core (51)
[2014.12.13-23.15.42:628][685]LogModuleManager: Shutting down and abandoning module KismetCompiler (50)
[2014.12.13-23.15.42:628][685]LogModuleManager: Shutting down and abandoning module PhysXFormats (49)
[2014.12.13-23.15.42:628][685]LogModuleManager: Shutting down and abandoning module MeshUtilities (48)
[2014.12.13-23.15.42:628][685]LogModuleManager: Shutting down and abandoning module DerivedDataCache (47)
[2014.12.13-23.15.42:674][685]LogDerivedDataCache: Shutdown
[2014.12.13-23.15.42:674][685]LogModuleManager: Shutting down and abandoning module ShaderFormatOpenGL (46)
[2014.12.13-23.15.42:674][685]LogModuleManager: Shutting down and abandoning module ShaderFormatD3D (45)
[2014.12.13-23.15.42:674][685]LogModuleManager: Shutting down and abandoning module MetalShaderFormat (44)
[2014.12.13-23.15.42:674][685]LogModuleManager: Shutting down and abandoning module TextureFormatUncompressed (43)
[2014.12.13-23.15.42:674][685]LogModuleManager: Shutting down and abandoning module TextureFormatPVR (42)
[2014.12.13-23.15.42:674][685]LogModuleManager: Shutting down and abandoning module TextureFormatDXT (41)
[2014.12.13-23.15.42:674][685]LogModuleManager: Shutting down and abandoning module TextureFormatAndroid (40)
[2014.12.13-23.15.42:674][685]LogModuleManager: Shutting down and abandoning module AudioFormatOpus (39)
[2014.12.13-23.15.42:674][685]LogModuleManager: Shutting down and abandoning module AudioFormatOgg (38)
[2014.12.13-23.15.42:674][685]LogModuleManager: Shutting down and abandoning module AudioFormatADPCM (37)
[2014.12.13-23.15.42:674][685]LogModuleManager: Shutting down and abandoning module LinuxTargetPlatform (36)
[2014.12.13-23.15.42:674][685]LogModuleManager: Shutting down and abandoning module LinuxServerTargetPlatform (35)
[2014.12.13-23.15.42:674][685]LogModuleManager: Shutting down and abandoning module LinuxNoEditorTargetPlatform (34)
[2014.12.13-23.15.42:674][685]LogModuleManager: Shutting down and abandoning module Messaging (33)
[2014.12.13-23.15.42:674][685]LogModuleManager: Shutting down and abandoning module IOSTargetPlatform (32)
[2014.12.13-23.15.42:674][685]LogModuleManager: Shutting down and abandoning module Android_PVRTCTargetPlatform (31)
[2014.12.13-23.15.42:674][685]LogModuleManager: Shutting down and abandoning module Android_ETC2TargetPlatform (30)
[2014.12.13-23.15.42:674][685]LogModuleManager: Shutting down and abandoning module Android_ETC1TargetPlatform (29)
[2014.12.13-23.15.42:674][685]LogModuleManager: Shutting down and abandoning module Android_DXTTargetPlatform (28)
[2014.12.13-23.15.42:674][685]LogModuleManager: Shutting down and abandoning module Android_ATCTargetPlatform (27)
[2014.12.13-23.15.42:674][685]LogModuleManager: Shutting down and abandoning module AndroidTargetPlatform (26)
[2014.12.13-23.15.42:674][685]LogModuleManager: Shutting down and abandoning module WindowsTargetPlatform (25)
[2014.12.13-23.15.42:674][685]LogModuleManager: Shutting down and abandoning module WindowsServerTargetPlatform (24)
[2014.12.13-23.15.42:674][685]LogModuleManager: Shutting down and abandoning module WindowsNoEditorTargetPlatform (23)
[2014.12.13-23.15.42:674][685]LogModuleManager: Shutting down and abandoning module WindowsClientTargetPlatform (22)
[2014.12.13-23.15.42:674][685]LogModuleManager: Shutting down and abandoning module TargetPlatform (21)
[2014.12.13-23.15.42:674][685]LogModuleManager: Shutting down and abandoning module InputCore (20)
[2014.12.13-23.15.42:674][685]LogModuleManager: Shutting down and abandoning module Settings (19)
[2014.12.13-23.15.42:674][685]LogModuleManager: Shutting down and abandoning module ImageWrapper (18)
[2014.12.13-23.15.42:674][685]LogModuleManager: Shutting down and abandoning module OculusRift (15)
[2014.12.13-23.15.42:674][685]LogModuleManager: Shutting down and abandoning module ExampleDeviceProfileSelector (14)
[2014.12.13-23.15.42:675][685]LogModuleManager: Shutting down and abandoning module TextureCompressor (13)
[2014.12.13-23.15.42:675][685]LogModuleManager: Shutting down and abandoning module ShaderCore (12)
[2014.12.13-23.15.42:675][685]LogModuleManager: Shutting down and abandoning module Landscape (11)
[2014.12.13-23.15.42:675][685]LogModuleManager: Shutting down and abandoning module SlateRHIRenderer (10)
[2014.12.13-23.15.42:679][685]LogModuleManager: Shutting down and abandoning module OpenGLDrv (9)
[2014.12.13-23.15.42:679][685]LogModuleManager: Shutting down and abandoning module D3D11RHI (8)
[2014.12.13-23.15.42:679][685]LogModuleManager: Shutting down and abandoning module Renderer (7)
[2014.12.13-23.15.42:679][685]LogModuleManager: Shutting down and abandoning module Engine (6)
[2014.12.13-23.15.42:679][685]LogModuleManager: Shutting down and abandoning module CoreUObject (5)
[2014.12.13-23.15.42:679][685]LogModuleManager: Shutting down and abandoning module NetworkFile (4)
[2014.12.13-23.15.42:679][685]LogModuleManager: Shutting down and abandoning module StreamingFile (3)
[2014.12.13-23.15.42:679][685]LogModuleManager: Shutting down and abandoning module SandboxFile (2)
[2014.12.13-23.15.42:679][685]LogModuleManager: Shutting down and abandoning module PakFile (1)
[2014.12.13-23.15.42:680][685]LogExit: Exiting.
[2014.12.13-23.15.42:707][685]Log file closed, 12/13/14 15:15:42
