Log file open, 12/13/14 15:21:34
LogInit:Display: Running engine for game: Trial_third_person
LogInit: Version: 4.6.0-2369412+++depot+UE4-Releases+4.6
LogInit: API Version: 2369412
LogInit: Compiled (64-bit): Nov 24 2014 21:54:04
LogInit: Compiled with Visual C++: 18.00.21005.01
LogInit: Build Configuration: Development
LogInit: Branch Name: ++depot+UE4-Releases+4.6
LogInit: Command line:  
LogInit: Base directory: D:/Epic Games/4.6/Engine/Binaries/Win64/
LogInit: Rocket: 1
[2014.12.13-23.21.34:960][  0]LogTaskGraph: Started task graph with 3 named threads and 4 total threads.
[2014.12.13-23.21.34:994][  0]LogOnline:Warning: No default platform service specified for OnlineSubsystem
[2014.12.13-23.21.35:034][  0]LogInit: Presizing for 0 objects not considered by GC, pre-allocating 0 bytes.
[2014.12.13-23.21.35:045][  0]LogInit: Object subsystem initialized
[2014.12.13-23.21.35:081][  0]LogConsoleResponse:Warning: Skipping Unknown console variable: 'UIScaleCurve = (EditorCurveData=(Keys=((Time=480.000000,Value=0.444000),(Time=720.000000,Value=0.666000),(Time=1080.000000,Value=1.000000),(Time=8640.000000,Value=8.000000))),ExternalCurve=None)'
[2014.12.13-23.21.35:081][  0]LogConsoleResponse:Warning:   Found in ini file 'D:/Study-Session/Trial_third_person 4.6/Saved/Config/Windows/Engine.ini', in section '[/Script/Engine.RendererSettings]'
[2014.12.13-23.21.35:082][  0]LogConsoleManager:Warning: Console variable 'r.MSAA.CompositingSampleCount' wasn't set (Priority ProjectSetting < Scalability)
[2014.12.13-23.21.35:083][  0]LogInit: Selected Device Profile: [Windows]
[2014.12.13-23.21.35:083][  0]LogInit: Applying CVar settings loaded from the selected device profile: [Windows]
[2014.12.13-23.21.35:090][  0]LogInit: Computer: ZEN-MATT
[2014.12.13-23.21.35:090][  0]LogInit: User: Matt
[2014.12.13-23.21.35:090][  0]LogInit: CPU Page size=4096, Cores=2
[2014.12.13-23.21.35:090][  0]LogInit: High frequency timer resolution =2.338564 MHz
[2014.12.13-23.21.35:091][  0]LogMemory: Memory total: Physical=3.9GB (4GB approx) Virtual=8192.0GB
[2014.12.13-23.21.35:092][  0]LogMemory: Platform Memory Stats for Windows
[2014.12.13-23.21.35:092][  0]LogMemory: Process Physical Memory: 50.70 MB used, 50.70 MB peak
[2014.12.13-23.21.35:092][  0]LogMemory: Process Virtual Memory: 26.42 MB used, 26.43 MB peak
[2014.12.13-23.21.35:092][  0]LogMemory: Physical Memory: 1798.55 MB used, 3981.98 MB total
[2014.12.13-23.21.35:092][  0]LogMemory: Virtual Memory: 262.45 MB used, 8388608.00 MB total
[2014.12.13-23.21.35:226][  0]LogD3D11RHI: Found D3D11 adapter 0: Intel(R) HD Graphics 4000 (Feature Level 11_0)
[2014.12.13-23.21.35:226][  0]LogD3D11RHI: Adapter has 64MB of dedicated video memory, 0MB of dedicated system memory, and 1632MB of shared system memory, 1 output[s]
[2014.12.13-23.21.35:226][  0]LogD3D11RHI: Chosen D3D11 Adapter Id = 0
[2014.12.13-23.21.35:234][  0]LogRHI: Texture pool is 616 MB (70% of 880 MB)
[2014.12.13-23.21.35:247][  0]LogD3D11RHI: Async texture creation enabled
[2014.12.13-23.21.35:410][  0]LogTextLocalizationManager: The requested culture ('en_US') has no localization data; parent culture's ('en') localization data will be used.
[2014.12.13-23.21.35:615][  0]LogContentStreaming: Texture pool size is 0.000000MB
[2014.12.13-23.21.43:877][  0]LogTargetPlatformManager:Display: Building Assets For Windows
[2014.12.13-23.21.44:491][  0]LogTargetPlatformManager:Display: Building Assets For Windows
[2014.12.13-23.21.44:559][  0]LogDerivedDataCache:Display: Max Cache Size: 512 MB
[2014.12.13-23.21.44:695][  0]LogDerivedDataCache: Loaded boot cache 0.13s 39MB C:/Users/Matt/AppData/Local/UnrealEngine/4.6/DerivedDataCache/Boot.ddc.
[2014.12.13-23.21.44:695][  0]LogDerivedDataCache:Display: Loaded Boot cache: C:/Users/Matt/AppData/Local/UnrealEngine/4.6/DerivedDataCache/Boot.ddc
[2014.12.13-23.21.44:695][  0]LogDerivedDataCache: FDerivedDataBackendGraph:  Pak pak cache file ../../../../../Study-Session/Trial_third_person 4.6/DerivedDataCache/DDC.ddp not found, will not use a pak cache.
[2014.12.13-23.21.44:695][  0]LogDerivedDataCache: Unable to find inner node Pak for hierarchical cache Hierarchy.
[2014.12.13-23.21.44:786][  0]LogDerivedDataCache:Display: Pak cache opened for reading ../../../Engine/DerivedDataCache/DDC.ddp.
[2014.12.13-23.21.44:799][  0]LogDerivedDataCache: Using Local data cache path C:/Users/Matt/AppData/Local/UnrealEngine/Common/DerivedDataCache: Writable
[2014.12.13-23.21.45:361][  0]LogCollisionProfile:Warning: Profile (UI) - Custom Channel Name = 'Weapon' hasn't been found
[2014.12.13-23.21.45:586][  0]LogMeshUtilities: No automatic mesh reduction module available
[2014.12.13-23.21.45:586][  0]LogMeshUtilities: No automatic mesh merging module available
[2014.12.13-23.21.46:267][  0]LogInit: WinSock: version 1.1 (2.2), MaxSocks=32767, MaxUdp=65467
[2014.12.13-23.21.46:373][  0]LogSlate:Warning: Failed to load font data from '../../../Engine/Content/Slate/Fonts/Roboto-Italic.ttf'
[2014.12.13-23.21.48:547][  0]UdpMessaging: Initializing bridge on interface 0.0.0.0:0 to multicast group 230.0.0.1:6666.
[2014.12.13-23.21.48:791][  0]LogDirectoryWatcher:Warning: Failed to begin reading directory changes for D:/Study-Session/Trial_third_person 4.6/Binaries/Win64. Error: 0
[2014.12.13-23.21.49:073][  0]SourceControl: Info Source control is disabled
[2014.12.13-23.21.49:073][  0]SourceControl: Info Source control is disabled
[2014.12.13-23.21.49:086][  0]SourceControl: Info Source control is disabled
[2014.12.13-23.21.49:315][  0]LogObj: 23754 objects as part of root set at end of initial load.
[2014.12.13-23.21.49:315][  0]LogUObjectAllocator: 5168136 out of 0 bytes used by permanent object pool.
[2014.12.13-23.21.49:418][  0]LogEngine: Initializing Engine...
[2014.12.13-23.21.49:638][  0]LogInit: XAudio2 using 'Speakers (Realtek High Definition Audio)' : 2 channels at 48 kHz using 32 bits per sample (channel mask 0x3)
[2014.12.13-23.21.49:684][  0]LogInit: FAudioDevice initialized.
[2014.12.13-23.21.49:719][  0]LogAIModule: Creating AISystem for world NewWorld
[2014.12.13-23.21.49:750][  0]LogDerivedDataCache: Saved boot cache 0.03s 39MB C:/Users/Matt/AppData/Local/UnrealEngine/4.6/DerivedDataCache/Boot.ddc.
[2014.12.13-23.21.49:753][  0]LogInit: Texture streaming: Enabled
[2014.12.13-23.21.49:799][  0]LogAnalytics: Creating configured Analytics provider AnalyticsET
[2014.12.13-23.21.49:799][  0]LogAnalytics: ET APIKey = Rocket.Release. APIServer = http://et2.epicgames.com/ET2/. AppVersion = 4.6.0-2369412+++depot+UE4-Releases+4.6
[2014.12.13-23.21.49:801][  0]LogAnalytics: SetUserId b937dce5ae765bb63e01423e2a49fda4
[2014.12.13-23.21.49:801][  0]LogAnalytics: AnalyticsET::StartSession [Rocket.Release]
[2014.12.13-23.21.49:828][  0]LogInit: Transaction tracking system initialized
[2014.12.13-23.21.49:981][  0]BlueprintLog: New page: Editor Load
[2014.12.13-23.21.50:029][  0]LogAssetRegistry: FAssetRegistry took 0.0102 seconds to start up
[2014.12.13-23.21.50:029][  0]LogDirectoryWatcher:Warning: Failed to begin reading directory changes for ../../../Engine/Plugins/Experimental/CharacterAI/Content/. Error: 0
[2014.12.13-23.21.50:905][  0]LogTargetPlatformManager:Display: Building Assets For Windows
[2014.12.13-23.21.51:681][  0]LogTargetPlatformManager:Display: Building Assets For Windows
[2014.12.13-23.21.52:040][  0]LogConsoleResponse:Display: 
[2014.12.13-23.21.52:132][  0]LogLinker:Warning: Asset '../../../Engine/Content/Functions/Engine_MaterialFunctions03/Procedurals/ComputeFilterWidth.uasset' has been saved with empty engine version. The asset will be loaded but may be incompatible.
[2014.12.13-23.21.52:453][  0]SourceControl: Info Source control is disabled
[2014.12.13-23.21.52:453][  0]Cmd: MAP LOAD FILE="../../../../../Study-Session/Trial_third_person 4.6/Content/Maps/Example_Map.umap" TEMPLATE=0 SHOWPROGRESS=1
[2014.12.13-23.21.52:454][  0]LightingResults: New page: Lighting Build
[2014.12.13-23.21.52:467][  0]MapCheck: New page: Map Check
[2014.12.13-23.21.52:467][  0]LightingResults: New page: Lighting Build
[2014.12.13-23.21.52:484][  0]LogParticles: Destroying 0 GPU particle simulations for FXSystem 0x000000001BE5BE20
[2014.12.13-23.21.54:324][  0]LogEditorServer: Finished looking for orphan Actors (0.000 secs)
[2014.12.13-23.21.54:324][  0]LogAIModule: Creating AISystem for world Example_Map
[2014.12.13-23.21.54:325][  0]Cmd: MAP CHECKDEP
[2014.12.13-23.21.54:325][  0]MapCheck: New page: Example_Map - Dec 13, 2014, 7:21:54 AM
[2014.12.13-23.21.54:460][  0]MapCheck: Info Map check complete: 0 Error(s), 0 Warning(s), took 134.797ms to complete.
[2014.12.13-23.21.54:460][  0]LogFileHelpers: Loading map 'Example_Map' took 2.007
[2014.12.13-23.21.54:565][  0]LogCollectionManager: Loaded 0 collections in 0.001753 seconds
[2014.12.13-23.21.54:582][  0]LogContentBrowser:Verbose: The content browser source was changed by the sources view to '/Game'
[2014.12.13-23.21.54:702][  0]LogCrashTracker: Crashtracker disabled due to settings.
[2014.12.13-23.21.54:708][  0]LogUObjectGlobals:Warning: Failed to find object 'Class None.'
[2014.12.13-23.21.54:750][  0]LogLoad: Full Startup: 22.39 seconds (BP compile: 0.50 seconds)
[2014.12.13-23.21.55:246][  0]LogRenderer:Warning: Reallocating scene render targets to support 1024x896.
[2014.12.13-23.21.57:347][  5]LogAssetRegistry: Asset discovery search completed in 7.3275 seconds
[2014.12.13-23.22.49:370][507]BlueprintLog: New page: Pre-PIE auto-recompile
[2014.12.13-23.22.49:370][507]LogPlayLevel: [PIE] Compiling Example_Map before PIE...
[2014.12.13-23.22.49:526][507]LogPlayLevel: PIE:  Blueprint regeneration took 156 ms (1 blueprints)
[2014.12.13-23.22.49:527][507]PIE: New page: PIE session: Example_Map (Dec 13, 2014, 7:22:49 AM)
[2014.12.13-23.22.49:569][507]LogPlayLevel: PIE: StaticDuplicateObject took: (0.041763s)
[2014.12.13-23.22.49:570][507]LogPlayLevel: PIE: World Init took: (0.001357s)
[2014.12.13-23.22.49:572][507]LogPlayLevel: PIE: Created PIE world by copying editor world from /Game/Maps/Example_Map.Example_Map to /Game/Maps/UEDPIE_0_Example_Map.Example_Map (0.044466s)
[2014.12.13-23.22.49:636][507]LogWorld: Game class is 'MyGame_C'
[2014.12.13-23.22.49:639][507]LogAIModule: Creating AISystem for world Example_Map
[2014.12.13-23.22.49:641][507]LogWorld:Warning: *** WARNING - PATHS MAY NOT BE VALID ***
[2014.12.13-23.22.49:641][507]LogWorld: Bringing World /Game/Maps/UEDPIE_0_Example_Map.Example_Map up for play (max tick rate 60) at 2014.12.13-15.22.49
[2014.12.13-23.22.49:647][507]LogWorld: Bringing up level for play took: 0.007857
[2014.12.13-23.22.49:656][507]PIE: Info Play in editor start time for /Game/Maps/UEDPIE_0_Example_Map 0.873
[2014.12.13-23.23.12:197][357]LogParticles: Destroying 0 GPU particle simulations for FXSystem 0x0000000010B52A20
[2014.12.13-23.23.14:859][456]Cmd: MAP LOAD FILE="../../../../../Study-Session/Trial_third_person 4.6/Content/Maps/FinalLevel.umap" TEMPLATE=0 SHOWPROGRESS=1
[2014.12.13-23.23.14:870][456]LightingResults: New page: Lighting Build
[2014.12.13-23.23.14:920][456]LoadErrors: New page: Loading map: FinalLevel.umap
[2014.12.13-23.23.14:922][456]MapCheck: New page: Map Check
[2014.12.13-23.23.14:922][456]LightingResults: New page: Lighting Build
[2014.12.13-23.23.14:957][456]LogParticles: Destroying 0 GPU particle simulations for FXSystem 0x000000001B31AAC0
[2014.12.13-23.23.17:028][456]LogTexture:Display: Building textures: chalkboard (AutoDXT)
[2014.12.13-23.23.19:293][456]LogEditorServer: Finished looking for orphan Actors (0.000 secs)
[2014.12.13-23.23.19:293][456]LogAIModule: Creating AISystem for world FinalLevel
[2014.12.13-23.23.19:414][456]Cmd: MAP CHECKDEP
[2014.12.13-23.23.19:414][456]MapCheck: New page: FinalLevel - Dec 13, 2014, 7:23:19 AM
[2014.12.13-23.23.19:566][456]MapCheck: Info Map check complete: 0 Error(s), 0 Warning(s), took 152.129ms to complete.
[2014.12.13-23.23.19:566][456]LogFileHelpers: Loading map 'FinalLevel' took 4.710
[2014.12.13-23.26.32:139][ 31]Cmd: QUIT_EDITOR
[2014.12.13-23.26.32:580][ 31]LogExit: Preparing to exit.
[2014.12.13-23.26.33:704][ 31]LogExit: Editor shut down
[2014.12.13-23.26.33:704][ 31]LogExit: Transaction tracking system shut down
[2014.12.13-23.26.33:705][ 31]LogParticles: Destroying 0 GPU particle simulations for FXSystem 0x000000001193BE20
[2014.12.13-23.26.33:707][ 31]LogParticles: Destroying 0 GPU particle simulations for FXSystem 0x000000001E5AC180
[2014.12.13-23.26.33:736][ 31]LogParticles: Destroying 0 GPU particle simulations for FXSystem 0x000000002B3BF600
[2014.12.13-23.26.33:736][ 31]LogExit: Object subsystem successfully closed.
[2014.12.13-23.26.33:795][ 31]LogModuleManager: Shutting down and abandoning module AndroidDeviceDetection (172)
[2014.12.13-23.26.33:795][ 31]LogModuleManager: Shutting down and abandoning module CrashTracker (171)
[2014.12.13-23.26.33:795][ 31]LogModuleManager: Shutting down and abandoning module SuperSearch (170)
[2014.12.13-23.26.33:795][ 31]LogModuleManager: Shutting down and abandoning module SceneOutliner (169)
[2014.12.13-23.26.33:795][ 31]LogModuleManager: Shutting down and abandoning module EditorWidgets (168)
[2014.12.13-23.26.33:795][ 31]LogModuleManager: Shutting down and abandoning module CollectionManager (167)
[2014.12.13-23.26.33:795][ 31]LogModuleManager: Shutting down and abandoning module StatsViewer (166)
[2014.12.13-23.26.33:795][ 31]LogModuleManager: Shutting down and abandoning module FoliageEdit (165)
[2014.12.13-23.26.33:795][ 31]LogModuleManager: Shutting down and abandoning module LandscapeEditor (164)
[2014.12.13-23.26.33:795][ 31]LogModuleManager: Shutting down and abandoning module MeshPaint (163)
[2014.12.13-23.26.33:795][ 31]LogModuleManager: Shutting down and abandoning module ActorPickerMode (162)
[2014.12.13-23.26.33:795][ 31]LogModuleManager: Shutting down and abandoning module GeometryMode (161)
[2014.12.13-23.26.33:795][ 31]LogModuleManager: Shutting down and abandoning module TextureAlignMode (160)
[2014.12.13-23.26.33:795][ 31]LogModuleManager: Shutting down and abandoning module BspMode (159)
[2014.12.13-23.26.33:795][ 31]LogModuleManager: Shutting down and abandoning module PlacementMode (158)
[2014.12.13-23.26.33:795][ 31]LogModuleManager: Shutting down and abandoning module AutomationWorker (157)
[2014.12.13-23.26.33:795][ 31]LogModuleManager: Shutting down and abandoning module CharacterAI (156)
[2014.12.13-23.26.33:795][ 31]LogModuleManager: Shutting down and abandoning module GameProjectGeneration (155)
[2014.12.13-23.26.33:795][ 31]LogModuleManager: Shutting down and abandoning module IntroTutorials (154)
[2014.12.13-23.26.33:795][ 31]LogModuleManager: Shutting down and abandoning module EditorLiveStreaming (153)
[2014.12.13-23.26.33:796][ 31]LogModuleManager: Shutting down and abandoning module HardwareTargeting (152)
[2014.12.13-23.26.33:796][ 31]LogModuleManager: Shutting down and abandoning module DeviceProfileEditor (151)
[2014.12.13-23.26.33:796][ 31]LogModuleManager: Shutting down and abandoning module UndoHistory (150)
[2014.12.13-23.26.33:796][ 31]LogModuleManager: Shutting down and abandoning module GameplayTagsEditor (149)
[2014.12.13-23.26.33:796][ 31]LogModuleManager: Shutting down and abandoning module UserFeedback (148)
[2014.12.13-23.26.33:796][ 31]LogModuleManager: Shutting down and abandoning module XmlParser (147)
[2014.12.13-23.26.33:796][ 31]LogModuleManager: Shutting down and abandoning module Blutility (146)
[2014.12.13-23.26.33:796][ 31]LogModuleManager: Shutting down and abandoning module IOSPlatformEditor (145)
[2014.12.13-23.26.33:796][ 31]LogModuleManager: Shutting down and abandoning module IOSRuntimeSettings (144)
[2014.12.13-23.26.33:796][ 31]LogModuleManager: Shutting down and abandoning module AndroidPlatformEditor (143)
[2014.12.13-23.26.33:796][ 31]LogModuleManager: Shutting down and abandoning module AndroidRuntimeSettings (142)
[2014.12.13-23.26.33:796][ 31]LogModuleManager: Shutting down and abandoning module ProjectTargetPlatformEditor (141)
[2014.12.13-23.26.33:796][ 31]LogModuleManager: Shutting down and abandoning module ProjectSettingsViewer (140)
[2014.12.13-23.26.33:796][ 31]LogModuleManager: Shutting down and abandoning module InputBindingEditor (139)
[2014.12.13-23.26.33:796][ 31]LogModuleManager: Shutting down and abandoning module EditorSettingsViewer (138)
[2014.12.13-23.26.33:796][ 31]LogModuleManager: Shutting down and abandoning module SettingsEditor (137)
[2014.12.13-23.26.33:796][ 31]LogModuleManager: Shutting down and abandoning module ProjectLauncher (136)
[2014.12.13-23.26.33:796][ 31]LogModuleManager: Shutting down and abandoning module SessionFrontend (135)
[2014.12.13-23.26.33:796][ 31]LogModuleManager: Shutting down and abandoning module ProfilerClient (134)
[2014.12.13-23.26.33:796][ 31]LogModuleManager: Shutting down and abandoning module TargetDeviceServices (133)
[2014.12.13-23.26.33:796][ 31]LogModuleManager: Shutting down and abandoning module DeviceManager (132)
[2014.12.13-23.26.33:796][ 31]LogModuleManager: Shutting down and abandoning module AutomationController (131)
[2014.12.13-23.26.33:796][ 31]LogModuleManager: Shutting down and abandoning module AutomationWindow (130)
[2014.12.13-23.26.33:796][ 31]LogModuleManager: Shutting down and abandoning module Layers (129)
[2014.12.13-23.26.33:796][ 31]LogModuleManager: Shutting down and abandoning module ComponentVisualizers (128)
[2014.12.13-23.26.33:796][ 31]LogModuleManager: Shutting down and abandoning module DetailCustomizations (127)
[2014.12.13-23.26.33:796][ 31]LogModuleManager: Shutting down and abandoning module PackagesDialog (126)
[2014.12.13-23.26.33:797][ 31]LogModuleManager: Shutting down and abandoning module AssetRegistry (125)
[2014.12.13-23.26.33:859][ 31]LogModuleManager: Shutting down and abandoning module Persona (124)
[2014.12.13-23.26.33:859][ 31]LogModuleManager: Shutting down and abandoning module Kismet (123)
[2014.12.13-23.26.33:860][ 31]LogModuleManager: Shutting down and abandoning module GraphEditor (122)
[2014.12.13-23.26.33:860][ 31]LogModuleManager: Shutting down and abandoning module ClassViewer (121)
[2014.12.13-23.26.33:860][ 31]LogModuleManager: Shutting down and abandoning module Toolbox (120)
[2014.12.13-23.26.33:860][ 31]LogModuleManager: Shutting down and abandoning module ModuleUI (119)
[2014.12.13-23.26.33:860][ 31]LogModuleManager: Shutting down and abandoning module MovieSceneTools (118)
[2014.12.13-23.26.33:860][ 31]LogModuleManager: Shutting down and abandoning module OutputLog (117)
[2014.12.13-23.26.33:860][ 31]LogModuleManager: Shutting down and abandoning module GammaUI (116)
[2014.12.13-23.26.33:860][ 31]LogModuleManager: Shutting down and abandoning module Documentation (115)
[2014.12.13-23.26.33:860][ 31]LogModuleManager: Shutting down and abandoning module GameLiveStreaming (114)
[2014.12.13-23.26.33:860][ 31]LogModuleManager: Shutting down and abandoning module StreamingPauseRendering (113)
[2014.12.13-23.26.33:860][ 31]LogModuleManager: Shutting down and abandoning module HTTP (112)
[2014.12.13-23.26.33:860][ 31]LogModuleManager: Shutting down and abandoning module AnalyticsET (111)
[2014.12.13-23.26.33:860][ 31]LogModuleManager: Shutting down and abandoning module Analytics (110)
[2014.12.13-23.26.33:860][ 31]LogModuleManager: Shutting down and abandoning module AITestSuite (109)
[2014.12.13-23.26.33:860][ 31]LogModuleManager: Shutting down and abandoning module AIModule (108)
[2014.12.13-23.26.33:860][ 31]LogModuleManager: Shutting down and abandoning module ProfilerService (107)
[2014.12.13-23.26.33:895][ 31]LogModuleManager: Shutting down and abandoning module TaskGraph (106)
[2014.12.13-23.26.33:895][ 31]LogModuleManager: Shutting down and abandoning module GameplayDebugger (105)
[2014.12.13-23.26.33:895][ 31]LogModuleManager: Shutting down and abandoning module SlateRemote (104)
[2014.12.13-23.26.33:895][ 31]LogModuleManager: Shutting down and abandoning module ScriptEditorPlugin (103)
[2014.12.13-23.26.33:895][ 31]LogModuleManager: Shutting down and abandoning module CustomMeshComponent (102)
[2014.12.13-23.26.33:895][ 31]LogModuleManager: Shutting down and abandoning module CableComponent (101)
[2014.12.13-23.26.33:895][ 31]LogModuleManager: Shutting down and abandoning module MessagingDebugger (100)
[2014.12.13-23.26.33:895][ 31]LogModuleManager: Shutting down and abandoning module MediaPlayerEditor (99)
[2014.12.13-23.26.33:895][ 31]LogModuleManager: Shutting down and abandoning module SpeedTreeImporter (98)
[2014.12.13-23.26.33:895][ 31]LogModuleManager: Shutting down and abandoning module PluginsEditor (97)
[2014.12.13-23.26.33:895][ 31]LogModuleManager: Shutting down and abandoning module EpicSurvey (96)
[2014.12.13-23.26.33:895][ 31]LogModuleManager: Shutting down and abandoning module DesktopPlatform (95)
[2014.12.13-23.26.33:895][ 31]LogModuleManager: Shutting down and abandoning module VisualStudioSourceCodeAccess (94)
[2014.12.13-23.26.33:895][ 31]LogModuleManager: Shutting down and abandoning module UObjectPlugin (93)
[2014.12.13-23.26.33:895][ 31]LogModuleManager: Shutting down and abandoning module SubversionSourceControl (92)
[2014.12.13-23.26.33:895][ 31]LogModuleManager: Shutting down and abandoning module SourceControl (91)
[2014.12.13-23.26.33:895][ 31]LogModuleManager: Shutting down and abandoning module PerforceSourceControl (90)
[2014.12.13-23.26.33:895][ 31]LogModuleManager: Shutting down and abandoning module BlankPlugin (89)
[2014.12.13-23.26.33:895][ 31]LogModuleManager: Shutting down and abandoning module SlateReflector (88)
[2014.12.13-23.26.33:895][ 31]LogModuleManager: Shutting down and abandoning module DirectoryWatcher (87)
[2014.12.13-23.26.33:895][ 31]LogModuleManager: Shutting down and abandoning module HotReload (86)
[2014.12.13-23.26.33:895][ 31]LogModuleManager: Shutting down and abandoning module MainFrame (85)
[2014.12.13-23.26.33:895][ 31]LogModuleManager: Shutting down and abandoning module LevelEditor (84)
[2014.12.13-23.26.33:896][ 31]LogModuleManager: Shutting down and abandoning module ViewportSnapping (83)
[2014.12.13-23.26.33:896][ 31]LogModuleManager: Shutting down and abandoning module SmartSnapping (82)
[2014.12.13-23.26.33:896][ 31]LogModuleManager: Shutting down and abandoning module PaperTiledImporter (81)
[2014.12.13-23.26.33:896][ 31]LogModuleManager: Shutting down and abandoning module PaperJsonImporter (80)
[2014.12.13-23.26.33:896][ 31]LogModuleManager: Shutting down and abandoning module ContentBrowser (79)
[2014.12.13-23.26.33:896][ 31]LogModuleManager: Shutting down and abandoning module Paper2DEditor (78)
[2014.12.13-23.26.33:897][ 31]LogModuleManager: Shutting down and abandoning module ScriptPlugin (77)
[2014.12.13-23.26.33:897][ 31]LogModuleManager: Shutting down and abandoning module UdpMessaging (76)
[2014.12.13-23.26.33:998][ 31]LogModuleManager: Shutting down and abandoning module Paper2D (75)
[2014.12.13-23.26.33:998][ 31]LogModuleManager: Shutting down and abandoning module UE4Game (74)
[2014.12.13-23.26.33:998][ 31]LogModuleManager: Shutting down and abandoning module WindowsMoviePlayer (73)
[2014.12.13-23.26.34:001][ 31]LogModuleManager: Shutting down and abandoning module Media (72)
[2014.12.13-23.26.34:001][ 31]LogModuleManager: Shutting down and abandoning module WmfMedia (71)
[2014.12.13-23.26.34:002][ 31]LogModuleManager: Shutting down and abandoning module OnlineBlueprintSupport (70)
[2014.12.13-23.26.34:002][ 31]LogModuleManager: Shutting down and abandoning module PropertyEditor (69)
[2014.12.13-23.26.34:002][ 31]LogModuleManager: Shutting down and abandoning module BehaviorTreeEditor (68)
[2014.12.13-23.26.34:002][ 31]LogModuleManager: Shutting down and abandoning module FunctionalTesting (67)
[2014.12.13-23.26.34:002][ 31]LogModuleManager: Shutting down and abandoning module CollisionAnalyzer (66)
[2014.12.13-23.26.34:002][ 31]LogModuleManager: Shutting down and abandoning module WorkspaceMenuStructure (65)
[2014.12.13-23.26.34:002][ 31]LogModuleManager: Shutting down and abandoning module MessageLog (64)
[2014.12.13-23.26.34:002][ 31]LogModuleManager: Shutting down and abandoning module Sequencer (63)
[2014.12.13-23.26.34:003][ 31]LogModuleManager: Shutting down and abandoning module AssetTools (62)
[2014.12.13-23.26.34:003][ 31]LogModuleManager: Shutting down and abandoning module UMGEditor (61)
[2014.12.13-23.26.34:003][ 31]LogModuleManager: Shutting down and abandoning module UMG (60)
[2014.12.13-23.26.34:003][ 31]LogModuleManager: Shutting down and abandoning module Slate (59)
[2014.12.13-23.26.34:003][ 31]LogModuleManager: Shutting down and abandoning module EditorStyle (58)
[2014.12.13-23.26.34:008][ 31]LogModuleManager: Shutting down and abandoning module SessionServices (57)
[2014.12.13-23.26.34:008][ 31]LogModuleManager: Shutting down and abandoning module SourceCodeAccess (56)
[2014.12.13-23.26.34:008][ 31]LogModuleManager: Shutting down and abandoning module HeadMountedDisplay (55)
[2014.12.13-23.26.34:008][ 31]LogModuleManager: Shutting down and abandoning module XAudio2 (54)
[2014.12.13-23.26.34:008][ 31]LogModuleManager: Shutting down and abandoning module Networking (52)
[2014.12.13-23.26.34:008][ 31]LogModuleManager: Shutting down and abandoning module Core (51)
[2014.12.13-23.26.34:008][ 31]LogModuleManager: Shutting down and abandoning module KismetCompiler (50)
[2014.12.13-23.26.34:008][ 31]LogModuleManager: Shutting down and abandoning module PhysXFormats (49)
[2014.12.13-23.26.34:008][ 31]LogModuleManager: Shutting down and abandoning module MeshUtilities (48)
[2014.12.13-23.26.34:008][ 31]LogModuleManager: Shutting down and abandoning module DerivedDataCache (47)
[2014.12.13-23.26.34:019][ 31]LogDerivedDataCache: Shutdown
[2014.12.13-23.26.34:019][ 31]LogModuleManager: Shutting down and abandoning module ShaderFormatOpenGL (46)
[2014.12.13-23.26.34:019][ 31]LogModuleManager: Shutting down and abandoning module ShaderFormatD3D (45)
[2014.12.13-23.26.34:019][ 31]LogModuleManager: Shutting down and abandoning module MetalShaderFormat (44)
[2014.12.13-23.26.34:019][ 31]LogModuleManager: Shutting down and abandoning module TextureFormatUncompressed (43)
[2014.12.13-23.26.34:019][ 31]LogModuleManager: Shutting down and abandoning module TextureFormatPVR (42)
[2014.12.13-23.26.34:019][ 31]LogModuleManager: Shutting down and abandoning module TextureFormatDXT (41)
[2014.12.13-23.26.34:019][ 31]LogModuleManager: Shutting down and abandoning module TextureFormatAndroid (40)
[2014.12.13-23.26.34:019][ 31]LogModuleManager: Shutting down and abandoning module AudioFormatOpus (39)
[2014.12.13-23.26.34:019][ 31]LogModuleManager: Shutting down and abandoning module AudioFormatOgg (38)
[2014.12.13-23.26.34:019][ 31]LogModuleManager: Shutting down and abandoning module AudioFormatADPCM (37)
[2014.12.13-23.26.34:019][ 31]LogModuleManager: Shutting down and abandoning module LinuxTargetPlatform (36)
[2014.12.13-23.26.34:019][ 31]LogModuleManager: Shutting down and abandoning module LinuxServerTargetPlatform (35)
[2014.12.13-23.26.34:019][ 31]LogModuleManager: Shutting down and abandoning module LinuxNoEditorTargetPlatform (34)
[2014.12.13-23.26.34:019][ 31]LogModuleManager: Shutting down and abandoning module Messaging (33)
[2014.12.13-23.26.34:019][ 31]LogModuleManager: Shutting down and abandoning module IOSTargetPlatform (32)
[2014.12.13-23.26.34:019][ 31]LogModuleManager: Shutting down and abandoning module Android_PVRTCTargetPlatform (31)
[2014.12.13-23.26.34:019][ 31]LogModuleManager: Shutting down and abandoning module Android_ETC2TargetPlatform (30)
[2014.12.13-23.26.34:019][ 31]LogModuleManager: Shutting down and abandoning module Android_ETC1TargetPlatform (29)
[2014.12.13-23.26.34:019][ 31]LogModuleManager: Shutting down and abandoning module Android_DXTTargetPlatform (28)
[2014.12.13-23.26.34:019][ 31]LogModuleManager: Shutting down and abandoning module Android_ATCTargetPlatform (27)
[2014.12.13-23.26.34:019][ 31]LogModuleManager: Shutting down and abandoning module AndroidTargetPlatform (26)
[2014.12.13-23.26.34:019][ 31]LogModuleManager: Shutting down and abandoning module WindowsTargetPlatform (25)
[2014.12.13-23.26.34:019][ 31]LogModuleManager: Shutting down and abandoning module WindowsServerTargetPlatform (24)
[2014.12.13-23.26.34:019][ 31]LogModuleManager: Shutting down and abandoning module WindowsNoEditorTargetPlatform (23)
[2014.12.13-23.26.34:019][ 31]LogModuleManager: Shutting down and abandoning module WindowsClientTargetPlatform (22)
[2014.12.13-23.26.34:019][ 31]LogModuleManager: Shutting down and abandoning module TargetPlatform (21)
[2014.12.13-23.26.34:019][ 31]LogModuleManager: Shutting down and abandoning module InputCore (20)
[2014.12.13-23.26.34:019][ 31]LogModuleManager: Shutting down and abandoning module Settings (19)
[2014.12.13-23.26.34:019][ 31]LogModuleManager: Shutting down and abandoning module ImageWrapper (18)
[2014.12.13-23.26.34:019][ 31]LogModuleManager: Shutting down and abandoning module OculusRift (15)
[2014.12.13-23.26.34:019][ 31]LogModuleManager: Shutting down and abandoning module ExampleDeviceProfileSelector (14)
[2014.12.13-23.26.34:019][ 31]LogModuleManager: Shutting down and abandoning module TextureCompressor (13)
[2014.12.13-23.26.34:019][ 31]LogModuleManager: Shutting down and abandoning module ShaderCore (12)
[2014.12.13-23.26.34:019][ 31]LogModuleManager: Shutting down and abandoning module Landscape (11)
[2014.12.13-23.26.34:019][ 31]LogModuleManager: Shutting down and abandoning module SlateRHIRenderer (10)
[2014.12.13-23.26.34:020][ 31]LogModuleManager: Shutting down and abandoning module OpenGLDrv (9)
[2014.12.13-23.26.34:020][ 31]LogModuleManager: Shutting down and abandoning module D3D11RHI (8)
[2014.12.13-23.26.34:020][ 31]LogModuleManager: Shutting down and abandoning module Renderer (7)
[2014.12.13-23.26.34:020][ 31]LogModuleManager: Shutting down and abandoning module Engine (6)
[2014.12.13-23.26.34:020][ 31]LogModuleManager: Shutting down and abandoning module CoreUObject (5)
[2014.12.13-23.26.34:020][ 31]LogModuleManager: Shutting down and abandoning module NetworkFile (4)
[2014.12.13-23.26.34:020][ 31]LogModuleManager: Shutting down and abandoning module StreamingFile (3)
[2014.12.13-23.26.34:020][ 31]LogModuleManager: Shutting down and abandoning module SandboxFile (2)
[2014.12.13-23.26.34:020][ 31]LogModuleManager: Shutting down and abandoning module PakFile (1)
[2014.12.13-23.26.34:020][ 31]LogExit: Exiting.
[2014.12.13-23.26.34:039][ 31]Log file closed, 12/13/14 15:26:34
