Log file open, 12/14/14 17:22:52
LogInit:Display: Running engine for game: Trial_third_person
LogInit: Version: 4.6.0-2369412+++depot+UE4-Releases+4.6
LogInit: API Version: 2369412
LogInit: Compiled (64-bit): Nov 24 2014 21:54:04
LogInit: Compiled with Visual C++: 18.00.21005.01
LogInit: Build Configuration: Development
LogInit: Branch Name: ++depot+UE4-Releases+4.6
LogInit: Command line:  /Temp/Autosaves/Game/Maps/UEDPCStartMenuLevel -game -PIEVIACONSOLE -ResX=1280 -ResY=720  -Multiprocess 
LogInit: Base directory: C:/Program Files/Epic Games/4.6/Engine/Binaries/Win64/
LogInit: Rocket: 1
[2014.12.15-01.22.52:475][  0]LogTaskGraph: Started task graph with 3 named threads and 6 total threads.
[2014.12.15-01.22.52:528][  0]LogOnline:Warning: No default platform service specified for OnlineSubsystem
[2014.12.15-01.22.52:555][  0]LogInit: Presizing for 0 objects not considered by GC, pre-allocating 0 bytes.
[2014.12.15-01.22.52:568][  0]LogInit: Object subsystem initialized
[2014.12.15-01.22.52:571][  0]LogConsoleResponse:Warning: Skipping Unknown console variable: 'UIScaleCurve = (EditorCurveData=(Keys=((Time=480.000000,Value=0.444000),(Time=720.000000,Value=0.666000),(Time=1080.000000,Value=1.000000),(Time=8640.000000,Value=8.000000))),ExternalCurve=None)'
[2014.12.15-01.22.52:571][  0]LogConsoleResponse:Warning:   Found in ini file 'C:/Users/Jeremy/Documents/GitHub/Study-Session/Trial_third_person 4.6/Saved/Config/Windows/Engine.ini', in section '[/Script/Engine.RendererSettings]'
[2014.12.15-01.22.52:571][  0]LogConsoleManager:Warning: Console variable 'r.MSAA.CompositingSampleCount' wasn't set (Priority ProjectSetting < Scalability)
[2014.12.15-01.22.52:572][  0]LogInit: Selected Device Profile: [Windows]
[2014.12.15-01.22.52:572][  0]LogInit: Applying CVar settings loaded from the selected device profile: [Windows]
[2014.12.15-01.22.52:580][  0]LogInit: Computer: BRIANA-DESKTOP
[2014.12.15-01.22.52:580][  0]LogInit: User: Jeremy
[2014.12.15-01.22.52:580][  0]LogInit: CPU Page size=4096, Cores=4
[2014.12.15-01.22.52:580][  0]LogInit: High frequency timer resolution =14.318180 MHz
[2014.12.15-01.22.52:581][  0]LogMemory: Memory total: Physical=8.0GB (8GB approx) Virtual=8192.0GB
[2014.12.15-01.22.52:581][  0]LogMemory: Platform Memory Stats for Windows
[2014.12.15-01.22.52:581][  0]LogMemory: Process Physical Memory: 49.32 MB used, 49.32 MB peak
[2014.12.15-01.22.52:581][  0]LogMemory: Process Virtual Memory: 25.20 MB used, 25.20 MB peak
[2014.12.15-01.22.52:581][  0]LogMemory: Physical Memory: 3311.39 MB used, 8183.89 MB total
[2014.12.15-01.22.52:581][  0]LogMemory: Virtual Memory: 264.43 MB used, 8388608.00 MB total
[2014.12.15-01.22.52:622][  0]LogD3D11RHI: Found D3D11 adapter 0: NVIDIA GeForce GTX 550 Ti (Feature Level 11_0)
[2014.12.15-01.22.52:622][  0]LogD3D11RHI: Adapter has 977MB of dedicated video memory, 0MB of dedicated system memory, and 3071MB of shared system memory, 2 output[s]
[2014.12.15-01.22.52:622][  0]LogD3D11RHI: Chosen D3D11 Adapter Id = 0
[2014.12.15-01.22.52:630][  0]LogRHI: Texture pool is 684 MB (70% of 977 MB)
[2014.12.15-01.22.52:642][  0]LogD3D11RHI: Async texture creation enabled
[2014.12.15-01.22.52:713][  0]LogTextLocalizationManager: The requested culture ('en_US') has no localization data; parent culture's ('en') localization data will be used.
[2014.12.15-01.22.52:933][  0]LogContentStreaming: Texture pool size is 1000.000000MB
[2014.12.15-01.23.00:229][  0]LogTargetPlatformManager:Display: Building Assets For Windows
[2014.12.15-01.23.00:787][  0]LogTargetPlatformManager:Display: Building Assets For Windows
[2014.12.15-01.23.00:854][  0]LogDerivedDataCache:Display: Max Cache Size: 512 MB
[2014.12.15-01.23.00:934][  0]LogDerivedDataCache: Loaded boot cache 0.08s 39MB C:/Users/Jeremy/AppData/Local/UnrealEngine/4.6/DerivedDataCache/Boot.ddc.
[2014.12.15-01.23.00:934][  0]LogDerivedDataCache:Display: Loaded Boot cache: C:/Users/Jeremy/AppData/Local/UnrealEngine/4.6/DerivedDataCache/Boot.ddc
[2014.12.15-01.23.00:934][  0]LogDerivedDataCache: FDerivedDataBackendGraph:  Pak pak cache file ../../../../../../Users/Jeremy/Documents/GitHub/Study-Session/Trial_third_person 4.6/DerivedDataCache/DDC.ddp not found, will not use a pak cache.
[2014.12.15-01.23.00:934][  0]LogDerivedDataCache: Unable to find inner node Pak for hierarchical cache Hierarchy.
[2014.12.15-01.23.01:022][  0]LogDerivedDataCache:Display: Pak cache opened for reading ../../../Engine/DerivedDataCache/DDC.ddp.
[2014.12.15-01.23.01:034][  0]LogDerivedDataCache: Using Local data cache path C:/Users/Jeremy/AppData/Local/UnrealEngine/Common/DerivedDataCache: Writable
[2014.12.15-01.23.01:227][  0]LogCollisionProfile:Warning: Profile (UI) - Custom Channel Name = 'Weapon' hasn't been found
[2014.12.15-01.23.01:399][  0]LogMeshUtilities: No automatic mesh reduction module available
[2014.12.15-01.23.01:399][  0]LogMeshUtilities: No automatic mesh merging module available
[2014.12.15-01.23.01:851][  0]LogInit: WinSock: version 1.1 (2.2), MaxSocks=32767, MaxUdp=65467
[2014.12.15-01.23.01:918][  0]LogSlate:Warning: Failed to load font data from '../../../Engine/Content/Slate/Fonts/Roboto-Italic.ttf'
[2014.12.15-01.23.02:965][  0]LogWindowsMoviePlayer: Unable to load movie: ../../../../../../Users/Jeremy/Documents/GitHub/Study-Session/Trial_third_person 4.6/Content/Movies/Default_Startup.mp4
[2014.12.15-01.23.03:112][  0]SourceControl: Info Source control is disabled
[2014.12.15-01.23.03:112][  0]SourceControl: Info Source control is disabled
[2014.12.15-01.23.03:121][  0]SourceControl: Info Source control is disabled
[2014.12.15-01.23.03:161][  0]LogDirectoryWatcher:Warning: Failed to begin reading directory changes for C:/Users/Jeremy/Documents/GitHub/Study-Session/Trial_third_person 4.6/Binaries/Win64. Error: 0
[2014.12.15-01.23.03:222][  0]LogObj: 23338 objects as part of root set at end of initial load.
[2014.12.15-01.23.03:222][  0]LogUObjectAllocator: 4907960 out of 0 bytes used by permanent object pool.
[2014.12.15-01.23.03:301][  0]LogAutomationTest:Warning: ERR: Transient text cannot be serialized "Testing Transient serialization detection".
[2014.12.15-01.23.03:301][  0]LogEngine: Initializing Engine...
[2014.12.15-01.23.05:302][  0]LogHMD:Warning: No Oculus HMD detected! Is Oculus Run-Time installed and service is running?
[2014.12.15-01.23.05:312][  0]LogHMD: Oculus shutdown.
[2014.12.15-01.23.05:500][  0]LogInit: XAudio2 using 'Speakers (Realtek High Definition Audio)' : 2 channels at 48 kHz using 32 bits per sample (channel mask 0x3)
[2014.12.15-01.23.05:514][  0]LogInit: FAudioDevice initialized.
[2014.12.15-01.23.05:525][  0]LogInit: Texture streaming: Enabled
[2014.12.15-01.23.05:615][  0]LogAnalytics: Creating configured Analytics provider AnalyticsET
[2014.12.15-01.23.05:615][  0]LogAnalytics: ET APIKey = Rocket.Release. APIServer = http://et2.epicgames.com/ET2/. AppVersion = 4.6.0-2369412+++depot+UE4-Releases+4.6
[2014.12.15-01.23.05:616][  0]LogAnalytics: SetUserId 6df8d6a202a5f32dd217a5bf9cbf5496
[2014.12.15-01.23.05:616][  0]LogAnalytics: AnalyticsET::StartSession [Rocket.Release]
[2014.12.15-01.23.05:639][  0]LogConsoleManager:Warning: Console variable 'r.VSync' wasn't set (Priority Code < GameSetting)
[2014.12.15-01.23.05:696][  0]LogNet: Browse: /Temp/Autosaves/Game/Maps/UEDPCStartMenuLevel?Name=Player
[2014.12.15-01.23.05:696][  0]LogLoad: LoadMap: /Temp/Autosaves/Game/Maps/UEDPCStartMenuLevel?Name=Player
[2014.12.15-01.23.05:711][  0]LogMemory: Platform Memory Stats for Windows
[2014.12.15-01.23.05:711][  0]LogMemory: Process Physical Memory: 293.52 MB used, 321.73 MB peak
[2014.12.15-01.23.05:711][  0]LogMemory: Process Virtual Memory: 252.39 MB used, 282.66 MB peak
[2014.12.15-01.23.05:711][  0]LogMemory: Physical Memory: 3513.73 MB used, 8183.89 MB total
[2014.12.15-01.23.05:711][  0]LogMemory: Virtual Memory: 686.00 MB used, 8388608.00 MB total
[2014.12.15-01.23.05:711][  0]LogMemory: 
[2014.12.15-01.23.05:711][  0]Allocator Stats for TBB: (not implemented)
[2014.12.15-01.23.06:797][  0]LogWorld: Game class is 'MyGame_C'
[2014.12.15-01.23.06:824][  0]LogAIModule: Creating AISystem for world StartMenuLevel
[2014.12.15-01.23.06:825][  0]LogWorld: Bringing World /Temp/Autosaves/Game/Maps/UEDPCStartMenuLevel.StartMenuLevel up for play (max tick rate 0) at 2014.12.14-17.23.06
[2014.12.15-01.23.06:825][  0]LogWorld: Bringing up level for play took: 0.000856
[2014.12.15-01.23.06:830][  0]LogInit:Display: Game Engine Initialized.
[2014.12.15-01.23.07:055][  0]LogLoad: Full Startup: 16.65 seconds (BP compile: 0.41 seconds)
[2014.12.15-01.23.07:216][  2]LogRenderer:Warning: Reallocating scene render targets to support 1280x720.
[2014.12.15-01.23.08:641][ 67]LogPackageName: SearchForPackageOnDisk took   0.100s to resolve School.umap
[2014.12.15-01.23.08:736][ 67]LogPackageName: SearchForPackageOnDisk took   0.094s to resolve School.umap
[2014.12.15-01.23.08:736][ 67]LogNet: Browse: /Game/Maps/School
[2014.12.15-01.23.08:736][ 67]LogLoad: LoadMap: /Game/Maps/School
[2014.12.15-01.23.08:760][ 67]LogParticles: Destroying 0 GPU particle simulations for FXSystem 0x000000001195C2C0
[2014.12.15-01.23.08:785][ 67]LogMemory: Platform Memory Stats for Windows
[2014.12.15-01.23.08:785][ 67]LogMemory: Process Physical Memory: 322.92 MB used, 325.76 MB peak
[2014.12.15-01.23.08:785][ 67]LogMemory: Process Virtual Memory: 266.67 MB used, 282.66 MB peak
[2014.12.15-01.23.08:785][ 67]LogMemory: Physical Memory: 3648.21 MB used, 8183.89 MB total
[2014.12.15-01.23.08:785][ 67]LogMemory: Virtual Memory: 719.97 MB used, 8388608.00 MB total
[2014.12.15-01.23.08:785][ 67]LogMemory: 
[2014.12.15-01.23.08:785][ 67]Allocator Stats for TBB: (not implemented)
[2014.12.15-01.23.09:158][ 67]LogLinker:Warning: Can't find file '/Game/ArchVis/Materials/MI_Couch_NOSSS_Mat_Inst'
[2014.12.15-01.23.09:158][ 67]LoadErrors: Info Failed to load /Game/ArchVis/Materials/MI_Couch_NOSSS_Mat_Inst.MI_Couch_NOSSS_Mat_Inst Referenced by SM_Couch_1seat
[2014.12.15-01.23.09:158][ 67]LogUObjectGlobals:Warning: Failed to load '/Game/ArchVis/Materials/MI_Couch_NOSSS_Mat_Inst': Can't find file '/Game/ArchVis/Materials/MI_Couch_NOSSS_Mat_Inst'
[2014.12.15-01.23.09:158][ 67]LogLinker:Warning: Can't find file for asset '/Game/ArchVis/Materials/MI_Couch_NOSSS_Mat_Inst' while loading NULL.
[2014.12.15-01.23.09:159][ 67]LoadErrors: Info Failed to load /Game/ArchVis/Materials/MI_Couch_NOSSS_Mat_Inst.MI_Couch_NOSSS_Mat_Inst Referenced by SM_Couch_1seat
[2014.12.15-01.23.09:159][ 67]LogUObjectGlobals:Warning: Failed to load '/Game/ArchVis/Materials/MI_Couch_NOSSS_Mat_Inst': Can't find file for asset '/Game/ArchVis/Materials/MI_Couch_NOSSS_Mat_Inst' while loading NULL.
[2014.12.15-01.23.09:159][ 67]LogLinker:Warning: Can't find file '/Game/ArchVis/Materials/MI_Couch_NOSSS_Mat_Inst'
[2014.12.15-01.23.09:159][ 67]LoadErrors: Info Failed to load /Game/ArchVis/Materials/MI_Couch_NOSSS_Mat_Inst.MI_Couch_NOSSS_Mat_Inst Referenced by SM_Couch_1seat
[2014.12.15-01.23.09:159][ 67]LogUObjectGlobals:Warning: Failed to load '/Game/ArchVis/Materials/MI_Couch_NOSSS_Mat_Inst': Can't find file '/Game/ArchVis/Materials/MI_Couch_NOSSS_Mat_Inst'
[2014.12.15-01.23.09:159][ 67]LogLinker:Warning: Can't find file for asset '/Game/ArchVis/Materials/MI_Couch_NOSSS_Mat_Inst' while loading NULL.
[2014.12.15-01.23.09:160][ 67]LoadErrors: Info Failed to load /Game/ArchVis/Materials/MI_Couch_NOSSS_Mat_Inst.MI_Couch_NOSSS_Mat_Inst Referenced by SM_Couch_1seat
[2014.12.15-01.23.09:160][ 67]LogUObjectGlobals:Warning: Failed to load '/Game/ArchVis/Materials/MI_Couch_NOSSS_Mat_Inst': Can't find file for asset '/Game/ArchVis/Materials/MI_Couch_NOSSS_Mat_Inst' while loading NULL.
[2014.12.15-01.23.09:236][ 67]LogWorld: Game class is 'MyGame_C'
[2014.12.15-01.23.09:239][ 67]LogAIModule: Creating AISystem for world School
[2014.12.15-01.23.09:247][ 67]LogWorld: Bringing World /Game/Maps/School.School up for play (max tick rate 0) at 2014.12.14-17.23.09
[2014.12.15-01.23.09:249][ 67]LogWorld: Bringing up level for play took: 0.009591
[2014.12.15-01.23.17:110][508]LogPackageName: SearchForPackageOnDisk took   0.098s to resolve ForestLevel.umap
[2014.12.15-01.23.17:208][509]LogPackageName: SearchForPackageOnDisk took   0.095s to resolve ForestLevel.umap
[2014.12.15-01.23.17:208][509]LogNet: Browse: /Game/Maps/ForestLevel
[2014.12.15-01.23.17:208][509]LogLoad: LoadMap: /Game/Maps/ForestLevel
[2014.12.15-01.23.17:233][509]LogParticles: Destroying 0 GPU particle simulations for FXSystem 0x00000000113496C0
[2014.12.15-01.23.17:245][509]LogMemory: Platform Memory Stats for Windows
[2014.12.15-01.23.17:245][509]LogMemory: Process Physical Memory: 354.80 MB used, 385.87 MB peak
[2014.12.15-01.23.17:245][509]LogMemory: Process Virtual Memory: 286.22 MB used, 325.99 MB peak
[2014.12.15-01.23.17:245][509]LogMemory: Physical Memory: 3727.85 MB used, 8183.89 MB total
[2014.12.15-01.23.17:245][509]LogMemory: Virtual Memory: 733.50 MB used, 8388608.00 MB total
[2014.12.15-01.23.17:245][509]LogMemory: 
[2014.12.15-01.23.17:245][509]Allocator Stats for TBB: (not implemented)
[2014.12.15-01.23.18:249][509]LogLinker:Warning: Can't find file '/Game/ArchVis/Materials/MI_Couch_NOSSS_Mat_Inst'
[2014.12.15-01.23.18:249][509]LoadErrors: Info Failed to load /Game/ArchVis/Materials/MI_Couch_NOSSS_Mat_Inst.MI_Couch_NOSSS_Mat_Inst Referenced by SM_Couch_1seat
[2014.12.15-01.23.18:249][509]LogUObjectGlobals:Warning: Failed to load '/Game/ArchVis/Materials/MI_Couch_NOSSS_Mat_Inst': Can't find file '/Game/ArchVis/Materials/MI_Couch_NOSSS_Mat_Inst'
[2014.12.15-01.23.18:249][509]LogLinker:Warning: Can't find file for asset '/Game/ArchVis/Materials/MI_Couch_NOSSS_Mat_Inst' while loading NULL.
[2014.12.15-01.23.18:249][509]LoadErrors: Info Failed to load /Game/ArchVis/Materials/MI_Couch_NOSSS_Mat_Inst.MI_Couch_NOSSS_Mat_Inst Referenced by SM_Couch_1seat
[2014.12.15-01.23.18:250][509]LogUObjectGlobals:Warning: Failed to load '/Game/ArchVis/Materials/MI_Couch_NOSSS_Mat_Inst': Can't find file for asset '/Game/ArchVis/Materials/MI_Couch_NOSSS_Mat_Inst' while loading NULL.
[2014.12.15-01.23.18:250][509]LogLinker:Warning: Can't find file '/Game/ArchVis/Materials/MI_Couch_NOSSS_Mat_Inst'
[2014.12.15-01.23.18:250][509]LoadErrors: Info Failed to load /Game/ArchVis/Materials/MI_Couch_NOSSS_Mat_Inst.MI_Couch_NOSSS_Mat_Inst Referenced by SM_Couch_1seat
[2014.12.15-01.23.18:250][509]LogUObjectGlobals:Warning: Failed to load '/Game/ArchVis/Materials/MI_Couch_NOSSS_Mat_Inst': Can't find file '/Game/ArchVis/Materials/MI_Couch_NOSSS_Mat_Inst'
[2014.12.15-01.23.18:250][509]LogLinker:Warning: Can't find file for asset '/Game/ArchVis/Materials/MI_Couch_NOSSS_Mat_Inst' while loading NULL.
[2014.12.15-01.23.18:250][509]LoadErrors: Info Failed to load /Game/ArchVis/Materials/MI_Couch_NOSSS_Mat_Inst.MI_Couch_NOSSS_Mat_Inst Referenced by SM_Couch_1seat
[2014.12.15-01.23.18:250][509]LogUObjectGlobals:Warning: Failed to load '/Game/ArchVis/Materials/MI_Couch_NOSSS_Mat_Inst': Can't find file for asset '/Game/ArchVis/Materials/MI_Couch_NOSSS_Mat_Inst' while loading NULL.
[2014.12.15-01.23.18:251][509]LogLinker:Warning: Can't find file '/Game/Assets/Materials/M_PineTree_Bark_Inst'
[2014.12.15-01.23.18:251][509]LoadErrors: Info Failed to load /Game/Assets/Materials/M_PineTree_Bark_Inst.M_PineTree_Bark_Inst Referenced by SM_PineTree
[2014.12.15-01.23.18:251][509]LogUObjectGlobals:Warning: Failed to load '/Game/Assets/Materials/M_PineTree_Bark_Inst': Can't find file '/Game/Assets/Materials/M_PineTree_Bark_Inst'
[2014.12.15-01.23.18:251][509]LogLinker:Warning: Can't find file for asset '/Game/Assets/Materials/M_PineTree_Bark_Inst' while loading NULL.
[2014.12.15-01.23.18:251][509]LoadErrors: Info Failed to load /Game/Assets/Materials/M_PineTree_Bark_Inst.M_PineTree_Bark_Inst Referenced by SM_PineTree
[2014.12.15-01.23.18:251][509]LogUObjectGlobals:Warning: Failed to load '/Game/Assets/Materials/M_PineTree_Bark_Inst': Can't find file for asset '/Game/Assets/Materials/M_PineTree_Bark_Inst' while loading NULL.
[2014.12.15-01.23.18:252][509]LogLinker:Warning: Can't find file '/Game/Assets/Materials/MI_PineTree_Branch_Inst'
[2014.12.15-01.23.18:252][509]LoadErrors: Info Failed to load /Game/Assets/Materials/MI_PineTree_Branch_Inst.MI_PineTree_Branch_Inst Referenced by SM_PineTree
[2014.12.15-01.23.18:252][509]LogUObjectGlobals:Warning: Failed to load '/Game/Assets/Materials/MI_PineTree_Branch_Inst': Can't find file '/Game/Assets/Materials/MI_PineTree_Branch_Inst'
[2014.12.15-01.23.18:252][509]LogLinker:Warning: Can't find file for asset '/Game/Assets/Materials/MI_PineTree_Branch_Inst' while loading NULL.
[2014.12.15-01.23.18:252][509]LoadErrors: Info Failed to load /Game/Assets/Materials/MI_PineTree_Branch_Inst.MI_PineTree_Branch_Inst Referenced by SM_PineTree
[2014.12.15-01.23.18:252][509]LogUObjectGlobals:Warning: Failed to load '/Game/Assets/Materials/MI_PineTree_Branch_Inst': Can't find file for asset '/Game/Assets/Materials/MI_PineTree_Branch_Inst' while loading NULL.
[2014.12.15-01.23.18:253][509]LogLinker:Warning: Can't find file '/Game/Assets/Materials/M_PineTree_Bark_Inst'
[2014.12.15-01.23.18:253][509]LoadErrors: Info Failed to load /Game/Assets/Materials/M_PineTree_Bark_Inst.M_PineTree_Bark_Inst Referenced by SM_PineTree
[2014.12.15-01.23.18:253][509]LogUObjectGlobals:Warning: Failed to load '/Game/Assets/Materials/M_PineTree_Bark_Inst': Can't find file '/Game/Assets/Materials/M_PineTree_Bark_Inst'
[2014.12.15-01.23.18:253][509]LogLinker:Warning: Can't find file for asset '/Game/Assets/Materials/M_PineTree_Bark_Inst' while loading NULL.
[2014.12.15-01.23.18:253][509]LoadErrors: Info Failed to load /Game/Assets/Materials/M_PineTree_Bark_Inst.M_PineTree_Bark_Inst Referenced by SM_PineTree
[2014.12.15-01.23.18:253][509]LogUObjectGlobals:Warning: Failed to load '/Game/Assets/Materials/M_PineTree_Bark_Inst': Can't find file for asset '/Game/Assets/Materials/M_PineTree_Bark_Inst' while loading NULL.
[2014.12.15-01.23.18:254][509]LogLinker:Warning: Can't find file '/Game/Assets/Materials/MI_PineTree_Branch_Inst'
[2014.12.15-01.23.18:254][509]LoadErrors: Info Failed to load /Game/Assets/Materials/MI_PineTree_Branch_Inst.MI_PineTree_Branch_Inst Referenced by SM_PineTree
[2014.12.15-01.23.18:254][509]LogUObjectGlobals:Warning: Failed to load '/Game/Assets/Materials/MI_PineTree_Branch_Inst': Can't find file '/Game/Assets/Materials/MI_PineTree_Branch_Inst'
[2014.12.15-01.23.18:254][509]LogLinker:Warning: Can't find file for asset '/Game/Assets/Materials/MI_PineTree_Branch_Inst' while loading NULL.
[2014.12.15-01.23.18:254][509]LoadErrors: Info Failed to load /Game/Assets/Materials/MI_PineTree_Branch_Inst.MI_PineTree_Branch_Inst Referenced by SM_PineTree
[2014.12.15-01.23.18:254][509]LogUObjectGlobals:Warning: Failed to load '/Game/Assets/Materials/MI_PineTree_Branch_Inst': Can't find file for asset '/Game/Assets/Materials/MI_PineTree_Branch_Inst' while loading NULL.
[2014.12.15-01.23.18:255][509]LogLinker:Warning: Can't find file '/Game/Assets/Materials/MI_PineTree_Billboard_Inst'
[2014.12.15-01.23.18:255][509]LoadErrors: Info Failed to load /Game/Assets/Materials/MI_PineTree_Billboard_Inst.MI_PineTree_Billboard_Inst Referenced by SM_PineTree
[2014.12.15-01.23.18:255][509]LogUObjectGlobals:Warning: Failed to load '/Game/Assets/Materials/MI_PineTree_Billboard_Inst': Can't find file '/Game/Assets/Materials/MI_PineTree_Billboard_Inst'
[2014.12.15-01.23.18:255][509]LogLinker:Warning: Can't find file for asset '/Game/Assets/Materials/MI_PineTree_Billboard_Inst' while loading NULL.
[2014.12.15-01.23.18:255][509]LoadErrors: Info Failed to load /Game/Assets/Materials/MI_PineTree_Billboard_Inst.MI_PineTree_Billboard_Inst Referenced by SM_PineTree
[2014.12.15-01.23.18:255][509]LogUObjectGlobals:Warning: Failed to load '/Game/Assets/Materials/MI_PineTree_Billboard_Inst': Can't find file for asset '/Game/Assets/Materials/MI_PineTree_Billboard_Inst' while loading NULL.
[2014.12.15-01.23.18:256][509]LogLinker:Warning: Can't find file '/Game/Assets/Materials/MI_PineTree_Billboard_Inst'
[2014.12.15-01.23.18:256][509]LoadErrors: Info Failed to load /Game/Assets/Materials/MI_PineTree_Billboard_Inst.MI_PineTree_Billboard_Inst Referenced by SM_PineTree
[2014.12.15-01.23.18:256][509]LogUObjectGlobals:Warning: Failed to load '/Game/Assets/Materials/MI_PineTree_Billboard_Inst': Can't find file '/Game/Assets/Materials/MI_PineTree_Billboard_Inst'
[2014.12.15-01.23.18:256][509]LogLinker:Warning: Can't find file for asset '/Game/Assets/Materials/MI_PineTree_Billboard_Inst' while loading NULL.
[2014.12.15-01.23.18:256][509]LoadErrors: Info Failed to load /Game/Assets/Materials/MI_PineTree_Billboard_Inst.MI_PineTree_Billboard_Inst Referenced by SM_PineTree
[2014.12.15-01.23.18:256][509]LogUObjectGlobals:Warning: Failed to load '/Game/Assets/Materials/MI_PineTree_Billboard_Inst': Can't find file for asset '/Game/Assets/Materials/MI_PineTree_Billboard_Inst' while loading NULL.
[2014.12.15-01.23.18:257][509]LogLinker:Warning: Can't find file '/Game/Assets/Materials/MI_PineTree_Billboard_Inst'
[2014.12.15-01.23.18:257][509]LoadErrors: Info Failed to load /Game/Assets/Materials/MI_PineTree_Billboard_Inst.MI_PineTree_Billboard_Inst Referenced by SM_PineTree
[2014.12.15-01.23.18:257][509]LogUObjectGlobals:Warning: Failed to load '/Game/Assets/Materials/MI_PineTree_Billboard_Inst': Can't find file '/Game/Assets/Materials/MI_PineTree_Billboard_Inst'
[2014.12.15-01.23.18:257][509]LogLinker:Warning: Can't find file for asset '/Game/Assets/Materials/MI_PineTree_Billboard_Inst' while loading NULL.
[2014.12.15-01.23.18:257][509]LoadErrors: Info Failed to load /Game/Assets/Materials/MI_PineTree_Billboard_Inst.MI_PineTree_Billboard_Inst Referenced by SM_PineTree
[2014.12.15-01.23.18:257][509]LogUObjectGlobals:Warning: Failed to load '/Game/Assets/Materials/MI_PineTree_Billboard_Inst': Can't find file for asset '/Game/Assets/Materials/MI_PineTree_Billboard_Inst' while loading NULL.
[2014.12.15-01.23.18:258][509]LogLinker:Warning: Can't find file '/Game/Assets/Materials/MI_PineTree_Billboard_Inst'
[2014.12.15-01.23.18:258][509]LoadErrors: Info Failed to load /Game/Assets/Materials/MI_PineTree_Billboard_Inst.MI_PineTree_Billboard_Inst Referenced by SM_PineTree
[2014.12.15-01.23.18:258][509]LogUObjectGlobals:Warning: Failed to load '/Game/Assets/Materials/MI_PineTree_Billboard_Inst': Can't find file '/Game/Assets/Materials/MI_PineTree_Billboard_Inst'
[2014.12.15-01.23.18:258][509]LogLinker:Warning: Can't find file for asset '/Game/Assets/Materials/MI_PineTree_Billboard_Inst' while loading NULL.
[2014.12.15-01.23.18:258][509]LoadErrors: Info Failed to load /Game/Assets/Materials/MI_PineTree_Billboard_Inst.MI_PineTree_Billboard_Inst Referenced by SM_PineTree
[2014.12.15-01.23.18:258][509]LogUObjectGlobals:Warning: Failed to load '/Game/Assets/Materials/MI_PineTree_Billboard_Inst': Can't find file for asset '/Game/Assets/Materials/MI_PineTree_Billboard_Inst' while loading NULL.
[2014.12.15-01.23.18:260][509]LogLinker:Warning: Can't find file '/Game/Assets/Materials/M_UFO_Crash'
[2014.12.15-01.23.18:260][509]LoadErrors: Info Failed to load /Game/Assets/Materials/M_UFO_Crash.M_UFO_Crash Referenced by SM_UFO_Main
[2014.12.15-01.23.18:260][509]LogUObjectGlobals:Warning: Failed to load '/Game/Assets/Materials/M_UFO_Crash': Can't find file '/Game/Assets/Materials/M_UFO_Crash'
[2014.12.15-01.23.18:260][509]LogLinker:Warning: Can't find file for asset '/Game/Assets/Materials/M_UFO_Crash' while loading NULL.
[2014.12.15-01.23.18:260][509]LoadErrors: Info Failed to load /Game/Assets/Materials/M_UFO_Crash.M_UFO_Crash Referenced by SM_UFO_Main
[2014.12.15-01.23.18:261][509]LogUObjectGlobals:Warning: Failed to load '/Game/Assets/Materials/M_UFO_Crash': Can't find file for asset '/Game/Assets/Materials/M_UFO_Crash' while loading NULL.
[2014.12.15-01.23.23:801][509]LogWorld: Game class is 'MyGame_C'
[2014.12.15-01.23.23:805][509]LogAIModule: Creating AISystem for world ForestLevel
[2014.12.15-01.23.23:864][509]LogWorld: Bringing World /Game/Maps/ForestLevel.ForestLevel up for play (max tick rate 0) at 2014.12.14-17.23.23
[2014.12.15-01.23.23:869][509]LogWorld: Bringing up level for play took: 0.062604
[2014.12.15-01.24.49:939][701]Closing by request
[2014.12.15-01.24.49:939][701]LogWindows: FPlatformMisc::RequestExit(0)
[2014.12.15-01.24.50:012][702]LogExit: Preparing to exit.
[2014.12.15-01.24.50:126][702]LogExit: Game engine shut down
[2014.12.15-01.24.50:131][702]LogParticles: Destroying 0 GPU particle simulations for FXSystem 0x000000000AD58D60
[2014.12.15-01.24.50:168][702]LogExit: Object subsystem successfully closed.
[2014.12.15-01.24.50:222][702]LogModuleManager: Shutting down and abandoning module AndroidDeviceDetection (102)
[2014.12.15-01.24.50:222][702]LogModuleManager: Shutting down and abandoning module AutomationWorker (101)
[2014.12.15-01.24.50:222][702]LogModuleManager: Shutting down and abandoning module CharacterAI (100)
[2014.12.15-01.24.50:222][702]LogModuleManager: Shutting down and abandoning module AITestSuite (99)
[2014.12.15-01.24.50:222][702]LogModuleManager: Shutting down and abandoning module AIModule (98)
[2014.12.15-01.24.50:222][702]LogModuleManager: Shutting down and abandoning module GameLiveStreaming (97)
[2014.12.15-01.24.50:222][702]LogModuleManager: Shutting down and abandoning module StreamingPauseRendering (96)
[2014.12.15-01.24.50:222][702]LogModuleManager: Shutting down and abandoning module HTTP (95)
[2014.12.15-01.24.50:222][702]LogModuleManager: Shutting down and abandoning module AnalyticsET (94)
[2014.12.15-01.24.50:222][702]LogModuleManager: Shutting down and abandoning module Analytics (93)
[2014.12.15-01.24.50:222][702]LogModuleManager: Shutting down and abandoning module ProfilerService (92)
[2014.12.15-01.24.50:273][702]LogModuleManager: Shutting down and abandoning module TaskGraph (91)
[2014.12.15-01.24.50:273][702]LogModuleManager: Shutting down and abandoning module GameplayDebugger (90)
[2014.12.15-01.24.50:273][702]LogModuleManager: Shutting down and abandoning module SlateRemote (89)
[2014.12.15-01.24.50:273][702]LogModuleManager: Shutting down and abandoning module CustomMeshComponent (88)
[2014.12.15-01.24.50:273][702]LogModuleManager: Shutting down and abandoning module CableComponent (87)
[2014.12.15-01.24.50:273][702]LogModuleManager: Shutting down and abandoning module DesktopPlatform (86)
[2014.12.15-01.24.50:273][702]LogModuleManager: Shutting down and abandoning module DirectoryWatcher (85)
[2014.12.15-01.24.50:273][702]LogModuleManager: Shutting down and abandoning module HotReload (84)
[2014.12.15-01.24.50:273][702]LogModuleManager: Shutting down and abandoning module VisualStudioSourceCodeAccess (83)
[2014.12.15-01.24.50:273][702]LogModuleManager: Shutting down and abandoning module UObjectPlugin (82)
[2014.12.15-01.24.50:273][702]LogModuleManager: Shutting down and abandoning module SubversionSourceControl (81)
[2014.12.15-01.24.50:273][702]LogModuleManager: Shutting down and abandoning module SourceControl (80)
[2014.12.15-01.24.50:273][702]LogModuleManager: Shutting down and abandoning module PerforceSourceControl (79)
[2014.12.15-01.24.50:273][702]LogModuleManager: Shutting down and abandoning module BlankPlugin (78)
[2014.12.15-01.24.50:273][702]LogModuleManager: Shutting down and abandoning module ScriptPlugin (77)
[2014.12.15-01.24.50:273][702]LogModuleManager: Shutting down and abandoning module UdpMessaging (76)
[2014.12.15-01.24.50:273][702]LogModuleManager: Shutting down and abandoning module Paper2D (75)
[2014.12.15-01.24.50:273][702]LogModuleManager: Shutting down and abandoning module UE4Game (74)
[2014.12.15-01.24.50:273][702]LogModuleManager: Shutting down and abandoning module WindowsMoviePlayer (73)
[2014.12.15-01.24.50:278][702]LogModuleManager: Shutting down and abandoning module Media (72)
[2014.12.15-01.24.50:278][702]LogModuleManager: Shutting down and abandoning module WmfMedia (71)
[2014.12.15-01.24.50:279][702]LogModuleManager: Shutting down and abandoning module OnlineBlueprintSupport (70)
[2014.12.15-01.24.50:279][702]LogModuleManager: Shutting down and abandoning module PropertyEditor (69)
[2014.12.15-01.24.50:279][702]LogModuleManager: Shutting down and abandoning module BehaviorTreeEditor (68)
[2014.12.15-01.24.50:279][702]LogModuleManager: Shutting down and abandoning module FunctionalTesting (67)
[2014.12.15-01.24.50:279][702]LogModuleManager: Shutting down and abandoning module CollisionAnalyzer (66)
[2014.12.15-01.24.50:279][702]LogModuleManager: Shutting down and abandoning module WorkspaceMenuStructure (65)
[2014.12.15-01.24.50:279][702]LogModuleManager: Shutting down and abandoning module MessageLog (64)
[2014.12.15-01.24.50:279][702]LogModuleManager: Shutting down and abandoning module Sequencer (63)
[2014.12.15-01.24.50:279][702]LogModuleManager: Shutting down and abandoning module AssetTools (62)
[2014.12.15-01.24.50:279][702]LogModuleManager: Shutting down and abandoning module UMGEditor (61)
[2014.12.15-01.24.50:279][702]LogModuleManager: Shutting down and abandoning module UMG (60)
[2014.12.15-01.24.50:279][702]LogModuleManager: Shutting down and abandoning module Slate (59)
[2014.12.15-01.24.50:279][702]LogModuleManager: Shutting down and abandoning module EditorStyle (58)
[2014.12.15-01.24.50:284][702]LogModuleManager: Shutting down and abandoning module SessionServices (57)
[2014.12.15-01.24.50:284][702]LogModuleManager: Shutting down and abandoning module SourceCodeAccess (56)
[2014.12.15-01.24.50:284][702]LogModuleManager: Shutting down and abandoning module HeadMountedDisplay (55)
[2014.12.15-01.24.50:284][702]LogModuleManager: Shutting down and abandoning module XAudio2 (54)
[2014.12.15-01.24.50:284][702]LogModuleManager: Shutting down and abandoning module Networking (52)
[2014.12.15-01.24.50:284][702]LogModuleManager: Shutting down and abandoning module Core (51)
[2014.12.15-01.24.50:284][702]LogModuleManager: Shutting down and abandoning module KismetCompiler (50)
[2014.12.15-01.24.50:284][702]LogModuleManager: Shutting down and abandoning module PhysXFormats (49)
[2014.12.15-01.24.50:284][702]LogModuleManager: Shutting down and abandoning module MeshUtilities (48)
[2014.12.15-01.24.50:284][702]LogModuleManager: Shutting down and abandoning module DerivedDataCache (47)
[2014.12.15-01.24.50:533][702]LogDerivedDataCache: Shutdown
[2014.12.15-01.24.50:533][702]LogModuleManager: Shutting down and abandoning module ShaderFormatOpenGL (46)
[2014.12.15-01.24.50:533][702]LogModuleManager: Shutting down and abandoning module ShaderFormatD3D (45)
[2014.12.15-01.24.50:533][702]LogModuleManager: Shutting down and abandoning module MetalShaderFormat (44)
[2014.12.15-01.24.50:533][702]LogModuleManager: Shutting down and abandoning module TextureFormatUncompressed (43)
[2014.12.15-01.24.50:533][702]LogModuleManager: Shutting down and abandoning module TextureFormatPVR (42)
[2014.12.15-01.24.50:533][702]LogModuleManager: Shutting down and abandoning module TextureFormatDXT (41)
[2014.12.15-01.24.50:533][702]LogModuleManager: Shutting down and abandoning module TextureFormatAndroid (40)
[2014.12.15-01.24.50:533][702]LogModuleManager: Shutting down and abandoning module AudioFormatOpus (39)
[2014.12.15-01.24.50:533][702]LogModuleManager: Shutting down and abandoning module AudioFormatOgg (38)
[2014.12.15-01.24.50:533][702]LogModuleManager: Shutting down and abandoning module AudioFormatADPCM (37)
[2014.12.15-01.24.50:533][702]LogModuleManager: Shutting down and abandoning module LinuxTargetPlatform (36)
[2014.12.15-01.24.50:533][702]LogModuleManager: Shutting down and abandoning module LinuxServerTargetPlatform (35)
[2014.12.15-01.24.50:533][702]LogModuleManager: Shutting down and abandoning module LinuxNoEditorTargetPlatform (34)
[2014.12.15-01.24.50:533][702]LogModuleManager: Shutting down and abandoning module Messaging (33)
[2014.12.15-01.24.50:533][702]LogModuleManager: Shutting down and abandoning module IOSTargetPlatform (32)
[2014.12.15-01.24.50:533][702]LogModuleManager: Shutting down and abandoning module Android_PVRTCTargetPlatform (31)
[2014.12.15-01.24.50:533][702]LogModuleManager: Shutting down and abandoning module Android_ETC2TargetPlatform (30)
[2014.12.15-01.24.50:533][702]LogModuleManager: Shutting down and abandoning module Android_ETC1TargetPlatform (29)
[2014.12.15-01.24.50:533][702]LogModuleManager: Shutting down and abandoning module Android_DXTTargetPlatform (28)
[2014.12.15-01.24.50:533][702]LogModuleManager: Shutting down and abandoning module Android_ATCTargetPlatform (27)
[2014.12.15-01.24.50:533][702]LogModuleManager: Shutting down and abandoning module AndroidTargetPlatform (26)
[2014.12.15-01.24.50:533][702]LogModuleManager: Shutting down and abandoning module WindowsTargetPlatform (25)
[2014.12.15-01.24.50:533][702]LogModuleManager: Shutting down and abandoning module WindowsServerTargetPlatform (24)
[2014.12.15-01.24.50:533][702]LogModuleManager: Shutting down and abandoning module WindowsNoEditorTargetPlatform (23)
[2014.12.15-01.24.50:533][702]LogModuleManager: Shutting down and abandoning module WindowsClientTargetPlatform (22)
[2014.12.15-01.24.50:533][702]LogModuleManager: Shutting down and abandoning module TargetPlatform (21)
[2014.12.15-01.24.50:533][702]LogModuleManager: Shutting down and abandoning module InputCore (20)
[2014.12.15-01.24.50:533][702]LogModuleManager: Shutting down and abandoning module Settings (19)
[2014.12.15-01.24.50:533][702]LogModuleManager: Shutting down and abandoning module ImageWrapper (18)
[2014.12.15-01.24.50:533][702]LogModuleManager: Shutting down and abandoning module OculusRift (15)
[2014.12.15-01.24.50:533][702]LogModuleManager: Shutting down and abandoning module ExampleDeviceProfileSelector (14)
[2014.12.15-01.24.50:533][702]LogModuleManager: Shutting down and abandoning module TextureCompressor (13)
[2014.12.15-01.24.50:533][702]LogModuleManager: Shutting down and abandoning module ShaderCore (12)
[2014.12.15-01.24.50:533][702]LogModuleManager: Shutting down and abandoning module Landscape (11)
[2014.12.15-01.24.50:533][702]LogModuleManager: Shutting down and abandoning module SlateRHIRenderer (10)
[2014.12.15-01.24.50:534][702]LogModuleManager: Shutting down and abandoning module OpenGLDrv (9)
[2014.12.15-01.24.50:534][702]LogModuleManager: Shutting down and abandoning module D3D11RHI (8)
[2014.12.15-01.24.50:534][702]LogModuleManager: Shutting down and abandoning module Renderer (7)
[2014.12.15-01.24.50:534][702]LogModuleManager: Shutting down and abandoning module Engine (6)
[2014.12.15-01.24.50:534][702]LogModuleManager: Shutting down and abandoning module CoreUObject (5)
[2014.12.15-01.24.50:534][702]LogModuleManager: Shutting down and abandoning module NetworkFile (4)
[2014.12.15-01.24.50:534][702]LogModuleManager: Shutting down and abandoning module StreamingFile (3)
[2014.12.15-01.24.50:534][702]LogModuleManager: Shutting down and abandoning module SandboxFile (2)
[2014.12.15-01.24.50:534][702]LogModuleManager: Shutting down and abandoning module PakFile (1)
[2014.12.15-01.24.50:535][702]LogExit: Exiting.
[2014.12.15-01.24.50:537][702]Log file closed, 12/14/14 17:24:50
