Log file open, 12/14/14 00:58:30
LogInit:Display: Running engine for game: Trial_third_person
LogInit: Version: 4.6.0-2369412+++depot+UE4-Releases+4.6
LogInit: API Version: 2369412
LogInit: Compiled (64-bit): Nov 24 2014 21:54:04
LogInit: Compiled with Visual C++: 18.00.21005.01
LogInit: Build Configuration: Development
LogInit: Branch Name: ++depot+UE4-Releases+4.6
LogInit: Command line:  /Temp/Autosaves/Game/Maps/UEDPCMansion -game -PIEVIACONSOLE -ResX=1280 -ResY=720  -Multiprocess 
LogInit: Base directory: D:/Epic Games/4.6/Engine/Binaries/Win64/
LogInit: Rocket: 1
[2014.12.14-08.58.30:683][  0]LogTaskGraph: Started task graph with 3 named threads and 4 total threads.
[2014.12.14-08.58.30:726][  0]LogOnline:Warning: No default platform service specified for OnlineSubsystem
[2014.12.14-08.58.30:772][  0]LogInit: Presizing for 0 objects not considered by GC, pre-allocating 0 bytes.
[2014.12.14-08.58.30:794][  0]LogInit: Object subsystem initialized
[2014.12.14-08.58.30:797][  0]LogConsoleResponse:Warning: Skipping Unknown console variable: 'UIScaleCurve = (EditorCurveData=(Keys=((Time=480.000000,Value=0.444000),(Time=720.000000,Value=0.666000),(Time=1080.000000,Value=1.000000),(Time=8640.000000,Value=8.000000))),ExternalCurve=None)'
[2014.12.14-08.58.30:797][  0]LogConsoleResponse:Warning:   Found in ini file 'D:/Study-Session/Trial_third_person 4.6/Saved/Config/Windows/Engine.ini', in section '[/Script/Engine.RendererSettings]'
[2014.12.14-08.58.30:798][  0]LogConsoleManager:Warning: Console variable 'r.MSAA.CompositingSampleCount' wasn't set (Priority ProjectSetting < Scalability)
[2014.12.14-08.58.30:799][  0]LogInit: Selected Device Profile: [Windows]
[2014.12.14-08.58.30:799][  0]LogInit: Applying CVar settings loaded from the selected device profile: [Windows]
[2014.12.14-08.58.30:812][  0]LogInit: Computer: ZEN-MATT
[2014.12.14-08.58.30:812][  0]LogInit: User: Matt
[2014.12.14-08.58.30:812][  0]LogInit: CPU Page size=4096, Cores=2
[2014.12.14-08.58.30:812][  0]LogInit: High frequency timer resolution =2.338564 MHz
[2014.12.14-08.58.30:812][  0]LogMemory: Memory total: Physical=3.9GB (4GB approx) Virtual=8192.0GB
[2014.12.14-08.58.30:813][  0]LogMemory: Platform Memory Stats for Windows
[2014.12.14-08.58.30:813][  0]LogMemory: Process Physical Memory: 49.94 MB used, 49.94 MB peak
[2014.12.14-08.58.30:813][  0]LogMemory: Process Virtual Memory: 26.43 MB used, 26.43 MB peak
[2014.12.14-08.58.30:813][  0]LogMemory: Physical Memory: 2895.38 MB used, 3981.98 MB total
[2014.12.14-08.58.30:813][  0]LogMemory: Virtual Memory: 262.45 MB used, 8388608.00 MB total
[2014.12.14-08.58.30:873][  0]LogD3D11RHI: Found D3D11 adapter 0: Intel(R) HD Graphics 4000 (Feature Level 11_0)
[2014.12.14-08.58.30:873][  0]LogD3D11RHI: Adapter has 64MB of dedicated video memory, 0MB of dedicated system memory, and 1632MB of shared system memory, 1 output[s]
[2014.12.14-08.58.30:873][  0]LogD3D11RHI: Chosen D3D11 Adapter Id = 0
[2014.12.14-08.58.30:884][  0]LogRHI: Texture pool is 616 MB (70% of 880 MB)
[2014.12.14-08.58.30:906][  0]LogD3D11RHI: Async texture creation enabled
[2014.12.14-08.58.30:997][  0]LogTextLocalizationManager: The requested culture ('en_US') has no localization data; parent culture's ('en') localization data will be used.
[2014.12.14-08.58.31:284][  0]LogContentStreaming: Texture pool size is 400.000000MB
[2014.12.14-08.58.41:425][  0]LogTargetPlatformManager:Display: Building Assets For Windows
[2014.12.14-08.58.42:265][  0]LogTargetPlatformManager:Display: Building Assets For Windows
[2014.12.14-08.58.42:368][  0]LogDerivedDataCache:Display: Max Cache Size: 512 MB
[2014.12.14-08.58.42:423][  0]LogDerivedDataCache: Loaded boot cache 0.06s 39MB C:/Users/Matt/AppData/Local/UnrealEngine/4.6/DerivedDataCache/Boot.ddc.
[2014.12.14-08.58.42:423][  0]LogDerivedDataCache:Display: Loaded Boot cache: C:/Users/Matt/AppData/Local/UnrealEngine/4.6/DerivedDataCache/Boot.ddc
[2014.12.14-08.58.42:423][  0]LogDerivedDataCache: FDerivedDataBackendGraph:  Pak pak cache file ../../../../../Study-Session/Trial_third_person 4.6/DerivedDataCache/DDC.ddp not found, will not use a pak cache.
[2014.12.14-08.58.42:423][  0]LogDerivedDataCache: Unable to find inner node Pak for hierarchical cache Hierarchy.
[2014.12.14-08.58.42:548][  0]LogDerivedDataCache:Display: Pak cache opened for reading ../../../Engine/DerivedDataCache/DDC.ddp.
[2014.12.14-08.58.42:560][  0]LogDerivedDataCache: Using Local data cache path C:/Users/Matt/AppData/Local/UnrealEngine/Common/DerivedDataCache: Writable
[2014.12.14-08.58.42:769][  0]LogCollisionProfile:Warning: Profile (UI) - Custom Channel Name = 'Weapon' hasn't been found
[2014.12.14-08.58.42:976][  0]LogMeshUtilities: No automatic mesh reduction module available
[2014.12.14-08.58.42:976][  0]LogMeshUtilities: No automatic mesh merging module available
[2014.12.14-08.58.43:567][  0]LogInit: WinSock: version 1.1 (2.2), MaxSocks=32767, MaxUdp=65467
[2014.12.14-08.58.43:677][  0]LogSlate:Warning: Failed to load font data from '../../../Engine/Content/Slate/Fonts/Roboto-Italic.ttf'
[2014.12.14-08.58.45:105][  0]LogWindowsMoviePlayer: Unable to load movie: ../../../../../Study-Session/Trial_third_person 4.6/Content/Movies/Default_Startup.mp4
[2014.12.14-08.58.45:341][  0]SourceControl: Info Source control is disabled
[2014.12.14-08.58.45:341][  0]SourceControl: Info Source control is disabled
[2014.12.14-08.58.45:356][  0]SourceControl: Info Source control is disabled
[2014.12.14-08.58.45:424][  0]LogDirectoryWatcher:Warning: Failed to begin reading directory changes for D:/Study-Session/Trial_third_person 4.6/Binaries/Win64. Error: 0
[2014.12.14-08.58.45:516][  0]LogObj: 23338 objects as part of root set at end of initial load.
[2014.12.14-08.58.45:516][  0]LogUObjectAllocator: 4907960 out of 0 bytes used by permanent object pool.
[2014.12.14-08.58.45:605][  0]LogAutomationTest:Warning: ERR: Transient text cannot be serialized "Testing Transient serialization detection".
[2014.12.14-08.58.45:606][  0]LogEngine: Initializing Engine...
[2014.12.14-08.58.48:606][  0]LogHMD:Warning: No Oculus HMD detected! Is Oculus Run-Time installed and service is running?
[2014.12.14-08.58.48:616][  0]LogHMD: Oculus shutdown.
[2014.12.14-08.58.48:811][  0]LogInit: XAudio2 using 'Speakers (Realtek High Definition Audio)' : 2 channels at 48 kHz using 32 bits per sample (channel mask 0x3)
[2014.12.14-08.58.48:840][  0]LogInit: FAudioDevice initialized.
[2014.12.14-08.58.48:844][  0]LogInit: Texture streaming: Enabled
[2014.12.14-08.58.48:973][  0]LogAnalytics: Creating configured Analytics provider AnalyticsET
[2014.12.14-08.58.48:973][  0]LogAnalytics: ET APIKey = Rocket.Release. APIServer = http://et2.epicgames.com/ET2/. AppVersion = 4.6.0-2369412+++depot+UE4-Releases+4.6
[2014.12.14-08.58.48:975][  0]LogAnalytics: SetUserId b937dce5ae765bb63e01423e2a49fda4
[2014.12.14-08.58.48:975][  0]LogAnalytics: AnalyticsET::StartSession [Rocket.Release]
[2014.12.14-08.58.49:013][  0]LogConsoleManager:Warning: Console variable 'r.VSync' wasn't set (Priority Code < GameSetting)
[2014.12.14-08.58.49:013][  0]LogNet: Browse: /Temp/Autosaves/Game/Maps/UEDPCMansion?Name=Player
[2014.12.14-08.58.49:015][  0]LogLoad: LoadMap: /Temp/Autosaves/Game/Maps/UEDPCMansion?Name=Player
[2014.12.14-08.58.49:044][  0]LogMemory: Platform Memory Stats for Windows
[2014.12.14-08.58.49:044][  0]LogMemory: Process Physical Memory: 333.11 MB used, 335.98 MB peak
[2014.12.14-08.58.49:044][  0]LogMemory: Process Virtual Memory: 355.34 MB used, 358.24 MB peak
[2014.12.14-08.58.49:044][  0]LogMemory: Physical Memory: 3032.33 MB used, 3981.98 MB total
[2014.12.14-08.58.49:044][  0]LogMemory: Virtual Memory: 772.88 MB used, 8388608.00 MB total
[2014.12.14-08.58.49:044][  0]LogMemory: 
[2014.12.14-08.58.49:044][  0]Allocator Stats for TBB: (not implemented)
[2014.12.14-08.58.49:268][  0]LogLinker:Warning: Can't find file '/Game/ArchVis/Materials/M_Shelving_Inst'
[2014.12.14-08.58.49:268][  0]LoadErrors: Info Failed to load /Game/ArchVis/Materials/M_Shelving_Inst.M_Shelving_Inst Referenced by SM_Shelving
[2014.12.14-08.58.49:268][  0]LogUObjectGlobals:Warning: Failed to load '/Game/ArchVis/Materials/M_Shelving_Inst': Can't find file '/Game/ArchVis/Materials/M_Shelving_Inst'
[2014.12.14-08.58.49:268][  0]LogLinker:Warning: Can't find file for asset '/Game/ArchVis/Materials/M_Shelving_Inst' while loading NULL.
[2014.12.14-08.58.49:268][  0]LoadErrors: Info Failed to load /Game/ArchVis/Materials/M_Shelving_Inst.M_Shelving_Inst Referenced by SM_Shelving
[2014.12.14-08.58.49:268][  0]LogUObjectGlobals:Warning: Failed to load '/Game/ArchVis/Materials/M_Shelving_Inst': Can't find file for asset '/Game/ArchVis/Materials/M_Shelving_Inst' while loading NULL.
[2014.12.14-08.58.50:491][  0]LogWorld: Game class is 'MyGame_C'
[2014.12.14-08.58.50:540][  0]LogAIModule: Creating AISystem for world Mansion
[2014.12.14-08.58.50:546][  0]LogWorld: Bringing World /Temp/Autosaves/Game/Maps/UEDPCMansion.Mansion up for play (max tick rate 0) at 2014.12.14-00.58.50
[2014.12.14-08.58.50:548][  0]LogWorld: Bringing up level for play took: 0.008012
[2014.12.14-08.58.50:566][  0]LogInit:Display: Game Engine Initialized.
[2014.12.14-08.58.51:084][  0]LogLoad: Full Startup: 23.07 seconds (BP compile: 0.37 seconds)
[2014.12.14-08.58.51:230][  2]LogRenderer:Warning: Reallocating scene render targets to support 640x360.
[2014.12.14-09.00.42:827][251]LogEngine: All Windows Closed
[2014.12.14-09.00.42:827][251]LogWindows: FPlatformMisc::RequestExit(0)
[2014.12.14-09.00.42:856][252]LogExit: Preparing to exit.
[2014.12.14-09.00.43:006][252]LogParticles: Destroying 0 GPU particle simulations for FXSystem 0x000000001237F600
[2014.12.14-09.00.43:006][252]LogExit: Game engine shut down
[2014.12.14-09.00.43:074][252]LogExit: Object subsystem successfully closed.
[2014.12.14-09.00.43:156][252]LogModuleManager: Shutting down and abandoning module AndroidDeviceDetection (102)
[2014.12.14-09.00.43:156][252]LogModuleManager: Shutting down and abandoning module AutomationWorker (101)
[2014.12.14-09.00.43:156][252]LogModuleManager: Shutting down and abandoning module CharacterAI (100)
[2014.12.14-09.00.43:156][252]LogModuleManager: Shutting down and abandoning module AITestSuite (99)
[2014.12.14-09.00.43:156][252]LogModuleManager: Shutting down and abandoning module AIModule (98)
[2014.12.14-09.00.43:157][252]LogModuleManager: Shutting down and abandoning module GameLiveStreaming (97)
[2014.12.14-09.00.43:157][252]LogModuleManager: Shutting down and abandoning module StreamingPauseRendering (96)
[2014.12.14-09.00.43:157][252]LogModuleManager: Shutting down and abandoning module HTTP (95)
[2014.12.14-09.00.43:157][252]LogModuleManager: Shutting down and abandoning module AnalyticsET (94)
[2014.12.14-09.00.43:157][252]LogModuleManager: Shutting down and abandoning module Analytics (93)
[2014.12.14-09.00.43:157][252]LogModuleManager: Shutting down and abandoning module ProfilerService (92)
[2014.12.14-09.00.43:335][252]LogModuleManager: Shutting down and abandoning module TaskGraph (91)
[2014.12.14-09.00.43:337][252]LogModuleManager: Shutting down and abandoning module GameplayDebugger (90)
[2014.12.14-09.00.43:337][252]LogModuleManager: Shutting down and abandoning module SlateRemote (89)
[2014.12.14-09.00.43:337][252]LogModuleManager: Shutting down and abandoning module CustomMeshComponent (88)
[2014.12.14-09.00.43:337][252]LogModuleManager: Shutting down and abandoning module CableComponent (87)
[2014.12.14-09.00.43:337][252]LogModuleManager: Shutting down and abandoning module DesktopPlatform (86)
[2014.12.14-09.00.43:337][252]LogModuleManager: Shutting down and abandoning module DirectoryWatcher (85)
[2014.12.14-09.00.43:337][252]LogModuleManager: Shutting down and abandoning module HotReload (84)
[2014.12.14-09.00.43:337][252]LogModuleManager: Shutting down and abandoning module VisualStudioSourceCodeAccess (83)
[2014.12.14-09.00.43:337][252]LogModuleManager: Shutting down and abandoning module UObjectPlugin (82)
[2014.12.14-09.00.43:337][252]LogModuleManager: Shutting down and abandoning module SubversionSourceControl (81)
[2014.12.14-09.00.43:337][252]LogModuleManager: Shutting down and abandoning module SourceControl (80)
[2014.12.14-09.00.43:337][252]LogModuleManager: Shutting down and abandoning module PerforceSourceControl (79)
[2014.12.14-09.00.43:338][252]LogModuleManager: Shutting down and abandoning module BlankPlugin (78)
[2014.12.14-09.00.43:338][252]LogModuleManager: Shutting down and abandoning module ScriptPlugin (77)
[2014.12.14-09.00.43:339][252]LogModuleManager: Shutting down and abandoning module UdpMessaging (76)
[2014.12.14-09.00.43:339][252]LogModuleManager: Shutting down and abandoning module Paper2D (75)
[2014.12.14-09.00.43:339][252]LogModuleManager: Shutting down and abandoning module UE4Game (74)
[2014.12.14-09.00.43:339][252]LogModuleManager: Shutting down and abandoning module WindowsMoviePlayer (73)
[2014.12.14-09.00.43:346][252]LogModuleManager: Shutting down and abandoning module Media (72)
[2014.12.14-09.00.43:346][252]LogModuleManager: Shutting down and abandoning module WmfMedia (71)
[2014.12.14-09.00.43:347][252]LogModuleManager: Shutting down and abandoning module OnlineBlueprintSupport (70)
[2014.12.14-09.00.43:347][252]LogModuleManager: Shutting down and abandoning module PropertyEditor (69)
[2014.12.14-09.00.43:352][252]LogModuleManager: Shutting down and abandoning module BehaviorTreeEditor (68)
[2014.12.14-09.00.43:353][252]LogModuleManager: Shutting down and abandoning module FunctionalTesting (67)
[2014.12.14-09.00.43:353][252]LogModuleManager: Shutting down and abandoning module CollisionAnalyzer (66)
[2014.12.14-09.00.43:354][252]LogModuleManager: Shutting down and abandoning module WorkspaceMenuStructure (65)
[2014.12.14-09.00.43:354][252]LogModuleManager: Shutting down and abandoning module MessageLog (64)
[2014.12.14-09.00.43:354][252]LogModuleManager: Shutting down and abandoning module Sequencer (63)
[2014.12.14-09.00.43:355][252]LogModuleManager: Shutting down and abandoning module AssetTools (62)
[2014.12.14-09.00.43:356][252]LogModuleManager: Shutting down and abandoning module UMGEditor (61)
[2014.12.14-09.00.43:356][252]LogModuleManager: Shutting down and abandoning module UMG (60)
[2014.12.14-09.00.43:357][252]LogModuleManager: Shutting down and abandoning module Slate (59)
[2014.12.14-09.00.43:357][252]LogModuleManager: Shutting down and abandoning module EditorStyle (58)
[2014.12.14-09.00.43:363][252]LogModuleManager: Shutting down and abandoning module SessionServices (57)
[2014.12.14-09.00.43:363][252]LogModuleManager: Shutting down and abandoning module SourceCodeAccess (56)
[2014.12.14-09.00.43:363][252]LogModuleManager: Shutting down and abandoning module HeadMountedDisplay (55)
[2014.12.14-09.00.43:363][252]LogModuleManager: Shutting down and abandoning module XAudio2 (54)
[2014.12.14-09.00.43:363][252]LogModuleManager: Shutting down and abandoning module Networking (52)
[2014.12.14-09.00.43:363][252]LogModuleManager: Shutting down and abandoning module Core (51)
[2014.12.14-09.00.43:363][252]LogModuleManager: Shutting down and abandoning module KismetCompiler (50)
[2014.12.14-09.00.43:363][252]LogModuleManager: Shutting down and abandoning module PhysXFormats (49)
[2014.12.14-09.00.43:363][252]LogModuleManager: Shutting down and abandoning module MeshUtilities (48)
[2014.12.14-09.00.43:363][252]LogModuleManager: Shutting down and abandoning module DerivedDataCache (47)
[2014.12.14-09.00.43:446][252]LogDerivedDataCache: Shutdown
[2014.12.14-09.00.43:446][252]LogModuleManager: Shutting down and abandoning module ShaderFormatOpenGL (46)
[2014.12.14-09.00.43:447][252]LogModuleManager: Shutting down and abandoning module ShaderFormatD3D (45)
[2014.12.14-09.00.43:447][252]LogModuleManager: Shutting down and abandoning module MetalShaderFormat (44)
[2014.12.14-09.00.43:448][252]LogModuleManager: Shutting down and abandoning module TextureFormatUncompressed (43)
[2014.12.14-09.00.43:448][252]LogModuleManager: Shutting down and abandoning module TextureFormatPVR (42)
[2014.12.14-09.00.43:448][252]LogModuleManager: Shutting down and abandoning module TextureFormatDXT (41)
[2014.12.14-09.00.43:448][252]LogModuleManager: Shutting down and abandoning module TextureFormatAndroid (40)
[2014.12.14-09.00.43:448][252]LogModuleManager: Shutting down and abandoning module AudioFormatOpus (39)
[2014.12.14-09.00.43:448][252]LogModuleManager: Shutting down and abandoning module AudioFormatOgg (38)
[2014.12.14-09.00.43:448][252]LogModuleManager: Shutting down and abandoning module AudioFormatADPCM (37)
[2014.12.14-09.00.43:448][252]LogModuleManager: Shutting down and abandoning module LinuxTargetPlatform (36)
[2014.12.14-09.00.43:448][252]LogModuleManager: Shutting down and abandoning module LinuxServerTargetPlatform (35)
[2014.12.14-09.00.43:448][252]LogModuleManager: Shutting down and abandoning module LinuxNoEditorTargetPlatform (34)
[2014.12.14-09.00.43:449][252]LogModuleManager: Shutting down and abandoning module Messaging (33)
[2014.12.14-09.00.43:449][252]LogModuleManager: Shutting down and abandoning module IOSTargetPlatform (32)
[2014.12.14-09.00.43:449][252]LogModuleManager: Shutting down and abandoning module Android_PVRTCTargetPlatform (31)
[2014.12.14-09.00.43:449][252]LogModuleManager: Shutting down and abandoning module Android_ETC2TargetPlatform (30)
[2014.12.14-09.00.43:449][252]LogModuleManager: Shutting down and abandoning module Android_ETC1TargetPlatform (29)
[2014.12.14-09.00.43:449][252]LogModuleManager: Shutting down and abandoning module Android_DXTTargetPlatform (28)
[2014.12.14-09.00.43:449][252]LogModuleManager: Shutting down and abandoning module Android_ATCTargetPlatform (27)
[2014.12.14-09.00.43:449][252]LogModuleManager: Shutting down and abandoning module AndroidTargetPlatform (26)
[2014.12.14-09.00.43:449][252]LogModuleManager: Shutting down and abandoning module WindowsTargetPlatform (25)
[2014.12.14-09.00.43:449][252]LogModuleManager: Shutting down and abandoning module WindowsServerTargetPlatform (24)
[2014.12.14-09.00.43:449][252]LogModuleManager: Shutting down and abandoning module WindowsNoEditorTargetPlatform (23)
[2014.12.14-09.00.43:449][252]LogModuleManager: Shutting down and abandoning module WindowsClientTargetPlatform (22)
[2014.12.14-09.00.43:449][252]LogModuleManager: Shutting down and abandoning module TargetPlatform (21)
[2014.12.14-09.00.43:449][252]LogModuleManager: Shutting down and abandoning module InputCore (20)
[2014.12.14-09.00.43:449][252]LogModuleManager: Shutting down and abandoning module Settings (19)
[2014.12.14-09.00.43:449][252]LogModuleManager: Shutting down and abandoning module ImageWrapper (18)
[2014.12.14-09.00.43:449][252]LogModuleManager: Shutting down and abandoning module OculusRift (15)
[2014.12.14-09.00.43:449][252]LogModuleManager: Shutting down and abandoning module ExampleDeviceProfileSelector (14)
[2014.12.14-09.00.43:449][252]LogModuleManager: Shutting down and abandoning module TextureCompressor (13)
[2014.12.14-09.00.43:449][252]LogModuleManager: Shutting down and abandoning module ShaderCore (12)
[2014.12.14-09.00.43:449][252]LogModuleManager: Shutting down and abandoning module Landscape (11)
[2014.12.14-09.00.43:449][252]LogModuleManager: Shutting down and abandoning module SlateRHIRenderer (10)
[2014.12.14-09.00.43:449][252]LogModuleManager: Shutting down and abandoning module OpenGLDrv (9)
[2014.12.14-09.00.43:449][252]LogModuleManager: Shutting down and abandoning module D3D11RHI (8)
[2014.12.14-09.00.43:449][252]LogModuleManager: Shutting down and abandoning module Renderer (7)
[2014.12.14-09.00.43:450][252]LogModuleManager: Shutting down and abandoning module Engine (6)
[2014.12.14-09.00.43:450][252]LogModuleManager: Shutting down and abandoning module CoreUObject (5)
[2014.12.14-09.00.43:450][252]LogModuleManager: Shutting down and abandoning module NetworkFile (4)
[2014.12.14-09.00.43:450][252]LogModuleManager: Shutting down and abandoning module StreamingFile (3)
[2014.12.14-09.00.43:450][252]LogModuleManager: Shutting down and abandoning module SandboxFile (2)
[2014.12.14-09.00.43:450][252]LogModuleManager: Shutting down and abandoning module PakFile (1)
[2014.12.14-09.00.43:451][252]LogExit: Exiting.
[2014.12.14-09.00.43:453][252]Log file closed, 12/14/14 01:00:43
