Log file open, 12/13/14 19:02:57
LogInit:Display: Running engine for game: Trial_third_person
LogInit: Version: 4.6.0-2369412+++depot+UE4-Releases+4.6
LogInit: API Version: 2369412
LogInit: Compiled (64-bit): Nov 24 2014 21:54:04
LogInit: Compiled with Visual C++: 18.00.21005.01
LogInit: Build Configuration: Development
LogInit: Branch Name: ++depot+UE4-Releases+4.6
LogInit: Command line:  
LogInit: Base directory: C:/Program Files/Epic Games/4.6/Engine/Binaries/Win64/
LogInit: Rocket: 1
[2014.12.14-03.02.57:411][  0]LogTaskGraph: Started task graph with 3 named threads and 4 total threads.
[2014.12.14-03.02.57:440][  0]LogOnline:Warning: No default platform service specified for OnlineSubsystem
[2014.12.14-03.02.57:460][  0]LogInit: Presizing for 0 objects not considered by GC, pre-allocating 0 bytes.
[2014.12.14-03.02.57:469][  0]LogInit: Object subsystem initialized
[2014.12.14-03.02.57:472][  0]LogConsoleResponse:Warning: Skipping Unknown console variable: 'UIScaleCurve = (EditorCurveData=(Keys=((Time=480.000000,Value=0.444000),(Time=720.000000,Value=0.666000),(Time=1080.000000,Value=1.000000),(Time=8640.000000,Value=8.000000))),ExternalCurve=None)'
[2014.12.14-03.02.57:472][  0]LogConsoleResponse:Warning:   Found in ini file 'C:/Users/User/Documents/GitHub/Study-Session/Trial_third_person 4.6/Saved/Config/Windows/Engine.ini', in section '[/Script/Engine.RendererSettings]'
[2014.12.14-03.02.57:472][  0]LogConsoleManager:Warning: Console variable 'r.MSAA.CompositingSampleCount' wasn't set (Priority ProjectSetting < Scalability)
[2014.12.14-03.02.57:472][  0]LogInit: Selected Device Profile: [Windows]
[2014.12.14-03.02.57:472][  0]LogInit: Applying CVar settings loaded from the selected device profile: [Windows]
[2014.12.14-03.02.57:479][  0]LogInit: Computer: USER-PC
[2014.12.14-03.02.57:479][  0]LogInit: User: User
[2014.12.14-03.02.57:479][  0]LogInit: CPU Page size=4096, Cores=2
[2014.12.14-03.02.57:479][  0]LogInit: High frequency timer resolution =2.435937 MHz
[2014.12.14-03.02.57:479][  0]LogMemory: Memory total: Physical=7.8GB (8GB approx) Virtual=8192.0GB
[2014.12.14-03.02.57:479][  0]LogMemory: Platform Memory Stats for Windows
[2014.12.14-03.02.57:479][  0]LogMemory: Process Physical Memory: 49.59 MB used, 49.59 MB peak
[2014.12.14-03.02.57:479][  0]LogMemory: Process Virtual Memory: 25.14 MB used, 25.14 MB peak
[2014.12.14-03.02.57:479][  0]LogMemory: Physical Memory: 3369.14 MB used, 7969.14 MB total
[2014.12.14-03.02.57:479][  0]LogMemory: Virtual Memory: 264.19 MB used, 8388608.00 MB total
[2014.12.14-03.02.57:498][  0]LogD3D11RHI: Found D3D11 adapter 0: Intel(R) HD Graphics 3000 (Feature Level 10_0)
[2014.12.14-03.02.57:498][  0]LogD3D11RHI: Adapter has 192MB of dedicated video memory, 0MB of dedicated system memory, and 1568MB of shared system memory, 1 output[s]
[2014.12.14-03.02.57:498][  0]LogD3D11RHI: Chosen D3D11 Adapter Id = 0
[2014.12.14-03.02.57:504][  0]LogRHI: Texture pool is 683 MB (70% of 976 MB)
[2014.12.14-03.02.57:507][  0]LogD3D11RHI: Async texture creation enabled
[2014.12.14-03.02.57:557][  0]LogTextLocalizationManager: The requested culture ('en_US') has no localization data; parent culture's ('en') localization data will be used.
[2014.12.14-03.02.57:711][  0]LogContentStreaming: Texture pool size is 0.000000MB
[2014.12.14-03.03.04:310][  0]LogTargetPlatformManager:Display: Building Assets For Windows
[2014.12.14-03.03.04:812][  0]LogTargetPlatformManager:Display: Building Assets For Windows
[2014.12.14-03.03.04:866][  0]LogDerivedDataCache:Display: Max Cache Size: 512 MB
[2014.12.14-03.03.04:914][  0]LogDerivedDataCache: Loaded boot cache 0.05s 36MB C:/Users/User/AppData/Local/UnrealEngine/4.6/DerivedDataCache/Boot.ddc.
[2014.12.14-03.03.04:914][  0]LogDerivedDataCache:Display: Loaded Boot cache: C:/Users/User/AppData/Local/UnrealEngine/4.6/DerivedDataCache/Boot.ddc
[2014.12.14-03.03.04:914][  0]LogDerivedDataCache: FDerivedDataBackendGraph:  Pak pak cache file ../../../../../../Users/User/Documents/GitHub/Study-Session/Trial_third_person 4.6/DerivedDataCache/DDC.ddp not found, will not use a pak cache.
[2014.12.14-03.03.04:914][  0]LogDerivedDataCache: Unable to find inner node Pak for hierarchical cache Hierarchy.
[2014.12.14-03.03.04:994][  0]LogDerivedDataCache:Display: Pak cache opened for reading ../../../Engine/DerivedDataCache/DDC.ddp.
[2014.12.14-03.03.05:006][  0]LogDerivedDataCache: Using Local data cache path C:/Users/User/AppData/Local/UnrealEngine/Common/DerivedDataCache: Writable
[2014.12.14-03.03.05:162][  0]LogCollisionProfile:Warning: Profile (UI) - Custom Channel Name = 'Weapon' hasn't been found
[2014.12.14-03.03.05:333][  0]LogMeshUtilities: No automatic mesh reduction module available
[2014.12.14-03.03.05:333][  0]LogMeshUtilities: No automatic mesh merging module available
[2014.12.14-03.03.05:797][  0]LogInit: WinSock: version 1.1 (2.2), MaxSocks=32767, MaxUdp=65467
[2014.12.14-03.03.05:855][  0]LogSlate:Warning: Failed to load font data from '../../../Engine/Content/Slate/Fonts/Roboto-Italic.ttf'
[2014.12.14-03.03.06:749][  0]UdpMessaging: Initializing bridge on interface 0.0.0.0:0 to multicast group 230.0.0.1:6666.
[2014.12.14-03.03.06:913][  0]LogDirectoryWatcher:Warning: Failed to begin reading directory changes for C:/Users/User/Documents/GitHub/Study-Session/Trial_third_person 4.6/Binaries/Win64. Error: 0
[2014.12.14-03.03.07:070][  0]SourceControl: Info Source control is disabled
[2014.12.14-03.03.07:070][  0]SourceControl: Info Source control is disabled
[2014.12.14-03.03.07:078][  0]SourceControl: Info Source control is disabled
[2014.12.14-03.03.07:209][  0]LogObj: 23754 objects as part of root set at end of initial load.
[2014.12.14-03.03.07:209][  0]LogUObjectAllocator: 5168128 out of 0 bytes used by permanent object pool.
[2014.12.14-03.03.07:267][  0]LogEngine: Initializing Engine...
[2014.12.14-03.03.07:422][  0]LogInit: XAudio2 using 'Speakers (Realtek High Definition Audio)' : 2 channels at 48 kHz using 32 bits per sample (channel mask 0x3)
[2014.12.14-03.03.07:445][  0]LogInit: FAudioDevice initialized.
[2014.12.14-03.03.07:466][  0]LogAIModule: Creating AISystem for world NewWorld
[2014.12.14-03.03.07:487][  0]LogDerivedDataCache: Saved boot cache 0.02s 36MB C:/Users/User/AppData/Local/UnrealEngine/4.6/DerivedDataCache/Boot.ddc.
[2014.12.14-03.03.07:493][  0]LogInit: Texture streaming: Enabled
[2014.12.14-03.03.07:520][  0]LogAnalytics: Creating configured Analytics provider AnalyticsET
[2014.12.14-03.03.07:520][  0]LogAnalytics: ET APIKey = Rocket.Release. APIServer = http://et2.epicgames.com/ET2/. AppVersion = 4.6.0-2369412+++depot+UE4-Releases+4.6
[2014.12.14-03.03.07:521][  0]LogAnalytics: SetUserId 0866978cc22eeab8f242ed74f3324b12
[2014.12.14-03.03.07:521][  0]LogAnalytics: AnalyticsET::StartSession [Rocket.Release]
[2014.12.14-03.03.07:536][  0]LogInit: Transaction tracking system initialized
[2014.12.14-03.03.07:625][  0]BlueprintLog: New page: Editor Load
[2014.12.14-03.03.07:654][  0]LogAssetRegistry: FAssetRegistry took 0.0100 seconds to start up
[2014.12.14-03.03.07:654][  0]LogDirectoryWatcher:Warning: Failed to begin reading directory changes for ../../../Engine/Plugins/Experimental/CharacterAI/Content/. Error: 0
[2014.12.14-03.03.08:480][  0]LogTargetPlatformManager:Display: Building Assets For Windows
[2014.12.14-03.03.08:942][  0]LogTargetPlatformManager:Display: Building Assets For Windows
[2014.12.14-03.03.09:167][  0]LogConsoleResponse:Display: 
[2014.12.14-03.03.09:244][  0]LogLinker:Warning: Asset '../../../Engine/Content/Functions/Engine_MaterialFunctions03/Procedurals/ComputeFilterWidth.uasset' has been saved with empty engine version. The asset will be loaded but may be incompatible.
[2014.12.14-03.03.09:460][  0]SourceControl: Info Source control is disabled
[2014.12.14-03.03.09:460][  0]Cmd: MAP LOAD FILE="../../../../../../Users/User/Documents/GitHub/Study-Session/Trial_third_person 4.6/Content/Maps/StartMenuLevel.umap" TEMPLATE=0 SHOWPROGRESS=1
[2014.12.14-03.03.09:460][  0]LightingResults: New page: Lighting Build
[2014.12.14-03.03.09:470][  0]MapCheck: New page: Map Check
[2014.12.14-03.03.09:470][  0]LightingResults: New page: Lighting Build
[2014.12.14-03.03.09:487][  0]LogParticles: Destroying 0 GPU particle simulations for FXSystem 0x0000000010F45760
[2014.12.14-03.03.09:562][  0]LogEditorServer: Finished looking for orphan Actors (0.000 secs)
[2014.12.14-03.03.09:562][  0]LogAIModule: Creating AISystem for world StartMenuLevel
[2014.12.14-03.03.09:563][  0]Cmd: MAP CHECKDEP
[2014.12.14-03.03.09:563][  0]MapCheck: New page: StartMenuLevel - Dec 13, 2014, 11:03:09 AM
[2014.12.14-03.03.09:643][  0]MapCheck: Info Map check complete: 0 Error(s), 0 Warning(s), took 79.987ms to complete.
[2014.12.14-03.03.09:643][  0]LogFileHelpers: Loading map 'StartMenuLevel' took 0.183
[2014.12.14-03.03.09:719][  0]LogCollectionManager: Loaded 0 collections in 0.001107 seconds
[2014.12.14-03.03.09:827][  0]LogCrashTracker: Crashtracker disabled due to settings.
[2014.12.14-03.03.09:834][  0]LogUObjectGlobals:Warning: Failed to find object 'Class None.'
[2014.12.14-03.03.09:863][  0]LogLoad: Full Startup: 14.93 seconds (BP compile: 0.04 seconds)
[2014.12.14-03.03.10:209][  0]LogContentBrowser:Verbose: The content browser source was changed by the sources view to '/Game/Maps'
[2014.12.14-03.03.10:342][  0]LogRenderer:Warning: Reallocating scene render targets to support 728x592.
[2014.12.14-03.03.11:641][  4]LogAssetRegistry: Asset discovery search completed in 3.9972 seconds
[2014.12.14-03.03.20:607][415]LogLinker:Warning: Can't find file '/Game/ArchVis/Materials/M_Shelving_Inst'
[2014.12.14-03.03.20:608][415]LogLinker:Warning: Can't find file for asset '/Game/ArchVis/Materials/M_Shelving_Inst' while loading ../../../../../../Users/User/Documents/GitHub/Study-Session/Trial_third_person 4.6/Content/StarterContent/Mesh/SM_Shelving.uasset.
[2014.12.14-03.03.20:608][415]LoadErrors:Error: Error /Game/StarterContent/Mesh/SM_Shelving : Can't find file for asset. /Game/ArchVis/Materials/M_Shelving_Inst
[2014.12.14-03.03.20:608][415]LogLinker:Warning: Can't find file '/Game/ArchVis/Materials/M_Shelving_Inst'
[2014.12.14-03.03.20:608][415]LogLinker:Warning: Can't find file for asset '/Game/ArchVis/Materials/M_Shelving_Inst' while loading ../../../../../../Users/User/Documents/GitHub/Study-Session/Trial_third_person 4.6/Content/StarterContent/Mesh/SM_Shelving.uasset.
[2014.12.14-03.03.21:149][415]LogLinker:Warning: Can't find file '/Game/ArchVis/Materials/M_Shelving_Inst'
[2014.12.14-03.03.21:149][415]LoadErrors: Info Failed to load /Game/ArchVis/Materials/M_Shelving_Inst.M_Shelving_Inst Referenced by SM_Shelving
[2014.12.14-03.03.21:149][415]LogLinker:Warning: Can't find file for asset '/Game/ArchVis/Materials/M_Shelving_Inst' while loading NULL.
[2014.12.14-03.03.27:825][415]Cmd: MAP LOAD FILE="../../../../../../Users/User/Documents/GitHub/Study-Session/Trial_third_person 4.6/Content/Maps/Mansion.umap" TEMPLATE=0 SHOWPROGRESS=1
[2014.12.14-03.03.27:825][415]LightingResults: New page: Lighting Build
[2014.12.14-03.03.27:866][415]LoadErrors: New page: Loading map: Mansion.umap
[2014.12.14-03.03.27:866][415]MapCheck: New page: Map Check
[2014.12.14-03.03.27:866][415]LightingResults: New page: Lighting Build
[2014.12.14-03.03.27:884][415]LogParticles: Destroying 0 GPU particle simulations for FXSystem 0x000000000D56E3E0
[2014.12.14-03.03.28:085][415]LogEditorServer: Finished looking for orphan Actors (0.000 secs)
[2014.12.14-03.03.28:085][415]LogAIModule: Creating AISystem for world Mansion
[2014.12.14-03.03.28:137][415]Cmd: MAP CHECKDEP
[2014.12.14-03.03.28:137][415]MapCheck: New page: Mansion - Dec 13, 2014, 11:03:28 AM
[2014.12.14-03.03.28:248][415]MapCheck: Info Map check complete: 0 Error(s), 0 Warning(s), took 111.23ms to complete.
[2014.12.14-03.03.28:248][415]LogFileHelpers: Loading map 'Mansion' took 0.440
[2014.12.14-03.03.47:501][268]LogSavePackage: Save=925.466492ms
[2014.12.14-03.03.47:501][268]LogSavePackage: Moving '../../../../../../Users/User/Documents/GitHub/Study-Session/Trial_third_person 4.6/Saved/Mansion52B4885F4B894384D241B6A3334CE8A0.tmp' to '../../../../../../Users/User/Documents/GitHub/Study-Session/Trial_third_person 4.6/Content/Maps/Mansion.umap'
[2014.12.14-03.03.49:556][339]Cmd: QUIT_EDITOR
[2014.12.14-03.03.50:165][339]LogExit: Preparing to exit.
[2014.12.14-03.03.51:134][339]LogExit: Editor shut down
[2014.12.14-03.03.51:134][339]LogExit: Transaction tracking system shut down
[2014.12.14-03.03.51:134][339]LogParticles: Destroying 0 GPU particle simulations for FXSystem 0x000000000D56E2A0
[2014.12.14-03.03.51:135][339]LogParticles: Destroying 0 GPU particle simulations for FXSystem 0x00000000099E6020
[2014.12.14-03.03.51:580][339]LogExit: Object subsystem successfully closed.
[2014.12.14-03.03.51:995][339]LogModuleManager: Shutting down and abandoning module AndroidDeviceDetection (172)
[2014.12.14-03.03.51:995][339]LogModuleManager: Shutting down and abandoning module CrashTracker (171)
[2014.12.14-03.03.51:995][339]LogModuleManager: Shutting down and abandoning module SuperSearch (170)
[2014.12.14-03.03.51:995][339]LogModuleManager: Shutting down and abandoning module SceneOutliner (169)
[2014.12.14-03.03.51:995][339]LogModuleManager: Shutting down and abandoning module EditorWidgets (168)
[2014.12.14-03.03.51:995][339]LogModuleManager: Shutting down and abandoning module CollectionManager (167)
[2014.12.14-03.03.52:011][339]LogModuleManager: Shutting down and abandoning module StatsViewer (166)
[2014.12.14-03.03.52:018][339]LogModuleManager: Shutting down and abandoning module FoliageEdit (165)
[2014.12.14-03.03.52:018][339]LogModuleManager: Shutting down and abandoning module LandscapeEditor (164)
[2014.12.14-03.03.52:035][339]LogModuleManager: Shutting down and abandoning module MeshPaint (163)
[2014.12.14-03.03.52:035][339]LogModuleManager: Shutting down and abandoning module ActorPickerMode (162)
[2014.12.14-03.03.52:035][339]LogModuleManager: Shutting down and abandoning module GeometryMode (161)
[2014.12.14-03.03.52:035][339]LogModuleManager: Shutting down and abandoning module TextureAlignMode (160)
[2014.12.14-03.03.52:035][339]LogModuleManager: Shutting down and abandoning module BspMode (159)
[2014.12.14-03.03.52:035][339]LogModuleManager: Shutting down and abandoning module PlacementMode (158)
[2014.12.14-03.03.52:035][339]LogModuleManager: Shutting down and abandoning module AutomationWorker (157)
[2014.12.14-03.03.52:035][339]LogModuleManager: Shutting down and abandoning module CharacterAI (156)
[2014.12.14-03.03.52:035][339]LogModuleManager: Shutting down and abandoning module GameProjectGeneration (155)
[2014.12.14-03.03.52:051][339]LogModuleManager: Shutting down and abandoning module IntroTutorials (154)
[2014.12.14-03.03.52:068][339]LogModuleManager: Shutting down and abandoning module EditorLiveStreaming (153)
[2014.12.14-03.03.52:068][339]LogModuleManager: Shutting down and abandoning module HardwareTargeting (152)
[2014.12.14-03.03.52:068][339]LogModuleManager: Shutting down and abandoning module DeviceProfileEditor (151)
[2014.12.14-03.03.52:068][339]LogModuleManager: Shutting down and abandoning module UndoHistory (150)
[2014.12.14-03.03.52:068][339]LogModuleManager: Shutting down and abandoning module GameplayTagsEditor (149)
[2014.12.14-03.03.52:068][339]LogModuleManager: Shutting down and abandoning module UserFeedback (148)
[2014.12.14-03.03.52:068][339]LogModuleManager: Shutting down and abandoning module XmlParser (147)
[2014.12.14-03.03.52:068][339]LogModuleManager: Shutting down and abandoning module Blutility (146)
[2014.12.14-03.03.52:068][339]LogModuleManager: Shutting down and abandoning module IOSPlatformEditor (145)
[2014.12.14-03.03.52:068][339]LogModuleManager: Shutting down and abandoning module IOSRuntimeSettings (144)
[2014.12.14-03.03.52:068][339]LogModuleManager: Shutting down and abandoning module AndroidPlatformEditor (143)
[2014.12.14-03.03.52:068][339]LogModuleManager: Shutting down and abandoning module AndroidRuntimeSettings (142)
[2014.12.14-03.03.52:068][339]LogModuleManager: Shutting down and abandoning module ProjectTargetPlatformEditor (141)
[2014.12.14-03.03.52:069][339]LogModuleManager: Shutting down and abandoning module ProjectSettingsViewer (140)
[2014.12.14-03.03.52:069][339]LogModuleManager: Shutting down and abandoning module InputBindingEditor (139)
[2014.12.14-03.03.52:069][339]LogModuleManager: Shutting down and abandoning module EditorSettingsViewer (138)
[2014.12.14-03.03.52:069][339]LogModuleManager: Shutting down and abandoning module SettingsEditor (137)
[2014.12.14-03.03.52:086][339]LogModuleManager: Shutting down and abandoning module ProjectLauncher (136)
[2014.12.14-03.03.52:087][339]LogModuleManager: Shutting down and abandoning module SessionFrontend (135)
[2014.12.14-03.03.52:087][339]LogModuleManager: Shutting down and abandoning module ProfilerClient (134)
[2014.12.14-03.03.52:106][339]LogModuleManager: Shutting down and abandoning module TargetDeviceServices (133)
[2014.12.14-03.03.52:106][339]LogModuleManager: Shutting down and abandoning module DeviceManager (132)
[2014.12.14-03.03.52:107][339]LogModuleManager: Shutting down and abandoning module AutomationController (131)
[2014.12.14-03.03.52:107][339]LogModuleManager: Shutting down and abandoning module AutomationWindow (130)
[2014.12.14-03.03.52:125][339]LogModuleManager: Shutting down and abandoning module Layers (129)
[2014.12.14-03.03.52:138][339]LogModuleManager: Shutting down and abandoning module ComponentVisualizers (128)
[2014.12.14-03.03.52:138][339]LogModuleManager: Shutting down and abandoning module DetailCustomizations (127)
[2014.12.14-03.03.52:171][339]LogModuleManager: Shutting down and abandoning module PackagesDialog (126)
[2014.12.14-03.03.52:180][339]LogModuleManager: Shutting down and abandoning module AssetRegistry (125)
[2014.12.14-03.03.52:274][339]LogModuleManager: Shutting down and abandoning module Persona (124)
[2014.12.14-03.03.52:302][339]LogModuleManager: Shutting down and abandoning module Kismet (123)
[2014.12.14-03.03.52:308][339]LogModuleManager: Shutting down and abandoning module GraphEditor (122)
[2014.12.14-03.03.52:365][339]LogModuleManager: Shutting down and abandoning module ClassViewer (121)
[2014.12.14-03.03.52:365][339]LogModuleManager: Shutting down and abandoning module Toolbox (120)
[2014.12.14-03.03.52:365][339]LogModuleManager: Shutting down and abandoning module ModuleUI (119)
[2014.12.14-03.03.52:383][339]LogModuleManager: Shutting down and abandoning module MovieSceneTools (118)
[2014.12.14-03.03.52:408][339]LogModuleManager: Shutting down and abandoning module OutputLog (117)
[2014.12.14-03.03.52:408][339]LogModuleManager: Shutting down and abandoning module GammaUI (116)
[2014.12.14-03.03.52:417][339]LogModuleManager: Shutting down and abandoning module Documentation (115)
[2014.12.14-03.03.52:417][339]LogModuleManager: Shutting down and abandoning module GameLiveStreaming (114)
[2014.12.14-03.03.52:417][339]LogModuleManager: Shutting down and abandoning module StreamingPauseRendering (113)
[2014.12.14-03.03.52:417][339]LogModuleManager: Shutting down and abandoning module HTTP (112)
[2014.12.14-03.03.52:417][339]LogModuleManager: Shutting down and abandoning module AnalyticsET (111)
[2014.12.14-03.03.52:417][339]LogModuleManager: Shutting down and abandoning module Analytics (110)
[2014.12.14-03.03.52:417][339]LogModuleManager: Shutting down and abandoning module AITestSuite (109)
[2014.12.14-03.03.52:417][339]LogModuleManager: Shutting down and abandoning module AIModule (108)
[2014.12.14-03.03.52:428][339]LogModuleManager: Shutting down and abandoning module ProfilerService (107)
[2014.12.14-03.03.52:507][339]LogModuleManager: Shutting down and abandoning module TaskGraph (106)
[2014.12.14-03.03.52:568][339]LogModuleManager: Shutting down and abandoning module GameplayDebugger (105)
[2014.12.14-03.03.52:568][339]LogModuleManager: Shutting down and abandoning module SlateRemote (104)
[2014.12.14-03.03.52:568][339]LogModuleManager: Shutting down and abandoning module ScriptEditorPlugin (103)
[2014.12.14-03.03.52:568][339]LogModuleManager: Shutting down and abandoning module CustomMeshComponent (102)
[2014.12.14-03.03.52:569][339]LogModuleManager: Shutting down and abandoning module CableComponent (101)
[2014.12.14-03.03.52:569][339]LogModuleManager: Shutting down and abandoning module MessagingDebugger (100)
[2014.12.14-03.03.52:591][339]LogModuleManager: Shutting down and abandoning module MediaPlayerEditor (99)
[2014.12.14-03.03.52:609][339]LogModuleManager: Shutting down and abandoning module SpeedTreeImporter (98)
[2014.12.14-03.03.52:609][339]LogModuleManager: Shutting down and abandoning module PluginsEditor (97)
[2014.12.14-03.03.52:609][339]LogModuleManager: Shutting down and abandoning module EpicSurvey (96)
[2014.12.14-03.03.52:609][339]LogModuleManager: Shutting down and abandoning module DesktopPlatform (95)
[2014.12.14-03.03.52:626][339]LogModuleManager: Shutting down and abandoning module VisualStudioSourceCodeAccess (94)
[2014.12.14-03.03.52:626][339]LogModuleManager: Shutting down and abandoning module UObjectPlugin (93)
[2014.12.14-03.03.52:626][339]LogModuleManager: Shutting down and abandoning module SubversionSourceControl (92)
[2014.12.14-03.03.52:626][339]LogModuleManager: Shutting down and abandoning module SourceControl (91)
[2014.12.14-03.03.52:626][339]LogModuleManager: Shutting down and abandoning module PerforceSourceControl (90)
[2014.12.14-03.03.52:635][339]LogModuleManager: Shutting down and abandoning module BlankPlugin (89)
[2014.12.14-03.03.52:635][339]LogModuleManager: Shutting down and abandoning module SlateReflector (88)
[2014.12.14-03.03.52:635][339]LogModuleManager: Shutting down and abandoning module DirectoryWatcher (87)
[2014.12.14-03.03.52:635][339]LogModuleManager: Shutting down and abandoning module HotReload (86)
[2014.12.14-03.03.52:636][339]LogModuleManager: Shutting down and abandoning module MainFrame (85)
[2014.12.14-03.03.52:636][339]LogModuleManager: Shutting down and abandoning module LevelEditor (84)
[2014.12.14-03.03.52:651][339]LogModuleManager: Shutting down and abandoning module ViewportSnapping (83)
[2014.12.14-03.03.52:651][339]LogModuleManager: Shutting down and abandoning module SmartSnapping (82)
[2014.12.14-03.03.52:651][339]LogModuleManager: Shutting down and abandoning module PaperTiledImporter (81)
[2014.12.14-03.03.52:651][339]LogModuleManager: Shutting down and abandoning module PaperJsonImporter (80)
[2014.12.14-03.03.52:651][339]LogModuleManager: Shutting down and abandoning module ContentBrowser (79)
[2014.12.14-03.03.52:651][339]LogModuleManager: Shutting down and abandoning module Paper2DEditor (78)
[2014.12.14-03.03.52:663][339]LogModuleManager: Shutting down and abandoning module ScriptPlugin (77)
[2014.12.14-03.03.52:682][339]LogModuleManager: Shutting down and abandoning module UdpMessaging (76)
[2014.12.14-03.03.52:783][339]LogModuleManager: Shutting down and abandoning module Paper2D (75)
[2014.12.14-03.03.52:783][339]LogModuleManager: Shutting down and abandoning module UE4Game (74)
[2014.12.14-03.03.52:783][339]LogModuleManager: Shutting down and abandoning module WindowsMoviePlayer (73)
[2014.12.14-03.03.52:786][339]LogModuleManager: Shutting down and abandoning module Media (72)
[2014.12.14-03.03.52:786][339]LogModuleManager: Shutting down and abandoning module WmfMedia (71)
[2014.12.14-03.03.52:786][339]LogModuleManager: Shutting down and abandoning module OnlineBlueprintSupport (70)
[2014.12.14-03.03.52:786][339]LogModuleManager: Shutting down and abandoning module PropertyEditor (69)
[2014.12.14-03.03.52:836][339]LogModuleManager: Shutting down and abandoning module BehaviorTreeEditor (68)
[2014.12.14-03.03.52:883][339]LogModuleManager: Shutting down and abandoning module FunctionalTesting (67)
[2014.12.14-03.03.52:883][339]LogModuleManager: Shutting down and abandoning module CollisionAnalyzer (66)
[2014.12.14-03.03.52:892][339]LogModuleManager: Shutting down and abandoning module WorkspaceMenuStructure (65)
[2014.12.14-03.03.52:893][339]LogModuleManager: Shutting down and abandoning module MessageLog (64)
[2014.12.14-03.03.52:893][339]LogModuleManager: Shutting down and abandoning module Sequencer (63)
[2014.12.14-03.03.52:932][339]LogModuleManager: Shutting down and abandoning module AssetTools (62)
[2014.12.14-03.03.52:960][339]LogModuleManager: Shutting down and abandoning module UMGEditor (61)
[2014.12.14-03.03.52:960][339]LogModuleManager: Shutting down and abandoning module UMG (60)
[2014.12.14-03.03.53:001][339]LogModuleManager: Shutting down and abandoning module Slate (59)
[2014.12.14-03.03.53:001][339]LogModuleManager: Shutting down and abandoning module EditorStyle (58)
[2014.12.14-03.03.53:005][339]LogModuleManager: Shutting down and abandoning module SessionServices (57)
[2014.12.14-03.03.53:005][339]LogModuleManager: Shutting down and abandoning module SourceCodeAccess (56)
[2014.12.14-03.03.53:005][339]LogModuleManager: Shutting down and abandoning module HeadMountedDisplay (55)
[2014.12.14-03.03.53:005][339]LogModuleManager: Shutting down and abandoning module XAudio2 (54)
[2014.12.14-03.03.53:005][339]LogModuleManager: Shutting down and abandoning module Networking (52)
[2014.12.14-03.03.53:005][339]LogModuleManager: Shutting down and abandoning module Core (51)
[2014.12.14-03.03.53:005][339]LogModuleManager: Shutting down and abandoning module KismetCompiler (50)
[2014.12.14-03.03.53:005][339]LogModuleManager: Shutting down and abandoning module PhysXFormats (49)
[2014.12.14-03.03.53:005][339]LogModuleManager: Shutting down and abandoning module MeshUtilities (48)
[2014.12.14-03.03.53:018][339]LogModuleManager: Shutting down and abandoning module DerivedDataCache (47)
[2014.12.14-03.03.53:120][339]LogDerivedDataCache: Shutdown
[2014.12.14-03.03.53:120][339]LogModuleManager: Shutting down and abandoning module ShaderFormatOpenGL (46)
[2014.12.14-03.03.53:136][339]LogModuleManager: Shutting down and abandoning module ShaderFormatD3D (45)
[2014.12.14-03.03.53:136][339]LogModuleManager: Shutting down and abandoning module MetalShaderFormat (44)
[2014.12.14-03.03.53:148][339]LogModuleManager: Shutting down and abandoning module TextureFormatUncompressed (43)
[2014.12.14-03.03.53:148][339]LogModuleManager: Shutting down and abandoning module TextureFormatPVR (42)
[2014.12.14-03.03.53:148][339]LogModuleManager: Shutting down and abandoning module TextureFormatDXT (41)
[2014.12.14-03.03.53:148][339]LogModuleManager: Shutting down and abandoning module TextureFormatAndroid (40)
[2014.12.14-03.03.53:148][339]LogModuleManager: Shutting down and abandoning module AudioFormatOpus (39)
[2014.12.14-03.03.53:178][339]LogModuleManager: Shutting down and abandoning module AudioFormatOgg (38)
[2014.12.14-03.03.53:178][339]LogModuleManager: Shutting down and abandoning module AudioFormatADPCM (37)
[2014.12.14-03.03.53:178][339]LogModuleManager: Shutting down and abandoning module LinuxTargetPlatform (36)
[2014.12.14-03.03.53:178][339]LogModuleManager: Shutting down and abandoning module LinuxServerTargetPlatform (35)
[2014.12.14-03.03.53:178][339]LogModuleManager: Shutting down and abandoning module LinuxNoEditorTargetPlatform (34)
[2014.12.14-03.03.53:178][339]LogModuleManager: Shutting down and abandoning module Messaging (33)
[2014.12.14-03.03.53:178][339]LogModuleManager: Shutting down and abandoning module IOSTargetPlatform (32)
[2014.12.14-03.03.53:178][339]LogModuleManager: Shutting down and abandoning module Android_PVRTCTargetPlatform (31)
[2014.12.14-03.03.53:178][339]LogModuleManager: Shutting down and abandoning module Android_ETC2TargetPlatform (30)
[2014.12.14-03.03.53:178][339]LogModuleManager: Shutting down and abandoning module Android_ETC1TargetPlatform (29)
[2014.12.14-03.03.53:178][339]LogModuleManager: Shutting down and abandoning module Android_DXTTargetPlatform (28)
[2014.12.14-03.03.53:178][339]LogModuleManager: Shutting down and abandoning module Android_ATCTargetPlatform (27)
[2014.12.14-03.03.53:178][339]LogModuleManager: Shutting down and abandoning module AndroidTargetPlatform (26)
[2014.12.14-03.03.53:179][339]LogModuleManager: Shutting down and abandoning module WindowsTargetPlatform (25)
[2014.12.14-03.03.53:179][339]LogModuleManager: Shutting down and abandoning module WindowsServerTargetPlatform (24)
[2014.12.14-03.03.53:179][339]LogModuleManager: Shutting down and abandoning module WindowsNoEditorTargetPlatform (23)
[2014.12.14-03.03.53:179][339]LogModuleManager: Shutting down and abandoning module WindowsClientTargetPlatform (22)
[2014.12.14-03.03.53:179][339]LogModuleManager: Shutting down and abandoning module TargetPlatform (21)
[2014.12.14-03.03.53:179][339]LogModuleManager: Shutting down and abandoning module InputCore (20)
[2014.12.14-03.03.53:179][339]LogModuleManager: Shutting down and abandoning module Settings (19)
[2014.12.14-03.03.53:179][339]LogModuleManager: Shutting down and abandoning module ImageWrapper (18)
[2014.12.14-03.03.53:179][339]LogModuleManager: Shutting down and abandoning module OculusRift (15)
[2014.12.14-03.03.53:179][339]LogModuleManager: Shutting down and abandoning module ExampleDeviceProfileSelector (14)
[2014.12.14-03.03.53:179][339]LogModuleManager: Shutting down and abandoning module TextureCompressor (13)
[2014.12.14-03.03.53:179][339]LogModuleManager: Shutting down and abandoning module ShaderCore (12)
[2014.12.14-03.03.53:179][339]LogModuleManager: Shutting down and abandoning module Landscape (11)
[2014.12.14-03.03.53:179][339]LogModuleManager: Shutting down and abandoning module SlateRHIRenderer (10)
[2014.12.14-03.03.53:180][339]LogModuleManager: Shutting down and abandoning module OpenGLDrv (9)
[2014.12.14-03.03.53:180][339]LogModuleManager: Shutting down and abandoning module D3D11RHI (8)
[2014.12.14-03.03.53:180][339]LogModuleManager: Shutting down and abandoning module Renderer (7)
[2014.12.14-03.03.53:180][339]LogModuleManager: Shutting down and abandoning module Engine (6)
[2014.12.14-03.03.53:180][339]LogModuleManager: Shutting down and abandoning module CoreUObject (5)
[2014.12.14-03.03.53:180][339]LogModuleManager: Shutting down and abandoning module NetworkFile (4)
[2014.12.14-03.03.53:193][339]LogModuleManager: Shutting down and abandoning module StreamingFile (3)
[2014.12.14-03.03.53:193][339]LogModuleManager: Shutting down and abandoning module SandboxFile (2)
[2014.12.14-03.03.53:193][339]LogModuleManager: Shutting down and abandoning module PakFile (1)
[2014.12.14-03.03.53:218][339]LogExit: Exiting.
[2014.12.14-03.03.53:242][339]Log file closed, 12/13/14 19:03:53
