Log file open, 12/14/14 22:03:28
LogInit:Display: Running engine for game: Trial_third_person
LogInit: Version: 4.6.0-2369412+++depot+UE4-Releases+4.6
LogInit: API Version: 2369412
LogInit: Compiled (64-bit): Nov 24 2014 21:54:04
LogInit: Compiled with Visual C++: 18.00.21005.01
LogInit: Build Configuration: Development
LogInit: Branch Name: ++depot+UE4-Releases+4.6
LogInit: Command line:  
LogInit: Base directory: C:/Program Files/Epic Games/4.6/Engine/Binaries/Win64/
LogInit: Rocket: 1
[2014.12.15-06.03.28:171][  0]LogTaskGraph: Started task graph with 3 named threads and 6 total threads.
[2014.12.15-06.03.28:221][  0]LogOnline:Warning: No default platform service specified for OnlineSubsystem
[2014.12.15-06.03.28:244][  0]LogInit: Presizing for 0 objects not considered by GC, pre-allocating 0 bytes.
[2014.12.15-06.03.28:257][  0]LogInit: Object subsystem initialized
[2014.12.15-06.03.28:260][  0]LogConsoleResponse:Warning: Skipping Unknown console variable: 'UIScaleCurve = (EditorCurveData=(Keys=((Time=480.000000,Value=0.444000),(Time=720.000000,Value=0.666000),(Time=1080.000000,Value=1.000000),(Time=8640.000000,Value=8.000000))),ExternalCurve=None)'
[2014.12.15-06.03.28:260][  0]LogConsoleResponse:Warning:   Found in ini file 'C:/Users/Jeremy/Documents/GitHub/Study-Session/Trial_third_person 4.6/Saved/Config/Windows/Engine.ini', in section '[/Script/Engine.RendererSettings]'
[2014.12.15-06.03.28:260][  0]LogConsoleManager:Warning: Console variable 'r.MSAA.CompositingSampleCount' wasn't set (Priority ProjectSetting < Scalability)
[2014.12.15-06.03.28:260][  0]LogInit: Selected Device Profile: [Windows]
[2014.12.15-06.03.28:260][  0]LogInit: Applying CVar settings loaded from the selected device profile: [Windows]
[2014.12.15-06.03.28:270][  0]LogInit: Computer: BRIANA-DESKTOP
[2014.12.15-06.03.28:270][  0]LogInit: User: Jeremy
[2014.12.15-06.03.28:270][  0]LogInit: CPU Page size=4096, Cores=4
[2014.12.15-06.03.28:270][  0]LogInit: High frequency timer resolution =14.318180 MHz
[2014.12.15-06.03.28:271][  0]LogMemory: Memory total: Physical=8.0GB (8GB approx) Virtual=8192.0GB
[2014.12.15-06.03.28:271][  0]LogMemory: Platform Memory Stats for Windows
[2014.12.15-06.03.28:271][  0]LogMemory: Process Physical Memory: 49.16 MB used, 49.16 MB peak
[2014.12.15-06.03.28:271][  0]LogMemory: Process Virtual Memory: 25.16 MB used, 25.16 MB peak
[2014.12.15-06.03.28:271][  0]LogMemory: Physical Memory: 3170.18 MB used, 8183.89 MB total
[2014.12.15-06.03.28:271][  0]LogMemory: Virtual Memory: 264.43 MB used, 8388608.00 MB total
[2014.12.15-06.03.28:318][  0]LogD3D11RHI: Found D3D11 adapter 0: NVIDIA GeForce GTX 550 Ti (Feature Level 11_0)
[2014.12.15-06.03.28:319][  0]LogD3D11RHI: Adapter has 977MB of dedicated video memory, 0MB of dedicated system memory, and 3071MB of shared system memory, 2 output[s]
[2014.12.15-06.03.28:319][  0]LogD3D11RHI: Chosen D3D11 Adapter Id = 0
[2014.12.15-06.03.28:325][  0]LogRHI: Texture pool is 684 MB (70% of 977 MB)
[2014.12.15-06.03.28:336][  0]LogD3D11RHI: Async texture creation enabled
[2014.12.15-06.03.28:403][  0]LogTextLocalizationManager: The requested culture ('en_US') has no localization data; parent culture's ('en') localization data will be used.
[2014.12.15-06.03.28:605][  0]LogContentStreaming: Texture pool size is 0.000000MB
[2014.12.15-06.03.36:042][  0]LogTargetPlatformManager:Display: Building Assets For Windows
[2014.12.15-06.03.36:575][  0]LogTargetPlatformManager:Display: Building Assets For Windows
[2014.12.15-06.03.36:641][  0]LogDerivedDataCache:Display: Max Cache Size: 512 MB
[2014.12.15-06.03.36:721][  0]LogDerivedDataCache: Loaded boot cache 0.08s 39MB C:/Users/Jeremy/AppData/Local/UnrealEngine/4.6/DerivedDataCache/Boot.ddc.
[2014.12.15-06.03.36:721][  0]LogDerivedDataCache:Display: Loaded Boot cache: C:/Users/Jeremy/AppData/Local/UnrealEngine/4.6/DerivedDataCache/Boot.ddc
[2014.12.15-06.03.36:721][  0]LogDerivedDataCache: FDerivedDataBackendGraph:  Pak pak cache file ../../../../../../Users/Jeremy/Documents/GitHub/Study-Session/Trial_third_person 4.6/DerivedDataCache/DDC.ddp not found, will not use a pak cache.
[2014.12.15-06.03.36:721][  0]LogDerivedDataCache: Unable to find inner node Pak for hierarchical cache Hierarchy.
[2014.12.15-06.03.36:808][  0]LogDerivedDataCache:Display: Pak cache opened for reading ../../../Engine/DerivedDataCache/DDC.ddp.
[2014.12.15-06.03.36:820][  0]LogDerivedDataCache: Using Local data cache path C:/Users/Jeremy/AppData/Local/UnrealEngine/Common/DerivedDataCache: Writable
[2014.12.15-06.03.37:013][  0]LogCollisionProfile:Warning: Profile (UI) - Custom Channel Name = 'Weapon' hasn't been found
[2014.12.15-06.03.37:225][  0]LogMeshUtilities: No automatic mesh reduction module available
[2014.12.15-06.03.37:225][  0]LogMeshUtilities: No automatic mesh merging module available
[2014.12.15-06.03.37:782][  0]LogInit: WinSock: version 1.1 (2.2), MaxSocks=32767, MaxUdp=65467
[2014.12.15-06.03.37:850][  0]LogSlate:Warning: Failed to load font data from '../../../Engine/Content/Slate/Fonts/Roboto-Italic.ttf'
[2014.12.15-06.03.38:824][  0]UdpMessaging: Initializing bridge on interface 0.0.0.0:0 to multicast group 230.0.0.1:6666.
[2014.12.15-06.03.39:001][  0]LogDirectoryWatcher:Warning: Failed to begin reading directory changes for C:/Users/Jeremy/Documents/GitHub/Study-Session/Trial_third_person 4.6/Binaries/Win64. Error: 0
[2014.12.15-06.03.39:197][  0]SourceControl: Info Source control is disabled
[2014.12.15-06.03.39:197][  0]SourceControl: Info Source control is disabled
[2014.12.15-06.03.39:205][  0]SourceControl: Info Source control is disabled
[2014.12.15-06.03.39:343][  0]LogObj: 23754 objects as part of root set at end of initial load.
[2014.12.15-06.03.39:343][  0]LogUObjectAllocator: 5168128 out of 0 bytes used by permanent object pool.
[2014.12.15-06.03.39:417][  0]LogEngine: Initializing Engine...
[2014.12.15-06.03.39:643][  0]LogInit: XAudio2 using 'Speakers (Realtek High Definition Audio)' : 2 channels at 48 kHz using 32 bits per sample (channel mask 0x3)
[2014.12.15-06.03.39:679][  0]LogInit: FAudioDevice initialized.
[2014.12.15-06.03.39:702][  0]LogAIModule: Creating AISystem for world NewWorld
[2014.12.15-06.03.39:741][  0]LogDerivedDataCache: Saved boot cache 0.04s 39MB C:/Users/Jeremy/AppData/Local/UnrealEngine/4.6/DerivedDataCache/Boot.ddc.
[2014.12.15-06.03.39:754][  0]LogInit: Texture streaming: Enabled
[2014.12.15-06.03.39:785][  0]LogAnalytics: Creating configured Analytics provider AnalyticsET
[2014.12.15-06.03.39:785][  0]LogAnalytics: ET APIKey = Rocket.Release. APIServer = http://et2.epicgames.com/ET2/. AppVersion = 4.6.0-2369412+++depot+UE4-Releases+4.6
[2014.12.15-06.03.39:788][  0]LogAnalytics: SetUserId 6df8d6a202a5f32dd217a5bf9cbf5496
[2014.12.15-06.03.39:788][  0]LogAnalytics: AnalyticsET::StartSession [Rocket.Release]
[2014.12.15-06.03.39:805][  0]LogInit: Transaction tracking system initialized
[2014.12.15-06.03.39:910][  0]BlueprintLog: New page: Editor Load
[2014.12.15-06.03.39:942][  0]LogAssetRegistry: FAssetRegistry took 0.0100 seconds to start up
[2014.12.15-06.03.39:943][  0]LogDirectoryWatcher:Warning: Failed to begin reading directory changes for ../../../Engine/Plugins/Experimental/CharacterAI/Content/. Error: 0
[2014.12.15-06.03.40:526][  0]LogTargetPlatformManager:Display: Building Assets For Windows
[2014.12.15-06.03.40:973][  0]LogTargetPlatformManager:Display: Building Assets For Windows
[2014.12.15-06.03.41:249][  0]LogConsoleResponse:Display: 
[2014.12.15-06.03.41:316][  0]LogLinker:Warning: Asset '../../../Engine/Content/Functions/Engine_MaterialFunctions03/Procedurals/ComputeFilterWidth.uasset' has been saved with empty engine version. The asset will be loaded but may be incompatible.
[2014.12.15-06.03.41:560][  0]SourceControl: Info Source control is disabled
[2014.12.15-06.03.41:560][  0]Cmd: MAP LOAD FILE="../../../../../../Users/Jeremy/Documents/GitHub/Study-Session/Trial_third_person 4.6/Content/Maps/StartMenuLevel.umap" TEMPLATE=0 SHOWPROGRESS=1
[2014.12.15-06.03.41:561][  0]LightingResults: New page: Lighting Build
[2014.12.15-06.03.41:572][  0]MapCheck: New page: Map Check
[2014.12.15-06.03.41:572][  0]LightingResults: New page: Lighting Build
[2014.12.15-06.03.41:583][  0]LogParticles: Destroying 0 GPU particle simulations for FXSystem 0x00000000119699E0
[2014.12.15-06.03.41:677][  0]LogEditorServer: Finished looking for orphan Actors (0.000 secs)
[2014.12.15-06.03.41:678][  0]LogAIModule: Creating AISystem for world StartMenuLevel
[2014.12.15-06.03.41:678][  0]Cmd: MAP CHECKDEP
[2014.12.15-06.03.41:678][  0]MapCheck: New page: StartMenuLevel - Dec 14, 2014, 2:03:41 PM
[2014.12.15-06.03.41:772][  0]MapCheck: Info Map check complete: 0 Error(s), 0 Warning(s), took 94.073ms to complete.
[2014.12.15-06.03.41:772][  0]LogFileHelpers: Loading map 'StartMenuLevel' took 0.212
[2014.12.15-06.03.41:865][  0]LogCollectionManager: Loaded 0 collections in 0.001413 seconds
[2014.12.15-06.03.41:993][  0]LogCrashTracker: Crashtracker disabled due to settings.
[2014.12.15-06.03.42:000][  0]LogUObjectGlobals:Warning: Failed to find object 'Class None.'
[2014.12.15-06.03.42:029][  0]LogLoad: Full Startup: 16.13 seconds (BP compile: 0.04 seconds)
[2014.12.15-06.03.42:376][  0]LogContentBrowser:Verbose: The content browser source was changed by the sources view to '/Game/StarterContent/Shapes'
[2014.12.15-06.03.42:554][  0]LogRenderer:Warning: Reallocating scene render targets to support 1072x880.
[2014.12.15-06.03.44:041][  5]LogAssetRegistry: Asset discovery search completed in 4.1098 seconds
[2014.12.15-06.03.47:137][ 16]LogContentBrowser:Verbose: The content browser source was changed by the sources view to '/Game/Maps'
[2014.12.15-06.03.50:966][328]LogContentBrowser:Verbose: The content browser source was changed by the sources view to '/Game'
[2014.12.15-06.03.56:221][804]LogContentBrowser:Verbose: The content browser source was changed by the sources view to '/Game/Maps'
[2014.12.15-06.04.03:815][446]LogWindows:Error: Windows GetLastError: The operation completed successfully. (0)
[2014.12.15-06.04.03:815][446]LogCrashTracker: 


[2014.12.15-06.04.04:146][446]LogCrashTracker: 


[2014.12.15-06.04.04:147][446]LogWindows: === Critical error: ===
Assertion failed: !Obj->HasAnyFlags(RF_NeedLoad|RF_NeedPostLoad|RF_ClassDefaultObject) [File:D:\BuildFarm\buildmachine_++depot+UE4-Releases+4.6\Engine\Source\Runtime\CoreUObject\Private\UObject\UObjectGlobals.cpp] [Line: 1744] 
Attempting to replace an object that hasn't been fully loaded: BlueprintGeneratedClass /Game/Maps/WinScreenLevel.WinScreenLevel_C


KERNELBASE.dll!UnknownFunction (0x000007fefce0940d) + 0 bytes [UnknownFile:0]
UE4Editor-Core.dll!UnknownFunction (0x000007fee1272f6d) + 0 bytes [UnknownFile:0]
UE4Editor-Core.dll!UnknownFunction (0x000007fee11060e8) + 0 bytes [UnknownFile:0]
UE4Editor-Core.dll!UnknownFunction (0x000007fee10e9182) + 0 bytes [UnknownFile:0]
UE4Editor-CoreUObject.dll!UnknownFunction (0x000007fee1a0ef88) + 0 bytes [UnknownFile:0]
UE4Editor-CoreUObject.dll!UnknownFunction (0x000007fee1a0fcf9) + 0 bytes [UnknownFile:0]
UE4Editor-UnrealEd.dll!UnknownFunction (0x000007fedd1c747b) + 0 bytes [UnknownFile:0]
UE4Editor-CoreUObject.dll!UnknownFunction (0x000007fee1a10e22) + 0 bytes [UnknownFile:0]
UE4Editor-CoreUObject.dll!UnknownFunction (0x000007fee1a10262) + 0 bytes [UnknownFile:0]
UE4Editor-UnrealEd.dll!UnknownFunction (0x000007fedcc05c08) + 0 bytes [UnknownFile:0]
UE4Editor-AssetTools.dll!UnknownFunction (0x000007fed66cdc59) + 0 bytes [UnknownFile:0]
UE4Editor-ContentBrowser.dll!UnknownFunction (0x000007fed516827c) + 0 bytes [UnknownFile:0]
UE4Editor-ContentBrowser.dll!UnknownFunction (0x000007fed51283c6) + 0 bytes [UnknownFile:0]
UE4Editor-ContentBrowser.dll!UnknownFunction (0x000007fed51860ed) + 0 bytes [UnknownFile:0]
UE4Editor-ContentBrowser.dll!UnknownFunction (0x000007fed51913cd) + 0 bytes [UnknownFile:0]
UE4Editor-ContentBrowser.dll!UnknownFunction (0x000007fed51ca6b3) + 0 bytes [UnknownFile:0]
UE4Editor-ContentBrowser.dll!UnknownFunction (0x000007fed5185bb7) + 0 bytes [UnknownFile:0]
UE4Editor-ContentBrowser.dll!UnknownFunction (0x000007fed5190f37) + 0 bytes [UnknownFile:0]
UE4Editor-Slate.dll!UnknownFunction (0x000007fede26d1ba) + 0 bytes [UnknownFile:0]
UE4Editor-Slate.dll!UnknownFunction (0x000007fede260837) + 0 bytes [UnknownFile:0]
UE4Editor-Slate.dll!UnknownFunction (0x000007fede260cb7) + 0 bytes [UnknownFile:0]
UE4Editor-Slate.dll!UnknownFunction (0x000007fede22a889) + 0 bytes [UnknownFile:0]
UE4Editor-Slate.dll!UnknownFunction (0x000007fede17a60e) + 0 bytes [UnknownFile:0]
UE4Editor-Slate.dll!UnknownFunction (0x000007fede22d0cc) + 0 bytes [UnknownFile:0]
UE4Editor-Slate.dll!UnknownFunction (0x000007fede068be2) + 0 bytes [UnknownFile:0]
UE4Editor-Slate.dll!UnknownFunction (0x000007fede025f4d) + 0 bytes [UnknownFile:0]
UE4Editor-Slate.dll!UnknownFunction (0x000007fede02788a) + 0 bytes [UnknownFile:0]
UE4Editor-Slate.dll!UnknownFunction (0x000007fede0ca209) + 0 bytes [UnknownFile:0]
UE4Editor-Slate.dll!UnknownFunction (0x000007fede0bb0c8) + 0 bytes [UnknownFile:0]
UE4Editor-Core.dll!UnknownFunction (0x000007fee11de6b4) + 0 bytes [UnknownFile:0]
UE4Editor-Core.dll!UnknownFunction (0x000007fee11ca1eb) + 0 bytes [UnknownFile:0]
UE4Editor-Core.dll!UnknownFunction (0x000007fee11dfbab) + 0 bytes [UnknownFile:0]
UE4Editor-Core.dll!UnknownFunction (0x000007fee11c6ce2) + 0 bytes [UnknownFile:0]
USER32.dll!UnknownFunction (0x0000000076d59bd1) + 0 bytes [UnknownFile:0]
USER32.dll!UnknownFunction (0x0000000076d598da) + 0 bytes [UnknownFile:0]
UE4Editor-Core.dll!UnknownFunction (0x000007fee11e0066) + 0 bytes [UnknownFile:0]
UE4Editor.exe!FEngineLoop::Tick() (0x000000013fedcbda) + 8 bytes [d:\buildfarm\buildmachine_++depot+ue4-releases+4.6\engine\source\runtime\launch\private\launchengineloop.cpp:2193]
UE4Editor.exe!GuardedMain() (0x000000013fed089f) + 0 bytes [d:\buildfarm\buildmachine_++depot+ue4-releases+4.6\engine\source\runtime\launch\private\launch.cpp:131]
UE4Editor.exe!GuardedMainWrapper() (0x000000013fed090a) + 5 bytes [d:\buildfarm\buildmachine_++depot+ue4-releases+4.6\engine\source\runtime\launch\private\windows\launchwindows.cpp:126]
UE4Editor.exe!WinMain() (0x000000013fede3d9) + 17 bytes [d:\buildfarm\buildmachine_++depot+ue4-releases+4.6\engine\source\runtime\launch\private\windows\launchwindows.cpp:202]
UE4Editor.exe!__tmainCRTStartup() (0x000000013fedf319) + 21 bytes [f:\dd\vctools\crt\crtw32\dllstuff\crtexe.c:618]
kernel32.dll!UnknownFunction (0x0000000076c359ed) + 0 bytes [UnknownFile:0]
ntdll.dll!UnknownFunction (0x0000000076e6c541) + 0 bytes [UnknownFile:0]
ntdll.dll!UnknownFunction (0x0000000076e6c541) + 0 bytes [UnknownFile:0]


[2014.12.15-06.04.04:387][446]LogExit: Executing StaticShutdownAfterError
[2014.12.15-06.04.04:392][446]LogWindows: FPlatformMisc::RequestExit(1)
[2014.12.15-06.04.04:392][446]Log file closed, 12/14/14 22:04:04
