Log file open, 12/14/14 13:13:32
LogInit:Display: Running engine for game: Trial_third_person
LogInit: Version: 4.6.0-2369412+++depot+UE4-Releases+4.6
LogInit: API Version: 2369412
LogInit: Compiled (64-bit): Nov 24 2014 21:54:04
LogInit: Compiled with Visual C++: 18.00.21005.01
LogInit: Build Configuration: Development
LogInit: Branch Name: ++depot+UE4-Releases+4.6
LogInit: Command line:  
LogInit: Base directory: D:/Epic Games/4.6/Engine/Binaries/Win64/
LogInit: Rocket: 1
[2014.12.14-21.13.32:888][  0]LogTaskGraph: Started task graph with 3 named threads and 4 total threads.
[2014.12.14-21.13.32:920][  0]LogOnline:Warning: No default platform service specified for OnlineSubsystem
[2014.12.14-21.13.32:964][  0]LogInit: Presizing for 0 objects not considered by GC, pre-allocating 0 bytes.
[2014.12.14-21.13.32:975][  0]LogInit: Object subsystem initialized
[2014.12.14-21.13.32:980][  0]LogConsoleResponse:Warning: Skipping Unknown console variable: 'UIScaleCurve = (EditorCurveData=(Keys=((Time=480.000000,Value=0.444000),(Time=720.000000,Value=0.666000),(Time=1080.000000,Value=1.000000),(Time=8640.000000,Value=8.000000))),ExternalCurve=None)'
[2014.12.14-21.13.32:980][  0]LogConsoleResponse:Warning:   Found in ini file 'D:/Study-Session/Trial_third_person 4.6/Saved/Config/Windows/Engine.ini', in section '[/Script/Engine.RendererSettings]'
[2014.12.14-21.13.32:982][  0]LogConsoleManager:Warning: Console variable 'r.MSAA.CompositingSampleCount' wasn't set (Priority ProjectSetting < Scalability)
[2014.12.14-21.13.32:982][  0]LogInit: Selected Device Profile: [Windows]
[2014.12.14-21.13.32:982][  0]LogInit: Applying CVar settings loaded from the selected device profile: [Windows]
[2014.12.14-21.13.32:991][  0]LogInit: Computer: ZEN-MATT
[2014.12.14-21.13.32:991][  0]LogInit: User: Matt
[2014.12.14-21.13.32:991][  0]LogInit: CPU Page size=4096, Cores=2
[2014.12.14-21.13.32:991][  0]LogInit: High frequency timer resolution =2.338564 MHz
[2014.12.14-21.13.32:991][  0]LogMemory: Memory total: Physical=3.9GB (4GB approx) Virtual=8192.0GB
[2014.12.14-21.13.32:991][  0]LogMemory: Platform Memory Stats for Windows
[2014.12.14-21.13.32:991][  0]LogMemory: Process Physical Memory: 50.00 MB used, 50.00 MB peak
[2014.12.14-21.13.32:991][  0]LogMemory: Process Virtual Memory: 26.40 MB used, 26.40 MB peak
[2014.12.14-21.13.32:991][  0]LogMemory: Physical Memory: 2134.77 MB used, 3981.98 MB total
[2014.12.14-21.13.32:991][  0]LogMemory: Virtual Memory: 262.45 MB used, 8388608.00 MB total
[2014.12.14-21.13.33:132][  0]LogD3D11RHI: Found D3D11 adapter 0: Intel(R) HD Graphics 4000 (Feature Level 11_0)
[2014.12.14-21.13.33:132][  0]LogD3D11RHI: Adapter has 64MB of dedicated video memory, 0MB of dedicated system memory, and 1632MB of shared system memory, 1 output[s]
[2014.12.14-21.13.33:132][  0]LogD3D11RHI: Chosen D3D11 Adapter Id = 0
[2014.12.14-21.13.33:142][  0]LogRHI: Texture pool is 616 MB (70% of 880 MB)
[2014.12.14-21.13.33:153][  0]LogD3D11RHI: Async texture creation enabled
[2014.12.14-21.13.33:284][  0]LogTextLocalizationManager: The requested culture ('en_US') has no localization data; parent culture's ('en') localization data will be used.
[2014.12.14-21.13.33:437][  0]LogContentStreaming: Texture pool size is 0.000000MB
[2014.12.14-21.13.40:963][  0]LogTargetPlatformManager:Display: Building Assets For Windows
[2014.12.14-21.13.41:562][  0]LogTargetPlatformManager:Display: Building Assets For Windows
[2014.12.14-21.13.41:630][  0]LogDerivedDataCache:Display: Max Cache Size: 512 MB
[2014.12.14-21.13.41:764][  0]LogDerivedDataCache: Loaded boot cache 0.13s 39MB C:/Users/Matt/AppData/Local/UnrealEngine/4.6/DerivedDataCache/Boot.ddc.
[2014.12.14-21.13.41:764][  0]LogDerivedDataCache:Display: Loaded Boot cache: C:/Users/Matt/AppData/Local/UnrealEngine/4.6/DerivedDataCache/Boot.ddc
[2014.12.14-21.13.41:764][  0]LogDerivedDataCache: FDerivedDataBackendGraph:  Pak pak cache file ../../../../../Study-Session/Trial_third_person 4.6/DerivedDataCache/DDC.ddp not found, will not use a pak cache.
[2014.12.14-21.13.41:765][  0]LogDerivedDataCache: Unable to find inner node Pak for hierarchical cache Hierarchy.
[2014.12.14-21.13.41:849][  0]LogDerivedDataCache:Display: Pak cache opened for reading ../../../Engine/DerivedDataCache/DDC.ddp.
[2014.12.14-21.13.41:861][  0]LogDerivedDataCache: Using Local data cache path C:/Users/Matt/AppData/Local/UnrealEngine/Common/DerivedDataCache: Writable
[2014.12.14-21.13.42:267][  0]LogCollisionProfile:Warning: Profile (UI) - Custom Channel Name = 'Weapon' hasn't been found
[2014.12.14-21.13.42:477][  0]LogMeshUtilities: No automatic mesh reduction module available
[2014.12.14-21.13.42:477][  0]LogMeshUtilities: No automatic mesh merging module available
[2014.12.14-21.13.42:947][  0]LogInit: WinSock: version 1.1 (2.2), MaxSocks=32767, MaxUdp=65467
[2014.12.14-21.13.43:027][  0]LogSlate:Warning: Failed to load font data from '../../../Engine/Content/Slate/Fonts/Roboto-Italic.ttf'
[2014.12.14-21.13.44:852][  0]UdpMessaging: Initializing bridge on interface 0.0.0.0:0 to multicast group 230.0.0.1:6666.
[2014.12.14-21.13.45:061][  0]LogDirectoryWatcher:Warning: Failed to begin reading directory changes for D:/Study-Session/Trial_third_person 4.6/Binaries/Win64. Error: 0
[2014.12.14-21.13.45:245][  0]SourceControl: Info Source control is disabled
[2014.12.14-21.13.45:246][  0]SourceControl: Info Source control is disabled
[2014.12.14-21.13.45:255][  0]SourceControl: Info Source control is disabled
[2014.12.14-21.13.45:437][  0]LogObj: 23754 objects as part of root set at end of initial load.
[2014.12.14-21.13.45:437][  0]LogUObjectAllocator: 5168128 out of 0 bytes used by permanent object pool.
[2014.12.14-21.13.45:502][  0]LogEngine: Initializing Engine...
[2014.12.14-21.13.45:676][  0]LogInit: XAudio2 using 'Speakers (Realtek High Definition Audio)' : 2 channels at 48 kHz using 32 bits per sample (channel mask 0x3)
[2014.12.14-21.13.45:741][  0]LogInit: FAudioDevice initialized.
[2014.12.14-21.13.45:780][  0]LogAIModule: Creating AISystem for world NewWorld
[2014.12.14-21.13.45:809][  0]LogDerivedDataCache: Saved boot cache 0.03s 39MB C:/Users/Matt/AppData/Local/UnrealEngine/4.6/DerivedDataCache/Boot.ddc.
[2014.12.14-21.13.45:813][  0]LogInit: Texture streaming: Enabled
[2014.12.14-21.13.45:859][  0]LogAnalytics: Creating configured Analytics provider AnalyticsET
[2014.12.14-21.13.45:859][  0]LogAnalytics: ET APIKey = Rocket.Release. APIServer = http://et2.epicgames.com/ET2/. AppVersion = 4.6.0-2369412+++depot+UE4-Releases+4.6
[2014.12.14-21.13.45:860][  0]LogAnalytics: SetUserId b937dce5ae765bb63e01423e2a49fda4
[2014.12.14-21.13.45:860][  0]LogAnalytics: AnalyticsET::StartSession [Rocket.Release]
[2014.12.14-21.13.45:881][  0]LogInit: Transaction tracking system initialized
[2014.12.14-21.13.46:007][  0]BlueprintLog: New page: Editor Load
[2014.12.14-21.13.46:045][  0]LogAssetRegistry: FAssetRegistry took 0.0100 seconds to start up
[2014.12.14-21.13.46:045][  0]LogDirectoryWatcher:Warning: Failed to begin reading directory changes for ../../../Engine/Plugins/Experimental/CharacterAI/Content/. Error: 0
[2014.12.14-21.13.46:722][  0]LogTargetPlatformManager:Display: Building Assets For Windows
[2014.12.14-21.13.47:190][  0]LogTargetPlatformManager:Display: Building Assets For Windows
[2014.12.14-21.13.47:440][  0]LogConsoleResponse:Display: 
[2014.12.14-21.13.47:502][  0]LogLinker:Warning: Asset '../../../Engine/Content/Functions/Engine_MaterialFunctions03/Procedurals/ComputeFilterWidth.uasset' has been saved with empty engine version. The asset will be loaded but may be incompatible.
[2014.12.14-21.13.47:754][  0]SourceControl: Info Source control is disabled
[2014.12.14-21.13.47:754][  0]Cmd: MAP LOAD FILE="../../../../../Study-Session/Trial_third_person 4.6/Content/Maps/StartMenuLevel.umap" TEMPLATE=0 SHOWPROGRESS=1
[2014.12.14-21.13.47:755][  0]LightingResults: New page: Lighting Build
[2014.12.14-21.13.47:767][  0]MapCheck: New page: Map Check
[2014.12.14-21.13.47:767][  0]LightingResults: New page: Lighting Build
[2014.12.14-21.13.47:783][  0]LogParticles: Destroying 0 GPU particle simulations for FXSystem 0x000000001967BE20
[2014.12.14-21.13.47:860][  0]LogEditorServer: Finished looking for orphan Actors (0.000 secs)
[2014.12.14-21.13.47:860][  0]LogAIModule: Creating AISystem for world StartMenuLevel
[2014.12.14-21.13.47:861][  0]Cmd: MAP CHECKDEP
[2014.12.14-21.13.47:861][  0]MapCheck: New page: StartMenuLevel - Dec 14, 2014, 5:13:47 AM
[2014.12.14-21.13.47:942][  0]MapCheck: Info Map check complete: 0 Error(s), 0 Warning(s), took 80.914ms to complete.
[2014.12.14-21.13.47:942][  0]LogFileHelpers: Loading map 'StartMenuLevel' took 0.188
[2014.12.14-21.13.48:041][  0]LogCollectionManager: Loaded 0 collections in 0.001191 seconds
[2014.12.14-21.13.48:178][  0]LogCrashTracker: Crashtracker disabled due to settings.
[2014.12.14-21.13.48:184][  0]LogUObjectGlobals:Warning: Failed to find object 'Class None.'
[2014.12.14-21.13.48:227][  0]LogLoad: Full Startup: 17.96 seconds (BP compile: 0.03 seconds)
[2014.12.14-21.13.48:573][  0]LogContentBrowser:Verbose: The content browser source was changed by the sources view to '/Game/Blueprints'
[2014.12.14-21.13.48:699][  0]LogRenderer:Warning: Reallocating scene render targets to support 1024x896.
[2014.12.14-21.13.50:448][  5]LogAssetRegistry: Asset discovery search completed in 4.4140 seconds
[2014.12.14-21.15.04:633][ 51]LogEditorViewport: Clicking Background
[2014.12.14-21.15.07:986][280]Cmd: MAP LOAD FILE="../../../../../Study-Session/Trial_third_person 4.6/Content/Maps/FinalLevel.umap" TEMPLATE=0 SHOWPROGRESS=1
[2014.12.14-21.15.07:993][280]LightingResults: New page: Lighting Build
[2014.12.14-21.15.08:020][280]LoadErrors: New page: Loading map: FinalLevel.umap
[2014.12.14-21.15.08:021][280]MapCheck: New page: Map Check
[2014.12.14-21.15.08:021][280]LightingResults: New page: Lighting Build
[2014.12.14-21.15.08:037][280]LogParticles: Destroying 0 GPU particle simulations for FXSystem 0x0000000011AC8720
[2014.12.14-21.15.09:634][280]LogEditorServer: Finished looking for orphan Actors (0.000 secs)
[2014.12.14-21.15.09:634][280]LogAIModule: Creating AISystem for world FinalLevel
[2014.12.14-21.15.09:742][280]Cmd: MAP CHECKDEP
[2014.12.14-21.15.09:742][280]MapCheck: New page: FinalLevel - Dec 14, 2014, 5:15:09 AM
[2014.12.14-21.15.09:920][280]MapCheck: Info Map check complete: 0 Error(s), 0 Warning(s), took 177.522ms to complete.
[2014.12.14-21.15.09:920][280]LogFileHelpers: Loading map 'FinalLevel' took 1.936
[2014.12.14-21.15.29:031][299]LogEditorViewport: Clicking on Actor (LMB): Mixamo_Maw_C (Mixamo_Maw)
[2014.12.14-21.15.29:082][299]LogPropertyNode:Warning: UI Min (0.001) >= UI Max () for Ranged Numeric
[2014.12.14-21.15.29:089][299]LogPropertyNode:Warning: UI Min (0.001) >= UI Max () for Ranged Numeric
[2014.12.14-21.15.29:463][304]LogEditorViewport: Clicking on Actor (context menu): Mixamo_Maw_C (Mixamo_Maw)
[2014.12.14-21.15.29:486][304]LogPropertyNode:Warning: UI Min (0.001) >= UI Max () for Ranged Numeric
[2014.12.14-21.15.29:487][304]LogPropertyNode:Warning: UI Min (0.001) >= UI Max () for Ranged Numeric
[2014.12.14-21.15.32:068][387]LogPropertyNode:Warning: UI Min (0.001) >= UI Max () for Ranged Numeric
[2014.12.14-21.15.32:069][387]LogPropertyNode:Warning: UI Min (0.001) >= UI Max () for Ranged Numeric
[2014.12.14-21.15.32:133][387]LogPropertyNode:Warning: UI Min (0.001) >= UI Max () for Ranged Numeric
[2014.12.14-21.15.32:133][387]LogPropertyNode:Warning: UI Min (0.001) >= UI Max () for Ranged Numeric
[2014.12.14-21.15.32:180][387]LogPropertyNode:Warning: UI Min (0.001) >= UI Max () for Ranged Numeric
[2014.12.14-21.15.32:181][387]LogPropertyNode:Warning: UI Min (0.001) >= UI Max () for Ranged Numeric
[2014.12.14-21.16.14:529][406]LogActorComponent: UnregisterComponent: (/Engine/Transient.ProjectileMovementComponent_0) Not registered. Aborting.
[2014.12.14-21.16.14:680][406]Cmd: OBJ SAVEPACKAGE PACKAGE="/Game/MixamoAnimPack/Mixamo_Maw/Mixamo_Maw" FILE="../../../../../Study-Session/Trial_third_person 4.6/Content/MixamoAnimPack/Mixamo_Maw/Mixamo_Maw.uasset" SILENT=true
[2014.12.14-21.16.14:979][406]LogSavePackage: Save=285.124969ms
[2014.12.14-21.16.14:979][406]LogSavePackage: Moving '../../../../../Study-Session/Trial_third_person 4.6/Saved/Mixamo_MawBA1BA3044096F36BFCFAC08F48074902.tmp' to '../../../../../Study-Session/Trial_third_person 4.6/Content/MixamoAnimPack/Mixamo_Maw/Mixamo_Maw.uasset'
[2014.12.14-21.16.15:438][430]BlueprintLog: New page: Compile Mixamo_Maw
[2014.12.14-21.16.15:535][430]LogPropertyNode:Warning: UI Min (0.001) >= UI Max () for Ranged Numeric
[2014.12.14-21.16.15:536][430]LogPropertyNode:Warning: UI Min (0.001) >= UI Max () for Ranged Numeric
[2014.12.14-21.16.15:604][430]LogPropertyNode:Warning: UI Min (0.001) >= UI Max () for Ranged Numeric
[2014.12.14-21.16.15:606][430]LogPropertyNode:Warning: UI Min (0.001) >= UI Max () for Ranged Numeric
[2014.12.14-21.16.15:727][430]LogPropertyNode:Warning: UI Min (0.001) >= UI Max () for Ranged Numeric
[2014.12.14-21.16.15:728][430]LogPropertyNode:Warning: UI Min (0.001) >= UI Max () for Ranged Numeric
[2014.12.14-21.16.15:750][430]LogActorComponent: UnregisterComponent: (/Engine/Transient.CharacterMovementComponent_0) Not registered. Aborting.
[2014.12.14-21.16.15:838][430]LogPropertyNode:Warning: UI Min (0.001) >= UI Max () for Ranged Numeric
[2014.12.14-21.16.15:839][430]LogPropertyNode:Warning: UI Min (0.001) >= UI Max () for Ranged Numeric
[2014.12.14-21.16.15:868][430]BlueprintEditorCompileResults: Info [0165.59] Compile of Mixamo_Maw successful! [in 386 ms]
[2014.12.14-21.16.17:564][498]BlueprintLog: New page: Pre-PIE auto-recompile
[2014.12.14-21.16.17:567][498]LogPlayLevel: [PIE] Compiling Tutorial_BP_MacroLib before PIE...
[2014.12.14-21.16.17:614][498]LogPlayLevel: [PIE] Compiling FinalLevel before PIE...
[2014.12.14-21.16.17:703][498]LogPlayLevel: PIE:  Blueprint regeneration took 139 ms (2 blueprints)
[2014.12.14-21.16.17:703][498]PIE: New page: PIE session: FinalLevel (Dec 14, 2014, 5:16:17 AM)
[2014.12.14-21.16.17:714][498]LogPlayLevel: PIE: StaticDuplicateObject took: (0.009780s)
[2014.12.14-21.16.17:714][498]LogPlayLevel: PIE: World Init took: (0.000572s)
[2014.12.14-21.16.17:714][498]LogPlayLevel: PIE: Created PIE world by copying editor world from /Game/Maps/FinalLevel.FinalLevel to /Game/Maps/UEDPIE_0_FinalLevel.FinalLevel (0.010601s)
[2014.12.14-21.16.18:481][498]LogWorld: Game class is 'MyGame_C'
[2014.12.14-21.16.18:482][498]LogAIModule: Creating AISystem for world FinalLevel
[2014.12.14-21.16.18:489][498]LogWorld: Bringing World /Game/Maps/UEDPIE_0_FinalLevel.FinalLevel up for play (max tick rate 0) at 2014.12.14-13.16.18
[2014.12.14-21.16.18:490][498]LogWorld: Bringing up level for play took: 0.007816
[2014.12.14-21.16.18:493][498]PIE: Info Play in editor start time for /Game/Maps/UEDPIE_0_FinalLevel 1.671
[2014.12.14-21.16.42:718][399]LogPropertyNode:Warning: UI Min (0.001) >= UI Max () for Ranged Numeric
[2014.12.14-21.16.42:719][399]LogPropertyNode:Warning: UI Min (0.001) >= UI Max () for Ranged Numeric
[2014.12.14-21.16.42:847][399]LogPropertyNode:Warning: UI Min (0.001) >= UI Max () for Ranged Numeric
[2014.12.14-21.16.42:848][399]LogPropertyNode:Warning: UI Min (0.001) >= UI Max () for Ranged Numeric
[2014.12.14-21.16.42:873][399]LogActorComponent: UnregisterComponent: (/Engine/Transient.CharacterMovementComponent_1) Not registered. Aborting.
[2014.12.14-21.16.43:018][399]LogParticles: Destroying 0 GPU particle simulations for FXSystem 0x0000000020E0CFE0
[2014.12.14-21.16.56:106][ 80]BlueprintLog: New page: Compile Mixamo_Maw
[2014.12.14-21.16.56:217][ 80]LogPropertyNode:Warning: UI Min (0.001) >= UI Max () for Ranged Numeric
[2014.12.14-21.16.56:218][ 80]LogPropertyNode:Warning: UI Min (0.001) >= UI Max () for Ranged Numeric
[2014.12.14-21.16.56:278][ 80]LogPropertyNode:Warning: UI Min (0.001) >= UI Max () for Ranged Numeric
[2014.12.14-21.16.56:279][ 80]LogPropertyNode:Warning: UI Min (0.001) >= UI Max () for Ranged Numeric
[2014.12.14-21.16.56:401][ 80]LogPropertyNode:Warning: UI Min (0.001) >= UI Max () for Ranged Numeric
[2014.12.14-21.16.56:402][ 80]LogPropertyNode:Warning: UI Min (0.001) >= UI Max () for Ranged Numeric
[2014.12.14-21.16.56:427][ 80]LogActorComponent: UnregisterComponent: (/Engine/Transient.ProjectileMovementComponent_1) Not registered. Aborting.
[2014.12.14-21.16.56:428][ 80]LogActorComponent: UnregisterComponent: (/Engine/Transient.CharacterMovementComponent_2) Not registered. Aborting.
[2014.12.14-21.16.56:519][ 80]LogPropertyNode:Warning: UI Min (0.001) >= UI Max () for Ranged Numeric
[2014.12.14-21.16.56:520][ 80]LogPropertyNode:Warning: UI Min (0.001) >= UI Max () for Ranged Numeric
[2014.12.14-21.16.56:550][ 80]BlueprintEditorCompileResults: Info [0206.27] Compile of Mixamo_Maw successful! [in 397 ms]
[2014.12.14-21.25.34:727][460]Cmd: OBJ SAVEPACKAGE PACKAGE="/Game/Maps/FinalLevel" FILE="../../../../../Study-Session/Trial_third_person 4.6/Saved/Autosaves/Game/Maps/FinalLevel_Auto1.umap" SILENT=true AUTOSAVING=true KEEPDIRTY=false
[2014.12.14-21.25.34:838][460]LogSavePackage: Save=97.113014ms
[2014.12.14-21.25.34:838][460]LogSavePackage: Moving '../../../../../Study-Session/Trial_third_person 4.6/Saved/FinalLevel_Auto1DB3E35A5484FFAD86FB39AA19A34068D.tmp' to '../../../../../Study-Session/Trial_third_person 4.6/Saved/Autosaves/Game/Maps/FinalLevel_Auto1.umap'
[2014.12.14-21.25.34:844][460]LogFileHelpers: Editor autosave (incl. sublevels) for '/Game/Maps/FinalLevel' took 0.194
[2014.12.14-21.25.34:844][460]LogFileHelpers: Editor autosave (incl. sublevels) for all levels took 0.194
[2014.12.14-21.25.34:852][460]OBJ SavePackage: Generating thumbnails for [1] asset(s) in package [/Game/MixamoAnimPack/Mixamo_Maw/Mixamo_Maw] ([1] browsable assets)...
[2014.12.14-21.25.34:876][460]OBJ SavePackage:     Rendered thumbnail for [Blueprint /Game/MixamoAnimPack/Mixamo_Maw/Mixamo_Maw.Mixamo_Maw]
[2014.12.14-21.25.34:876][460]OBJ SavePackage: Finished generating thumbnails for package [/Game/MixamoAnimPack/Mixamo_Maw/Mixamo_Maw]
[2014.12.14-21.25.35:207][460]LogSavePackage: Save=316.298370ms
[2014.12.14-21.25.35:207][460]LogSavePackage: Moving '../../../../../Study-Session/Trial_third_person 4.6/Saved/Mixamo_Maw_Auto190979C67472870FE695B1D9875CD7301.tmp' to '../../../../../Study-Session/Trial_third_person 4.6/Saved/Autosaves/Game/MixamoAnimPack/Mixamo_Maw/Mixamo_Maw_Auto1.uasset'
[2014.12.14-21.25.35:211][460]LogFileHelpers: Auto-saving content packages took 0.367
[2014.12.14-21.27.28:929][754]LogActorComponent: UnregisterComponent: (/Engine/Transient.CharacterMovementComponent_3) Not registered. Aborting.
[2014.12.14-21.27.31:789][754]Cmd: OBJ SAVEPACKAGE PACKAGE="/Game/Maps/FinalLevel" FILE="../../../../../Study-Session/Trial_third_person 4.6/Content/Maps/FinalLevel.umap" SILENT=true AUTOSAVING=false KEEPDIRTY=false
[2014.12.14-21.27.31:965][754]LogSavePackage: Save=110.948425ms
[2014.12.14-21.27.31:965][754]LogSavePackage: Moving '../../../../../Study-Session/Trial_third_person 4.6/Saved/FinalLevel6E3DA4D0470BFDED1F43C885506273E8.tmp' to '../../../../../Study-Session/Trial_third_person 4.6/Content/Maps/FinalLevel.umap'
[2014.12.14-21.27.32:013][754]LogFileHelpers: Saving map 'FinalLevel' took 0.385
[2014.12.14-21.27.32:017][754]Cmd: OBJ SAVEPACKAGE PACKAGE="/Game/MixamoAnimPack/Mixamo_Maw/Mixamo_Maw" FILE="../../../../../Study-Session/Trial_third_person 4.6/Content/MixamoAnimPack/Mixamo_Maw/Mixamo_Maw.uasset" SILENT=true
[2014.12.14-21.27.32:153][754]LogSavePackage: Save=122.247246ms
[2014.12.14-21.27.32:153][754]LogSavePackage: Moving '../../../../../Study-Session/Trial_third_person 4.6/Saved/Mixamo_MawFA1E2CE3475822BBB984FDBF2F86BA83.tmp' to '../../../../../Study-Session/Trial_third_person 4.6/Content/MixamoAnimPack/Mixamo_Maw/Mixamo_Maw.uasset'
[2014.12.14-21.27.33:000][755]Cmd: QUIT_EDITOR
[2014.12.14-21.27.33:660][755]LogExit: Preparing to exit.
[2014.12.14-21.27.34:062][755]LogExit: Editor shut down
[2014.12.14-21.27.34:062][755]LogExit: Transaction tracking system shut down
[2014.12.14-21.27.34:065][755]LogParticles: Destroying 0 GPU particle simulations for FXSystem 0x000000002741F600
[2014.12.14-21.27.34:066][755]LogParticles: Destroying 0 GPU particle simulations for FXSystem 0x000000002741D4E0
[2014.12.14-21.27.34:066][755]LogParticles: Destroying 0 GPU particle simulations for FXSystem 0x00000000234D9E40
[2014.12.14-21.27.34:067][755]LogParticles: Destroying 0 GPU particle simulations for FXSystem 0x000000001951B740
[2014.12.14-21.27.34:117][755]LogExit: Object subsystem successfully closed.
[2014.12.14-21.27.34:167][755]LogModuleManager: Shutting down and abandoning module AndroidDeviceDetection (172)
[2014.12.14-21.27.34:167][755]LogModuleManager: Shutting down and abandoning module CrashTracker (171)
[2014.12.14-21.27.34:167][755]LogModuleManager: Shutting down and abandoning module SuperSearch (170)
[2014.12.14-21.27.34:167][755]LogModuleManager: Shutting down and abandoning module SceneOutliner (169)
[2014.12.14-21.27.34:167][755]LogModuleManager: Shutting down and abandoning module EditorWidgets (168)
[2014.12.14-21.27.34:167][755]LogModuleManager: Shutting down and abandoning module CollectionManager (167)
[2014.12.14-21.27.34:167][755]LogModuleManager: Shutting down and abandoning module StatsViewer (166)
[2014.12.14-21.27.34:167][755]LogModuleManager: Shutting down and abandoning module FoliageEdit (165)
[2014.12.14-21.27.34:167][755]LogModuleManager: Shutting down and abandoning module LandscapeEditor (164)
[2014.12.14-21.27.34:167][755]LogModuleManager: Shutting down and abandoning module MeshPaint (163)
[2014.12.14-21.27.34:167][755]LogModuleManager: Shutting down and abandoning module ActorPickerMode (162)
[2014.12.14-21.27.34:167][755]LogModuleManager: Shutting down and abandoning module GeometryMode (161)
[2014.12.14-21.27.34:167][755]LogModuleManager: Shutting down and abandoning module TextureAlignMode (160)
[2014.12.14-21.27.34:167][755]LogModuleManager: Shutting down and abandoning module BspMode (159)
[2014.12.14-21.27.34:167][755]LogModuleManager: Shutting down and abandoning module PlacementMode (158)
[2014.12.14-21.27.34:168][755]LogModuleManager: Shutting down and abandoning module AutomationWorker (157)
[2014.12.14-21.27.34:168][755]LogModuleManager: Shutting down and abandoning module CharacterAI (156)
[2014.12.14-21.27.34:168][755]LogModuleManager: Shutting down and abandoning module GameProjectGeneration (155)
[2014.12.14-21.27.34:168][755]LogModuleManager: Shutting down and abandoning module IntroTutorials (154)
[2014.12.14-21.27.34:168][755]LogModuleManager: Shutting down and abandoning module EditorLiveStreaming (153)
[2014.12.14-21.27.34:168][755]LogModuleManager: Shutting down and abandoning module HardwareTargeting (152)
[2014.12.14-21.27.34:168][755]LogModuleManager: Shutting down and abandoning module DeviceProfileEditor (151)
[2014.12.14-21.27.34:168][755]LogModuleManager: Shutting down and abandoning module UndoHistory (150)
[2014.12.14-21.27.34:168][755]LogModuleManager: Shutting down and abandoning module GameplayTagsEditor (149)
[2014.12.14-21.27.34:168][755]LogModuleManager: Shutting down and abandoning module UserFeedback (148)
[2014.12.14-21.27.34:168][755]LogModuleManager: Shutting down and abandoning module XmlParser (147)
[2014.12.14-21.27.34:168][755]LogModuleManager: Shutting down and abandoning module Blutility (146)
[2014.12.14-21.27.34:168][755]LogModuleManager: Shutting down and abandoning module IOSPlatformEditor (145)
[2014.12.14-21.27.34:168][755]LogModuleManager: Shutting down and abandoning module IOSRuntimeSettings (144)
[2014.12.14-21.27.34:168][755]LogModuleManager: Shutting down and abandoning module AndroidPlatformEditor (143)
[2014.12.14-21.27.34:168][755]LogModuleManager: Shutting down and abandoning module AndroidRuntimeSettings (142)
[2014.12.14-21.27.34:168][755]LogModuleManager: Shutting down and abandoning module ProjectTargetPlatformEditor (141)
[2014.12.14-21.27.34:168][755]LogModuleManager: Shutting down and abandoning module ProjectSettingsViewer (140)
[2014.12.14-21.27.34:168][755]LogModuleManager: Shutting down and abandoning module InputBindingEditor (139)
[2014.12.14-21.27.34:168][755]LogModuleManager: Shutting down and abandoning module EditorSettingsViewer (138)
[2014.12.14-21.27.34:168][755]LogModuleManager: Shutting down and abandoning module SettingsEditor (137)
[2014.12.14-21.27.34:168][755]LogModuleManager: Shutting down and abandoning module ProjectLauncher (136)
[2014.12.14-21.27.34:168][755]LogModuleManager: Shutting down and abandoning module SessionFrontend (135)
[2014.12.14-21.27.34:168][755]LogModuleManager: Shutting down and abandoning module ProfilerClient (134)
[2014.12.14-21.27.34:168][755]LogModuleManager: Shutting down and abandoning module TargetDeviceServices (133)
[2014.12.14-21.27.34:168][755]LogModuleManager: Shutting down and abandoning module DeviceManager (132)
[2014.12.14-21.27.34:168][755]LogModuleManager: Shutting down and abandoning module AutomationController (131)
[2014.12.14-21.27.34:168][755]LogModuleManager: Shutting down and abandoning module AutomationWindow (130)
[2014.12.14-21.27.34:168][755]LogModuleManager: Shutting down and abandoning module Layers (129)
[2014.12.14-21.27.34:168][755]LogModuleManager: Shutting down and abandoning module ComponentVisualizers (128)
[2014.12.14-21.27.34:168][755]LogModuleManager: Shutting down and abandoning module DetailCustomizations (127)
[2014.12.14-21.27.34:168][755]LogModuleManager: Shutting down and abandoning module PackagesDialog (126)
[2014.12.14-21.27.34:169][755]LogModuleManager: Shutting down and abandoning module AssetRegistry (125)
[2014.12.14-21.27.34:197][755]LogModuleManager: Shutting down and abandoning module Persona (124)
[2014.12.14-21.27.34:197][755]LogModuleManager: Shutting down and abandoning module Kismet (123)
[2014.12.14-21.27.34:197][755]LogModuleManager: Shutting down and abandoning module GraphEditor (122)
[2014.12.14-21.27.34:197][755]LogModuleManager: Shutting down and abandoning module ClassViewer (121)
[2014.12.14-21.27.34:197][755]LogModuleManager: Shutting down and abandoning module Toolbox (120)
[2014.12.14-21.27.34:197][755]LogModuleManager: Shutting down and abandoning module ModuleUI (119)
[2014.12.14-21.27.34:197][755]LogModuleManager: Shutting down and abandoning module MovieSceneTools (118)
[2014.12.14-21.27.34:197][755]LogModuleManager: Shutting down and abandoning module OutputLog (117)
[2014.12.14-21.27.34:197][755]LogModuleManager: Shutting down and abandoning module GammaUI (116)
[2014.12.14-21.27.34:197][755]LogModuleManager: Shutting down and abandoning module Documentation (115)
[2014.12.14-21.27.34:197][755]LogModuleManager: Shutting down and abandoning module GameLiveStreaming (114)
[2014.12.14-21.27.34:197][755]LogModuleManager: Shutting down and abandoning module StreamingPauseRendering (113)
[2014.12.14-21.27.34:197][755]LogModuleManager: Shutting down and abandoning module HTTP (112)
[2014.12.14-21.27.34:197][755]LogModuleManager: Shutting down and abandoning module AnalyticsET (111)
[2014.12.14-21.27.34:197][755]LogModuleManager: Shutting down and abandoning module Analytics (110)
[2014.12.14-21.27.34:197][755]LogModuleManager: Shutting down and abandoning module AITestSuite (109)
[2014.12.14-21.27.34:197][755]LogModuleManager: Shutting down and abandoning module AIModule (108)
[2014.12.14-21.27.34:197][755]LogModuleManager: Shutting down and abandoning module ProfilerService (107)
[2014.12.14-21.27.34:429][755]LogModuleManager: Shutting down and abandoning module TaskGraph (106)
[2014.12.14-21.27.34:429][755]LogModuleManager: Shutting down and abandoning module GameplayDebugger (105)
[2014.12.14-21.27.34:429][755]LogModuleManager: Shutting down and abandoning module SlateRemote (104)
[2014.12.14-21.27.34:429][755]LogModuleManager: Shutting down and abandoning module ScriptEditorPlugin (103)
[2014.12.14-21.27.34:429][755]LogModuleManager: Shutting down and abandoning module CustomMeshComponent (102)
[2014.12.14-21.27.34:429][755]LogModuleManager: Shutting down and abandoning module CableComponent (101)
[2014.12.14-21.27.34:429][755]LogModuleManager: Shutting down and abandoning module MessagingDebugger (100)
[2014.12.14-21.27.34:430][755]LogModuleManager: Shutting down and abandoning module MediaPlayerEditor (99)
[2014.12.14-21.27.34:430][755]LogModuleManager: Shutting down and abandoning module SpeedTreeImporter (98)
[2014.12.14-21.27.34:430][755]LogModuleManager: Shutting down and abandoning module PluginsEditor (97)
[2014.12.14-21.27.34:430][755]LogModuleManager: Shutting down and abandoning module EpicSurvey (96)
[2014.12.14-21.27.34:430][755]LogModuleManager: Shutting down and abandoning module DesktopPlatform (95)
[2014.12.14-21.27.34:430][755]LogModuleManager: Shutting down and abandoning module VisualStudioSourceCodeAccess (94)
[2014.12.14-21.27.34:430][755]LogModuleManager: Shutting down and abandoning module UObjectPlugin (93)
[2014.12.14-21.27.34:430][755]LogModuleManager: Shutting down and abandoning module SubversionSourceControl (92)
[2014.12.14-21.27.34:430][755]LogModuleManager: Shutting down and abandoning module SourceControl (91)
[2014.12.14-21.27.34:430][755]LogModuleManager: Shutting down and abandoning module PerforceSourceControl (90)
[2014.12.14-21.27.34:430][755]LogModuleManager: Shutting down and abandoning module BlankPlugin (89)
[2014.12.14-21.27.34:430][755]LogModuleManager: Shutting down and abandoning module SlateReflector (88)
[2014.12.14-21.27.34:430][755]LogModuleManager: Shutting down and abandoning module DirectoryWatcher (87)
[2014.12.14-21.27.34:431][755]LogModuleManager: Shutting down and abandoning module HotReload (86)
[2014.12.14-21.27.34:431][755]LogModuleManager: Shutting down and abandoning module MainFrame (85)
[2014.12.14-21.27.34:431][755]LogModuleManager: Shutting down and abandoning module LevelEditor (84)
[2014.12.14-21.27.34:434][755]LogModuleManager: Shutting down and abandoning module ViewportSnapping (83)
[2014.12.14-21.27.34:434][755]LogModuleManager: Shutting down and abandoning module SmartSnapping (82)
[2014.12.14-21.27.34:434][755]LogModuleManager: Shutting down and abandoning module PaperTiledImporter (81)
[2014.12.14-21.27.34:434][755]LogModuleManager: Shutting down and abandoning module PaperJsonImporter (80)
[2014.12.14-21.27.34:434][755]LogModuleManager: Shutting down and abandoning module ContentBrowser (79)
[2014.12.14-21.27.34:434][755]LogModuleManager: Shutting down and abandoning module Paper2DEditor (78)
[2014.12.14-21.27.34:434][755]LogModuleManager: Shutting down and abandoning module ScriptPlugin (77)
[2014.12.14-21.27.34:434][755]LogModuleManager: Shutting down and abandoning module UdpMessaging (76)
[2014.12.14-21.27.34:534][755]LogModuleManager: Shutting down and abandoning module Paper2D (75)
[2014.12.14-21.27.34:534][755]LogModuleManager: Shutting down and abandoning module UE4Game (74)
[2014.12.14-21.27.34:534][755]LogModuleManager: Shutting down and abandoning module WindowsMoviePlayer (73)
[2014.12.14-21.27.34:539][755]LogModuleManager: Shutting down and abandoning module Media (72)
[2014.12.14-21.27.34:539][755]LogModuleManager: Shutting down and abandoning module WmfMedia (71)
[2014.12.14-21.27.34:539][755]LogModuleManager: Shutting down and abandoning module OnlineBlueprintSupport (70)
[2014.12.14-21.27.34:539][755]LogModuleManager: Shutting down and abandoning module PropertyEditor (69)
[2014.12.14-21.27.34:539][755]LogModuleManager: Shutting down and abandoning module BehaviorTreeEditor (68)
[2014.12.14-21.27.34:540][755]LogModuleManager: Shutting down and abandoning module FunctionalTesting (67)
[2014.12.14-21.27.34:540][755]LogModuleManager: Shutting down and abandoning module CollisionAnalyzer (66)
[2014.12.14-21.27.34:540][755]LogModuleManager: Shutting down and abandoning module WorkspaceMenuStructure (65)
[2014.12.14-21.27.34:540][755]LogModuleManager: Shutting down and abandoning module MessageLog (64)
[2014.12.14-21.27.34:540][755]LogModuleManager: Shutting down and abandoning module Sequencer (63)
[2014.12.14-21.27.34:540][755]LogModuleManager: Shutting down and abandoning module AssetTools (62)
[2014.12.14-21.27.34:540][755]LogModuleManager: Shutting down and abandoning module UMGEditor (61)
[2014.12.14-21.27.34:540][755]LogModuleManager: Shutting down and abandoning module UMG (60)
[2014.12.14-21.27.34:540][755]LogModuleManager: Shutting down and abandoning module Slate (59)
[2014.12.14-21.27.34:540][755]LogModuleManager: Shutting down and abandoning module EditorStyle (58)
[2014.12.14-21.27.34:548][755]LogModuleManager: Shutting down and abandoning module SessionServices (57)
[2014.12.14-21.27.34:548][755]LogModuleManager: Shutting down and abandoning module SourceCodeAccess (56)
[2014.12.14-21.27.34:548][755]LogModuleManager: Shutting down and abandoning module HeadMountedDisplay (55)
[2014.12.14-21.27.34:548][755]LogModuleManager: Shutting down and abandoning module XAudio2 (54)
[2014.12.14-21.27.34:548][755]LogModuleManager: Shutting down and abandoning module Networking (52)
[2014.12.14-21.27.34:548][755]LogModuleManager: Shutting down and abandoning module Core (51)
[2014.12.14-21.27.34:548][755]LogModuleManager: Shutting down and abandoning module KismetCompiler (50)
[2014.12.14-21.27.34:548][755]LogModuleManager: Shutting down and abandoning module PhysXFormats (49)
[2014.12.14-21.27.34:548][755]LogModuleManager: Shutting down and abandoning module MeshUtilities (48)
[2014.12.14-21.27.34:548][755]LogModuleManager: Shutting down and abandoning module DerivedDataCache (47)
[2014.12.14-21.27.34:555][755]LogDerivedDataCache: Shutdown
[2014.12.14-21.27.34:555][755]LogModuleManager: Shutting down and abandoning module ShaderFormatOpenGL (46)
[2014.12.14-21.27.34:555][755]LogModuleManager: Shutting down and abandoning module ShaderFormatD3D (45)
[2014.12.14-21.27.34:555][755]LogModuleManager: Shutting down and abandoning module MetalShaderFormat (44)
[2014.12.14-21.27.34:555][755]LogModuleManager: Shutting down and abandoning module TextureFormatUncompressed (43)
[2014.12.14-21.27.34:555][755]LogModuleManager: Shutting down and abandoning module TextureFormatPVR (42)
[2014.12.14-21.27.34:555][755]LogModuleManager: Shutting down and abandoning module TextureFormatDXT (41)
[2014.12.14-21.27.34:555][755]LogModuleManager: Shutting down and abandoning module TextureFormatAndroid (40)
[2014.12.14-21.27.34:555][755]LogModuleManager: Shutting down and abandoning module AudioFormatOpus (39)
[2014.12.14-21.27.34:555][755]LogModuleManager: Shutting down and abandoning module AudioFormatOgg (38)
[2014.12.14-21.27.34:555][755]LogModuleManager: Shutting down and abandoning module AudioFormatADPCM (37)
[2014.12.14-21.27.34:555][755]LogModuleManager: Shutting down and abandoning module LinuxTargetPlatform (36)
[2014.12.14-21.27.34:555][755]LogModuleManager: Shutting down and abandoning module LinuxServerTargetPlatform (35)
[2014.12.14-21.27.34:555][755]LogModuleManager: Shutting down and abandoning module LinuxNoEditorTargetPlatform (34)
[2014.12.14-21.27.34:555][755]LogModuleManager: Shutting down and abandoning module Messaging (33)
[2014.12.14-21.27.34:555][755]LogModuleManager: Shutting down and abandoning module IOSTargetPlatform (32)
[2014.12.14-21.27.34:555][755]LogModuleManager: Shutting down and abandoning module Android_PVRTCTargetPlatform (31)
[2014.12.14-21.27.34:555][755]LogModuleManager: Shutting down and abandoning module Android_ETC2TargetPlatform (30)
[2014.12.14-21.27.34:555][755]LogModuleManager: Shutting down and abandoning module Android_ETC1TargetPlatform (29)
[2014.12.14-21.27.34:555][755]LogModuleManager: Shutting down and abandoning module Android_DXTTargetPlatform (28)
[2014.12.14-21.27.34:555][755]LogModuleManager: Shutting down and abandoning module Android_ATCTargetPlatform (27)
[2014.12.14-21.27.34:555][755]LogModuleManager: Shutting down and abandoning module AndroidTargetPlatform (26)
[2014.12.14-21.27.34:555][755]LogModuleManager: Shutting down and abandoning module WindowsTargetPlatform (25)
[2014.12.14-21.27.34:555][755]LogModuleManager: Shutting down and abandoning module WindowsServerTargetPlatform (24)
[2014.12.14-21.27.34:555][755]LogModuleManager: Shutting down and abandoning module WindowsNoEditorTargetPlatform (23)
[2014.12.14-21.27.34:555][755]LogModuleManager: Shutting down and abandoning module WindowsClientTargetPlatform (22)
[2014.12.14-21.27.34:555][755]LogModuleManager: Shutting down and abandoning module TargetPlatform (21)
[2014.12.14-21.27.34:555][755]LogModuleManager: Shutting down and abandoning module InputCore (20)
[2014.12.14-21.27.34:555][755]LogModuleManager: Shutting down and abandoning module Settings (19)
[2014.12.14-21.27.34:555][755]LogModuleManager: Shutting down and abandoning module ImageWrapper (18)
[2014.12.14-21.27.34:555][755]LogModuleManager: Shutting down and abandoning module OculusRift (15)
[2014.12.14-21.27.34:555][755]LogModuleManager: Shutting down and abandoning module ExampleDeviceProfileSelector (14)
[2014.12.14-21.27.34:555][755]LogModuleManager: Shutting down and abandoning module TextureCompressor (13)
[2014.12.14-21.27.34:555][755]LogModuleManager: Shutting down and abandoning module ShaderCore (12)
[2014.12.14-21.27.34:555][755]LogModuleManager: Shutting down and abandoning module Landscape (11)
[2014.12.14-21.27.34:555][755]LogModuleManager: Shutting down and abandoning module SlateRHIRenderer (10)
[2014.12.14-21.27.34:556][755]LogModuleManager: Shutting down and abandoning module OpenGLDrv (9)
[2014.12.14-21.27.34:557][755]LogModuleManager: Shutting down and abandoning module D3D11RHI (8)
[2014.12.14-21.27.34:557][755]LogModuleManager: Shutting down and abandoning module Renderer (7)
[2014.12.14-21.27.34:557][755]LogModuleManager: Shutting down and abandoning module Engine (6)
[2014.12.14-21.27.34:557][755]LogModuleManager: Shutting down and abandoning module CoreUObject (5)
[2014.12.14-21.27.34:557][755]LogModuleManager: Shutting down and abandoning module NetworkFile (4)
[2014.12.14-21.27.34:557][755]LogModuleManager: Shutting down and abandoning module StreamingFile (3)
[2014.12.14-21.27.34:557][755]LogModuleManager: Shutting down and abandoning module SandboxFile (2)
[2014.12.14-21.27.34:557][755]LogModuleManager: Shutting down and abandoning module PakFile (1)
[2014.12.14-21.27.34:557][755]LogExit: Exiting.
[2014.12.14-21.27.34:562][755]Log file closed, 12/14/14 13:27:34
